<?xml version="1.0" encoding="UTF-8" ?>
<testsuite tests="1" failures="0" name="com.niit.junittestcases.ForumCommentDAOTestCase" time="3.236" errors="1" skipped="0">
  <properties>
    <property name="java.runtime.name" value="Java(TM) SE Runtime Environment"/>
    <property name="sun.boot.library.path" value="C:\Program Files\Java\jdk1.8.0_141\jre\bin"/>
    <property name="java.vm.version" value="25.141-b15"/>
    <property name="java.vm.vendor" value="Oracle Corporation"/>
    <property name="maven.multiModuleProjectDirectory" value="E:\ALL-Workspaces\collaboration_project\CollaborationProjectBackend"/>
    <property name="java.vendor.url" value="http://java.oracle.com/"/>
    <property name="path.separator" value=";"/>
    <property name="guice.disable.misplaced.annotation.check" value="true"/>
    <property name="java.vm.name" value="Java HotSpot(TM) 64-Bit Server VM"/>
    <property name="file.encoding.pkg" value="sun.io"/>
    <property name="user.script" value=""/>
    <property name="user.country" value="US"/>
    <property name="sun.java.launcher" value="SUN_STANDARD"/>
    <property name="sun.os.patch.level" value=""/>
    <property name="java.vm.specification.name" value="Java Virtual Machine Specification"/>
    <property name="user.dir" value="E:\ALL-Workspaces\collaboration_project\CollaborationProjectBackend"/>
    <property name="java.runtime.version" value="1.8.0_141-b15"/>
    <property name="java.awt.graphicsenv" value="sun.awt.Win32GraphicsEnvironment"/>
    <property name="java.endorsed.dirs" value="C:\Program Files\Java\jdk1.8.0_141\jre\lib\endorsed"/>
    <property name="os.arch" value="amd64"/>
    <property name="java.io.tmpdir" value="C:\Users\lalak\AppData\Local\Temp\"/>
    <property name="line.separator" value="
"/>
    <property name="java.vm.specification.vendor" value="Oracle Corporation"/>
    <property name="user.variant" value=""/>
    <property name="os.name" value="Windows 10"/>
    <property name="classworlds.conf" value="E:\ALL-Workspaces\collaboration_project\.metadata\.plugins\org.eclipse.m2e.launching\launches\m2conf6416160788384490393.tmp"/>
    <property name="sun.jnu.encoding" value="Cp1252"/>
    <property name="java.library.path" value="C:\Program Files\Java\jdk1.8.0_141\bin;C:\WINDOWS\Sun\Java\bin;C:\WINDOWS\system32;C:\WINDOWS;C:/Program Files/Java/jdk1.8.0_141/bin/../jre/bin/server;C:/Program Files/Java/jdk1.8.0_141/bin/../jre/bin;C:/Program Files/Java/jdk1.8.0_141/bin/../jre/lib/amd64;C:\WINDOWS\system32;C:\WINDOWS;C:\WINDOWS\System32\Wbem;C:\WINDOWS\System32\WindowsPowerShell\v1.0\;C:\apache-maven-3.5.0\bin;E:\DontDisturb\Tomcat9;C:\Program Files\Java\jdk1.8.0_141\bin;C:\Users\lalak\AppData\Local\Microsoft\WindowsApps;;C:\eclipse-jee-oxygen-R-win32-x86_64\eclipse;;."/>
    <property name="java.specification.name" value="Java Platform API Specification"/>
    <property name="java.class.version" value="52.0"/>
    <property name="sun.management.compiler" value="HotSpot 64-Bit Tiered Compilers"/>
    <property name="os.version" value="10.0"/>
    <property name="user.home" value="C:\Users\lalak"/>
    <property name="user.timezone" value="Asia/Calcutta"/>
    <property name="java.awt.printerjob" value="sun.awt.windows.WPrinterJob"/>
    <property name="java.specification.version" value="1.8"/>
    <property name="file.encoding" value="Cp1252"/>
    <property name="user.name" value="lalak"/>
    <property name="java.class.path" value="C:\eclipse-jee-oxygen-R-win32-x86_64\eclipse\plugins\org.eclipse.m2e.maven.runtime_1.8.2.20171007-0216\jars\plexus-classworlds-2.5.2.jar"/>
    <property name="java.vm.specification.version" value="1.8"/>
    <property name="sun.arch.data.model" value="64"/>
    <property name="java.home" value="C:\Program Files\Java\jdk1.8.0_141\jre"/>
    <property name="sun.java.command" value="org.codehaus.plexus.classworlds.launcher.Launcher -B install"/>
    <property name="java.specification.vendor" value="Oracle Corporation"/>
    <property name="user.language" value="en"/>
    <property name="awt.toolkit" value="sun.awt.windows.WToolkit"/>
    <property name="java.vm.info" value="mixed mode"/>
    <property name="java.version" value="1.8.0_141"/>
    <property name="java.ext.dirs" value="C:\Program Files\Java\jdk1.8.0_141\jre\lib\ext;C:\WINDOWS\Sun\Java\lib\ext"/>
    <property name="sun.boot.class.path" value="C:\Program Files\Java\jdk1.8.0_141\jre\lib\resources.jar;C:\Program Files\Java\jdk1.8.0_141\jre\lib\rt.jar;C:\Program Files\Java\jdk1.8.0_141\jre\lib\sunrsasign.jar;C:\Program Files\Java\jdk1.8.0_141\jre\lib\jsse.jar;C:\Program Files\Java\jdk1.8.0_141\jre\lib\jce.jar;C:\Program Files\Java\jdk1.8.0_141\jre\lib\charsets.jar;C:\Program Files\Java\jdk1.8.0_141\jre\lib\jfr.jar;C:\Program Files\Java\jdk1.8.0_141\jre\classes"/>
    <property name="java.vendor" value="Oracle Corporation"/>
    <property name="maven.home" value="E:\ALL-Workspaces\collaboration_project\CollaborationProjectBackend\EMBEDDED"/>
    <property name="file.separator" value="\"/>
    <property name="java.vendor.url.bug" value="http://bugreport.sun.com/bugreport/"/>
    <property name="sun.cpu.endian" value="little"/>
    <property name="sun.io.unicode.encoding" value="UnicodeLittle"/>
    <property name="sun.desktop" value="windows"/>
    <property name="sun.cpu.isalist" value="amd64"/>
  </properties>
  <testcase classname="com.niit.junittestcases.ForumCommentDAOTestCase" name="com.niit.junittestcases.ForumCommentDAOTestCase" time="3.236">
    <error message="Error creating bean with name &apos;blogCommentController&apos;: Unsatisfied dependency expressed through field &apos;session&apos;; nested exception is org.springframework.beans.factory.NoSuchBeanDefinitionException: No qualifying bean of type &apos;javax.servlet.http.HttpSession&apos; available: expected at least 1 bean which qualifies as autowire candidate. Dependency annotations: {@org.springframework.beans.factory.annotation.Autowired(required=true)}" type="org.springframework.beans.factory.UnsatisfiedDependencyException">org.springframework.beans.factory.UnsatisfiedDependencyException: Error creating bean with name &apos;blogCommentController&apos;: Unsatisfied dependency expressed through field &apos;session&apos;; nested exception is org.springframework.beans.factory.NoSuchBeanDefinitionException: No qualifying bean of type &apos;javax.servlet.http.HttpSession&apos; available: expected at least 1 bean which qualifies as autowire candidate. Dependency annotations: {@org.springframework.beans.factory.annotation.Autowired(required=true)}
	at org.springframework.beans.factory.annotation.AutowiredAnnotationBeanPostProcessor$AutowiredFieldElement.inject(AutowiredAnnotationBeanPostProcessor.java:588)
	at org.springframework.beans.factory.annotation.InjectionMetadata.inject(InjectionMetadata.java:88)
	at org.springframework.beans.factory.annotation.AutowiredAnnotationBeanPostProcessor.postProcessPropertyValues(AutowiredAnnotationBeanPostProcessor.java:366)
	at org.springframework.beans.factory.support.AbstractAutowireCapableBeanFactory.populateBean(AbstractAutowireCapableBeanFactory.java:1264)
	at org.springframework.beans.factory.support.AbstractAutowireCapableBeanFactory.doCreateBean(AbstractAutowireCapableBeanFactory.java:553)
	at org.springframework.beans.factory.support.AbstractAutowireCapableBeanFactory.createBean(AbstractAutowireCapableBeanFactory.java:483)
	at org.springframework.beans.factory.support.AbstractBeanFactory$1.getObject(AbstractBeanFactory.java:306)
	at org.springframework.beans.factory.support.DefaultSingletonBeanRegistry.getSingleton(DefaultSingletonBeanRegistry.java:230)
	at org.springframework.beans.factory.support.AbstractBeanFactory.doGetBean(AbstractBeanFactory.java:302)
	at org.springframework.beans.factory.support.AbstractBeanFactory.getBean(AbstractBeanFactory.java:197)
	at org.springframework.beans.factory.support.DefaultListableBeanFactory.preInstantiateSingletons(DefaultListableBeanFactory.java:761)
	at org.springframework.context.support.AbstractApplicationContext.finishBeanFactoryInitialization(AbstractApplicationContext.java:867)
	at org.springframework.context.support.AbstractApplicationContext.refresh(AbstractApplicationContext.java:543)
	at com.niit.junittestcases.ForumCommentDAOTestCase.initialize(ForumCommentDAOTestCase.java:30)
	at sun.reflect.NativeMethodAccessorImpl.invoke0(Native Method)
	at sun.reflect.NativeMethodAccessorImpl.invoke(NativeMethodAccessorImpl.java:62)
	at sun.reflect.DelegatingMethodAccessorImpl.invoke(DelegatingMethodAccessorImpl.java:43)
	at java.lang.reflect.Method.invoke(Method.java:498)
	at org.junit.runners.model.FrameworkMethod$1.runReflectiveCall(FrameworkMethod.java:50)
	at org.junit.internal.runners.model.ReflectiveCallable.run(ReflectiveCallable.java:12)
	at org.junit.runners.model.FrameworkMethod.invokeExplosively(FrameworkMethod.java:47)
	at org.junit.internal.runners.statements.RunBefores.evaluate(RunBefores.java:24)
	at org.junit.runners.ParentRunner.run(ParentRunner.java:363)
	at org.apache.maven.surefire.junit4.JUnit4Provider.execute(JUnit4Provider.java:252)
	at org.apache.maven.surefire.junit4.JUnit4Provider.executeTestSet(JUnit4Provider.java:141)
	at org.apache.maven.surefire.junit4.JUnit4Provider.invoke(JUnit4Provider.java:112)
	at sun.reflect.NativeMethodAccessorImpl.invoke0(Native Method)
	at sun.reflect.NativeMethodAccessorImpl.invoke(NativeMethodAccessorImpl.java:62)
	at sun.reflect.DelegatingMethodAccessorImpl.invoke(DelegatingMethodAccessorImpl.java:43)
	at java.lang.reflect.Method.invoke(Method.java:498)
	at org.apache.maven.surefire.util.ReflectionUtils.invokeMethodWithArray(ReflectionUtils.java:189)
	at org.apache.maven.surefire.booter.ProviderFactory$ProviderProxy.invoke(ProviderFactory.java:165)
	at org.apache.maven.surefire.booter.ProviderFactory.invokeProvider(ProviderFactory.java:85)
	at org.apache.maven.surefire.booter.ForkedBooter.runSuitesInProcess(ForkedBooter.java:115)
	at org.apache.maven.surefire.booter.ForkedBooter.main(ForkedBooter.java:75)
Caused by: org.springframework.beans.factory.NoSuchBeanDefinitionException: No qualifying bean of type &apos;javax.servlet.http.HttpSession&apos; available: expected at least 1 bean which qualifies as autowire candidate. Dependency annotations: {@org.springframework.beans.factory.annotation.Autowired(required=true)}
	at org.springframework.beans.factory.support.DefaultListableBeanFactory.raiseNoMatchingBeanFound(DefaultListableBeanFactory.java:1493)
	at org.springframework.beans.factory.support.DefaultListableBeanFactory.doResolveDependency(DefaultListableBeanFactory.java:1104)
	at org.springframework.beans.factory.support.DefaultListableBeanFactory.resolveDependency(DefaultListableBeanFactory.java:1066)
	at org.springframework.beans.factory.annotation.AutowiredAnnotationBeanPostProcessor$AutowiredFieldElement.inject(AutowiredAnnotationBeanPostProcessor.java:585)
	... 34 more
</error>
    <system-out>17:40:01.090 [main] DEBUG com.niit.config.ApplicationContextConfig - Starting of the method getOracleDataSource
17:40:01.091 [main] DEBUG com.niit.config.ApplicationContextConfig - Setting the data source :null
17:40:01.091 [main] DEBUG com.niit.config.ApplicationContextConfig - Ending of the method getOracleDataSource
17:40:01.094 [main] DEBUG com.niit.config.ApplicationContextConfig - Starting of the method getSessionFactory
17:40:01.095 [main] DEBUG org.hibernate.type.BasicTypeRegistry - Adding type registration boolean -&gt; org.hibernate.type.BooleanType@5a37d3ed
17:40:01.095 [main] DEBUG org.hibernate.type.BasicTypeRegistry - Adding type registration boolean -&gt; org.hibernate.type.BooleanType@5a37d3ed
17:40:01.095 [main] DEBUG org.hibernate.type.BasicTypeRegistry - Adding type registration java.lang.Boolean -&gt; org.hibernate.type.BooleanType@5a37d3ed
17:40:01.095 [main] DEBUG org.hibernate.type.BasicTypeRegistry - Adding type registration numeric_boolean -&gt; org.hibernate.type.NumericBooleanType@52e7a6b2
17:40:01.095 [main] DEBUG org.hibernate.type.BasicTypeRegistry - Adding type registration true_false -&gt; org.hibernate.type.TrueFalseType@6f6745d6
17:40:01.095 [main] DEBUG org.hibernate.type.BasicTypeRegistry - Adding type registration yes_no -&gt; org.hibernate.type.YesNoType@4b5189ac
17:40:01.095 [main] DEBUG org.hibernate.type.BasicTypeRegistry - Adding type registration byte -&gt; org.hibernate.type.ByteType@1acaf3d
17:40:01.095 [main] DEBUG org.hibernate.type.BasicTypeRegistry - Adding type registration byte -&gt; org.hibernate.type.ByteType@1acaf3d
17:40:01.097 [main] DEBUG org.hibernate.type.BasicTypeRegistry - Adding type registration java.lang.Byte -&gt; org.hibernate.type.ByteType@1acaf3d
17:40:01.097 [main] DEBUG org.hibernate.type.BasicTypeRegistry - Adding type registration character -&gt; org.hibernate.type.CharacterType@2b9ed6da
17:40:01.097 [main] DEBUG org.hibernate.type.BasicTypeRegistry - Adding type registration char -&gt; org.hibernate.type.CharacterType@2b9ed6da
17:40:01.097 [main] DEBUG org.hibernate.type.BasicTypeRegistry - Adding type registration java.lang.Character -&gt; org.hibernate.type.CharacterType@2b9ed6da
17:40:01.097 [main] DEBUG org.hibernate.type.BasicTypeRegistry - Adding type registration short -&gt; org.hibernate.type.ShortType@34f6515b
17:40:01.097 [main] DEBUG org.hibernate.type.BasicTypeRegistry - Adding type registration short -&gt; org.hibernate.type.ShortType@34f6515b
17:40:01.098 [main] DEBUG org.hibernate.type.BasicTypeRegistry - Adding type registration java.lang.Short -&gt; org.hibernate.type.ShortType@34f6515b
17:40:01.098 [main] DEBUG org.hibernate.type.BasicTypeRegistry - Adding type registration integer -&gt; org.hibernate.type.IntegerType@57c03d88
17:40:01.098 [main] DEBUG org.hibernate.type.BasicTypeRegistry - Adding type registration int -&gt; org.hibernate.type.IntegerType@57c03d88
17:40:01.098 [main] DEBUG org.hibernate.type.BasicTypeRegistry - Adding type registration java.lang.Integer -&gt; org.hibernate.type.IntegerType@57c03d88
17:40:01.098 [main] DEBUG org.hibernate.type.BasicTypeRegistry - Adding type registration long -&gt; org.hibernate.type.LongType@4f74980d
17:40:01.098 [main] DEBUG org.hibernate.type.BasicTypeRegistry - Adding type registration long -&gt; org.hibernate.type.LongType@4f74980d
17:40:01.098 [main] DEBUG org.hibernate.type.BasicTypeRegistry - Adding type registration java.lang.Long -&gt; org.hibernate.type.LongType@4f74980d
17:40:01.098 [main] DEBUG org.hibernate.type.BasicTypeRegistry - Adding type registration float -&gt; org.hibernate.type.FloatType@57ad2aa7
17:40:01.098 [main] DEBUG org.hibernate.type.BasicTypeRegistry - Adding type registration float -&gt; org.hibernate.type.FloatType@57ad2aa7
17:40:01.099 [main] DEBUG org.hibernate.type.BasicTypeRegistry - Adding type registration java.lang.Float -&gt; org.hibernate.type.FloatType@57ad2aa7
17:40:01.099 [main] DEBUG org.hibernate.type.BasicTypeRegistry - Adding type registration double -&gt; org.hibernate.type.DoubleType@4fbe37eb
17:40:01.099 [main] DEBUG org.hibernate.type.BasicTypeRegistry - Adding type registration double -&gt; org.hibernate.type.DoubleType@4fbe37eb
17:40:01.099 [main] DEBUG org.hibernate.type.BasicTypeRegistry - Adding type registration java.lang.Double -&gt; org.hibernate.type.DoubleType@4fbe37eb
17:40:01.099 [main] DEBUG org.hibernate.type.BasicTypeRegistry - Adding type registration big_decimal -&gt; org.hibernate.type.BigDecimalType@61eaec38
17:40:01.099 [main] DEBUG org.hibernate.type.BasicTypeRegistry - Adding type registration java.math.BigDecimal -&gt; org.hibernate.type.BigDecimalType@61eaec38
17:40:01.099 [main] DEBUG org.hibernate.type.BasicTypeRegistry - Adding type registration big_integer -&gt; org.hibernate.type.BigIntegerType@1205bd62
17:40:01.099 [main] DEBUG org.hibernate.type.BasicTypeRegistry - Adding type registration java.math.BigInteger -&gt; org.hibernate.type.BigIntegerType@1205bd62
17:40:01.099 [main] DEBUG org.hibernate.type.BasicTypeRegistry - Adding type registration string -&gt; org.hibernate.type.StringType@31920ade
17:40:01.099 [main] DEBUG org.hibernate.type.BasicTypeRegistry - Adding type registration java.lang.String -&gt; org.hibernate.type.StringType@31920ade
17:40:01.099 [main] DEBUG org.hibernate.type.BasicTypeRegistry - Adding type registration nstring -&gt; org.hibernate.type.StringNVarcharType@55cf0d14
17:40:01.104 [main] DEBUG org.hibernate.type.BasicTypeRegistry - Adding type registration ncharacter -&gt; org.hibernate.type.CharacterNCharType@1fd14d74
17:40:01.104 [main] DEBUG org.hibernate.type.BasicTypeRegistry - Adding type registration url -&gt; org.hibernate.type.UrlType@1ae8bcbc
17:40:01.104 [main] DEBUG org.hibernate.type.BasicTypeRegistry - Adding type registration java.net.URL -&gt; org.hibernate.type.UrlType@1ae8bcbc
17:40:01.104 [main] DEBUG org.hibernate.type.BasicTypeRegistry - Adding type registration date -&gt; org.hibernate.type.DateType@4b7dc788
17:40:01.105 [main] DEBUG org.hibernate.type.BasicTypeRegistry - Adding type registration java.sql.Date -&gt; org.hibernate.type.DateType@4b7dc788
17:40:01.105 [main] DEBUG org.hibernate.type.BasicTypeRegistry - Adding type registration time -&gt; org.hibernate.type.TimeType@27d5a580
17:40:01.105 [main] DEBUG org.hibernate.type.BasicTypeRegistry - Adding type registration java.sql.Time -&gt; org.hibernate.type.TimeType@27d5a580
17:40:01.105 [main] DEBUG org.hibernate.type.BasicTypeRegistry - Adding type registration timestamp -&gt; org.hibernate.type.TimestampType@19e7a160
17:40:01.105 [main] DEBUG org.hibernate.type.BasicTypeRegistry - Adding type registration java.sql.Timestamp -&gt; org.hibernate.type.TimestampType@19e7a160
17:40:01.105 [main] DEBUG org.hibernate.type.BasicTypeRegistry - Adding type registration java.util.Date -&gt; org.hibernate.type.TimestampType@19e7a160
17:40:01.105 [main] DEBUG org.hibernate.type.BasicTypeRegistry - Adding type registration dbtimestamp -&gt; org.hibernate.type.DbTimestampType@16b2bb0c
17:40:01.105 [main] DEBUG org.hibernate.type.BasicTypeRegistry - Adding type registration calendar -&gt; org.hibernate.type.CalendarType@30bce90b
17:40:01.106 [main] DEBUG org.hibernate.type.BasicTypeRegistry - Adding type registration java.util.Calendar -&gt; org.hibernate.type.CalendarType@30bce90b
17:40:01.106 [main] DEBUG org.hibernate.type.BasicTypeRegistry - Adding type registration java.util.GregorianCalendar -&gt; org.hibernate.type.CalendarType@30bce90b
17:40:01.106 [main] DEBUG org.hibernate.type.BasicTypeRegistry - Adding type registration calendar_date -&gt; org.hibernate.type.CalendarDateType@2474f125
17:40:01.106 [main] DEBUG org.hibernate.type.BasicTypeRegistry - Adding type registration locale -&gt; org.hibernate.type.LocaleType@4eaf3684
17:40:01.106 [main] DEBUG org.hibernate.type.BasicTypeRegistry - Adding type registration java.util.Locale -&gt; org.hibernate.type.LocaleType@4eaf3684
17:40:01.106 [main] DEBUG org.hibernate.type.BasicTypeRegistry - Adding type registration currency -&gt; org.hibernate.type.CurrencyType@b978d10
17:40:01.106 [main] DEBUG org.hibernate.type.BasicTypeRegistry - Adding type registration java.util.Currency -&gt; org.hibernate.type.CurrencyType@b978d10
17:40:01.106 [main] DEBUG org.hibernate.type.BasicTypeRegistry - Adding type registration timezone -&gt; org.hibernate.type.TimeZoneType@6676f6a0
17:40:01.106 [main] DEBUG org.hibernate.type.BasicTypeRegistry - Adding type registration java.util.TimeZone -&gt; org.hibernate.type.TimeZoneType@6676f6a0
17:40:01.107 [main] DEBUG org.hibernate.type.BasicTypeRegistry - Adding type registration class -&gt; org.hibernate.type.ClassType@11f0a5a1
17:40:01.108 [main] DEBUG org.hibernate.type.BasicTypeRegistry - Adding type registration java.lang.Class -&gt; org.hibernate.type.ClassType@11f0a5a1
17:40:01.108 [main] DEBUG org.hibernate.type.BasicTypeRegistry - Adding type registration uuid-binary -&gt; org.hibernate.type.UUIDBinaryType@5a5338df
17:40:01.108 [main] DEBUG org.hibernate.type.BasicTypeRegistry - Adding type registration java.util.UUID -&gt; org.hibernate.type.UUIDBinaryType@5a5338df
17:40:01.108 [main] DEBUG org.hibernate.type.BasicTypeRegistry - Adding type registration uuid-char -&gt; org.hibernate.type.UUIDCharType@5082d622
17:40:01.108 [main] DEBUG org.hibernate.type.BasicTypeRegistry - Adding type registration pg-uuid -&gt; org.hibernate.type.PostgresUUIDType@4278284b
17:40:01.108 [main] DEBUG org.hibernate.type.BasicTypeRegistry - Adding type registration binary -&gt; org.hibernate.type.BinaryType@53251a66
17:40:01.108 [main] DEBUG org.hibernate.type.BasicTypeRegistry - Adding type registration byte[] -&gt; org.hibernate.type.BinaryType@53251a66
17:40:01.108 [main] DEBUG org.hibernate.type.BasicTypeRegistry - Adding type registration [B -&gt; org.hibernate.type.BinaryType@53251a66
17:40:01.109 [main] DEBUG org.hibernate.type.BasicTypeRegistry - Adding type registration wrapper-binary -&gt; org.hibernate.type.WrapperBinaryType@7d898981
17:40:01.109 [main] DEBUG org.hibernate.type.BasicTypeRegistry - Adding type registration Byte[] -&gt; org.hibernate.type.WrapperBinaryType@7d898981
17:40:01.109 [main] DEBUG org.hibernate.type.BasicTypeRegistry - Adding type registration [Ljava.lang.Byte; -&gt; org.hibernate.type.WrapperBinaryType@7d898981
17:40:01.109 [main] DEBUG org.hibernate.type.BasicTypeRegistry - Adding type registration image -&gt; org.hibernate.type.ImageType@6c0d7c83
17:40:01.109 [main] DEBUG org.hibernate.type.BasicTypeRegistry - Adding type registration characters -&gt; org.hibernate.type.CharArrayType@4f6f416f
17:40:01.109 [main] DEBUG org.hibernate.type.BasicTypeRegistry - Adding type registration char[] -&gt; org.hibernate.type.CharArrayType@4f6f416f
17:40:01.109 [main] DEBUG org.hibernate.type.BasicTypeRegistry - Adding type registration [C -&gt; org.hibernate.type.CharArrayType@4f6f416f
17:40:01.109 [main] DEBUG org.hibernate.type.BasicTypeRegistry - Adding type registration wrapper-characters -&gt; org.hibernate.type.CharacterArrayType@7b8b43c7
17:40:01.110 [main] DEBUG org.hibernate.type.BasicTypeRegistry - Adding type registration [Ljava.lang.Character; -&gt; org.hibernate.type.CharacterArrayType@7b8b43c7
17:40:01.110 [main] DEBUG org.hibernate.type.BasicTypeRegistry - Adding type registration Character[] -&gt; org.hibernate.type.CharacterArrayType@7b8b43c7
17:40:01.110 [main] DEBUG org.hibernate.type.BasicTypeRegistry - Adding type registration text -&gt; org.hibernate.type.TextType@7fcf2fc1
17:40:01.110 [main] DEBUG org.hibernate.type.BasicTypeRegistry - Adding type registration ntext -&gt; org.hibernate.type.NTextType@20435c40
17:40:01.110 [main] DEBUG org.hibernate.type.BasicTypeRegistry - Adding type registration blob -&gt; org.hibernate.type.BlobType@4397ad89
17:40:01.110 [main] DEBUG org.hibernate.type.BasicTypeRegistry - Adding type registration java.sql.Blob -&gt; org.hibernate.type.BlobType@4397ad89
17:40:01.111 [main] DEBUG org.hibernate.type.BasicTypeRegistry - Adding type registration materialized_blob -&gt; org.hibernate.type.MaterializedBlobType@6f19ac19
17:40:01.111 [main] DEBUG org.hibernate.type.BasicTypeRegistry - Adding type registration clob -&gt; org.hibernate.type.ClobType@2d778add
17:40:01.111 [main] DEBUG org.hibernate.type.BasicTypeRegistry - Adding type registration java.sql.Clob -&gt; org.hibernate.type.ClobType@2d778add
17:40:01.112 [main] DEBUG org.hibernate.type.BasicTypeRegistry - Adding type registration nclob -&gt; org.hibernate.type.NClobType@7922d892
17:40:01.112 [main] DEBUG org.hibernate.type.BasicTypeRegistry - Adding type registration java.sql.NClob -&gt; org.hibernate.type.NClobType@7922d892
17:40:01.112 [main] DEBUG org.hibernate.type.BasicTypeRegistry - Adding type registration materialized_clob -&gt; org.hibernate.type.MaterializedClobType@50de186c
17:40:01.112 [main] DEBUG org.hibernate.type.BasicTypeRegistry - Adding type registration materialized_nclob -&gt; org.hibernate.type.MaterializedNClobType@51549490
17:40:01.112 [main] DEBUG org.hibernate.type.BasicTypeRegistry - Adding type registration serializable -&gt; org.hibernate.type.SerializableType@7daa0fbd
17:40:01.112 [main] DEBUG org.hibernate.type.BasicTypeRegistry - Adding type registration object -&gt; org.hibernate.type.ObjectType@36b4091c
17:40:01.112 [main] DEBUG org.hibernate.type.BasicTypeRegistry - Adding type registration java.lang.Object -&gt; org.hibernate.type.ObjectType@36b4091c
17:40:01.112 [main] DEBUG org.hibernate.type.BasicTypeRegistry - Adding type registration imm_date -&gt; org.hibernate.type.AdaptedImmutableType@7397c6
17:40:01.112 [main] DEBUG org.hibernate.type.BasicTypeRegistry - Adding type registration imm_time -&gt; org.hibernate.type.AdaptedImmutableType@1abfe081
17:40:01.112 [main] DEBUG org.hibernate.type.BasicTypeRegistry - Adding type registration imm_timestamp -&gt; org.hibernate.type.AdaptedImmutableType@2a685eba
17:40:01.112 [main] DEBUG org.hibernate.type.BasicTypeRegistry - Adding type registration imm_dbtimestamp -&gt; org.hibernate.type.AdaptedImmutableType@c2e3264
17:40:01.113 [main] DEBUG org.hibernate.type.BasicTypeRegistry - Adding type registration imm_calendar -&gt; org.hibernate.type.AdaptedImmutableType@107f4980
17:40:01.114 [main] DEBUG org.hibernate.type.BasicTypeRegistry - Adding type registration imm_calendar_date -&gt; org.hibernate.type.AdaptedImmutableType@75a118e6
17:40:01.114 [main] DEBUG org.hibernate.type.BasicTypeRegistry - Adding type registration imm_binary -&gt; org.hibernate.type.AdaptedImmutableType@1d540566
17:40:01.114 [main] DEBUG org.hibernate.type.BasicTypeRegistry - Adding type registration imm_serializable -&gt; org.hibernate.type.AdaptedImmutableType@6014a9ba
17:40:01.114 [main] DEBUG org.hibernate.id.factory.internal.DefaultIdentifierGeneratorFactory - Registering IdentifierGenerator strategy [uuid2] -&gt; [org.hibernate.id.UUIDGenerator]
17:40:01.114 [main] DEBUG org.hibernate.id.factory.internal.DefaultIdentifierGeneratorFactory - Registering IdentifierGenerator strategy [guid] -&gt; [org.hibernate.id.GUIDGenerator]
17:40:01.114 [main] DEBUG org.hibernate.id.factory.internal.DefaultIdentifierGeneratorFactory - Registering IdentifierGenerator strategy [uuid] -&gt; [org.hibernate.id.UUIDHexGenerator]
17:40:01.115 [main] DEBUG org.hibernate.id.factory.internal.DefaultIdentifierGeneratorFactory - Registering IdentifierGenerator strategy [uuid.hex] -&gt; [org.hibernate.id.UUIDHexGenerator]
17:40:01.115 [main] DEBUG org.hibernate.id.factory.internal.DefaultIdentifierGeneratorFactory - Registering IdentifierGenerator strategy [hilo] -&gt; [org.hibernate.id.TableHiLoGenerator]
17:40:01.115 [main] DEBUG org.hibernate.id.factory.internal.DefaultIdentifierGeneratorFactory - Registering IdentifierGenerator strategy [assigned] -&gt; [org.hibernate.id.Assigned]
17:40:01.115 [main] DEBUG org.hibernate.id.factory.internal.DefaultIdentifierGeneratorFactory - Registering IdentifierGenerator strategy [identity] -&gt; [org.hibernate.id.IdentityGenerator]
17:40:01.115 [main] DEBUG org.hibernate.id.factory.internal.DefaultIdentifierGeneratorFactory - Registering IdentifierGenerator strategy [select] -&gt; [org.hibernate.id.SelectGenerator]
17:40:01.115 [main] DEBUG org.hibernate.id.factory.internal.DefaultIdentifierGeneratorFactory - Registering IdentifierGenerator strategy [sequence] -&gt; [org.hibernate.id.SequenceGenerator]
17:40:01.115 [main] DEBUG org.hibernate.id.factory.internal.DefaultIdentifierGeneratorFactory - Registering IdentifierGenerator strategy [seqhilo] -&gt; [org.hibernate.id.SequenceHiLoGenerator]
17:40:01.116 [main] DEBUG org.hibernate.id.factory.internal.DefaultIdentifierGeneratorFactory - Registering IdentifierGenerator strategy [increment] -&gt; [org.hibernate.id.IncrementGenerator]
17:40:01.116 [main] DEBUG org.hibernate.id.factory.internal.DefaultIdentifierGeneratorFactory - Registering IdentifierGenerator strategy [foreign] -&gt; [org.hibernate.id.ForeignGenerator]
17:40:01.116 [main] DEBUG org.hibernate.id.factory.internal.DefaultIdentifierGeneratorFactory - Registering IdentifierGenerator strategy [sequence-identity] -&gt; [org.hibernate.id.SequenceIdentityGenerator]
17:40:01.116 [main] DEBUG org.hibernate.id.factory.internal.DefaultIdentifierGeneratorFactory - Registering IdentifierGenerator strategy [enhanced-sequence] -&gt; [org.hibernate.id.enhanced.SequenceStyleGenerator]
17:40:01.116 [main] DEBUG org.hibernate.id.factory.internal.DefaultIdentifierGeneratorFactory - Registering IdentifierGenerator strategy [enhanced-table] -&gt; [org.hibernate.id.enhanced.TableGenerator]
17:40:01.116 [main] DEBUG com.niit.config.ApplicationContextConfig - Starting of the method getHibernateProperties
17:40:01.116 [main] DEBUG com.niit.config.ApplicationContextConfig - Ending of the method getHibernateProperties
session factory
17:40:01.191 [main] DEBUG com.niit.config.ApplicationContextConfig - Ending of the method getSessionFactory
17:40:01.191 [main] DEBUG org.hibernate.integrator.internal.IntegratorServiceImpl - Adding Integrator [org.hibernate.cfg.beanvalidation.BeanValidationIntegrator].
17:40:01.191 [main] DEBUG org.hibernate.integrator.internal.IntegratorServiceImpl - Adding Integrator [org.hibernate.secure.spi.JaccIntegrator].
17:40:01.191 [main] DEBUG org.hibernate.integrator.internal.IntegratorServiceImpl - Adding Integrator [org.hibernate.cache.internal.CollectionCacheInvalidator].
17:40:01.192 [main] DEBUG org.hibernate.boot.registry.selector.internal.StrategySelectorImpl - Registering named strategy selector [org.hibernate.dialect.Dialect] : [MySQL5] -&gt; [org.hibernate.dialect.MySQL5Dialect] (replacing [org.hibernate.dialect.MySQL5Dialect])
17:40:01.192 [main] DEBUG org.hibernate.boot.registry.selector.internal.StrategySelectorImpl - Registering named strategy selector [org.hibernate.dialect.Dialect] : [MySQL5InnoDB] -&gt; [org.hibernate.dialect.MySQL5InnoDBDialect] (replacing [org.hibernate.dialect.MySQL5InnoDBDialect])
17:40:01.196 [main] DEBUG org.hibernate.service.spi.ServiceBinding - Overriding existing service binding [org.hibernate.secure.spi.JaccService]
17:40:01.196 [main] DEBUG org.hibernate.cfg.Configuration - Preparing to build session factory with filters : {}
17:40:01.204 [main] DEBUG org.hibernate.engine.jdbc.internal.JdbcServicesImpl - Database -&gt;
       name : H2
    version : 1.4.195 (2017-04-23)
      major : 1
      minor : 4
17:40:01.204 [main] DEBUG org.hibernate.engine.jdbc.internal.JdbcServicesImpl - Driver -&gt;
       name : H2 JDBC Driver
    version : 1.4.195 (2017-04-23)
      major : 1
      minor : 4
17:40:01.204 [main] DEBUG org.hibernate.engine.jdbc.internal.JdbcServicesImpl - JDBC version : 4.0
17:40:01.204 [main] DEBUG org.hibernate.engine.jdbc.cursor.internal.StandardRefCursorSupport - Unexpected error trying to gauge level of JDBC REF_CURSOR support : null
17:40:01.207 [main] INFO org.hibernate.dialect.Dialect - HHH000400: Using dialect: org.hibernate.dialect.H2Dialect
17:40:01.210 [main] DEBUG org.hibernate.cfg.Configuration - Processing hbm.xml files
17:40:01.210 [main] DEBUG org.hibernate.cfg.Configuration - Process annotated classes
17:40:01.211 [main] DEBUG org.hibernate.cfg.AnnotationBinder - Binding entity from annotated class: com.niit.model.Blog
17:40:01.211 [main] DEBUG org.hibernate.cfg.Ejb3Column - Binding column: Ejb3DiscriminatorColumn{logicalColumnName&apos;DTYPE&apos;, discriminatorTypeName=&apos;string&apos;}
17:40:01.211 [main] DEBUG org.hibernate.cfg.AnnotationBinder - No value specified for &apos;javax.persistence.sharedCache.mode&apos;; using UNSPECIFIED
17:40:01.211 [main] DEBUG org.hibernate.cfg.annotations.EntityBinder - Import with entity name Blog
17:40:01.211 [main] DEBUG org.hibernate.cfg.annotations.EntityBinder - Bind entity com.niit.model.Blog on table CBlog
17:40:01.212 [main] DEBUG org.hibernate.cfg.Ejb3Column - Binding column: Ejb3Column{table=org.hibernate.mapping.Table(CBlog), mappingColumn=blogId, insertable=true, updatable=true, unique=false}
17:40:01.213 [main] DEBUG org.hibernate.cfg.annotations.PropertyBinder - MetadataSourceProcessor property blogId with lazy=false
17:40:01.213 [main] DEBUG org.hibernate.cfg.AbstractPropertyHolder - Attempting to locate auto-apply AttributeConverter for property [com.niit.model.Blog:blogId]
17:40:01.213 [main] DEBUG org.hibernate.cfg.annotations.SimpleValueBinder - building SimpleValue for blogId
17:40:01.213 [main] DEBUG org.hibernate.cfg.annotations.PropertyBinder - Building property blogId
17:40:01.214 [main] DEBUG org.hibernate.cfg.Ejb3Column - Binding column: Ejb3Column{table=org.hibernate.mapping.Table(CBlog), mappingColumn=blogContent, insertable=true, updatable=true, unique=false}
17:40:01.215 [main] DEBUG org.hibernate.cfg.annotations.PropertyBinder - MetadataSourceProcessor property blogContent with lazy=false
17:40:01.215 [main] DEBUG org.hibernate.cfg.AbstractPropertyHolder - Attempting to locate auto-apply AttributeConverter for property [com.niit.model.Blog:blogContent]
17:40:01.215 [main] DEBUG org.hibernate.cfg.annotations.SimpleValueBinder - building SimpleValue for blogContent
17:40:01.215 [main] DEBUG org.hibernate.cfg.annotations.PropertyBinder - Building property blogContent
17:40:01.215 [main] DEBUG org.hibernate.cfg.Ejb3Column - Binding column: Ejb3Column{table=org.hibernate.mapping.Table(CBlog), mappingColumn=blogName, insertable=true, updatable=true, unique=false}
17:40:01.216 [main] DEBUG org.hibernate.cfg.annotations.PropertyBinder - MetadataSourceProcessor property blogName with lazy=false
17:40:01.216 [main] DEBUG org.hibernate.cfg.AbstractPropertyHolder - Attempting to locate auto-apply AttributeConverter for property [com.niit.model.Blog:blogName]
17:40:01.216 [main] DEBUG org.hibernate.cfg.annotations.SimpleValueBinder - building SimpleValue for blogName
17:40:01.216 [main] DEBUG org.hibernate.cfg.annotations.PropertyBinder - Building property blogName
17:40:01.216 [main] DEBUG org.hibernate.cfg.Ejb3Column - Binding column: Ejb3Column{table=org.hibernate.mapping.Table(CBlog), mappingColumn=createDate, insertable=true, updatable=true, unique=false}
17:40:01.216 [main] DEBUG org.hibernate.cfg.annotations.PropertyBinder - MetadataSourceProcessor property createDate with lazy=false
17:40:01.216 [main] DEBUG org.hibernate.cfg.AbstractPropertyHolder - Attempting to locate auto-apply AttributeConverter for property [com.niit.model.Blog:createDate]
17:40:01.216 [main] DEBUG org.hibernate.cfg.annotations.SimpleValueBinder - building SimpleValue for createDate
17:40:01.216 [main] DEBUG org.hibernate.cfg.annotations.PropertyBinder - Building property createDate
17:40:01.217 [main] DEBUG org.hibernate.cfg.Ejb3Column - Binding column: Ejb3Column{table=org.hibernate.mapping.Table(CBlog), mappingColumn=likes, insertable=true, updatable=true, unique=false}
17:40:01.218 [main] DEBUG org.hibernate.cfg.annotations.PropertyBinder - MetadataSourceProcessor property likes with lazy=false
17:40:01.218 [main] DEBUG org.hibernate.cfg.AbstractPropertyHolder - Attempting to locate auto-apply AttributeConverter for property [com.niit.model.Blog:likes]
17:40:01.218 [main] DEBUG org.hibernate.cfg.annotations.SimpleValueBinder - building SimpleValue for likes
17:40:01.218 [main] DEBUG org.hibernate.cfg.annotations.PropertyBinder - Building property likes
17:40:01.219 [main] DEBUG org.hibernate.cfg.Ejb3Column - Binding column: Ejb3Column{table=org.hibernate.mapping.Table(CBlog), mappingColumn=remarks, insertable=true, updatable=true, unique=false}
17:40:01.220 [main] DEBUG org.hibernate.cfg.annotations.PropertyBinder - MetadataSourceProcessor property remarks with lazy=false
17:40:01.221 [main] DEBUG org.hibernate.cfg.AbstractPropertyHolder - Attempting to locate auto-apply AttributeConverter for property [com.niit.model.Blog:remarks]
17:40:01.221 [main] DEBUG org.hibernate.cfg.annotations.SimpleValueBinder - building SimpleValue for remarks
17:40:01.221 [main] DEBUG org.hibernate.cfg.annotations.PropertyBinder - Building property remarks
17:40:01.221 [main] DEBUG org.hibernate.cfg.Ejb3Column - Binding column: Ejb3Column{table=org.hibernate.mapping.Table(CBlog), mappingColumn=status, insertable=true, updatable=true, unique=false}
17:40:01.221 [main] DEBUG org.hibernate.cfg.annotations.PropertyBinder - MetadataSourceProcessor property status with lazy=false
17:40:01.222 [main] DEBUG org.hibernate.cfg.AbstractPropertyHolder - Attempting to locate auto-apply AttributeConverter for property [com.niit.model.Blog:status]
17:40:01.222 [main] DEBUG org.hibernate.cfg.annotations.SimpleValueBinder - building SimpleValue for status
17:40:01.222 [main] DEBUG org.hibernate.cfg.annotations.PropertyBinder - Building property status
17:40:01.222 [main] DEBUG org.hibernate.cfg.Ejb3Column - Binding column: Ejb3Column{table=org.hibernate.mapping.Table(CBlog), mappingColumn=userId, insertable=true, updatable=true, unique=false}
17:40:01.222 [main] DEBUG org.hibernate.cfg.annotations.PropertyBinder - MetadataSourceProcessor property userId with lazy=false
17:40:01.222 [main] DEBUG org.hibernate.cfg.AbstractPropertyHolder - Attempting to locate auto-apply AttributeConverter for property [com.niit.model.Blog:userId]
17:40:01.222 [main] DEBUG org.hibernate.cfg.annotations.SimpleValueBinder - building SimpleValue for userId
17:40:01.222 [main] DEBUG org.hibernate.cfg.annotations.PropertyBinder - Building property userId
17:40:01.222 [main] DEBUG org.hibernate.cfg.AnnotationBinder - Binding entity from annotated class: com.niit.model.BlogComment
17:40:01.223 [main] DEBUG org.hibernate.cfg.Ejb3Column - Binding column: Ejb3DiscriminatorColumn{logicalColumnName&apos;DTYPE&apos;, discriminatorTypeName=&apos;string&apos;}
17:40:01.223 [main] DEBUG org.hibernate.cfg.AnnotationBinder - No value specified for &apos;javax.persistence.sharedCache.mode&apos;; using UNSPECIFIED
17:40:01.223 [main] DEBUG org.hibernate.cfg.annotations.EntityBinder - Import with entity name BlogComment
17:40:01.223 [main] DEBUG org.hibernate.cfg.annotations.EntityBinder - Bind entity com.niit.model.BlogComment on table CBlogComment
17:40:01.224 [main] DEBUG org.hibernate.cfg.Ejb3Column - Binding column: Ejb3Column{table=org.hibernate.mapping.Table(CBlogComment), mappingColumn=blogCommentId, insertable=true, updatable=true, unique=false}
17:40:01.224 [main] DEBUG org.hibernate.cfg.annotations.PropertyBinder - MetadataSourceProcessor property blogCommentId with lazy=false
17:40:01.224 [main] DEBUG org.hibernate.cfg.AbstractPropertyHolder - Attempting to locate auto-apply AttributeConverter for property [com.niit.model.BlogComment:blogCommentId]
17:40:01.224 [main] DEBUG org.hibernate.cfg.annotations.SimpleValueBinder - building SimpleValue for blogCommentId
17:40:01.224 [main] DEBUG org.hibernate.cfg.annotations.PropertyBinder - Building property blogCommentId
17:40:01.224 [main] DEBUG org.hibernate.cfg.Ejb3Column - Binding column: Ejb3Column{table=org.hibernate.mapping.Table(CBlogComment), mappingColumn=blogComment, insertable=true, updatable=true, unique=false}
17:40:01.224 [main] DEBUG org.hibernate.cfg.annotations.PropertyBinder - MetadataSourceProcessor property blogComment with lazy=false
17:40:01.224 [main] DEBUG org.hibernate.cfg.AbstractPropertyHolder - Attempting to locate auto-apply AttributeConverter for property [com.niit.model.BlogComment:blogComment]
17:40:01.224 [main] DEBUG org.hibernate.cfg.annotations.SimpleValueBinder - building SimpleValue for blogComment
17:40:01.224 [main] DEBUG org.hibernate.cfg.annotations.PropertyBinder - Building property blogComment
17:40:01.225 [main] DEBUG org.hibernate.cfg.Ejb3Column - Binding column: Ejb3Column{table=org.hibernate.mapping.Table(CBlogComment), mappingColumn=blogId, insertable=true, updatable=true, unique=false}
17:40:01.225 [main] DEBUG org.hibernate.cfg.annotations.PropertyBinder - MetadataSourceProcessor property blogId with lazy=false
17:40:01.225 [main] DEBUG org.hibernate.cfg.AbstractPropertyHolder - Attempting to locate auto-apply AttributeConverter for property [com.niit.model.BlogComment:blogId]
17:40:01.225 [main] DEBUG org.hibernate.cfg.annotations.SimpleValueBinder - building SimpleValue for blogId
17:40:01.225 [main] DEBUG org.hibernate.cfg.annotations.PropertyBinder - Building property blogId
17:40:01.225 [main] DEBUG org.hibernate.cfg.Ejb3Column - Binding column: Ejb3Column{table=org.hibernate.mapping.Table(CBlogComment), mappingColumn=commentDate, insertable=true, updatable=true, unique=false}
17:40:01.225 [main] DEBUG org.hibernate.cfg.annotations.PropertyBinder - MetadataSourceProcessor property commentDate with lazy=false
17:40:01.225 [main] DEBUG org.hibernate.cfg.AbstractPropertyHolder - Attempting to locate auto-apply AttributeConverter for property [com.niit.model.BlogComment:commentDate]
17:40:01.226 [main] DEBUG org.hibernate.cfg.annotations.SimpleValueBinder - building SimpleValue for commentDate
17:40:01.226 [main] DEBUG org.hibernate.cfg.annotations.PropertyBinder - Building property commentDate
17:40:01.226 [main] DEBUG org.hibernate.cfg.Ejb3Column - Binding column: Ejb3Column{table=org.hibernate.mapping.Table(CBlogComment), mappingColumn=userId, insertable=true, updatable=true, unique=false}
17:40:01.226 [main] DEBUG org.hibernate.cfg.annotations.PropertyBinder - MetadataSourceProcessor property userId with lazy=false
17:40:01.226 [main] DEBUG org.hibernate.cfg.AbstractPropertyHolder - Attempting to locate auto-apply AttributeConverter for property [com.niit.model.BlogComment:userId]
17:40:01.226 [main] DEBUG org.hibernate.cfg.annotations.SimpleValueBinder - building SimpleValue for userId
17:40:01.226 [main] DEBUG org.hibernate.cfg.annotations.PropertyBinder - Building property userId
17:40:01.226 [main] DEBUG org.hibernate.cfg.Ejb3Column - Binding column: Ejb3Column{table=org.hibernate.mapping.Table(CBlogComment), mappingColumn=username, insertable=true, updatable=true, unique=false}
17:40:01.227 [main] DEBUG org.hibernate.cfg.annotations.PropertyBinder - MetadataSourceProcessor property username with lazy=false
17:40:01.227 [main] DEBUG org.hibernate.cfg.AbstractPropertyHolder - Attempting to locate auto-apply AttributeConverter for property [com.niit.model.BlogComment:username]
17:40:01.227 [main] DEBUG org.hibernate.cfg.annotations.SimpleValueBinder - building SimpleValue for username
17:40:01.227 [main] DEBUG org.hibernate.cfg.annotations.PropertyBinder - Building property username
17:40:01.227 [main] DEBUG org.hibernate.cfg.AnnotationBinder - Binding entity from annotated class: com.niit.model.ChatForum
17:40:01.227 [main] DEBUG org.hibernate.cfg.Ejb3Column - Binding column: Ejb3DiscriminatorColumn{logicalColumnName&apos;DTYPE&apos;, discriminatorTypeName=&apos;string&apos;}
17:40:01.227 [main] DEBUG org.hibernate.cfg.AnnotationBinder - No value specified for &apos;javax.persistence.sharedCache.mode&apos;; using UNSPECIFIED
17:40:01.227 [main] DEBUG org.hibernate.cfg.annotations.EntityBinder - Import with entity name ChatForum
17:40:01.227 [main] DEBUG org.hibernate.cfg.annotations.EntityBinder - Bind entity com.niit.model.ChatForum on table C_FORUM
17:40:01.228 [main] DEBUG org.hibernate.cfg.Ejb3Column - Binding column: Ejb3Column{table=org.hibernate.mapping.Table(C_FORUM), mappingColumn=id, insertable=true, updatable=true, unique=false}
17:40:01.228 [main] DEBUG org.hibernate.cfg.annotations.PropertyBinder - MetadataSourceProcessor property id with lazy=false
17:40:01.228 [main] DEBUG org.hibernate.cfg.AbstractPropertyHolder - Attempting to locate auto-apply AttributeConverter for property [com.niit.model.ChatForum:id]
17:40:01.228 [main] DEBUG org.hibernate.cfg.annotations.SimpleValueBinder - building SimpleValue for id
17:40:01.228 [main] DEBUG org.hibernate.cfg.annotations.PropertyBinder - Building property id
17:40:01.229 [main] DEBUG org.hibernate.cfg.Ejb3Column - Binding column: Ejb3Column{table=org.hibernate.mapping.Table(C_FORUM), mappingColumn=created_date, insertable=true, updatable=true, unique=false}
17:40:01.229 [main] DEBUG org.hibernate.cfg.annotations.PropertyBinder - MetadataSourceProcessor property createdDate with lazy=false
17:40:01.229 [main] DEBUG org.hibernate.cfg.AbstractPropertyHolder - Attempting to locate auto-apply AttributeConverter for property [com.niit.model.ChatForum:createdDate]
17:40:01.229 [main] DEBUG org.hibernate.cfg.annotations.SimpleValueBinder - building SimpleValue for createdDate
17:40:01.229 [main] DEBUG org.hibernate.cfg.annotations.PropertyBinder - Building property createdDate
17:40:01.229 [main] DEBUG org.hibernate.cfg.Ejb3Column - Binding column: Ejb3Column{table=org.hibernate.mapping.Table(C_FORUM), mappingColumn=message, insertable=true, updatable=true, unique=false}
17:40:01.229 [main] DEBUG org.hibernate.cfg.annotations.PropertyBinder - MetadataSourceProcessor property message with lazy=false
17:40:01.229 [main] DEBUG org.hibernate.cfg.AbstractPropertyHolder - Attempting to locate auto-apply AttributeConverter for property [com.niit.model.ChatForum:message]
17:40:01.229 [main] DEBUG org.hibernate.cfg.annotations.SimpleValueBinder - building SimpleValue for message
17:40:01.229 [main] DEBUG org.hibernate.cfg.annotations.PropertyBinder - Building property message
17:40:01.230 [main] DEBUG org.hibernate.cfg.Ejb3Column - Binding column: Ejb3Column{table=org.hibernate.mapping.Table(C_FORUM), mappingColumn=user_id, insertable=true, updatable=true, unique=false}
17:40:01.230 [main] DEBUG org.hibernate.cfg.annotations.PropertyBinder - MetadataSourceProcessor property userID with lazy=false
17:40:01.230 [main] DEBUG org.hibernate.cfg.AbstractPropertyHolder - Attempting to locate auto-apply AttributeConverter for property [com.niit.model.ChatForum:userID]
17:40:01.230 [main] DEBUG org.hibernate.cfg.annotations.SimpleValueBinder - building SimpleValue for userID
17:40:01.230 [main] DEBUG org.hibernate.cfg.annotations.PropertyBinder - Building property userID
17:40:01.230 [main] DEBUG org.hibernate.cfg.AnnotationBinder - Binding entity from annotated class: com.niit.model.FileUpload
17:40:01.231 [main] DEBUG org.hibernate.cfg.Ejb3Column - Binding column: Ejb3DiscriminatorColumn{logicalColumnName&apos;DTYPE&apos;, discriminatorTypeName=&apos;string&apos;}
17:40:01.231 [main] DEBUG org.hibernate.cfg.AnnotationBinder - No value specified for &apos;javax.persistence.sharedCache.mode&apos;; using UNSPECIFIED
17:40:01.231 [main] DEBUG org.hibernate.cfg.annotations.EntityBinder - Import with entity name FileUpload
17:40:01.231 [main] DEBUG org.hibernate.cfg.annotations.EntityBinder - Bind entity com.niit.model.FileUpload on table CProfilePic
17:40:01.232 [main] DEBUG org.hibernate.cfg.Ejb3Column - Binding column: Ejb3Column{table=org.hibernate.mapping.Table(CProfilePic), mappingColumn=ProfilePicsId, insertable=true, updatable=true, unique=false}
17:40:01.232 [main] DEBUG org.hibernate.cfg.annotations.PropertyBinder - MetadataSourceProcessor property id with lazy=false
17:40:01.232 [main] DEBUG org.hibernate.cfg.AbstractPropertyHolder - Attempting to locate auto-apply AttributeConverter for property [com.niit.model.FileUpload:id]
17:40:01.233 [main] DEBUG org.hibernate.cfg.annotations.SimpleValueBinder - building SimpleValue for id
17:40:01.233 [main] DEBUG org.hibernate.cfg.annotations.PropertyBinder - Building property id
17:40:01.234 [main] DEBUG org.hibernate.cfg.Ejb3Column - Binding column: Ejb3Column{table=org.hibernate.mapping.Table(CProfilePic), mappingColumn=filedata, insertable=true, updatable=true, unique=false}
17:40:01.235 [main] DEBUG org.hibernate.cfg.annotations.PropertyBinder - MetadataSourceProcessor property filedata with lazy=false
17:40:01.235 [main] DEBUG org.hibernate.cfg.AbstractPropertyHolder - Attempting to locate auto-apply AttributeConverter for property [com.niit.model.FileUpload:filedata]
17:40:01.235 [main] DEBUG org.hibernate.cfg.annotations.SimpleValueBinder - building SimpleValue for filedata
17:40:01.235 [main] DEBUG org.hibernate.cfg.annotations.PropertyBinder - Building property filedata
17:40:01.235 [main] DEBUG org.hibernate.cfg.Ejb3Column - Binding column: Ejb3Column{table=org.hibernate.mapping.Table(CProfilePic), mappingColumn=filename, insertable=true, updatable=true, unique=false}
17:40:01.236 [main] DEBUG org.hibernate.cfg.annotations.PropertyBinder - MetadataSourceProcessor property filename with lazy=false
17:40:01.236 [main] DEBUG org.hibernate.cfg.AbstractPropertyHolder - Attempting to locate auto-apply AttributeConverter for property [com.niit.model.FileUpload:filename]
17:40:01.236 [main] DEBUG org.hibernate.cfg.annotations.SimpleValueBinder - building SimpleValue for filename
17:40:01.256 [main] DEBUG org.hibernate.cfg.annotations.PropertyBinder - Building property filename
17:40:01.257 [main] DEBUG org.hibernate.cfg.Ejb3Column - Binding column: Ejb3Column{table=org.hibernate.mapping.Table(CProfilePic), mappingColumn=userId, insertable=true, updatable=true, unique=false}
17:40:01.258 [main] DEBUG org.hibernate.cfg.annotations.PropertyBinder - MetadataSourceProcessor property userId with lazy=false
17:40:01.258 [main] DEBUG org.hibernate.cfg.AbstractPropertyHolder - Attempting to locate auto-apply AttributeConverter for property [com.niit.model.FileUpload:userId]
17:40:01.258 [main] DEBUG org.hibernate.cfg.annotations.SimpleValueBinder - building SimpleValue for userId
17:40:01.258 [main] DEBUG org.hibernate.cfg.annotations.PropertyBinder - Building property userId
17:40:01.258 [main] DEBUG org.hibernate.cfg.AnnotationBinder - Binding entity from annotated class: com.niit.model.Forum
17:40:01.258 [main] DEBUG org.hibernate.cfg.Ejb3Column - Binding column: Ejb3DiscriminatorColumn{logicalColumnName&apos;DTYPE&apos;, discriminatorTypeName=&apos;string&apos;}
17:40:01.259 [main] DEBUG org.hibernate.cfg.AnnotationBinder - No value specified for &apos;javax.persistence.sharedCache.mode&apos;; using UNSPECIFIED
17:40:01.259 [main] DEBUG org.hibernate.cfg.annotations.EntityBinder - Import with entity name Forum
17:40:01.259 [main] DEBUG org.hibernate.cfg.annotations.EntityBinder - Bind entity com.niit.model.Forum on table CForum
17:40:01.261 [main] DEBUG org.hibernate.cfg.Ejb3Column - Binding column: Ejb3Column{table=org.hibernate.mapping.Table(CForum), mappingColumn=forumId, insertable=true, updatable=true, unique=false}
17:40:01.261 [main] DEBUG org.hibernate.cfg.annotations.PropertyBinder - MetadataSourceProcessor property forumId with lazy=false
17:40:01.261 [main] DEBUG org.hibernate.cfg.AbstractPropertyHolder - Attempting to locate auto-apply AttributeConverter for property [com.niit.model.Forum:forumId]
17:40:01.261 [main] DEBUG org.hibernate.cfg.annotations.SimpleValueBinder - building SimpleValue for forumId
17:40:01.261 [main] DEBUG org.hibernate.cfg.annotations.PropertyBinder - Building property forumId
17:40:01.261 [main] DEBUG org.hibernate.cfg.Ejb3Column - Binding column: Ejb3Column{table=org.hibernate.mapping.Table(CForum), mappingColumn=createDate, insertable=true, updatable=true, unique=false}
17:40:01.261 [main] DEBUG org.hibernate.cfg.annotations.PropertyBinder - MetadataSourceProcessor property createDate with lazy=false
17:40:01.261 [main] DEBUG org.hibernate.cfg.AbstractPropertyHolder - Attempting to locate auto-apply AttributeConverter for property [com.niit.model.Forum:createDate]
17:40:01.262 [main] DEBUG org.hibernate.cfg.annotations.SimpleValueBinder - building SimpleValue for createDate
17:40:01.262 [main] DEBUG org.hibernate.cfg.annotations.PropertyBinder - Building property createDate
17:40:01.262 [main] DEBUG org.hibernate.cfg.Ejb3Column - Binding column: Ejb3Column{table=org.hibernate.mapping.Table(CForum), mappingColumn=forumContent, insertable=true, updatable=true, unique=false}
17:40:01.262 [main] DEBUG org.hibernate.cfg.annotations.PropertyBinder - MetadataSourceProcessor property forumContent with lazy=false
17:40:01.262 [main] DEBUG org.hibernate.cfg.AbstractPropertyHolder - Attempting to locate auto-apply AttributeConverter for property [com.niit.model.Forum:forumContent]
17:40:01.262 [main] DEBUG org.hibernate.cfg.annotations.SimpleValueBinder - building SimpleValue for forumContent
17:40:01.262 [main] DEBUG org.hibernate.cfg.annotations.PropertyBinder - Building property forumContent
17:40:01.262 [main] DEBUG org.hibernate.cfg.Ejb3Column - Binding column: Ejb3Column{table=org.hibernate.mapping.Table(CForum), mappingColumn=forumName, insertable=true, updatable=true, unique=false}
17:40:01.262 [main] DEBUG org.hibernate.cfg.annotations.PropertyBinder - MetadataSourceProcessor property forumName with lazy=false
17:40:01.262 [main] DEBUG org.hibernate.cfg.AbstractPropertyHolder - Attempting to locate auto-apply AttributeConverter for property [com.niit.model.Forum:forumName]
17:40:01.262 [main] DEBUG org.hibernate.cfg.annotations.SimpleValueBinder - building SimpleValue for forumName
17:40:01.262 [main] DEBUG org.hibernate.cfg.annotations.PropertyBinder - Building property forumName
17:40:01.263 [main] DEBUG org.hibernate.cfg.Ejb3Column - Binding column: Ejb3Column{table=org.hibernate.mapping.Table(CForum), mappingColumn=remarks, insertable=true, updatable=true, unique=false}
17:40:01.263 [main] DEBUG org.hibernate.cfg.annotations.PropertyBinder - MetadataSourceProcessor property remarks with lazy=false
17:40:01.263 [main] DEBUG org.hibernate.cfg.AbstractPropertyHolder - Attempting to locate auto-apply AttributeConverter for property [com.niit.model.Forum:remarks]
17:40:01.263 [main] DEBUG org.hibernate.cfg.annotations.SimpleValueBinder - building SimpleValue for remarks
17:40:01.263 [main] DEBUG org.hibernate.cfg.annotations.PropertyBinder - Building property remarks
17:40:01.264 [main] DEBUG org.hibernate.cfg.Ejb3Column - Binding column: Ejb3Column{table=org.hibernate.mapping.Table(CForum), mappingColumn=status, insertable=true, updatable=true, unique=false}
17:40:01.264 [main] DEBUG org.hibernate.cfg.annotations.PropertyBinder - MetadataSourceProcessor property status with lazy=false
17:40:01.265 [main] DEBUG org.hibernate.cfg.AbstractPropertyHolder - Attempting to locate auto-apply AttributeConverter for property [com.niit.model.Forum:status]
17:40:01.265 [main] DEBUG org.hibernate.cfg.annotations.SimpleValueBinder - building SimpleValue for status
17:40:01.265 [main] DEBUG org.hibernate.cfg.annotations.PropertyBinder - Building property status
17:40:01.266 [main] DEBUG org.hibernate.cfg.Ejb3Column - Binding column: Ejb3Column{table=org.hibernate.mapping.Table(CForum), mappingColumn=userId, insertable=true, updatable=true, unique=false}
17:40:01.266 [main] DEBUG org.hibernate.cfg.annotations.PropertyBinder - MetadataSourceProcessor property userId with lazy=false
17:40:01.266 [main] DEBUG org.hibernate.cfg.AbstractPropertyHolder - Attempting to locate auto-apply AttributeConverter for property [com.niit.model.Forum:userId]
17:40:01.266 [main] DEBUG org.hibernate.cfg.annotations.SimpleValueBinder - building SimpleValue for userId
17:40:01.267 [main] DEBUG org.hibernate.cfg.annotations.PropertyBinder - Building property userId
17:40:01.270 [main] DEBUG org.hibernate.cfg.AnnotationBinder - Binding entity from annotated class: com.niit.model.ForumComment
17:40:01.271 [main] DEBUG org.hibernate.cfg.Ejb3Column - Binding column: Ejb3DiscriminatorColumn{logicalColumnName&apos;DTYPE&apos;, discriminatorTypeName=&apos;string&apos;}
17:40:01.271 [main] DEBUG org.hibernate.cfg.AnnotationBinder - No value specified for &apos;javax.persistence.sharedCache.mode&apos;; using UNSPECIFIED
17:40:01.271 [main] DEBUG org.hibernate.cfg.annotations.EntityBinder - Import with entity name ForumComment
17:40:01.271 [main] DEBUG org.hibernate.cfg.annotations.EntityBinder - Bind entity com.niit.model.ForumComment on table CForumComment
17:40:01.272 [main] DEBUG org.hibernate.cfg.Ejb3Column - Binding column: Ejb3Column{table=org.hibernate.mapping.Table(CForumComment), mappingColumn=forumCommentId, insertable=true, updatable=true, unique=false}
17:40:01.272 [main] DEBUG org.hibernate.cfg.annotations.PropertyBinder - MetadataSourceProcessor property forumCommentId with lazy=false
17:40:01.272 [main] DEBUG org.hibernate.cfg.AbstractPropertyHolder - Attempting to locate auto-apply AttributeConverter for property [com.niit.model.ForumComment:forumCommentId]
17:40:01.272 [main] DEBUG org.hibernate.cfg.annotations.SimpleValueBinder - building SimpleValue for forumCommentId
17:40:01.272 [main] DEBUG org.hibernate.cfg.annotations.PropertyBinder - Building property forumCommentId
17:40:01.272 [main] DEBUG org.hibernate.cfg.Ejb3Column - Binding column: Ejb3Column{table=org.hibernate.mapping.Table(CForumComment), mappingColumn=commentDate, insertable=true, updatable=true, unique=false}
17:40:01.272 [main] DEBUG org.hibernate.cfg.annotations.PropertyBinder - MetadataSourceProcessor property commentDate with lazy=false
17:40:01.272 [main] DEBUG org.hibernate.cfg.AbstractPropertyHolder - Attempting to locate auto-apply AttributeConverter for property [com.niit.model.ForumComment:commentDate]
17:40:01.272 [main] DEBUG org.hibernate.cfg.annotations.SimpleValueBinder - building SimpleValue for commentDate
17:40:01.272 [main] DEBUG org.hibernate.cfg.annotations.PropertyBinder - Building property commentDate
17:40:01.273 [main] DEBUG org.hibernate.cfg.Ejb3Column - Binding column: Ejb3Column{table=org.hibernate.mapping.Table(CForumComment), mappingColumn=forumComment, insertable=true, updatable=true, unique=false}
17:40:01.273 [main] DEBUG org.hibernate.cfg.annotations.PropertyBinder - MetadataSourceProcessor property forumComment with lazy=false
17:40:01.273 [main] DEBUG org.hibernate.cfg.AbstractPropertyHolder - Attempting to locate auto-apply AttributeConverter for property [com.niit.model.ForumComment:forumComment]
17:40:01.273 [main] DEBUG org.hibernate.cfg.annotations.SimpleValueBinder - building SimpleValue for forumComment
17:40:01.273 [main] DEBUG org.hibernate.cfg.annotations.PropertyBinder - Building property forumComment
17:40:01.273 [main] DEBUG org.hibernate.cfg.Ejb3Column - Binding column: Ejb3Column{table=org.hibernate.mapping.Table(CForumComment), mappingColumn=forumId, insertable=true, updatable=true, unique=false}
17:40:01.274 [main] DEBUG org.hibernate.cfg.annotations.PropertyBinder - MetadataSourceProcessor property forumId with lazy=false
17:40:01.274 [main] DEBUG org.hibernate.cfg.AbstractPropertyHolder - Attempting to locate auto-apply AttributeConverter for property [com.niit.model.ForumComment:forumId]
17:40:01.274 [main] DEBUG org.hibernate.cfg.annotations.SimpleValueBinder - building SimpleValue for forumId
17:40:01.274 [main] DEBUG org.hibernate.cfg.annotations.PropertyBinder - Building property forumId
17:40:01.274 [main] DEBUG org.hibernate.cfg.Ejb3Column - Binding column: Ejb3Column{table=org.hibernate.mapping.Table(CForumComment), mappingColumn=userId, insertable=true, updatable=true, unique=false}
17:40:01.274 [main] DEBUG org.hibernate.cfg.annotations.PropertyBinder - MetadataSourceProcessor property userId with lazy=false
17:40:01.274 [main] DEBUG org.hibernate.cfg.AbstractPropertyHolder - Attempting to locate auto-apply AttributeConverter for property [com.niit.model.ForumComment:userId]
17:40:01.275 [main] DEBUG org.hibernate.cfg.annotations.SimpleValueBinder - building SimpleValue for userId
17:40:01.275 [main] DEBUG org.hibernate.cfg.annotations.PropertyBinder - Building property userId
17:40:01.275 [main] DEBUG org.hibernate.cfg.Ejb3Column - Binding column: Ejb3Column{table=org.hibernate.mapping.Table(CForumComment), mappingColumn=username, insertable=true, updatable=true, unique=false}
17:40:01.275 [main] DEBUG org.hibernate.cfg.annotations.PropertyBinder - MetadataSourceProcessor property username with lazy=false
17:40:01.275 [main] DEBUG org.hibernate.cfg.AbstractPropertyHolder - Attempting to locate auto-apply AttributeConverter for property [com.niit.model.ForumComment:username]
17:40:01.275 [main] DEBUG org.hibernate.cfg.annotations.SimpleValueBinder - building SimpleValue for username
17:40:01.275 [main] DEBUG org.hibernate.cfg.annotations.PropertyBinder - Building property username
17:40:01.275 [main] DEBUG org.hibernate.cfg.AnnotationBinder - Binding entity from annotated class: com.niit.model.Friend
17:40:01.276 [main] DEBUG org.hibernate.cfg.Ejb3Column - Binding column: Ejb3DiscriminatorColumn{logicalColumnName&apos;DTYPE&apos;, discriminatorTypeName=&apos;string&apos;}
17:40:01.276 [main] DEBUG org.hibernate.cfg.AnnotationBinder - No value specified for &apos;javax.persistence.sharedCache.mode&apos;; using UNSPECIFIED
17:40:01.276 [main] DEBUG org.hibernate.cfg.annotations.EntityBinder - Import with entity name Friend
17:40:01.276 [main] DEBUG org.hibernate.cfg.annotations.EntityBinder - Bind entity com.niit.model.Friend on table CFriend
17:40:01.283 [main] DEBUG org.hibernate.cfg.Ejb3Column - Binding column: Ejb3Column{table=org.hibernate.mapping.Table(CFriend), mappingColumn=tableId, insertable=true, updatable=true, unique=false}
17:40:01.284 [main] DEBUG org.hibernate.cfg.annotations.PropertyBinder - MetadataSourceProcessor property tableId with lazy=false
17:40:01.284 [main] DEBUG org.hibernate.cfg.AbstractPropertyHolder - Attempting to locate auto-apply AttributeConverter for property [com.niit.model.Friend:tableId]
17:40:01.284 [main] DEBUG org.hibernate.cfg.annotations.SimpleValueBinder - building SimpleValue for tableId
17:40:01.284 [main] DEBUG org.hibernate.cfg.annotations.PropertyBinder - Building property tableId
17:40:01.285 [main] DEBUG org.hibernate.cfg.Ejb3Column - Binding column: Ejb3Column{table=org.hibernate.mapping.Table(CFriend), mappingColumn=friendId, insertable=true, updatable=true, unique=false}
17:40:01.285 [main] DEBUG org.hibernate.cfg.annotations.PropertyBinder - MetadataSourceProcessor property friendId with lazy=false
17:40:01.285 [main] DEBUG org.hibernate.cfg.AbstractPropertyHolder - Attempting to locate auto-apply AttributeConverter for property [com.niit.model.Friend:friendId]
17:40:01.285 [main] DEBUG org.hibernate.cfg.annotations.SimpleValueBinder - building SimpleValue for friendId
17:40:01.285 [main] DEBUG org.hibernate.cfg.annotations.PropertyBinder - Building property friendId
17:40:01.285 [main] DEBUG org.hibernate.cfg.Ejb3Column - Binding column: Ejb3Column{table=org.hibernate.mapping.Table(CFriend), mappingColumn=isOnline, insertable=true, updatable=true, unique=false}
17:40:01.286 [main] DEBUG org.hibernate.cfg.annotations.PropertyBinder - MetadataSourceProcessor property isOnline with lazy=false
17:40:01.286 [main] DEBUG org.hibernate.cfg.AbstractPropertyHolder - Attempting to locate auto-apply AttributeConverter for property [com.niit.model.Friend:isOnline]
17:40:01.286 [main] DEBUG org.hibernate.cfg.annotations.SimpleValueBinder - building SimpleValue for isOnline
17:40:01.287 [main] DEBUG org.hibernate.cfg.annotations.PropertyBinder - Building property isOnline
17:40:01.287 [main] DEBUG org.hibernate.cfg.Ejb3Column - Binding column: Ejb3Column{table=org.hibernate.mapping.Table(CFriend), mappingColumn=status, insertable=true, updatable=true, unique=false}
17:40:01.287 [main] DEBUG org.hibernate.cfg.annotations.PropertyBinder - MetadataSourceProcessor property status with lazy=false
17:40:01.288 [main] DEBUG org.hibernate.cfg.AbstractPropertyHolder - Attempting to locate auto-apply AttributeConverter for property [com.niit.model.Friend:status]
17:40:01.288 [main] DEBUG org.hibernate.cfg.annotations.SimpleValueBinder - building SimpleValue for status
17:40:01.288 [main] DEBUG org.hibernate.cfg.annotations.PropertyBinder - Building property status
17:40:01.288 [main] DEBUG org.hibernate.cfg.Ejb3Column - Binding column: Ejb3Column{table=org.hibernate.mapping.Table(CFriend), mappingColumn=userId, insertable=true, updatable=true, unique=false}
17:40:01.288 [main] DEBUG org.hibernate.cfg.annotations.PropertyBinder - MetadataSourceProcessor property userId with lazy=false
17:40:01.288 [main] DEBUG org.hibernate.cfg.AbstractPropertyHolder - Attempting to locate auto-apply AttributeConverter for property [com.niit.model.Friend:userId]
17:40:01.289 [main] DEBUG org.hibernate.cfg.annotations.SimpleValueBinder - building SimpleValue for userId
17:40:01.290 [main] DEBUG org.hibernate.cfg.annotations.PropertyBinder - Building property userId
17:40:01.290 [main] DEBUG org.hibernate.cfg.AnnotationBinder - Binding entity from annotated class: com.niit.model.Job
17:40:01.290 [main] DEBUG org.hibernate.cfg.Ejb3Column - Binding column: Ejb3DiscriminatorColumn{logicalColumnName&apos;DTYPE&apos;, discriminatorTypeName=&apos;string&apos;}
17:40:01.290 [main] DEBUG org.hibernate.cfg.AnnotationBinder - No value specified for &apos;javax.persistence.sharedCache.mode&apos;; using UNSPECIFIED
17:40:01.290 [main] DEBUG org.hibernate.cfg.annotations.EntityBinder - Import with entity name Job
17:40:01.291 [main] DEBUG org.hibernate.cfg.annotations.EntityBinder - Bind entity com.niit.model.Job on table CJob
17:40:01.291 [main] DEBUG org.hibernate.cfg.Ejb3Column - Binding column: Ejb3Column{table=org.hibernate.mapping.Table(CJob), mappingColumn=jobId, insertable=true, updatable=true, unique=false}
17:40:01.292 [main] DEBUG org.hibernate.cfg.annotations.PropertyBinder - MetadataSourceProcessor property jobId with lazy=false
17:40:01.292 [main] DEBUG org.hibernate.cfg.AbstractPropertyHolder - Attempting to locate auto-apply AttributeConverter for property [com.niit.model.Job:jobId]
17:40:01.292 [main] DEBUG org.hibernate.cfg.annotations.SimpleValueBinder - building SimpleValue for jobId
17:40:01.292 [main] DEBUG org.hibernate.cfg.annotations.PropertyBinder - Building property jobId
17:40:01.292 [main] DEBUG org.hibernate.cfg.Ejb3Column - Binding column: Ejb3Column{table=org.hibernate.mapping.Table(CJob), mappingColumn=createDate, insertable=true, updatable=true, unique=false}
17:40:01.292 [main] DEBUG org.hibernate.cfg.annotations.PropertyBinder - MetadataSourceProcessor property createDate with lazy=false
17:40:01.292 [main] DEBUG org.hibernate.cfg.AbstractPropertyHolder - Attempting to locate auto-apply AttributeConverter for property [com.niit.model.Job:createDate]
17:40:01.293 [main] DEBUG org.hibernate.cfg.annotations.SimpleValueBinder - building SimpleValue for createDate
17:40:01.293 [main] DEBUG org.hibernate.cfg.annotations.PropertyBinder - Building property createDate
17:40:01.293 [main] DEBUG org.hibernate.cfg.Ejb3Column - Binding column: Ejb3Column{table=org.hibernate.mapping.Table(CJob), mappingColumn=jobDescription, insertable=true, updatable=true, unique=false}
17:40:01.293 [main] DEBUG org.hibernate.cfg.annotations.PropertyBinder - MetadataSourceProcessor property jobDescription with lazy=false
17:40:01.293 [main] DEBUG org.hibernate.cfg.AbstractPropertyHolder - Attempting to locate auto-apply AttributeConverter for property [com.niit.model.Job:jobDescription]
17:40:01.293 [main] DEBUG org.hibernate.cfg.annotations.SimpleValueBinder - building SimpleValue for jobDescription
17:40:01.293 [main] DEBUG org.hibernate.cfg.annotations.PropertyBinder - Building property jobDescription
17:40:01.294 [main] DEBUG org.hibernate.cfg.Ejb3Column - Binding column: Ejb3Column{table=org.hibernate.mapping.Table(CJob), mappingColumn=jobQualification, insertable=true, updatable=true, unique=false}
17:40:01.294 [main] DEBUG org.hibernate.cfg.annotations.PropertyBinder - MetadataSourceProcessor property jobQualification with lazy=false
17:40:01.294 [main] DEBUG org.hibernate.cfg.AbstractPropertyHolder - Attempting to locate auto-apply AttributeConverter for property [com.niit.model.Job:jobQualification]
17:40:01.294 [main] DEBUG org.hibernate.cfg.annotations.SimpleValueBinder - building SimpleValue for jobQualification
17:40:01.294 [main] DEBUG org.hibernate.cfg.annotations.PropertyBinder - Building property jobQualification
17:40:01.294 [main] DEBUG org.hibernate.cfg.Ejb3Column - Binding column: Ejb3Column{table=org.hibernate.mapping.Table(CJob), mappingColumn=jobStatus, insertable=true, updatable=true, unique=false}
17:40:01.295 [main] DEBUG org.hibernate.cfg.annotations.PropertyBinder - MetadataSourceProcessor property jobStatus with lazy=false
17:40:01.295 [main] DEBUG org.hibernate.cfg.AbstractPropertyHolder - Attempting to locate auto-apply AttributeConverter for property [com.niit.model.Job:jobStatus]
17:40:01.298 [main] DEBUG org.hibernate.cfg.annotations.SimpleValueBinder - building SimpleValue for jobStatus
17:40:01.298 [main] DEBUG org.hibernate.cfg.annotations.PropertyBinder - Building property jobStatus
17:40:01.298 [main] DEBUG org.hibernate.cfg.Ejb3Column - Binding column: Ejb3Column{table=org.hibernate.mapping.Table(CJob), mappingColumn=jobTitle, insertable=true, updatable=true, unique=false}
17:40:01.299 [main] DEBUG org.hibernate.cfg.annotations.PropertyBinder - MetadataSourceProcessor property jobTitle with lazy=false
17:40:01.299 [main] DEBUG org.hibernate.cfg.AbstractPropertyHolder - Attempting to locate auto-apply AttributeConverter for property [com.niit.model.Job:jobTitle]
17:40:01.299 [main] DEBUG org.hibernate.cfg.annotations.SimpleValueBinder - building SimpleValue for jobTitle
17:40:01.299 [main] DEBUG org.hibernate.cfg.annotations.PropertyBinder - Building property jobTitle
17:40:01.299 [main] DEBUG org.hibernate.cfg.AnnotationBinder - Binding entity from annotated class: com.niit.model.JobApplied
17:40:01.300 [main] DEBUG org.hibernate.cfg.Ejb3Column - Binding column: Ejb3DiscriminatorColumn{logicalColumnName&apos;DTYPE&apos;, discriminatorTypeName=&apos;string&apos;}
17:40:01.300 [main] DEBUG org.hibernate.cfg.AnnotationBinder - No value specified for &apos;javax.persistence.sharedCache.mode&apos;; using UNSPECIFIED
17:40:01.300 [main] DEBUG org.hibernate.cfg.annotations.EntityBinder - Import with entity name JobApplied
17:40:01.300 [main] DEBUG org.hibernate.cfg.annotations.EntityBinder - Bind entity com.niit.model.JobApplied on table CJobApplied
17:40:01.305 [main] DEBUG org.hibernate.cfg.Ejb3Column - Binding column: Ejb3Column{table=org.hibernate.mapping.Table(CJobApplied), mappingColumn=jobAppliedId, insertable=true, updatable=true, unique=false}
17:40:01.305 [main] DEBUG org.hibernate.cfg.annotations.PropertyBinder - MetadataSourceProcessor property jobAppliedId with lazy=false
17:40:01.305 [main] DEBUG org.hibernate.cfg.AbstractPropertyHolder - Attempting to locate auto-apply AttributeConverter for property [com.niit.model.JobApplied:jobAppliedId]
17:40:01.305 [main] DEBUG org.hibernate.cfg.annotations.SimpleValueBinder - building SimpleValue for jobAppliedId
17:40:01.305 [main] DEBUG org.hibernate.cfg.annotations.PropertyBinder - Building property jobAppliedId
17:40:01.306 [main] DEBUG org.hibernate.cfg.Ejb3Column - Binding column: Ejb3Column{table=org.hibernate.mapping.Table(CJobApplied), mappingColumn=dateApplied, insertable=true, updatable=true, unique=false}
17:40:01.306 [main] DEBUG org.hibernate.cfg.annotations.PropertyBinder - MetadataSourceProcessor property dateApplied with lazy=false
17:40:01.306 [main] DEBUG org.hibernate.cfg.AbstractPropertyHolder - Attempting to locate auto-apply AttributeConverter for property [com.niit.model.JobApplied:dateApplied]
17:40:01.306 [main] DEBUG org.hibernate.cfg.annotations.SimpleValueBinder - building SimpleValue for dateApplied
17:40:01.306 [main] DEBUG org.hibernate.cfg.annotations.PropertyBinder - Building property dateApplied
17:40:01.306 [main] DEBUG org.hibernate.cfg.Ejb3Column - Binding column: Ejb3Column{table=org.hibernate.mapping.Table(CJobApplied), mappingColumn=jobId, insertable=true, updatable=true, unique=false}
17:40:01.306 [main] DEBUG org.hibernate.cfg.annotations.PropertyBinder - MetadataSourceProcessor property jobId with lazy=false
17:40:01.307 [main] DEBUG org.hibernate.cfg.AbstractPropertyHolder - Attempting to locate auto-apply AttributeConverter for property [com.niit.model.JobApplied:jobId]
17:40:01.307 [main] DEBUG org.hibernate.cfg.annotations.SimpleValueBinder - building SimpleValue for jobId
17:40:01.307 [main] DEBUG org.hibernate.cfg.annotations.PropertyBinder - Building property jobId
17:40:01.307 [main] DEBUG org.hibernate.cfg.Ejb3Column - Binding column: Ejb3Column{table=org.hibernate.mapping.Table(CJobApplied), mappingColumn=remarks, insertable=true, updatable=true, unique=false}
17:40:01.307 [main] DEBUG org.hibernate.cfg.annotations.PropertyBinder - MetadataSourceProcessor property remarks with lazy=false
17:40:01.307 [main] DEBUG org.hibernate.cfg.AbstractPropertyHolder - Attempting to locate auto-apply AttributeConverter for property [com.niit.model.JobApplied:remarks]
17:40:01.307 [main] DEBUG org.hibernate.cfg.annotations.SimpleValueBinder - building SimpleValue for remarks
17:40:01.308 [main] DEBUG org.hibernate.cfg.annotations.PropertyBinder - Building property remarks
17:40:01.308 [main] DEBUG org.hibernate.cfg.Ejb3Column - Binding column: Ejb3Column{table=org.hibernate.mapping.Table(CJobApplied), mappingColumn=status, insertable=true, updatable=true, unique=false}
17:40:01.308 [main] DEBUG org.hibernate.cfg.annotations.PropertyBinder - MetadataSourceProcessor property status with lazy=false
17:40:01.308 [main] DEBUG org.hibernate.cfg.AbstractPropertyHolder - Attempting to locate auto-apply AttributeConverter for property [com.niit.model.JobApplied:status]
17:40:01.308 [main] DEBUG org.hibernate.cfg.annotations.SimpleValueBinder - building SimpleValue for status
17:40:01.308 [main] DEBUG org.hibernate.cfg.annotations.PropertyBinder - Building property status
17:40:01.308 [main] DEBUG org.hibernate.cfg.Ejb3Column - Binding column: Ejb3Column{table=org.hibernate.mapping.Table(CJobApplied), mappingColumn=userId, insertable=true, updatable=true, unique=false}
17:40:01.309 [main] DEBUG org.hibernate.cfg.annotations.PropertyBinder - MetadataSourceProcessor property userId with lazy=false
17:40:01.309 [main] DEBUG org.hibernate.cfg.AbstractPropertyHolder - Attempting to locate auto-apply AttributeConverter for property [com.niit.model.JobApplied:userId]
17:40:01.309 [main] DEBUG org.hibernate.cfg.annotations.SimpleValueBinder - building SimpleValue for userId
17:40:01.309 [main] DEBUG org.hibernate.cfg.annotations.PropertyBinder - Building property userId
17:40:01.309 [main] DEBUG org.hibernate.cfg.AnnotationBinder - Binding entity from annotated class: com.niit.model.User
17:40:01.310 [main] DEBUG org.hibernate.cfg.Ejb3Column - Binding column: Ejb3DiscriminatorColumn{logicalColumnName&apos;DTYPE&apos;, discriminatorTypeName=&apos;string&apos;}
17:40:01.310 [main] DEBUG org.hibernate.cfg.AnnotationBinder - No value specified for &apos;javax.persistence.sharedCache.mode&apos;; using UNSPECIFIED
17:40:01.310 [main] DEBUG org.hibernate.cfg.annotations.EntityBinder - Import with entity name User
17:40:01.310 [main] DEBUG org.hibernate.cfg.annotations.EntityBinder - Bind entity com.niit.model.User on table CUser
17:40:01.311 [main] DEBUG org.hibernate.cfg.Ejb3Column - Binding column: Ejb3Column{table=org.hibernate.mapping.Table(CUser), mappingColumn=userId, insertable=true, updatable=true, unique=false}
17:40:01.312 [main] DEBUG org.hibernate.cfg.annotations.PropertyBinder - MetadataSourceProcessor property userId with lazy=false
17:40:01.312 [main] DEBUG org.hibernate.cfg.AbstractPropertyHolder - Attempting to locate auto-apply AttributeConverter for property [com.niit.model.User:userId]
17:40:01.312 [main] DEBUG org.hibernate.cfg.annotations.SimpleValueBinder - building SimpleValue for userId
17:40:01.312 [main] DEBUG org.hibernate.cfg.annotations.PropertyBinder - Building property userId
17:40:01.313 [main] DEBUG org.hibernate.cfg.Ejb3Column - Binding column: Ejb3Column{table=org.hibernate.mapping.Table(CUser), mappingColumn=email, insertable=true, updatable=true, unique=false}
17:40:01.313 [main] DEBUG org.hibernate.cfg.annotations.PropertyBinder - MetadataSourceProcessor property email with lazy=false
17:40:01.313 [main] DEBUG org.hibernate.cfg.AbstractPropertyHolder - Attempting to locate auto-apply AttributeConverter for property [com.niit.model.User:email]
17:40:01.313 [main] DEBUG org.hibernate.cfg.annotations.SimpleValueBinder - building SimpleValue for email
17:40:01.314 [main] DEBUG org.hibernate.cfg.annotations.PropertyBinder - Building property email
17:40:01.314 [main] DEBUG org.hibernate.cfg.Ejb3Column - Binding column: Ejb3Column{table=org.hibernate.mapping.Table(CUser), mappingColumn=firstname, insertable=true, updatable=true, unique=false}
17:40:01.314 [main] DEBUG org.hibernate.cfg.annotations.PropertyBinder - MetadataSourceProcessor property firstname with lazy=false
17:40:01.314 [main] DEBUG org.hibernate.cfg.AbstractPropertyHolder - Attempting to locate auto-apply AttributeConverter for property [com.niit.model.User:firstname]
17:40:01.314 [main] DEBUG org.hibernate.cfg.annotations.SimpleValueBinder - building SimpleValue for firstname
17:40:01.315 [main] DEBUG org.hibernate.cfg.annotations.PropertyBinder - Building property firstname
17:40:01.316 [main] DEBUG org.hibernate.cfg.Ejb3Column - Binding column: Ejb3Column{table=org.hibernate.mapping.Table(CUser), mappingColumn=isOnline, insertable=true, updatable=true, unique=false}
17:40:01.316 [main] DEBUG org.hibernate.cfg.annotations.PropertyBinder - MetadataSourceProcessor property isOnline with lazy=false
17:40:01.316 [main] DEBUG org.hibernate.cfg.AbstractPropertyHolder - Attempting to locate auto-apply AttributeConverter for property [com.niit.model.User:isOnline]
17:40:01.316 [main] DEBUG org.hibernate.cfg.annotations.SimpleValueBinder - building SimpleValue for isOnline
17:40:01.316 [main] DEBUG org.hibernate.cfg.annotations.PropertyBinder - Building property isOnline
17:40:01.316 [main] DEBUG org.hibernate.cfg.Ejb3Column - Binding column: Ejb3Column{table=org.hibernate.mapping.Table(CUser), mappingColumn=lastname, insertable=true, updatable=true, unique=false}
17:40:01.316 [main] DEBUG org.hibernate.cfg.annotations.PropertyBinder - MetadataSourceProcessor property lastname with lazy=false
17:40:01.316 [main] DEBUG org.hibernate.cfg.AbstractPropertyHolder - Attempting to locate auto-apply AttributeConverter for property [com.niit.model.User:lastname]
17:40:01.316 [main] DEBUG org.hibernate.cfg.annotations.SimpleValueBinder - building SimpleValue for lastname
17:40:01.317 [main] DEBUG org.hibernate.cfg.annotations.PropertyBinder - Building property lastname
17:40:01.317 [main] DEBUG org.hibernate.cfg.Ejb3Column - Binding column: Ejb3Column{table=org.hibernate.mapping.Table(CUser), mappingColumn=password, insertable=true, updatable=true, unique=false}
17:40:01.317 [main] DEBUG org.hibernate.cfg.annotations.PropertyBinder - MetadataSourceProcessor property password with lazy=false
17:40:01.317 [main] DEBUG org.hibernate.cfg.AbstractPropertyHolder - Attempting to locate auto-apply AttributeConverter for property [com.niit.model.User:password]
17:40:01.317 [main] DEBUG org.hibernate.cfg.annotations.SimpleValueBinder - building SimpleValue for password
17:40:01.317 [main] DEBUG org.hibernate.cfg.annotations.PropertyBinder - Building property password
17:40:01.317 [main] DEBUG org.hibernate.cfg.Ejb3Column - Binding column: Ejb3Column{table=org.hibernate.mapping.Table(CUser), mappingColumn=remarks, insertable=true, updatable=true, unique=false}
17:40:01.317 [main] DEBUG org.hibernate.cfg.annotations.PropertyBinder - MetadataSourceProcessor property remarks with lazy=false
17:40:01.317 [main] DEBUG org.hibernate.cfg.AbstractPropertyHolder - Attempting to locate auto-apply AttributeConverter for property [com.niit.model.User:remarks]
17:40:01.317 [main] DEBUG org.hibernate.cfg.annotations.SimpleValueBinder - building SimpleValue for remarks
17:40:01.318 [main] DEBUG org.hibernate.cfg.annotations.PropertyBinder - Building property remarks
17:40:01.318 [main] DEBUG org.hibernate.cfg.Ejb3Column - Binding column: Ejb3Column{table=org.hibernate.mapping.Table(CUser), mappingColumn=role, insertable=true, updatable=true, unique=false}
17:40:01.318 [main] DEBUG org.hibernate.cfg.annotations.PropertyBinder - MetadataSourceProcessor property role with lazy=false
17:40:01.318 [main] DEBUG org.hibernate.cfg.AbstractPropertyHolder - Attempting to locate auto-apply AttributeConverter for property [com.niit.model.User:role]
17:40:01.318 [main] DEBUG org.hibernate.cfg.annotations.SimpleValueBinder - building SimpleValue for role
17:40:01.318 [main] DEBUG org.hibernate.cfg.annotations.PropertyBinder - Building property role
17:40:01.318 [main] DEBUG org.hibernate.cfg.Ejb3Column - Binding column: Ejb3Column{table=org.hibernate.mapping.Table(CUser), mappingColumn=status, insertable=true, updatable=true, unique=false}
17:40:01.318 [main] DEBUG org.hibernate.cfg.annotations.PropertyBinder - MetadataSourceProcessor property status with lazy=false
17:40:01.319 [main] DEBUG org.hibernate.cfg.AbstractPropertyHolder - Attempting to locate auto-apply AttributeConverter for property [com.niit.model.User:status]
17:40:01.319 [main] DEBUG org.hibernate.cfg.annotations.SimpleValueBinder - building SimpleValue for status
17:40:01.319 [main] DEBUG org.hibernate.cfg.annotations.PropertyBinder - Building property status
17:40:01.319 [main] DEBUG org.hibernate.cfg.annotations.SimpleValueBinder - Starting fillSimpleValue for blogId
17:40:01.319 [main] DEBUG org.hibernate.cfg.annotations.SimpleValueBinder - Starting fillSimpleValue for blogContent
17:40:01.319 [main] DEBUG org.hibernate.cfg.annotations.SimpleValueBinder - Starting fillSimpleValue for blogName
17:40:01.319 [main] DEBUG org.hibernate.cfg.annotations.SimpleValueBinder - Starting fillSimpleValue for createDate
17:40:01.319 [main] DEBUG org.hibernate.cfg.annotations.SimpleValueBinder - Starting fillSimpleValue for likes
17:40:01.319 [main] DEBUG org.hibernate.cfg.annotations.SimpleValueBinder - Starting fillSimpleValue for remarks
17:40:01.320 [main] DEBUG org.hibernate.cfg.annotations.SimpleValueBinder - Starting fillSimpleValue for status
17:40:01.320 [main] DEBUG org.hibernate.cfg.annotations.SimpleValueBinder - Starting fillSimpleValue for userId
17:40:01.322 [main] DEBUG org.hibernate.cfg.annotations.SimpleValueBinder - Starting fillSimpleValue for blogCommentId
17:40:01.322 [main] DEBUG org.hibernate.cfg.annotations.SimpleValueBinder - Starting fillSimpleValue for blogComment
17:40:01.322 [main] DEBUG org.hibernate.cfg.annotations.SimpleValueBinder - Starting fillSimpleValue for blogId
17:40:01.322 [main] DEBUG org.hibernate.cfg.annotations.SimpleValueBinder - Starting fillSimpleValue for commentDate
17:40:01.322 [main] DEBUG org.hibernate.cfg.annotations.SimpleValueBinder - Starting fillSimpleValue for userId
17:40:01.323 [main] DEBUG org.hibernate.cfg.annotations.SimpleValueBinder - Starting fillSimpleValue for username
17:40:01.323 [main] DEBUG org.hibernate.cfg.annotations.SimpleValueBinder - Starting fillSimpleValue for id
17:40:01.323 [main] DEBUG org.hibernate.cfg.annotations.SimpleValueBinder - Starting fillSimpleValue for createdDate
17:40:01.323 [main] DEBUG org.hibernate.cfg.annotations.SimpleValueBinder - Starting fillSimpleValue for message
17:40:01.323 [main] DEBUG org.hibernate.cfg.annotations.SimpleValueBinder - Starting fillSimpleValue for userID
17:40:01.323 [main] DEBUG org.hibernate.cfg.annotations.SimpleValueBinder - Starting fillSimpleValue for id
17:40:01.323 [main] DEBUG org.hibernate.cfg.annotations.SimpleValueBinder - Starting fillSimpleValue for filedata
17:40:01.323 [main] DEBUG org.hibernate.cfg.annotations.SimpleValueBinder - Starting fillSimpleValue for filename
17:40:01.324 [main] DEBUG org.hibernate.cfg.annotations.SimpleValueBinder - Starting fillSimpleValue for userId
17:40:01.324 [main] DEBUG org.hibernate.cfg.annotations.SimpleValueBinder - Starting fillSimpleValue for forumId
17:40:01.324 [main] DEBUG org.hibernate.cfg.annotations.SimpleValueBinder - Starting fillSimpleValue for createDate
17:40:01.324 [main] DEBUG org.hibernate.cfg.annotations.SimpleValueBinder - Starting fillSimpleValue for forumContent
17:40:01.324 [main] DEBUG org.hibernate.cfg.annotations.SimpleValueBinder - Starting fillSimpleValue for forumName
17:40:01.324 [main] DEBUG org.hibernate.cfg.annotations.SimpleValueBinder - Starting fillSimpleValue for remarks
17:40:01.324 [main] DEBUG org.hibernate.cfg.annotations.SimpleValueBinder - Starting fillSimpleValue for status
17:40:01.324 [main] DEBUG org.hibernate.cfg.annotations.SimpleValueBinder - Starting fillSimpleValue for userId
17:40:01.324 [main] DEBUG org.hibernate.cfg.annotations.SimpleValueBinder - Starting fillSimpleValue for forumCommentId
17:40:01.324 [main] DEBUG org.hibernate.cfg.annotations.SimpleValueBinder - Starting fillSimpleValue for commentDate
17:40:01.324 [main] DEBUG org.hibernate.cfg.annotations.SimpleValueBinder - Starting fillSimpleValue for forumComment
17:40:01.324 [main] DEBUG org.hibernate.cfg.annotations.SimpleValueBinder - Starting fillSimpleValue for forumId
17:40:01.324 [main] DEBUG org.hibernate.cfg.annotations.SimpleValueBinder - Starting fillSimpleValue for userId
17:40:01.324 [main] DEBUG org.hibernate.cfg.annotations.SimpleValueBinder - Starting fillSimpleValue for username
17:40:01.324 [main] DEBUG org.hibernate.cfg.annotations.SimpleValueBinder - Starting fillSimpleValue for tableId
17:40:01.324 [main] DEBUG org.hibernate.cfg.annotations.SimpleValueBinder - Starting fillSimpleValue for friendId
17:40:01.324 [main] DEBUG org.hibernate.cfg.annotations.SimpleValueBinder - Starting fillSimpleValue for isOnline
17:40:01.324 [main] DEBUG org.hibernate.cfg.annotations.SimpleValueBinder - Starting fillSimpleValue for status
17:40:01.324 [main] DEBUG org.hibernate.cfg.annotations.SimpleValueBinder - Starting fillSimpleValue for userId
17:40:01.325 [main] DEBUG org.hibernate.cfg.annotations.SimpleValueBinder - Starting fillSimpleValue for jobId
17:40:01.325 [main] DEBUG org.hibernate.cfg.annotations.SimpleValueBinder - Starting fillSimpleValue for createDate
17:40:01.325 [main] DEBUG org.hibernate.cfg.annotations.SimpleValueBinder - Starting fillSimpleValue for jobDescription
17:40:01.325 [main] DEBUG org.hibernate.cfg.annotations.SimpleValueBinder - Starting fillSimpleValue for jobQualification
17:40:01.325 [main] DEBUG org.hibernate.cfg.annotations.SimpleValueBinder - Starting fillSimpleValue for jobStatus
17:40:01.325 [main] DEBUG org.hibernate.cfg.annotations.SimpleValueBinder - Starting fillSimpleValue for jobTitle
17:40:01.325 [main] DEBUG org.hibernate.cfg.annotations.SimpleValueBinder - Starting fillSimpleValue for jobAppliedId
17:40:01.325 [main] DEBUG org.hibernate.cfg.annotations.SimpleValueBinder - Starting fillSimpleValue for dateApplied
17:40:01.325 [main] DEBUG org.hibernate.cfg.annotations.SimpleValueBinder - Starting fillSimpleValue for jobId
17:40:01.325 [main] DEBUG org.hibernate.cfg.annotations.SimpleValueBinder - Starting fillSimpleValue for remarks
17:40:01.325 [main] DEBUG org.hibernate.cfg.annotations.SimpleValueBinder - Starting fillSimpleValue for status
17:40:01.325 [main] DEBUG org.hibernate.cfg.annotations.SimpleValueBinder - Starting fillSimpleValue for userId
17:40:01.325 [main] DEBUG org.hibernate.cfg.annotations.SimpleValueBinder - Starting fillSimpleValue for userId
17:40:01.325 [main] DEBUG org.hibernate.cfg.annotations.SimpleValueBinder - Starting fillSimpleValue for email
17:40:01.326 [main] DEBUG org.hibernate.cfg.annotations.SimpleValueBinder - Starting fillSimpleValue for firstname
17:40:01.326 [main] DEBUG org.hibernate.cfg.annotations.SimpleValueBinder - Starting fillSimpleValue for isOnline
17:40:01.326 [main] DEBUG org.hibernate.cfg.annotations.SimpleValueBinder - Starting fillSimpleValue for lastname
17:40:01.326 [main] DEBUG org.hibernate.cfg.annotations.SimpleValueBinder - Starting fillSimpleValue for password
17:40:01.326 [main] DEBUG org.hibernate.cfg.annotations.SimpleValueBinder - Starting fillSimpleValue for remarks
17:40:01.326 [main] DEBUG org.hibernate.cfg.annotations.SimpleValueBinder - Starting fillSimpleValue for role
17:40:01.326 [main] DEBUG org.hibernate.cfg.annotations.SimpleValueBinder - Starting fillSimpleValue for status
17:40:01.326 [main] DEBUG org.hibernate.cfg.Configuration - Processing fk mappings (*ToOne and JoinedSubclass)
17:40:01.327 [main] DEBUG org.hibernate.cfg.Configuration - Processing extends queue
17:40:01.327 [main] DEBUG org.hibernate.cfg.Configuration - Processing extends queue
17:40:01.327 [main] DEBUG org.hibernate.cfg.Configuration - Processing collection mappings
17:40:01.327 [main] DEBUG org.hibernate.cfg.Configuration - Processing native query and ResultSetMapping mappings
17:40:01.330 [main] DEBUG org.hibernate.cfg.Configuration - Processing association property references
17:40:01.330 [main] DEBUG org.hibernate.cfg.Configuration - Creating tables&apos; unique integer identifiers
17:40:01.330 [main] DEBUG org.hibernate.cfg.Configuration - Processing foreign key constraints
17:40:01.331 [main] DEBUG org.hibernate.engine.transaction.jta.platform.internal.JtaPlatformInitiator - No JtaPlatform was specified, checking resolver
17:40:01.331 [main] DEBUG org.hibernate.engine.transaction.jta.platform.internal.JtaPlatformResolverInitiator - No JtaPlatformResolver was specified, using default [org.hibernate.engine.transaction.jta.platform.internal.StandardJtaPlatformResolver]
17:40:01.337 [main] DEBUG org.hibernate.engine.transaction.jta.platform.internal.StandardJtaPlatformResolver - Could not resolve JtaPlatform, using default [org.hibernate.engine.transaction.jta.platform.internal.NoJtaPlatform]
17:40:01.337 [main] DEBUG org.hibernate.cfg.SettingsFactory - Automatic flush during beforeCompletion(): disabled
17:40:01.342 [main] DEBUG org.hibernate.cfg.SettingsFactory - Automatic session close at end of transaction: disabled
17:40:01.342 [main] DEBUG org.hibernate.cfg.SettingsFactory - JDBC batch size: 15
17:40:01.342 [main] DEBUG org.hibernate.cfg.SettingsFactory - JDBC batch updates for versioned data: disabled
17:40:01.342 [main] DEBUG org.hibernate.cfg.SettingsFactory - Scrollable result sets: enabled
17:40:01.342 [main] DEBUG org.hibernate.cfg.SettingsFactory - Wrap result sets: disabled
17:40:01.342 [main] DEBUG org.hibernate.cfg.SettingsFactory - JDBC3 getGeneratedKeys(): enabled
17:40:01.342 [main] DEBUG org.hibernate.cfg.SettingsFactory - multi-tenancy strategy : NONE
17:40:01.342 [main] DEBUG org.hibernate.cfg.SettingsFactory - Connection release mode: auto
17:40:01.342 [main] INFO org.hibernate.engine.transaction.internal.TransactionFactoryInitiator - HHH000399: Using default transaction strategy (direct JDBC transactions)
17:40:01.343 [main] DEBUG org.hibernate.cfg.SettingsFactory - Using BatchFetchStyle : LEGACY
17:40:01.343 [main] DEBUG org.hibernate.cfg.SettingsFactory - Default batch fetch size: 1
17:40:01.343 [main] DEBUG org.hibernate.cfg.SettingsFactory - Generate SQL with comments: disabled
17:40:01.343 [main] DEBUG org.hibernate.cfg.SettingsFactory - Order SQL updates by primary key: disabled
17:40:01.343 [main] DEBUG org.hibernate.cfg.SettingsFactory - Order SQL inserts for batching: disabled
17:40:01.343 [main] DEBUG org.hibernate.cfg.SettingsFactory - Default null ordering: none
17:40:01.343 [main] DEBUG org.hibernate.cfg.SettingsFactory - Query translator: org.hibernate.hql.internal.ast.ASTQueryTranslatorFactory
17:40:01.343 [main] INFO org.hibernate.hql.internal.ast.ASTQueryTranslatorFactory - HHH000397: Using ASTQueryTranslatorFactory
17:40:01.343 [main] DEBUG org.hibernate.cfg.SettingsFactory - Query language substitutions: {}
17:40:01.343 [main] DEBUG org.hibernate.cfg.SettingsFactory - JPA-QL strict compliance: disabled
17:40:01.343 [main] DEBUG org.hibernate.cfg.SettingsFactory - Second-level cache: enabled
17:40:01.343 [main] DEBUG org.hibernate.cfg.SettingsFactory - Query cache: disabled
17:40:01.343 [main] DEBUG org.hibernate.cache.internal.RegionFactoryInitiator - Cache region factory : org.hibernate.cache.internal.NoCachingRegionFactory
17:40:01.343 [main] DEBUG org.hibernate.cfg.SettingsFactory - Optimize cache for minimal puts: disabled
17:40:01.343 [main] DEBUG org.hibernate.cfg.SettingsFactory - Structured second-level cache entries: disabled
17:40:01.344 [main] DEBUG org.hibernate.cfg.SettingsFactory - Second-level cache direct-reference entries: disabled
17:40:01.344 [main] DEBUG org.hibernate.cfg.SettingsFactory - Automatic eviction of collection cache: disabled
17:40:01.344 [main] DEBUG org.hibernate.cfg.SettingsFactory - Statistics: disabled
17:40:01.344 [main] DEBUG org.hibernate.cfg.SettingsFactory - Deleted entity synthetic identifier rollback: disabled
17:40:01.344 [main] DEBUG org.hibernate.cfg.SettingsFactory - Default entity-mode: pojo
17:40:01.344 [main] DEBUG org.hibernate.cfg.SettingsFactory - Named query checking : enabled
17:40:01.344 [main] DEBUG org.hibernate.cfg.SettingsFactory - Check Nullability in Core (should be disabled when Bean Validation is on): enabled
17:40:01.344 [main] DEBUG org.hibernate.cfg.SettingsFactory - Allow initialization of lazy state outside session : : disabled
17:40:01.344 [main] DEBUG org.hibernate.cfg.SettingsFactory - JTA Track by Thread: enabled
17:40:01.344 [main] DEBUG org.hibernate.internal.SessionFactoryImpl - Building session factory
17:40:01.348 [main] DEBUG org.hibernate.internal.SessionFactoryImpl - Session factory constructed with filter configurations : {}
17:40:01.349 [main] DEBUG org.hibernate.internal.SessionFactoryImpl - Instantiating session factory with properties: {java.runtime.name=Java(TM) SE Runtime Environment, sun.boot.library.path=C:\Program Files\Java\jdk1.8.0_141\jre\bin, java.vm.version=25.141-b15, java.vm.vendor=Oracle Corporation, java.vendor.url=http://java.oracle.com/, path.separator=;, java.vm.name=Java HotSpot(TM) 64-Bit Server VM, file.encoding.pkg=sun.io, user.script=, user.country=US, sun.java.launcher=SUN_STANDARD, sun.os.patch.level=, java.vm.specification.name=Java Virtual Machine Specification, user.dir=E:\ALL-Workspaces\collaboration_project\CollaborationProjectBackend, java.runtime.version=1.8.0_141-b15, java.awt.graphicsenv=sun.awt.Win32GraphicsEnvironment, basedir=E:\ALL-Workspaces\collaboration_project\CollaborationProjectBackend, hibernate.current_session_context_class=org.springframework.orm.hibernate4.SpringSessionContext, java.endorsed.dirs=C:\Program Files\Java\jdk1.8.0_141\jre\lib\endorsed, os.arch=amd64, surefire.real.class.path=E:\ALL-Workspaces\collaboration_project\CollaborationProjectBackend\target\surefire\surefirebooter6190115360083772269.jar, java.io.tmpdir=C:\Users\lalak\AppData\Local\Temp\, line.separator=
, java.vm.specification.vendor=Oracle Corporation, user.variant=, os.name=Windows 10, sun.jnu.encoding=Cp1252, java.library.path=C:\Program Files\Java\jdk1.8.0_141\jre\bin;C:\WINDOWS\Sun\Java\bin;C:\WINDOWS\system32;C:\WINDOWS;C:/Program Files/Java/jdk1.8.0_141/bin/../jre/bin/server;C:/Program Files/Java/jdk1.8.0_141/bin/../jre/bin;C:/Program Files/Java/jdk1.8.0_141/bin/../jre/lib/amd64;C:\WINDOWS\system32;C:\WINDOWS;C:\WINDOWS\System32\Wbem;C:\WINDOWS\System32\WindowsPowerShell\v1.0\;C:\apache-maven-3.5.0\bin;E:\DontDisturb\Tomcat9;C:\Program Files\Java\jdk1.8.0_141\bin;C:\Users\lalak\AppData\Local\Microsoft\WindowsApps;;C:\eclipse-jee-oxygen-R-win32-x86_64\eclipse;;., hibernate.connection.datasource=org.springframework.jdbc.datasource.DriverManagerDataSource@6428591a, surefire.test.class.path=E:\ALL-Workspaces\collaboration_project\CollaborationProjectBackend\target\test-classes;E:\ALL-Workspaces\collaboration_project\CollaborationProjectBackend\target\classes;C:\Users\lalak\.m2\repository\junit\junit\4.12\junit-4.12.jar;C:\Users\lalak\.m2\repository\org\hamcrest\hamcrest-core\1.3\hamcrest-core-1.3.jar;C:\Users\lalak\.m2\repository\com\h2database\h2\1.4.195\h2-1.4.195.jar;C:\Users\lalak\.m2\repository\javax\servlet\javax.servlet-api\3.1.0\javax.servlet-api-3.1.0.jar;C:\Users\lalak\.m2\repository\javax\validation\validation-api\1.0.0.GA\validation-api-1.0.0.GA.jar;C:\Users\lalak\.m2\repository\org\springframework\spring-context\4.3.10.RELEASE\spring-context-4.3.10.RELEASE.jar;C:\Users\lalak\.m2\repository\org\springframework\spring-expression\4.3.10.RELEASE\spring-expression-4.3.10.RELEASE.jar;C:\Users\lalak\.m2\repository\org\springframework\spring-core\4.3.10.RELEASE\spring-core-4.3.10.RELEASE.jar;C:\Users\lalak\.m2\repository\commons-logging\commons-logging\1.2\commons-logging-1.2.jar;C:\Users\lalak\.m2\repository\org\springframework\spring-orm\4.3.10.RELEASE\spring-orm-4.3.10.RELEASE.jar;C:\Users\lalak\.m2\repository\org\springframework\spring-jdbc\4.3.10.RELEASE\spring-jdbc-4.3.10.RELEASE.jar;C:\Users\lalak\.m2\repository\org\springframework\spring-tx\4.3.10.RELEASE\spring-tx-4.3.10.RELEASE.jar;C:\Users\lalak\.m2\repository\org\springframework\spring-beans\4.3.10.RELEASE\spring-beans-4.3.10.RELEASE.jar;C:\Users\lalak\.m2\repository\org\springframework\spring-web\4.3.10.RELEASE\spring-web-4.3.10.RELEASE.jar;C:\Users\lalak\.m2\repository\org\springframework\spring-webmvc\4.3.10.RELEASE\spring-webmvc-4.3.10.RELEASE.jar;C:\Users\lalak\.m2\repository\org\springframework\spring-test\4.3.10.RELEASE\spring-test-4.3.10.RELEASE.jar;C:\Users\lalak\.m2\repository\org\springframework\spring-aop\4.3.10.RELEASE\spring-aop-4.3.10.RELEASE.jar;C:\Users\lalak\.m2\repository\org\springframework\spring-messaging\4.3.10.RELEASE\spring-messaging-4.3.10.RELEASE.jar;C:\Users\lalak\.m2\repository\org\springframework\spring-websocket\4.3.10.RELEASE\spring-websocket-4.3.10.RELEASE.jar;C:\Users\lalak\.m2\repository\org\hibernate\hibernate-core\4.3.5.Final\hibernate-core-4.3.5.Final.jar;C:\Users\lalak\.m2\repository\org\jboss\logging\jboss-logging\3.1.3.GA\jboss-logging-3.1.3.GA.jar;C:\Users\lalak\.m2\repository\org\jboss\logging\jboss-logging-annotations\1.2.0.Beta1\jboss-logging-annotations-1.2.0.Beta1.jar;C:\Users\lalak\.m2\repository\org\jboss\spec\javax\transaction\jboss-transaction-api_1.2_spec\1.0.0.Final\jboss-transaction-api_1.2_spec-1.0.0.Final.jar;C:\Users\lalak\.m2\repository\dom4j\dom4j\1.6.1\dom4j-1.6.1.jar;C:\Users\lalak\.m2\repository\xml-apis\xml-apis\1.0.b2\xml-apis-1.0.b2.jar;C:\Users\lalak\.m2\repository\org\hibernate\common\hibernate-commons-annotations\4.0.4.Final\hibernate-commons-annotations-4.0.4.Final.jar;C:\Users\lalak\.m2\repository\org\hibernate\javax\persistence\hibernate-jpa-2.1-api\1.0.0.Final\hibernate-jpa-2.1-api-1.0.0.Final.jar;C:\Users\lalak\.m2\repository\org\javassist\javassist\3.18.1-GA\javassist-3.18.1-GA.jar;C:\Users\lalak\.m2\repository\antlr\antlr\2.7.7\antlr-2.7.7.jar;C:\Users\lalak\.m2\repository\org\jboss\jandex\1.1.0.Final\jandex-1.1.0.Final.jar;C:\Users\lalak\.m2\repository\org\hibernate\hibernate-validator\4.0.2.GA\hibernate-validator-4.0.2.GA.jar;C:\Users\lalak\.m2\repository\javax\xml\bind\jaxb-api\2.1\jaxb-api-2.1.jar;C:\Users\lalak\.m2\repository\javax\xml\stream\stax-api\1.0-2\stax-api-1.0-2.jar;C:\Users\lalak\.m2\repository\javax\activation\activation\1.1\activation-1.1.jar;C:\Users\lalak\.m2\repository\com\sun\xml\bind\jaxb-impl\2.1.3\jaxb-impl-2.1.3.jar;C:\Users\lalak\.m2\repository\com\fasterxml\jackson\core\jackson-databind\2.7.5\jackson-databind-2.7.5.jar;C:\Users\lalak\.m2\repository\com\fasterxml\jackson\core\jackson-annotations\2.7.0\jackson-annotations-2.7.0.jar;C:\Users\lalak\.m2\repository\com\fasterxml\jackson\core\jackson-core\2.7.5\jackson-core-2.7.5.jar;C:\Users\lalak\.m2\repository\org\slf4j\slf4j-api\1.7.1\slf4j-api-1.7.1.jar;C:\Users\lalak\.m2\repository\ch\qos\logback\logback-classic\1.1.7\logback-classic-1.1.7.jar;C:\Users\lalak\.m2\repository\ch\qos\logback\logback-core\1.1.7\logback-core-1.1.7.jar;C:\Users\lalak\.m2\repository\javax\websocket\javax.websocket-api\1.1\javax.websocket-api-1.1.jar;C:\Users\lalak\.m2\repository\commons-io\commons-io\2.5\commons-io-2.5.jar;C:\Users\lalak\.m2\repository\commons-fileupload\commons-fileupload\1.3.2\commons-fileupload-1.3.2.jar;, java.specification.name=Java Platform API Specification, java.class.version=52.0, sun.management.compiler=HotSpot 64-Bit Tiered Compilers, os.version=10.0, user.home=C:\Users\lalak, user.timezone=Asia/Calcutta, java.awt.printerjob=sun.awt.windows.WPrinterJob, java.specification.version=1.8, file.encoding=Cp1252, user.name=lalak, java.class.path=E:\ALL-Workspaces\collaboration_project\CollaborationProjectBackend\target\test-classes;E:\ALL-Workspaces\collaboration_project\CollaborationProjectBackend\target\classes;C:\Users\lalak\.m2\repository\junit\junit\4.12\junit-4.12.jar;C:\Users\lalak\.m2\repository\org\hamcrest\hamcrest-core\1.3\hamcrest-core-1.3.jar;C:\Users\lalak\.m2\repository\com\h2database\h2\1.4.195\h2-1.4.195.jar;C:\Users\lalak\.m2\repository\javax\servlet\javax.servlet-api\3.1.0\javax.servlet-api-3.1.0.jar;C:\Users\lalak\.m2\repository\javax\validation\validation-api\1.0.0.GA\validation-api-1.0.0.GA.jar;C:\Users\lalak\.m2\repository\org\springframework\spring-context\4.3.10.RELEASE\spring-context-4.3.10.RELEASE.jar;C:\Users\lalak\.m2\repository\org\springframework\spring-expression\4.3.10.RELEASE\spring-expression-4.3.10.RELEASE.jar;C:\Users\lalak\.m2\repository\org\springframework\spring-core\4.3.10.RELEASE\spring-core-4.3.10.RELEASE.jar;C:\Users\lalak\.m2\repository\commons-logging\commons-logging\1.2\commons-logging-1.2.jar;C:\Users\lalak\.m2\repository\org\springframework\spring-orm\4.3.10.RELEASE\spring-orm-4.3.10.RELEASE.jar;C:\Users\lalak\.m2\repository\org\springframework\spring-jdbc\4.3.10.RELEASE\spring-jdbc-4.3.10.RELEASE.jar;C:\Users\lalak\.m2\repository\org\springframework\spring-tx\4.3.10.RELEASE\spring-tx-4.3.10.RELEASE.jar;C:\Users\lalak\.m2\repository\org\springframework\spring-beans\4.3.10.RELEASE\spring-beans-4.3.10.RELEASE.jar;C:\Users\lalak\.m2\repository\org\springframework\spring-web\4.3.10.RELEASE\spring-web-4.3.10.RELEASE.jar;C:\Users\lalak\.m2\repository\org\springframework\spring-webmvc\4.3.10.RELEASE\spring-webmvc-4.3.10.RELEASE.jar;C:\Users\lalak\.m2\repository\org\springframework\spring-test\4.3.10.RELEASE\spring-test-4.3.10.RELEASE.jar;C:\Users\lalak\.m2\repository\org\springframework\spring-aop\4.3.10.RELEASE\spring-aop-4.3.10.RELEASE.jar;C:\Users\lalak\.m2\repository\org\springframework\spring-messaging\4.3.10.RELEASE\spring-messaging-4.3.10.RELEASE.jar;C:\Users\lalak\.m2\repository\org\springframework\spring-websocket\4.3.10.RELEASE\spring-websocket-4.3.10.RELEASE.jar;C:\Users\lalak\.m2\repository\org\hibernate\hibernate-core\4.3.5.Final\hibernate-core-4.3.5.Final.jar;C:\Users\lalak\.m2\repository\org\jboss\logging\jboss-logging\3.1.3.GA\jboss-logging-3.1.3.GA.jar;C:\Users\lalak\.m2\repository\org\jboss\logging\jboss-logging-annotations\1.2.0.Beta1\jboss-logging-annotations-1.2.0.Beta1.jar;C:\Users\lalak\.m2\repository\org\jboss\spec\javax\transaction\jboss-transaction-api_1.2_spec\1.0.0.Final\jboss-transaction-api_1.2_spec-1.0.0.Final.jar;C:\Users\lalak\.m2\repository\dom4j\dom4j\1.6.1\dom4j-1.6.1.jar;C:\Users\lalak\.m2\repository\xml-apis\xml-apis\1.0.b2\xml-apis-1.0.b2.jar;C:\Users\lalak\.m2\repository\org\hibernate\common\hibernate-commons-annotations\4.0.4.Final\hibernate-commons-annotations-4.0.4.Final.jar;C:\Users\lalak\.m2\repository\org\hibernate\javax\persistence\hibernate-jpa-2.1-api\1.0.0.Final\hibernate-jpa-2.1-api-1.0.0.Final.jar;C:\Users\lalak\.m2\repository\org\javassist\javassist\3.18.1-GA\javassist-3.18.1-GA.jar;C:\Users\lalak\.m2\repository\antlr\antlr\2.7.7\antlr-2.7.7.jar;C:\Users\lalak\.m2\repository\org\jboss\jandex\1.1.0.Final\jandex-1.1.0.Final.jar;C:\Users\lalak\.m2\repository\org\hibernate\hibernate-validator\4.0.2.GA\hibernate-validator-4.0.2.GA.jar;C:\Users\lalak\.m2\repository\javax\xml\bind\jaxb-api\2.1\jaxb-api-2.1.jar;C:\Users\lalak\.m2\repository\javax\xml\stream\stax-api\1.0-2\stax-api-1.0-2.jar;C:\Users\lalak\.m2\repository\javax\activation\activation\1.1\activation-1.1.jar;C:\Users\lalak\.m2\repository\com\sun\xml\bind\jaxb-impl\2.1.3\jaxb-impl-2.1.3.jar;C:\Users\lalak\.m2\repository\com\fasterxml\jackson\core\jackson-databind\2.7.5\jackson-databind-2.7.5.jar;C:\Users\lalak\.m2\repository\com\fasterxml\jackson\core\jackson-annotations\2.7.0\jackson-annotations-2.7.0.jar;C:\Users\lalak\.m2\repository\com\fasterxml\jackson\core\jackson-core\2.7.5\jackson-core-2.7.5.jar;C:\Users\lalak\.m2\repository\org\slf4j\slf4j-api\1.7.1\slf4j-api-1.7.1.jar;C:\Users\lalak\.m2\repository\ch\qos\logback\logback-classic\1.1.7\logback-classic-1.1.7.jar;C:\Users\lalak\.m2\repository\ch\qos\logback\logback-core\1.1.7\logback-core-1.1.7.jar;C:\Users\lalak\.m2\repository\javax\websocket\javax.websocket-api\1.1\javax.websocket-api-1.1.jar;C:\Users\lalak\.m2\repository\commons-io\commons-io\2.5\commons-io-2.5.jar;C:\Users\lalak\.m2\repository\commons-fileupload\commons-fileupload\1.3.2\commons-fileupload-1.3.2.jar;, hibernate.bytecode.use_reflection_optimizer=false, hibernate.show_sql=true, hibernate.classLoader.application=sun.misc.Launcher$AppClassLoader@6bc7c054, java.vm.specification.version=1.8, sun.arch.data.model=64, java.home=C:\Program Files\Java\jdk1.8.0_141\jre, sun.java.command=E:\ALL-Workspaces\collaboration_project\CollaborationProjectBackend\target\surefire\surefirebooter6190115360083772269.jar E:\ALL-Workspaces\collaboration_project\CollaborationProjectBackend\target\surefire\surefire4314599782619434570tmp E:\ALL-Workspaces\collaboration_project\CollaborationProjectBackend\target\surefire\surefire_06300427882335719117tmp, hibernate.dialect=org.hibernate.dialect.H2Dialect, java.specification.vendor=Oracle Corporation, user.language=en, awt.toolkit=sun.awt.windows.WToolkit, java.vm.info=mixed mode, java.version=1.8.0_141, java.ext.dirs=C:\Program Files\Java\jdk1.8.0_141\jre\lib\ext;C:\WINDOWS\Sun\Java\lib\ext, sun.boot.class.path=C:\Program Files\Java\jdk1.8.0_141\jre\lib\resources.jar;C:\Program Files\Java\jdk1.8.0_141\jre\lib\rt.jar;C:\Program Files\Java\jdk1.8.0_141\jre\lib\sunrsasign.jar;C:\Program Files\Java\jdk1.8.0_141\jre\lib\jsse.jar;C:\Program Files\Java\jdk1.8.0_141\jre\lib\jce.jar;C:\Program Files\Java\jdk1.8.0_141\jre\lib\charsets.jar;C:\Program Files\Java\jdk1.8.0_141\jre\lib\jfr.jar;C:\Program Files\Java\jdk1.8.0_141\jre\classes, java.vendor=Oracle Corporation, localRepository=C:\Users\lalak\.m2\repository, file.separator=\, java.vendor.url.bug=http://bugreport.sun.com/bugreport/, hibernate.hbm2ddl.auto=update, sun.cpu.endian=little, sun.io.unicode.encoding=UnicodeLittle, sun.desktop=windows, sun.cpu.isalist=amd64}
17:40:01.350 [main] DEBUG org.hibernate.validator.engine.ResourceBundleMessageInterpolator - ValidationMessages not found. Delegating to org.hibernate.validator.ValidationMessages
17:40:01.353 [main] DEBUG org.hibernate.validator.engine.resolver.DefaultTraversableResolver - Found javax.persistence.PersistenceUtil on classpath.
17:40:01.354 [main] INFO org.hibernate.validator.engine.resolver.DefaultTraversableResolver - Instantiated an instance of org.hibernate.validator.engine.resolver.JPATraversableResolver.
17:40:01.355 [main] DEBUG org.hibernate.validator.xml.ValidationXmlParser - No META-INF/validation.xml found. Using annotation based configuration only
17:40:01.369 [main] DEBUG org.hibernate.secure.spi.JaccIntegrator - Skipping JACC integration as it was not enabled
17:40:01.370 [main] DEBUG org.hibernate.id.factory.internal.DefaultIdentifierGeneratorFactory - Setting dialect [org.hibernate.dialect.H2Dialect]
17:40:01.370 [main] DEBUG org.hibernate.id.factory.internal.DefaultIdentifierGeneratorFactory - Setting dialect [org.hibernate.dialect.H2Dialect]
17:40:01.370 [main] DEBUG org.hibernate.id.factory.internal.DefaultIdentifierGeneratorFactory - Setting dialect [org.hibernate.dialect.H2Dialect]
17:40:01.370 [main] DEBUG org.hibernate.id.factory.internal.DefaultIdentifierGeneratorFactory - Setting dialect [org.hibernate.dialect.H2Dialect]
17:40:01.370 [main] DEBUG org.hibernate.id.factory.internal.DefaultIdentifierGeneratorFactory - Setting dialect [org.hibernate.dialect.H2Dialect]
17:40:01.370 [main] DEBUG org.hibernate.id.factory.internal.DefaultIdentifierGeneratorFactory - Setting dialect [org.hibernate.dialect.H2Dialect]
17:40:01.370 [main] DEBUG org.hibernate.id.factory.internal.DefaultIdentifierGeneratorFactory - Setting dialect [org.hibernate.dialect.H2Dialect]
17:40:01.370 [main] DEBUG org.hibernate.id.factory.internal.DefaultIdentifierGeneratorFactory - Setting dialect [org.hibernate.dialect.H2Dialect]
17:40:01.370 [main] DEBUG org.hibernate.id.factory.internal.DefaultIdentifierGeneratorFactory - Setting dialect [org.hibernate.dialect.H2Dialect]
17:40:01.370 [main] DEBUG org.hibernate.id.factory.internal.DefaultIdentifierGeneratorFactory - Setting dialect [org.hibernate.dialect.H2Dialect]
17:40:01.388 [main] DEBUG org.hibernate.persister.entity.AbstractEntityPersister - Static SQL for entity: com.niit.model.FileUpload
17:40:01.388 [main] DEBUG org.hibernate.persister.entity.AbstractEntityPersister -  Version select: select ProfilePicsId from CProfilePic where ProfilePicsId =?
17:40:01.388 [main] DEBUG org.hibernate.persister.entity.AbstractEntityPersister -  Snapshot select: select fileupload_.ProfilePicsId, fileupload_.filedata as filedata2_7_, fileupload_.filename as filename3_7_, fileupload_.userId as userId4_7_ from CProfilePic fileupload_ where fileupload_.ProfilePicsId=?
17:40:01.388 [main] DEBUG org.hibernate.persister.entity.AbstractEntityPersister -  Insert 0: insert into CProfilePic (filedata, filename, userId, ProfilePicsId) values (?, ?, ?, ?)
17:40:01.388 [main] DEBUG org.hibernate.persister.entity.AbstractEntityPersister -  Update 0: update CProfilePic set filedata=?, filename=?, userId=? where ProfilePicsId=?
17:40:01.389 [main] DEBUG org.hibernate.persister.entity.AbstractEntityPersister -  Delete 0: delete from CProfilePic where ProfilePicsId=?
17:40:01.389 [main] DEBUG org.hibernate.persister.entity.AbstractEntityPersister -  Identity insert: insert into CProfilePic (ProfilePicsId, filedata, filename, userId) values (null, ?, ?, ?)
17:40:01.389 [main] DEBUG org.hibernate.loader.plan.build.internal.spaces.QuerySpacesImpl - Adding QuerySpace : uid = &lt;gen:0&gt; -&gt; org.hibernate.loader.plan.build.internal.spaces.EntityQuerySpaceImpl@102efc59]
17:40:01.389 [main] DEBUG org.hibernate.persister.walking.spi.MetamodelGraphWalker - Visiting attribute path : filedata
17:40:01.389 [main] DEBUG org.hibernate.persister.walking.spi.MetamodelGraphWalker - Visiting attribute path : filename
17:40:01.389 [main] DEBUG org.hibernate.persister.walking.spi.MetamodelGraphWalker - Visiting attribute path : userId
17:40:01.389 [main] DEBUG org.hibernate.loader.plan.build.internal.FetchStyleLoadPlanBuildingAssociationVisitationStrategy - Building LoadPlan...
17:40:01.389 [main] DEBUG org.hibernate.loader.plan.exec.internal.LoadQueryJoinAndFetchProcessor - processing queryspace &lt;gen:0&gt;
17:40:01.389 [main] DEBUG org.hibernate.loader.plan.build.spi.LoadPlanTreePrinter - LoadPlan(entity=com.niit.model.FileUpload)
    - Returns
       - EntityReturnImpl(entity=com.niit.model.FileUpload, querySpaceUid=&lt;gen:0&gt;, path=com.niit.model.FileUpload)
    - QuerySpaces
       - EntityQuerySpaceImpl(uid=&lt;gen:0&gt;, entity=com.niit.model.FileUpload)
          - SQL table alias mapping - fileupload0_
          - alias suffix - 0_
          - suffixed key columns - {ProfileP1_7_0_}

17:40:01.390 [main] DEBUG org.hibernate.loader.entity.plan.EntityLoader - Static select for entity com.niit.model.FileUpload [NONE]: select fileupload0_.ProfilePicsId as ProfileP1_7_0_, fileupload0_.filedata as filedata2_7_0_, fileupload0_.filename as filename3_7_0_, fileupload0_.userId as userId4_7_0_ from CProfilePic fileupload0_ where fileupload0_.ProfilePicsId=?
17:40:01.390 [main] DEBUG org.hibernate.loader.plan.build.internal.spaces.QuerySpacesImpl - Adding QuerySpace : uid = &lt;gen:0&gt; -&gt; org.hibernate.loader.plan.build.internal.spaces.EntityQuerySpaceImpl@e8e0dec]
17:40:01.390 [main] DEBUG org.hibernate.persister.walking.spi.MetamodelGraphWalker - Visiting attribute path : filedata
17:40:01.390 [main] DEBUG org.hibernate.persister.walking.spi.MetamodelGraphWalker - Visiting attribute path : filename
17:40:01.390 [main] DEBUG org.hibernate.persister.walking.spi.MetamodelGraphWalker - Visiting attribute path : userId
17:40:01.390 [main] DEBUG org.hibernate.loader.plan.build.internal.FetchStyleLoadPlanBuildingAssociationVisitationStrategy - Building LoadPlan...
17:40:01.390 [main] DEBUG org.hibernate.loader.plan.exec.internal.LoadQueryJoinAndFetchProcessor - processing queryspace &lt;gen:0&gt;
17:40:01.391 [main] DEBUG org.hibernate.loader.plan.build.spi.LoadPlanTreePrinter - LoadPlan(entity=com.niit.model.FileUpload)
    - Returns
       - EntityReturnImpl(entity=com.niit.model.FileUpload, querySpaceUid=&lt;gen:0&gt;, path=com.niit.model.FileUpload)
    - QuerySpaces
       - EntityQuerySpaceImpl(uid=&lt;gen:0&gt;, entity=com.niit.model.FileUpload)
          - SQL table alias mapping - fileupload0_
          - alias suffix - 0_
          - suffixed key columns - {ProfileP1_7_0_}

17:40:01.391 [main] DEBUG org.hibernate.loader.entity.plan.EntityLoader - Static select for entity com.niit.model.FileUpload [READ]: select fileupload0_.ProfilePicsId as ProfileP1_7_0_, fileupload0_.filedata as filedata2_7_0_, fileupload0_.filename as filename3_7_0_, fileupload0_.userId as userId4_7_0_ from CProfilePic fileupload0_ where fileupload0_.ProfilePicsId=?
17:40:01.391 [main] DEBUG org.hibernate.loader.plan.build.internal.spaces.QuerySpacesImpl - Adding QuerySpace : uid = &lt;gen:0&gt; -&gt; org.hibernate.loader.plan.build.internal.spaces.EntityQuerySpaceImpl@75fa1be3]
17:40:01.391 [main] DEBUG org.hibernate.persister.walking.spi.MetamodelGraphWalker - Visiting attribute path : filedata
17:40:01.391 [main] DEBUG org.hibernate.persister.walking.spi.MetamodelGraphWalker - Visiting attribute path : filename
17:40:01.391 [main] DEBUG org.hibernate.persister.walking.spi.MetamodelGraphWalker - Visiting attribute path : userId
17:40:01.391 [main] DEBUG org.hibernate.loader.plan.build.internal.FetchStyleLoadPlanBuildingAssociationVisitationStrategy - Building LoadPlan...
17:40:01.392 [main] DEBUG org.hibernate.loader.plan.exec.internal.LoadQueryJoinAndFetchProcessor - processing queryspace &lt;gen:0&gt;
17:40:01.392 [main] DEBUG org.hibernate.loader.plan.build.spi.LoadPlanTreePrinter - LoadPlan(entity=com.niit.model.FileUpload)
    - Returns
       - EntityReturnImpl(entity=com.niit.model.FileUpload, querySpaceUid=&lt;gen:0&gt;, path=com.niit.model.FileUpload)
    - QuerySpaces
       - EntityQuerySpaceImpl(uid=&lt;gen:0&gt;, entity=com.niit.model.FileUpload)
          - SQL table alias mapping - fileupload0_
          - alias suffix - 0_
          - suffixed key columns - {ProfileP1_7_0_}

17:40:01.392 [main] DEBUG org.hibernate.loader.entity.plan.EntityLoader - Static select for entity com.niit.model.FileUpload [UPGRADE]: select fileupload0_.ProfilePicsId as ProfileP1_7_0_, fileupload0_.filedata as filedata2_7_0_, fileupload0_.filename as filename3_7_0_, fileupload0_.userId as userId4_7_0_ from CProfilePic fileupload0_ where fileupload0_.ProfilePicsId=? for update
17:40:01.392 [main] DEBUG org.hibernate.loader.plan.build.internal.spaces.QuerySpacesImpl - Adding QuerySpace : uid = &lt;gen:0&gt; -&gt; org.hibernate.loader.plan.build.internal.spaces.EntityQuerySpaceImpl@42714a7]
17:40:01.393 [main] DEBUG org.hibernate.persister.walking.spi.MetamodelGraphWalker - Visiting attribute path : filedata
17:40:01.393 [main] DEBUG org.hibernate.persister.walking.spi.MetamodelGraphWalker - Visiting attribute path : filename
17:40:01.393 [main] DEBUG org.hibernate.persister.walking.spi.MetamodelGraphWalker - Visiting attribute path : userId
17:40:01.393 [main] DEBUG org.hibernate.loader.plan.build.internal.FetchStyleLoadPlanBuildingAssociationVisitationStrategy - Building LoadPlan...
17:40:01.394 [main] DEBUG org.hibernate.loader.plan.exec.internal.LoadQueryJoinAndFetchProcessor - processing queryspace &lt;gen:0&gt;
17:40:01.394 [main] DEBUG org.hibernate.loader.plan.build.spi.LoadPlanTreePrinter - LoadPlan(entity=com.niit.model.FileUpload)
    - Returns
       - EntityReturnImpl(entity=com.niit.model.FileUpload, querySpaceUid=&lt;gen:0&gt;, path=com.niit.model.FileUpload)
    - QuerySpaces
       - EntityQuerySpaceImpl(uid=&lt;gen:0&gt;, entity=com.niit.model.FileUpload)
          - SQL table alias mapping - fileupload0_
          - alias suffix - 0_
          - suffixed key columns - {ProfileP1_7_0_}

17:40:01.394 [main] DEBUG org.hibernate.loader.entity.plan.EntityLoader - Static select for entity com.niit.model.FileUpload [UPGRADE_NOWAIT]: select fileupload0_.ProfilePicsId as ProfileP1_7_0_, fileupload0_.filedata as filedata2_7_0_, fileupload0_.filename as filename3_7_0_, fileupload0_.userId as userId4_7_0_ from CProfilePic fileupload0_ where fileupload0_.ProfilePicsId=? for update
17:40:01.394 [main] DEBUG org.hibernate.loader.plan.build.internal.spaces.QuerySpacesImpl - Adding QuerySpace : uid = &lt;gen:0&gt; -&gt; org.hibernate.loader.plan.build.internal.spaces.EntityQuerySpaceImpl@3ce53f6a]
17:40:01.394 [main] DEBUG org.hibernate.persister.walking.spi.MetamodelGraphWalker - Visiting attribute path : filedata
17:40:01.394 [main] DEBUG org.hibernate.persister.walking.spi.MetamodelGraphWalker - Visiting attribute path : filename
17:40:01.395 [main] DEBUG org.hibernate.persister.walking.spi.MetamodelGraphWalker - Visiting attribute path : userId
17:40:01.395 [main] DEBUG org.hibernate.loader.plan.build.internal.FetchStyleLoadPlanBuildingAssociationVisitationStrategy - Building LoadPlan...
17:40:01.395 [main] DEBUG org.hibernate.loader.plan.exec.internal.LoadQueryJoinAndFetchProcessor - processing queryspace &lt;gen:0&gt;
17:40:01.395 [main] DEBUG org.hibernate.loader.plan.build.spi.LoadPlanTreePrinter - LoadPlan(entity=com.niit.model.FileUpload)
    - Returns
       - EntityReturnImpl(entity=com.niit.model.FileUpload, querySpaceUid=&lt;gen:0&gt;, path=com.niit.model.FileUpload)
    - QuerySpaces
       - EntityQuerySpaceImpl(uid=&lt;gen:0&gt;, entity=com.niit.model.FileUpload)
          - SQL table alias mapping - fileupload0_
          - alias suffix - 0_
          - suffixed key columns - {ProfileP1_7_0_}

17:40:01.395 [main] DEBUG org.hibernate.loader.entity.plan.EntityLoader - Static select for entity com.niit.model.FileUpload [UPGRADE_SKIPLOCKED]: select fileupload0_.ProfilePicsId as ProfileP1_7_0_, fileupload0_.filedata as filedata2_7_0_, fileupload0_.filename as filename3_7_0_, fileupload0_.userId as userId4_7_0_ from CProfilePic fileupload0_ where fileupload0_.ProfilePicsId=? for update
17:40:01.395 [main] DEBUG org.hibernate.loader.plan.build.internal.spaces.QuerySpacesImpl - Adding QuerySpace : uid = &lt;gen:0&gt; -&gt; org.hibernate.loader.plan.build.internal.spaces.EntityQuerySpaceImpl@3ee69ad8]
17:40:01.396 [main] DEBUG org.hibernate.persister.walking.spi.MetamodelGraphWalker - Visiting attribute path : filedata
17:40:01.396 [main] DEBUG org.hibernate.persister.walking.spi.MetamodelGraphWalker - Visiting attribute path : filename
17:40:01.396 [main] DEBUG org.hibernate.persister.walking.spi.MetamodelGraphWalker - Visiting attribute path : userId
17:40:01.396 [main] DEBUG org.hibernate.loader.plan.build.internal.FetchStyleLoadPlanBuildingAssociationVisitationStrategy - Building LoadPlan...
17:40:01.396 [main] DEBUG org.hibernate.loader.plan.exec.internal.LoadQueryJoinAndFetchProcessor - processing queryspace &lt;gen:0&gt;
17:40:01.396 [main] DEBUG org.hibernate.loader.plan.build.spi.LoadPlanTreePrinter - LoadPlan(entity=com.niit.model.FileUpload)
    - Returns
       - EntityReturnImpl(entity=com.niit.model.FileUpload, querySpaceUid=&lt;gen:0&gt;, path=com.niit.model.FileUpload)
    - QuerySpaces
       - EntityQuerySpaceImpl(uid=&lt;gen:0&gt;, entity=com.niit.model.FileUpload)
          - SQL table alias mapping - fileupload0_
          - alias suffix - 0_
          - suffixed key columns - {ProfileP1_7_0_}

17:40:01.396 [main] DEBUG org.hibernate.loader.entity.plan.EntityLoader - Static select for entity com.niit.model.FileUpload [FORCE]: select fileupload0_.ProfilePicsId as ProfileP1_7_0_, fileupload0_.filedata as filedata2_7_0_, fileupload0_.filename as filename3_7_0_, fileupload0_.userId as userId4_7_0_ from CProfilePic fileupload0_ where fileupload0_.ProfilePicsId=? for update
17:40:01.396 [main] DEBUG org.hibernate.loader.plan.build.internal.spaces.QuerySpacesImpl - Adding QuerySpace : uid = &lt;gen:0&gt; -&gt; org.hibernate.loader.plan.build.internal.spaces.EntityQuerySpaceImpl@1a6cf771]
17:40:01.396 [main] DEBUG org.hibernate.persister.walking.spi.MetamodelGraphWalker - Visiting attribute path : filedata
17:40:01.396 [main] DEBUG org.hibernate.persister.walking.spi.MetamodelGraphWalker - Visiting attribute path : filename
17:40:01.396 [main] DEBUG org.hibernate.persister.walking.spi.MetamodelGraphWalker - Visiting attribute path : userId
17:40:01.397 [main] DEBUG org.hibernate.loader.plan.build.internal.FetchStyleLoadPlanBuildingAssociationVisitationStrategy - Building LoadPlan...
17:40:01.397 [main] DEBUG org.hibernate.loader.plan.exec.internal.LoadQueryJoinAndFetchProcessor - processing queryspace &lt;gen:0&gt;
17:40:01.397 [main] DEBUG org.hibernate.loader.plan.build.spi.LoadPlanTreePrinter - LoadPlan(entity=com.niit.model.FileUpload)
    - Returns
       - EntityReturnImpl(entity=com.niit.model.FileUpload, querySpaceUid=&lt;gen:0&gt;, path=com.niit.model.FileUpload)
    - QuerySpaces
       - EntityQuerySpaceImpl(uid=&lt;gen:0&gt;, entity=com.niit.model.FileUpload)
          - SQL table alias mapping - fileupload0_
          - alias suffix - 0_
          - suffixed key columns - {ProfileP1_7_0_}

17:40:01.397 [main] DEBUG org.hibernate.loader.entity.plan.EntityLoader - Static select for entity com.niit.model.FileUpload [PESSIMISTIC_READ]: select fileupload0_.ProfilePicsId as ProfileP1_7_0_, fileupload0_.filedata as filedata2_7_0_, fileupload0_.filename as filename3_7_0_, fileupload0_.userId as userId4_7_0_ from CProfilePic fileupload0_ where fileupload0_.ProfilePicsId=? for update
17:40:01.397 [main] DEBUG org.hibernate.loader.plan.build.internal.spaces.QuerySpacesImpl - Adding QuerySpace : uid = &lt;gen:0&gt; -&gt; org.hibernate.loader.plan.build.internal.spaces.EntityQuerySpaceImpl@53ed09e8]
17:40:01.398 [main] DEBUG org.hibernate.persister.walking.spi.MetamodelGraphWalker - Visiting attribute path : filedata
17:40:01.398 [main] DEBUG org.hibernate.persister.walking.spi.MetamodelGraphWalker - Visiting attribute path : filename
17:40:01.398 [main] DEBUG org.hibernate.persister.walking.spi.MetamodelGraphWalker - Visiting attribute path : userId
17:40:01.398 [main] DEBUG org.hibernate.loader.plan.build.internal.FetchStyleLoadPlanBuildingAssociationVisitationStrategy - Building LoadPlan...
17:40:01.399 [main] DEBUG org.hibernate.loader.plan.exec.internal.LoadQueryJoinAndFetchProcessor - processing queryspace &lt;gen:0&gt;
17:40:01.399 [main] DEBUG org.hibernate.loader.plan.build.spi.LoadPlanTreePrinter - LoadPlan(entity=com.niit.model.FileUpload)
    - Returns
       - EntityReturnImpl(entity=com.niit.model.FileUpload, querySpaceUid=&lt;gen:0&gt;, path=com.niit.model.FileUpload)
    - QuerySpaces
       - EntityQuerySpaceImpl(uid=&lt;gen:0&gt;, entity=com.niit.model.FileUpload)
          - SQL table alias mapping - fileupload0_
          - alias suffix - 0_
          - suffixed key columns - {ProfileP1_7_0_}

17:40:01.399 [main] DEBUG org.hibernate.loader.entity.plan.EntityLoader - Static select for entity com.niit.model.FileUpload [PESSIMISTIC_WRITE]: select fileupload0_.ProfilePicsId as ProfileP1_7_0_, fileupload0_.filedata as filedata2_7_0_, fileupload0_.filename as filename3_7_0_, fileupload0_.userId as userId4_7_0_ from CProfilePic fileupload0_ where fileupload0_.ProfilePicsId=? for update
17:40:01.399 [main] DEBUG org.hibernate.loader.plan.build.internal.spaces.QuerySpacesImpl - Adding QuerySpace : uid = &lt;gen:0&gt; -&gt; org.hibernate.loader.plan.build.internal.spaces.EntityQuerySpaceImpl@1daf3b44]
17:40:01.399 [main] DEBUG org.hibernate.persister.walking.spi.MetamodelGraphWalker - Visiting attribute path : filedata
17:40:01.399 [main] DEBUG org.hibernate.persister.walking.spi.MetamodelGraphWalker - Visiting attribute path : filename
17:40:01.399 [main] DEBUG org.hibernate.persister.walking.spi.MetamodelGraphWalker - Visiting attribute path : userId
17:40:01.399 [main] DEBUG org.hibernate.loader.plan.build.internal.FetchStyleLoadPlanBuildingAssociationVisitationStrategy - Building LoadPlan...
17:40:01.400 [main] DEBUG org.hibernate.loader.plan.exec.internal.LoadQueryJoinAndFetchProcessor - processing queryspace &lt;gen:0&gt;
17:40:01.402 [main] DEBUG org.hibernate.loader.plan.build.spi.LoadPlanTreePrinter - LoadPlan(entity=com.niit.model.FileUpload)
    - Returns
       - EntityReturnImpl(entity=com.niit.model.FileUpload, querySpaceUid=&lt;gen:0&gt;, path=com.niit.model.FileUpload)
    - QuerySpaces
       - EntityQuerySpaceImpl(uid=&lt;gen:0&gt;, entity=com.niit.model.FileUpload)
          - SQL table alias mapping - fileupload0_
          - alias suffix - 0_
          - suffixed key columns - {ProfileP1_7_0_}

17:40:01.402 [main] DEBUG org.hibernate.loader.entity.plan.EntityLoader - Static select for entity com.niit.model.FileUpload [PESSIMISTIC_FORCE_INCREMENT]: select fileupload0_.ProfilePicsId as ProfileP1_7_0_, fileupload0_.filedata as filedata2_7_0_, fileupload0_.filename as filename3_7_0_, fileupload0_.userId as userId4_7_0_ from CProfilePic fileupload0_ where fileupload0_.ProfilePicsId=? for update
17:40:01.403 [main] DEBUG org.hibernate.loader.plan.build.internal.spaces.QuerySpacesImpl - Adding QuerySpace : uid = &lt;gen:0&gt; -&gt; org.hibernate.loader.plan.build.internal.spaces.EntityQuerySpaceImpl@44c13103]
17:40:01.403 [main] DEBUG org.hibernate.persister.walking.spi.MetamodelGraphWalker - Visiting attribute path : filedata
17:40:01.403 [main] DEBUG org.hibernate.persister.walking.spi.MetamodelGraphWalker - Visiting attribute path : filename
17:40:01.403 [main] DEBUG org.hibernate.persister.walking.spi.MetamodelGraphWalker - Visiting attribute path : userId
17:40:01.403 [main] DEBUG org.hibernate.loader.plan.build.internal.FetchStyleLoadPlanBuildingAssociationVisitationStrategy - Building LoadPlan...
17:40:01.403 [main] DEBUG org.hibernate.loader.plan.exec.internal.LoadQueryJoinAndFetchProcessor - processing queryspace &lt;gen:0&gt;
17:40:01.403 [main] DEBUG org.hibernate.loader.plan.build.spi.LoadPlanTreePrinter - LoadPlan(entity=com.niit.model.FileUpload)
    - Returns
       - EntityReturnImpl(entity=com.niit.model.FileUpload, querySpaceUid=&lt;gen:0&gt;, path=com.niit.model.FileUpload)
    - QuerySpaces
       - EntityQuerySpaceImpl(uid=&lt;gen:0&gt;, entity=com.niit.model.FileUpload)
          - SQL table alias mapping - fileupload0_
          - alias suffix - 0_
          - suffixed key columns - {ProfileP1_7_0_}

17:40:01.403 [main] DEBUG org.hibernate.loader.entity.plan.EntityLoader - Static select for entity com.niit.model.FileUpload [OPTIMISTIC]: select fileupload0_.ProfilePicsId as ProfileP1_7_0_, fileupload0_.filedata as filedata2_7_0_, fileupload0_.filename as filename3_7_0_, fileupload0_.userId as userId4_7_0_ from CProfilePic fileupload0_ where fileupload0_.ProfilePicsId=?
17:40:01.404 [main] DEBUG org.hibernate.loader.plan.build.internal.spaces.QuerySpacesImpl - Adding QuerySpace : uid = &lt;gen:0&gt; -&gt; org.hibernate.loader.plan.build.internal.spaces.EntityQuerySpaceImpl@6c6366cf]
17:40:01.404 [main] DEBUG org.hibernate.persister.walking.spi.MetamodelGraphWalker - Visiting attribute path : filedata
17:40:01.404 [main] DEBUG org.hibernate.persister.walking.spi.MetamodelGraphWalker - Visiting attribute path : filename
17:40:01.404 [main] DEBUG org.hibernate.persister.walking.spi.MetamodelGraphWalker - Visiting attribute path : userId
17:40:01.404 [main] DEBUG org.hibernate.loader.plan.build.internal.FetchStyleLoadPlanBuildingAssociationVisitationStrategy - Building LoadPlan...
17:40:01.404 [main] DEBUG org.hibernate.loader.plan.exec.internal.LoadQueryJoinAndFetchProcessor - processing queryspace &lt;gen:0&gt;
17:40:01.405 [main] DEBUG org.hibernate.loader.plan.build.spi.LoadPlanTreePrinter - LoadPlan(entity=com.niit.model.FileUpload)
    - Returns
       - EntityReturnImpl(entity=com.niit.model.FileUpload, querySpaceUid=&lt;gen:0&gt;, path=com.niit.model.FileUpload)
    - QuerySpaces
       - EntityQuerySpaceImpl(uid=&lt;gen:0&gt;, entity=com.niit.model.FileUpload)
          - SQL table alias mapping - fileupload0_
          - alias suffix - 0_
          - suffixed key columns - {ProfileP1_7_0_}

17:40:01.408 [main] DEBUG org.hibernate.loader.entity.plan.EntityLoader - Static select for entity com.niit.model.FileUpload [OPTIMISTIC_FORCE_INCREMENT]: select fileupload0_.ProfilePicsId as ProfileP1_7_0_, fileupload0_.filedata as filedata2_7_0_, fileupload0_.filename as filename3_7_0_, fileupload0_.userId as userId4_7_0_ from CProfilePic fileupload0_ where fileupload0_.ProfilePicsId=?
17:40:01.409 [main] DEBUG org.hibernate.loader.Loader - Static select for action ACTION_MERGE on entity com.niit.model.FileUpload: select fileupload0_.ProfilePicsId as ProfileP1_7_0_, fileupload0_.filedata as filedata2_7_0_, fileupload0_.filename as filename3_7_0_, fileupload0_.userId as userId4_7_0_ from CProfilePic fileupload0_ where fileupload0_.ProfilePicsId=?
17:40:01.409 [main] DEBUG org.hibernate.loader.Loader - Static select for action ACTION_REFRESH on entity com.niit.model.FileUpload: select fileupload0_.ProfilePicsId as ProfileP1_7_0_, fileupload0_.filedata as filedata2_7_0_, fileupload0_.filename as filename3_7_0_, fileupload0_.userId as userId4_7_0_ from CProfilePic fileupload0_ where fileupload0_.ProfilePicsId=?
17:40:01.410 [main] DEBUG org.hibernate.persister.entity.AbstractEntityPersister - Static SQL for entity: com.niit.model.Forum
17:40:01.410 [main] DEBUG org.hibernate.persister.entity.AbstractEntityPersister -  Version select: select forumId from CForum where forumId =?
17:40:01.410 [main] DEBUG org.hibernate.persister.entity.AbstractEntityPersister -  Snapshot select: select forum_.forumId, forum_.createDate as createDa2_2_, forum_.forumContent as forumCon3_2_, forum_.forumName as forumNam4_2_, forum_.remarks as remarks5_2_, forum_.status as status6_2_, forum_.userId as userId7_2_ from CForum forum_ where forum_.forumId=?
17:40:01.410 [main] DEBUG org.hibernate.persister.entity.AbstractEntityPersister -  Insert 0: insert into CForum (createDate, forumContent, forumName, remarks, status, userId, forumId) values (?, ?, ?, ?, ?, ?, ?)
17:40:01.411 [main] DEBUG org.hibernate.persister.entity.AbstractEntityPersister -  Update 0: update CForum set createDate=?, forumContent=?, forumName=?, remarks=?, status=?, userId=? where forumId=?
17:40:01.411 [main] DEBUG org.hibernate.persister.entity.AbstractEntityPersister -  Delete 0: delete from CForum where forumId=?
17:40:01.411 [main] DEBUG org.hibernate.loader.plan.build.internal.spaces.QuerySpacesImpl - Adding QuerySpace : uid = &lt;gen:0&gt; -&gt; org.hibernate.loader.plan.build.internal.spaces.EntityQuerySpaceImpl@18acfe88]
17:40:01.411 [main] DEBUG org.hibernate.persister.walking.spi.MetamodelGraphWalker - Visiting attribute path : createDate
17:40:01.411 [main] DEBUG org.hibernate.persister.walking.spi.MetamodelGraphWalker - Visiting attribute path : forumContent
17:40:01.411 [main] DEBUG org.hibernate.persister.walking.spi.MetamodelGraphWalker - Visiting attribute path : forumName
17:40:01.411 [main] DEBUG org.hibernate.persister.walking.spi.MetamodelGraphWalker - Visiting attribute path : remarks
17:40:01.411 [main] DEBUG org.hibernate.persister.walking.spi.MetamodelGraphWalker - Visiting attribute path : status
17:40:01.411 [main] DEBUG org.hibernate.persister.walking.spi.MetamodelGraphWalker - Visiting attribute path : userId
17:40:01.412 [main] DEBUG org.hibernate.loader.plan.build.internal.FetchStyleLoadPlanBuildingAssociationVisitationStrategy - Building LoadPlan...
17:40:01.412 [main] DEBUG org.hibernate.loader.plan.exec.internal.LoadQueryJoinAndFetchProcessor - processing queryspace &lt;gen:0&gt;
17:40:01.412 [main] DEBUG org.hibernate.loader.plan.build.spi.LoadPlanTreePrinter - LoadPlan(entity=com.niit.model.Forum)
    - Returns
       - EntityReturnImpl(entity=com.niit.model.Forum, querySpaceUid=&lt;gen:0&gt;, path=com.niit.model.Forum)
    - QuerySpaces
       - EntityQuerySpaceImpl(uid=&lt;gen:0&gt;, entity=com.niit.model.Forum)
          - SQL table alias mapping - forum0_
          - alias suffix - 0_
          - suffixed key columns - {forumId1_2_0_}

17:40:01.413 [main] DEBUG org.hibernate.loader.entity.plan.EntityLoader - Static select for entity com.niit.model.Forum [NONE]: select forum0_.forumId as forumId1_2_0_, forum0_.createDate as createDa2_2_0_, forum0_.forumContent as forumCon3_2_0_, forum0_.forumName as forumNam4_2_0_, forum0_.remarks as remarks5_2_0_, forum0_.status as status6_2_0_, forum0_.userId as userId7_2_0_ from CForum forum0_ where forum0_.forumId=?
17:40:01.413 [main] DEBUG org.hibernate.loader.plan.build.internal.spaces.QuerySpacesImpl - Adding QuerySpace : uid = &lt;gen:0&gt; -&gt; org.hibernate.loader.plan.build.internal.spaces.EntityQuerySpaceImpl@772861aa]
17:40:01.413 [main] DEBUG org.hibernate.persister.walking.spi.MetamodelGraphWalker - Visiting attribute path : createDate
17:40:01.413 [main] DEBUG org.hibernate.persister.walking.spi.MetamodelGraphWalker - Visiting attribute path : forumContent
17:40:01.413 [main] DEBUG org.hibernate.persister.walking.spi.MetamodelGraphWalker - Visiting attribute path : forumName
17:40:01.413 [main] DEBUG org.hibernate.persister.walking.spi.MetamodelGraphWalker - Visiting attribute path : remarks
17:40:01.413 [main] DEBUG org.hibernate.persister.walking.spi.MetamodelGraphWalker - Visiting attribute path : status
17:40:01.413 [main] DEBUG org.hibernate.persister.walking.spi.MetamodelGraphWalker - Visiting attribute path : userId
17:40:01.413 [main] DEBUG org.hibernate.loader.plan.build.internal.FetchStyleLoadPlanBuildingAssociationVisitationStrategy - Building LoadPlan...
17:40:01.413 [main] DEBUG org.hibernate.loader.plan.exec.internal.LoadQueryJoinAndFetchProcessor - processing queryspace &lt;gen:0&gt;
17:40:01.414 [main] DEBUG org.hibernate.loader.plan.build.spi.LoadPlanTreePrinter - LoadPlan(entity=com.niit.model.Forum)
    - Returns
       - EntityReturnImpl(entity=com.niit.model.Forum, querySpaceUid=&lt;gen:0&gt;, path=com.niit.model.Forum)
    - QuerySpaces
       - EntityQuerySpaceImpl(uid=&lt;gen:0&gt;, entity=com.niit.model.Forum)
          - SQL table alias mapping - forum0_
          - alias suffix - 0_
          - suffixed key columns - {forumId1_2_0_}

17:40:01.414 [main] DEBUG org.hibernate.loader.entity.plan.EntityLoader - Static select for entity com.niit.model.Forum [READ]: select forum0_.forumId as forumId1_2_0_, forum0_.createDate as createDa2_2_0_, forum0_.forumContent as forumCon3_2_0_, forum0_.forumName as forumNam4_2_0_, forum0_.remarks as remarks5_2_0_, forum0_.status as status6_2_0_, forum0_.userId as userId7_2_0_ from CForum forum0_ where forum0_.forumId=?
17:40:01.414 [main] DEBUG org.hibernate.loader.plan.build.internal.spaces.QuerySpacesImpl - Adding QuerySpace : uid = &lt;gen:0&gt; -&gt; org.hibernate.loader.plan.build.internal.spaces.EntityQuerySpaceImpl@19962194]
17:40:01.414 [main] DEBUG org.hibernate.persister.walking.spi.MetamodelGraphWalker - Visiting attribute path : createDate
17:40:01.414 [main] DEBUG org.hibernate.persister.walking.spi.MetamodelGraphWalker - Visiting attribute path : forumContent
17:40:01.414 [main] DEBUG org.hibernate.persister.walking.spi.MetamodelGraphWalker - Visiting attribute path : forumName
17:40:01.414 [main] DEBUG org.hibernate.persister.walking.spi.MetamodelGraphWalker - Visiting attribute path : remarks
17:40:01.414 [main] DEBUG org.hibernate.persister.walking.spi.MetamodelGraphWalker - Visiting attribute path : status
17:40:01.414 [main] DEBUG org.hibernate.persister.walking.spi.MetamodelGraphWalker - Visiting attribute path : userId
17:40:01.414 [main] DEBUG org.hibernate.loader.plan.build.internal.FetchStyleLoadPlanBuildingAssociationVisitationStrategy - Building LoadPlan...
17:40:01.414 [main] DEBUG org.hibernate.loader.plan.exec.internal.LoadQueryJoinAndFetchProcessor - processing queryspace &lt;gen:0&gt;
17:40:01.415 [main] DEBUG org.hibernate.loader.plan.build.spi.LoadPlanTreePrinter - LoadPlan(entity=com.niit.model.Forum)
    - Returns
       - EntityReturnImpl(entity=com.niit.model.Forum, querySpaceUid=&lt;gen:0&gt;, path=com.niit.model.Forum)
    - QuerySpaces
       - EntityQuerySpaceImpl(uid=&lt;gen:0&gt;, entity=com.niit.model.Forum)
          - SQL table alias mapping - forum0_
          - alias suffix - 0_
          - suffixed key columns - {forumId1_2_0_}

17:40:01.415 [main] DEBUG org.hibernate.loader.entity.plan.EntityLoader - Static select for entity com.niit.model.Forum [UPGRADE]: select forum0_.forumId as forumId1_2_0_, forum0_.createDate as createDa2_2_0_, forum0_.forumContent as forumCon3_2_0_, forum0_.forumName as forumNam4_2_0_, forum0_.remarks as remarks5_2_0_, forum0_.status as status6_2_0_, forum0_.userId as userId7_2_0_ from CForum forum0_ where forum0_.forumId=? for update
17:40:01.415 [main] DEBUG org.hibernate.loader.plan.build.internal.spaces.QuerySpacesImpl - Adding QuerySpace : uid = &lt;gen:0&gt; -&gt; org.hibernate.loader.plan.build.internal.spaces.EntityQuerySpaceImpl@7c8f9c2e]
17:40:01.415 [main] DEBUG org.hibernate.persister.walking.spi.MetamodelGraphWalker - Visiting attribute path : createDate
17:40:01.415 [main] DEBUG org.hibernate.persister.walking.spi.MetamodelGraphWalker - Visiting attribute path : forumContent
17:40:01.415 [main] DEBUG org.hibernate.persister.walking.spi.MetamodelGraphWalker - Visiting attribute path : forumName
17:40:01.415 [main] DEBUG org.hibernate.persister.walking.spi.MetamodelGraphWalker - Visiting attribute path : remarks
17:40:01.415 [main] DEBUG org.hibernate.persister.walking.spi.MetamodelGraphWalker - Visiting attribute path : status
17:40:01.415 [main] DEBUG org.hibernate.persister.walking.spi.MetamodelGraphWalker - Visiting attribute path : userId
17:40:01.415 [main] DEBUG org.hibernate.loader.plan.build.internal.FetchStyleLoadPlanBuildingAssociationVisitationStrategy - Building LoadPlan...
17:40:01.415 [main] DEBUG org.hibernate.loader.plan.exec.internal.LoadQueryJoinAndFetchProcessor - processing queryspace &lt;gen:0&gt;
17:40:01.416 [main] DEBUG org.hibernate.loader.plan.build.spi.LoadPlanTreePrinter - LoadPlan(entity=com.niit.model.Forum)
    - Returns
       - EntityReturnImpl(entity=com.niit.model.Forum, querySpaceUid=&lt;gen:0&gt;, path=com.niit.model.Forum)
    - QuerySpaces
       - EntityQuerySpaceImpl(uid=&lt;gen:0&gt;, entity=com.niit.model.Forum)
          - SQL table alias mapping - forum0_
          - alias suffix - 0_
          - suffixed key columns - {forumId1_2_0_}

17:40:01.416 [main] DEBUG org.hibernate.loader.entity.plan.EntityLoader - Static select for entity com.niit.model.Forum [UPGRADE_NOWAIT]: select forum0_.forumId as forumId1_2_0_, forum0_.createDate as createDa2_2_0_, forum0_.forumContent as forumCon3_2_0_, forum0_.forumName as forumNam4_2_0_, forum0_.remarks as remarks5_2_0_, forum0_.status as status6_2_0_, forum0_.userId as userId7_2_0_ from CForum forum0_ where forum0_.forumId=? for update
17:40:01.416 [main] DEBUG org.hibernate.loader.plan.build.internal.spaces.QuerySpacesImpl - Adding QuerySpace : uid = &lt;gen:0&gt; -&gt; org.hibernate.loader.plan.build.internal.spaces.EntityQuerySpaceImpl@3cbf1ba4]
17:40:01.416 [main] DEBUG org.hibernate.persister.walking.spi.MetamodelGraphWalker - Visiting attribute path : createDate
17:40:01.416 [main] DEBUG org.hibernate.persister.walking.spi.MetamodelGraphWalker - Visiting attribute path : forumContent
17:40:01.416 [main] DEBUG org.hibernate.persister.walking.spi.MetamodelGraphWalker - Visiting attribute path : forumName
17:40:01.416 [main] DEBUG org.hibernate.persister.walking.spi.MetamodelGraphWalker - Visiting attribute path : remarks
17:40:01.416 [main] DEBUG org.hibernate.persister.walking.spi.MetamodelGraphWalker - Visiting attribute path : status
17:40:01.416 [main] DEBUG org.hibernate.persister.walking.spi.MetamodelGraphWalker - Visiting attribute path : userId
17:40:01.416 [main] DEBUG org.hibernate.loader.plan.build.internal.FetchStyleLoadPlanBuildingAssociationVisitationStrategy - Building LoadPlan...
17:40:01.417 [main] DEBUG org.hibernate.loader.plan.exec.internal.LoadQueryJoinAndFetchProcessor - processing queryspace &lt;gen:0&gt;
17:40:01.417 [main] DEBUG org.hibernate.loader.plan.build.spi.LoadPlanTreePrinter - LoadPlan(entity=com.niit.model.Forum)
    - Returns
       - EntityReturnImpl(entity=com.niit.model.Forum, querySpaceUid=&lt;gen:0&gt;, path=com.niit.model.Forum)
    - QuerySpaces
       - EntityQuerySpaceImpl(uid=&lt;gen:0&gt;, entity=com.niit.model.Forum)
          - SQL table alias mapping - forum0_
          - alias suffix - 0_
          - suffixed key columns - {forumId1_2_0_}

17:40:01.417 [main] DEBUG org.hibernate.loader.entity.plan.EntityLoader - Static select for entity com.niit.model.Forum [UPGRADE_SKIPLOCKED]: select forum0_.forumId as forumId1_2_0_, forum0_.createDate as createDa2_2_0_, forum0_.forumContent as forumCon3_2_0_, forum0_.forumName as forumNam4_2_0_, forum0_.remarks as remarks5_2_0_, forum0_.status as status6_2_0_, forum0_.userId as userId7_2_0_ from CForum forum0_ where forum0_.forumId=? for update
17:40:01.417 [main] DEBUG org.hibernate.loader.plan.build.internal.spaces.QuerySpacesImpl - Adding QuerySpace : uid = &lt;gen:0&gt; -&gt; org.hibernate.loader.plan.build.internal.spaces.EntityQuerySpaceImpl@7e2c64]
17:40:01.417 [main] DEBUG org.hibernate.persister.walking.spi.MetamodelGraphWalker - Visiting attribute path : createDate
17:40:01.417 [main] DEBUG org.hibernate.persister.walking.spi.MetamodelGraphWalker - Visiting attribute path : forumContent
17:40:01.417 [main] DEBUG org.hibernate.persister.walking.spi.MetamodelGraphWalker - Visiting attribute path : forumName
17:40:01.417 [main] DEBUG org.hibernate.persister.walking.spi.MetamodelGraphWalker - Visiting attribute path : remarks
17:40:01.417 [main] DEBUG org.hibernate.persister.walking.spi.MetamodelGraphWalker - Visiting attribute path : status
17:40:01.418 [main] DEBUG org.hibernate.persister.walking.spi.MetamodelGraphWalker - Visiting attribute path : userId
17:40:01.418 [main] DEBUG org.hibernate.loader.plan.build.internal.FetchStyleLoadPlanBuildingAssociationVisitationStrategy - Building LoadPlan...
17:40:01.418 [main] DEBUG org.hibernate.loader.plan.exec.internal.LoadQueryJoinAndFetchProcessor - processing queryspace &lt;gen:0&gt;
17:40:01.418 [main] DEBUG org.hibernate.loader.plan.build.spi.LoadPlanTreePrinter - LoadPlan(entity=com.niit.model.Forum)
    - Returns
       - EntityReturnImpl(entity=com.niit.model.Forum, querySpaceUid=&lt;gen:0&gt;, path=com.niit.model.Forum)
    - QuerySpaces
       - EntityQuerySpaceImpl(uid=&lt;gen:0&gt;, entity=com.niit.model.Forum)
          - SQL table alias mapping - forum0_
          - alias suffix - 0_
          - suffixed key columns - {forumId1_2_0_}

17:40:01.418 [main] DEBUG org.hibernate.loader.entity.plan.EntityLoader - Static select for entity com.niit.model.Forum [FORCE]: select forum0_.forumId as forumId1_2_0_, forum0_.createDate as createDa2_2_0_, forum0_.forumContent as forumCon3_2_0_, forum0_.forumName as forumNam4_2_0_, forum0_.remarks as remarks5_2_0_, forum0_.status as status6_2_0_, forum0_.userId as userId7_2_0_ from CForum forum0_ where forum0_.forumId=? for update
17:40:01.419 [main] DEBUG org.hibernate.loader.plan.build.internal.spaces.QuerySpacesImpl - Adding QuerySpace : uid = &lt;gen:0&gt; -&gt; org.hibernate.loader.plan.build.internal.spaces.EntityQuerySpaceImpl@383864d5]
17:40:01.419 [main] DEBUG org.hibernate.persister.walking.spi.MetamodelGraphWalker - Visiting attribute path : createDate
17:40:01.419 [main] DEBUG org.hibernate.persister.walking.spi.MetamodelGraphWalker - Visiting attribute path : forumContent
17:40:01.419 [main] DEBUG org.hibernate.persister.walking.spi.MetamodelGraphWalker - Visiting attribute path : forumName
17:40:01.419 [main] DEBUG org.hibernate.persister.walking.spi.MetamodelGraphWalker - Visiting attribute path : remarks
17:40:01.419 [main] DEBUG org.hibernate.persister.walking.spi.MetamodelGraphWalker - Visiting attribute path : status
17:40:01.419 [main] DEBUG org.hibernate.persister.walking.spi.MetamodelGraphWalker - Visiting attribute path : userId
17:40:01.419 [main] DEBUG org.hibernate.loader.plan.build.internal.FetchStyleLoadPlanBuildingAssociationVisitationStrategy - Building LoadPlan...
17:40:01.419 [main] DEBUG org.hibernate.loader.plan.exec.internal.LoadQueryJoinAndFetchProcessor - processing queryspace &lt;gen:0&gt;
17:40:01.420 [main] DEBUG org.hibernate.loader.plan.build.spi.LoadPlanTreePrinter - LoadPlan(entity=com.niit.model.Forum)
    - Returns
       - EntityReturnImpl(entity=com.niit.model.Forum, querySpaceUid=&lt;gen:0&gt;, path=com.niit.model.Forum)
    - QuerySpaces
       - EntityQuerySpaceImpl(uid=&lt;gen:0&gt;, entity=com.niit.model.Forum)
          - SQL table alias mapping - forum0_
          - alias suffix - 0_
          - suffixed key columns - {forumId1_2_0_}

17:40:01.420 [main] DEBUG org.hibernate.loader.entity.plan.EntityLoader - Static select for entity com.niit.model.Forum [PESSIMISTIC_READ]: select forum0_.forumId as forumId1_2_0_, forum0_.createDate as createDa2_2_0_, forum0_.forumContent as forumCon3_2_0_, forum0_.forumName as forumNam4_2_0_, forum0_.remarks as remarks5_2_0_, forum0_.status as status6_2_0_, forum0_.userId as userId7_2_0_ from CForum forum0_ where forum0_.forumId=? for update
17:40:01.420 [main] DEBUG org.hibernate.loader.plan.build.internal.spaces.QuerySpacesImpl - Adding QuerySpace : uid = &lt;gen:0&gt; -&gt; org.hibernate.loader.plan.build.internal.spaces.EntityQuerySpaceImpl@4cb40e3b]
17:40:01.420 [main] DEBUG org.hibernate.persister.walking.spi.MetamodelGraphWalker - Visiting attribute path : createDate
17:40:01.420 [main] DEBUG org.hibernate.persister.walking.spi.MetamodelGraphWalker - Visiting attribute path : forumContent
17:40:01.420 [main] DEBUG org.hibernate.persister.walking.spi.MetamodelGraphWalker - Visiting attribute path : forumName
17:40:01.420 [main] DEBUG org.hibernate.persister.walking.spi.MetamodelGraphWalker - Visiting attribute path : remarks
17:40:01.420 [main] DEBUG org.hibernate.persister.walking.spi.MetamodelGraphWalker - Visiting attribute path : status
17:40:01.420 [main] DEBUG org.hibernate.persister.walking.spi.MetamodelGraphWalker - Visiting attribute path : userId
17:40:01.420 [main] DEBUG org.hibernate.loader.plan.build.internal.FetchStyleLoadPlanBuildingAssociationVisitationStrategy - Building LoadPlan...
17:40:01.420 [main] DEBUG org.hibernate.loader.plan.exec.internal.LoadQueryJoinAndFetchProcessor - processing queryspace &lt;gen:0&gt;
17:40:01.420 [main] DEBUG org.hibernate.loader.plan.build.spi.LoadPlanTreePrinter - LoadPlan(entity=com.niit.model.Forum)
    - Returns
       - EntityReturnImpl(entity=com.niit.model.Forum, querySpaceUid=&lt;gen:0&gt;, path=com.niit.model.Forum)
    - QuerySpaces
       - EntityQuerySpaceImpl(uid=&lt;gen:0&gt;, entity=com.niit.model.Forum)
          - SQL table alias mapping - forum0_
          - alias suffix - 0_
          - suffixed key columns - {forumId1_2_0_}

17:40:01.421 [main] DEBUG org.hibernate.loader.entity.plan.EntityLoader - Static select for entity com.niit.model.Forum [PESSIMISTIC_WRITE]: select forum0_.forumId as forumId1_2_0_, forum0_.createDate as createDa2_2_0_, forum0_.forumContent as forumCon3_2_0_, forum0_.forumName as forumNam4_2_0_, forum0_.remarks as remarks5_2_0_, forum0_.status as status6_2_0_, forum0_.userId as userId7_2_0_ from CForum forum0_ where forum0_.forumId=? for update
17:40:01.421 [main] DEBUG org.hibernate.loader.plan.build.internal.spaces.QuerySpacesImpl - Adding QuerySpace : uid = &lt;gen:0&gt; -&gt; org.hibernate.loader.plan.build.internal.spaces.EntityQuerySpaceImpl@3a543f31]
17:40:01.421 [main] DEBUG org.hibernate.persister.walking.spi.MetamodelGraphWalker - Visiting attribute path : createDate
17:40:01.421 [main] DEBUG org.hibernate.persister.walking.spi.MetamodelGraphWalker - Visiting attribute path : forumContent
17:40:01.421 [main] DEBUG org.hibernate.persister.walking.spi.MetamodelGraphWalker - Visiting attribute path : forumName
17:40:01.421 [main] DEBUG org.hibernate.persister.walking.spi.MetamodelGraphWalker - Visiting attribute path : remarks
17:40:01.421 [main] DEBUG org.hibernate.persister.walking.spi.MetamodelGraphWalker - Visiting attribute path : status
17:40:01.421 [main] DEBUG org.hibernate.persister.walking.spi.MetamodelGraphWalker - Visiting attribute path : userId
17:40:01.421 [main] DEBUG org.hibernate.loader.plan.build.internal.FetchStyleLoadPlanBuildingAssociationVisitationStrategy - Building LoadPlan...
17:40:01.421 [main] DEBUG org.hibernate.loader.plan.exec.internal.LoadQueryJoinAndFetchProcessor - processing queryspace &lt;gen:0&gt;
17:40:01.421 [main] DEBUG org.hibernate.loader.plan.build.spi.LoadPlanTreePrinter - LoadPlan(entity=com.niit.model.Forum)
    - Returns
       - EntityReturnImpl(entity=com.niit.model.Forum, querySpaceUid=&lt;gen:0&gt;, path=com.niit.model.Forum)
    - QuerySpaces
       - EntityQuerySpaceImpl(uid=&lt;gen:0&gt;, entity=com.niit.model.Forum)
          - SQL table alias mapping - forum0_
          - alias suffix - 0_
          - suffixed key columns - {forumId1_2_0_}

17:40:01.421 [main] DEBUG org.hibernate.loader.entity.plan.EntityLoader - Static select for entity com.niit.model.Forum [PESSIMISTIC_FORCE_INCREMENT]: select forum0_.forumId as forumId1_2_0_, forum0_.createDate as createDa2_2_0_, forum0_.forumContent as forumCon3_2_0_, forum0_.forumName as forumNam4_2_0_, forum0_.remarks as remarks5_2_0_, forum0_.status as status6_2_0_, forum0_.userId as userId7_2_0_ from CForum forum0_ where forum0_.forumId=? for update
17:40:01.422 [main] DEBUG org.hibernate.loader.plan.build.internal.spaces.QuerySpacesImpl - Adding QuerySpace : uid = &lt;gen:0&gt; -&gt; org.hibernate.loader.plan.build.internal.spaces.EntityQuerySpaceImpl@2b9f74d0]
17:40:01.422 [main] DEBUG org.hibernate.persister.walking.spi.MetamodelGraphWalker - Visiting attribute path : createDate
17:40:01.423 [main] DEBUG org.hibernate.persister.walking.spi.MetamodelGraphWalker - Visiting attribute path : forumContent
17:40:01.423 [main] DEBUG org.hibernate.persister.walking.spi.MetamodelGraphWalker - Visiting attribute path : forumName
17:40:01.423 [main] DEBUG org.hibernate.persister.walking.spi.MetamodelGraphWalker - Visiting attribute path : remarks
17:40:01.423 [main] DEBUG org.hibernate.persister.walking.spi.MetamodelGraphWalker - Visiting attribute path : status
17:40:01.423 [main] DEBUG org.hibernate.persister.walking.spi.MetamodelGraphWalker - Visiting attribute path : userId
17:40:01.423 [main] DEBUG org.hibernate.loader.plan.build.internal.FetchStyleLoadPlanBuildingAssociationVisitationStrategy - Building LoadPlan...
17:40:01.423 [main] DEBUG org.hibernate.loader.plan.exec.internal.LoadQueryJoinAndFetchProcessor - processing queryspace &lt;gen:0&gt;
17:40:01.424 [main] DEBUG org.hibernate.loader.plan.build.spi.LoadPlanTreePrinter - LoadPlan(entity=com.niit.model.Forum)
    - Returns
       - EntityReturnImpl(entity=com.niit.model.Forum, querySpaceUid=&lt;gen:0&gt;, path=com.niit.model.Forum)
    - QuerySpaces
       - EntityQuerySpaceImpl(uid=&lt;gen:0&gt;, entity=com.niit.model.Forum)
          - SQL table alias mapping - forum0_
          - alias suffix - 0_
          - suffixed key columns - {forumId1_2_0_}

17:40:01.424 [main] DEBUG org.hibernate.loader.entity.plan.EntityLoader - Static select for entity com.niit.model.Forum [OPTIMISTIC]: select forum0_.forumId as forumId1_2_0_, forum0_.createDate as createDa2_2_0_, forum0_.forumContent as forumCon3_2_0_, forum0_.forumName as forumNam4_2_0_, forum0_.remarks as remarks5_2_0_, forum0_.status as status6_2_0_, forum0_.userId as userId7_2_0_ from CForum forum0_ where forum0_.forumId=?
17:40:01.424 [main] DEBUG org.hibernate.loader.plan.build.internal.spaces.QuerySpacesImpl - Adding QuerySpace : uid = &lt;gen:0&gt; -&gt; org.hibernate.loader.plan.build.internal.spaces.EntityQuerySpaceImpl@7efe7b87]
17:40:01.424 [main] DEBUG org.hibernate.persister.walking.spi.MetamodelGraphWalker - Visiting attribute path : createDate
17:40:01.424 [main] DEBUG org.hibernate.persister.walking.spi.MetamodelGraphWalker - Visiting attribute path : forumContent
17:40:01.424 [main] DEBUG org.hibernate.persister.walking.spi.MetamodelGraphWalker - Visiting attribute path : forumName
17:40:01.424 [main] DEBUG org.hibernate.persister.walking.spi.MetamodelGraphWalker - Visiting attribute path : remarks
17:40:01.428 [main] DEBUG org.hibernate.persister.walking.spi.MetamodelGraphWalker - Visiting attribute path : status
17:40:01.428 [main] DEBUG org.hibernate.persister.walking.spi.MetamodelGraphWalker - Visiting attribute path : userId
17:40:01.428 [main] DEBUG org.hibernate.loader.plan.build.internal.FetchStyleLoadPlanBuildingAssociationVisitationStrategy - Building LoadPlan...
17:40:01.429 [main] DEBUG org.hibernate.loader.plan.exec.internal.LoadQueryJoinAndFetchProcessor - processing queryspace &lt;gen:0&gt;
17:40:01.430 [main] DEBUG org.hibernate.loader.plan.build.spi.LoadPlanTreePrinter - LoadPlan(entity=com.niit.model.Forum)
    - Returns
       - EntityReturnImpl(entity=com.niit.model.Forum, querySpaceUid=&lt;gen:0&gt;, path=com.niit.model.Forum)
    - QuerySpaces
       - EntityQuerySpaceImpl(uid=&lt;gen:0&gt;, entity=com.niit.model.Forum)
          - SQL table alias mapping - forum0_
          - alias suffix - 0_
          - suffixed key columns - {forumId1_2_0_}

17:40:01.430 [main] DEBUG org.hibernate.loader.entity.plan.EntityLoader - Static select for entity com.niit.model.Forum [OPTIMISTIC_FORCE_INCREMENT]: select forum0_.forumId as forumId1_2_0_, forum0_.createDate as createDa2_2_0_, forum0_.forumContent as forumCon3_2_0_, forum0_.forumName as forumNam4_2_0_, forum0_.remarks as remarks5_2_0_, forum0_.status as status6_2_0_, forum0_.userId as userId7_2_0_ from CForum forum0_ where forum0_.forumId=?
17:40:01.431 [main] DEBUG org.hibernate.loader.Loader - Static select for action ACTION_MERGE on entity com.niit.model.Forum: select forum0_.forumId as forumId1_2_0_, forum0_.createDate as createDa2_2_0_, forum0_.forumContent as forumCon3_2_0_, forum0_.forumName as forumNam4_2_0_, forum0_.remarks as remarks5_2_0_, forum0_.status as status6_2_0_, forum0_.userId as userId7_2_0_ from CForum forum0_ where forum0_.forumId=?
17:40:01.431 [main] DEBUG org.hibernate.loader.Loader - Static select for action ACTION_REFRESH on entity com.niit.model.Forum: select forum0_.forumId as forumId1_2_0_, forum0_.createDate as createDa2_2_0_, forum0_.forumContent as forumCon3_2_0_, forum0_.forumName as forumNam4_2_0_, forum0_.remarks as remarks5_2_0_, forum0_.status as status6_2_0_, forum0_.userId as userId7_2_0_ from CForum forum0_ where forum0_.forumId=?
17:40:01.431 [main] DEBUG org.hibernate.persister.entity.AbstractEntityPersister - Static SQL for entity: com.niit.model.User
17:40:01.432 [main] DEBUG org.hibernate.persister.entity.AbstractEntityPersister -  Version select: select userId from CUser where userId =?
17:40:01.432 [main] DEBUG org.hibernate.persister.entity.AbstractEntityPersister -  Snapshot select: select user_.userId, user_.email as email2_8_, user_.firstname as firstnam3_8_, user_.isOnline as isOnline4_8_, user_.lastname as lastname5_8_, user_.password as password6_8_, user_.remarks as remarks7_8_, user_.role as role8_8_, user_.status as status9_8_ from CUser user_ where user_.userId=?
17:40:01.433 [main] DEBUG org.hibernate.persister.entity.AbstractEntityPersister -  Insert 0: insert into CUser (email, firstname, isOnline, lastname, password, remarks, role, status, userId) values (?, ?, ?, ?, ?, ?, ?, ?, ?)
17:40:01.433 [main] DEBUG org.hibernate.persister.entity.AbstractEntityPersister -  Update 0: update CUser set email=?, firstname=?, isOnline=?, lastname=?, password=?, remarks=?, role=?, status=? where userId=?
17:40:01.433 [main] DEBUG org.hibernate.persister.entity.AbstractEntityPersister -  Delete 0: delete from CUser where userId=?
17:40:01.433 [main] DEBUG org.hibernate.loader.plan.build.internal.spaces.QuerySpacesImpl - Adding QuerySpace : uid = &lt;gen:0&gt; -&gt; org.hibernate.loader.plan.build.internal.spaces.EntityQuerySpaceImpl@5a2bd7c8]
17:40:01.433 [main] DEBUG org.hibernate.persister.walking.spi.MetamodelGraphWalker - Visiting attribute path : email
17:40:01.434 [main] DEBUG org.hibernate.persister.walking.spi.MetamodelGraphWalker - Visiting attribute path : firstname
17:40:01.434 [main] DEBUG org.hibernate.persister.walking.spi.MetamodelGraphWalker - Visiting attribute path : isOnline
17:40:01.434 [main] DEBUG org.hibernate.persister.walking.spi.MetamodelGraphWalker - Visiting attribute path : lastname
17:40:01.434 [main] DEBUG org.hibernate.persister.walking.spi.MetamodelGraphWalker - Visiting attribute path : password
17:40:01.435 [main] DEBUG org.hibernate.persister.walking.spi.MetamodelGraphWalker - Visiting attribute path : remarks
17:40:01.435 [main] DEBUG org.hibernate.persister.walking.spi.MetamodelGraphWalker - Visiting attribute path : role
17:40:01.435 [main] DEBUG org.hibernate.persister.walking.spi.MetamodelGraphWalker - Visiting attribute path : status
17:40:01.435 [main] DEBUG org.hibernate.loader.plan.build.internal.FetchStyleLoadPlanBuildingAssociationVisitationStrategy - Building LoadPlan...
17:40:01.443 [main] DEBUG org.hibernate.loader.plan.exec.internal.LoadQueryJoinAndFetchProcessor - processing queryspace &lt;gen:0&gt;
17:40:01.443 [main] DEBUG org.hibernate.loader.plan.build.spi.LoadPlanTreePrinter - LoadPlan(entity=com.niit.model.User)
    - Returns
       - EntityReturnImpl(entity=com.niit.model.User, querySpaceUid=&lt;gen:0&gt;, path=com.niit.model.User)
    - QuerySpaces
       - EntityQuerySpaceImpl(uid=&lt;gen:0&gt;, entity=com.niit.model.User)
          - SQL table alias mapping - user0_
          - alias suffix - 0_
          - suffixed key columns - {userId1_8_0_}

17:40:01.443 [main] DEBUG org.hibernate.loader.entity.plan.EntityLoader - Static select for entity com.niit.model.User [NONE]: select user0_.userId as userId1_8_0_, user0_.email as email2_8_0_, user0_.firstname as firstnam3_8_0_, user0_.isOnline as isOnline4_8_0_, user0_.lastname as lastname5_8_0_, user0_.password as password6_8_0_, user0_.remarks as remarks7_8_0_, user0_.role as role8_8_0_, user0_.status as status9_8_0_ from CUser user0_ where user0_.userId=?
17:40:01.444 [main] DEBUG org.hibernate.loader.plan.build.internal.spaces.QuerySpacesImpl - Adding QuerySpace : uid = &lt;gen:0&gt; -&gt; org.hibernate.loader.plan.build.internal.spaces.EntityQuerySpaceImpl@7187bac9]
17:40:01.444 [main] DEBUG org.hibernate.persister.walking.spi.MetamodelGraphWalker - Visiting attribute path : email
17:40:01.444 [main] DEBUG org.hibernate.persister.walking.spi.MetamodelGraphWalker - Visiting attribute path : firstname
17:40:01.444 [main] DEBUG org.hibernate.persister.walking.spi.MetamodelGraphWalker - Visiting attribute path : isOnline
17:40:01.444 [main] DEBUG org.hibernate.persister.walking.spi.MetamodelGraphWalker - Visiting attribute path : lastname
17:40:01.444 [main] DEBUG org.hibernate.persister.walking.spi.MetamodelGraphWalker - Visiting attribute path : password
17:40:01.444 [main] DEBUG org.hibernate.persister.walking.spi.MetamodelGraphWalker - Visiting attribute path : remarks
17:40:01.444 [main] DEBUG org.hibernate.persister.walking.spi.MetamodelGraphWalker - Visiting attribute path : role
17:40:01.444 [main] DEBUG org.hibernate.persister.walking.spi.MetamodelGraphWalker - Visiting attribute path : status
17:40:01.446 [main] DEBUG org.hibernate.loader.plan.build.internal.FetchStyleLoadPlanBuildingAssociationVisitationStrategy - Building LoadPlan...
17:40:01.446 [main] DEBUG org.hibernate.loader.plan.exec.internal.LoadQueryJoinAndFetchProcessor - processing queryspace &lt;gen:0&gt;
17:40:01.446 [main] DEBUG org.hibernate.loader.plan.build.spi.LoadPlanTreePrinter - LoadPlan(entity=com.niit.model.User)
    - Returns
       - EntityReturnImpl(entity=com.niit.model.User, querySpaceUid=&lt;gen:0&gt;, path=com.niit.model.User)
    - QuerySpaces
       - EntityQuerySpaceImpl(uid=&lt;gen:0&gt;, entity=com.niit.model.User)
          - SQL table alias mapping - user0_
          - alias suffix - 0_
          - suffixed key columns - {userId1_8_0_}

17:40:01.446 [main] DEBUG org.hibernate.loader.entity.plan.EntityLoader - Static select for entity com.niit.model.User [READ]: select user0_.userId as userId1_8_0_, user0_.email as email2_8_0_, user0_.firstname as firstnam3_8_0_, user0_.isOnline as isOnline4_8_0_, user0_.lastname as lastname5_8_0_, user0_.password as password6_8_0_, user0_.remarks as remarks7_8_0_, user0_.role as role8_8_0_, user0_.status as status9_8_0_ from CUser user0_ where user0_.userId=?
17:40:01.446 [main] DEBUG org.hibernate.loader.plan.build.internal.spaces.QuerySpacesImpl - Adding QuerySpace : uid = &lt;gen:0&gt; -&gt; org.hibernate.loader.plan.build.internal.spaces.EntityQuerySpaceImpl@6f139fc9]
17:40:01.446 [main] DEBUG org.hibernate.persister.walking.spi.MetamodelGraphWalker - Visiting attribute path : email
17:40:01.447 [main] DEBUG org.hibernate.persister.walking.spi.MetamodelGraphWalker - Visiting attribute path : firstname
17:40:01.447 [main] DEBUG org.hibernate.persister.walking.spi.MetamodelGraphWalker - Visiting attribute path : isOnline
17:40:01.447 [main] DEBUG org.hibernate.persister.walking.spi.MetamodelGraphWalker - Visiting attribute path : lastname
17:40:01.447 [main] DEBUG org.hibernate.persister.walking.spi.MetamodelGraphWalker - Visiting attribute path : password
17:40:01.447 [main] DEBUG org.hibernate.persister.walking.spi.MetamodelGraphWalker - Visiting attribute path : remarks
17:40:01.447 [main] DEBUG org.hibernate.persister.walking.spi.MetamodelGraphWalker - Visiting attribute path : role
17:40:01.447 [main] DEBUG org.hibernate.persister.walking.spi.MetamodelGraphWalker - Visiting attribute path : status
17:40:01.447 [main] DEBUG org.hibernate.loader.plan.build.internal.FetchStyleLoadPlanBuildingAssociationVisitationStrategy - Building LoadPlan...
17:40:01.447 [main] DEBUG org.hibernate.loader.plan.exec.internal.LoadQueryJoinAndFetchProcessor - processing queryspace &lt;gen:0&gt;
17:40:01.448 [main] DEBUG org.hibernate.loader.plan.build.spi.LoadPlanTreePrinter - LoadPlan(entity=com.niit.model.User)
    - Returns
       - EntityReturnImpl(entity=com.niit.model.User, querySpaceUid=&lt;gen:0&gt;, path=com.niit.model.User)
    - QuerySpaces
       - EntityQuerySpaceImpl(uid=&lt;gen:0&gt;, entity=com.niit.model.User)
          - SQL table alias mapping - user0_
          - alias suffix - 0_
          - suffixed key columns - {userId1_8_0_}

17:40:01.448 [main] DEBUG org.hibernate.loader.entity.plan.EntityLoader - Static select for entity com.niit.model.User [UPGRADE]: select user0_.userId as userId1_8_0_, user0_.email as email2_8_0_, user0_.firstname as firstnam3_8_0_, user0_.isOnline as isOnline4_8_0_, user0_.lastname as lastname5_8_0_, user0_.password as password6_8_0_, user0_.remarks as remarks7_8_0_, user0_.role as role8_8_0_, user0_.status as status9_8_0_ from CUser user0_ where user0_.userId=? for update
17:40:01.448 [main] DEBUG org.hibernate.loader.plan.build.internal.spaces.QuerySpacesImpl - Adding QuerySpace : uid = &lt;gen:0&gt; -&gt; org.hibernate.loader.plan.build.internal.spaces.EntityQuerySpaceImpl@19382338]
17:40:01.448 [main] DEBUG org.hibernate.persister.walking.spi.MetamodelGraphWalker - Visiting attribute path : email
17:40:01.448 [main] DEBUG org.hibernate.persister.walking.spi.MetamodelGraphWalker - Visiting attribute path : firstname
17:40:01.449 [main] DEBUG org.hibernate.persister.walking.spi.MetamodelGraphWalker - Visiting attribute path : isOnline
17:40:01.449 [main] DEBUG org.hibernate.persister.walking.spi.MetamodelGraphWalker - Visiting attribute path : lastname
17:40:01.449 [main] DEBUG org.hibernate.persister.walking.spi.MetamodelGraphWalker - Visiting attribute path : password
17:40:01.449 [main] DEBUG org.hibernate.persister.walking.spi.MetamodelGraphWalker - Visiting attribute path : remarks
17:40:01.449 [main] DEBUG org.hibernate.persister.walking.spi.MetamodelGraphWalker - Visiting attribute path : role
17:40:01.449 [main] DEBUG org.hibernate.persister.walking.spi.MetamodelGraphWalker - Visiting attribute path : status
17:40:01.449 [main] DEBUG org.hibernate.loader.plan.build.internal.FetchStyleLoadPlanBuildingAssociationVisitationStrategy - Building LoadPlan...
17:40:01.449 [main] DEBUG org.hibernate.loader.plan.exec.internal.LoadQueryJoinAndFetchProcessor - processing queryspace &lt;gen:0&gt;
17:40:01.450 [main] DEBUG org.hibernate.loader.plan.build.spi.LoadPlanTreePrinter - LoadPlan(entity=com.niit.model.User)
    - Returns
       - EntityReturnImpl(entity=com.niit.model.User, querySpaceUid=&lt;gen:0&gt;, path=com.niit.model.User)
    - QuerySpaces
       - EntityQuerySpaceImpl(uid=&lt;gen:0&gt;, entity=com.niit.model.User)
          - SQL table alias mapping - user0_
          - alias suffix - 0_
          - suffixed key columns - {userId1_8_0_}

17:40:01.450 [main] DEBUG org.hibernate.loader.entity.plan.EntityLoader - Static select for entity com.niit.model.User [UPGRADE_NOWAIT]: select user0_.userId as userId1_8_0_, user0_.email as email2_8_0_, user0_.firstname as firstnam3_8_0_, user0_.isOnline as isOnline4_8_0_, user0_.lastname as lastname5_8_0_, user0_.password as password6_8_0_, user0_.remarks as remarks7_8_0_, user0_.role as role8_8_0_, user0_.status as status9_8_0_ from CUser user0_ where user0_.userId=? for update
17:40:01.450 [main] DEBUG org.hibernate.loader.plan.build.internal.spaces.QuerySpacesImpl - Adding QuerySpace : uid = &lt;gen:0&gt; -&gt; org.hibernate.loader.plan.build.internal.spaces.EntityQuerySpaceImpl@15dc339f]
17:40:01.450 [main] DEBUG org.hibernate.persister.walking.spi.MetamodelGraphWalker - Visiting attribute path : email
17:40:01.450 [main] DEBUG org.hibernate.persister.walking.spi.MetamodelGraphWalker - Visiting attribute path : firstname
17:40:01.450 [main] DEBUG org.hibernate.persister.walking.spi.MetamodelGraphWalker - Visiting attribute path : isOnline
17:40:01.451 [main] DEBUG org.hibernate.persister.walking.spi.MetamodelGraphWalker - Visiting attribute path : lastname
17:40:01.453 [main] DEBUG org.hibernate.persister.walking.spi.MetamodelGraphWalker - Visiting attribute path : password
17:40:01.454 [main] DEBUG org.hibernate.persister.walking.spi.MetamodelGraphWalker - Visiting attribute path : remarks
17:40:01.454 [main] DEBUG org.hibernate.persister.walking.spi.MetamodelGraphWalker - Visiting attribute path : role
17:40:01.454 [main] DEBUG org.hibernate.persister.walking.spi.MetamodelGraphWalker - Visiting attribute path : status
17:40:01.454 [main] DEBUG org.hibernate.loader.plan.build.internal.FetchStyleLoadPlanBuildingAssociationVisitationStrategy - Building LoadPlan...
17:40:01.454 [main] DEBUG org.hibernate.loader.plan.exec.internal.LoadQueryJoinAndFetchProcessor - processing queryspace &lt;gen:0&gt;
17:40:01.454 [main] DEBUG org.hibernate.loader.plan.build.spi.LoadPlanTreePrinter - LoadPlan(entity=com.niit.model.User)
    - Returns
       - EntityReturnImpl(entity=com.niit.model.User, querySpaceUid=&lt;gen:0&gt;, path=com.niit.model.User)
    - QuerySpaces
       - EntityQuerySpaceImpl(uid=&lt;gen:0&gt;, entity=com.niit.model.User)
          - SQL table alias mapping - user0_
          - alias suffix - 0_
          - suffixed key columns - {userId1_8_0_}

17:40:01.454 [main] DEBUG org.hibernate.loader.entity.plan.EntityLoader - Static select for entity com.niit.model.User [UPGRADE_SKIPLOCKED]: select user0_.userId as userId1_8_0_, user0_.email as email2_8_0_, user0_.firstname as firstnam3_8_0_, user0_.isOnline as isOnline4_8_0_, user0_.lastname as lastname5_8_0_, user0_.password as password6_8_0_, user0_.remarks as remarks7_8_0_, user0_.role as role8_8_0_, user0_.status as status9_8_0_ from CUser user0_ where user0_.userId=? for update
17:40:01.455 [main] DEBUG org.hibernate.loader.plan.build.internal.spaces.QuerySpacesImpl - Adding QuerySpace : uid = &lt;gen:0&gt; -&gt; org.hibernate.loader.plan.build.internal.spaces.EntityQuerySpaceImpl@34acbc60]
17:40:01.455 [main] DEBUG org.hibernate.persister.walking.spi.MetamodelGraphWalker - Visiting attribute path : email
17:40:01.455 [main] DEBUG org.hibernate.persister.walking.spi.MetamodelGraphWalker - Visiting attribute path : firstname
17:40:01.455 [main] DEBUG org.hibernate.persister.walking.spi.MetamodelGraphWalker - Visiting attribute path : isOnline
17:40:01.455 [main] DEBUG org.hibernate.persister.walking.spi.MetamodelGraphWalker - Visiting attribute path : lastname
17:40:01.455 [main] DEBUG org.hibernate.persister.walking.spi.MetamodelGraphWalker - Visiting attribute path : password
17:40:01.455 [main] DEBUG org.hibernate.persister.walking.spi.MetamodelGraphWalker - Visiting attribute path : remarks
17:40:01.455 [main] DEBUG org.hibernate.persister.walking.spi.MetamodelGraphWalker - Visiting attribute path : role
17:40:01.455 [main] DEBUG org.hibernate.persister.walking.spi.MetamodelGraphWalker - Visiting attribute path : status
17:40:01.455 [main] DEBUG org.hibernate.loader.plan.build.internal.FetchStyleLoadPlanBuildingAssociationVisitationStrategy - Building LoadPlan...
17:40:01.456 [main] DEBUG org.hibernate.loader.plan.exec.internal.LoadQueryJoinAndFetchProcessor - processing queryspace &lt;gen:0&gt;
17:40:01.456 [main] DEBUG org.hibernate.loader.plan.build.spi.LoadPlanTreePrinter - LoadPlan(entity=com.niit.model.User)
    - Returns
       - EntityReturnImpl(entity=com.niit.model.User, querySpaceUid=&lt;gen:0&gt;, path=com.niit.model.User)
    - QuerySpaces
       - EntityQuerySpaceImpl(uid=&lt;gen:0&gt;, entity=com.niit.model.User)
          - SQL table alias mapping - user0_
          - alias suffix - 0_
          - suffixed key columns - {userId1_8_0_}

17:40:01.456 [main] DEBUG org.hibernate.loader.entity.plan.EntityLoader - Static select for entity com.niit.model.User [FORCE]: select user0_.userId as userId1_8_0_, user0_.email as email2_8_0_, user0_.firstname as firstnam3_8_0_, user0_.isOnline as isOnline4_8_0_, user0_.lastname as lastname5_8_0_, user0_.password as password6_8_0_, user0_.remarks as remarks7_8_0_, user0_.role as role8_8_0_, user0_.status as status9_8_0_ from CUser user0_ where user0_.userId=? for update
17:40:01.456 [main] DEBUG org.hibernate.loader.plan.build.internal.spaces.QuerySpacesImpl - Adding QuerySpace : uid = &lt;gen:0&gt; -&gt; org.hibernate.loader.plan.build.internal.spaces.EntityQuerySpaceImpl@36061cf3]
17:40:01.456 [main] DEBUG org.hibernate.persister.walking.spi.MetamodelGraphWalker - Visiting attribute path : email
17:40:01.456 [main] DEBUG org.hibernate.persister.walking.spi.MetamodelGraphWalker - Visiting attribute path : firstname
17:40:01.456 [main] DEBUG org.hibernate.persister.walking.spi.MetamodelGraphWalker - Visiting attribute path : isOnline
17:40:01.456 [main] DEBUG org.hibernate.persister.walking.spi.MetamodelGraphWalker - Visiting attribute path : lastname
17:40:01.456 [main] DEBUG org.hibernate.persister.walking.spi.MetamodelGraphWalker - Visiting attribute path : password
17:40:01.456 [main] DEBUG org.hibernate.persister.walking.spi.MetamodelGraphWalker - Visiting attribute path : remarks
17:40:01.456 [main] DEBUG org.hibernate.persister.walking.spi.MetamodelGraphWalker - Visiting attribute path : role
17:40:01.456 [main] DEBUG org.hibernate.persister.walking.spi.MetamodelGraphWalker - Visiting attribute path : status
17:40:01.457 [main] DEBUG org.hibernate.loader.plan.build.internal.FetchStyleLoadPlanBuildingAssociationVisitationStrategy - Building LoadPlan...
17:40:01.457 [main] DEBUG org.hibernate.loader.plan.exec.internal.LoadQueryJoinAndFetchProcessor - processing queryspace &lt;gen:0&gt;
17:40:01.457 [main] DEBUG org.hibernate.loader.plan.build.spi.LoadPlanTreePrinter - LoadPlan(entity=com.niit.model.User)
    - Returns
       - EntityReturnImpl(entity=com.niit.model.User, querySpaceUid=&lt;gen:0&gt;, path=com.niit.model.User)
    - QuerySpaces
       - EntityQuerySpaceImpl(uid=&lt;gen:0&gt;, entity=com.niit.model.User)
          - SQL table alias mapping - user0_
          - alias suffix - 0_
          - suffixed key columns - {userId1_8_0_}

17:40:01.457 [main] DEBUG org.hibernate.loader.entity.plan.EntityLoader - Static select for entity com.niit.model.User [PESSIMISTIC_READ]: select user0_.userId as userId1_8_0_, user0_.email as email2_8_0_, user0_.firstname as firstnam3_8_0_, user0_.isOnline as isOnline4_8_0_, user0_.lastname as lastname5_8_0_, user0_.password as password6_8_0_, user0_.remarks as remarks7_8_0_, user0_.role as role8_8_0_, user0_.status as status9_8_0_ from CUser user0_ where user0_.userId=? for update
17:40:01.457 [main] DEBUG org.hibernate.loader.plan.build.internal.spaces.QuerySpacesImpl - Adding QuerySpace : uid = &lt;gen:0&gt; -&gt; org.hibernate.loader.plan.build.internal.spaces.EntityQuerySpaceImpl@20134094]
17:40:01.457 [main] DEBUG org.hibernate.persister.walking.spi.MetamodelGraphWalker - Visiting attribute path : email
17:40:01.457 [main] DEBUG org.hibernate.persister.walking.spi.MetamodelGraphWalker - Visiting attribute path : firstname
17:40:01.457 [main] DEBUG org.hibernate.persister.walking.spi.MetamodelGraphWalker - Visiting attribute path : isOnline
17:40:01.457 [main] DEBUG org.hibernate.persister.walking.spi.MetamodelGraphWalker - Visiting attribute path : lastname
17:40:01.457 [main] DEBUG org.hibernate.persister.walking.spi.MetamodelGraphWalker - Visiting attribute path : password
17:40:01.458 [main] DEBUG org.hibernate.persister.walking.spi.MetamodelGraphWalker - Visiting attribute path : remarks
17:40:01.458 [main] DEBUG org.hibernate.persister.walking.spi.MetamodelGraphWalker - Visiting attribute path : role
17:40:01.458 [main] DEBUG org.hibernate.persister.walking.spi.MetamodelGraphWalker - Visiting attribute path : status
17:40:01.458 [main] DEBUG org.hibernate.loader.plan.build.internal.FetchStyleLoadPlanBuildingAssociationVisitationStrategy - Building LoadPlan...
17:40:01.459 [main] DEBUG org.hibernate.loader.plan.exec.internal.LoadQueryJoinAndFetchProcessor - processing queryspace &lt;gen:0&gt;
17:40:01.459 [main] DEBUG org.hibernate.loader.plan.build.spi.LoadPlanTreePrinter - LoadPlan(entity=com.niit.model.User)
    - Returns
       - EntityReturnImpl(entity=com.niit.model.User, querySpaceUid=&lt;gen:0&gt;, path=com.niit.model.User)
    - QuerySpaces
       - EntityQuerySpaceImpl(uid=&lt;gen:0&gt;, entity=com.niit.model.User)
          - SQL table alias mapping - user0_
          - alias suffix - 0_
          - suffixed key columns - {userId1_8_0_}

17:40:01.459 [main] DEBUG org.hibernate.loader.entity.plan.EntityLoader - Static select for entity com.niit.model.User [PESSIMISTIC_WRITE]: select user0_.userId as userId1_8_0_, user0_.email as email2_8_0_, user0_.firstname as firstnam3_8_0_, user0_.isOnline as isOnline4_8_0_, user0_.lastname as lastname5_8_0_, user0_.password as password6_8_0_, user0_.remarks as remarks7_8_0_, user0_.role as role8_8_0_, user0_.status as status9_8_0_ from CUser user0_ where user0_.userId=? for update
17:40:01.459 [main] DEBUG org.hibernate.loader.plan.build.internal.spaces.QuerySpacesImpl - Adding QuerySpace : uid = &lt;gen:0&gt; -&gt; org.hibernate.loader.plan.build.internal.spaces.EntityQuerySpaceImpl@706fe5c6]
17:40:01.459 [main] DEBUG org.hibernate.persister.walking.spi.MetamodelGraphWalker - Visiting attribute path : email
17:40:01.459 [main] DEBUG org.hibernate.persister.walking.spi.MetamodelGraphWalker - Visiting attribute path : firstname
17:40:01.459 [main] DEBUG org.hibernate.persister.walking.spi.MetamodelGraphWalker - Visiting attribute path : isOnline
17:40:01.459 [main] DEBUG org.hibernate.persister.walking.spi.MetamodelGraphWalker - Visiting attribute path : lastname
17:40:01.459 [main] DEBUG org.hibernate.persister.walking.spi.MetamodelGraphWalker - Visiting attribute path : password
17:40:01.459 [main] DEBUG org.hibernate.persister.walking.spi.MetamodelGraphWalker - Visiting attribute path : remarks
17:40:01.460 [main] DEBUG org.hibernate.persister.walking.spi.MetamodelGraphWalker - Visiting attribute path : role
17:40:01.460 [main] DEBUG org.hibernate.persister.walking.spi.MetamodelGraphWalker - Visiting attribute path : status
17:40:01.460 [main] DEBUG org.hibernate.loader.plan.build.internal.FetchStyleLoadPlanBuildingAssociationVisitationStrategy - Building LoadPlan...
17:40:01.460 [main] DEBUG org.hibernate.loader.plan.exec.internal.LoadQueryJoinAndFetchProcessor - processing queryspace &lt;gen:0&gt;
17:40:01.460 [main] DEBUG org.hibernate.loader.plan.build.spi.LoadPlanTreePrinter - LoadPlan(entity=com.niit.model.User)
    - Returns
       - EntityReturnImpl(entity=com.niit.model.User, querySpaceUid=&lt;gen:0&gt;, path=com.niit.model.User)
    - QuerySpaces
       - EntityQuerySpaceImpl(uid=&lt;gen:0&gt;, entity=com.niit.model.User)
          - SQL table alias mapping - user0_
          - alias suffix - 0_
          - suffixed key columns - {userId1_8_0_}

17:40:01.460 [main] DEBUG org.hibernate.loader.entity.plan.EntityLoader - Static select for entity com.niit.model.User [PESSIMISTIC_FORCE_INCREMENT]: select user0_.userId as userId1_8_0_, user0_.email as email2_8_0_, user0_.firstname as firstnam3_8_0_, user0_.isOnline as isOnline4_8_0_, user0_.lastname as lastname5_8_0_, user0_.password as password6_8_0_, user0_.remarks as remarks7_8_0_, user0_.role as role8_8_0_, user0_.status as status9_8_0_ from CUser user0_ where user0_.userId=? for update
17:40:01.460 [main] DEBUG org.hibernate.loader.plan.build.internal.spaces.QuerySpacesImpl - Adding QuerySpace : uid = &lt;gen:0&gt; -&gt; org.hibernate.loader.plan.build.internal.spaces.EntityQuerySpaceImpl@56380231]
17:40:01.460 [main] DEBUG org.hibernate.persister.walking.spi.MetamodelGraphWalker - Visiting attribute path : email
17:40:01.460 [main] DEBUG org.hibernate.persister.walking.spi.MetamodelGraphWalker - Visiting attribute path : firstname
17:40:01.461 [main] DEBUG org.hibernate.persister.walking.spi.MetamodelGraphWalker - Visiting attribute path : isOnline
17:40:01.461 [main] DEBUG org.hibernate.persister.walking.spi.MetamodelGraphWalker - Visiting attribute path : lastname
17:40:01.461 [main] DEBUG org.hibernate.persister.walking.spi.MetamodelGraphWalker - Visiting attribute path : password
17:40:01.461 [main] DEBUG org.hibernate.persister.walking.spi.MetamodelGraphWalker - Visiting attribute path : remarks
17:40:01.461 [main] DEBUG org.hibernate.persister.walking.spi.MetamodelGraphWalker - Visiting attribute path : role
17:40:01.461 [main] DEBUG org.hibernate.persister.walking.spi.MetamodelGraphWalker - Visiting attribute path : status
17:40:01.461 [main] DEBUG org.hibernate.loader.plan.build.internal.FetchStyleLoadPlanBuildingAssociationVisitationStrategy - Building LoadPlan...
17:40:01.461 [main] DEBUG org.hibernate.loader.plan.exec.internal.LoadQueryJoinAndFetchProcessor - processing queryspace &lt;gen:0&gt;
17:40:01.462 [main] DEBUG org.hibernate.loader.plan.build.spi.LoadPlanTreePrinter - LoadPlan(entity=com.niit.model.User)
    - Returns
       - EntityReturnImpl(entity=com.niit.model.User, querySpaceUid=&lt;gen:0&gt;, path=com.niit.model.User)
    - QuerySpaces
       - EntityQuerySpaceImpl(uid=&lt;gen:0&gt;, entity=com.niit.model.User)
          - SQL table alias mapping - user0_
          - alias suffix - 0_
          - suffixed key columns - {userId1_8_0_}

17:40:01.463 [main] DEBUG org.hibernate.loader.entity.plan.EntityLoader - Static select for entity com.niit.model.User [OPTIMISTIC]: select user0_.userId as userId1_8_0_, user0_.email as email2_8_0_, user0_.firstname as firstnam3_8_0_, user0_.isOnline as isOnline4_8_0_, user0_.lastname as lastname5_8_0_, user0_.password as password6_8_0_, user0_.remarks as remarks7_8_0_, user0_.role as role8_8_0_, user0_.status as status9_8_0_ from CUser user0_ where user0_.userId=?
17:40:01.463 [main] DEBUG org.hibernate.loader.plan.build.internal.spaces.QuerySpacesImpl - Adding QuerySpace : uid = &lt;gen:0&gt; -&gt; org.hibernate.loader.plan.build.internal.spaces.EntityQuerySpaceImpl@6b3f6585]
17:40:01.463 [main] DEBUG org.hibernate.persister.walking.spi.MetamodelGraphWalker - Visiting attribute path : email
17:40:01.463 [main] DEBUG org.hibernate.persister.walking.spi.MetamodelGraphWalker - Visiting attribute path : firstname
17:40:01.463 [main] DEBUG org.hibernate.persister.walking.spi.MetamodelGraphWalker - Visiting attribute path : isOnline
17:40:01.463 [main] DEBUG org.hibernate.persister.walking.spi.MetamodelGraphWalker - Visiting attribute path : lastname
17:40:01.463 [main] DEBUG org.hibernate.persister.walking.spi.MetamodelGraphWalker - Visiting attribute path : password
17:40:01.463 [main] DEBUG org.hibernate.persister.walking.spi.MetamodelGraphWalker - Visiting attribute path : remarks
17:40:01.463 [main] DEBUG org.hibernate.persister.walking.spi.MetamodelGraphWalker - Visiting attribute path : role
17:40:01.465 [main] DEBUG org.hibernate.persister.walking.spi.MetamodelGraphWalker - Visiting attribute path : status
17:40:01.465 [main] DEBUG org.hibernate.loader.plan.build.internal.FetchStyleLoadPlanBuildingAssociationVisitationStrategy - Building LoadPlan...
17:40:01.465 [main] DEBUG org.hibernate.loader.plan.exec.internal.LoadQueryJoinAndFetchProcessor - processing queryspace &lt;gen:0&gt;
17:40:01.466 [main] DEBUG org.hibernate.loader.plan.build.spi.LoadPlanTreePrinter - LoadPlan(entity=com.niit.model.User)
    - Returns
       - EntityReturnImpl(entity=com.niit.model.User, querySpaceUid=&lt;gen:0&gt;, path=com.niit.model.User)
    - QuerySpaces
       - EntityQuerySpaceImpl(uid=&lt;gen:0&gt;, entity=com.niit.model.User)
          - SQL table alias mapping - user0_
          - alias suffix - 0_
          - suffixed key columns - {userId1_8_0_}

17:40:01.468 [main] DEBUG org.hibernate.loader.entity.plan.EntityLoader - Static select for entity com.niit.model.User [OPTIMISTIC_FORCE_INCREMENT]: select user0_.userId as userId1_8_0_, user0_.email as email2_8_0_, user0_.firstname as firstnam3_8_0_, user0_.isOnline as isOnline4_8_0_, user0_.lastname as lastname5_8_0_, user0_.password as password6_8_0_, user0_.remarks as remarks7_8_0_, user0_.role as role8_8_0_, user0_.status as status9_8_0_ from CUser user0_ where user0_.userId=?
17:40:01.469 [main] DEBUG org.hibernate.loader.Loader - Static select for action ACTION_MERGE on entity com.niit.model.User: select user0_.userId as userId1_8_0_, user0_.email as email2_8_0_, user0_.firstname as firstnam3_8_0_, user0_.isOnline as isOnline4_8_0_, user0_.lastname as lastname5_8_0_, user0_.password as password6_8_0_, user0_.remarks as remarks7_8_0_, user0_.role as role8_8_0_, user0_.status as status9_8_0_ from CUser user0_ where user0_.userId=?
17:40:01.470 [main] DEBUG org.hibernate.loader.Loader - Static select for action ACTION_REFRESH on entity com.niit.model.User: select user0_.userId as userId1_8_0_, user0_.email as email2_8_0_, user0_.firstname as firstnam3_8_0_, user0_.isOnline as isOnline4_8_0_, user0_.lastname as lastname5_8_0_, user0_.password as password6_8_0_, user0_.remarks as remarks7_8_0_, user0_.role as role8_8_0_, user0_.status as status9_8_0_ from CUser user0_ where user0_.userId=?
17:40:01.470 [main] DEBUG org.hibernate.persister.entity.AbstractEntityPersister - Static SQL for entity: com.niit.model.BlogComment
17:40:01.472 [main] DEBUG org.hibernate.persister.entity.AbstractEntityPersister -  Version select: select blogCommentId from CBlogComment where blogCommentId =?
17:40:01.472 [main] DEBUG org.hibernate.persister.entity.AbstractEntityPersister -  Snapshot select: select blogcommen_.blogCommentId, blogcommen_.blogComment as blogComm2_1_, blogcommen_.blogId as blogId3_1_, blogcommen_.commentDate as commentD4_1_, blogcommen_.userId as userId5_1_, blogcommen_.username as username6_1_ from CBlogComment blogcommen_ where blogcommen_.blogCommentId=?
17:40:01.472 [main] DEBUG org.hibernate.persister.entity.AbstractEntityPersister -  Insert 0: insert into CBlogComment (blogComment, blogId, commentDate, userId, username, blogCommentId) values (?, ?, ?, ?, ?, ?)
17:40:01.472 [main] DEBUG org.hibernate.persister.entity.AbstractEntityPersister -  Update 0: update CBlogComment set blogComment=?, blogId=?, commentDate=?, userId=?, username=? where blogCommentId=?
17:40:01.472 [main] DEBUG org.hibernate.persister.entity.AbstractEntityPersister -  Delete 0: delete from CBlogComment where blogCommentId=?
17:40:01.472 [main] DEBUG org.hibernate.loader.plan.build.internal.spaces.QuerySpacesImpl - Adding QuerySpace : uid = &lt;gen:0&gt; -&gt; org.hibernate.loader.plan.build.internal.spaces.EntityQuerySpaceImpl@3e104d4b]
17:40:01.473 [main] DEBUG org.hibernate.persister.walking.spi.MetamodelGraphWalker - Visiting attribute path : blogComment
17:40:01.473 [main] DEBUG org.hibernate.persister.walking.spi.MetamodelGraphWalker - Visiting attribute path : blogId
17:40:01.473 [main] DEBUG org.hibernate.persister.walking.spi.MetamodelGraphWalker - Visiting attribute path : commentDate
17:40:01.481 [main] DEBUG org.hibernate.persister.walking.spi.MetamodelGraphWalker - Visiting attribute path : userId
17:40:01.481 [main] DEBUG org.hibernate.persister.walking.spi.MetamodelGraphWalker - Visiting attribute path : username
17:40:01.482 [main] DEBUG org.hibernate.loader.plan.build.internal.FetchStyleLoadPlanBuildingAssociationVisitationStrategy - Building LoadPlan...
17:40:01.482 [main] DEBUG org.hibernate.loader.plan.exec.internal.LoadQueryJoinAndFetchProcessor - processing queryspace &lt;gen:0&gt;
17:40:01.487 [main] DEBUG org.hibernate.loader.plan.build.spi.LoadPlanTreePrinter - LoadPlan(entity=com.niit.model.BlogComment)
    - Returns
       - EntityReturnImpl(entity=com.niit.model.BlogComment, querySpaceUid=&lt;gen:0&gt;, path=com.niit.model.BlogComment)
    - QuerySpaces
       - EntityQuerySpaceImpl(uid=&lt;gen:0&gt;, entity=com.niit.model.BlogComment)
          - SQL table alias mapping - blogcommen0_
          - alias suffix - 0_
          - suffixed key columns - {blogComm1_1_0_}

17:40:01.487 [main] DEBUG org.hibernate.loader.entity.plan.EntityLoader - Static select for entity com.niit.model.BlogComment [NONE]: select blogcommen0_.blogCommentId as blogComm1_1_0_, blogcommen0_.blogComment as blogComm2_1_0_, blogcommen0_.blogId as blogId3_1_0_, blogcommen0_.commentDate as commentD4_1_0_, blogcommen0_.userId as userId5_1_0_, blogcommen0_.username as username6_1_0_ from CBlogComment blogcommen0_ where blogcommen0_.blogCommentId=?
17:40:01.487 [main] DEBUG org.hibernate.loader.plan.build.internal.spaces.QuerySpacesImpl - Adding QuerySpace : uid = &lt;gen:0&gt; -&gt; org.hibernate.loader.plan.build.internal.spaces.EntityQuerySpaceImpl@45e1aa48]
17:40:01.487 [main] DEBUG org.hibernate.persister.walking.spi.MetamodelGraphWalker - Visiting attribute path : blogComment
17:40:01.488 [main] DEBUG org.hibernate.persister.walking.spi.MetamodelGraphWalker - Visiting attribute path : blogId
17:40:01.488 [main] DEBUG org.hibernate.persister.walking.spi.MetamodelGraphWalker - Visiting attribute path : commentDate
17:40:01.488 [main] DEBUG org.hibernate.persister.walking.spi.MetamodelGraphWalker - Visiting attribute path : userId
17:40:01.488 [main] DEBUG org.hibernate.persister.walking.spi.MetamodelGraphWalker - Visiting attribute path : username
17:40:01.488 [main] DEBUG org.hibernate.loader.plan.build.internal.FetchStyleLoadPlanBuildingAssociationVisitationStrategy - Building LoadPlan...
17:40:01.488 [main] DEBUG org.hibernate.loader.plan.exec.internal.LoadQueryJoinAndFetchProcessor - processing queryspace &lt;gen:0&gt;
17:40:01.489 [main] DEBUG org.hibernate.loader.plan.build.spi.LoadPlanTreePrinter - LoadPlan(entity=com.niit.model.BlogComment)
    - Returns
       - EntityReturnImpl(entity=com.niit.model.BlogComment, querySpaceUid=&lt;gen:0&gt;, path=com.niit.model.BlogComment)
    - QuerySpaces
       - EntityQuerySpaceImpl(uid=&lt;gen:0&gt;, entity=com.niit.model.BlogComment)
          - SQL table alias mapping - blogcommen0_
          - alias suffix - 0_
          - suffixed key columns - {blogComm1_1_0_}

17:40:01.490 [main] DEBUG org.hibernate.loader.entity.plan.EntityLoader - Static select for entity com.niit.model.BlogComment [READ]: select blogcommen0_.blogCommentId as blogComm1_1_0_, blogcommen0_.blogComment as blogComm2_1_0_, blogcommen0_.blogId as blogId3_1_0_, blogcommen0_.commentDate as commentD4_1_0_, blogcommen0_.userId as userId5_1_0_, blogcommen0_.username as username6_1_0_ from CBlogComment blogcommen0_ where blogcommen0_.blogCommentId=?
17:40:01.491 [main] DEBUG org.hibernate.loader.plan.build.internal.spaces.QuerySpacesImpl - Adding QuerySpace : uid = &lt;gen:0&gt; -&gt; org.hibernate.loader.plan.build.internal.spaces.EntityQuerySpaceImpl@2e807c54]
17:40:01.491 [main] DEBUG org.hibernate.persister.walking.spi.MetamodelGraphWalker - Visiting attribute path : blogComment
17:40:01.491 [main] DEBUG org.hibernate.persister.walking.spi.MetamodelGraphWalker - Visiting attribute path : blogId
17:40:01.492 [main] DEBUG org.hibernate.persister.walking.spi.MetamodelGraphWalker - Visiting attribute path : commentDate
17:40:01.492 [main] DEBUG org.hibernate.persister.walking.spi.MetamodelGraphWalker - Visiting attribute path : userId
17:40:01.492 [main] DEBUG org.hibernate.persister.walking.spi.MetamodelGraphWalker - Visiting attribute path : username
17:40:01.492 [main] DEBUG org.hibernate.loader.plan.build.internal.FetchStyleLoadPlanBuildingAssociationVisitationStrategy - Building LoadPlan...
17:40:01.492 [main] DEBUG org.hibernate.loader.plan.exec.internal.LoadQueryJoinAndFetchProcessor - processing queryspace &lt;gen:0&gt;
17:40:01.493 [main] DEBUG org.hibernate.loader.plan.build.spi.LoadPlanTreePrinter - LoadPlan(entity=com.niit.model.BlogComment)
    - Returns
       - EntityReturnImpl(entity=com.niit.model.BlogComment, querySpaceUid=&lt;gen:0&gt;, path=com.niit.model.BlogComment)
    - QuerySpaces
       - EntityQuerySpaceImpl(uid=&lt;gen:0&gt;, entity=com.niit.model.BlogComment)
          - SQL table alias mapping - blogcommen0_
          - alias suffix - 0_
          - suffixed key columns - {blogComm1_1_0_}

17:40:01.493 [main] DEBUG org.hibernate.loader.entity.plan.EntityLoader - Static select for entity com.niit.model.BlogComment [UPGRADE]: select blogcommen0_.blogCommentId as blogComm1_1_0_, blogcommen0_.blogComment as blogComm2_1_0_, blogcommen0_.blogId as blogId3_1_0_, blogcommen0_.commentDate as commentD4_1_0_, blogcommen0_.userId as userId5_1_0_, blogcommen0_.username as username6_1_0_ from CBlogComment blogcommen0_ where blogcommen0_.blogCommentId=? for update
17:40:01.494 [main] DEBUG org.hibernate.loader.plan.build.internal.spaces.QuerySpacesImpl - Adding QuerySpace : uid = &lt;gen:0&gt; -&gt; org.hibernate.loader.plan.build.internal.spaces.EntityQuerySpaceImpl@242a209e]
17:40:01.494 [main] DEBUG org.hibernate.persister.walking.spi.MetamodelGraphWalker - Visiting attribute path : blogComment
17:40:01.494 [main] DEBUG org.hibernate.persister.walking.spi.MetamodelGraphWalker - Visiting attribute path : blogId
17:40:01.494 [main] DEBUG org.hibernate.persister.walking.spi.MetamodelGraphWalker - Visiting attribute path : commentDate
17:40:01.494 [main] DEBUG org.hibernate.persister.walking.spi.MetamodelGraphWalker - Visiting attribute path : userId
17:40:01.494 [main] DEBUG org.hibernate.persister.walking.spi.MetamodelGraphWalker - Visiting attribute path : username
17:40:01.495 [main] DEBUG org.hibernate.loader.plan.build.internal.FetchStyleLoadPlanBuildingAssociationVisitationStrategy - Building LoadPlan...
17:40:01.495 [main] DEBUG org.hibernate.loader.plan.exec.internal.LoadQueryJoinAndFetchProcessor - processing queryspace &lt;gen:0&gt;
17:40:01.495 [main] DEBUG org.hibernate.loader.plan.build.spi.LoadPlanTreePrinter - LoadPlan(entity=com.niit.model.BlogComment)
    - Returns
       - EntityReturnImpl(entity=com.niit.model.BlogComment, querySpaceUid=&lt;gen:0&gt;, path=com.niit.model.BlogComment)
    - QuerySpaces
       - EntityQuerySpaceImpl(uid=&lt;gen:0&gt;, entity=com.niit.model.BlogComment)
          - SQL table alias mapping - blogcommen0_
          - alias suffix - 0_
          - suffixed key columns - {blogComm1_1_0_}

17:40:01.495 [main] DEBUG org.hibernate.loader.entity.plan.EntityLoader - Static select for entity com.niit.model.BlogComment [UPGRADE_NOWAIT]: select blogcommen0_.blogCommentId as blogComm1_1_0_, blogcommen0_.blogComment as blogComm2_1_0_, blogcommen0_.blogId as blogId3_1_0_, blogcommen0_.commentDate as commentD4_1_0_, blogcommen0_.userId as userId5_1_0_, blogcommen0_.username as username6_1_0_ from CBlogComment blogcommen0_ where blogcommen0_.blogCommentId=? for update
17:40:01.496 [main] DEBUG org.hibernate.loader.plan.build.internal.spaces.QuerySpacesImpl - Adding QuerySpace : uid = &lt;gen:0&gt; -&gt; org.hibernate.loader.plan.build.internal.spaces.EntityQuerySpaceImpl@2b8bd798]
17:40:01.496 [main] DEBUG org.hibernate.persister.walking.spi.MetamodelGraphWalker - Visiting attribute path : blogComment
17:40:01.496 [main] DEBUG org.hibernate.persister.walking.spi.MetamodelGraphWalker - Visiting attribute path : blogId
17:40:01.496 [main] DEBUG org.hibernate.persister.walking.spi.MetamodelGraphWalker - Visiting attribute path : commentDate
17:40:01.496 [main] DEBUG org.hibernate.persister.walking.spi.MetamodelGraphWalker - Visiting attribute path : userId
17:40:01.496 [main] DEBUG org.hibernate.persister.walking.spi.MetamodelGraphWalker - Visiting attribute path : username
17:40:01.496 [main] DEBUG org.hibernate.loader.plan.build.internal.FetchStyleLoadPlanBuildingAssociationVisitationStrategy - Building LoadPlan...
17:40:01.496 [main] DEBUG org.hibernate.loader.plan.exec.internal.LoadQueryJoinAndFetchProcessor - processing queryspace &lt;gen:0&gt;
17:40:01.497 [main] DEBUG org.hibernate.loader.plan.build.spi.LoadPlanTreePrinter - LoadPlan(entity=com.niit.model.BlogComment)
    - Returns
       - EntityReturnImpl(entity=com.niit.model.BlogComment, querySpaceUid=&lt;gen:0&gt;, path=com.niit.model.BlogComment)
    - QuerySpaces
       - EntityQuerySpaceImpl(uid=&lt;gen:0&gt;, entity=com.niit.model.BlogComment)
          - SQL table alias mapping - blogcommen0_
          - alias suffix - 0_
          - suffixed key columns - {blogComm1_1_0_}

17:40:01.515 [main] DEBUG org.hibernate.loader.entity.plan.EntityLoader - Static select for entity com.niit.model.BlogComment [UPGRADE_SKIPLOCKED]: select blogcommen0_.blogCommentId as blogComm1_1_0_, blogcommen0_.blogComment as blogComm2_1_0_, blogcommen0_.blogId as blogId3_1_0_, blogcommen0_.commentDate as commentD4_1_0_, blogcommen0_.userId as userId5_1_0_, blogcommen0_.username as username6_1_0_ from CBlogComment blogcommen0_ where blogcommen0_.blogCommentId=? for update
17:40:01.515 [main] DEBUG org.hibernate.loader.plan.build.internal.spaces.QuerySpacesImpl - Adding QuerySpace : uid = &lt;gen:0&gt; -&gt; org.hibernate.loader.plan.build.internal.spaces.EntityQuerySpaceImpl@39c385d6]
17:40:01.516 [main] DEBUG org.hibernate.persister.walking.spi.MetamodelGraphWalker - Visiting attribute path : blogComment
17:40:01.516 [main] DEBUG org.hibernate.persister.walking.spi.MetamodelGraphWalker - Visiting attribute path : blogId
17:40:01.516 [main] DEBUG org.hibernate.persister.walking.spi.MetamodelGraphWalker - Visiting attribute path : commentDate
17:40:01.516 [main] DEBUG org.hibernate.persister.walking.spi.MetamodelGraphWalker - Visiting attribute path : userId
17:40:01.516 [main] DEBUG org.hibernate.persister.walking.spi.MetamodelGraphWalker - Visiting attribute path : username
17:40:01.517 [main] DEBUG org.hibernate.loader.plan.build.internal.FetchStyleLoadPlanBuildingAssociationVisitationStrategy - Building LoadPlan...
17:40:01.517 [main] DEBUG org.hibernate.loader.plan.exec.internal.LoadQueryJoinAndFetchProcessor - processing queryspace &lt;gen:0&gt;
17:40:01.518 [main] DEBUG org.hibernate.loader.plan.build.spi.LoadPlanTreePrinter - LoadPlan(entity=com.niit.model.BlogComment)
    - Returns
       - EntityReturnImpl(entity=com.niit.model.BlogComment, querySpaceUid=&lt;gen:0&gt;, path=com.niit.model.BlogComment)
    - QuerySpaces
       - EntityQuerySpaceImpl(uid=&lt;gen:0&gt;, entity=com.niit.model.BlogComment)
          - SQL table alias mapping - blogcommen0_
          - alias suffix - 0_
          - suffixed key columns - {blogComm1_1_0_}

17:40:01.518 [main] DEBUG org.hibernate.loader.entity.plan.EntityLoader - Static select for entity com.niit.model.BlogComment [FORCE]: select blogcommen0_.blogCommentId as blogComm1_1_0_, blogcommen0_.blogComment as blogComm2_1_0_, blogcommen0_.blogId as blogId3_1_0_, blogcommen0_.commentDate as commentD4_1_0_, blogcommen0_.userId as userId5_1_0_, blogcommen0_.username as username6_1_0_ from CBlogComment blogcommen0_ where blogcommen0_.blogCommentId=? for update
17:40:01.518 [main] DEBUG org.hibernate.loader.plan.build.internal.spaces.QuerySpacesImpl - Adding QuerySpace : uid = &lt;gen:0&gt; -&gt; org.hibernate.loader.plan.build.internal.spaces.EntityQuerySpaceImpl@692e028d]
17:40:01.518 [main] DEBUG org.hibernate.persister.walking.spi.MetamodelGraphWalker - Visiting attribute path : blogComment
17:40:01.519 [main] DEBUG org.hibernate.persister.walking.spi.MetamodelGraphWalker - Visiting attribute path : blogId
17:40:01.519 [main] DEBUG org.hibernate.persister.walking.spi.MetamodelGraphWalker - Visiting attribute path : commentDate
17:40:01.519 [main] DEBUG org.hibernate.persister.walking.spi.MetamodelGraphWalker - Visiting attribute path : userId
17:40:01.519 [main] DEBUG org.hibernate.persister.walking.spi.MetamodelGraphWalker - Visiting attribute path : username
17:40:01.519 [main] DEBUG org.hibernate.loader.plan.build.internal.FetchStyleLoadPlanBuildingAssociationVisitationStrategy - Building LoadPlan...
17:40:01.519 [main] DEBUG org.hibernate.loader.plan.exec.internal.LoadQueryJoinAndFetchProcessor - processing queryspace &lt;gen:0&gt;
17:40:01.521 [main] DEBUG org.hibernate.loader.plan.build.spi.LoadPlanTreePrinter - LoadPlan(entity=com.niit.model.BlogComment)
    - Returns
       - EntityReturnImpl(entity=com.niit.model.BlogComment, querySpaceUid=&lt;gen:0&gt;, path=com.niit.model.BlogComment)
    - QuerySpaces
       - EntityQuerySpaceImpl(uid=&lt;gen:0&gt;, entity=com.niit.model.BlogComment)
          - SQL table alias mapping - blogcommen0_
          - alias suffix - 0_
          - suffixed key columns - {blogComm1_1_0_}

17:40:01.521 [main] DEBUG org.hibernate.loader.entity.plan.EntityLoader - Static select for entity com.niit.model.BlogComment [PESSIMISTIC_READ]: select blogcommen0_.blogCommentId as blogComm1_1_0_, blogcommen0_.blogComment as blogComm2_1_0_, blogcommen0_.blogId as blogId3_1_0_, blogcommen0_.commentDate as commentD4_1_0_, blogcommen0_.userId as userId5_1_0_, blogcommen0_.username as username6_1_0_ from CBlogComment blogcommen0_ where blogcommen0_.blogCommentId=? for update
17:40:01.522 [main] DEBUG org.hibernate.loader.plan.build.internal.spaces.QuerySpacesImpl - Adding QuerySpace : uid = &lt;gen:0&gt; -&gt; org.hibernate.loader.plan.build.internal.spaces.EntityQuerySpaceImpl@43e1692f]
17:40:01.522 [main] DEBUG org.hibernate.persister.walking.spi.MetamodelGraphWalker - Visiting attribute path : blogComment
17:40:01.522 [main] DEBUG org.hibernate.persister.walking.spi.MetamodelGraphWalker - Visiting attribute path : blogId
17:40:01.522 [main] DEBUG org.hibernate.persister.walking.spi.MetamodelGraphWalker - Visiting attribute path : commentDate
17:40:01.522 [main] DEBUG org.hibernate.persister.walking.spi.MetamodelGraphWalker - Visiting attribute path : userId
17:40:01.522 [main] DEBUG org.hibernate.persister.walking.spi.MetamodelGraphWalker - Visiting attribute path : username
17:40:01.522 [main] DEBUG org.hibernate.loader.plan.build.internal.FetchStyleLoadPlanBuildingAssociationVisitationStrategy - Building LoadPlan...
17:40:01.522 [main] DEBUG org.hibernate.loader.plan.exec.internal.LoadQueryJoinAndFetchProcessor - processing queryspace &lt;gen:0&gt;
17:40:01.522 [main] DEBUG org.hibernate.loader.plan.build.spi.LoadPlanTreePrinter - LoadPlan(entity=com.niit.model.BlogComment)
    - Returns
       - EntityReturnImpl(entity=com.niit.model.BlogComment, querySpaceUid=&lt;gen:0&gt;, path=com.niit.model.BlogComment)
    - QuerySpaces
       - EntityQuerySpaceImpl(uid=&lt;gen:0&gt;, entity=com.niit.model.BlogComment)
          - SQL table alias mapping - blogcommen0_
          - alias suffix - 0_
          - suffixed key columns - {blogComm1_1_0_}

17:40:01.522 [main] DEBUG org.hibernate.loader.entity.plan.EntityLoader - Static select for entity com.niit.model.BlogComment [PESSIMISTIC_WRITE]: select blogcommen0_.blogCommentId as blogComm1_1_0_, blogcommen0_.blogComment as blogComm2_1_0_, blogcommen0_.blogId as blogId3_1_0_, blogcommen0_.commentDate as commentD4_1_0_, blogcommen0_.userId as userId5_1_0_, blogcommen0_.username as username6_1_0_ from CBlogComment blogcommen0_ where blogcommen0_.blogCommentId=? for update
17:40:01.523 [main] DEBUG org.hibernate.loader.plan.build.internal.spaces.QuerySpacesImpl - Adding QuerySpace : uid = &lt;gen:0&gt; -&gt; org.hibernate.loader.plan.build.internal.spaces.EntityQuerySpaceImpl@27df0f3d]
17:40:01.523 [main] DEBUG org.hibernate.persister.walking.spi.MetamodelGraphWalker - Visiting attribute path : blogComment
17:40:01.523 [main] DEBUG org.hibernate.persister.walking.spi.MetamodelGraphWalker - Visiting attribute path : blogId
17:40:01.523 [main] DEBUG org.hibernate.persister.walking.spi.MetamodelGraphWalker - Visiting attribute path : commentDate
17:40:01.523 [main] DEBUG org.hibernate.persister.walking.spi.MetamodelGraphWalker - Visiting attribute path : userId
17:40:01.523 [main] DEBUG org.hibernate.persister.walking.spi.MetamodelGraphWalker - Visiting attribute path : username
17:40:01.523 [main] DEBUG org.hibernate.loader.plan.build.internal.FetchStyleLoadPlanBuildingAssociationVisitationStrategy - Building LoadPlan...
17:40:01.524 [main] DEBUG org.hibernate.loader.plan.exec.internal.LoadQueryJoinAndFetchProcessor - processing queryspace &lt;gen:0&gt;
17:40:01.525 [main] DEBUG org.hibernate.loader.plan.build.spi.LoadPlanTreePrinter - LoadPlan(entity=com.niit.model.BlogComment)
    - Returns
       - EntityReturnImpl(entity=com.niit.model.BlogComment, querySpaceUid=&lt;gen:0&gt;, path=com.niit.model.BlogComment)
    - QuerySpaces
       - EntityQuerySpaceImpl(uid=&lt;gen:0&gt;, entity=com.niit.model.BlogComment)
          - SQL table alias mapping - blogcommen0_
          - alias suffix - 0_
          - suffixed key columns - {blogComm1_1_0_}

17:40:01.525 [main] DEBUG org.hibernate.loader.entity.plan.EntityLoader - Static select for entity com.niit.model.BlogComment [PESSIMISTIC_FORCE_INCREMENT]: select blogcommen0_.blogCommentId as blogComm1_1_0_, blogcommen0_.blogComment as blogComm2_1_0_, blogcommen0_.blogId as blogId3_1_0_, blogcommen0_.commentDate as commentD4_1_0_, blogcommen0_.userId as userId5_1_0_, blogcommen0_.username as username6_1_0_ from CBlogComment blogcommen0_ where blogcommen0_.blogCommentId=? for update
17:40:01.525 [main] DEBUG org.hibernate.loader.plan.build.internal.spaces.QuerySpacesImpl - Adding QuerySpace : uid = &lt;gen:0&gt; -&gt; org.hibernate.loader.plan.build.internal.spaces.EntityQuerySpaceImpl@44550792]
17:40:01.525 [main] DEBUG org.hibernate.persister.walking.spi.MetamodelGraphWalker - Visiting attribute path : blogComment
17:40:01.525 [main] DEBUG org.hibernate.persister.walking.spi.MetamodelGraphWalker - Visiting attribute path : blogId
17:40:01.526 [main] DEBUG org.hibernate.persister.walking.spi.MetamodelGraphWalker - Visiting attribute path : commentDate
17:40:01.526 [main] DEBUG org.hibernate.persister.walking.spi.MetamodelGraphWalker - Visiting attribute path : userId
17:40:01.526 [main] DEBUG org.hibernate.persister.walking.spi.MetamodelGraphWalker - Visiting attribute path : username
17:40:01.526 [main] DEBUG org.hibernate.loader.plan.build.internal.FetchStyleLoadPlanBuildingAssociationVisitationStrategy - Building LoadPlan...
17:40:01.526 [main] DEBUG org.hibernate.loader.plan.exec.internal.LoadQueryJoinAndFetchProcessor - processing queryspace &lt;gen:0&gt;
17:40:01.526 [main] DEBUG org.hibernate.loader.plan.build.spi.LoadPlanTreePrinter - LoadPlan(entity=com.niit.model.BlogComment)
    - Returns
       - EntityReturnImpl(entity=com.niit.model.BlogComment, querySpaceUid=&lt;gen:0&gt;, path=com.niit.model.BlogComment)
    - QuerySpaces
       - EntityQuerySpaceImpl(uid=&lt;gen:0&gt;, entity=com.niit.model.BlogComment)
          - SQL table alias mapping - blogcommen0_
          - alias suffix - 0_
          - suffixed key columns - {blogComm1_1_0_}

17:40:01.527 [main] DEBUG org.hibernate.loader.entity.plan.EntityLoader - Static select for entity com.niit.model.BlogComment [OPTIMISTIC]: select blogcommen0_.blogCommentId as blogComm1_1_0_, blogcommen0_.blogComment as blogComm2_1_0_, blogcommen0_.blogId as blogId3_1_0_, blogcommen0_.commentDate as commentD4_1_0_, blogcommen0_.userId as userId5_1_0_, blogcommen0_.username as username6_1_0_ from CBlogComment blogcommen0_ where blogcommen0_.blogCommentId=?
17:40:01.527 [main] DEBUG org.hibernate.loader.plan.build.internal.spaces.QuerySpacesImpl - Adding QuerySpace : uid = &lt;gen:0&gt; -&gt; org.hibernate.loader.plan.build.internal.spaces.EntityQuerySpaceImpl@474c9131]
17:40:01.528 [main] DEBUG org.hibernate.persister.walking.spi.MetamodelGraphWalker - Visiting attribute path : blogComment
17:40:01.528 [main] DEBUG org.hibernate.persister.walking.spi.MetamodelGraphWalker - Visiting attribute path : blogId
17:40:01.528 [main] DEBUG org.hibernate.persister.walking.spi.MetamodelGraphWalker - Visiting attribute path : commentDate
17:40:01.528 [main] DEBUG org.hibernate.persister.walking.spi.MetamodelGraphWalker - Visiting attribute path : userId
17:40:01.528 [main] DEBUG org.hibernate.persister.walking.spi.MetamodelGraphWalker - Visiting attribute path : username
17:40:01.528 [main] DEBUG org.hibernate.loader.plan.build.internal.FetchStyleLoadPlanBuildingAssociationVisitationStrategy - Building LoadPlan...
17:40:01.528 [main] DEBUG org.hibernate.loader.plan.exec.internal.LoadQueryJoinAndFetchProcessor - processing queryspace &lt;gen:0&gt;
17:40:01.528 [main] DEBUG org.hibernate.loader.plan.build.spi.LoadPlanTreePrinter - LoadPlan(entity=com.niit.model.BlogComment)
    - Returns
       - EntityReturnImpl(entity=com.niit.model.BlogComment, querySpaceUid=&lt;gen:0&gt;, path=com.niit.model.BlogComment)
    - QuerySpaces
       - EntityQuerySpaceImpl(uid=&lt;gen:0&gt;, entity=com.niit.model.BlogComment)
          - SQL table alias mapping - blogcommen0_
          - alias suffix - 0_
          - suffixed key columns - {blogComm1_1_0_}

17:40:01.528 [main] DEBUG org.hibernate.loader.entity.plan.EntityLoader - Static select for entity com.niit.model.BlogComment [OPTIMISTIC_FORCE_INCREMENT]: select blogcommen0_.blogCommentId as blogComm1_1_0_, blogcommen0_.blogComment as blogComm2_1_0_, blogcommen0_.blogId as blogId3_1_0_, blogcommen0_.commentDate as commentD4_1_0_, blogcommen0_.userId as userId5_1_0_, blogcommen0_.username as username6_1_0_ from CBlogComment blogcommen0_ where blogcommen0_.blogCommentId=?
17:40:01.529 [main] DEBUG org.hibernate.loader.Loader - Static select for action ACTION_MERGE on entity com.niit.model.BlogComment: select blogcommen0_.blogCommentId as blogComm1_1_0_, blogcommen0_.blogComment as blogComm2_1_0_, blogcommen0_.blogId as blogId3_1_0_, blogcommen0_.commentDate as commentD4_1_0_, blogcommen0_.userId as userId5_1_0_, blogcommen0_.username as username6_1_0_ from CBlogComment blogcommen0_ where blogcommen0_.blogCommentId=?
17:40:01.529 [main] DEBUG org.hibernate.loader.Loader - Static select for action ACTION_REFRESH on entity com.niit.model.BlogComment: select blogcommen0_.blogCommentId as blogComm1_1_0_, blogcommen0_.blogComment as blogComm2_1_0_, blogcommen0_.blogId as blogId3_1_0_, blogcommen0_.commentDate as commentD4_1_0_, blogcommen0_.userId as userId5_1_0_, blogcommen0_.username as username6_1_0_ from CBlogComment blogcommen0_ where blogcommen0_.blogCommentId=?
17:40:01.532 [main] DEBUG org.hibernate.persister.entity.AbstractEntityPersister - Static SQL for entity: com.niit.model.Blog
17:40:01.533 [main] DEBUG org.hibernate.persister.entity.AbstractEntityPersister -  Version select: select blogId from CBlog where blogId =?
17:40:01.533 [main] DEBUG org.hibernate.persister.entity.AbstractEntityPersister -  Snapshot select: select blog_.blogId, blog_.blogContent as blogCont2_0_, blog_.blogName as blogName3_0_, blog_.createDate as createDa4_0_, blog_.likes as likes5_0_, blog_.remarks as remarks6_0_, blog_.status as status7_0_, blog_.userId as userId8_0_ from CBlog blog_ where blog_.blogId=?
17:40:01.533 [main] DEBUG org.hibernate.persister.entity.AbstractEntityPersister -  Insert 0: insert into CBlog (blogContent, blogName, createDate, likes, remarks, status, userId, blogId) values (?, ?, ?, ?, ?, ?, ?, ?)
17:40:01.533 [main] DEBUG org.hibernate.persister.entity.AbstractEntityPersister -  Update 0: update CBlog set blogContent=?, blogName=?, createDate=?, likes=?, remarks=?, status=?, userId=? where blogId=?
17:40:01.533 [main] DEBUG org.hibernate.persister.entity.AbstractEntityPersister -  Delete 0: delete from CBlog where blogId=?
17:40:01.533 [main] DEBUG org.hibernate.loader.plan.build.internal.spaces.QuerySpacesImpl - Adding QuerySpace : uid = &lt;gen:0&gt; -&gt; org.hibernate.loader.plan.build.internal.spaces.EntityQuerySpaceImpl@aa4d8cc]
17:40:01.533 [main] DEBUG org.hibernate.persister.walking.spi.MetamodelGraphWalker - Visiting attribute path : blogContent
17:40:01.533 [main] DEBUG org.hibernate.persister.walking.spi.MetamodelGraphWalker - Visiting attribute path : blogName
17:40:01.534 [main] DEBUG org.hibernate.persister.walking.spi.MetamodelGraphWalker - Visiting attribute path : createDate
17:40:01.534 [main] DEBUG org.hibernate.persister.walking.spi.MetamodelGraphWalker - Visiting attribute path : likes
17:40:01.534 [main] DEBUG org.hibernate.persister.walking.spi.MetamodelGraphWalker - Visiting attribute path : remarks
17:40:01.534 [main] DEBUG org.hibernate.persister.walking.spi.MetamodelGraphWalker - Visiting attribute path : status
17:40:01.534 [main] DEBUG org.hibernate.persister.walking.spi.MetamodelGraphWalker - Visiting attribute path : userId
17:40:01.535 [main] DEBUG org.hibernate.loader.plan.build.internal.FetchStyleLoadPlanBuildingAssociationVisitationStrategy - Building LoadPlan...
17:40:01.536 [main] DEBUG org.hibernate.loader.plan.exec.internal.LoadQueryJoinAndFetchProcessor - processing queryspace &lt;gen:0&gt;
17:40:01.537 [main] DEBUG org.hibernate.loader.plan.build.spi.LoadPlanTreePrinter - LoadPlan(entity=com.niit.model.Blog)
    - Returns
       - EntityReturnImpl(entity=com.niit.model.Blog, querySpaceUid=&lt;gen:0&gt;, path=com.niit.model.Blog)
    - QuerySpaces
       - EntityQuerySpaceImpl(uid=&lt;gen:0&gt;, entity=com.niit.model.Blog)
          - SQL table alias mapping - blog0_
          - alias suffix - 0_
          - suffixed key columns - {blogId1_0_0_}

17:40:01.537 [main] DEBUG org.hibernate.loader.entity.plan.EntityLoader - Static select for entity com.niit.model.Blog [NONE]: select blog0_.blogId as blogId1_0_0_, blog0_.blogContent as blogCont2_0_0_, blog0_.blogName as blogName3_0_0_, blog0_.createDate as createDa4_0_0_, blog0_.likes as likes5_0_0_, blog0_.remarks as remarks6_0_0_, blog0_.status as status7_0_0_, blog0_.userId as userId8_0_0_ from CBlog blog0_ where blog0_.blogId=?
17:40:01.538 [main] DEBUG org.hibernate.loader.plan.build.internal.spaces.QuerySpacesImpl - Adding QuerySpace : uid = &lt;gen:0&gt; -&gt; org.hibernate.loader.plan.build.internal.spaces.EntityQuerySpaceImpl@1fde0371]
17:40:01.538 [main] DEBUG org.hibernate.persister.walking.spi.MetamodelGraphWalker - Visiting attribute path : blogContent
17:40:01.538 [main] DEBUG org.hibernate.persister.walking.spi.MetamodelGraphWalker - Visiting attribute path : blogName
17:40:01.538 [main] DEBUG org.hibernate.persister.walking.spi.MetamodelGraphWalker - Visiting attribute path : createDate
17:40:01.538 [main] DEBUG org.hibernate.persister.walking.spi.MetamodelGraphWalker - Visiting attribute path : likes
17:40:01.538 [main] DEBUG org.hibernate.persister.walking.spi.MetamodelGraphWalker - Visiting attribute path : remarks
17:40:01.539 [main] DEBUG org.hibernate.persister.walking.spi.MetamodelGraphWalker - Visiting attribute path : status
17:40:01.539 [main] DEBUG org.hibernate.persister.walking.spi.MetamodelGraphWalker - Visiting attribute path : userId
17:40:01.539 [main] DEBUG org.hibernate.loader.plan.build.internal.FetchStyleLoadPlanBuildingAssociationVisitationStrategy - Building LoadPlan...
17:40:01.539 [main] DEBUG org.hibernate.loader.plan.exec.internal.LoadQueryJoinAndFetchProcessor - processing queryspace &lt;gen:0&gt;
17:40:01.539 [main] DEBUG org.hibernate.loader.plan.build.spi.LoadPlanTreePrinter - LoadPlan(entity=com.niit.model.Blog)
    - Returns
       - EntityReturnImpl(entity=com.niit.model.Blog, querySpaceUid=&lt;gen:0&gt;, path=com.niit.model.Blog)
    - QuerySpaces
       - EntityQuerySpaceImpl(uid=&lt;gen:0&gt;, entity=com.niit.model.Blog)
          - SQL table alias mapping - blog0_
          - alias suffix - 0_
          - suffixed key columns - {blogId1_0_0_}

17:40:01.540 [main] DEBUG org.hibernate.loader.entity.plan.EntityLoader - Static select for entity com.niit.model.Blog [READ]: select blog0_.blogId as blogId1_0_0_, blog0_.blogContent as blogCont2_0_0_, blog0_.blogName as blogName3_0_0_, blog0_.createDate as createDa4_0_0_, blog0_.likes as likes5_0_0_, blog0_.remarks as remarks6_0_0_, blog0_.status as status7_0_0_, blog0_.userId as userId8_0_0_ from CBlog blog0_ where blog0_.blogId=?
17:40:01.540 [main] DEBUG org.hibernate.loader.plan.build.internal.spaces.QuerySpacesImpl - Adding QuerySpace : uid = &lt;gen:0&gt; -&gt; org.hibernate.loader.plan.build.internal.spaces.EntityQuerySpaceImpl@5c8e67b9]
17:40:01.540 [main] DEBUG org.hibernate.persister.walking.spi.MetamodelGraphWalker - Visiting attribute path : blogContent
17:40:01.540 [main] DEBUG org.hibernate.persister.walking.spi.MetamodelGraphWalker - Visiting attribute path : blogName
17:40:01.540 [main] DEBUG org.hibernate.persister.walking.spi.MetamodelGraphWalker - Visiting attribute path : createDate
17:40:01.540 [main] DEBUG org.hibernate.persister.walking.spi.MetamodelGraphWalker - Visiting attribute path : likes
17:40:01.540 [main] DEBUG org.hibernate.persister.walking.spi.MetamodelGraphWalker - Visiting attribute path : remarks
17:40:01.540 [main] DEBUG org.hibernate.persister.walking.spi.MetamodelGraphWalker - Visiting attribute path : status
17:40:01.540 [main] DEBUG org.hibernate.persister.walking.spi.MetamodelGraphWalker - Visiting attribute path : userId
17:40:01.540 [main] DEBUG org.hibernate.loader.plan.build.internal.FetchStyleLoadPlanBuildingAssociationVisitationStrategy - Building LoadPlan...
17:40:01.541 [main] DEBUG org.hibernate.loader.plan.exec.internal.LoadQueryJoinAndFetchProcessor - processing queryspace &lt;gen:0&gt;
17:40:01.541 [main] DEBUG org.hibernate.loader.plan.build.spi.LoadPlanTreePrinter - LoadPlan(entity=com.niit.model.Blog)
    - Returns
       - EntityReturnImpl(entity=com.niit.model.Blog, querySpaceUid=&lt;gen:0&gt;, path=com.niit.model.Blog)
    - QuerySpaces
       - EntityQuerySpaceImpl(uid=&lt;gen:0&gt;, entity=com.niit.model.Blog)
          - SQL table alias mapping - blog0_
          - alias suffix - 0_
          - suffixed key columns - {blogId1_0_0_}

17:40:01.541 [main] DEBUG org.hibernate.loader.entity.plan.EntityLoader - Static select for entity com.niit.model.Blog [UPGRADE]: select blog0_.blogId as blogId1_0_0_, blog0_.blogContent as blogCont2_0_0_, blog0_.blogName as blogName3_0_0_, blog0_.createDate as createDa4_0_0_, blog0_.likes as likes5_0_0_, blog0_.remarks as remarks6_0_0_, blog0_.status as status7_0_0_, blog0_.userId as userId8_0_0_ from CBlog blog0_ where blog0_.blogId=? for update
17:40:01.542 [main] DEBUG org.hibernate.loader.plan.build.internal.spaces.QuerySpacesImpl - Adding QuerySpace : uid = &lt;gen:0&gt; -&gt; org.hibernate.loader.plan.build.internal.spaces.EntityQuerySpaceImpl@49206065]
17:40:01.542 [main] DEBUG org.hibernate.persister.walking.spi.MetamodelGraphWalker - Visiting attribute path : blogContent
17:40:01.542 [main] DEBUG org.hibernate.persister.walking.spi.MetamodelGraphWalker - Visiting attribute path : blogName
17:40:01.542 [main] DEBUG org.hibernate.persister.walking.spi.MetamodelGraphWalker - Visiting attribute path : createDate
17:40:01.542 [main] DEBUG org.hibernate.persister.walking.spi.MetamodelGraphWalker - Visiting attribute path : likes
17:40:01.542 [main] DEBUG org.hibernate.persister.walking.spi.MetamodelGraphWalker - Visiting attribute path : remarks
17:40:01.542 [main] DEBUG org.hibernate.persister.walking.spi.MetamodelGraphWalker - Visiting attribute path : status
17:40:01.542 [main] DEBUG org.hibernate.persister.walking.spi.MetamodelGraphWalker - Visiting attribute path : userId
17:40:01.542 [main] DEBUG org.hibernate.loader.plan.build.internal.FetchStyleLoadPlanBuildingAssociationVisitationStrategy - Building LoadPlan...
17:40:01.543 [main] DEBUG org.hibernate.loader.plan.exec.internal.LoadQueryJoinAndFetchProcessor - processing queryspace &lt;gen:0&gt;
17:40:01.543 [main] DEBUG org.hibernate.loader.plan.build.spi.LoadPlanTreePrinter - LoadPlan(entity=com.niit.model.Blog)
    - Returns
       - EntityReturnImpl(entity=com.niit.model.Blog, querySpaceUid=&lt;gen:0&gt;, path=com.niit.model.Blog)
    - QuerySpaces
       - EntityQuerySpaceImpl(uid=&lt;gen:0&gt;, entity=com.niit.model.Blog)
          - SQL table alias mapping - blog0_
          - alias suffix - 0_
          - suffixed key columns - {blogId1_0_0_}

17:40:01.543 [main] DEBUG org.hibernate.loader.entity.plan.EntityLoader - Static select for entity com.niit.model.Blog [UPGRADE_NOWAIT]: select blog0_.blogId as blogId1_0_0_, blog0_.blogContent as blogCont2_0_0_, blog0_.blogName as blogName3_0_0_, blog0_.createDate as createDa4_0_0_, blog0_.likes as likes5_0_0_, blog0_.remarks as remarks6_0_0_, blog0_.status as status7_0_0_, blog0_.userId as userId8_0_0_ from CBlog blog0_ where blog0_.blogId=? for update
17:40:01.543 [main] DEBUG org.hibernate.loader.plan.build.internal.spaces.QuerySpacesImpl - Adding QuerySpace : uid = &lt;gen:0&gt; -&gt; org.hibernate.loader.plan.build.internal.spaces.EntityQuerySpaceImpl@1317b708]
17:40:01.543 [main] DEBUG org.hibernate.persister.walking.spi.MetamodelGraphWalker - Visiting attribute path : blogContent
17:40:01.543 [main] DEBUG org.hibernate.persister.walking.spi.MetamodelGraphWalker - Visiting attribute path : blogName
17:40:01.543 [main] DEBUG org.hibernate.persister.walking.spi.MetamodelGraphWalker - Visiting attribute path : createDate
17:40:01.543 [main] DEBUG org.hibernate.persister.walking.spi.MetamodelGraphWalker - Visiting attribute path : likes
17:40:01.545 [main] DEBUG org.hibernate.persister.walking.spi.MetamodelGraphWalker - Visiting attribute path : remarks
17:40:01.545 [main] DEBUG org.hibernate.persister.walking.spi.MetamodelGraphWalker - Visiting attribute path : status
17:40:01.545 [main] DEBUG org.hibernate.persister.walking.spi.MetamodelGraphWalker - Visiting attribute path : userId
17:40:01.546 [main] DEBUG org.hibernate.loader.plan.build.internal.FetchStyleLoadPlanBuildingAssociationVisitationStrategy - Building LoadPlan...
17:40:01.546 [main] DEBUG org.hibernate.loader.plan.exec.internal.LoadQueryJoinAndFetchProcessor - processing queryspace &lt;gen:0&gt;
17:40:01.546 [main] DEBUG org.hibernate.loader.plan.build.spi.LoadPlanTreePrinter - LoadPlan(entity=com.niit.model.Blog)
    - Returns
       - EntityReturnImpl(entity=com.niit.model.Blog, querySpaceUid=&lt;gen:0&gt;, path=com.niit.model.Blog)
    - QuerySpaces
       - EntityQuerySpaceImpl(uid=&lt;gen:0&gt;, entity=com.niit.model.Blog)
          - SQL table alias mapping - blog0_
          - alias suffix - 0_
          - suffixed key columns - {blogId1_0_0_}

17:40:01.546 [main] DEBUG org.hibernate.loader.entity.plan.EntityLoader - Static select for entity com.niit.model.Blog [UPGRADE_SKIPLOCKED]: select blog0_.blogId as blogId1_0_0_, blog0_.blogContent as blogCont2_0_0_, blog0_.blogName as blogName3_0_0_, blog0_.createDate as createDa4_0_0_, blog0_.likes as likes5_0_0_, blog0_.remarks as remarks6_0_0_, blog0_.status as status7_0_0_, blog0_.userId as userId8_0_0_ from CBlog blog0_ where blog0_.blogId=? for update
17:40:01.547 [main] DEBUG org.hibernate.loader.plan.build.internal.spaces.QuerySpacesImpl - Adding QuerySpace : uid = &lt;gen:0&gt; -&gt; org.hibernate.loader.plan.build.internal.spaces.EntityQuerySpaceImpl@2e51d054]
17:40:01.547 [main] DEBUG org.hibernate.persister.walking.spi.MetamodelGraphWalker - Visiting attribute path : blogContent
17:40:01.547 [main] DEBUG org.hibernate.persister.walking.spi.MetamodelGraphWalker - Visiting attribute path : blogName
17:40:01.548 [main] DEBUG org.hibernate.persister.walking.spi.MetamodelGraphWalker - Visiting attribute path : createDate
17:40:01.548 [main] DEBUG org.hibernate.persister.walking.spi.MetamodelGraphWalker - Visiting attribute path : likes
17:40:01.548 [main] DEBUG org.hibernate.persister.walking.spi.MetamodelGraphWalker - Visiting attribute path : remarks
17:40:01.548 [main] DEBUG org.hibernate.persister.walking.spi.MetamodelGraphWalker - Visiting attribute path : status
17:40:01.548 [main] DEBUG org.hibernate.persister.walking.spi.MetamodelGraphWalker - Visiting attribute path : userId
17:40:01.548 [main] DEBUG org.hibernate.loader.plan.build.internal.FetchStyleLoadPlanBuildingAssociationVisitationStrategy - Building LoadPlan...
17:40:01.549 [main] DEBUG org.hibernate.loader.plan.exec.internal.LoadQueryJoinAndFetchProcessor - processing queryspace &lt;gen:0&gt;
17:40:01.550 [main] DEBUG org.hibernate.loader.plan.build.spi.LoadPlanTreePrinter - LoadPlan(entity=com.niit.model.Blog)
    - Returns
       - EntityReturnImpl(entity=com.niit.model.Blog, querySpaceUid=&lt;gen:0&gt;, path=com.niit.model.Blog)
    - QuerySpaces
       - EntityQuerySpaceImpl(uid=&lt;gen:0&gt;, entity=com.niit.model.Blog)
          - SQL table alias mapping - blog0_
          - alias suffix - 0_
          - suffixed key columns - {blogId1_0_0_}

17:40:01.550 [main] DEBUG org.hibernate.loader.entity.plan.EntityLoader - Static select for entity com.niit.model.Blog [FORCE]: select blog0_.blogId as blogId1_0_0_, blog0_.blogContent as blogCont2_0_0_, blog0_.blogName as blogName3_0_0_, blog0_.createDate as createDa4_0_0_, blog0_.likes as likes5_0_0_, blog0_.remarks as remarks6_0_0_, blog0_.status as status7_0_0_, blog0_.userId as userId8_0_0_ from CBlog blog0_ where blog0_.blogId=? for update
17:40:01.550 [main] DEBUG org.hibernate.loader.plan.build.internal.spaces.QuerySpacesImpl - Adding QuerySpace : uid = &lt;gen:0&gt; -&gt; org.hibernate.loader.plan.build.internal.spaces.EntityQuerySpaceImpl@615e3f51]
17:40:01.551 [main] DEBUG org.hibernate.persister.walking.spi.MetamodelGraphWalker - Visiting attribute path : blogContent
17:40:01.551 [main] DEBUG org.hibernate.persister.walking.spi.MetamodelGraphWalker - Visiting attribute path : blogName
17:40:01.552 [main] DEBUG org.hibernate.persister.walking.spi.MetamodelGraphWalker - Visiting attribute path : createDate
17:40:01.552 [main] DEBUG org.hibernate.persister.walking.spi.MetamodelGraphWalker - Visiting attribute path : likes
17:40:01.552 [main] DEBUG org.hibernate.persister.walking.spi.MetamodelGraphWalker - Visiting attribute path : remarks
17:40:01.552 [main] DEBUG org.hibernate.persister.walking.spi.MetamodelGraphWalker - Visiting attribute path : status
17:40:01.552 [main] DEBUG org.hibernate.persister.walking.spi.MetamodelGraphWalker - Visiting attribute path : userId
17:40:01.552 [main] DEBUG org.hibernate.loader.plan.build.internal.FetchStyleLoadPlanBuildingAssociationVisitationStrategy - Building LoadPlan...
17:40:01.552 [main] DEBUG org.hibernate.loader.plan.exec.internal.LoadQueryJoinAndFetchProcessor - processing queryspace &lt;gen:0&gt;
17:40:01.553 [main] DEBUG org.hibernate.loader.plan.build.spi.LoadPlanTreePrinter - LoadPlan(entity=com.niit.model.Blog)
    - Returns
       - EntityReturnImpl(entity=com.niit.model.Blog, querySpaceUid=&lt;gen:0&gt;, path=com.niit.model.Blog)
    - QuerySpaces
       - EntityQuerySpaceImpl(uid=&lt;gen:0&gt;, entity=com.niit.model.Blog)
          - SQL table alias mapping - blog0_
          - alias suffix - 0_
          - suffixed key columns - {blogId1_0_0_}

17:40:01.553 [main] DEBUG org.hibernate.loader.entity.plan.EntityLoader - Static select for entity com.niit.model.Blog [PESSIMISTIC_READ]: select blog0_.blogId as blogId1_0_0_, blog0_.blogContent as blogCont2_0_0_, blog0_.blogName as blogName3_0_0_, blog0_.createDate as createDa4_0_0_, blog0_.likes as likes5_0_0_, blog0_.remarks as remarks6_0_0_, blog0_.status as status7_0_0_, blog0_.userId as userId8_0_0_ from CBlog blog0_ where blog0_.blogId=? for update
17:40:01.553 [main] DEBUG org.hibernate.loader.plan.build.internal.spaces.QuerySpacesImpl - Adding QuerySpace : uid = &lt;gen:0&gt; -&gt; org.hibernate.loader.plan.build.internal.spaces.EntityQuerySpaceImpl@608bc8f8]
17:40:01.553 [main] DEBUG org.hibernate.persister.walking.spi.MetamodelGraphWalker - Visiting attribute path : blogContent
17:40:01.553 [main] DEBUG org.hibernate.persister.walking.spi.MetamodelGraphWalker - Visiting attribute path : blogName
17:40:01.553 [main] DEBUG org.hibernate.persister.walking.spi.MetamodelGraphWalker - Visiting attribute path : createDate
17:40:01.553 [main] DEBUG org.hibernate.persister.walking.spi.MetamodelGraphWalker - Visiting attribute path : likes
17:40:01.553 [main] DEBUG org.hibernate.persister.walking.spi.MetamodelGraphWalker - Visiting attribute path : remarks
17:40:01.553 [main] DEBUG org.hibernate.persister.walking.spi.MetamodelGraphWalker - Visiting attribute path : status
17:40:01.553 [main] DEBUG org.hibernate.persister.walking.spi.MetamodelGraphWalker - Visiting attribute path : userId
17:40:01.553 [main] DEBUG org.hibernate.loader.plan.build.internal.FetchStyleLoadPlanBuildingAssociationVisitationStrategy - Building LoadPlan...
17:40:01.553 [main] DEBUG org.hibernate.loader.plan.exec.internal.LoadQueryJoinAndFetchProcessor - processing queryspace &lt;gen:0&gt;
17:40:01.554 [main] DEBUG org.hibernate.loader.plan.build.spi.LoadPlanTreePrinter - LoadPlan(entity=com.niit.model.Blog)
    - Returns
       - EntityReturnImpl(entity=com.niit.model.Blog, querySpaceUid=&lt;gen:0&gt;, path=com.niit.model.Blog)
    - QuerySpaces
       - EntityQuerySpaceImpl(uid=&lt;gen:0&gt;, entity=com.niit.model.Blog)
          - SQL table alias mapping - blog0_
          - alias suffix - 0_
          - suffixed key columns - {blogId1_0_0_}

17:40:01.554 [main] DEBUG org.hibernate.loader.entity.plan.EntityLoader - Static select for entity com.niit.model.Blog [PESSIMISTIC_WRITE]: select blog0_.blogId as blogId1_0_0_, blog0_.blogContent as blogCont2_0_0_, blog0_.blogName as blogName3_0_0_, blog0_.createDate as createDa4_0_0_, blog0_.likes as likes5_0_0_, blog0_.remarks as remarks6_0_0_, blog0_.status as status7_0_0_, blog0_.userId as userId8_0_0_ from CBlog blog0_ where blog0_.blogId=? for update
17:40:01.554 [main] DEBUG org.hibernate.loader.plan.build.internal.spaces.QuerySpacesImpl - Adding QuerySpace : uid = &lt;gen:0&gt; -&gt; org.hibernate.loader.plan.build.internal.spaces.EntityQuerySpaceImpl@44a6a68e]
17:40:01.554 [main] DEBUG org.hibernate.persister.walking.spi.MetamodelGraphWalker - Visiting attribute path : blogContent
17:40:01.554 [main] DEBUG org.hibernate.persister.walking.spi.MetamodelGraphWalker - Visiting attribute path : blogName
17:40:01.554 [main] DEBUG org.hibernate.persister.walking.spi.MetamodelGraphWalker - Visiting attribute path : createDate
17:40:01.554 [main] DEBUG org.hibernate.persister.walking.spi.MetamodelGraphWalker - Visiting attribute path : likes
17:40:01.554 [main] DEBUG org.hibernate.persister.walking.spi.MetamodelGraphWalker - Visiting attribute path : remarks
17:40:01.554 [main] DEBUG org.hibernate.persister.walking.spi.MetamodelGraphWalker - Visiting attribute path : status
17:40:01.554 [main] DEBUG org.hibernate.persister.walking.spi.MetamodelGraphWalker - Visiting attribute path : userId
17:40:01.554 [main] DEBUG org.hibernate.loader.plan.build.internal.FetchStyleLoadPlanBuildingAssociationVisitationStrategy - Building LoadPlan...
17:40:01.555 [main] DEBUG org.hibernate.loader.plan.exec.internal.LoadQueryJoinAndFetchProcessor - processing queryspace &lt;gen:0&gt;
17:40:01.555 [main] DEBUG org.hibernate.loader.plan.build.spi.LoadPlanTreePrinter - LoadPlan(entity=com.niit.model.Blog)
    - Returns
       - EntityReturnImpl(entity=com.niit.model.Blog, querySpaceUid=&lt;gen:0&gt;, path=com.niit.model.Blog)
    - QuerySpaces
       - EntityQuerySpaceImpl(uid=&lt;gen:0&gt;, entity=com.niit.model.Blog)
          - SQL table alias mapping - blog0_
          - alias suffix - 0_
          - suffixed key columns - {blogId1_0_0_}

17:40:01.555 [main] DEBUG org.hibernate.loader.entity.plan.EntityLoader - Static select for entity com.niit.model.Blog [PESSIMISTIC_FORCE_INCREMENT]: select blog0_.blogId as blogId1_0_0_, blog0_.blogContent as blogCont2_0_0_, blog0_.blogName as blogName3_0_0_, blog0_.createDate as createDa4_0_0_, blog0_.likes as likes5_0_0_, blog0_.remarks as remarks6_0_0_, blog0_.status as status7_0_0_, blog0_.userId as userId8_0_0_ from CBlog blog0_ where blog0_.blogId=? for update
17:40:01.555 [main] DEBUG org.hibernate.loader.plan.build.internal.spaces.QuerySpacesImpl - Adding QuerySpace : uid = &lt;gen:0&gt; -&gt; org.hibernate.loader.plan.build.internal.spaces.EntityQuerySpaceImpl@79316f3a]
17:40:01.555 [main] DEBUG org.hibernate.persister.walking.spi.MetamodelGraphWalker - Visiting attribute path : blogContent
17:40:01.555 [main] DEBUG org.hibernate.persister.walking.spi.MetamodelGraphWalker - Visiting attribute path : blogName
17:40:01.555 [main] DEBUG org.hibernate.persister.walking.spi.MetamodelGraphWalker - Visiting attribute path : createDate
17:40:01.556 [main] DEBUG org.hibernate.persister.walking.spi.MetamodelGraphWalker - Visiting attribute path : likes
17:40:01.556 [main] DEBUG org.hibernate.persister.walking.spi.MetamodelGraphWalker - Visiting attribute path : remarks
17:40:01.556 [main] DEBUG org.hibernate.persister.walking.spi.MetamodelGraphWalker - Visiting attribute path : status
17:40:01.556 [main] DEBUG org.hibernate.persister.walking.spi.MetamodelGraphWalker - Visiting attribute path : userId
17:40:01.556 [main] DEBUG org.hibernate.loader.plan.build.internal.FetchStyleLoadPlanBuildingAssociationVisitationStrategy - Building LoadPlan...
17:40:01.556 [main] DEBUG org.hibernate.loader.plan.exec.internal.LoadQueryJoinAndFetchProcessor - processing queryspace &lt;gen:0&gt;
17:40:01.557 [main] DEBUG org.hibernate.loader.plan.build.spi.LoadPlanTreePrinter - LoadPlan(entity=com.niit.model.Blog)
    - Returns
       - EntityReturnImpl(entity=com.niit.model.Blog, querySpaceUid=&lt;gen:0&gt;, path=com.niit.model.Blog)
    - QuerySpaces
       - EntityQuerySpaceImpl(uid=&lt;gen:0&gt;, entity=com.niit.model.Blog)
          - SQL table alias mapping - blog0_
          - alias suffix - 0_
          - suffixed key columns - {blogId1_0_0_}

17:40:01.557 [main] DEBUG org.hibernate.loader.entity.plan.EntityLoader - Static select for entity com.niit.model.Blog [OPTIMISTIC]: select blog0_.blogId as blogId1_0_0_, blog0_.blogContent as blogCont2_0_0_, blog0_.blogName as blogName3_0_0_, blog0_.createDate as createDa4_0_0_, blog0_.likes as likes5_0_0_, blog0_.remarks as remarks6_0_0_, blog0_.status as status7_0_0_, blog0_.userId as userId8_0_0_ from CBlog blog0_ where blog0_.blogId=?
17:40:01.557 [main] DEBUG org.hibernate.loader.plan.build.internal.spaces.QuerySpacesImpl - Adding QuerySpace : uid = &lt;gen:0&gt; -&gt; org.hibernate.loader.plan.build.internal.spaces.EntityQuerySpaceImpl@49fe3142]
17:40:01.557 [main] DEBUG org.hibernate.persister.walking.spi.MetamodelGraphWalker - Visiting attribute path : blogContent
17:40:01.557 [main] DEBUG org.hibernate.persister.walking.spi.MetamodelGraphWalker - Visiting attribute path : blogName
17:40:01.557 [main] DEBUG org.hibernate.persister.walking.spi.MetamodelGraphWalker - Visiting attribute path : createDate
17:40:01.558 [main] DEBUG org.hibernate.persister.walking.spi.MetamodelGraphWalker - Visiting attribute path : likes
17:40:01.558 [main] DEBUG org.hibernate.persister.walking.spi.MetamodelGraphWalker - Visiting attribute path : remarks
17:40:01.558 [main] DEBUG org.hibernate.persister.walking.spi.MetamodelGraphWalker - Visiting attribute path : status
17:40:01.558 [main] DEBUG org.hibernate.persister.walking.spi.MetamodelGraphWalker - Visiting attribute path : userId
17:40:01.558 [main] DEBUG org.hibernate.loader.plan.build.internal.FetchStyleLoadPlanBuildingAssociationVisitationStrategy - Building LoadPlan...
17:40:01.558 [main] DEBUG org.hibernate.loader.plan.exec.internal.LoadQueryJoinAndFetchProcessor - processing queryspace &lt;gen:0&gt;
17:40:01.558 [main] DEBUG org.hibernate.loader.plan.build.spi.LoadPlanTreePrinter - LoadPlan(entity=com.niit.model.Blog)
    - Returns
       - EntityReturnImpl(entity=com.niit.model.Blog, querySpaceUid=&lt;gen:0&gt;, path=com.niit.model.Blog)
    - QuerySpaces
       - EntityQuerySpaceImpl(uid=&lt;gen:0&gt;, entity=com.niit.model.Blog)
          - SQL table alias mapping - blog0_
          - alias suffix - 0_
          - suffixed key columns - {blogId1_0_0_}

17:40:01.559 [main] DEBUG org.hibernate.loader.entity.plan.EntityLoader - Static select for entity com.niit.model.Blog [OPTIMISTIC_FORCE_INCREMENT]: select blog0_.blogId as blogId1_0_0_, blog0_.blogContent as blogCont2_0_0_, blog0_.blogName as blogName3_0_0_, blog0_.createDate as createDa4_0_0_, blog0_.likes as likes5_0_0_, blog0_.remarks as remarks6_0_0_, blog0_.status as status7_0_0_, blog0_.userId as userId8_0_0_ from CBlog blog0_ where blog0_.blogId=?
17:40:01.559 [main] DEBUG org.hibernate.loader.Loader - Static select for action ACTION_MERGE on entity com.niit.model.Blog: select blog0_.blogId as blogId1_0_0_, blog0_.blogContent as blogCont2_0_0_, blog0_.blogName as blogName3_0_0_, blog0_.createDate as createDa4_0_0_, blog0_.likes as likes5_0_0_, blog0_.remarks as remarks6_0_0_, blog0_.status as status7_0_0_, blog0_.userId as userId8_0_0_ from CBlog blog0_ where blog0_.blogId=?
17:40:01.560 [main] DEBUG org.hibernate.loader.Loader - Static select for action ACTION_REFRESH on entity com.niit.model.Blog: select blog0_.blogId as blogId1_0_0_, blog0_.blogContent as blogCont2_0_0_, blog0_.blogName as blogName3_0_0_, blog0_.createDate as createDa4_0_0_, blog0_.likes as likes5_0_0_, blog0_.remarks as remarks6_0_0_, blog0_.status as status7_0_0_, blog0_.userId as userId8_0_0_ from CBlog blog0_ where blog0_.blogId=?
17:40:01.560 [main] DEBUG org.hibernate.persister.entity.AbstractEntityPersister - Static SQL for entity: com.niit.model.JobApplied
17:40:01.560 [main] DEBUG org.hibernate.persister.entity.AbstractEntityPersister -  Version select: select jobAppliedId from CJobApplied where jobAppliedId =?
17:40:01.560 [main] DEBUG org.hibernate.persister.entity.AbstractEntityPersister -  Snapshot select: select jobapplied_.jobAppliedId, jobapplied_.dateApplied as dateAppl2_6_, jobapplied_.jobId as jobId3_6_, jobapplied_.remarks as remarks4_6_, jobapplied_.status as status5_6_, jobapplied_.userId as userId6_6_ from CJobApplied jobapplied_ where jobapplied_.jobAppliedId=?
17:40:01.560 [main] DEBUG org.hibernate.persister.entity.AbstractEntityPersister -  Insert 0: insert into CJobApplied (dateApplied, jobId, remarks, status, userId, jobAppliedId) values (?, ?, ?, ?, ?, ?)
17:40:01.561 [main] DEBUG org.hibernate.persister.entity.AbstractEntityPersister -  Update 0: update CJobApplied set dateApplied=?, jobId=?, remarks=?, status=?, userId=? where jobAppliedId=?
17:40:01.561 [main] DEBUG org.hibernate.persister.entity.AbstractEntityPersister -  Delete 0: delete from CJobApplied where jobAppliedId=?
17:40:01.561 [main] DEBUG org.hibernate.loader.plan.build.internal.spaces.QuerySpacesImpl - Adding QuerySpace : uid = &lt;gen:0&gt; -&gt; org.hibernate.loader.plan.build.internal.spaces.EntityQuerySpaceImpl@61c42416]
17:40:01.561 [main] DEBUG org.hibernate.persister.walking.spi.MetamodelGraphWalker - Visiting attribute path : dateApplied
17:40:01.561 [main] DEBUG org.hibernate.persister.walking.spi.MetamodelGraphWalker - Visiting attribute path : jobId
17:40:01.561 [main] DEBUG org.hibernate.persister.walking.spi.MetamodelGraphWalker - Visiting attribute path : remarks
17:40:01.561 [main] DEBUG org.hibernate.persister.walking.spi.MetamodelGraphWalker - Visiting attribute path : status
17:40:01.561 [main] DEBUG org.hibernate.persister.walking.spi.MetamodelGraphWalker - Visiting attribute path : userId
17:40:01.561 [main] DEBUG org.hibernate.loader.plan.build.internal.FetchStyleLoadPlanBuildingAssociationVisitationStrategy - Building LoadPlan...
17:40:01.562 [main] DEBUG org.hibernate.loader.plan.exec.internal.LoadQueryJoinAndFetchProcessor - processing queryspace &lt;gen:0&gt;
17:40:01.562 [main] DEBUG org.hibernate.loader.plan.build.spi.LoadPlanTreePrinter - LoadPlan(entity=com.niit.model.JobApplied)
    - Returns
       - EntityReturnImpl(entity=com.niit.model.JobApplied, querySpaceUid=&lt;gen:0&gt;, path=com.niit.model.JobApplied)
    - QuerySpaces
       - EntityQuerySpaceImpl(uid=&lt;gen:0&gt;, entity=com.niit.model.JobApplied)
          - SQL table alias mapping - jobapplied0_
          - alias suffix - 0_
          - suffixed key columns - {jobAppli1_6_0_}

17:40:01.562 [main] DEBUG org.hibernate.loader.entity.plan.EntityLoader - Static select for entity com.niit.model.JobApplied [NONE]: select jobapplied0_.jobAppliedId as jobAppli1_6_0_, jobapplied0_.dateApplied as dateAppl2_6_0_, jobapplied0_.jobId as jobId3_6_0_, jobapplied0_.remarks as remarks4_6_0_, jobapplied0_.status as status5_6_0_, jobapplied0_.userId as userId6_6_0_ from CJobApplied jobapplied0_ where jobapplied0_.jobAppliedId=?
17:40:01.562 [main] DEBUG org.hibernate.loader.plan.build.internal.spaces.QuerySpacesImpl - Adding QuerySpace : uid = &lt;gen:0&gt; -&gt; org.hibernate.loader.plan.build.internal.spaces.EntityQuerySpaceImpl@a565cbd]
17:40:01.562 [main] DEBUG org.hibernate.persister.walking.spi.MetamodelGraphWalker - Visiting attribute path : dateApplied
17:40:01.563 [main] DEBUG org.hibernate.persister.walking.spi.MetamodelGraphWalker - Visiting attribute path : jobId
17:40:01.563 [main] DEBUG org.hibernate.persister.walking.spi.MetamodelGraphWalker - Visiting attribute path : remarks
17:40:01.563 [main] DEBUG org.hibernate.persister.walking.spi.MetamodelGraphWalker - Visiting attribute path : status
17:40:01.563 [main] DEBUG org.hibernate.persister.walking.spi.MetamodelGraphWalker - Visiting attribute path : userId
17:40:01.563 [main] DEBUG org.hibernate.loader.plan.build.internal.FetchStyleLoadPlanBuildingAssociationVisitationStrategy - Building LoadPlan...
17:40:01.563 [main] DEBUG org.hibernate.loader.plan.exec.internal.LoadQueryJoinAndFetchProcessor - processing queryspace &lt;gen:0&gt;
17:40:01.563 [main] DEBUG org.hibernate.loader.plan.build.spi.LoadPlanTreePrinter - LoadPlan(entity=com.niit.model.JobApplied)
    - Returns
       - EntityReturnImpl(entity=com.niit.model.JobApplied, querySpaceUid=&lt;gen:0&gt;, path=com.niit.model.JobApplied)
    - QuerySpaces
       - EntityQuerySpaceImpl(uid=&lt;gen:0&gt;, entity=com.niit.model.JobApplied)
          - SQL table alias mapping - jobapplied0_
          - alias suffix - 0_
          - suffixed key columns - {jobAppli1_6_0_}

17:40:01.563 [main] DEBUG org.hibernate.loader.entity.plan.EntityLoader - Static select for entity com.niit.model.JobApplied [READ]: select jobapplied0_.jobAppliedId as jobAppli1_6_0_, jobapplied0_.dateApplied as dateAppl2_6_0_, jobapplied0_.jobId as jobId3_6_0_, jobapplied0_.remarks as remarks4_6_0_, jobapplied0_.status as status5_6_0_, jobapplied0_.userId as userId6_6_0_ from CJobApplied jobapplied0_ where jobapplied0_.jobAppliedId=?
17:40:01.563 [main] DEBUG org.hibernate.loader.plan.build.internal.spaces.QuerySpacesImpl - Adding QuerySpace : uid = &lt;gen:0&gt; -&gt; org.hibernate.loader.plan.build.internal.spaces.EntityQuerySpaceImpl@2f66f0d0]
17:40:01.563 [main] DEBUG org.hibernate.persister.walking.spi.MetamodelGraphWalker - Visiting attribute path : dateApplied
17:40:01.563 [main] DEBUG org.hibernate.persister.walking.spi.MetamodelGraphWalker - Visiting attribute path : jobId
17:40:01.563 [main] DEBUG org.hibernate.persister.walking.spi.MetamodelGraphWalker - Visiting attribute path : remarks
17:40:01.564 [main] DEBUG org.hibernate.persister.walking.spi.MetamodelGraphWalker - Visiting attribute path : status
17:40:01.564 [main] DEBUG org.hibernate.persister.walking.spi.MetamodelGraphWalker - Visiting attribute path : userId
17:40:01.564 [main] DEBUG org.hibernate.loader.plan.build.internal.FetchStyleLoadPlanBuildingAssociationVisitationStrategy - Building LoadPlan...
17:40:01.564 [main] DEBUG org.hibernate.loader.plan.exec.internal.LoadQueryJoinAndFetchProcessor - processing queryspace &lt;gen:0&gt;
17:40:01.565 [main] DEBUG org.hibernate.loader.plan.build.spi.LoadPlanTreePrinter - LoadPlan(entity=com.niit.model.JobApplied)
    - Returns
       - EntityReturnImpl(entity=com.niit.model.JobApplied, querySpaceUid=&lt;gen:0&gt;, path=com.niit.model.JobApplied)
    - QuerySpaces
       - EntityQuerySpaceImpl(uid=&lt;gen:0&gt;, entity=com.niit.model.JobApplied)
          - SQL table alias mapping - jobapplied0_
          - alias suffix - 0_
          - suffixed key columns - {jobAppli1_6_0_}

17:40:01.566 [main] DEBUG org.hibernate.loader.entity.plan.EntityLoader - Static select for entity com.niit.model.JobApplied [UPGRADE]: select jobapplied0_.jobAppliedId as jobAppli1_6_0_, jobapplied0_.dateApplied as dateAppl2_6_0_, jobapplied0_.jobId as jobId3_6_0_, jobapplied0_.remarks as remarks4_6_0_, jobapplied0_.status as status5_6_0_, jobapplied0_.userId as userId6_6_0_ from CJobApplied jobapplied0_ where jobapplied0_.jobAppliedId=? for update
17:40:01.566 [main] DEBUG org.hibernate.loader.plan.build.internal.spaces.QuerySpacesImpl - Adding QuerySpace : uid = &lt;gen:0&gt; -&gt; org.hibernate.loader.plan.build.internal.spaces.EntityQuerySpaceImpl@7569ea63]
17:40:01.566 [main] DEBUG org.hibernate.persister.walking.spi.MetamodelGraphWalker - Visiting attribute path : dateApplied
17:40:01.566 [main] DEBUG org.hibernate.persister.walking.spi.MetamodelGraphWalker - Visiting attribute path : jobId
17:40:01.566 [main] DEBUG org.hibernate.persister.walking.spi.MetamodelGraphWalker - Visiting attribute path : remarks
17:40:01.566 [main] DEBUG org.hibernate.persister.walking.spi.MetamodelGraphWalker - Visiting attribute path : status
17:40:01.566 [main] DEBUG org.hibernate.persister.walking.spi.MetamodelGraphWalker - Visiting attribute path : userId
17:40:01.566 [main] DEBUG org.hibernate.loader.plan.build.internal.FetchStyleLoadPlanBuildingAssociationVisitationStrategy - Building LoadPlan...
17:40:01.567 [main] DEBUG org.hibernate.loader.plan.exec.internal.LoadQueryJoinAndFetchProcessor - processing queryspace &lt;gen:0&gt;
17:40:01.567 [main] DEBUG org.hibernate.loader.plan.build.spi.LoadPlanTreePrinter - LoadPlan(entity=com.niit.model.JobApplied)
    - Returns
       - EntityReturnImpl(entity=com.niit.model.JobApplied, querySpaceUid=&lt;gen:0&gt;, path=com.niit.model.JobApplied)
    - QuerySpaces
       - EntityQuerySpaceImpl(uid=&lt;gen:0&gt;, entity=com.niit.model.JobApplied)
          - SQL table alias mapping - jobapplied0_
          - alias suffix - 0_
          - suffixed key columns - {jobAppli1_6_0_}

17:40:01.567 [main] DEBUG org.hibernate.loader.entity.plan.EntityLoader - Static select for entity com.niit.model.JobApplied [UPGRADE_NOWAIT]: select jobapplied0_.jobAppliedId as jobAppli1_6_0_, jobapplied0_.dateApplied as dateAppl2_6_0_, jobapplied0_.jobId as jobId3_6_0_, jobapplied0_.remarks as remarks4_6_0_, jobapplied0_.status as status5_6_0_, jobapplied0_.userId as userId6_6_0_ from CJobApplied jobapplied0_ where jobapplied0_.jobAppliedId=? for update
17:40:01.567 [main] DEBUG org.hibernate.loader.plan.build.internal.spaces.QuerySpacesImpl - Adding QuerySpace : uid = &lt;gen:0&gt; -&gt; org.hibernate.loader.plan.build.internal.spaces.EntityQuerySpaceImpl@16c587de]
17:40:01.567 [main] DEBUG org.hibernate.persister.walking.spi.MetamodelGraphWalker - Visiting attribute path : dateApplied
17:40:01.567 [main] DEBUG org.hibernate.persister.walking.spi.MetamodelGraphWalker - Visiting attribute path : jobId
17:40:01.567 [main] DEBUG org.hibernate.persister.walking.spi.MetamodelGraphWalker - Visiting attribute path : remarks
17:40:01.567 [main] DEBUG org.hibernate.persister.walking.spi.MetamodelGraphWalker - Visiting attribute path : status
17:40:01.567 [main] DEBUG org.hibernate.persister.walking.spi.MetamodelGraphWalker - Visiting attribute path : userId
17:40:01.567 [main] DEBUG org.hibernate.loader.plan.build.internal.FetchStyleLoadPlanBuildingAssociationVisitationStrategy - Building LoadPlan...
17:40:01.568 [main] DEBUG org.hibernate.loader.plan.exec.internal.LoadQueryJoinAndFetchProcessor - processing queryspace &lt;gen:0&gt;
17:40:01.568 [main] DEBUG org.hibernate.loader.plan.build.spi.LoadPlanTreePrinter - LoadPlan(entity=com.niit.model.JobApplied)
    - Returns
       - EntityReturnImpl(entity=com.niit.model.JobApplied, querySpaceUid=&lt;gen:0&gt;, path=com.niit.model.JobApplied)
    - QuerySpaces
       - EntityQuerySpaceImpl(uid=&lt;gen:0&gt;, entity=com.niit.model.JobApplied)
          - SQL table alias mapping - jobapplied0_
          - alias suffix - 0_
          - suffixed key columns - {jobAppli1_6_0_}

17:40:01.568 [main] DEBUG org.hibernate.loader.entity.plan.EntityLoader - Static select for entity com.niit.model.JobApplied [UPGRADE_SKIPLOCKED]: select jobapplied0_.jobAppliedId as jobAppli1_6_0_, jobapplied0_.dateApplied as dateAppl2_6_0_, jobapplied0_.jobId as jobId3_6_0_, jobapplied0_.remarks as remarks4_6_0_, jobapplied0_.status as status5_6_0_, jobapplied0_.userId as userId6_6_0_ from CJobApplied jobapplied0_ where jobapplied0_.jobAppliedId=? for update
17:40:01.568 [main] DEBUG org.hibernate.loader.plan.build.internal.spaces.QuerySpacesImpl - Adding QuerySpace : uid = &lt;gen:0&gt; -&gt; org.hibernate.loader.plan.build.internal.spaces.EntityQuerySpaceImpl@76db540e]
17:40:01.569 [main] DEBUG org.hibernate.persister.walking.spi.MetamodelGraphWalker - Visiting attribute path : dateApplied
17:40:01.569 [main] DEBUG org.hibernate.persister.walking.spi.MetamodelGraphWalker - Visiting attribute path : jobId
17:40:01.569 [main] DEBUG org.hibernate.persister.walking.spi.MetamodelGraphWalker - Visiting attribute path : remarks
17:40:01.569 [main] DEBUG org.hibernate.persister.walking.spi.MetamodelGraphWalker - Visiting attribute path : status
17:40:01.569 [main] DEBUG org.hibernate.persister.walking.spi.MetamodelGraphWalker - Visiting attribute path : userId
17:40:01.569 [main] DEBUG org.hibernate.loader.plan.build.internal.FetchStyleLoadPlanBuildingAssociationVisitationStrategy - Building LoadPlan...
17:40:01.569 [main] DEBUG org.hibernate.loader.plan.exec.internal.LoadQueryJoinAndFetchProcessor - processing queryspace &lt;gen:0&gt;
17:40:01.570 [main] DEBUG org.hibernate.loader.plan.build.spi.LoadPlanTreePrinter - LoadPlan(entity=com.niit.model.JobApplied)
    - Returns
       - EntityReturnImpl(entity=com.niit.model.JobApplied, querySpaceUid=&lt;gen:0&gt;, path=com.niit.model.JobApplied)
    - QuerySpaces
       - EntityQuerySpaceImpl(uid=&lt;gen:0&gt;, entity=com.niit.model.JobApplied)
          - SQL table alias mapping - jobapplied0_
          - alias suffix - 0_
          - suffixed key columns - {jobAppli1_6_0_}

17:40:01.570 [main] DEBUG org.hibernate.loader.entity.plan.EntityLoader - Static select for entity com.niit.model.JobApplied [FORCE]: select jobapplied0_.jobAppliedId as jobAppli1_6_0_, jobapplied0_.dateApplied as dateAppl2_6_0_, jobapplied0_.jobId as jobId3_6_0_, jobapplied0_.remarks as remarks4_6_0_, jobapplied0_.status as status5_6_0_, jobapplied0_.userId as userId6_6_0_ from CJobApplied jobapplied0_ where jobapplied0_.jobAppliedId=? for update
17:40:01.570 [main] DEBUG org.hibernate.loader.plan.build.internal.spaces.QuerySpacesImpl - Adding QuerySpace : uid = &lt;gen:0&gt; -&gt; org.hibernate.loader.plan.build.internal.spaces.EntityQuerySpaceImpl@2af4129d]
17:40:01.570 [main] DEBUG org.hibernate.persister.walking.spi.MetamodelGraphWalker - Visiting attribute path : dateApplied
17:40:01.570 [main] DEBUG org.hibernate.persister.walking.spi.MetamodelGraphWalker - Visiting attribute path : jobId
17:40:01.570 [main] DEBUG org.hibernate.persister.walking.spi.MetamodelGraphWalker - Visiting attribute path : remarks
17:40:01.570 [main] DEBUG org.hibernate.persister.walking.spi.MetamodelGraphWalker - Visiting attribute path : status
17:40:01.570 [main] DEBUG org.hibernate.persister.walking.spi.MetamodelGraphWalker - Visiting attribute path : userId
17:40:01.570 [main] DEBUG org.hibernate.loader.plan.build.internal.FetchStyleLoadPlanBuildingAssociationVisitationStrategy - Building LoadPlan...
17:40:01.571 [main] DEBUG org.hibernate.loader.plan.exec.internal.LoadQueryJoinAndFetchProcessor - processing queryspace &lt;gen:0&gt;
17:40:01.571 [main] DEBUG org.hibernate.loader.plan.build.spi.LoadPlanTreePrinter - LoadPlan(entity=com.niit.model.JobApplied)
    - Returns
       - EntityReturnImpl(entity=com.niit.model.JobApplied, querySpaceUid=&lt;gen:0&gt;, path=com.niit.model.JobApplied)
    - QuerySpaces
       - EntityQuerySpaceImpl(uid=&lt;gen:0&gt;, entity=com.niit.model.JobApplied)
          - SQL table alias mapping - jobapplied0_
          - alias suffix - 0_
          - suffixed key columns - {jobAppli1_6_0_}

17:40:01.571 [main] DEBUG org.hibernate.loader.entity.plan.EntityLoader - Static select for entity com.niit.model.JobApplied [PESSIMISTIC_READ]: select jobapplied0_.jobAppliedId as jobAppli1_6_0_, jobapplied0_.dateApplied as dateAppl2_6_0_, jobapplied0_.jobId as jobId3_6_0_, jobapplied0_.remarks as remarks4_6_0_, jobapplied0_.status as status5_6_0_, jobapplied0_.userId as userId6_6_0_ from CJobApplied jobapplied0_ where jobapplied0_.jobAppliedId=? for update
17:40:01.571 [main] DEBUG org.hibernate.loader.plan.build.internal.spaces.QuerySpacesImpl - Adding QuerySpace : uid = &lt;gen:0&gt; -&gt; org.hibernate.loader.plan.build.internal.spaces.EntityQuerySpaceImpl@1640190a]
17:40:01.571 [main] DEBUG org.hibernate.persister.walking.spi.MetamodelGraphWalker - Visiting attribute path : dateApplied
17:40:01.572 [main] DEBUG org.hibernate.persister.walking.spi.MetamodelGraphWalker - Visiting attribute path : jobId
17:40:01.572 [main] DEBUG org.hibernate.persister.walking.spi.MetamodelGraphWalker - Visiting attribute path : remarks
17:40:01.572 [main] DEBUG org.hibernate.persister.walking.spi.MetamodelGraphWalker - Visiting attribute path : status
17:40:01.572 [main] DEBUG org.hibernate.persister.walking.spi.MetamodelGraphWalker - Visiting attribute path : userId
17:40:01.572 [main] DEBUG org.hibernate.loader.plan.build.internal.FetchStyleLoadPlanBuildingAssociationVisitationStrategy - Building LoadPlan...
17:40:01.572 [main] DEBUG org.hibernate.loader.plan.exec.internal.LoadQueryJoinAndFetchProcessor - processing queryspace &lt;gen:0&gt;
17:40:01.573 [main] DEBUG org.hibernate.loader.plan.build.spi.LoadPlanTreePrinter - LoadPlan(entity=com.niit.model.JobApplied)
    - Returns
       - EntityReturnImpl(entity=com.niit.model.JobApplied, querySpaceUid=&lt;gen:0&gt;, path=com.niit.model.JobApplied)
    - QuerySpaces
       - EntityQuerySpaceImpl(uid=&lt;gen:0&gt;, entity=com.niit.model.JobApplied)
          - SQL table alias mapping - jobapplied0_
          - alias suffix - 0_
          - suffixed key columns - {jobAppli1_6_0_}

17:40:01.573 [main] DEBUG org.hibernate.loader.entity.plan.EntityLoader - Static select for entity com.niit.model.JobApplied [PESSIMISTIC_WRITE]: select jobapplied0_.jobAppliedId as jobAppli1_6_0_, jobapplied0_.dateApplied as dateAppl2_6_0_, jobapplied0_.jobId as jobId3_6_0_, jobapplied0_.remarks as remarks4_6_0_, jobapplied0_.status as status5_6_0_, jobapplied0_.userId as userId6_6_0_ from CJobApplied jobapplied0_ where jobapplied0_.jobAppliedId=? for update
17:40:01.573 [main] DEBUG org.hibernate.loader.plan.build.internal.spaces.QuerySpacesImpl - Adding QuerySpace : uid = &lt;gen:0&gt; -&gt; org.hibernate.loader.plan.build.internal.spaces.EntityQuerySpaceImpl@2042ccce]
17:40:01.573 [main] DEBUG org.hibernate.persister.walking.spi.MetamodelGraphWalker - Visiting attribute path : dateApplied
17:40:01.573 [main] DEBUG org.hibernate.persister.walking.spi.MetamodelGraphWalker - Visiting attribute path : jobId
17:40:01.573 [main] DEBUG org.hibernate.persister.walking.spi.MetamodelGraphWalker - Visiting attribute path : remarks
17:40:01.573 [main] DEBUG org.hibernate.persister.walking.spi.MetamodelGraphWalker - Visiting attribute path : status
17:40:01.573 [main] DEBUG org.hibernate.persister.walking.spi.MetamodelGraphWalker - Visiting attribute path : userId
17:40:01.573 [main] DEBUG org.hibernate.loader.plan.build.internal.FetchStyleLoadPlanBuildingAssociationVisitationStrategy - Building LoadPlan...
17:40:01.573 [main] DEBUG org.hibernate.loader.plan.exec.internal.LoadQueryJoinAndFetchProcessor - processing queryspace &lt;gen:0&gt;
17:40:01.574 [main] DEBUG org.hibernate.loader.plan.build.spi.LoadPlanTreePrinter - LoadPlan(entity=com.niit.model.JobApplied)
    - Returns
       - EntityReturnImpl(entity=com.niit.model.JobApplied, querySpaceUid=&lt;gen:0&gt;, path=com.niit.model.JobApplied)
    - QuerySpaces
       - EntityQuerySpaceImpl(uid=&lt;gen:0&gt;, entity=com.niit.model.JobApplied)
          - SQL table alias mapping - jobapplied0_
          - alias suffix - 0_
          - suffixed key columns - {jobAppli1_6_0_}

17:40:01.574 [main] DEBUG org.hibernate.loader.entity.plan.EntityLoader - Static select for entity com.niit.model.JobApplied [PESSIMISTIC_FORCE_INCREMENT]: select jobapplied0_.jobAppliedId as jobAppli1_6_0_, jobapplied0_.dateApplied as dateAppl2_6_0_, jobapplied0_.jobId as jobId3_6_0_, jobapplied0_.remarks as remarks4_6_0_, jobapplied0_.status as status5_6_0_, jobapplied0_.userId as userId6_6_0_ from CJobApplied jobapplied0_ where jobapplied0_.jobAppliedId=? for update
17:40:01.574 [main] DEBUG org.hibernate.loader.plan.build.internal.spaces.QuerySpacesImpl - Adding QuerySpace : uid = &lt;gen:0&gt; -&gt; org.hibernate.loader.plan.build.internal.spaces.EntityQuerySpaceImpl@36c0d0bd]
17:40:01.574 [main] DEBUG org.hibernate.persister.walking.spi.MetamodelGraphWalker - Visiting attribute path : dateApplied
17:40:01.574 [main] DEBUG org.hibernate.persister.walking.spi.MetamodelGraphWalker - Visiting attribute path : jobId
17:40:01.574 [main] DEBUG org.hibernate.persister.walking.spi.MetamodelGraphWalker - Visiting attribute path : remarks
17:40:01.574 [main] DEBUG org.hibernate.persister.walking.spi.MetamodelGraphWalker - Visiting attribute path : status
17:40:01.574 [main] DEBUG org.hibernate.persister.walking.spi.MetamodelGraphWalker - Visiting attribute path : userId
17:40:01.574 [main] DEBUG org.hibernate.loader.plan.build.internal.FetchStyleLoadPlanBuildingAssociationVisitationStrategy - Building LoadPlan...
17:40:01.574 [main] DEBUG org.hibernate.loader.plan.exec.internal.LoadQueryJoinAndFetchProcessor - processing queryspace &lt;gen:0&gt;
17:40:01.575 [main] DEBUG org.hibernate.loader.plan.build.spi.LoadPlanTreePrinter - LoadPlan(entity=com.niit.model.JobApplied)
    - Returns
       - EntityReturnImpl(entity=com.niit.model.JobApplied, querySpaceUid=&lt;gen:0&gt;, path=com.niit.model.JobApplied)
    - QuerySpaces
       - EntityQuerySpaceImpl(uid=&lt;gen:0&gt;, entity=com.niit.model.JobApplied)
          - SQL table alias mapping - jobapplied0_
          - alias suffix - 0_
          - suffixed key columns - {jobAppli1_6_0_}

17:40:01.575 [main] DEBUG org.hibernate.loader.entity.plan.EntityLoader - Static select for entity com.niit.model.JobApplied [OPTIMISTIC]: select jobapplied0_.jobAppliedId as jobAppli1_6_0_, jobapplied0_.dateApplied as dateAppl2_6_0_, jobapplied0_.jobId as jobId3_6_0_, jobapplied0_.remarks as remarks4_6_0_, jobapplied0_.status as status5_6_0_, jobapplied0_.userId as userId6_6_0_ from CJobApplied jobapplied0_ where jobapplied0_.jobAppliedId=?
17:40:01.575 [main] DEBUG org.hibernate.loader.plan.build.internal.spaces.QuerySpacesImpl - Adding QuerySpace : uid = &lt;gen:0&gt; -&gt; org.hibernate.loader.plan.build.internal.spaces.EntityQuerySpaceImpl@688d411b]
17:40:01.575 [main] DEBUG org.hibernate.persister.walking.spi.MetamodelGraphWalker - Visiting attribute path : dateApplied
17:40:01.575 [main] DEBUG org.hibernate.persister.walking.spi.MetamodelGraphWalker - Visiting attribute path : jobId
17:40:01.576 [main] DEBUG org.hibernate.persister.walking.spi.MetamodelGraphWalker - Visiting attribute path : remarks
17:40:01.576 [main] DEBUG org.hibernate.persister.walking.spi.MetamodelGraphWalker - Visiting attribute path : status
17:40:01.576 [main] DEBUG org.hibernate.persister.walking.spi.MetamodelGraphWalker - Visiting attribute path : userId
17:40:01.576 [main] DEBUG org.hibernate.loader.plan.build.internal.FetchStyleLoadPlanBuildingAssociationVisitationStrategy - Building LoadPlan...
17:40:01.576 [main] DEBUG org.hibernate.loader.plan.exec.internal.LoadQueryJoinAndFetchProcessor - processing queryspace &lt;gen:0&gt;
17:40:01.576 [main] DEBUG org.hibernate.loader.plan.build.spi.LoadPlanTreePrinter - LoadPlan(entity=com.niit.model.JobApplied)
    - Returns
       - EntityReturnImpl(entity=com.niit.model.JobApplied, querySpaceUid=&lt;gen:0&gt;, path=com.niit.model.JobApplied)
    - QuerySpaces
       - EntityQuerySpaceImpl(uid=&lt;gen:0&gt;, entity=com.niit.model.JobApplied)
          - SQL table alias mapping - jobapplied0_
          - alias suffix - 0_
          - suffixed key columns - {jobAppli1_6_0_}

17:40:01.576 [main] DEBUG org.hibernate.loader.entity.plan.EntityLoader - Static select for entity com.niit.model.JobApplied [OPTIMISTIC_FORCE_INCREMENT]: select jobapplied0_.jobAppliedId as jobAppli1_6_0_, jobapplied0_.dateApplied as dateAppl2_6_0_, jobapplied0_.jobId as jobId3_6_0_, jobapplied0_.remarks as remarks4_6_0_, jobapplied0_.status as status5_6_0_, jobapplied0_.userId as userId6_6_0_ from CJobApplied jobapplied0_ where jobapplied0_.jobAppliedId=?
17:40:01.577 [main] DEBUG org.hibernate.loader.Loader - Static select for action ACTION_MERGE on entity com.niit.model.JobApplied: select jobapplied0_.jobAppliedId as jobAppli1_6_0_, jobapplied0_.dateApplied as dateAppl2_6_0_, jobapplied0_.jobId as jobId3_6_0_, jobapplied0_.remarks as remarks4_6_0_, jobapplied0_.status as status5_6_0_, jobapplied0_.userId as userId6_6_0_ from CJobApplied jobapplied0_ where jobapplied0_.jobAppliedId=?
17:40:01.577 [main] DEBUG org.hibernate.loader.Loader - Static select for action ACTION_REFRESH on entity com.niit.model.JobApplied: select jobapplied0_.jobAppliedId as jobAppli1_6_0_, jobapplied0_.dateApplied as dateAppl2_6_0_, jobapplied0_.jobId as jobId3_6_0_, jobapplied0_.remarks as remarks4_6_0_, jobapplied0_.status as status5_6_0_, jobapplied0_.userId as userId6_6_0_ from CJobApplied jobapplied0_ where jobapplied0_.jobAppliedId=?
17:40:01.577 [main] DEBUG org.hibernate.persister.entity.AbstractEntityPersister - Static SQL for entity: com.niit.model.ForumComment
17:40:01.577 [main] DEBUG org.hibernate.persister.entity.AbstractEntityPersister -  Version select: select forumCommentId from CForumComment where forumCommentId =?
17:40:01.577 [main] DEBUG org.hibernate.persister.entity.AbstractEntityPersister -  Snapshot select: select forumcomme_.forumCommentId, forumcomme_.commentDate as commentD2_3_, forumcomme_.forumComment as forumCom3_3_, forumcomme_.forumId as forumId4_3_, forumcomme_.userId as userId5_3_, forumcomme_.username as username6_3_ from CForumComment forumcomme_ where forumcomme_.forumCommentId=?
17:40:01.577 [main] DEBUG org.hibernate.persister.entity.AbstractEntityPersister -  Insert 0: insert into CForumComment (commentDate, forumComment, forumId, userId, username, forumCommentId) values (?, ?, ?, ?, ?, ?)
17:40:01.577 [main] DEBUG org.hibernate.persister.entity.AbstractEntityPersister -  Update 0: update CForumComment set commentDate=?, forumComment=?, forumId=?, userId=?, username=? where forumCommentId=?
17:40:01.577 [main] DEBUG org.hibernate.persister.entity.AbstractEntityPersister -  Delete 0: delete from CForumComment where forumCommentId=?
17:40:01.577 [main] DEBUG org.hibernate.loader.plan.build.internal.spaces.QuerySpacesImpl - Adding QuerySpace : uid = &lt;gen:0&gt; -&gt; org.hibernate.loader.plan.build.internal.spaces.EntityQuerySpaceImpl@859ea42]
17:40:01.577 [main] DEBUG org.hibernate.persister.walking.spi.MetamodelGraphWalker - Visiting attribute path : commentDate
17:40:01.577 [main] DEBUG org.hibernate.persister.walking.spi.MetamodelGraphWalker - Visiting attribute path : forumComment
17:40:01.577 [main] DEBUG org.hibernate.persister.walking.spi.MetamodelGraphWalker - Visiting attribute path : forumId
17:40:01.577 [main] DEBUG org.hibernate.persister.walking.spi.MetamodelGraphWalker - Visiting attribute path : userId
17:40:01.577 [main] DEBUG org.hibernate.persister.walking.spi.MetamodelGraphWalker - Visiting attribute path : username
17:40:01.578 [main] DEBUG org.hibernate.loader.plan.build.internal.FetchStyleLoadPlanBuildingAssociationVisitationStrategy - Building LoadPlan...
17:40:01.578 [main] DEBUG org.hibernate.loader.plan.exec.internal.LoadQueryJoinAndFetchProcessor - processing queryspace &lt;gen:0&gt;
17:40:01.578 [main] DEBUG org.hibernate.loader.plan.build.spi.LoadPlanTreePrinter - LoadPlan(entity=com.niit.model.ForumComment)
    - Returns
       - EntityReturnImpl(entity=com.niit.model.ForumComment, querySpaceUid=&lt;gen:0&gt;, path=com.niit.model.ForumComment)
    - QuerySpaces
       - EntityQuerySpaceImpl(uid=&lt;gen:0&gt;, entity=com.niit.model.ForumComment)
          - SQL table alias mapping - forumcomme0_
          - alias suffix - 0_
          - suffixed key columns - {forumCom1_3_0_}

17:40:01.578 [main] DEBUG org.hibernate.loader.entity.plan.EntityLoader - Static select for entity com.niit.model.ForumComment [NONE]: select forumcomme0_.forumCommentId as forumCom1_3_0_, forumcomme0_.commentDate as commentD2_3_0_, forumcomme0_.forumComment as forumCom3_3_0_, forumcomme0_.forumId as forumId4_3_0_, forumcomme0_.userId as userId5_3_0_, forumcomme0_.username as username6_3_0_ from CForumComment forumcomme0_ where forumcomme0_.forumCommentId=?
17:40:01.578 [main] DEBUG org.hibernate.loader.plan.build.internal.spaces.QuerySpacesImpl - Adding QuerySpace : uid = &lt;gen:0&gt; -&gt; org.hibernate.loader.plan.build.internal.spaces.EntityQuerySpaceImpl@2af46afd]
17:40:01.578 [main] DEBUG org.hibernate.persister.walking.spi.MetamodelGraphWalker - Visiting attribute path : commentDate
17:40:01.578 [main] DEBUG org.hibernate.persister.walking.spi.MetamodelGraphWalker - Visiting attribute path : forumComment
17:40:01.578 [main] DEBUG org.hibernate.persister.walking.spi.MetamodelGraphWalker - Visiting attribute path : forumId
17:40:01.578 [main] DEBUG org.hibernate.persister.walking.spi.MetamodelGraphWalker - Visiting attribute path : userId
17:40:01.578 [main] DEBUG org.hibernate.persister.walking.spi.MetamodelGraphWalker - Visiting attribute path : username
17:40:01.578 [main] DEBUG org.hibernate.loader.plan.build.internal.FetchStyleLoadPlanBuildingAssociationVisitationStrategy - Building LoadPlan...
17:40:01.579 [main] DEBUG org.hibernate.loader.plan.exec.internal.LoadQueryJoinAndFetchProcessor - processing queryspace &lt;gen:0&gt;
17:40:01.579 [main] DEBUG org.hibernate.loader.plan.build.spi.LoadPlanTreePrinter - LoadPlan(entity=com.niit.model.ForumComment)
    - Returns
       - EntityReturnImpl(entity=com.niit.model.ForumComment, querySpaceUid=&lt;gen:0&gt;, path=com.niit.model.ForumComment)
    - QuerySpaces
       - EntityQuerySpaceImpl(uid=&lt;gen:0&gt;, entity=com.niit.model.ForumComment)
          - SQL table alias mapping - forumcomme0_
          - alias suffix - 0_
          - suffixed key columns - {forumCom1_3_0_}

17:40:01.579 [main] DEBUG org.hibernate.loader.entity.plan.EntityLoader - Static select for entity com.niit.model.ForumComment [READ]: select forumcomme0_.forumCommentId as forumCom1_3_0_, forumcomme0_.commentDate as commentD2_3_0_, forumcomme0_.forumComment as forumCom3_3_0_, forumcomme0_.forumId as forumId4_3_0_, forumcomme0_.userId as userId5_3_0_, forumcomme0_.username as username6_3_0_ from CForumComment forumcomme0_ where forumcomme0_.forumCommentId=?
17:40:01.579 [main] DEBUG org.hibernate.loader.plan.build.internal.spaces.QuerySpacesImpl - Adding QuerySpace : uid = &lt;gen:0&gt; -&gt; org.hibernate.loader.plan.build.internal.spaces.EntityQuerySpaceImpl@31ceba99]
17:40:01.579 [main] DEBUG org.hibernate.persister.walking.spi.MetamodelGraphWalker - Visiting attribute path : commentDate
17:40:01.579 [main] DEBUG org.hibernate.persister.walking.spi.MetamodelGraphWalker - Visiting attribute path : forumComment
17:40:01.579 [main] DEBUG org.hibernate.persister.walking.spi.MetamodelGraphWalker - Visiting attribute path : forumId
17:40:01.579 [main] DEBUG org.hibernate.persister.walking.spi.MetamodelGraphWalker - Visiting attribute path : userId
17:40:01.579 [main] DEBUG org.hibernate.persister.walking.spi.MetamodelGraphWalker - Visiting attribute path : username
17:40:01.580 [main] DEBUG org.hibernate.loader.plan.build.internal.FetchStyleLoadPlanBuildingAssociationVisitationStrategy - Building LoadPlan...
17:40:01.580 [main] DEBUG org.hibernate.loader.plan.exec.internal.LoadQueryJoinAndFetchProcessor - processing queryspace &lt;gen:0&gt;
17:40:01.581 [main] DEBUG org.hibernate.loader.plan.build.spi.LoadPlanTreePrinter - LoadPlan(entity=com.niit.model.ForumComment)
    - Returns
       - EntityReturnImpl(entity=com.niit.model.ForumComment, querySpaceUid=&lt;gen:0&gt;, path=com.niit.model.ForumComment)
    - QuerySpaces
       - EntityQuerySpaceImpl(uid=&lt;gen:0&gt;, entity=com.niit.model.ForumComment)
          - SQL table alias mapping - forumcomme0_
          - alias suffix - 0_
          - suffixed key columns - {forumCom1_3_0_}

17:40:01.581 [main] DEBUG org.hibernate.loader.entity.plan.EntityLoader - Static select for entity com.niit.model.ForumComment [UPGRADE]: select forumcomme0_.forumCommentId as forumCom1_3_0_, forumcomme0_.commentDate as commentD2_3_0_, forumcomme0_.forumComment as forumCom3_3_0_, forumcomme0_.forumId as forumId4_3_0_, forumcomme0_.userId as userId5_3_0_, forumcomme0_.username as username6_3_0_ from CForumComment forumcomme0_ where forumcomme0_.forumCommentId=? for update
17:40:01.582 [main] DEBUG org.hibernate.loader.plan.build.internal.spaces.QuerySpacesImpl - Adding QuerySpace : uid = &lt;gen:0&gt; -&gt; org.hibernate.loader.plan.build.internal.spaces.EntityQuerySpaceImpl@bbf9e07]
17:40:01.582 [main] DEBUG org.hibernate.persister.walking.spi.MetamodelGraphWalker - Visiting attribute path : commentDate
17:40:01.582 [main] DEBUG org.hibernate.persister.walking.spi.MetamodelGraphWalker - Visiting attribute path : forumComment
17:40:01.582 [main] DEBUG org.hibernate.persister.walking.spi.MetamodelGraphWalker - Visiting attribute path : forumId
17:40:01.582 [main] DEBUG org.hibernate.persister.walking.spi.MetamodelGraphWalker - Visiting attribute path : userId
17:40:01.583 [main] DEBUG org.hibernate.persister.walking.spi.MetamodelGraphWalker - Visiting attribute path : username
17:40:01.583 [main] DEBUG org.hibernate.loader.plan.build.internal.FetchStyleLoadPlanBuildingAssociationVisitationStrategy - Building LoadPlan...
17:40:01.583 [main] DEBUG org.hibernate.loader.plan.exec.internal.LoadQueryJoinAndFetchProcessor - processing queryspace &lt;gen:0&gt;
17:40:01.583 [main] DEBUG org.hibernate.loader.plan.build.spi.LoadPlanTreePrinter - LoadPlan(entity=com.niit.model.ForumComment)
    - Returns
       - EntityReturnImpl(entity=com.niit.model.ForumComment, querySpaceUid=&lt;gen:0&gt;, path=com.niit.model.ForumComment)
    - QuerySpaces
       - EntityQuerySpaceImpl(uid=&lt;gen:0&gt;, entity=com.niit.model.ForumComment)
          - SQL table alias mapping - forumcomme0_
          - alias suffix - 0_
          - suffixed key columns - {forumCom1_3_0_}

17:40:01.583 [main] DEBUG org.hibernate.loader.entity.plan.EntityLoader - Static select for entity com.niit.model.ForumComment [UPGRADE_NOWAIT]: select forumcomme0_.forumCommentId as forumCom1_3_0_, forumcomme0_.commentDate as commentD2_3_0_, forumcomme0_.forumComment as forumCom3_3_0_, forumcomme0_.forumId as forumId4_3_0_, forumcomme0_.userId as userId5_3_0_, forumcomme0_.username as username6_3_0_ from CForumComment forumcomme0_ where forumcomme0_.forumCommentId=? for update
17:40:01.583 [main] DEBUG org.hibernate.loader.plan.build.internal.spaces.QuerySpacesImpl - Adding QuerySpace : uid = &lt;gen:0&gt; -&gt; org.hibernate.loader.plan.build.internal.spaces.EntityQuerySpaceImpl@2b289ac9]
17:40:01.583 [main] DEBUG org.hibernate.persister.walking.spi.MetamodelGraphWalker - Visiting attribute path : commentDate
17:40:01.584 [main] DEBUG org.hibernate.persister.walking.spi.MetamodelGraphWalker - Visiting attribute path : forumComment
17:40:01.584 [main] DEBUG org.hibernate.persister.walking.spi.MetamodelGraphWalker - Visiting attribute path : forumId
17:40:01.584 [main] DEBUG org.hibernate.persister.walking.spi.MetamodelGraphWalker - Visiting attribute path : userId
17:40:01.584 [main] DEBUG org.hibernate.persister.walking.spi.MetamodelGraphWalker - Visiting attribute path : username
17:40:01.584 [main] DEBUG org.hibernate.loader.plan.build.internal.FetchStyleLoadPlanBuildingAssociationVisitationStrategy - Building LoadPlan...
17:40:01.584 [main] DEBUG org.hibernate.loader.plan.exec.internal.LoadQueryJoinAndFetchProcessor - processing queryspace &lt;gen:0&gt;
17:40:01.584 [main] DEBUG org.hibernate.loader.plan.build.spi.LoadPlanTreePrinter - LoadPlan(entity=com.niit.model.ForumComment)
    - Returns
       - EntityReturnImpl(entity=com.niit.model.ForumComment, querySpaceUid=&lt;gen:0&gt;, path=com.niit.model.ForumComment)
    - QuerySpaces
       - EntityQuerySpaceImpl(uid=&lt;gen:0&gt;, entity=com.niit.model.ForumComment)
          - SQL table alias mapping - forumcomme0_
          - alias suffix - 0_
          - suffixed key columns - {forumCom1_3_0_}

17:40:01.586 [main] DEBUG org.hibernate.loader.entity.plan.EntityLoader - Static select for entity com.niit.model.ForumComment [UPGRADE_SKIPLOCKED]: select forumcomme0_.forumCommentId as forumCom1_3_0_, forumcomme0_.commentDate as commentD2_3_0_, forumcomme0_.forumComment as forumCom3_3_0_, forumcomme0_.forumId as forumId4_3_0_, forumcomme0_.userId as userId5_3_0_, forumcomme0_.username as username6_3_0_ from CForumComment forumcomme0_ where forumcomme0_.forumCommentId=? for update
17:40:01.586 [main] DEBUG org.hibernate.loader.plan.build.internal.spaces.QuerySpacesImpl - Adding QuerySpace : uid = &lt;gen:0&gt; -&gt; org.hibernate.loader.plan.build.internal.spaces.EntityQuerySpaceImpl@73d3e555]
17:40:01.587 [main] DEBUG org.hibernate.persister.walking.spi.MetamodelGraphWalker - Visiting attribute path : commentDate
17:40:01.587 [main] DEBUG org.hibernate.persister.walking.spi.MetamodelGraphWalker - Visiting attribute path : forumComment
17:40:01.587 [main] DEBUG org.hibernate.persister.walking.spi.MetamodelGraphWalker - Visiting attribute path : forumId
17:40:01.587 [main] DEBUG org.hibernate.persister.walking.spi.MetamodelGraphWalker - Visiting attribute path : userId
17:40:01.587 [main] DEBUG org.hibernate.persister.walking.spi.MetamodelGraphWalker - Visiting attribute path : username
17:40:01.587 [main] DEBUG org.hibernate.loader.plan.build.internal.FetchStyleLoadPlanBuildingAssociationVisitationStrategy - Building LoadPlan...
17:40:01.587 [main] DEBUG org.hibernate.loader.plan.exec.internal.LoadQueryJoinAndFetchProcessor - processing queryspace &lt;gen:0&gt;
17:40:01.587 [main] DEBUG org.hibernate.loader.plan.build.spi.LoadPlanTreePrinter - LoadPlan(entity=com.niit.model.ForumComment)
    - Returns
       - EntityReturnImpl(entity=com.niit.model.ForumComment, querySpaceUid=&lt;gen:0&gt;, path=com.niit.model.ForumComment)
    - QuerySpaces
       - EntityQuerySpaceImpl(uid=&lt;gen:0&gt;, entity=com.niit.model.ForumComment)
          - SQL table alias mapping - forumcomme0_
          - alias suffix - 0_
          - suffixed key columns - {forumCom1_3_0_}

17:40:01.587 [main] DEBUG org.hibernate.loader.entity.plan.EntityLoader - Static select for entity com.niit.model.ForumComment [FORCE]: select forumcomme0_.forumCommentId as forumCom1_3_0_, forumcomme0_.commentDate as commentD2_3_0_, forumcomme0_.forumComment as forumCom3_3_0_, forumcomme0_.forumId as forumId4_3_0_, forumcomme0_.userId as userId5_3_0_, forumcomme0_.username as username6_3_0_ from CForumComment forumcomme0_ where forumcomme0_.forumCommentId=? for update
17:40:01.587 [main] DEBUG org.hibernate.loader.plan.build.internal.spaces.QuerySpacesImpl - Adding QuerySpace : uid = &lt;gen:0&gt; -&gt; org.hibernate.loader.plan.build.internal.spaces.EntityQuerySpaceImpl@44924587]
17:40:01.588 [main] DEBUG org.hibernate.persister.walking.spi.MetamodelGraphWalker - Visiting attribute path : commentDate
17:40:01.588 [main] DEBUG org.hibernate.persister.walking.spi.MetamodelGraphWalker - Visiting attribute path : forumComment
17:40:01.588 [main] DEBUG org.hibernate.persister.walking.spi.MetamodelGraphWalker - Visiting attribute path : forumId
17:40:01.588 [main] DEBUG org.hibernate.persister.walking.spi.MetamodelGraphWalker - Visiting attribute path : userId
17:40:01.588 [main] DEBUG org.hibernate.persister.walking.spi.MetamodelGraphWalker - Visiting attribute path : username
17:40:01.588 [main] DEBUG org.hibernate.loader.plan.build.internal.FetchStyleLoadPlanBuildingAssociationVisitationStrategy - Building LoadPlan...
17:40:01.588 [main] DEBUG org.hibernate.loader.plan.exec.internal.LoadQueryJoinAndFetchProcessor - processing queryspace &lt;gen:0&gt;
17:40:01.588 [main] DEBUG org.hibernate.loader.plan.build.spi.LoadPlanTreePrinter - LoadPlan(entity=com.niit.model.ForumComment)
    - Returns
       - EntityReturnImpl(entity=com.niit.model.ForumComment, querySpaceUid=&lt;gen:0&gt;, path=com.niit.model.ForumComment)
    - QuerySpaces
       - EntityQuerySpaceImpl(uid=&lt;gen:0&gt;, entity=com.niit.model.ForumComment)
          - SQL table alias mapping - forumcomme0_
          - alias suffix - 0_
          - suffixed key columns - {forumCom1_3_0_}

17:40:01.588 [main] DEBUG org.hibernate.loader.entity.plan.EntityLoader - Static select for entity com.niit.model.ForumComment [PESSIMISTIC_READ]: select forumcomme0_.forumCommentId as forumCom1_3_0_, forumcomme0_.commentDate as commentD2_3_0_, forumcomme0_.forumComment as forumCom3_3_0_, forumcomme0_.forumId as forumId4_3_0_, forumcomme0_.userId as userId5_3_0_, forumcomme0_.username as username6_3_0_ from CForumComment forumcomme0_ where forumcomme0_.forumCommentId=? for update
17:40:01.589 [main] DEBUG org.hibernate.loader.plan.build.internal.spaces.QuerySpacesImpl - Adding QuerySpace : uid = &lt;gen:0&gt; -&gt; org.hibernate.loader.plan.build.internal.spaces.EntityQuerySpaceImpl@74d3b638]
17:40:01.589 [main] DEBUG org.hibernate.persister.walking.spi.MetamodelGraphWalker - Visiting attribute path : commentDate
17:40:01.589 [main] DEBUG org.hibernate.persister.walking.spi.MetamodelGraphWalker - Visiting attribute path : forumComment
17:40:01.589 [main] DEBUG org.hibernate.persister.walking.spi.MetamodelGraphWalker - Visiting attribute path : forumId
17:40:01.589 [main] DEBUG org.hibernate.persister.walking.spi.MetamodelGraphWalker - Visiting attribute path : userId
17:40:01.589 [main] DEBUG org.hibernate.persister.walking.spi.MetamodelGraphWalker - Visiting attribute path : username
17:40:01.589 [main] DEBUG org.hibernate.loader.plan.build.internal.FetchStyleLoadPlanBuildingAssociationVisitationStrategy - Building LoadPlan...
17:40:01.590 [main] DEBUG org.hibernate.loader.plan.exec.internal.LoadQueryJoinAndFetchProcessor - processing queryspace &lt;gen:0&gt;
17:40:01.590 [main] DEBUG org.hibernate.loader.plan.build.spi.LoadPlanTreePrinter - LoadPlan(entity=com.niit.model.ForumComment)
    - Returns
       - EntityReturnImpl(entity=com.niit.model.ForumComment, querySpaceUid=&lt;gen:0&gt;, path=com.niit.model.ForumComment)
    - QuerySpaces
       - EntityQuerySpaceImpl(uid=&lt;gen:0&gt;, entity=com.niit.model.ForumComment)
          - SQL table alias mapping - forumcomme0_
          - alias suffix - 0_
          - suffixed key columns - {forumCom1_3_0_}

17:40:01.590 [main] DEBUG org.hibernate.loader.entity.plan.EntityLoader - Static select for entity com.niit.model.ForumComment [PESSIMISTIC_WRITE]: select forumcomme0_.forumCommentId as forumCom1_3_0_, forumcomme0_.commentDate as commentD2_3_0_, forumcomme0_.forumComment as forumCom3_3_0_, forumcomme0_.forumId as forumId4_3_0_, forumcomme0_.userId as userId5_3_0_, forumcomme0_.username as username6_3_0_ from CForumComment forumcomme0_ where forumcomme0_.forumCommentId=? for update
17:40:01.590 [main] DEBUG org.hibernate.loader.plan.build.internal.spaces.QuerySpacesImpl - Adding QuerySpace : uid = &lt;gen:0&gt; -&gt; org.hibernate.loader.plan.build.internal.spaces.EntityQuerySpaceImpl@126f1ba8]
17:40:01.590 [main] DEBUG org.hibernate.persister.walking.spi.MetamodelGraphWalker - Visiting attribute path : commentDate
17:40:01.590 [main] DEBUG org.hibernate.persister.walking.spi.MetamodelGraphWalker - Visiting attribute path : forumComment
17:40:01.590 [main] DEBUG org.hibernate.persister.walking.spi.MetamodelGraphWalker - Visiting attribute path : forumId
17:40:01.590 [main] DEBUG org.hibernate.persister.walking.spi.MetamodelGraphWalker - Visiting attribute path : userId
17:40:01.590 [main] DEBUG org.hibernate.persister.walking.spi.MetamodelGraphWalker - Visiting attribute path : username
17:40:01.591 [main] DEBUG org.hibernate.loader.plan.build.internal.FetchStyleLoadPlanBuildingAssociationVisitationStrategy - Building LoadPlan...
17:40:01.591 [main] DEBUG org.hibernate.loader.plan.exec.internal.LoadQueryJoinAndFetchProcessor - processing queryspace &lt;gen:0&gt;
17:40:01.591 [main] DEBUG org.hibernate.loader.plan.build.spi.LoadPlanTreePrinter - LoadPlan(entity=com.niit.model.ForumComment)
    - Returns
       - EntityReturnImpl(entity=com.niit.model.ForumComment, querySpaceUid=&lt;gen:0&gt;, path=com.niit.model.ForumComment)
    - QuerySpaces
       - EntityQuerySpaceImpl(uid=&lt;gen:0&gt;, entity=com.niit.model.ForumComment)
          - SQL table alias mapping - forumcomme0_
          - alias suffix - 0_
          - suffixed key columns - {forumCom1_3_0_}

17:40:01.591 [main] DEBUG org.hibernate.loader.entity.plan.EntityLoader - Static select for entity com.niit.model.ForumComment [PESSIMISTIC_FORCE_INCREMENT]: select forumcomme0_.forumCommentId as forumCom1_3_0_, forumcomme0_.commentDate as commentD2_3_0_, forumcomme0_.forumComment as forumCom3_3_0_, forumcomme0_.forumId as forumId4_3_0_, forumcomme0_.userId as userId5_3_0_, forumcomme0_.username as username6_3_0_ from CForumComment forumcomme0_ where forumcomme0_.forumCommentId=? for update
17:40:01.591 [main] DEBUG org.hibernate.loader.plan.build.internal.spaces.QuerySpacesImpl - Adding QuerySpace : uid = &lt;gen:0&gt; -&gt; org.hibernate.loader.plan.build.internal.spaces.EntityQuerySpaceImpl@53830483]
17:40:01.591 [main] DEBUG org.hibernate.persister.walking.spi.MetamodelGraphWalker - Visiting attribute path : commentDate
17:40:01.591 [main] DEBUG org.hibernate.persister.walking.spi.MetamodelGraphWalker - Visiting attribute path : forumComment
17:40:01.591 [main] DEBUG org.hibernate.persister.walking.spi.MetamodelGraphWalker - Visiting attribute path : forumId
17:40:01.591 [main] DEBUG org.hibernate.persister.walking.spi.MetamodelGraphWalker - Visiting attribute path : userId
17:40:01.591 [main] DEBUG org.hibernate.persister.walking.spi.MetamodelGraphWalker - Visiting attribute path : username
17:40:01.591 [main] DEBUG org.hibernate.loader.plan.build.internal.FetchStyleLoadPlanBuildingAssociationVisitationStrategy - Building LoadPlan...
17:40:01.592 [main] DEBUG org.hibernate.loader.plan.exec.internal.LoadQueryJoinAndFetchProcessor - processing queryspace &lt;gen:0&gt;
17:40:01.592 [main] DEBUG org.hibernate.loader.plan.build.spi.LoadPlanTreePrinter - LoadPlan(entity=com.niit.model.ForumComment)
    - Returns
       - EntityReturnImpl(entity=com.niit.model.ForumComment, querySpaceUid=&lt;gen:0&gt;, path=com.niit.model.ForumComment)
    - QuerySpaces
       - EntityQuerySpaceImpl(uid=&lt;gen:0&gt;, entity=com.niit.model.ForumComment)
          - SQL table alias mapping - forumcomme0_
          - alias suffix - 0_
          - suffixed key columns - {forumCom1_3_0_}

17:40:01.592 [main] DEBUG org.hibernate.loader.entity.plan.EntityLoader - Static select for entity com.niit.model.ForumComment [OPTIMISTIC]: select forumcomme0_.forumCommentId as forumCom1_3_0_, forumcomme0_.commentDate as commentD2_3_0_, forumcomme0_.forumComment as forumCom3_3_0_, forumcomme0_.forumId as forumId4_3_0_, forumcomme0_.userId as userId5_3_0_, forumcomme0_.username as username6_3_0_ from CForumComment forumcomme0_ where forumcomme0_.forumCommentId=?
17:40:01.592 [main] DEBUG org.hibernate.loader.plan.build.internal.spaces.QuerySpacesImpl - Adding QuerySpace : uid = &lt;gen:0&gt; -&gt; org.hibernate.loader.plan.build.internal.spaces.EntityQuerySpaceImpl@43a0a32d]
17:40:01.592 [main] DEBUG org.hibernate.persister.walking.spi.MetamodelGraphWalker - Visiting attribute path : commentDate
17:40:01.592 [main] DEBUG org.hibernate.persister.walking.spi.MetamodelGraphWalker - Visiting attribute path : forumComment
17:40:01.592 [main] DEBUG org.hibernate.persister.walking.spi.MetamodelGraphWalker - Visiting attribute path : forumId
17:40:01.592 [main] DEBUG org.hibernate.persister.walking.spi.MetamodelGraphWalker - Visiting attribute path : userId
17:40:01.592 [main] DEBUG org.hibernate.persister.walking.spi.MetamodelGraphWalker - Visiting attribute path : username
17:40:01.592 [main] DEBUG org.hibernate.loader.plan.build.internal.FetchStyleLoadPlanBuildingAssociationVisitationStrategy - Building LoadPlan...
17:40:01.592 [main] DEBUG org.hibernate.loader.plan.exec.internal.LoadQueryJoinAndFetchProcessor - processing queryspace &lt;gen:0&gt;
17:40:01.592 [main] DEBUG org.hibernate.loader.plan.build.spi.LoadPlanTreePrinter - LoadPlan(entity=com.niit.model.ForumComment)
    - Returns
       - EntityReturnImpl(entity=com.niit.model.ForumComment, querySpaceUid=&lt;gen:0&gt;, path=com.niit.model.ForumComment)
    - QuerySpaces
       - EntityQuerySpaceImpl(uid=&lt;gen:0&gt;, entity=com.niit.model.ForumComment)
          - SQL table alias mapping - forumcomme0_
          - alias suffix - 0_
          - suffixed key columns - {forumCom1_3_0_}

17:40:01.593 [main] DEBUG org.hibernate.loader.entity.plan.EntityLoader - Static select for entity com.niit.model.ForumComment [OPTIMISTIC_FORCE_INCREMENT]: select forumcomme0_.forumCommentId as forumCom1_3_0_, forumcomme0_.commentDate as commentD2_3_0_, forumcomme0_.forumComment as forumCom3_3_0_, forumcomme0_.forumId as forumId4_3_0_, forumcomme0_.userId as userId5_3_0_, forumcomme0_.username as username6_3_0_ from CForumComment forumcomme0_ where forumcomme0_.forumCommentId=?
17:40:01.593 [main] DEBUG org.hibernate.loader.Loader - Static select for action ACTION_MERGE on entity com.niit.model.ForumComment: select forumcomme0_.forumCommentId as forumCom1_3_0_, forumcomme0_.commentDate as commentD2_3_0_, forumcomme0_.forumComment as forumCom3_3_0_, forumcomme0_.forumId as forumId4_3_0_, forumcomme0_.userId as userId5_3_0_, forumcomme0_.username as username6_3_0_ from CForumComment forumcomme0_ where forumcomme0_.forumCommentId=?
17:40:01.593 [main] DEBUG org.hibernate.loader.Loader - Static select for action ACTION_REFRESH on entity com.niit.model.ForumComment: select forumcomme0_.forumCommentId as forumCom1_3_0_, forumcomme0_.commentDate as commentD2_3_0_, forumcomme0_.forumComment as forumCom3_3_0_, forumcomme0_.forumId as forumId4_3_0_, forumcomme0_.userId as userId5_3_0_, forumcomme0_.username as username6_3_0_ from CForumComment forumcomme0_ where forumcomme0_.forumCommentId=?
17:40:01.593 [main] DEBUG org.hibernate.persister.entity.AbstractEntityPersister - Static SQL for entity: com.niit.model.Job
17:40:01.594 [main] DEBUG org.hibernate.persister.entity.AbstractEntityPersister -  Version select: select jobId from CJob where jobId =?
17:40:01.594 [main] DEBUG org.hibernate.persister.entity.AbstractEntityPersister -  Snapshot select: select job_.jobId, job_.createDate as createDa2_5_, job_.jobDescription as jobDescr3_5_, job_.jobQualification as jobQuali4_5_, job_.jobStatus as jobStatu5_5_, job_.jobTitle as jobTitle6_5_ from CJob job_ where job_.jobId=?
17:40:01.594 [main] DEBUG org.hibernate.persister.entity.AbstractEntityPersister -  Insert 0: insert into CJob (createDate, jobDescription, jobQualification, jobStatus, jobTitle, jobId) values (?, ?, ?, ?, ?, ?)
17:40:01.594 [main] DEBUG org.hibernate.persister.entity.AbstractEntityPersister -  Update 0: update CJob set createDate=?, jobDescription=?, jobQualification=?, jobStatus=?, jobTitle=? where jobId=?
17:40:01.594 [main] DEBUG org.hibernate.persister.entity.AbstractEntityPersister -  Delete 0: delete from CJob where jobId=?
17:40:01.595 [main] DEBUG org.hibernate.loader.plan.build.internal.spaces.QuerySpacesImpl - Adding QuerySpace : uid = &lt;gen:0&gt; -&gt; org.hibernate.loader.plan.build.internal.spaces.EntityQuerySpaceImpl@72825400]
17:40:01.595 [main] DEBUG org.hibernate.persister.walking.spi.MetamodelGraphWalker - Visiting attribute path : createDate
17:40:01.595 [main] DEBUG org.hibernate.persister.walking.spi.MetamodelGraphWalker - Visiting attribute path : jobDescription
17:40:01.595 [main] DEBUG org.hibernate.persister.walking.spi.MetamodelGraphWalker - Visiting attribute path : jobQualification
17:40:01.596 [main] DEBUG org.hibernate.persister.walking.spi.MetamodelGraphWalker - Visiting attribute path : jobStatus
17:40:01.596 [main] DEBUG org.hibernate.persister.walking.spi.MetamodelGraphWalker - Visiting attribute path : jobTitle
17:40:01.596 [main] DEBUG org.hibernate.loader.plan.build.internal.FetchStyleLoadPlanBuildingAssociationVisitationStrategy - Building LoadPlan...
17:40:01.596 [main] DEBUG org.hibernate.loader.plan.exec.internal.LoadQueryJoinAndFetchProcessor - processing queryspace &lt;gen:0&gt;
17:40:01.601 [main] DEBUG org.hibernate.loader.plan.build.spi.LoadPlanTreePrinter - LoadPlan(entity=com.niit.model.Job)
    - Returns
       - EntityReturnImpl(entity=com.niit.model.Job, querySpaceUid=&lt;gen:0&gt;, path=com.niit.model.Job)
    - QuerySpaces
       - EntityQuerySpaceImpl(uid=&lt;gen:0&gt;, entity=com.niit.model.Job)
          - SQL table alias mapping - job0_
          - alias suffix - 0_
          - suffixed key columns - {jobId1_5_0_}

17:40:01.601 [main] DEBUG org.hibernate.loader.entity.plan.EntityLoader - Static select for entity com.niit.model.Job [NONE]: select job0_.jobId as jobId1_5_0_, job0_.createDate as createDa2_5_0_, job0_.jobDescription as jobDescr3_5_0_, job0_.jobQualification as jobQuali4_5_0_, job0_.jobStatus as jobStatu5_5_0_, job0_.jobTitle as jobTitle6_5_0_ from CJob job0_ where job0_.jobId=?
17:40:01.601 [main] DEBUG org.hibernate.loader.plan.build.internal.spaces.QuerySpacesImpl - Adding QuerySpace : uid = &lt;gen:0&gt; -&gt; org.hibernate.loader.plan.build.internal.spaces.EntityQuerySpaceImpl@5f117b3d]
17:40:01.602 [main] DEBUG org.hibernate.persister.walking.spi.MetamodelGraphWalker - Visiting attribute path : createDate
17:40:01.602 [main] DEBUG org.hibernate.persister.walking.spi.MetamodelGraphWalker - Visiting attribute path : jobDescription
17:40:01.602 [main] DEBUG org.hibernate.persister.walking.spi.MetamodelGraphWalker - Visiting attribute path : jobQualification
17:40:01.602 [main] DEBUG org.hibernate.persister.walking.spi.MetamodelGraphWalker - Visiting attribute path : jobStatus
17:40:01.602 [main] DEBUG org.hibernate.persister.walking.spi.MetamodelGraphWalker - Visiting attribute path : jobTitle
17:40:01.603 [main] DEBUG org.hibernate.loader.plan.build.internal.FetchStyleLoadPlanBuildingAssociationVisitationStrategy - Building LoadPlan...
17:40:01.603 [main] DEBUG org.hibernate.loader.plan.exec.internal.LoadQueryJoinAndFetchProcessor - processing queryspace &lt;gen:0&gt;
17:40:01.603 [main] DEBUG org.hibernate.loader.plan.build.spi.LoadPlanTreePrinter - LoadPlan(entity=com.niit.model.Job)
    - Returns
       - EntityReturnImpl(entity=com.niit.model.Job, querySpaceUid=&lt;gen:0&gt;, path=com.niit.model.Job)
    - QuerySpaces
       - EntityQuerySpaceImpl(uid=&lt;gen:0&gt;, entity=com.niit.model.Job)
          - SQL table alias mapping - job0_
          - alias suffix - 0_
          - suffixed key columns - {jobId1_5_0_}

17:40:01.603 [main] DEBUG org.hibernate.loader.entity.plan.EntityLoader - Static select for entity com.niit.model.Job [READ]: select job0_.jobId as jobId1_5_0_, job0_.createDate as createDa2_5_0_, job0_.jobDescription as jobDescr3_5_0_, job0_.jobQualification as jobQuali4_5_0_, job0_.jobStatus as jobStatu5_5_0_, job0_.jobTitle as jobTitle6_5_0_ from CJob job0_ where job0_.jobId=?
17:40:01.604 [main] DEBUG org.hibernate.loader.plan.build.internal.spaces.QuerySpacesImpl - Adding QuerySpace : uid = &lt;gen:0&gt; -&gt; org.hibernate.loader.plan.build.internal.spaces.EntityQuerySpaceImpl@71b6d77f]
17:40:01.604 [main] DEBUG org.hibernate.persister.walking.spi.MetamodelGraphWalker - Visiting attribute path : createDate
17:40:01.604 [main] DEBUG org.hibernate.persister.walking.spi.MetamodelGraphWalker - Visiting attribute path : jobDescription
17:40:01.604 [main] DEBUG org.hibernate.persister.walking.spi.MetamodelGraphWalker - Visiting attribute path : jobQualification
17:40:01.604 [main] DEBUG org.hibernate.persister.walking.spi.MetamodelGraphWalker - Visiting attribute path : jobStatus
17:40:01.604 [main] DEBUG org.hibernate.persister.walking.spi.MetamodelGraphWalker - Visiting attribute path : jobTitle
17:40:01.604 [main] DEBUG org.hibernate.loader.plan.build.internal.FetchStyleLoadPlanBuildingAssociationVisitationStrategy - Building LoadPlan...
17:40:01.604 [main] DEBUG org.hibernate.loader.plan.exec.internal.LoadQueryJoinAndFetchProcessor - processing queryspace &lt;gen:0&gt;
17:40:01.604 [main] DEBUG org.hibernate.loader.plan.build.spi.LoadPlanTreePrinter - LoadPlan(entity=com.niit.model.Job)
    - Returns
       - EntityReturnImpl(entity=com.niit.model.Job, querySpaceUid=&lt;gen:0&gt;, path=com.niit.model.Job)
    - QuerySpaces
       - EntityQuerySpaceImpl(uid=&lt;gen:0&gt;, entity=com.niit.model.Job)
          - SQL table alias mapping - job0_
          - alias suffix - 0_
          - suffixed key columns - {jobId1_5_0_}

17:40:01.604 [main] DEBUG org.hibernate.loader.entity.plan.EntityLoader - Static select for entity com.niit.model.Job [UPGRADE]: select job0_.jobId as jobId1_5_0_, job0_.createDate as createDa2_5_0_, job0_.jobDescription as jobDescr3_5_0_, job0_.jobQualification as jobQuali4_5_0_, job0_.jobStatus as jobStatu5_5_0_, job0_.jobTitle as jobTitle6_5_0_ from CJob job0_ where job0_.jobId=? for update
17:40:01.605 [main] DEBUG org.hibernate.loader.plan.build.internal.spaces.QuerySpacesImpl - Adding QuerySpace : uid = &lt;gen:0&gt; -&gt; org.hibernate.loader.plan.build.internal.spaces.EntityQuerySpaceImpl@4cfa8227]
17:40:01.605 [main] DEBUG org.hibernate.persister.walking.spi.MetamodelGraphWalker - Visiting attribute path : createDate
17:40:01.605 [main] DEBUG org.hibernate.persister.walking.spi.MetamodelGraphWalker - Visiting attribute path : jobDescription
17:40:01.605 [main] DEBUG org.hibernate.persister.walking.spi.MetamodelGraphWalker - Visiting attribute path : jobQualification
17:40:01.605 [main] DEBUG org.hibernate.persister.walking.spi.MetamodelGraphWalker - Visiting attribute path : jobStatus
17:40:01.605 [main] DEBUG org.hibernate.persister.walking.spi.MetamodelGraphWalker - Visiting attribute path : jobTitle
17:40:01.605 [main] DEBUG org.hibernate.loader.plan.build.internal.FetchStyleLoadPlanBuildingAssociationVisitationStrategy - Building LoadPlan...
17:40:01.605 [main] DEBUG org.hibernate.loader.plan.exec.internal.LoadQueryJoinAndFetchProcessor - processing queryspace &lt;gen:0&gt;
17:40:01.605 [main] DEBUG org.hibernate.loader.plan.build.spi.LoadPlanTreePrinter - LoadPlan(entity=com.niit.model.Job)
    - Returns
       - EntityReturnImpl(entity=com.niit.model.Job, querySpaceUid=&lt;gen:0&gt;, path=com.niit.model.Job)
    - QuerySpaces
       - EntityQuerySpaceImpl(uid=&lt;gen:0&gt;, entity=com.niit.model.Job)
          - SQL table alias mapping - job0_
          - alias suffix - 0_
          - suffixed key columns - {jobId1_5_0_}

17:40:01.606 [main] DEBUG org.hibernate.loader.entity.plan.EntityLoader - Static select for entity com.niit.model.Job [UPGRADE_NOWAIT]: select job0_.jobId as jobId1_5_0_, job0_.createDate as createDa2_5_0_, job0_.jobDescription as jobDescr3_5_0_, job0_.jobQualification as jobQuali4_5_0_, job0_.jobStatus as jobStatu5_5_0_, job0_.jobTitle as jobTitle6_5_0_ from CJob job0_ where job0_.jobId=? for update
17:40:01.606 [main] DEBUG org.hibernate.loader.plan.build.internal.spaces.QuerySpacesImpl - Adding QuerySpace : uid = &lt;gen:0&gt; -&gt; org.hibernate.loader.plan.build.internal.spaces.EntityQuerySpaceImpl@3f685162]
17:40:01.606 [main] DEBUG org.hibernate.persister.walking.spi.MetamodelGraphWalker - Visiting attribute path : createDate
17:40:01.606 [main] DEBUG org.hibernate.persister.walking.spi.MetamodelGraphWalker - Visiting attribute path : jobDescription
17:40:01.606 [main] DEBUG org.hibernate.persister.walking.spi.MetamodelGraphWalker - Visiting attribute path : jobQualification
17:40:01.606 [main] DEBUG org.hibernate.persister.walking.spi.MetamodelGraphWalker - Visiting attribute path : jobStatus
17:40:01.606 [main] DEBUG org.hibernate.persister.walking.spi.MetamodelGraphWalker - Visiting attribute path : jobTitle
17:40:01.606 [main] DEBUG org.hibernate.loader.plan.build.internal.FetchStyleLoadPlanBuildingAssociationVisitationStrategy - Building LoadPlan...
17:40:01.607 [main] DEBUG org.hibernate.loader.plan.exec.internal.LoadQueryJoinAndFetchProcessor - processing queryspace &lt;gen:0&gt;
17:40:01.607 [main] DEBUG org.hibernate.loader.plan.build.spi.LoadPlanTreePrinter - LoadPlan(entity=com.niit.model.Job)
    - Returns
       - EntityReturnImpl(entity=com.niit.model.Job, querySpaceUid=&lt;gen:0&gt;, path=com.niit.model.Job)
    - QuerySpaces
       - EntityQuerySpaceImpl(uid=&lt;gen:0&gt;, entity=com.niit.model.Job)
          - SQL table alias mapping - job0_
          - alias suffix - 0_
          - suffixed key columns - {jobId1_5_0_}

17:40:01.608 [main] DEBUG org.hibernate.loader.entity.plan.EntityLoader - Static select for entity com.niit.model.Job [UPGRADE_SKIPLOCKED]: select job0_.jobId as jobId1_5_0_, job0_.createDate as createDa2_5_0_, job0_.jobDescription as jobDescr3_5_0_, job0_.jobQualification as jobQuali4_5_0_, job0_.jobStatus as jobStatu5_5_0_, job0_.jobTitle as jobTitle6_5_0_ from CJob job0_ where job0_.jobId=? for update
17:40:01.609 [main] DEBUG org.hibernate.loader.plan.build.internal.spaces.QuerySpacesImpl - Adding QuerySpace : uid = &lt;gen:0&gt; -&gt; org.hibernate.loader.plan.build.internal.spaces.EntityQuerySpaceImpl@987455b]
17:40:01.609 [main] DEBUG org.hibernate.persister.walking.spi.MetamodelGraphWalker - Visiting attribute path : createDate
17:40:01.609 [main] DEBUG org.hibernate.persister.walking.spi.MetamodelGraphWalker - Visiting attribute path : jobDescription
17:40:01.609 [main] DEBUG org.hibernate.persister.walking.spi.MetamodelGraphWalker - Visiting attribute path : jobQualification
17:40:01.609 [main] DEBUG org.hibernate.persister.walking.spi.MetamodelGraphWalker - Visiting attribute path : jobStatus
17:40:01.609 [main] DEBUG org.hibernate.persister.walking.spi.MetamodelGraphWalker - Visiting attribute path : jobTitle
17:40:01.609 [main] DEBUG org.hibernate.loader.plan.build.internal.FetchStyleLoadPlanBuildingAssociationVisitationStrategy - Building LoadPlan...
17:40:01.610 [main] DEBUG org.hibernate.loader.plan.exec.internal.LoadQueryJoinAndFetchProcessor - processing queryspace &lt;gen:0&gt;
17:40:01.610 [main] DEBUG org.hibernate.loader.plan.build.spi.LoadPlanTreePrinter - LoadPlan(entity=com.niit.model.Job)
    - Returns
       - EntityReturnImpl(entity=com.niit.model.Job, querySpaceUid=&lt;gen:0&gt;, path=com.niit.model.Job)
    - QuerySpaces
       - EntityQuerySpaceImpl(uid=&lt;gen:0&gt;, entity=com.niit.model.Job)
          - SQL table alias mapping - job0_
          - alias suffix - 0_
          - suffixed key columns - {jobId1_5_0_}

17:40:01.610 [main] DEBUG org.hibernate.loader.entity.plan.EntityLoader - Static select for entity com.niit.model.Job [FORCE]: select job0_.jobId as jobId1_5_0_, job0_.createDate as createDa2_5_0_, job0_.jobDescription as jobDescr3_5_0_, job0_.jobQualification as jobQuali4_5_0_, job0_.jobStatus as jobStatu5_5_0_, job0_.jobTitle as jobTitle6_5_0_ from CJob job0_ where job0_.jobId=? for update
17:40:01.610 [main] DEBUG org.hibernate.loader.plan.build.internal.spaces.QuerySpacesImpl - Adding QuerySpace : uid = &lt;gen:0&gt; -&gt; org.hibernate.loader.plan.build.internal.spaces.EntityQuerySpaceImpl@1f3165e7]
17:40:01.610 [main] DEBUG org.hibernate.persister.walking.spi.MetamodelGraphWalker - Visiting attribute path : createDate
17:40:01.610 [main] DEBUG org.hibernate.persister.walking.spi.MetamodelGraphWalker - Visiting attribute path : jobDescription
17:40:01.612 [main] DEBUG org.hibernate.persister.walking.spi.MetamodelGraphWalker - Visiting attribute path : jobQualification
17:40:01.612 [main] DEBUG org.hibernate.persister.walking.spi.MetamodelGraphWalker - Visiting attribute path : jobStatus
17:40:01.637 [main] DEBUG org.hibernate.persister.walking.spi.MetamodelGraphWalker - Visiting attribute path : jobTitle
17:40:01.638 [main] DEBUG org.hibernate.loader.plan.build.internal.FetchStyleLoadPlanBuildingAssociationVisitationStrategy - Building LoadPlan...
17:40:01.638 [main] DEBUG org.hibernate.loader.plan.exec.internal.LoadQueryJoinAndFetchProcessor - processing queryspace &lt;gen:0&gt;
17:40:01.639 [main] DEBUG org.hibernate.loader.plan.build.spi.LoadPlanTreePrinter - LoadPlan(entity=com.niit.model.Job)
    - Returns
       - EntityReturnImpl(entity=com.niit.model.Job, querySpaceUid=&lt;gen:0&gt;, path=com.niit.model.Job)
    - QuerySpaces
       - EntityQuerySpaceImpl(uid=&lt;gen:0&gt;, entity=com.niit.model.Job)
          - SQL table alias mapping - job0_
          - alias suffix - 0_
          - suffixed key columns - {jobId1_5_0_}

17:40:01.639 [main] DEBUG org.hibernate.loader.entity.plan.EntityLoader - Static select for entity com.niit.model.Job [PESSIMISTIC_READ]: select job0_.jobId as jobId1_5_0_, job0_.createDate as createDa2_5_0_, job0_.jobDescription as jobDescr3_5_0_, job0_.jobQualification as jobQuali4_5_0_, job0_.jobStatus as jobStatu5_5_0_, job0_.jobTitle as jobTitle6_5_0_ from CJob job0_ where job0_.jobId=? for update
17:40:01.639 [main] DEBUG org.hibernate.loader.plan.build.internal.spaces.QuerySpacesImpl - Adding QuerySpace : uid = &lt;gen:0&gt; -&gt; org.hibernate.loader.plan.build.internal.spaces.EntityQuerySpaceImpl@1d5d5621]
17:40:01.639 [main] DEBUG org.hibernate.persister.walking.spi.MetamodelGraphWalker - Visiting attribute path : createDate
17:40:01.639 [main] DEBUG org.hibernate.persister.walking.spi.MetamodelGraphWalker - Visiting attribute path : jobDescription
17:40:01.640 [main] DEBUG org.hibernate.persister.walking.spi.MetamodelGraphWalker - Visiting attribute path : jobQualification
17:40:01.640 [main] DEBUG org.hibernate.persister.walking.spi.MetamodelGraphWalker - Visiting attribute path : jobStatus
17:40:01.640 [main] DEBUG org.hibernate.persister.walking.spi.MetamodelGraphWalker - Visiting attribute path : jobTitle
17:40:01.642 [main] DEBUG org.hibernate.loader.plan.build.internal.FetchStyleLoadPlanBuildingAssociationVisitationStrategy - Building LoadPlan...
17:40:01.642 [main] DEBUG org.hibernate.loader.plan.exec.internal.LoadQueryJoinAndFetchProcessor - processing queryspace &lt;gen:0&gt;
17:40:01.643 [main] DEBUG org.hibernate.loader.plan.build.spi.LoadPlanTreePrinter - LoadPlan(entity=com.niit.model.Job)
    - Returns
       - EntityReturnImpl(entity=com.niit.model.Job, querySpaceUid=&lt;gen:0&gt;, path=com.niit.model.Job)
    - QuerySpaces
       - EntityQuerySpaceImpl(uid=&lt;gen:0&gt;, entity=com.niit.model.Job)
          - SQL table alias mapping - job0_
          - alias suffix - 0_
          - suffixed key columns - {jobId1_5_0_}

17:40:01.643 [main] DEBUG org.hibernate.loader.entity.plan.EntityLoader - Static select for entity com.niit.model.Job [PESSIMISTIC_WRITE]: select job0_.jobId as jobId1_5_0_, job0_.createDate as createDa2_5_0_, job0_.jobDescription as jobDescr3_5_0_, job0_.jobQualification as jobQuali4_5_0_, job0_.jobStatus as jobStatu5_5_0_, job0_.jobTitle as jobTitle6_5_0_ from CJob job0_ where job0_.jobId=? for update
17:40:01.644 [main] DEBUG org.hibernate.loader.plan.build.internal.spaces.QuerySpacesImpl - Adding QuerySpace : uid = &lt;gen:0&gt; -&gt; org.hibernate.loader.plan.build.internal.spaces.EntityQuerySpaceImpl@15b82644]
17:40:01.644 [main] DEBUG org.hibernate.persister.walking.spi.MetamodelGraphWalker - Visiting attribute path : createDate
17:40:01.644 [main] DEBUG org.hibernate.persister.walking.spi.MetamodelGraphWalker - Visiting attribute path : jobDescription
17:40:01.644 [main] DEBUG org.hibernate.persister.walking.spi.MetamodelGraphWalker - Visiting attribute path : jobQualification
17:40:01.644 [main] DEBUG org.hibernate.persister.walking.spi.MetamodelGraphWalker - Visiting attribute path : jobStatus
17:40:01.644 [main] DEBUG org.hibernate.persister.walking.spi.MetamodelGraphWalker - Visiting attribute path : jobTitle
17:40:01.644 [main] DEBUG org.hibernate.loader.plan.build.internal.FetchStyleLoadPlanBuildingAssociationVisitationStrategy - Building LoadPlan...
17:40:01.645 [main] DEBUG org.hibernate.loader.plan.exec.internal.LoadQueryJoinAndFetchProcessor - processing queryspace &lt;gen:0&gt;
17:40:01.646 [main] DEBUG org.hibernate.loader.plan.build.spi.LoadPlanTreePrinter - LoadPlan(entity=com.niit.model.Job)
    - Returns
       - EntityReturnImpl(entity=com.niit.model.Job, querySpaceUid=&lt;gen:0&gt;, path=com.niit.model.Job)
    - QuerySpaces
       - EntityQuerySpaceImpl(uid=&lt;gen:0&gt;, entity=com.niit.model.Job)
          - SQL table alias mapping - job0_
          - alias suffix - 0_
          - suffixed key columns - {jobId1_5_0_}

17:40:01.646 [main] DEBUG org.hibernate.loader.entity.plan.EntityLoader - Static select for entity com.niit.model.Job [PESSIMISTIC_FORCE_INCREMENT]: select job0_.jobId as jobId1_5_0_, job0_.createDate as createDa2_5_0_, job0_.jobDescription as jobDescr3_5_0_, job0_.jobQualification as jobQuali4_5_0_, job0_.jobStatus as jobStatu5_5_0_, job0_.jobTitle as jobTitle6_5_0_ from CJob job0_ where job0_.jobId=? for update
17:40:01.646 [main] DEBUG org.hibernate.loader.plan.build.internal.spaces.QuerySpacesImpl - Adding QuerySpace : uid = &lt;gen:0&gt; -&gt; org.hibernate.loader.plan.build.internal.spaces.EntityQuerySpaceImpl@574cd322]
17:40:01.647 [main] DEBUG org.hibernate.persister.walking.spi.MetamodelGraphWalker - Visiting attribute path : createDate
17:40:01.647 [main] DEBUG org.hibernate.persister.walking.spi.MetamodelGraphWalker - Visiting attribute path : jobDescription
17:40:01.647 [main] DEBUG org.hibernate.persister.walking.spi.MetamodelGraphWalker - Visiting attribute path : jobQualification
17:40:01.647 [main] DEBUG org.hibernate.persister.walking.spi.MetamodelGraphWalker - Visiting attribute path : jobStatus
17:40:01.647 [main] DEBUG org.hibernate.persister.walking.spi.MetamodelGraphWalker - Visiting attribute path : jobTitle
17:40:01.647 [main] DEBUG org.hibernate.loader.plan.build.internal.FetchStyleLoadPlanBuildingAssociationVisitationStrategy - Building LoadPlan...
17:40:01.647 [main] DEBUG org.hibernate.loader.plan.exec.internal.LoadQueryJoinAndFetchProcessor - processing queryspace &lt;gen:0&gt;
17:40:01.649 [main] DEBUG org.hibernate.loader.plan.build.spi.LoadPlanTreePrinter - LoadPlan(entity=com.niit.model.Job)
    - Returns
       - EntityReturnImpl(entity=com.niit.model.Job, querySpaceUid=&lt;gen:0&gt;, path=com.niit.model.Job)
    - QuerySpaces
       - EntityQuerySpaceImpl(uid=&lt;gen:0&gt;, entity=com.niit.model.Job)
          - SQL table alias mapping - job0_
          - alias suffix - 0_
          - suffixed key columns - {jobId1_5_0_}

17:40:01.649 [main] DEBUG org.hibernate.loader.entity.plan.EntityLoader - Static select for entity com.niit.model.Job [OPTIMISTIC]: select job0_.jobId as jobId1_5_0_, job0_.createDate as createDa2_5_0_, job0_.jobDescription as jobDescr3_5_0_, job0_.jobQualification as jobQuali4_5_0_, job0_.jobStatus as jobStatu5_5_0_, job0_.jobTitle as jobTitle6_5_0_ from CJob job0_ where job0_.jobId=?
17:40:01.650 [main] DEBUG org.hibernate.loader.plan.build.internal.spaces.QuerySpacesImpl - Adding QuerySpace : uid = &lt;gen:0&gt; -&gt; org.hibernate.loader.plan.build.internal.spaces.EntityQuerySpaceImpl@119c745c]
17:40:01.650 [main] DEBUG org.hibernate.persister.walking.spi.MetamodelGraphWalker - Visiting attribute path : createDate
17:40:01.650 [main] DEBUG org.hibernate.persister.walking.spi.MetamodelGraphWalker - Visiting attribute path : jobDescription
17:40:01.651 [main] DEBUG org.hibernate.persister.walking.spi.MetamodelGraphWalker - Visiting attribute path : jobQualification
17:40:01.651 [main] DEBUG org.hibernate.persister.walking.spi.MetamodelGraphWalker - Visiting attribute path : jobStatus
17:40:01.651 [main] DEBUG org.hibernate.persister.walking.spi.MetamodelGraphWalker - Visiting attribute path : jobTitle
17:40:01.651 [main] DEBUG org.hibernate.loader.plan.build.internal.FetchStyleLoadPlanBuildingAssociationVisitationStrategy - Building LoadPlan...
17:40:01.651 [main] DEBUG org.hibernate.loader.plan.exec.internal.LoadQueryJoinAndFetchProcessor - processing queryspace &lt;gen:0&gt;
17:40:01.652 [main] DEBUG org.hibernate.loader.plan.build.spi.LoadPlanTreePrinter - LoadPlan(entity=com.niit.model.Job)
    - Returns
       - EntityReturnImpl(entity=com.niit.model.Job, querySpaceUid=&lt;gen:0&gt;, path=com.niit.model.Job)
    - QuerySpaces
       - EntityQuerySpaceImpl(uid=&lt;gen:0&gt;, entity=com.niit.model.Job)
          - SQL table alias mapping - job0_
          - alias suffix - 0_
          - suffixed key columns - {jobId1_5_0_}

17:40:01.652 [main] DEBUG org.hibernate.loader.entity.plan.EntityLoader - Static select for entity com.niit.model.Job [OPTIMISTIC_FORCE_INCREMENT]: select job0_.jobId as jobId1_5_0_, job0_.createDate as createDa2_5_0_, job0_.jobDescription as jobDescr3_5_0_, job0_.jobQualification as jobQuali4_5_0_, job0_.jobStatus as jobStatu5_5_0_, job0_.jobTitle as jobTitle6_5_0_ from CJob job0_ where job0_.jobId=?
17:40:01.652 [main] DEBUG org.hibernate.loader.Loader - Static select for action ACTION_MERGE on entity com.niit.model.Job: select job0_.jobId as jobId1_5_0_, job0_.createDate as createDa2_5_0_, job0_.jobDescription as jobDescr3_5_0_, job0_.jobQualification as jobQuali4_5_0_, job0_.jobStatus as jobStatu5_5_0_, job0_.jobTitle as jobTitle6_5_0_ from CJob job0_ where job0_.jobId=?
17:40:01.652 [main] DEBUG org.hibernate.loader.Loader - Static select for action ACTION_REFRESH on entity com.niit.model.Job: select job0_.jobId as jobId1_5_0_, job0_.createDate as createDa2_5_0_, job0_.jobDescription as jobDescr3_5_0_, job0_.jobQualification as jobQuali4_5_0_, job0_.jobStatus as jobStatu5_5_0_, job0_.jobTitle as jobTitle6_5_0_ from CJob job0_ where job0_.jobId=?
17:40:01.655 [main] DEBUG org.hibernate.persister.entity.AbstractEntityPersister - Static SQL for entity: com.niit.model.ChatForum
17:40:01.655 [main] DEBUG org.hibernate.persister.entity.AbstractEntityPersister -  Version select: select id from C_FORUM where id =?
17:40:01.655 [main] DEBUG org.hibernate.persister.entity.AbstractEntityPersister -  Snapshot select: select chatforum_.id, chatforum_.created_date as created_2_9_, chatforum_.message as message3_9_, chatforum_.user_id as user_id4_9_ from C_FORUM chatforum_ where chatforum_.id=?
17:40:01.656 [main] DEBUG org.hibernate.persister.entity.AbstractEntityPersister -  Insert 0: insert into C_FORUM (created_date, message, user_id, id) values (?, ?, ?, ?)
17:40:01.656 [main] DEBUG org.hibernate.persister.entity.AbstractEntityPersister -  Update 0: update C_FORUM set created_date=?, message=?, user_id=? where id=?
17:40:01.656 [main] DEBUG org.hibernate.persister.entity.AbstractEntityPersister -  Delete 0: delete from C_FORUM where id=?
17:40:01.656 [main] DEBUG org.hibernate.loader.plan.build.internal.spaces.QuerySpacesImpl - Adding QuerySpace : uid = &lt;gen:0&gt; -&gt; org.hibernate.loader.plan.build.internal.spaces.EntityQuerySpaceImpl@3b1ed14b]
17:40:01.656 [main] DEBUG org.hibernate.persister.walking.spi.MetamodelGraphWalker - Visiting attribute path : createdDate
17:40:01.656 [main] DEBUG org.hibernate.persister.walking.spi.MetamodelGraphWalker - Visiting attribute path : message
17:40:01.656 [main] DEBUG org.hibernate.persister.walking.spi.MetamodelGraphWalker - Visiting attribute path : userID
17:40:01.657 [main] DEBUG org.hibernate.loader.plan.build.internal.FetchStyleLoadPlanBuildingAssociationVisitationStrategy - Building LoadPlan...
17:40:01.657 [main] DEBUG org.hibernate.loader.plan.exec.internal.LoadQueryJoinAndFetchProcessor - processing queryspace &lt;gen:0&gt;
17:40:01.657 [main] DEBUG org.hibernate.loader.plan.build.spi.LoadPlanTreePrinter - LoadPlan(entity=com.niit.model.ChatForum)
    - Returns
       - EntityReturnImpl(entity=com.niit.model.ChatForum, querySpaceUid=&lt;gen:0&gt;, path=com.niit.model.ChatForum)
    - QuerySpaces
       - EntityQuerySpaceImpl(uid=&lt;gen:0&gt;, entity=com.niit.model.ChatForum)
          - SQL table alias mapping - chatforum0_
          - alias suffix - 0_
          - suffixed key columns - {id1_9_0_}

17:40:01.657 [main] DEBUG org.hibernate.loader.entity.plan.EntityLoader - Static select for entity com.niit.model.ChatForum [NONE]: select chatforum0_.id as id1_9_0_, chatforum0_.created_date as created_2_9_0_, chatforum0_.message as message3_9_0_, chatforum0_.user_id as user_id4_9_0_ from C_FORUM chatforum0_ where chatforum0_.id=?
17:40:01.658 [main] DEBUG org.hibernate.loader.plan.build.internal.spaces.QuerySpacesImpl - Adding QuerySpace : uid = &lt;gen:0&gt; -&gt; org.hibernate.loader.plan.build.internal.spaces.EntityQuerySpaceImpl@1bc776b7]
17:40:01.658 [main] DEBUG org.hibernate.persister.walking.spi.MetamodelGraphWalker - Visiting attribute path : createdDate
17:40:01.658 [main] DEBUG org.hibernate.persister.walking.spi.MetamodelGraphWalker - Visiting attribute path : message
17:40:01.658 [main] DEBUG org.hibernate.persister.walking.spi.MetamodelGraphWalker - Visiting attribute path : userID
17:40:01.658 [main] DEBUG org.hibernate.loader.plan.build.internal.FetchStyleLoadPlanBuildingAssociationVisitationStrategy - Building LoadPlan...
17:40:01.658 [main] DEBUG org.hibernate.loader.plan.exec.internal.LoadQueryJoinAndFetchProcessor - processing queryspace &lt;gen:0&gt;
17:40:01.659 [main] DEBUG org.hibernate.loader.plan.build.spi.LoadPlanTreePrinter - LoadPlan(entity=com.niit.model.ChatForum)
    - Returns
       - EntityReturnImpl(entity=com.niit.model.ChatForum, querySpaceUid=&lt;gen:0&gt;, path=com.niit.model.ChatForum)
    - QuerySpaces
       - EntityQuerySpaceImpl(uid=&lt;gen:0&gt;, entity=com.niit.model.ChatForum)
          - SQL table alias mapping - chatforum0_
          - alias suffix - 0_
          - suffixed key columns - {id1_9_0_}

17:40:01.659 [main] DEBUG org.hibernate.loader.entity.plan.EntityLoader - Static select for entity com.niit.model.ChatForum [READ]: select chatforum0_.id as id1_9_0_, chatforum0_.created_date as created_2_9_0_, chatforum0_.message as message3_9_0_, chatforum0_.user_id as user_id4_9_0_ from C_FORUM chatforum0_ where chatforum0_.id=?
17:40:01.659 [main] DEBUG org.hibernate.loader.plan.build.internal.spaces.QuerySpacesImpl - Adding QuerySpace : uid = &lt;gen:0&gt; -&gt; org.hibernate.loader.plan.build.internal.spaces.EntityQuerySpaceImpl@a0f53fc]
17:40:01.659 [main] DEBUG org.hibernate.persister.walking.spi.MetamodelGraphWalker - Visiting attribute path : createdDate
17:40:01.659 [main] DEBUG org.hibernate.persister.walking.spi.MetamodelGraphWalker - Visiting attribute path : message
17:40:01.660 [main] DEBUG org.hibernate.persister.walking.spi.MetamodelGraphWalker - Visiting attribute path : userID
17:40:01.660 [main] DEBUG org.hibernate.loader.plan.build.internal.FetchStyleLoadPlanBuildingAssociationVisitationStrategy - Building LoadPlan...
17:40:01.660 [main] DEBUG org.hibernate.loader.plan.exec.internal.LoadQueryJoinAndFetchProcessor - processing queryspace &lt;gen:0&gt;
17:40:01.660 [main] DEBUG org.hibernate.loader.plan.build.spi.LoadPlanTreePrinter - LoadPlan(entity=com.niit.model.ChatForum)
    - Returns
       - EntityReturnImpl(entity=com.niit.model.ChatForum, querySpaceUid=&lt;gen:0&gt;, path=com.niit.model.ChatForum)
    - QuerySpaces
       - EntityQuerySpaceImpl(uid=&lt;gen:0&gt;, entity=com.niit.model.ChatForum)
          - SQL table alias mapping - chatforum0_
          - alias suffix - 0_
          - suffixed key columns - {id1_9_0_}

17:40:01.661 [main] DEBUG org.hibernate.loader.entity.plan.EntityLoader - Static select for entity com.niit.model.ChatForum [UPGRADE]: select chatforum0_.id as id1_9_0_, chatforum0_.created_date as created_2_9_0_, chatforum0_.message as message3_9_0_, chatforum0_.user_id as user_id4_9_0_ from C_FORUM chatforum0_ where chatforum0_.id=? for update
17:40:01.661 [main] DEBUG org.hibernate.loader.plan.build.internal.spaces.QuerySpacesImpl - Adding QuerySpace : uid = &lt;gen:0&gt; -&gt; org.hibernate.loader.plan.build.internal.spaces.EntityQuerySpaceImpl@1debc91c]
17:40:01.661 [main] DEBUG org.hibernate.persister.walking.spi.MetamodelGraphWalker - Visiting attribute path : createdDate
17:40:01.661 [main] DEBUG org.hibernate.persister.walking.spi.MetamodelGraphWalker - Visiting attribute path : message
17:40:01.661 [main] DEBUG org.hibernate.persister.walking.spi.MetamodelGraphWalker - Visiting attribute path : userID
17:40:01.661 [main] DEBUG org.hibernate.loader.plan.build.internal.FetchStyleLoadPlanBuildingAssociationVisitationStrategy - Building LoadPlan...
17:40:01.662 [main] DEBUG org.hibernate.loader.plan.exec.internal.LoadQueryJoinAndFetchProcessor - processing queryspace &lt;gen:0&gt;
17:40:01.662 [main] DEBUG org.hibernate.loader.plan.build.spi.LoadPlanTreePrinter - LoadPlan(entity=com.niit.model.ChatForum)
    - Returns
       - EntityReturnImpl(entity=com.niit.model.ChatForum, querySpaceUid=&lt;gen:0&gt;, path=com.niit.model.ChatForum)
    - QuerySpaces
       - EntityQuerySpaceImpl(uid=&lt;gen:0&gt;, entity=com.niit.model.ChatForum)
          - SQL table alias mapping - chatforum0_
          - alias suffix - 0_
          - suffixed key columns - {id1_9_0_}

17:40:01.662 [main] DEBUG org.hibernate.loader.entity.plan.EntityLoader - Static select for entity com.niit.model.ChatForum [UPGRADE_NOWAIT]: select chatforum0_.id as id1_9_0_, chatforum0_.created_date as created_2_9_0_, chatforum0_.message as message3_9_0_, chatforum0_.user_id as user_id4_9_0_ from C_FORUM chatforum0_ where chatforum0_.id=? for update
17:40:01.664 [main] DEBUG org.hibernate.loader.plan.build.internal.spaces.QuerySpacesImpl - Adding QuerySpace : uid = &lt;gen:0&gt; -&gt; org.hibernate.loader.plan.build.internal.spaces.EntityQuerySpaceImpl@181e72d3]
17:40:01.664 [main] DEBUG org.hibernate.persister.walking.spi.MetamodelGraphWalker - Visiting attribute path : createdDate
17:40:01.664 [main] DEBUG org.hibernate.persister.walking.spi.MetamodelGraphWalker - Visiting attribute path : message
17:40:01.664 [main] DEBUG org.hibernate.persister.walking.spi.MetamodelGraphWalker - Visiting attribute path : userID
17:40:01.664 [main] DEBUG org.hibernate.loader.plan.build.internal.FetchStyleLoadPlanBuildingAssociationVisitationStrategy - Building LoadPlan...
17:40:01.665 [main] DEBUG org.hibernate.loader.plan.exec.internal.LoadQueryJoinAndFetchProcessor - processing queryspace &lt;gen:0&gt;
17:40:01.665 [main] DEBUG org.hibernate.loader.plan.build.spi.LoadPlanTreePrinter - LoadPlan(entity=com.niit.model.ChatForum)
    - Returns
       - EntityReturnImpl(entity=com.niit.model.ChatForum, querySpaceUid=&lt;gen:0&gt;, path=com.niit.model.ChatForum)
    - QuerySpaces
       - EntityQuerySpaceImpl(uid=&lt;gen:0&gt;, entity=com.niit.model.ChatForum)
          - SQL table alias mapping - chatforum0_
          - alias suffix - 0_
          - suffixed key columns - {id1_9_0_}

17:40:01.665 [main] DEBUG org.hibernate.loader.entity.plan.EntityLoader - Static select for entity com.niit.model.ChatForum [UPGRADE_SKIPLOCKED]: select chatforum0_.id as id1_9_0_, chatforum0_.created_date as created_2_9_0_, chatforum0_.message as message3_9_0_, chatforum0_.user_id as user_id4_9_0_ from C_FORUM chatforum0_ where chatforum0_.id=? for update
17:40:01.665 [main] DEBUG org.hibernate.loader.plan.build.internal.spaces.QuerySpacesImpl - Adding QuerySpace : uid = &lt;gen:0&gt; -&gt; org.hibernate.loader.plan.build.internal.spaces.EntityQuerySpaceImpl@2d272b0d]
17:40:01.666 [main] DEBUG org.hibernate.persister.walking.spi.MetamodelGraphWalker - Visiting attribute path : createdDate
17:40:01.666 [main] DEBUG org.hibernate.persister.walking.spi.MetamodelGraphWalker - Visiting attribute path : message
17:40:01.666 [main] DEBUG org.hibernate.persister.walking.spi.MetamodelGraphWalker - Visiting attribute path : userID
17:40:01.666 [main] DEBUG org.hibernate.loader.plan.build.internal.FetchStyleLoadPlanBuildingAssociationVisitationStrategy - Building LoadPlan...
17:40:01.666 [main] DEBUG org.hibernate.loader.plan.exec.internal.LoadQueryJoinAndFetchProcessor - processing queryspace &lt;gen:0&gt;
17:40:01.667 [main] DEBUG org.hibernate.loader.plan.build.spi.LoadPlanTreePrinter - LoadPlan(entity=com.niit.model.ChatForum)
    - Returns
       - EntityReturnImpl(entity=com.niit.model.ChatForum, querySpaceUid=&lt;gen:0&gt;, path=com.niit.model.ChatForum)
    - QuerySpaces
       - EntityQuerySpaceImpl(uid=&lt;gen:0&gt;, entity=com.niit.model.ChatForum)
          - SQL table alias mapping - chatforum0_
          - alias suffix - 0_
          - suffixed key columns - {id1_9_0_}

17:40:01.667 [main] DEBUG org.hibernate.loader.entity.plan.EntityLoader - Static select for entity com.niit.model.ChatForum [FORCE]: select chatforum0_.id as id1_9_0_, chatforum0_.created_date as created_2_9_0_, chatforum0_.message as message3_9_0_, chatforum0_.user_id as user_id4_9_0_ from C_FORUM chatforum0_ where chatforum0_.id=? for update
17:40:01.667 [main] DEBUG org.hibernate.loader.plan.build.internal.spaces.QuerySpacesImpl - Adding QuerySpace : uid = &lt;gen:0&gt; -&gt; org.hibernate.loader.plan.build.internal.spaces.EntityQuerySpaceImpl@5c448433]
17:40:01.667 [main] DEBUG org.hibernate.persister.walking.spi.MetamodelGraphWalker - Visiting attribute path : createdDate
17:40:01.672 [main] DEBUG org.hibernate.persister.walking.spi.MetamodelGraphWalker - Visiting attribute path : message
17:40:01.672 [main] DEBUG org.hibernate.persister.walking.spi.MetamodelGraphWalker - Visiting attribute path : userID
17:40:01.672 [main] DEBUG org.hibernate.loader.plan.build.internal.FetchStyleLoadPlanBuildingAssociationVisitationStrategy - Building LoadPlan...
17:40:01.673 [main] DEBUG org.hibernate.loader.plan.exec.internal.LoadQueryJoinAndFetchProcessor - processing queryspace &lt;gen:0&gt;
17:40:01.674 [main] DEBUG org.hibernate.loader.plan.build.spi.LoadPlanTreePrinter - LoadPlan(entity=com.niit.model.ChatForum)
    - Returns
       - EntityReturnImpl(entity=com.niit.model.ChatForum, querySpaceUid=&lt;gen:0&gt;, path=com.niit.model.ChatForum)
    - QuerySpaces
       - EntityQuerySpaceImpl(uid=&lt;gen:0&gt;, entity=com.niit.model.ChatForum)
          - SQL table alias mapping - chatforum0_
          - alias suffix - 0_
          - suffixed key columns - {id1_9_0_}

17:40:01.674 [main] DEBUG org.hibernate.loader.entity.plan.EntityLoader - Static select for entity com.niit.model.ChatForum [PESSIMISTIC_READ]: select chatforum0_.id as id1_9_0_, chatforum0_.created_date as created_2_9_0_, chatforum0_.message as message3_9_0_, chatforum0_.user_id as user_id4_9_0_ from C_FORUM chatforum0_ where chatforum0_.id=? for update
17:40:01.675 [main] DEBUG org.hibernate.loader.plan.build.internal.spaces.QuerySpacesImpl - Adding QuerySpace : uid = &lt;gen:0&gt; -&gt; org.hibernate.loader.plan.build.internal.spaces.EntityQuerySpaceImpl@1b5c3e5f]
17:40:01.675 [main] DEBUG org.hibernate.persister.walking.spi.MetamodelGraphWalker - Visiting attribute path : createdDate
17:40:01.675 [main] DEBUG org.hibernate.persister.walking.spi.MetamodelGraphWalker - Visiting attribute path : message
17:40:01.675 [main] DEBUG org.hibernate.persister.walking.spi.MetamodelGraphWalker - Visiting attribute path : userID
17:40:01.675 [main] DEBUG org.hibernate.loader.plan.build.internal.FetchStyleLoadPlanBuildingAssociationVisitationStrategy - Building LoadPlan...
17:40:01.675 [main] DEBUG org.hibernate.loader.plan.exec.internal.LoadQueryJoinAndFetchProcessor - processing queryspace &lt;gen:0&gt;
17:40:01.676 [main] DEBUG org.hibernate.loader.plan.build.spi.LoadPlanTreePrinter - LoadPlan(entity=com.niit.model.ChatForum)
    - Returns
       - EntityReturnImpl(entity=com.niit.model.ChatForum, querySpaceUid=&lt;gen:0&gt;, path=com.niit.model.ChatForum)
    - QuerySpaces
       - EntityQuerySpaceImpl(uid=&lt;gen:0&gt;, entity=com.niit.model.ChatForum)
          - SQL table alias mapping - chatforum0_
          - alias suffix - 0_
          - suffixed key columns - {id1_9_0_}

17:40:01.676 [main] DEBUG org.hibernate.loader.entity.plan.EntityLoader - Static select for entity com.niit.model.ChatForum [PESSIMISTIC_WRITE]: select chatforum0_.id as id1_9_0_, chatforum0_.created_date as created_2_9_0_, chatforum0_.message as message3_9_0_, chatforum0_.user_id as user_id4_9_0_ from C_FORUM chatforum0_ where chatforum0_.id=? for update
17:40:01.676 [main] DEBUG org.hibernate.loader.plan.build.internal.spaces.QuerySpacesImpl - Adding QuerySpace : uid = &lt;gen:0&gt; -&gt; org.hibernate.loader.plan.build.internal.spaces.EntityQuerySpaceImpl@6b69761b]
17:40:01.677 [main] DEBUG org.hibernate.persister.walking.spi.MetamodelGraphWalker - Visiting attribute path : createdDate
17:40:01.677 [main] DEBUG org.hibernate.persister.walking.spi.MetamodelGraphWalker - Visiting attribute path : message
17:40:01.677 [main] DEBUG org.hibernate.persister.walking.spi.MetamodelGraphWalker - Visiting attribute path : userID
17:40:01.677 [main] DEBUG org.hibernate.loader.plan.build.internal.FetchStyleLoadPlanBuildingAssociationVisitationStrategy - Building LoadPlan...
17:40:01.677 [main] DEBUG org.hibernate.loader.plan.exec.internal.LoadQueryJoinAndFetchProcessor - processing queryspace &lt;gen:0&gt;
17:40:01.678 [main] DEBUG org.hibernate.loader.plan.build.spi.LoadPlanTreePrinter - LoadPlan(entity=com.niit.model.ChatForum)
    - Returns
       - EntityReturnImpl(entity=com.niit.model.ChatForum, querySpaceUid=&lt;gen:0&gt;, path=com.niit.model.ChatForum)
    - QuerySpaces
       - EntityQuerySpaceImpl(uid=&lt;gen:0&gt;, entity=com.niit.model.ChatForum)
          - SQL table alias mapping - chatforum0_
          - alias suffix - 0_
          - suffixed key columns - {id1_9_0_}

17:40:01.678 [main] DEBUG org.hibernate.loader.entity.plan.EntityLoader - Static select for entity com.niit.model.ChatForum [PESSIMISTIC_FORCE_INCREMENT]: select chatforum0_.id as id1_9_0_, chatforum0_.created_date as created_2_9_0_, chatforum0_.message as message3_9_0_, chatforum0_.user_id as user_id4_9_0_ from C_FORUM chatforum0_ where chatforum0_.id=? for update
17:40:01.678 [main] DEBUG org.hibernate.loader.plan.build.internal.spaces.QuerySpacesImpl - Adding QuerySpace : uid = &lt;gen:0&gt; -&gt; org.hibernate.loader.plan.build.internal.spaces.EntityQuerySpaceImpl@26221bad]
17:40:01.678 [main] DEBUG org.hibernate.persister.walking.spi.MetamodelGraphWalker - Visiting attribute path : createdDate
17:40:01.678 [main] DEBUG org.hibernate.persister.walking.spi.MetamodelGraphWalker - Visiting attribute path : message
17:40:01.678 [main] DEBUG org.hibernate.persister.walking.spi.MetamodelGraphWalker - Visiting attribute path : userID
17:40:01.679 [main] DEBUG org.hibernate.loader.plan.build.internal.FetchStyleLoadPlanBuildingAssociationVisitationStrategy - Building LoadPlan...
17:40:01.679 [main] DEBUG org.hibernate.loader.plan.exec.internal.LoadQueryJoinAndFetchProcessor - processing queryspace &lt;gen:0&gt;
17:40:01.679 [main] DEBUG org.hibernate.loader.plan.build.spi.LoadPlanTreePrinter - LoadPlan(entity=com.niit.model.ChatForum)
    - Returns
       - EntityReturnImpl(entity=com.niit.model.ChatForum, querySpaceUid=&lt;gen:0&gt;, path=com.niit.model.ChatForum)
    - QuerySpaces
       - EntityQuerySpaceImpl(uid=&lt;gen:0&gt;, entity=com.niit.model.ChatForum)
          - SQL table alias mapping - chatforum0_
          - alias suffix - 0_
          - suffixed key columns - {id1_9_0_}

17:40:01.680 [main] DEBUG org.hibernate.loader.entity.plan.EntityLoader - Static select for entity com.niit.model.ChatForum [OPTIMISTIC]: select chatforum0_.id as id1_9_0_, chatforum0_.created_date as created_2_9_0_, chatforum0_.message as message3_9_0_, chatforum0_.user_id as user_id4_9_0_ from C_FORUM chatforum0_ where chatforum0_.id=?
17:40:01.680 [main] DEBUG org.hibernate.loader.plan.build.internal.spaces.QuerySpacesImpl - Adding QuerySpace : uid = &lt;gen:0&gt; -&gt; org.hibernate.loader.plan.build.internal.spaces.EntityQuerySpaceImpl@35f639fa]
17:40:01.680 [main] DEBUG org.hibernate.persister.walking.spi.MetamodelGraphWalker - Visiting attribute path : createdDate
17:40:01.680 [main] DEBUG org.hibernate.persister.walking.spi.MetamodelGraphWalker - Visiting attribute path : message
17:40:01.680 [main] DEBUG org.hibernate.persister.walking.spi.MetamodelGraphWalker - Visiting attribute path : userID
17:40:01.680 [main] DEBUG org.hibernate.loader.plan.build.internal.FetchStyleLoadPlanBuildingAssociationVisitationStrategy - Building LoadPlan...
17:40:01.681 [main] DEBUG org.hibernate.loader.plan.exec.internal.LoadQueryJoinAndFetchProcessor - processing queryspace &lt;gen:0&gt;
17:40:01.681 [main] DEBUG org.hibernate.loader.plan.build.spi.LoadPlanTreePrinter - LoadPlan(entity=com.niit.model.ChatForum)
    - Returns
       - EntityReturnImpl(entity=com.niit.model.ChatForum, querySpaceUid=&lt;gen:0&gt;, path=com.niit.model.ChatForum)
    - QuerySpaces
       - EntityQuerySpaceImpl(uid=&lt;gen:0&gt;, entity=com.niit.model.ChatForum)
          - SQL table alias mapping - chatforum0_
          - alias suffix - 0_
          - suffixed key columns - {id1_9_0_}

17:40:01.681 [main] DEBUG org.hibernate.loader.entity.plan.EntityLoader - Static select for entity com.niit.model.ChatForum [OPTIMISTIC_FORCE_INCREMENT]: select chatforum0_.id as id1_9_0_, chatforum0_.created_date as created_2_9_0_, chatforum0_.message as message3_9_0_, chatforum0_.user_id as user_id4_9_0_ from C_FORUM chatforum0_ where chatforum0_.id=?
17:40:01.681 [main] DEBUG org.hibernate.loader.Loader - Static select for action ACTION_MERGE on entity com.niit.model.ChatForum: select chatforum0_.id as id1_9_0_, chatforum0_.created_date as created_2_9_0_, chatforum0_.message as message3_9_0_, chatforum0_.user_id as user_id4_9_0_ from C_FORUM chatforum0_ where chatforum0_.id=?
17:40:01.682 [main] DEBUG org.hibernate.loader.Loader - Static select for action ACTION_REFRESH on entity com.niit.model.ChatForum: select chatforum0_.id as id1_9_0_, chatforum0_.created_date as created_2_9_0_, chatforum0_.message as message3_9_0_, chatforum0_.user_id as user_id4_9_0_ from C_FORUM chatforum0_ where chatforum0_.id=?
17:40:01.682 [main] DEBUG org.hibernate.persister.entity.AbstractEntityPersister - Static SQL for entity: com.niit.model.Friend
17:40:01.683 [main] DEBUG org.hibernate.persister.entity.AbstractEntityPersister -  Version select: select tableId from CFriend where tableId =?
17:40:01.683 [main] DEBUG org.hibernate.persister.entity.AbstractEntityPersister -  Snapshot select: select friend_.tableId, friend_.friendId as friendId2_4_, friend_.isOnline as isOnline3_4_, friend_.status as status4_4_, friend_.userId as userId5_4_ from CFriend friend_ where friend_.tableId=?
17:40:01.683 [main] DEBUG org.hibernate.persister.entity.AbstractEntityPersister -  Insert 0: insert into CFriend (friendId, isOnline, status, userId, tableId) values (?, ?, ?, ?, ?)
17:40:01.683 [main] DEBUG org.hibernate.persister.entity.AbstractEntityPersister -  Update 0: update CFriend set friendId=?, isOnline=?, status=?, userId=? where tableId=?
17:40:01.683 [main] DEBUG org.hibernate.persister.entity.AbstractEntityPersister -  Delete 0: delete from CFriend where tableId=?
17:40:01.683 [main] DEBUG org.hibernate.loader.plan.build.internal.spaces.QuerySpacesImpl - Adding QuerySpace : uid = &lt;gen:0&gt; -&gt; org.hibernate.loader.plan.build.internal.spaces.EntityQuerySpaceImpl@6c6333cd]
17:40:01.683 [main] DEBUG org.hibernate.persister.walking.spi.MetamodelGraphWalker - Visiting attribute path : friendId
17:40:01.683 [main] DEBUG org.hibernate.persister.walking.spi.MetamodelGraphWalker - Visiting attribute path : isOnline
17:40:01.684 [main] DEBUG org.hibernate.persister.walking.spi.MetamodelGraphWalker - Visiting attribute path : status
17:40:01.684 [main] DEBUG org.hibernate.persister.walking.spi.MetamodelGraphWalker - Visiting attribute path : userId
17:40:01.684 [main] DEBUG org.hibernate.loader.plan.build.internal.FetchStyleLoadPlanBuildingAssociationVisitationStrategy - Building LoadPlan...
17:40:01.684 [main] DEBUG org.hibernate.loader.plan.exec.internal.LoadQueryJoinAndFetchProcessor - processing queryspace &lt;gen:0&gt;
17:40:01.685 [main] DEBUG org.hibernate.loader.plan.build.spi.LoadPlanTreePrinter - LoadPlan(entity=com.niit.model.Friend)
    - Returns
       - EntityReturnImpl(entity=com.niit.model.Friend, querySpaceUid=&lt;gen:0&gt;, path=com.niit.model.Friend)
    - QuerySpaces
       - EntityQuerySpaceImpl(uid=&lt;gen:0&gt;, entity=com.niit.model.Friend)
          - SQL table alias mapping - friend0_
          - alias suffix - 0_
          - suffixed key columns - {tableId1_4_0_}

17:40:01.686 [main] DEBUG org.hibernate.loader.entity.plan.EntityLoader - Static select for entity com.niit.model.Friend [NONE]: select friend0_.tableId as tableId1_4_0_, friend0_.friendId as friendId2_4_0_, friend0_.isOnline as isOnline3_4_0_, friend0_.status as status4_4_0_, friend0_.userId as userId5_4_0_ from CFriend friend0_ where friend0_.tableId=?
17:40:01.686 [main] DEBUG org.hibernate.loader.plan.build.internal.spaces.QuerySpacesImpl - Adding QuerySpace : uid = &lt;gen:0&gt; -&gt; org.hibernate.loader.plan.build.internal.spaces.EntityQuerySpaceImpl@7d9ba6c]
17:40:01.687 [main] DEBUG org.hibernate.persister.walking.spi.MetamodelGraphWalker - Visiting attribute path : friendId
17:40:01.687 [main] DEBUG org.hibernate.persister.walking.spi.MetamodelGraphWalker - Visiting attribute path : isOnline
17:40:01.687 [main] DEBUG org.hibernate.persister.walking.spi.MetamodelGraphWalker - Visiting attribute path : status
17:40:01.687 [main] DEBUG org.hibernate.persister.walking.spi.MetamodelGraphWalker - Visiting attribute path : userId
17:40:01.687 [main] DEBUG org.hibernate.loader.plan.build.internal.FetchStyleLoadPlanBuildingAssociationVisitationStrategy - Building LoadPlan...
17:40:01.687 [main] DEBUG org.hibernate.loader.plan.exec.internal.LoadQueryJoinAndFetchProcessor - processing queryspace &lt;gen:0&gt;
17:40:01.688 [main] DEBUG org.hibernate.loader.plan.build.spi.LoadPlanTreePrinter - LoadPlan(entity=com.niit.model.Friend)
    - Returns
       - EntityReturnImpl(entity=com.niit.model.Friend, querySpaceUid=&lt;gen:0&gt;, path=com.niit.model.Friend)
    - QuerySpaces
       - EntityQuerySpaceImpl(uid=&lt;gen:0&gt;, entity=com.niit.model.Friend)
          - SQL table alias mapping - friend0_
          - alias suffix - 0_
          - suffixed key columns - {tableId1_4_0_}

17:40:01.688 [main] DEBUG org.hibernate.loader.entity.plan.EntityLoader - Static select for entity com.niit.model.Friend [READ]: select friend0_.tableId as tableId1_4_0_, friend0_.friendId as friendId2_4_0_, friend0_.isOnline as isOnline3_4_0_, friend0_.status as status4_4_0_, friend0_.userId as userId5_4_0_ from CFriend friend0_ where friend0_.tableId=?
17:40:01.696 [main] DEBUG org.hibernate.loader.plan.build.internal.spaces.QuerySpacesImpl - Adding QuerySpace : uid = &lt;gen:0&gt; -&gt; org.hibernate.loader.plan.build.internal.spaces.EntityQuerySpaceImpl@7dd611c8]
17:40:01.696 [main] DEBUG org.hibernate.persister.walking.spi.MetamodelGraphWalker - Visiting attribute path : friendId
17:40:01.697 [main] DEBUG org.hibernate.persister.walking.spi.MetamodelGraphWalker - Visiting attribute path : isOnline
17:40:01.697 [main] DEBUG org.hibernate.persister.walking.spi.MetamodelGraphWalker - Visiting attribute path : status
17:40:01.697 [main] DEBUG org.hibernate.persister.walking.spi.MetamodelGraphWalker - Visiting attribute path : userId
17:40:01.697 [main] DEBUG org.hibernate.loader.plan.build.internal.FetchStyleLoadPlanBuildingAssociationVisitationStrategy - Building LoadPlan...
17:40:01.697 [main] DEBUG org.hibernate.loader.plan.exec.internal.LoadQueryJoinAndFetchProcessor - processing queryspace &lt;gen:0&gt;
17:40:01.698 [main] DEBUG org.hibernate.loader.plan.build.spi.LoadPlanTreePrinter - LoadPlan(entity=com.niit.model.Friend)
    - Returns
       - EntityReturnImpl(entity=com.niit.model.Friend, querySpaceUid=&lt;gen:0&gt;, path=com.niit.model.Friend)
    - QuerySpaces
       - EntityQuerySpaceImpl(uid=&lt;gen:0&gt;, entity=com.niit.model.Friend)
          - SQL table alias mapping - friend0_
          - alias suffix - 0_
          - suffixed key columns - {tableId1_4_0_}

17:40:01.698 [main] DEBUG org.hibernate.loader.entity.plan.EntityLoader - Static select for entity com.niit.model.Friend [UPGRADE]: select friend0_.tableId as tableId1_4_0_, friend0_.friendId as friendId2_4_0_, friend0_.isOnline as isOnline3_4_0_, friend0_.status as status4_4_0_, friend0_.userId as userId5_4_0_ from CFriend friend0_ where friend0_.tableId=? for update
17:40:01.698 [main] DEBUG org.hibernate.loader.plan.build.internal.spaces.QuerySpacesImpl - Adding QuerySpace : uid = &lt;gen:0&gt; -&gt; org.hibernate.loader.plan.build.internal.spaces.EntityQuerySpaceImpl@1702830d]
17:40:01.699 [main] DEBUG org.hibernate.persister.walking.spi.MetamodelGraphWalker - Visiting attribute path : friendId
17:40:01.699 [main] DEBUG org.hibernate.persister.walking.spi.MetamodelGraphWalker - Visiting attribute path : isOnline
17:40:01.699 [main] DEBUG org.hibernate.persister.walking.spi.MetamodelGraphWalker - Visiting attribute path : status
17:40:01.699 [main] DEBUG org.hibernate.persister.walking.spi.MetamodelGraphWalker - Visiting attribute path : userId
17:40:01.699 [main] DEBUG org.hibernate.loader.plan.build.internal.FetchStyleLoadPlanBuildingAssociationVisitationStrategy - Building LoadPlan...
17:40:01.699 [main] DEBUG org.hibernate.loader.plan.exec.internal.LoadQueryJoinAndFetchProcessor - processing queryspace &lt;gen:0&gt;
17:40:01.700 [main] DEBUG org.hibernate.loader.plan.build.spi.LoadPlanTreePrinter - LoadPlan(entity=com.niit.model.Friend)
    - Returns
       - EntityReturnImpl(entity=com.niit.model.Friend, querySpaceUid=&lt;gen:0&gt;, path=com.niit.model.Friend)
    - QuerySpaces
       - EntityQuerySpaceImpl(uid=&lt;gen:0&gt;, entity=com.niit.model.Friend)
          - SQL table alias mapping - friend0_
          - alias suffix - 0_
          - suffixed key columns - {tableId1_4_0_}

17:40:01.700 [main] DEBUG org.hibernate.loader.entity.plan.EntityLoader - Static select for entity com.niit.model.Friend [UPGRADE_NOWAIT]: select friend0_.tableId as tableId1_4_0_, friend0_.friendId as friendId2_4_0_, friend0_.isOnline as isOnline3_4_0_, friend0_.status as status4_4_0_, friend0_.userId as userId5_4_0_ from CFriend friend0_ where friend0_.tableId=? for update
17:40:01.700 [main] DEBUG org.hibernate.loader.plan.build.internal.spaces.QuerySpacesImpl - Adding QuerySpace : uid = &lt;gen:0&gt; -&gt; org.hibernate.loader.plan.build.internal.spaces.EntityQuerySpaceImpl@278667fd]
17:40:01.700 [main] DEBUG org.hibernate.persister.walking.spi.MetamodelGraphWalker - Visiting attribute path : friendId
17:40:01.700 [main] DEBUG org.hibernate.persister.walking.spi.MetamodelGraphWalker - Visiting attribute path : isOnline
17:40:01.700 [main] DEBUG org.hibernate.persister.walking.spi.MetamodelGraphWalker - Visiting attribute path : status
17:40:01.700 [main] DEBUG org.hibernate.persister.walking.spi.MetamodelGraphWalker - Visiting attribute path : userId
17:40:01.700 [main] DEBUG org.hibernate.loader.plan.build.internal.FetchStyleLoadPlanBuildingAssociationVisitationStrategy - Building LoadPlan...
17:40:01.700 [main] DEBUG org.hibernate.loader.plan.exec.internal.LoadQueryJoinAndFetchProcessor - processing queryspace &lt;gen:0&gt;
17:40:01.701 [main] DEBUG org.hibernate.loader.plan.build.spi.LoadPlanTreePrinter - LoadPlan(entity=com.niit.model.Friend)
    - Returns
       - EntityReturnImpl(entity=com.niit.model.Friend, querySpaceUid=&lt;gen:0&gt;, path=com.niit.model.Friend)
    - QuerySpaces
       - EntityQuerySpaceImpl(uid=&lt;gen:0&gt;, entity=com.niit.model.Friend)
          - SQL table alias mapping - friend0_
          - alias suffix - 0_
          - suffixed key columns - {tableId1_4_0_}

17:40:01.702 [main] DEBUG org.hibernate.loader.entity.plan.EntityLoader - Static select for entity com.niit.model.Friend [UPGRADE_SKIPLOCKED]: select friend0_.tableId as tableId1_4_0_, friend0_.friendId as friendId2_4_0_, friend0_.isOnline as isOnline3_4_0_, friend0_.status as status4_4_0_, friend0_.userId as userId5_4_0_ from CFriend friend0_ where friend0_.tableId=? for update
17:40:01.702 [main] DEBUG org.hibernate.loader.plan.build.internal.spaces.QuerySpacesImpl - Adding QuerySpace : uid = &lt;gen:0&gt; -&gt; org.hibernate.loader.plan.build.internal.spaces.EntityQuerySpaceImpl@6b52dd31]
17:40:01.702 [main] DEBUG org.hibernate.persister.walking.spi.MetamodelGraphWalker - Visiting attribute path : friendId
17:40:01.702 [main] DEBUG org.hibernate.persister.walking.spi.MetamodelGraphWalker - Visiting attribute path : isOnline
17:40:01.703 [main] DEBUG org.hibernate.persister.walking.spi.MetamodelGraphWalker - Visiting attribute path : status
17:40:01.703 [main] DEBUG org.hibernate.persister.walking.spi.MetamodelGraphWalker - Visiting attribute path : userId
17:40:01.703 [main] DEBUG org.hibernate.loader.plan.build.internal.FetchStyleLoadPlanBuildingAssociationVisitationStrategy - Building LoadPlan...
17:40:01.704 [main] DEBUG org.hibernate.loader.plan.exec.internal.LoadQueryJoinAndFetchProcessor - processing queryspace &lt;gen:0&gt;
17:40:01.704 [main] DEBUG org.hibernate.loader.plan.build.spi.LoadPlanTreePrinter - LoadPlan(entity=com.niit.model.Friend)
    - Returns
       - EntityReturnImpl(entity=com.niit.model.Friend, querySpaceUid=&lt;gen:0&gt;, path=com.niit.model.Friend)
    - QuerySpaces
       - EntityQuerySpaceImpl(uid=&lt;gen:0&gt;, entity=com.niit.model.Friend)
          - SQL table alias mapping - friend0_
          - alias suffix - 0_
          - suffixed key columns - {tableId1_4_0_}

17:40:01.704 [main] DEBUG org.hibernate.loader.entity.plan.EntityLoader - Static select for entity com.niit.model.Friend [FORCE]: select friend0_.tableId as tableId1_4_0_, friend0_.friendId as friendId2_4_0_, friend0_.isOnline as isOnline3_4_0_, friend0_.status as status4_4_0_, friend0_.userId as userId5_4_0_ from CFriend friend0_ where friend0_.tableId=? for update
17:40:01.704 [main] DEBUG org.hibernate.loader.plan.build.internal.spaces.QuerySpacesImpl - Adding QuerySpace : uid = &lt;gen:0&gt; -&gt; org.hibernate.loader.plan.build.internal.spaces.EntityQuerySpaceImpl@e042c99]
17:40:01.705 [main] DEBUG org.hibernate.persister.walking.spi.MetamodelGraphWalker - Visiting attribute path : friendId
17:40:01.705 [main] DEBUG org.hibernate.persister.walking.spi.MetamodelGraphWalker - Visiting attribute path : isOnline
17:40:01.705 [main] DEBUG org.hibernate.persister.walking.spi.MetamodelGraphWalker - Visiting attribute path : status
17:40:01.705 [main] DEBUG org.hibernate.persister.walking.spi.MetamodelGraphWalker - Visiting attribute path : userId
17:40:01.705 [main] DEBUG org.hibernate.loader.plan.build.internal.FetchStyleLoadPlanBuildingAssociationVisitationStrategy - Building LoadPlan...
17:40:01.719 [main] DEBUG org.hibernate.loader.plan.exec.internal.LoadQueryJoinAndFetchProcessor - processing queryspace &lt;gen:0&gt;
17:40:01.720 [main] DEBUG org.hibernate.loader.plan.build.spi.LoadPlanTreePrinter - LoadPlan(entity=com.niit.model.Friend)
    - Returns
       - EntityReturnImpl(entity=com.niit.model.Friend, querySpaceUid=&lt;gen:0&gt;, path=com.niit.model.Friend)
    - QuerySpaces
       - EntityQuerySpaceImpl(uid=&lt;gen:0&gt;, entity=com.niit.model.Friend)
          - SQL table alias mapping - friend0_
          - alias suffix - 0_
          - suffixed key columns - {tableId1_4_0_}

17:40:01.720 [main] DEBUG org.hibernate.loader.entity.plan.EntityLoader - Static select for entity com.niit.model.Friend [PESSIMISTIC_READ]: select friend0_.tableId as tableId1_4_0_, friend0_.friendId as friendId2_4_0_, friend0_.isOnline as isOnline3_4_0_, friend0_.status as status4_4_0_, friend0_.userId as userId5_4_0_ from CFriend friend0_ where friend0_.tableId=? for update
17:40:01.720 [main] DEBUG org.hibernate.loader.plan.build.internal.spaces.QuerySpacesImpl - Adding QuerySpace : uid = &lt;gen:0&gt; -&gt; org.hibernate.loader.plan.build.internal.spaces.EntityQuerySpaceImpl@42b6d0cc]
17:40:01.721 [main] DEBUG org.hibernate.persister.walking.spi.MetamodelGraphWalker - Visiting attribute path : friendId
17:40:01.721 [main] DEBUG org.hibernate.persister.walking.spi.MetamodelGraphWalker - Visiting attribute path : isOnline
17:40:01.721 [main] DEBUG org.hibernate.persister.walking.spi.MetamodelGraphWalker - Visiting attribute path : status
17:40:01.721 [main] DEBUG org.hibernate.persister.walking.spi.MetamodelGraphWalker - Visiting attribute path : userId
17:40:01.721 [main] DEBUG org.hibernate.loader.plan.build.internal.FetchStyleLoadPlanBuildingAssociationVisitationStrategy - Building LoadPlan...
17:40:01.722 [main] DEBUG org.hibernate.loader.plan.exec.internal.LoadQueryJoinAndFetchProcessor - processing queryspace &lt;gen:0&gt;
17:40:01.722 [main] DEBUG org.hibernate.loader.plan.build.spi.LoadPlanTreePrinter - LoadPlan(entity=com.niit.model.Friend)
    - Returns
       - EntityReturnImpl(entity=com.niit.model.Friend, querySpaceUid=&lt;gen:0&gt;, path=com.niit.model.Friend)
    - QuerySpaces
       - EntityQuerySpaceImpl(uid=&lt;gen:0&gt;, entity=com.niit.model.Friend)
          - SQL table alias mapping - friend0_
          - alias suffix - 0_
          - suffixed key columns - {tableId1_4_0_}

17:40:01.722 [main] DEBUG org.hibernate.loader.entity.plan.EntityLoader - Static select for entity com.niit.model.Friend [PESSIMISTIC_WRITE]: select friend0_.tableId as tableId1_4_0_, friend0_.friendId as friendId2_4_0_, friend0_.isOnline as isOnline3_4_0_, friend0_.status as status4_4_0_, friend0_.userId as userId5_4_0_ from CFriend friend0_ where friend0_.tableId=? for update
17:40:01.722 [main] DEBUG org.hibernate.loader.plan.build.internal.spaces.QuerySpacesImpl - Adding QuerySpace : uid = &lt;gen:0&gt; -&gt; org.hibernate.loader.plan.build.internal.spaces.EntityQuerySpaceImpl@3f4f5330]
17:40:01.723 [main] DEBUG org.hibernate.persister.walking.spi.MetamodelGraphWalker - Visiting attribute path : friendId
17:40:01.723 [main] DEBUG org.hibernate.persister.walking.spi.MetamodelGraphWalker - Visiting attribute path : isOnline
17:40:01.723 [main] DEBUG org.hibernate.persister.walking.spi.MetamodelGraphWalker - Visiting attribute path : status
17:40:01.723 [main] DEBUG org.hibernate.persister.walking.spi.MetamodelGraphWalker - Visiting attribute path : userId
17:40:01.723 [main] DEBUG org.hibernate.loader.plan.build.internal.FetchStyleLoadPlanBuildingAssociationVisitationStrategy - Building LoadPlan...
17:40:01.724 [main] DEBUG org.hibernate.loader.plan.exec.internal.LoadQueryJoinAndFetchProcessor - processing queryspace &lt;gen:0&gt;
17:40:01.725 [main] DEBUG org.hibernate.loader.plan.build.spi.LoadPlanTreePrinter - LoadPlan(entity=com.niit.model.Friend)
    - Returns
       - EntityReturnImpl(entity=com.niit.model.Friend, querySpaceUid=&lt;gen:0&gt;, path=com.niit.model.Friend)
    - QuerySpaces
       - EntityQuerySpaceImpl(uid=&lt;gen:0&gt;, entity=com.niit.model.Friend)
          - SQL table alias mapping - friend0_
          - alias suffix - 0_
          - suffixed key columns - {tableId1_4_0_}

17:40:01.725 [main] DEBUG org.hibernate.loader.entity.plan.EntityLoader - Static select for entity com.niit.model.Friend [PESSIMISTIC_FORCE_INCREMENT]: select friend0_.tableId as tableId1_4_0_, friend0_.friendId as friendId2_4_0_, friend0_.isOnline as isOnline3_4_0_, friend0_.status as status4_4_0_, friend0_.userId as userId5_4_0_ from CFriend friend0_ where friend0_.tableId=? for update
17:40:01.726 [main] DEBUG org.hibernate.loader.plan.build.internal.spaces.QuerySpacesImpl - Adding QuerySpace : uid = &lt;gen:0&gt; -&gt; org.hibernate.loader.plan.build.internal.spaces.EntityQuerySpaceImpl@750ff7d3]
17:40:01.726 [main] DEBUG org.hibernate.persister.walking.spi.MetamodelGraphWalker - Visiting attribute path : friendId
17:40:01.726 [main] DEBUG org.hibernate.persister.walking.spi.MetamodelGraphWalker - Visiting attribute path : isOnline
17:40:01.726 [main] DEBUG org.hibernate.persister.walking.spi.MetamodelGraphWalker - Visiting attribute path : status
17:40:01.726 [main] DEBUG org.hibernate.persister.walking.spi.MetamodelGraphWalker - Visiting attribute path : userId
17:40:01.726 [main] DEBUG org.hibernate.loader.plan.build.internal.FetchStyleLoadPlanBuildingAssociationVisitationStrategy - Building LoadPlan...
17:40:01.726 [main] DEBUG org.hibernate.loader.plan.exec.internal.LoadQueryJoinAndFetchProcessor - processing queryspace &lt;gen:0&gt;
17:40:01.726 [main] DEBUG org.hibernate.loader.plan.build.spi.LoadPlanTreePrinter - LoadPlan(entity=com.niit.model.Friend)
    - Returns
       - EntityReturnImpl(entity=com.niit.model.Friend, querySpaceUid=&lt;gen:0&gt;, path=com.niit.model.Friend)
    - QuerySpaces
       - EntityQuerySpaceImpl(uid=&lt;gen:0&gt;, entity=com.niit.model.Friend)
          - SQL table alias mapping - friend0_
          - alias suffix - 0_
          - suffixed key columns - {tableId1_4_0_}

17:40:01.738 [main] DEBUG org.hibernate.loader.entity.plan.EntityLoader - Static select for entity com.niit.model.Friend [OPTIMISTIC]: select friend0_.tableId as tableId1_4_0_, friend0_.friendId as friendId2_4_0_, friend0_.isOnline as isOnline3_4_0_, friend0_.status as status4_4_0_, friend0_.userId as userId5_4_0_ from CFriend friend0_ where friend0_.tableId=?
17:40:01.739 [main] DEBUG org.hibernate.loader.plan.build.internal.spaces.QuerySpacesImpl - Adding QuerySpace : uid = &lt;gen:0&gt; -&gt; org.hibernate.loader.plan.build.internal.spaces.EntityQuerySpaceImpl@2620e717]
17:40:01.739 [main] DEBUG org.hibernate.persister.walking.spi.MetamodelGraphWalker - Visiting attribute path : friendId
17:40:01.739 [main] DEBUG org.hibernate.persister.walking.spi.MetamodelGraphWalker - Visiting attribute path : isOnline
17:40:01.739 [main] DEBUG org.hibernate.persister.walking.spi.MetamodelGraphWalker - Visiting attribute path : status
17:40:01.739 [main] DEBUG org.hibernate.persister.walking.spi.MetamodelGraphWalker - Visiting attribute path : userId
17:40:01.740 [main] DEBUG org.hibernate.loader.plan.build.internal.FetchStyleLoadPlanBuildingAssociationVisitationStrategy - Building LoadPlan...
17:40:01.740 [main] DEBUG org.hibernate.loader.plan.exec.internal.LoadQueryJoinAndFetchProcessor - processing queryspace &lt;gen:0&gt;
17:40:01.740 [main] DEBUG org.hibernate.loader.plan.build.spi.LoadPlanTreePrinter - LoadPlan(entity=com.niit.model.Friend)
    - Returns
       - EntityReturnImpl(entity=com.niit.model.Friend, querySpaceUid=&lt;gen:0&gt;, path=com.niit.model.Friend)
    - QuerySpaces
       - EntityQuerySpaceImpl(uid=&lt;gen:0&gt;, entity=com.niit.model.Friend)
          - SQL table alias mapping - friend0_
          - alias suffix - 0_
          - suffixed key columns - {tableId1_4_0_}

17:40:01.740 [main] DEBUG org.hibernate.loader.entity.plan.EntityLoader - Static select for entity com.niit.model.Friend [OPTIMISTIC_FORCE_INCREMENT]: select friend0_.tableId as tableId1_4_0_, friend0_.friendId as friendId2_4_0_, friend0_.isOnline as isOnline3_4_0_, friend0_.status as status4_4_0_, friend0_.userId as userId5_4_0_ from CFriend friend0_ where friend0_.tableId=?
17:40:01.741 [main] DEBUG org.hibernate.loader.Loader - Static select for action ACTION_MERGE on entity com.niit.model.Friend: select friend0_.tableId as tableId1_4_0_, friend0_.friendId as friendId2_4_0_, friend0_.isOnline as isOnline3_4_0_, friend0_.status as status4_4_0_, friend0_.userId as userId5_4_0_ from CFriend friend0_ where friend0_.tableId=?
17:40:01.741 [main] DEBUG org.hibernate.loader.Loader - Static select for action ACTION_REFRESH on entity com.niit.model.Friend: select friend0_.tableId as tableId1_4_0_, friend0_.friendId as friendId2_4_0_, friend0_.isOnline as isOnline3_4_0_, friend0_.status as status4_4_0_, friend0_.userId as userId5_4_0_ from CFriend friend0_ where friend0_.tableId=?
17:40:01.741 [main] DEBUG org.hibernate.internal.SessionFactoryRegistry - Registering SessionFactory: cf3460b3-d9cb-4a1f-85ee-cb8022c60987 (&lt;unnamed&gt;)
17:40:01.741 [main] DEBUG org.hibernate.internal.SessionFactoryRegistry - Not binding SessionFactory to JNDI, no JNDI name configured
17:40:01.742 [main] DEBUG org.hibernate.internal.SessionFactoryImpl - Instantiated session factory
17:40:01.742 [main] INFO org.hibernate.tool.hbm2ddl.SchemaUpdate - HHH000228: Running hbm2ddl schema update
17:40:01.742 [main] INFO org.hibernate.tool.hbm2ddl.SchemaUpdate - HHH000102: Fetching database metadata
17:40:01.752 [main] INFO org.hibernate.tool.hbm2ddl.SchemaUpdate - HHH000396: Updating schema
17:40:01.752 [main] DEBUG org.hibernate.cfg.Configuration - Processing hbm.xml files
17:40:01.752 [main] DEBUG org.hibernate.cfg.Configuration - Process annotated classes
17:40:01.752 [main] DEBUG org.hibernate.cfg.Configuration - Processing fk mappings (*ToOne and JoinedSubclass)
17:40:01.752 [main] DEBUG org.hibernate.cfg.Configuration - Processing extends queue
17:40:01.752 [main] DEBUG org.hibernate.cfg.Configuration - Processing extends queue
17:40:01.752 [main] DEBUG org.hibernate.cfg.Configuration - Processing collection mappings
17:40:01.752 [main] DEBUG org.hibernate.cfg.Configuration - Processing native query and ResultSetMapping mappings
17:40:01.752 [main] DEBUG org.hibernate.cfg.Configuration - Processing association property references
17:40:01.753 [main] DEBUG org.hibernate.cfg.Configuration - Creating tables&apos; unique integer identifiers
17:40:01.753 [main] DEBUG org.hibernate.cfg.Configuration - Processing foreign key constraints
17:40:01.759 [main] INFO org.hibernate.tool.hbm2ddl.TableMetadata - HHH000261: Table found: COLLABORATION.PUBLIC.CBLOG
17:40:01.759 [main] INFO org.hibernate.tool.hbm2ddl.TableMetadata - HHH000037: Columns: [blogname, blogcontent, createdate, blogid, userid, remarks, likes, status]
17:40:01.760 [main] INFO org.hibernate.tool.hbm2ddl.TableMetadata - HHH000108: Foreign keys: []
17:40:01.760 [main] INFO org.hibernate.tool.hbm2ddl.TableMetadata - HHH000126: Indexes: [primary_key_3]
17:40:01.764 [main] INFO org.hibernate.tool.hbm2ddl.TableMetadata - HHH000261: Table found: COLLABORATION.PUBLIC.CBLOGCOMMENT
17:40:01.764 [main] INFO org.hibernate.tool.hbm2ddl.TableMetadata - HHH000037: Columns: [commentdate, blogcommentid, blogid, userid, blogcomment, username]
17:40:01.764 [main] INFO org.hibernate.tool.hbm2ddl.TableMetadata - HHH000108: Foreign keys: []
17:40:01.764 [main] INFO org.hibernate.tool.hbm2ddl.TableMetadata - HHH000126: Indexes: [primary_key_e]
17:40:01.771 [main] INFO org.hibernate.tool.hbm2ddl.TableMetadata - HHH000261: Table found: COLLABORATION.PUBLIC.CFORUM
17:40:01.771 [main] INFO org.hibernate.tool.hbm2ddl.TableMetadata - HHH000037: Columns: [createdate, forumcontent, forumname, userid, forumid, remarks, status]
17:40:01.771 [main] INFO org.hibernate.tool.hbm2ddl.TableMetadata - HHH000108: Foreign keys: []
17:40:01.772 [main] INFO org.hibernate.tool.hbm2ddl.TableMetadata - HHH000126: Indexes: [primary_key_7]
17:40:01.777 [main] INFO org.hibernate.tool.hbm2ddl.TableMetadata - HHH000261: Table found: COLLABORATION.PUBLIC.CFORUMCOMMENT
17:40:01.777 [main] INFO org.hibernate.tool.hbm2ddl.TableMetadata - HHH000037: Columns: [forumcommentid, commentdate, forumcomment, userid, forumid, username]
17:40:01.777 [main] INFO org.hibernate.tool.hbm2ddl.TableMetadata - HHH000108: Foreign keys: []
17:40:01.777 [main] INFO org.hibernate.tool.hbm2ddl.TableMetadata - HHH000126: Indexes: [primary_key_9]
17:40:01.782 [main] INFO org.hibernate.tool.hbm2ddl.TableMetadata - HHH000261: Table found: COLLABORATION.PUBLIC.CFRIEND
17:40:01.782 [main] INFO org.hibernate.tool.hbm2ddl.TableMetadata - HHH000037: Columns: [friendid, tableid, userid, isonline, status]
17:40:01.782 [main] INFO org.hibernate.tool.hbm2ddl.TableMetadata - HHH000108: Foreign keys: []
17:40:01.782 [main] INFO org.hibernate.tool.hbm2ddl.TableMetadata - HHH000126: Indexes: [primary_key_5]
17:40:01.786 [main] INFO org.hibernate.tool.hbm2ddl.TableMetadata - HHH000261: Table found: COLLABORATION.PUBLIC.CJOB
17:40:01.786 [main] INFO org.hibernate.tool.hbm2ddl.TableMetadata - HHH000037: Columns: [jobid, jobdescription, jobtitle, jobstatus, createdate, jobqualification]
17:40:01.787 [main] INFO org.hibernate.tool.hbm2ddl.TableMetadata - HHH000108: Foreign keys: []
17:40:01.787 [main] INFO org.hibernate.tool.hbm2ddl.TableMetadata - HHH000126: Indexes: [primary_key_1]
17:40:01.795 [main] INFO org.hibernate.tool.hbm2ddl.TableMetadata - HHH000261: Table found: COLLABORATION.PUBLIC.CJOBAPPLIED
17:40:01.795 [main] INFO org.hibernate.tool.hbm2ddl.TableMetadata - HHH000037: Columns: [jobid, dateapplied, jobappliedid, userid, remarks, status]
17:40:01.795 [main] INFO org.hibernate.tool.hbm2ddl.TableMetadata - HHH000108: Foreign keys: []
17:40:01.795 [main] INFO org.hibernate.tool.hbm2ddl.TableMetadata - HHH000126: Indexes: [primary_key_19]
17:40:01.803 [main] INFO org.hibernate.tool.hbm2ddl.TableMetadata - HHH000261: Table found: COLLABORATION.PUBLIC.CPROFILEPIC
17:40:01.803 [main] INFO org.hibernate.tool.hbm2ddl.TableMetadata - HHH000037: Columns: [filename, filedata, profilepicsid, userid]
17:40:01.803 [main] INFO org.hibernate.tool.hbm2ddl.TableMetadata - HHH000108: Foreign keys: []
17:40:01.804 [main] INFO org.hibernate.tool.hbm2ddl.TableMetadata - HHH000126: Indexes: [primary_key_d]
17:40:01.810 [main] INFO org.hibernate.tool.hbm2ddl.TableMetadata - HHH000261: Table found: COLLABORATION.PUBLIC.CUSER
17:40:01.810 [main] INFO org.hibernate.tool.hbm2ddl.TableMetadata - HHH000037: Columns: [firstname, password, role, userid, email, remarks, isonline, lastname, status]
17:40:01.810 [main] INFO org.hibernate.tool.hbm2ddl.TableMetadata - HHH000108: Foreign keys: []
17:40:01.810 [main] INFO org.hibernate.tool.hbm2ddl.TableMetadata - HHH000126: Indexes: [primary_key_3d]
17:40:01.816 [main] INFO org.hibernate.tool.hbm2ddl.TableMetadata - HHH000261: Table found: COLLABORATION.PUBLIC.C_FORUM
17:40:01.816 [main] INFO org.hibernate.tool.hbm2ddl.TableMetadata - HHH000037: Columns: [user_id, id, created_date, message]
17:40:01.816 [main] INFO org.hibernate.tool.hbm2ddl.TableMetadata - HHH000108: Foreign keys: []
17:40:01.816 [main] INFO org.hibernate.tool.hbm2ddl.TableMetadata - HHH000126: Indexes: [primary_key_7e]
17:40:01.816 [main] DEBUG org.hibernate.id.factory.internal.DefaultIdentifierGeneratorFactory - Setting dialect [org.hibernate.dialect.H2Dialect]
17:40:01.817 [main] DEBUG org.hibernate.id.factory.internal.DefaultIdentifierGeneratorFactory - Setting dialect [org.hibernate.dialect.H2Dialect]
17:40:01.817 [main] DEBUG org.hibernate.id.factory.internal.DefaultIdentifierGeneratorFactory - Setting dialect [org.hibernate.dialect.H2Dialect]
17:40:01.817 [main] DEBUG org.hibernate.id.factory.internal.DefaultIdentifierGeneratorFactory - Setting dialect [org.hibernate.dialect.H2Dialect]
17:40:01.817 [main] DEBUG org.hibernate.id.factory.internal.DefaultIdentifierGeneratorFactory - Setting dialect [org.hibernate.dialect.H2Dialect]
17:40:01.817 [main] DEBUG org.hibernate.id.factory.internal.DefaultIdentifierGeneratorFactory - Setting dialect [org.hibernate.dialect.H2Dialect]
17:40:01.817 [main] DEBUG org.hibernate.id.factory.internal.DefaultIdentifierGeneratorFactory - Setting dialect [org.hibernate.dialect.H2Dialect]
17:40:01.817 [main] DEBUG org.hibernate.id.factory.internal.DefaultIdentifierGeneratorFactory - Setting dialect [org.hibernate.dialect.H2Dialect]
17:40:01.817 [main] DEBUG org.hibernate.id.factory.internal.DefaultIdentifierGeneratorFactory - Setting dialect [org.hibernate.dialect.H2Dialect]
17:40:01.817 [main] DEBUG org.hibernate.id.factory.internal.DefaultIdentifierGeneratorFactory - Setting dialect [org.hibernate.dialect.H2Dialect]
17:40:01.817 [main] INFO org.hibernate.tool.hbm2ddl.SchemaUpdate - HHH000232: Schema update complete
17:40:01.819 [main] DEBUG org.hibernate.internal.NamedQueryRepository - Checking 0 named HQL queries
17:40:01.819 [main] DEBUG org.hibernate.internal.NamedQueryRepository - Checking 0 named SQL queries
17:40:01.819 [main] DEBUG org.hibernate.stat.internal.StatisticsInitiator - Statistics initialized [enabled=false]
17:40:01.836 [main] DEBUG org.hibernate.internal.SessionFactoryImpl - HHH000031: Closing
17:40:01.836 [main] DEBUG org.hibernate.boot.registry.internal.BootstrapServiceRegistryImpl - Implicitly destroying Boot-strap registry on de-registration of all child ServiceRegistries
17:40:01.836 [main] DEBUG org.hibernate.service.internal.AbstractServiceRegistryImpl - Implicitly destroying ServiceRegistry on de-registration of all child ServiceRegistries
</system-out>
    <system-err>Nov 26, 2017 5:40:00 PM org.springframework.context.annotation.AnnotationConfigApplicationContext prepareRefresh
INFO: Refreshing org.springframework.context.annotation.AnnotationConfigApplicationContext@62566842: startup date [Sun Nov 26 17:40:00 IST 2017]; root of context hierarchy
Nov 26, 2017 5:40:01 PM org.springframework.beans.factory.annotation.AutowiredAnnotationBeanPostProcessor doWith
WARNING: Autowired annotation is not supported on static fields: static org.springframework.context.annotation.AnnotationConfigApplicationContext com.niit.junittestcases.BlogCommentDAOTestCase.context
Nov 26, 2017 5:40:01 PM org.springframework.beans.factory.annotation.AutowiredAnnotationBeanPostProcessor doWith
WARNING: Autowired annotation is not supported on static fields: static com.niit.model.BlogComment com.niit.junittestcases.BlogCommentDAOTestCase.blogComment
Nov 26, 2017 5:40:01 PM org.springframework.beans.factory.annotation.AutowiredAnnotationBeanPostProcessor doWith
WARNING: Autowired annotation is not supported on static fields: static com.niit.dao.BlogCommentDAO com.niit.junittestcases.BlogCommentDAOTestCase.blogCommentDAO
Nov 26, 2017 5:40:01 PM org.springframework.jdbc.datasource.DriverManagerDataSource setDriverClassName
INFO: Loaded JDBC driver: org.h2.Driver
Nov 26, 2017 5:40:01 PM org.springframework.context.annotation.AnnotationConfigApplicationContext refresh
WARNING: Exception encountered during context initialization - cancelling refresh attempt: org.springframework.beans.factory.UnsatisfiedDependencyException: Error creating bean with name &apos;blogCommentController&apos;: Unsatisfied dependency expressed through field &apos;session&apos;; nested exception is org.springframework.beans.factory.NoSuchBeanDefinitionException: No qualifying bean of type &apos;javax.servlet.http.HttpSession&apos; available: expected at least 1 bean which qualifies as autowire candidate. Dependency annotations: {@org.springframework.beans.factory.annotation.Autowired(required=true)}
</system-err>
  </testcase>
</testsuite>