<?xml version="1.0" encoding="UTF-8" ?>
<testsuite tests="1" failures="0" name="com.niit.junittestcases.FriendDAOTestCase" time="0.395" errors="1" skipped="0">
  <properties>
    <property name="java.runtime.name" value="Java(TM) SE Runtime Environment"/>
    <property name="sun.boot.library.path" value="C:\Program Files\Java\jdk1.8.0_141\jre\bin"/>
    <property name="java.vm.version" value="25.141-b15"/>
    <property name="java.vm.vendor" value="Oracle Corporation"/>
    <property name="maven.multiModuleProjectDirectory" value="E:\ALL-Workspaces\collaboration_project\CollaborationProjectBackend"/>
    <property name="java.vendor.url" value="http://java.oracle.com/"/>
    <property name="path.separator" value=";"/>
    <property name="guice.disable.misplaced.annotation.check" value="true"/>
    <property name="java.vm.name" value="Java HotSpot(TM) 64-Bit Server VM"/>
    <property name="file.encoding.pkg" value="sun.io"/>
    <property name="user.script" value=""/>
    <property name="user.country" value="US"/>
    <property name="sun.java.launcher" value="SUN_STANDARD"/>
    <property name="sun.os.patch.level" value=""/>
    <property name="java.vm.specification.name" value="Java Virtual Machine Specification"/>
    <property name="user.dir" value="E:\ALL-Workspaces\collaboration_project\CollaborationProjectBackend"/>
    <property name="java.runtime.version" value="1.8.0_141-b15"/>
    <property name="java.awt.graphicsenv" value="sun.awt.Win32GraphicsEnvironment"/>
    <property name="java.endorsed.dirs" value="C:\Program Files\Java\jdk1.8.0_141\jre\lib\endorsed"/>
    <property name="os.arch" value="amd64"/>
    <property name="java.io.tmpdir" value="C:\Users\lalak\AppData\Local\Temp\"/>
    <property name="line.separator" value="
"/>
    <property name="java.vm.specification.vendor" value="Oracle Corporation"/>
    <property name="user.variant" value=""/>
    <property name="os.name" value="Windows 10"/>
    <property name="classworlds.conf" value="E:\ALL-Workspaces\collaboration_project\.metadata\.plugins\org.eclipse.m2e.launching\launches\m2conf6416160788384490393.tmp"/>
    <property name="sun.jnu.encoding" value="Cp1252"/>
    <property name="java.library.path" value="C:\Program Files\Java\jdk1.8.0_141\bin;C:\WINDOWS\Sun\Java\bin;C:\WINDOWS\system32;C:\WINDOWS;C:/Program Files/Java/jdk1.8.0_141/bin/../jre/bin/server;C:/Program Files/Java/jdk1.8.0_141/bin/../jre/bin;C:/Program Files/Java/jdk1.8.0_141/bin/../jre/lib/amd64;C:\WINDOWS\system32;C:\WINDOWS;C:\WINDOWS\System32\Wbem;C:\WINDOWS\System32\WindowsPowerShell\v1.0\;C:\apache-maven-3.5.0\bin;E:\DontDisturb\Tomcat9;C:\Program Files\Java\jdk1.8.0_141\bin;C:\Users\lalak\AppData\Local\Microsoft\WindowsApps;;C:\eclipse-jee-oxygen-R-win32-x86_64\eclipse;;."/>
    <property name="java.specification.name" value="Java Platform API Specification"/>
    <property name="java.class.version" value="52.0"/>
    <property name="sun.management.compiler" value="HotSpot 64-Bit Tiered Compilers"/>
    <property name="os.version" value="10.0"/>
    <property name="user.home" value="C:\Users\lalak"/>
    <property name="user.timezone" value="Asia/Calcutta"/>
    <property name="java.awt.printerjob" value="sun.awt.windows.WPrinterJob"/>
    <property name="java.specification.version" value="1.8"/>
    <property name="file.encoding" value="Cp1252"/>
    <property name="user.name" value="lalak"/>
    <property name="java.class.path" value="C:\eclipse-jee-oxygen-R-win32-x86_64\eclipse\plugins\org.eclipse.m2e.maven.runtime_1.8.2.20171007-0216\jars\plexus-classworlds-2.5.2.jar"/>
    <property name="java.vm.specification.version" value="1.8"/>
    <property name="sun.arch.data.model" value="64"/>
    <property name="java.home" value="C:\Program Files\Java\jdk1.8.0_141\jre"/>
    <property name="sun.java.command" value="org.codehaus.plexus.classworlds.launcher.Launcher -B install"/>
    <property name="java.specification.vendor" value="Oracle Corporation"/>
    <property name="user.language" value="en"/>
    <property name="awt.toolkit" value="sun.awt.windows.WToolkit"/>
    <property name="java.vm.info" value="mixed mode"/>
    <property name="java.version" value="1.8.0_141"/>
    <property name="java.ext.dirs" value="C:\Program Files\Java\jdk1.8.0_141\jre\lib\ext;C:\WINDOWS\Sun\Java\lib\ext"/>
    <property name="sun.boot.class.path" value="C:\Program Files\Java\jdk1.8.0_141\jre\lib\resources.jar;C:\Program Files\Java\jdk1.8.0_141\jre\lib\rt.jar;C:\Program Files\Java\jdk1.8.0_141\jre\lib\sunrsasign.jar;C:\Program Files\Java\jdk1.8.0_141\jre\lib\jsse.jar;C:\Program Files\Java\jdk1.8.0_141\jre\lib\jce.jar;C:\Program Files\Java\jdk1.8.0_141\jre\lib\charsets.jar;C:\Program Files\Java\jdk1.8.0_141\jre\lib\jfr.jar;C:\Program Files\Java\jdk1.8.0_141\jre\classes"/>
    <property name="java.vendor" value="Oracle Corporation"/>
    <property name="maven.home" value="E:\ALL-Workspaces\collaboration_project\CollaborationProjectBackend\EMBEDDED"/>
    <property name="file.separator" value="\"/>
    <property name="java.vendor.url.bug" value="http://bugreport.sun.com/bugreport/"/>
    <property name="sun.cpu.endian" value="little"/>
    <property name="sun.io.unicode.encoding" value="UnicodeLittle"/>
    <property name="sun.desktop" value="windows"/>
    <property name="sun.cpu.isalist" value="amd64"/>
  </properties>
  <testcase classname="com.niit.junittestcases.FriendDAOTestCase" name="com.niit.junittestcases.FriendDAOTestCase" time="0.395">
    <error message="Error creating bean with name &apos;blogCommentController&apos;: Unsatisfied dependency expressed through field &apos;session&apos;; nested exception is org.springframework.beans.factory.NoSuchBeanDefinitionException: No qualifying bean of type &apos;javax.servlet.http.HttpSession&apos; available: expected at least 1 bean which qualifies as autowire candidate. Dependency annotations: {@org.springframework.beans.factory.annotation.Autowired(required=true)}" type="org.springframework.beans.factory.UnsatisfiedDependencyException">org.springframework.beans.factory.UnsatisfiedDependencyException: Error creating bean with name &apos;blogCommentController&apos;: Unsatisfied dependency expressed through field &apos;session&apos;; nested exception is org.springframework.beans.factory.NoSuchBeanDefinitionException: No qualifying bean of type &apos;javax.servlet.http.HttpSession&apos; available: expected at least 1 bean which qualifies as autowire candidate. Dependency annotations: {@org.springframework.beans.factory.annotation.Autowired(required=true)}
	at org.springframework.beans.factory.annotation.AutowiredAnnotationBeanPostProcessor$AutowiredFieldElement.inject(AutowiredAnnotationBeanPostProcessor.java:588)
	at org.springframework.beans.factory.annotation.InjectionMetadata.inject(InjectionMetadata.java:88)
	at org.springframework.beans.factory.annotation.AutowiredAnnotationBeanPostProcessor.postProcessPropertyValues(AutowiredAnnotationBeanPostProcessor.java:366)
	at org.springframework.beans.factory.support.AbstractAutowireCapableBeanFactory.populateBean(AbstractAutowireCapableBeanFactory.java:1264)
	at org.springframework.beans.factory.support.AbstractAutowireCapableBeanFactory.doCreateBean(AbstractAutowireCapableBeanFactory.java:553)
	at org.springframework.beans.factory.support.AbstractAutowireCapableBeanFactory.createBean(AbstractAutowireCapableBeanFactory.java:483)
	at org.springframework.beans.factory.support.AbstractBeanFactory$1.getObject(AbstractBeanFactory.java:306)
	at org.springframework.beans.factory.support.DefaultSingletonBeanRegistry.getSingleton(DefaultSingletonBeanRegistry.java:230)
	at org.springframework.beans.factory.support.AbstractBeanFactory.doGetBean(AbstractBeanFactory.java:302)
	at org.springframework.beans.factory.support.AbstractBeanFactory.getBean(AbstractBeanFactory.java:197)
	at org.springframework.beans.factory.support.DefaultListableBeanFactory.preInstantiateSingletons(DefaultListableBeanFactory.java:761)
	at org.springframework.context.support.AbstractApplicationContext.finishBeanFactoryInitialization(AbstractApplicationContext.java:867)
	at org.springframework.context.support.AbstractApplicationContext.refresh(AbstractApplicationContext.java:543)
	at com.niit.junittestcases.FriendDAOTestCase.initialize(FriendDAOTestCase.java:28)
	at sun.reflect.NativeMethodAccessorImpl.invoke0(Native Method)
	at sun.reflect.NativeMethodAccessorImpl.invoke(NativeMethodAccessorImpl.java:62)
	at sun.reflect.DelegatingMethodAccessorImpl.invoke(DelegatingMethodAccessorImpl.java:43)
	at java.lang.reflect.Method.invoke(Method.java:498)
	at org.junit.runners.model.FrameworkMethod$1.runReflectiveCall(FrameworkMethod.java:50)
	at org.junit.internal.runners.model.ReflectiveCallable.run(ReflectiveCallable.java:12)
	at org.junit.runners.model.FrameworkMethod.invokeExplosively(FrameworkMethod.java:47)
	at org.junit.internal.runners.statements.RunBefores.evaluate(RunBefores.java:24)
	at org.junit.runners.ParentRunner.run(ParentRunner.java:363)
	at org.apache.maven.surefire.junit4.JUnit4Provider.execute(JUnit4Provider.java:252)
	at org.apache.maven.surefire.junit4.JUnit4Provider.executeTestSet(JUnit4Provider.java:141)
	at org.apache.maven.surefire.junit4.JUnit4Provider.invoke(JUnit4Provider.java:112)
	at sun.reflect.NativeMethodAccessorImpl.invoke0(Native Method)
	at sun.reflect.NativeMethodAccessorImpl.invoke(NativeMethodAccessorImpl.java:62)
	at sun.reflect.DelegatingMethodAccessorImpl.invoke(DelegatingMethodAccessorImpl.java:43)
	at java.lang.reflect.Method.invoke(Method.java:498)
	at org.apache.maven.surefire.util.ReflectionUtils.invokeMethodWithArray(ReflectionUtils.java:189)
	at org.apache.maven.surefire.booter.ProviderFactory$ProviderProxy.invoke(ProviderFactory.java:165)
	at org.apache.maven.surefire.booter.ProviderFactory.invokeProvider(ProviderFactory.java:85)
	at org.apache.maven.surefire.booter.ForkedBooter.runSuitesInProcess(ForkedBooter.java:115)
	at org.apache.maven.surefire.booter.ForkedBooter.main(ForkedBooter.java:75)
Caused by: org.springframework.beans.factory.NoSuchBeanDefinitionException: No qualifying bean of type &apos;javax.servlet.http.HttpSession&apos; available: expected at least 1 bean which qualifies as autowire candidate. Dependency annotations: {@org.springframework.beans.factory.annotation.Autowired(required=true)}
	at org.springframework.beans.factory.support.DefaultListableBeanFactory.raiseNoMatchingBeanFound(DefaultListableBeanFactory.java:1493)
	at org.springframework.beans.factory.support.DefaultListableBeanFactory.doResolveDependency(DefaultListableBeanFactory.java:1104)
	at org.springframework.beans.factory.support.DefaultListableBeanFactory.resolveDependency(DefaultListableBeanFactory.java:1066)
	at org.springframework.beans.factory.annotation.AutowiredAnnotationBeanPostProcessor$AutowiredFieldElement.inject(AutowiredAnnotationBeanPostProcessor.java:585)
	... 34 more
</error>
    <system-out>17:40:04.068 [main] DEBUG com.niit.config.ApplicationContextConfig - Starting of the method getOracleDataSource
17:40:04.070 [main] DEBUG com.niit.config.ApplicationContextConfig - Setting the data source :null
17:40:04.070 [main] DEBUG com.niit.config.ApplicationContextConfig - Ending of the method getOracleDataSource
17:40:04.088 [main] DEBUG com.niit.config.ApplicationContextConfig - Starting of the method getSessionFactory
17:40:04.088 [main] DEBUG org.hibernate.type.BasicTypeRegistry - Adding type registration boolean -&gt; org.hibernate.type.BooleanType@5a37d3ed
17:40:04.089 [main] DEBUG org.hibernate.type.BasicTypeRegistry - Adding type registration boolean -&gt; org.hibernate.type.BooleanType@5a37d3ed
17:40:04.089 [main] DEBUG org.hibernate.type.BasicTypeRegistry - Adding type registration java.lang.Boolean -&gt; org.hibernate.type.BooleanType@5a37d3ed
17:40:04.089 [main] DEBUG org.hibernate.type.BasicTypeRegistry - Adding type registration numeric_boolean -&gt; org.hibernate.type.NumericBooleanType@52e7a6b2
17:40:04.089 [main] DEBUG org.hibernate.type.BasicTypeRegistry - Adding type registration true_false -&gt; org.hibernate.type.TrueFalseType@6f6745d6
17:40:04.089 [main] DEBUG org.hibernate.type.BasicTypeRegistry - Adding type registration yes_no -&gt; org.hibernate.type.YesNoType@4b5189ac
17:40:04.089 [main] DEBUG org.hibernate.type.BasicTypeRegistry - Adding type registration byte -&gt; org.hibernate.type.ByteType@1acaf3d
17:40:04.089 [main] DEBUG org.hibernate.type.BasicTypeRegistry - Adding type registration byte -&gt; org.hibernate.type.ByteType@1acaf3d
17:40:04.089 [main] DEBUG org.hibernate.type.BasicTypeRegistry - Adding type registration java.lang.Byte -&gt; org.hibernate.type.ByteType@1acaf3d
17:40:04.089 [main] DEBUG org.hibernate.type.BasicTypeRegistry - Adding type registration character -&gt; org.hibernate.type.CharacterType@2b9ed6da
17:40:04.089 [main] DEBUG org.hibernate.type.BasicTypeRegistry - Adding type registration char -&gt; org.hibernate.type.CharacterType@2b9ed6da
17:40:04.089 [main] DEBUG org.hibernate.type.BasicTypeRegistry - Adding type registration java.lang.Character -&gt; org.hibernate.type.CharacterType@2b9ed6da
17:40:04.089 [main] DEBUG org.hibernate.type.BasicTypeRegistry - Adding type registration short -&gt; org.hibernate.type.ShortType@34f6515b
17:40:04.090 [main] DEBUG org.hibernate.type.BasicTypeRegistry - Adding type registration short -&gt; org.hibernate.type.ShortType@34f6515b
17:40:04.090 [main] DEBUG org.hibernate.type.BasicTypeRegistry - Adding type registration java.lang.Short -&gt; org.hibernate.type.ShortType@34f6515b
17:40:04.090 [main] DEBUG org.hibernate.type.BasicTypeRegistry - Adding type registration integer -&gt; org.hibernate.type.IntegerType@57c03d88
17:40:04.090 [main] DEBUG org.hibernate.type.BasicTypeRegistry - Adding type registration int -&gt; org.hibernate.type.IntegerType@57c03d88
17:40:04.090 [main] DEBUG org.hibernate.type.BasicTypeRegistry - Adding type registration java.lang.Integer -&gt; org.hibernate.type.IntegerType@57c03d88
17:40:04.090 [main] DEBUG org.hibernate.type.BasicTypeRegistry - Adding type registration long -&gt; org.hibernate.type.LongType@4f74980d
17:40:04.090 [main] DEBUG org.hibernate.type.BasicTypeRegistry - Adding type registration long -&gt; org.hibernate.type.LongType@4f74980d
17:40:04.090 [main] DEBUG org.hibernate.type.BasicTypeRegistry - Adding type registration java.lang.Long -&gt; org.hibernate.type.LongType@4f74980d
17:40:04.090 [main] DEBUG org.hibernate.type.BasicTypeRegistry - Adding type registration float -&gt; org.hibernate.type.FloatType@57ad2aa7
17:40:04.090 [main] DEBUG org.hibernate.type.BasicTypeRegistry - Adding type registration float -&gt; org.hibernate.type.FloatType@57ad2aa7
17:40:04.090 [main] DEBUG org.hibernate.type.BasicTypeRegistry - Adding type registration java.lang.Float -&gt; org.hibernate.type.FloatType@57ad2aa7
17:40:04.090 [main] DEBUG org.hibernate.type.BasicTypeRegistry - Adding type registration double -&gt; org.hibernate.type.DoubleType@4fbe37eb
17:40:04.091 [main] DEBUG org.hibernate.type.BasicTypeRegistry - Adding type registration double -&gt; org.hibernate.type.DoubleType@4fbe37eb
17:40:04.095 [main] DEBUG org.hibernate.type.BasicTypeRegistry - Adding type registration java.lang.Double -&gt; org.hibernate.type.DoubleType@4fbe37eb
17:40:04.095 [main] DEBUG org.hibernate.type.BasicTypeRegistry - Adding type registration big_decimal -&gt; org.hibernate.type.BigDecimalType@61eaec38
17:40:04.096 [main] DEBUG org.hibernate.type.BasicTypeRegistry - Adding type registration java.math.BigDecimal -&gt; org.hibernate.type.BigDecimalType@61eaec38
17:40:04.097 [main] DEBUG org.hibernate.type.BasicTypeRegistry - Adding type registration big_integer -&gt; org.hibernate.type.BigIntegerType@1205bd62
17:40:04.097 [main] DEBUG org.hibernate.type.BasicTypeRegistry - Adding type registration java.math.BigInteger -&gt; org.hibernate.type.BigIntegerType@1205bd62
17:40:04.097 [main] DEBUG org.hibernate.type.BasicTypeRegistry - Adding type registration string -&gt; org.hibernate.type.StringType@31920ade
17:40:04.097 [main] DEBUG org.hibernate.type.BasicTypeRegistry - Adding type registration java.lang.String -&gt; org.hibernate.type.StringType@31920ade
17:40:04.098 [main] DEBUG org.hibernate.type.BasicTypeRegistry - Adding type registration nstring -&gt; org.hibernate.type.StringNVarcharType@55cf0d14
17:40:04.098 [main] DEBUG org.hibernate.type.BasicTypeRegistry - Adding type registration ncharacter -&gt; org.hibernate.type.CharacterNCharType@1fd14d74
17:40:04.098 [main] DEBUG org.hibernate.type.BasicTypeRegistry - Adding type registration url -&gt; org.hibernate.type.UrlType@1ae8bcbc
17:40:04.098 [main] DEBUG org.hibernate.type.BasicTypeRegistry - Adding type registration java.net.URL -&gt; org.hibernate.type.UrlType@1ae8bcbc
17:40:04.098 [main] DEBUG org.hibernate.type.BasicTypeRegistry - Adding type registration date -&gt; org.hibernate.type.DateType@4b7dc788
17:40:04.098 [main] DEBUG org.hibernate.type.BasicTypeRegistry - Adding type registration java.sql.Date -&gt; org.hibernate.type.DateType@4b7dc788
17:40:04.098 [main] DEBUG org.hibernate.type.BasicTypeRegistry - Adding type registration time -&gt; org.hibernate.type.TimeType@27d5a580
17:40:04.098 [main] DEBUG org.hibernate.type.BasicTypeRegistry - Adding type registration java.sql.Time -&gt; org.hibernate.type.TimeType@27d5a580
17:40:04.098 [main] DEBUG org.hibernate.type.BasicTypeRegistry - Adding type registration timestamp -&gt; org.hibernate.type.TimestampType@19e7a160
17:40:04.098 [main] DEBUG org.hibernate.type.BasicTypeRegistry - Adding type registration java.sql.Timestamp -&gt; org.hibernate.type.TimestampType@19e7a160
17:40:04.098 [main] DEBUG org.hibernate.type.BasicTypeRegistry - Adding type registration java.util.Date -&gt; org.hibernate.type.TimestampType@19e7a160
17:40:04.099 [main] DEBUG org.hibernate.type.BasicTypeRegistry - Adding type registration dbtimestamp -&gt; org.hibernate.type.DbTimestampType@16b2bb0c
17:40:04.099 [main] DEBUG org.hibernate.type.BasicTypeRegistry - Adding type registration calendar -&gt; org.hibernate.type.CalendarType@30bce90b
17:40:04.099 [main] DEBUG org.hibernate.type.BasicTypeRegistry - Adding type registration java.util.Calendar -&gt; org.hibernate.type.CalendarType@30bce90b
17:40:04.099 [main] DEBUG org.hibernate.type.BasicTypeRegistry - Adding type registration java.util.GregorianCalendar -&gt; org.hibernate.type.CalendarType@30bce90b
17:40:04.099 [main] DEBUG org.hibernate.type.BasicTypeRegistry - Adding type registration calendar_date -&gt; org.hibernate.type.CalendarDateType@2474f125
17:40:04.099 [main] DEBUG org.hibernate.type.BasicTypeRegistry - Adding type registration locale -&gt; org.hibernate.type.LocaleType@4eaf3684
17:40:04.099 [main] DEBUG org.hibernate.type.BasicTypeRegistry - Adding type registration java.util.Locale -&gt; org.hibernate.type.LocaleType@4eaf3684
17:40:04.099 [main] DEBUG org.hibernate.type.BasicTypeRegistry - Adding type registration currency -&gt; org.hibernate.type.CurrencyType@b978d10
17:40:04.099 [main] DEBUG org.hibernate.type.BasicTypeRegistry - Adding type registration java.util.Currency -&gt; org.hibernate.type.CurrencyType@b978d10
17:40:04.099 [main] DEBUG org.hibernate.type.BasicTypeRegistry - Adding type registration timezone -&gt; org.hibernate.type.TimeZoneType@6676f6a0
17:40:04.099 [main] DEBUG org.hibernate.type.BasicTypeRegistry - Adding type registration java.util.TimeZone -&gt; org.hibernate.type.TimeZoneType@6676f6a0
17:40:04.099 [main] DEBUG org.hibernate.type.BasicTypeRegistry - Adding type registration class -&gt; org.hibernate.type.ClassType@11f0a5a1
17:40:04.099 [main] DEBUG org.hibernate.type.BasicTypeRegistry - Adding type registration java.lang.Class -&gt; org.hibernate.type.ClassType@11f0a5a1
17:40:04.100 [main] DEBUG org.hibernate.type.BasicTypeRegistry - Adding type registration uuid-binary -&gt; org.hibernate.type.UUIDBinaryType@5a5338df
17:40:04.100 [main] DEBUG org.hibernate.type.BasicTypeRegistry - Adding type registration java.util.UUID -&gt; org.hibernate.type.UUIDBinaryType@5a5338df
17:40:04.100 [main] DEBUG org.hibernate.type.BasicTypeRegistry - Adding type registration uuid-char -&gt; org.hibernate.type.UUIDCharType@5082d622
17:40:04.100 [main] DEBUG org.hibernate.type.BasicTypeRegistry - Adding type registration pg-uuid -&gt; org.hibernate.type.PostgresUUIDType@4278284b
17:40:04.100 [main] DEBUG org.hibernate.type.BasicTypeRegistry - Adding type registration binary -&gt; org.hibernate.type.BinaryType@53251a66
17:40:04.100 [main] DEBUG org.hibernate.type.BasicTypeRegistry - Adding type registration byte[] -&gt; org.hibernate.type.BinaryType@53251a66
17:40:04.100 [main] DEBUG org.hibernate.type.BasicTypeRegistry - Adding type registration [B -&gt; org.hibernate.type.BinaryType@53251a66
17:40:04.100 [main] DEBUG org.hibernate.type.BasicTypeRegistry - Adding type registration wrapper-binary -&gt; org.hibernate.type.WrapperBinaryType@7d898981
17:40:04.100 [main] DEBUG org.hibernate.type.BasicTypeRegistry - Adding type registration Byte[] -&gt; org.hibernate.type.WrapperBinaryType@7d898981
17:40:04.100 [main] DEBUG org.hibernate.type.BasicTypeRegistry - Adding type registration [Ljava.lang.Byte; -&gt; org.hibernate.type.WrapperBinaryType@7d898981
17:40:04.100 [main] DEBUG org.hibernate.type.BasicTypeRegistry - Adding type registration image -&gt; org.hibernate.type.ImageType@6c0d7c83
17:40:04.100 [main] DEBUG org.hibernate.type.BasicTypeRegistry - Adding type registration characters -&gt; org.hibernate.type.CharArrayType@4f6f416f
17:40:04.101 [main] DEBUG org.hibernate.type.BasicTypeRegistry - Adding type registration char[] -&gt; org.hibernate.type.CharArrayType@4f6f416f
17:40:04.101 [main] DEBUG org.hibernate.type.BasicTypeRegistry - Adding type registration [C -&gt; org.hibernate.type.CharArrayType@4f6f416f
17:40:04.101 [main] DEBUG org.hibernate.type.BasicTypeRegistry - Adding type registration wrapper-characters -&gt; org.hibernate.type.CharacterArrayType@7b8b43c7
17:40:04.101 [main] DEBUG org.hibernate.type.BasicTypeRegistry - Adding type registration [Ljava.lang.Character; -&gt; org.hibernate.type.CharacterArrayType@7b8b43c7
17:40:04.101 [main] DEBUG org.hibernate.type.BasicTypeRegistry - Adding type registration Character[] -&gt; org.hibernate.type.CharacterArrayType@7b8b43c7
17:40:04.101 [main] DEBUG org.hibernate.type.BasicTypeRegistry - Adding type registration text -&gt; org.hibernate.type.TextType@7fcf2fc1
17:40:04.101 [main] DEBUG org.hibernate.type.BasicTypeRegistry - Adding type registration ntext -&gt; org.hibernate.type.NTextType@20435c40
17:40:04.101 [main] DEBUG org.hibernate.type.BasicTypeRegistry - Adding type registration blob -&gt; org.hibernate.type.BlobType@4397ad89
17:40:04.101 [main] DEBUG org.hibernate.type.BasicTypeRegistry - Adding type registration java.sql.Blob -&gt; org.hibernate.type.BlobType@4397ad89
17:40:04.101 [main] DEBUG org.hibernate.type.BasicTypeRegistry - Adding type registration materialized_blob -&gt; org.hibernate.type.MaterializedBlobType@6f19ac19
17:40:04.101 [main] DEBUG org.hibernate.type.BasicTypeRegistry - Adding type registration clob -&gt; org.hibernate.type.ClobType@2d778add
17:40:04.101 [main] DEBUG org.hibernate.type.BasicTypeRegistry - Adding type registration java.sql.Clob -&gt; org.hibernate.type.ClobType@2d778add
17:40:04.101 [main] DEBUG org.hibernate.type.BasicTypeRegistry - Adding type registration nclob -&gt; org.hibernate.type.NClobType@7922d892
17:40:04.102 [main] DEBUG org.hibernate.type.BasicTypeRegistry - Adding type registration java.sql.NClob -&gt; org.hibernate.type.NClobType@7922d892
17:40:04.102 [main] DEBUG org.hibernate.type.BasicTypeRegistry - Adding type registration materialized_clob -&gt; org.hibernate.type.MaterializedClobType@50de186c
17:40:04.102 [main] DEBUG org.hibernate.type.BasicTypeRegistry - Adding type registration materialized_nclob -&gt; org.hibernate.type.MaterializedNClobType@51549490
17:40:04.104 [main] DEBUG org.hibernate.type.BasicTypeRegistry - Adding type registration serializable -&gt; org.hibernate.type.SerializableType@7daa0fbd
17:40:04.104 [main] DEBUG org.hibernate.type.BasicTypeRegistry - Adding type registration object -&gt; org.hibernate.type.ObjectType@36b4091c
17:40:04.105 [main] DEBUG org.hibernate.type.BasicTypeRegistry - Adding type registration java.lang.Object -&gt; org.hibernate.type.ObjectType@36b4091c
17:40:04.105 [main] DEBUG org.hibernate.type.BasicTypeRegistry - Adding type registration imm_date -&gt; org.hibernate.type.AdaptedImmutableType@36baa049
17:40:04.105 [main] DEBUG org.hibernate.type.BasicTypeRegistry - Adding type registration imm_time -&gt; org.hibernate.type.AdaptedImmutableType@41184371
17:40:04.105 [main] DEBUG org.hibernate.type.BasicTypeRegistry - Adding type registration imm_timestamp -&gt; org.hibernate.type.AdaptedImmutableType@34585ac9
17:40:04.105 [main] DEBUG org.hibernate.type.BasicTypeRegistry - Adding type registration imm_dbtimestamp -&gt; org.hibernate.type.AdaptedImmutableType@76a805b7
17:40:04.105 [main] DEBUG org.hibernate.type.BasicTypeRegistry - Adding type registration imm_calendar -&gt; org.hibernate.type.AdaptedImmutableType@15f35bc3
17:40:04.106 [main] DEBUG org.hibernate.type.BasicTypeRegistry - Adding type registration imm_calendar_date -&gt; org.hibernate.type.AdaptedImmutableType@167381c7
17:40:04.106 [main] DEBUG org.hibernate.type.BasicTypeRegistry - Adding type registration imm_binary -&gt; org.hibernate.type.AdaptedImmutableType@608b1fd2
17:40:04.106 [main] DEBUG org.hibernate.type.BasicTypeRegistry - Adding type registration imm_serializable -&gt; org.hibernate.type.AdaptedImmutableType@56382bc9
17:40:04.106 [main] DEBUG org.hibernate.id.factory.internal.DefaultIdentifierGeneratorFactory - Registering IdentifierGenerator strategy [uuid2] -&gt; [org.hibernate.id.UUIDGenerator]
17:40:04.106 [main] DEBUG org.hibernate.id.factory.internal.DefaultIdentifierGeneratorFactory - Registering IdentifierGenerator strategy [guid] -&gt; [org.hibernate.id.GUIDGenerator]
17:40:04.107 [main] DEBUG org.hibernate.id.factory.internal.DefaultIdentifierGeneratorFactory - Registering IdentifierGenerator strategy [uuid] -&gt; [org.hibernate.id.UUIDHexGenerator]
17:40:04.107 [main] DEBUG org.hibernate.id.factory.internal.DefaultIdentifierGeneratorFactory - Registering IdentifierGenerator strategy [uuid.hex] -&gt; [org.hibernate.id.UUIDHexGenerator]
17:40:04.107 [main] DEBUG org.hibernate.id.factory.internal.DefaultIdentifierGeneratorFactory - Registering IdentifierGenerator strategy [hilo] -&gt; [org.hibernate.id.TableHiLoGenerator]
17:40:04.107 [main] DEBUG org.hibernate.id.factory.internal.DefaultIdentifierGeneratorFactory - Registering IdentifierGenerator strategy [assigned] -&gt; [org.hibernate.id.Assigned]
17:40:04.107 [main] DEBUG org.hibernate.id.factory.internal.DefaultIdentifierGeneratorFactory - Registering IdentifierGenerator strategy [identity] -&gt; [org.hibernate.id.IdentityGenerator]
17:40:04.107 [main] DEBUG org.hibernate.id.factory.internal.DefaultIdentifierGeneratorFactory - Registering IdentifierGenerator strategy [select] -&gt; [org.hibernate.id.SelectGenerator]
17:40:04.108 [main] DEBUG org.hibernate.id.factory.internal.DefaultIdentifierGeneratorFactory - Registering IdentifierGenerator strategy [sequence] -&gt; [org.hibernate.id.SequenceGenerator]
17:40:04.108 [main] DEBUG org.hibernate.id.factory.internal.DefaultIdentifierGeneratorFactory - Registering IdentifierGenerator strategy [seqhilo] -&gt; [org.hibernate.id.SequenceHiLoGenerator]
17:40:04.108 [main] DEBUG org.hibernate.id.factory.internal.DefaultIdentifierGeneratorFactory - Registering IdentifierGenerator strategy [increment] -&gt; [org.hibernate.id.IncrementGenerator]
17:40:04.108 [main] DEBUG org.hibernate.id.factory.internal.DefaultIdentifierGeneratorFactory - Registering IdentifierGenerator strategy [foreign] -&gt; [org.hibernate.id.ForeignGenerator]
17:40:04.108 [main] DEBUG org.hibernate.id.factory.internal.DefaultIdentifierGeneratorFactory - Registering IdentifierGenerator strategy [sequence-identity] -&gt; [org.hibernate.id.SequenceIdentityGenerator]
17:40:04.108 [main] DEBUG org.hibernate.id.factory.internal.DefaultIdentifierGeneratorFactory - Registering IdentifierGenerator strategy [enhanced-sequence] -&gt; [org.hibernate.id.enhanced.SequenceStyleGenerator]
17:40:04.108 [main] DEBUG org.hibernate.id.factory.internal.DefaultIdentifierGeneratorFactory - Registering IdentifierGenerator strategy [enhanced-table] -&gt; [org.hibernate.id.enhanced.TableGenerator]
17:40:04.108 [main] DEBUG com.niit.config.ApplicationContextConfig - Starting of the method getHibernateProperties
17:40:04.108 [main] DEBUG com.niit.config.ApplicationContextConfig - Ending of the method getHibernateProperties
session factory
17:40:04.164 [main] DEBUG com.niit.config.ApplicationContextConfig - Ending of the method getSessionFactory
17:40:04.164 [main] DEBUG org.hibernate.integrator.internal.IntegratorServiceImpl - Adding Integrator [org.hibernate.cfg.beanvalidation.BeanValidationIntegrator].
17:40:04.164 [main] DEBUG org.hibernate.integrator.internal.IntegratorServiceImpl - Adding Integrator [org.hibernate.secure.spi.JaccIntegrator].
17:40:04.166 [main] DEBUG org.hibernate.integrator.internal.IntegratorServiceImpl - Adding Integrator [org.hibernate.cache.internal.CollectionCacheInvalidator].
17:40:04.168 [main] DEBUG org.hibernate.boot.registry.selector.internal.StrategySelectorImpl - Registering named strategy selector [org.hibernate.dialect.Dialect] : [MySQL5] -&gt; [org.hibernate.dialect.MySQL5Dialect] (replacing [org.hibernate.dialect.MySQL5Dialect])
17:40:04.168 [main] DEBUG org.hibernate.boot.registry.selector.internal.StrategySelectorImpl - Registering named strategy selector [org.hibernate.dialect.Dialect] : [MySQL5InnoDB] -&gt; [org.hibernate.dialect.MySQL5InnoDBDialect] (replacing [org.hibernate.dialect.MySQL5InnoDBDialect])
17:40:04.171 [main] DEBUG org.hibernate.service.spi.ServiceBinding - Overriding existing service binding [org.hibernate.secure.spi.JaccService]
17:40:04.173 [main] DEBUG org.hibernate.cfg.Configuration - Preparing to build session factory with filters : {}
17:40:04.180 [main] DEBUG org.hibernate.engine.jdbc.internal.JdbcServicesImpl - Database -&gt;
       name : H2
    version : 1.4.195 (2017-04-23)
      major : 1
      minor : 4
17:40:04.180 [main] DEBUG org.hibernate.engine.jdbc.internal.JdbcServicesImpl - Driver -&gt;
       name : H2 JDBC Driver
    version : 1.4.195 (2017-04-23)
      major : 1
      minor : 4
17:40:04.180 [main] DEBUG org.hibernate.engine.jdbc.internal.JdbcServicesImpl - JDBC version : 4.0
17:40:04.180 [main] DEBUG org.hibernate.engine.jdbc.cursor.internal.StandardRefCursorSupport - Unexpected error trying to gauge level of JDBC REF_CURSOR support : null
17:40:04.183 [main] INFO org.hibernate.dialect.Dialect - HHH000400: Using dialect: org.hibernate.dialect.H2Dialect
17:40:04.195 [main] DEBUG org.hibernate.cfg.Configuration - Processing hbm.xml files
17:40:04.195 [main] DEBUG org.hibernate.cfg.Configuration - Process annotated classes
17:40:04.195 [main] DEBUG org.hibernate.cfg.AnnotationBinder - Binding entity from annotated class: com.niit.model.Blog
17:40:04.195 [main] DEBUG org.hibernate.cfg.Ejb3Column - Binding column: Ejb3DiscriminatorColumn{logicalColumnName&apos;DTYPE&apos;, discriminatorTypeName=&apos;string&apos;}
17:40:04.195 [main] DEBUG org.hibernate.cfg.AnnotationBinder - No value specified for &apos;javax.persistence.sharedCache.mode&apos;; using UNSPECIFIED
17:40:04.196 [main] DEBUG org.hibernate.cfg.annotations.EntityBinder - Import with entity name Blog
17:40:04.196 [main] DEBUG org.hibernate.cfg.annotations.EntityBinder - Bind entity com.niit.model.Blog on table CBlog
17:40:04.197 [main] DEBUG org.hibernate.cfg.Ejb3Column - Binding column: Ejb3Column{table=org.hibernate.mapping.Table(CBlog), mappingColumn=blogId, insertable=true, updatable=true, unique=false}
17:40:04.197 [main] DEBUG org.hibernate.cfg.annotations.PropertyBinder - MetadataSourceProcessor property blogId with lazy=false
17:40:04.197 [main] DEBUG org.hibernate.cfg.AbstractPropertyHolder - Attempting to locate auto-apply AttributeConverter for property [com.niit.model.Blog:blogId]
17:40:04.197 [main] DEBUG org.hibernate.cfg.annotations.SimpleValueBinder - building SimpleValue for blogId
17:40:04.197 [main] DEBUG org.hibernate.cfg.annotations.PropertyBinder - Building property blogId
17:40:04.197 [main] DEBUG org.hibernate.cfg.Ejb3Column - Binding column: Ejb3Column{table=org.hibernate.mapping.Table(CBlog), mappingColumn=blogContent, insertable=true, updatable=true, unique=false}
17:40:04.197 [main] DEBUG org.hibernate.cfg.annotations.PropertyBinder - MetadataSourceProcessor property blogContent with lazy=false
17:40:04.197 [main] DEBUG org.hibernate.cfg.AbstractPropertyHolder - Attempting to locate auto-apply AttributeConverter for property [com.niit.model.Blog:blogContent]
17:40:04.197 [main] DEBUG org.hibernate.cfg.annotations.SimpleValueBinder - building SimpleValue for blogContent
17:40:04.197 [main] DEBUG org.hibernate.cfg.annotations.PropertyBinder - Building property blogContent
17:40:04.197 [main] DEBUG org.hibernate.cfg.Ejb3Column - Binding column: Ejb3Column{table=org.hibernate.mapping.Table(CBlog), mappingColumn=blogName, insertable=true, updatable=true, unique=false}
17:40:04.198 [main] DEBUG org.hibernate.cfg.annotations.PropertyBinder - MetadataSourceProcessor property blogName with lazy=false
17:40:04.198 [main] DEBUG org.hibernate.cfg.AbstractPropertyHolder - Attempting to locate auto-apply AttributeConverter for property [com.niit.model.Blog:blogName]
17:40:04.198 [main] DEBUG org.hibernate.cfg.annotations.SimpleValueBinder - building SimpleValue for blogName
17:40:04.198 [main] DEBUG org.hibernate.cfg.annotations.PropertyBinder - Building property blogName
17:40:04.198 [main] DEBUG org.hibernate.cfg.Ejb3Column - Binding column: Ejb3Column{table=org.hibernate.mapping.Table(CBlog), mappingColumn=createDate, insertable=true, updatable=true, unique=false}
17:40:04.198 [main] DEBUG org.hibernate.cfg.annotations.PropertyBinder - MetadataSourceProcessor property createDate with lazy=false
17:40:04.198 [main] DEBUG org.hibernate.cfg.AbstractPropertyHolder - Attempting to locate auto-apply AttributeConverter for property [com.niit.model.Blog:createDate]
17:40:04.198 [main] DEBUG org.hibernate.cfg.annotations.SimpleValueBinder - building SimpleValue for createDate
17:40:04.198 [main] DEBUG org.hibernate.cfg.annotations.PropertyBinder - Building property createDate
17:40:04.198 [main] DEBUG org.hibernate.cfg.Ejb3Column - Binding column: Ejb3Column{table=org.hibernate.mapping.Table(CBlog), mappingColumn=likes, insertable=true, updatable=true, unique=false}
17:40:04.198 [main] DEBUG org.hibernate.cfg.annotations.PropertyBinder - MetadataSourceProcessor property likes with lazy=false
17:40:04.198 [main] DEBUG org.hibernate.cfg.AbstractPropertyHolder - Attempting to locate auto-apply AttributeConverter for property [com.niit.model.Blog:likes]
17:40:04.198 [main] DEBUG org.hibernate.cfg.annotations.SimpleValueBinder - building SimpleValue for likes
17:40:04.198 [main] DEBUG org.hibernate.cfg.annotations.PropertyBinder - Building property likes
17:40:04.198 [main] DEBUG org.hibernate.cfg.Ejb3Column - Binding column: Ejb3Column{table=org.hibernate.mapping.Table(CBlog), mappingColumn=remarks, insertable=true, updatable=true, unique=false}
17:40:04.198 [main] DEBUG org.hibernate.cfg.annotations.PropertyBinder - MetadataSourceProcessor property remarks with lazy=false
17:40:04.198 [main] DEBUG org.hibernate.cfg.AbstractPropertyHolder - Attempting to locate auto-apply AttributeConverter for property [com.niit.model.Blog:remarks]
17:40:04.198 [main] DEBUG org.hibernate.cfg.annotations.SimpleValueBinder - building SimpleValue for remarks
17:40:04.199 [main] DEBUG org.hibernate.cfg.annotations.PropertyBinder - Building property remarks
17:40:04.199 [main] DEBUG org.hibernate.cfg.Ejb3Column - Binding column: Ejb3Column{table=org.hibernate.mapping.Table(CBlog), mappingColumn=status, insertable=true, updatable=true, unique=false}
17:40:04.199 [main] DEBUG org.hibernate.cfg.annotations.PropertyBinder - MetadataSourceProcessor property status with lazy=false
17:40:04.199 [main] DEBUG org.hibernate.cfg.AbstractPropertyHolder - Attempting to locate auto-apply AttributeConverter for property [com.niit.model.Blog:status]
17:40:04.199 [main] DEBUG org.hibernate.cfg.annotations.SimpleValueBinder - building SimpleValue for status
17:40:04.199 [main] DEBUG org.hibernate.cfg.annotations.PropertyBinder - Building property status
17:40:04.199 [main] DEBUG org.hibernate.cfg.Ejb3Column - Binding column: Ejb3Column{table=org.hibernate.mapping.Table(CBlog), mappingColumn=userId, insertable=true, updatable=true, unique=false}
17:40:04.199 [main] DEBUG org.hibernate.cfg.annotations.PropertyBinder - MetadataSourceProcessor property userId with lazy=false
17:40:04.199 [main] DEBUG org.hibernate.cfg.AbstractPropertyHolder - Attempting to locate auto-apply AttributeConverter for property [com.niit.model.Blog:userId]
17:40:04.199 [main] DEBUG org.hibernate.cfg.annotations.SimpleValueBinder - building SimpleValue for userId
17:40:04.199 [main] DEBUG org.hibernate.cfg.annotations.PropertyBinder - Building property userId
17:40:04.199 [main] DEBUG org.hibernate.cfg.AnnotationBinder - Binding entity from annotated class: com.niit.model.BlogComment
17:40:04.199 [main] DEBUG org.hibernate.cfg.Ejb3Column - Binding column: Ejb3DiscriminatorColumn{logicalColumnName&apos;DTYPE&apos;, discriminatorTypeName=&apos;string&apos;}
17:40:04.200 [main] DEBUG org.hibernate.cfg.AnnotationBinder - No value specified for &apos;javax.persistence.sharedCache.mode&apos;; using UNSPECIFIED
17:40:04.200 [main] DEBUG org.hibernate.cfg.annotations.EntityBinder - Import with entity name BlogComment
17:40:04.200 [main] DEBUG org.hibernate.cfg.annotations.EntityBinder - Bind entity com.niit.model.BlogComment on table CBlogComment
17:40:04.201 [main] DEBUG org.hibernate.cfg.Ejb3Column - Binding column: Ejb3Column{table=org.hibernate.mapping.Table(CBlogComment), mappingColumn=blogCommentId, insertable=true, updatable=true, unique=false}
17:40:04.201 [main] DEBUG org.hibernate.cfg.annotations.PropertyBinder - MetadataSourceProcessor property blogCommentId with lazy=false
17:40:04.201 [main] DEBUG org.hibernate.cfg.AbstractPropertyHolder - Attempting to locate auto-apply AttributeConverter for property [com.niit.model.BlogComment:blogCommentId]
17:40:04.201 [main] DEBUG org.hibernate.cfg.annotations.SimpleValueBinder - building SimpleValue for blogCommentId
17:40:04.201 [main] DEBUG org.hibernate.cfg.annotations.PropertyBinder - Building property blogCommentId
17:40:04.202 [main] DEBUG org.hibernate.cfg.Ejb3Column - Binding column: Ejb3Column{table=org.hibernate.mapping.Table(CBlogComment), mappingColumn=blogComment, insertable=true, updatable=true, unique=false}
17:40:04.202 [main] DEBUG org.hibernate.cfg.annotations.PropertyBinder - MetadataSourceProcessor property blogComment with lazy=false
17:40:04.202 [main] DEBUG org.hibernate.cfg.AbstractPropertyHolder - Attempting to locate auto-apply AttributeConverter for property [com.niit.model.BlogComment:blogComment]
17:40:04.202 [main] DEBUG org.hibernate.cfg.annotations.SimpleValueBinder - building SimpleValue for blogComment
17:40:04.202 [main] DEBUG org.hibernate.cfg.annotations.PropertyBinder - Building property blogComment
17:40:04.202 [main] DEBUG org.hibernate.cfg.Ejb3Column - Binding column: Ejb3Column{table=org.hibernate.mapping.Table(CBlogComment), mappingColumn=blogId, insertable=true, updatable=true, unique=false}
17:40:04.202 [main] DEBUG org.hibernate.cfg.annotations.PropertyBinder - MetadataSourceProcessor property blogId with lazy=false
17:40:04.202 [main] DEBUG org.hibernate.cfg.AbstractPropertyHolder - Attempting to locate auto-apply AttributeConverter for property [com.niit.model.BlogComment:blogId]
17:40:04.202 [main] DEBUG org.hibernate.cfg.annotations.SimpleValueBinder - building SimpleValue for blogId
17:40:04.202 [main] DEBUG org.hibernate.cfg.annotations.PropertyBinder - Building property blogId
17:40:04.202 [main] DEBUG org.hibernate.cfg.Ejb3Column - Binding column: Ejb3Column{table=org.hibernate.mapping.Table(CBlogComment), mappingColumn=commentDate, insertable=true, updatable=true, unique=false}
17:40:04.205 [main] DEBUG org.hibernate.cfg.annotations.PropertyBinder - MetadataSourceProcessor property commentDate with lazy=false
17:40:04.205 [main] DEBUG org.hibernate.cfg.AbstractPropertyHolder - Attempting to locate auto-apply AttributeConverter for property [com.niit.model.BlogComment:commentDate]
17:40:04.206 [main] DEBUG org.hibernate.cfg.annotations.SimpleValueBinder - building SimpleValue for commentDate
17:40:04.206 [main] DEBUG org.hibernate.cfg.annotations.PropertyBinder - Building property commentDate
17:40:04.206 [main] DEBUG org.hibernate.cfg.Ejb3Column - Binding column: Ejb3Column{table=org.hibernate.mapping.Table(CBlogComment), mappingColumn=userId, insertable=true, updatable=true, unique=false}
17:40:04.207 [main] DEBUG org.hibernate.cfg.annotations.PropertyBinder - MetadataSourceProcessor property userId with lazy=false
17:40:04.207 [main] DEBUG org.hibernate.cfg.AbstractPropertyHolder - Attempting to locate auto-apply AttributeConverter for property [com.niit.model.BlogComment:userId]
17:40:04.207 [main] DEBUG org.hibernate.cfg.annotations.SimpleValueBinder - building SimpleValue for userId
17:40:04.207 [main] DEBUG org.hibernate.cfg.annotations.PropertyBinder - Building property userId
17:40:04.216 [main] DEBUG org.hibernate.cfg.Ejb3Column - Binding column: Ejb3Column{table=org.hibernate.mapping.Table(CBlogComment), mappingColumn=username, insertable=true, updatable=true, unique=false}
17:40:04.218 [main] DEBUG org.hibernate.cfg.annotations.PropertyBinder - MetadataSourceProcessor property username with lazy=false
17:40:04.219 [main] DEBUG org.hibernate.cfg.AbstractPropertyHolder - Attempting to locate auto-apply AttributeConverter for property [com.niit.model.BlogComment:username]
17:40:04.219 [main] DEBUG org.hibernate.cfg.annotations.SimpleValueBinder - building SimpleValue for username
17:40:04.219 [main] DEBUG org.hibernate.cfg.annotations.PropertyBinder - Building property username
17:40:04.219 [main] DEBUG org.hibernate.cfg.AnnotationBinder - Binding entity from annotated class: com.niit.model.ChatForum
17:40:04.230 [main] DEBUG org.hibernate.cfg.Ejb3Column - Binding column: Ejb3DiscriminatorColumn{logicalColumnName&apos;DTYPE&apos;, discriminatorTypeName=&apos;string&apos;}
17:40:04.230 [main] DEBUG org.hibernate.cfg.AnnotationBinder - No value specified for &apos;javax.persistence.sharedCache.mode&apos;; using UNSPECIFIED
17:40:04.230 [main] DEBUG org.hibernate.cfg.annotations.EntityBinder - Import with entity name ChatForum
17:40:04.230 [main] DEBUG org.hibernate.cfg.annotations.EntityBinder - Bind entity com.niit.model.ChatForum on table C_FORUM
17:40:04.231 [main] DEBUG org.hibernate.cfg.Ejb3Column - Binding column: Ejb3Column{table=org.hibernate.mapping.Table(C_FORUM), mappingColumn=id, insertable=true, updatable=true, unique=false}
17:40:04.231 [main] DEBUG org.hibernate.cfg.annotations.PropertyBinder - MetadataSourceProcessor property id with lazy=false
17:40:04.231 [main] DEBUG org.hibernate.cfg.AbstractPropertyHolder - Attempting to locate auto-apply AttributeConverter for property [com.niit.model.ChatForum:id]
17:40:04.231 [main] DEBUG org.hibernate.cfg.annotations.SimpleValueBinder - building SimpleValue for id
17:40:04.237 [main] DEBUG org.hibernate.cfg.annotations.PropertyBinder - Building property id
17:40:04.237 [main] DEBUG org.hibernate.cfg.Ejb3Column - Binding column: Ejb3Column{table=org.hibernate.mapping.Table(C_FORUM), mappingColumn=created_date, insertable=true, updatable=true, unique=false}
17:40:04.237 [main] DEBUG org.hibernate.cfg.annotations.PropertyBinder - MetadataSourceProcessor property createdDate with lazy=false
17:40:04.237 [main] DEBUG org.hibernate.cfg.AbstractPropertyHolder - Attempting to locate auto-apply AttributeConverter for property [com.niit.model.ChatForum:createdDate]
17:40:04.237 [main] DEBUG org.hibernate.cfg.annotations.SimpleValueBinder - building SimpleValue for createdDate
17:40:04.237 [main] DEBUG org.hibernate.cfg.annotations.PropertyBinder - Building property createdDate
17:40:04.238 [main] DEBUG org.hibernate.cfg.Ejb3Column - Binding column: Ejb3Column{table=org.hibernate.mapping.Table(C_FORUM), mappingColumn=message, insertable=true, updatable=true, unique=false}
17:40:04.238 [main] DEBUG org.hibernate.cfg.annotations.PropertyBinder - MetadataSourceProcessor property message with lazy=false
17:40:04.238 [main] DEBUG org.hibernate.cfg.AbstractPropertyHolder - Attempting to locate auto-apply AttributeConverter for property [com.niit.model.ChatForum:message]
17:40:04.238 [main] DEBUG org.hibernate.cfg.annotations.SimpleValueBinder - building SimpleValue for message
17:40:04.238 [main] DEBUG org.hibernate.cfg.annotations.PropertyBinder - Building property message
17:40:04.238 [main] DEBUG org.hibernate.cfg.Ejb3Column - Binding column: Ejb3Column{table=org.hibernate.mapping.Table(C_FORUM), mappingColumn=user_id, insertable=true, updatable=true, unique=false}
17:40:04.238 [main] DEBUG org.hibernate.cfg.annotations.PropertyBinder - MetadataSourceProcessor property userID with lazy=false
17:40:04.238 [main] DEBUG org.hibernate.cfg.AbstractPropertyHolder - Attempting to locate auto-apply AttributeConverter for property [com.niit.model.ChatForum:userID]
17:40:04.238 [main] DEBUG org.hibernate.cfg.annotations.SimpleValueBinder - building SimpleValue for userID
17:40:04.239 [main] DEBUG org.hibernate.cfg.annotations.PropertyBinder - Building property userID
17:40:04.239 [main] DEBUG org.hibernate.cfg.AnnotationBinder - Binding entity from annotated class: com.niit.model.FileUpload
17:40:04.239 [main] DEBUG org.hibernate.cfg.Ejb3Column - Binding column: Ejb3DiscriminatorColumn{logicalColumnName&apos;DTYPE&apos;, discriminatorTypeName=&apos;string&apos;}
17:40:04.239 [main] DEBUG org.hibernate.cfg.AnnotationBinder - No value specified for &apos;javax.persistence.sharedCache.mode&apos;; using UNSPECIFIED
17:40:04.239 [main] DEBUG org.hibernate.cfg.annotations.EntityBinder - Import with entity name FileUpload
17:40:04.239 [main] DEBUG org.hibernate.cfg.annotations.EntityBinder - Bind entity com.niit.model.FileUpload on table CProfilePic
17:40:04.240 [main] DEBUG org.hibernate.cfg.Ejb3Column - Binding column: Ejb3Column{table=org.hibernate.mapping.Table(CProfilePic), mappingColumn=ProfilePicsId, insertable=true, updatable=true, unique=false}
17:40:04.240 [main] DEBUG org.hibernate.cfg.annotations.PropertyBinder - MetadataSourceProcessor property id with lazy=false
17:40:04.240 [main] DEBUG org.hibernate.cfg.AbstractPropertyHolder - Attempting to locate auto-apply AttributeConverter for property [com.niit.model.FileUpload:id]
17:40:04.240 [main] DEBUG org.hibernate.cfg.annotations.SimpleValueBinder - building SimpleValue for id
17:40:04.240 [main] DEBUG org.hibernate.cfg.annotations.PropertyBinder - Building property id
17:40:04.241 [main] DEBUG org.hibernate.cfg.Ejb3Column - Binding column: Ejb3Column{table=org.hibernate.mapping.Table(CProfilePic), mappingColumn=filedata, insertable=true, updatable=true, unique=false}
17:40:04.241 [main] DEBUG org.hibernate.cfg.annotations.PropertyBinder - MetadataSourceProcessor property filedata with lazy=false
17:40:04.241 [main] DEBUG org.hibernate.cfg.AbstractPropertyHolder - Attempting to locate auto-apply AttributeConverter for property [com.niit.model.FileUpload:filedata]
17:40:04.241 [main] DEBUG org.hibernate.cfg.annotations.SimpleValueBinder - building SimpleValue for filedata
17:40:04.241 [main] DEBUG org.hibernate.cfg.annotations.PropertyBinder - Building property filedata
17:40:04.241 [main] DEBUG org.hibernate.cfg.Ejb3Column - Binding column: Ejb3Column{table=org.hibernate.mapping.Table(CProfilePic), mappingColumn=filename, insertable=true, updatable=true, unique=false}
17:40:04.241 [main] DEBUG org.hibernate.cfg.annotations.PropertyBinder - MetadataSourceProcessor property filename with lazy=false
17:40:04.241 [main] DEBUG org.hibernate.cfg.AbstractPropertyHolder - Attempting to locate auto-apply AttributeConverter for property [com.niit.model.FileUpload:filename]
17:40:04.242 [main] DEBUG org.hibernate.cfg.annotations.SimpleValueBinder - building SimpleValue for filename
17:40:04.242 [main] DEBUG org.hibernate.cfg.annotations.PropertyBinder - Building property filename
17:40:04.242 [main] DEBUG org.hibernate.cfg.Ejb3Column - Binding column: Ejb3Column{table=org.hibernate.mapping.Table(CProfilePic), mappingColumn=userId, insertable=true, updatable=true, unique=false}
17:40:04.242 [main] DEBUG org.hibernate.cfg.annotations.PropertyBinder - MetadataSourceProcessor property userId with lazy=false
17:40:04.242 [main] DEBUG org.hibernate.cfg.AbstractPropertyHolder - Attempting to locate auto-apply AttributeConverter for property [com.niit.model.FileUpload:userId]
17:40:04.242 [main] DEBUG org.hibernate.cfg.annotations.SimpleValueBinder - building SimpleValue for userId
17:40:04.242 [main] DEBUG org.hibernate.cfg.annotations.PropertyBinder - Building property userId
17:40:04.243 [main] DEBUG org.hibernate.cfg.AnnotationBinder - Binding entity from annotated class: com.niit.model.Forum
17:40:04.243 [main] DEBUG org.hibernate.cfg.Ejb3Column - Binding column: Ejb3DiscriminatorColumn{logicalColumnName&apos;DTYPE&apos;, discriminatorTypeName=&apos;string&apos;}
17:40:04.243 [main] DEBUG org.hibernate.cfg.AnnotationBinder - No value specified for &apos;javax.persistence.sharedCache.mode&apos;; using UNSPECIFIED
17:40:04.243 [main] DEBUG org.hibernate.cfg.annotations.EntityBinder - Import with entity name Forum
17:40:04.247 [main] DEBUG org.hibernate.cfg.annotations.EntityBinder - Bind entity com.niit.model.Forum on table CForum
17:40:04.248 [main] DEBUG org.hibernate.cfg.Ejb3Column - Binding column: Ejb3Column{table=org.hibernate.mapping.Table(CForum), mappingColumn=forumId, insertable=true, updatable=true, unique=false}
17:40:04.248 [main] DEBUG org.hibernate.cfg.annotations.PropertyBinder - MetadataSourceProcessor property forumId with lazy=false
17:40:04.248 [main] DEBUG org.hibernate.cfg.AbstractPropertyHolder - Attempting to locate auto-apply AttributeConverter for property [com.niit.model.Forum:forumId]
17:40:04.248 [main] DEBUG org.hibernate.cfg.annotations.SimpleValueBinder - building SimpleValue for forumId
17:40:04.248 [main] DEBUG org.hibernate.cfg.annotations.PropertyBinder - Building property forumId
17:40:04.249 [main] DEBUG org.hibernate.cfg.Ejb3Column - Binding column: Ejb3Column{table=org.hibernate.mapping.Table(CForum), mappingColumn=createDate, insertable=true, updatable=true, unique=false}
17:40:04.249 [main] DEBUG org.hibernate.cfg.annotations.PropertyBinder - MetadataSourceProcessor property createDate with lazy=false
17:40:04.249 [main] DEBUG org.hibernate.cfg.AbstractPropertyHolder - Attempting to locate auto-apply AttributeConverter for property [com.niit.model.Forum:createDate]
17:40:04.249 [main] DEBUG org.hibernate.cfg.annotations.SimpleValueBinder - building SimpleValue for createDate
17:40:04.249 [main] DEBUG org.hibernate.cfg.annotations.PropertyBinder - Building property createDate
17:40:04.254 [main] DEBUG org.hibernate.cfg.Ejb3Column - Binding column: Ejb3Column{table=org.hibernate.mapping.Table(CForum), mappingColumn=forumContent, insertable=true, updatable=true, unique=false}
17:40:04.254 [main] DEBUG org.hibernate.cfg.annotations.PropertyBinder - MetadataSourceProcessor property forumContent with lazy=false
17:40:04.254 [main] DEBUG org.hibernate.cfg.AbstractPropertyHolder - Attempting to locate auto-apply AttributeConverter for property [com.niit.model.Forum:forumContent]
17:40:04.254 [main] DEBUG org.hibernate.cfg.annotations.SimpleValueBinder - building SimpleValue for forumContent
17:40:04.254 [main] DEBUG org.hibernate.cfg.annotations.PropertyBinder - Building property forumContent
17:40:04.254 [main] DEBUG org.hibernate.cfg.Ejb3Column - Binding column: Ejb3Column{table=org.hibernate.mapping.Table(CForum), mappingColumn=forumName, insertable=true, updatable=true, unique=false}
17:40:04.254 [main] DEBUG org.hibernate.cfg.annotations.PropertyBinder - MetadataSourceProcessor property forumName with lazy=false
17:40:04.254 [main] DEBUG org.hibernate.cfg.AbstractPropertyHolder - Attempting to locate auto-apply AttributeConverter for property [com.niit.model.Forum:forumName]
17:40:04.255 [main] DEBUG org.hibernate.cfg.annotations.SimpleValueBinder - building SimpleValue for forumName
17:40:04.255 [main] DEBUG org.hibernate.cfg.annotations.PropertyBinder - Building property forumName
17:40:04.255 [main] DEBUG org.hibernate.cfg.Ejb3Column - Binding column: Ejb3Column{table=org.hibernate.mapping.Table(CForum), mappingColumn=remarks, insertable=true, updatable=true, unique=false}
17:40:04.255 [main] DEBUG org.hibernate.cfg.annotations.PropertyBinder - MetadataSourceProcessor property remarks with lazy=false
17:40:04.255 [main] DEBUG org.hibernate.cfg.AbstractPropertyHolder - Attempting to locate auto-apply AttributeConverter for property [com.niit.model.Forum:remarks]
17:40:04.255 [main] DEBUG org.hibernate.cfg.annotations.SimpleValueBinder - building SimpleValue for remarks
17:40:04.255 [main] DEBUG org.hibernate.cfg.annotations.PropertyBinder - Building property remarks
17:40:04.255 [main] DEBUG org.hibernate.cfg.Ejb3Column - Binding column: Ejb3Column{table=org.hibernate.mapping.Table(CForum), mappingColumn=status, insertable=true, updatable=true, unique=false}
17:40:04.255 [main] DEBUG org.hibernate.cfg.annotations.PropertyBinder - MetadataSourceProcessor property status with lazy=false
17:40:04.256 [main] DEBUG org.hibernate.cfg.AbstractPropertyHolder - Attempting to locate auto-apply AttributeConverter for property [com.niit.model.Forum:status]
17:40:04.256 [main] DEBUG org.hibernate.cfg.annotations.SimpleValueBinder - building SimpleValue for status
17:40:04.256 [main] DEBUG org.hibernate.cfg.annotations.PropertyBinder - Building property status
17:40:04.256 [main] DEBUG org.hibernate.cfg.Ejb3Column - Binding column: Ejb3Column{table=org.hibernate.mapping.Table(CForum), mappingColumn=userId, insertable=true, updatable=true, unique=false}
17:40:04.257 [main] DEBUG org.hibernate.cfg.annotations.PropertyBinder - MetadataSourceProcessor property userId with lazy=false
17:40:04.257 [main] DEBUG org.hibernate.cfg.AbstractPropertyHolder - Attempting to locate auto-apply AttributeConverter for property [com.niit.model.Forum:userId]
17:40:04.257 [main] DEBUG org.hibernate.cfg.annotations.SimpleValueBinder - building SimpleValue for userId
17:40:04.258 [main] DEBUG org.hibernate.cfg.annotations.PropertyBinder - Building property userId
17:40:04.258 [main] DEBUG org.hibernate.cfg.AnnotationBinder - Binding entity from annotated class: com.niit.model.ForumComment
17:40:04.258 [main] DEBUG org.hibernate.cfg.Ejb3Column - Binding column: Ejb3DiscriminatorColumn{logicalColumnName&apos;DTYPE&apos;, discriminatorTypeName=&apos;string&apos;}
17:40:04.261 [main] DEBUG org.hibernate.cfg.AnnotationBinder - No value specified for &apos;javax.persistence.sharedCache.mode&apos;; using UNSPECIFIED
17:40:04.261 [main] DEBUG org.hibernate.cfg.annotations.EntityBinder - Import with entity name ForumComment
17:40:04.261 [main] DEBUG org.hibernate.cfg.annotations.EntityBinder - Bind entity com.niit.model.ForumComment on table CForumComment
17:40:04.262 [main] DEBUG org.hibernate.cfg.Ejb3Column - Binding column: Ejb3Column{table=org.hibernate.mapping.Table(CForumComment), mappingColumn=forumCommentId, insertable=true, updatable=true, unique=false}
17:40:04.262 [main] DEBUG org.hibernate.cfg.annotations.PropertyBinder - MetadataSourceProcessor property forumCommentId with lazy=false
17:40:04.262 [main] DEBUG org.hibernate.cfg.AbstractPropertyHolder - Attempting to locate auto-apply AttributeConverter for property [com.niit.model.ForumComment:forumCommentId]
17:40:04.262 [main] DEBUG org.hibernate.cfg.annotations.SimpleValueBinder - building SimpleValue for forumCommentId
17:40:04.262 [main] DEBUG org.hibernate.cfg.annotations.PropertyBinder - Building property forumCommentId
17:40:04.263 [main] DEBUG org.hibernate.cfg.Ejb3Column - Binding column: Ejb3Column{table=org.hibernate.mapping.Table(CForumComment), mappingColumn=commentDate, insertable=true, updatable=true, unique=false}
17:40:04.263 [main] DEBUG org.hibernate.cfg.annotations.PropertyBinder - MetadataSourceProcessor property commentDate with lazy=false
17:40:04.263 [main] DEBUG org.hibernate.cfg.AbstractPropertyHolder - Attempting to locate auto-apply AttributeConverter for property [com.niit.model.ForumComment:commentDate]
17:40:04.263 [main] DEBUG org.hibernate.cfg.annotations.SimpleValueBinder - building SimpleValue for commentDate
17:40:04.263 [main] DEBUG org.hibernate.cfg.annotations.PropertyBinder - Building property commentDate
17:40:04.263 [main] DEBUG org.hibernate.cfg.Ejb3Column - Binding column: Ejb3Column{table=org.hibernate.mapping.Table(CForumComment), mappingColumn=forumComment, insertable=true, updatable=true, unique=false}
17:40:04.263 [main] DEBUG org.hibernate.cfg.annotations.PropertyBinder - MetadataSourceProcessor property forumComment with lazy=false
17:40:04.263 [main] DEBUG org.hibernate.cfg.AbstractPropertyHolder - Attempting to locate auto-apply AttributeConverter for property [com.niit.model.ForumComment:forumComment]
17:40:04.263 [main] DEBUG org.hibernate.cfg.annotations.SimpleValueBinder - building SimpleValue for forumComment
17:40:04.264 [main] DEBUG org.hibernate.cfg.annotations.PropertyBinder - Building property forumComment
17:40:04.264 [main] DEBUG org.hibernate.cfg.Ejb3Column - Binding column: Ejb3Column{table=org.hibernate.mapping.Table(CForumComment), mappingColumn=forumId, insertable=true, updatable=true, unique=false}
17:40:04.264 [main] DEBUG org.hibernate.cfg.annotations.PropertyBinder - MetadataSourceProcessor property forumId with lazy=false
17:40:04.264 [main] DEBUG org.hibernate.cfg.AbstractPropertyHolder - Attempting to locate auto-apply AttributeConverter for property [com.niit.model.ForumComment:forumId]
17:40:04.264 [main] DEBUG org.hibernate.cfg.annotations.SimpleValueBinder - building SimpleValue for forumId
17:40:04.264 [main] DEBUG org.hibernate.cfg.annotations.PropertyBinder - Building property forumId
17:40:04.264 [main] DEBUG org.hibernate.cfg.Ejb3Column - Binding column: Ejb3Column{table=org.hibernate.mapping.Table(CForumComment), mappingColumn=userId, insertable=true, updatable=true, unique=false}
17:40:04.264 [main] DEBUG org.hibernate.cfg.annotations.PropertyBinder - MetadataSourceProcessor property userId with lazy=false
17:40:04.264 [main] DEBUG org.hibernate.cfg.AbstractPropertyHolder - Attempting to locate auto-apply AttributeConverter for property [com.niit.model.ForumComment:userId]
17:40:04.264 [main] DEBUG org.hibernate.cfg.annotations.SimpleValueBinder - building SimpleValue for userId
17:40:04.264 [main] DEBUG org.hibernate.cfg.annotations.PropertyBinder - Building property userId
17:40:04.264 [main] DEBUG org.hibernate.cfg.Ejb3Column - Binding column: Ejb3Column{table=org.hibernate.mapping.Table(CForumComment), mappingColumn=username, insertable=true, updatable=true, unique=false}
17:40:04.264 [main] DEBUG org.hibernate.cfg.annotations.PropertyBinder - MetadataSourceProcessor property username with lazy=false
17:40:04.264 [main] DEBUG org.hibernate.cfg.AbstractPropertyHolder - Attempting to locate auto-apply AttributeConverter for property [com.niit.model.ForumComment:username]
17:40:04.264 [main] DEBUG org.hibernate.cfg.annotations.SimpleValueBinder - building SimpleValue for username
17:40:04.264 [main] DEBUG org.hibernate.cfg.annotations.PropertyBinder - Building property username
17:40:04.265 [main] DEBUG org.hibernate.cfg.AnnotationBinder - Binding entity from annotated class: com.niit.model.Friend
17:40:04.265 [main] DEBUG org.hibernate.cfg.Ejb3Column - Binding column: Ejb3DiscriminatorColumn{logicalColumnName&apos;DTYPE&apos;, discriminatorTypeName=&apos;string&apos;}
17:40:04.265 [main] DEBUG org.hibernate.cfg.AnnotationBinder - No value specified for &apos;javax.persistence.sharedCache.mode&apos;; using UNSPECIFIED
17:40:04.265 [main] DEBUG org.hibernate.cfg.annotations.EntityBinder - Import with entity name Friend
17:40:04.265 [main] DEBUG org.hibernate.cfg.annotations.EntityBinder - Bind entity com.niit.model.Friend on table CFriend
17:40:04.266 [main] DEBUG org.hibernate.cfg.Ejb3Column - Binding column: Ejb3Column{table=org.hibernate.mapping.Table(CFriend), mappingColumn=tableId, insertable=true, updatable=true, unique=false}
17:40:04.266 [main] DEBUG org.hibernate.cfg.annotations.PropertyBinder - MetadataSourceProcessor property tableId with lazy=false
17:40:04.266 [main] DEBUG org.hibernate.cfg.AbstractPropertyHolder - Attempting to locate auto-apply AttributeConverter for property [com.niit.model.Friend:tableId]
17:40:04.266 [main] DEBUG org.hibernate.cfg.annotations.SimpleValueBinder - building SimpleValue for tableId
17:40:04.266 [main] DEBUG org.hibernate.cfg.annotations.PropertyBinder - Building property tableId
17:40:04.266 [main] DEBUG org.hibernate.cfg.Ejb3Column - Binding column: Ejb3Column{table=org.hibernate.mapping.Table(CFriend), mappingColumn=friendId, insertable=true, updatable=true, unique=false}
17:40:04.266 [main] DEBUG org.hibernate.cfg.annotations.PropertyBinder - MetadataSourceProcessor property friendId with lazy=false
17:40:04.266 [main] DEBUG org.hibernate.cfg.AbstractPropertyHolder - Attempting to locate auto-apply AttributeConverter for property [com.niit.model.Friend:friendId]
17:40:04.267 [main] DEBUG org.hibernate.cfg.annotations.SimpleValueBinder - building SimpleValue for friendId
17:40:04.267 [main] DEBUG org.hibernate.cfg.annotations.PropertyBinder - Building property friendId
17:40:04.267 [main] DEBUG org.hibernate.cfg.Ejb3Column - Binding column: Ejb3Column{table=org.hibernate.mapping.Table(CFriend), mappingColumn=isOnline, insertable=true, updatable=true, unique=false}
17:40:04.267 [main] DEBUG org.hibernate.cfg.annotations.PropertyBinder - MetadataSourceProcessor property isOnline with lazy=false
17:40:04.267 [main] DEBUG org.hibernate.cfg.AbstractPropertyHolder - Attempting to locate auto-apply AttributeConverter for property [com.niit.model.Friend:isOnline]
17:40:04.267 [main] DEBUG org.hibernate.cfg.annotations.SimpleValueBinder - building SimpleValue for isOnline
17:40:04.267 [main] DEBUG org.hibernate.cfg.annotations.PropertyBinder - Building property isOnline
17:40:04.267 [main] DEBUG org.hibernate.cfg.Ejb3Column - Binding column: Ejb3Column{table=org.hibernate.mapping.Table(CFriend), mappingColumn=status, insertable=true, updatable=true, unique=false}
17:40:04.267 [main] DEBUG org.hibernate.cfg.annotations.PropertyBinder - MetadataSourceProcessor property status with lazy=false
17:40:04.267 [main] DEBUG org.hibernate.cfg.AbstractPropertyHolder - Attempting to locate auto-apply AttributeConverter for property [com.niit.model.Friend:status]
17:40:04.268 [main] DEBUG org.hibernate.cfg.annotations.SimpleValueBinder - building SimpleValue for status
17:40:04.268 [main] DEBUG org.hibernate.cfg.annotations.PropertyBinder - Building property status
17:40:04.268 [main] DEBUG org.hibernate.cfg.Ejb3Column - Binding column: Ejb3Column{table=org.hibernate.mapping.Table(CFriend), mappingColumn=userId, insertable=true, updatable=true, unique=false}
17:40:04.268 [main] DEBUG org.hibernate.cfg.annotations.PropertyBinder - MetadataSourceProcessor property userId with lazy=false
17:40:04.268 [main] DEBUG org.hibernate.cfg.AbstractPropertyHolder - Attempting to locate auto-apply AttributeConverter for property [com.niit.model.Friend:userId]
17:40:04.268 [main] DEBUG org.hibernate.cfg.annotations.SimpleValueBinder - building SimpleValue for userId
17:40:04.268 [main] DEBUG org.hibernate.cfg.annotations.PropertyBinder - Building property userId
17:40:04.268 [main] DEBUG org.hibernate.cfg.AnnotationBinder - Binding entity from annotated class: com.niit.model.Job
17:40:04.268 [main] DEBUG org.hibernate.cfg.Ejb3Column - Binding column: Ejb3DiscriminatorColumn{logicalColumnName&apos;DTYPE&apos;, discriminatorTypeName=&apos;string&apos;}
17:40:04.268 [main] DEBUG org.hibernate.cfg.AnnotationBinder - No value specified for &apos;javax.persistence.sharedCache.mode&apos;; using UNSPECIFIED
17:40:04.269 [main] DEBUG org.hibernate.cfg.annotations.EntityBinder - Import with entity name Job
17:40:04.269 [main] DEBUG org.hibernate.cfg.annotations.EntityBinder - Bind entity com.niit.model.Job on table CJob
17:40:04.270 [main] DEBUG org.hibernate.cfg.Ejb3Column - Binding column: Ejb3Column{table=org.hibernate.mapping.Table(CJob), mappingColumn=jobId, insertable=true, updatable=true, unique=false}
17:40:04.270 [main] DEBUG org.hibernate.cfg.annotations.PropertyBinder - MetadataSourceProcessor property jobId with lazy=false
17:40:04.270 [main] DEBUG org.hibernate.cfg.AbstractPropertyHolder - Attempting to locate auto-apply AttributeConverter for property [com.niit.model.Job:jobId]
17:40:04.271 [main] DEBUG org.hibernate.cfg.annotations.SimpleValueBinder - building SimpleValue for jobId
17:40:04.271 [main] DEBUG org.hibernate.cfg.annotations.PropertyBinder - Building property jobId
17:40:04.271 [main] DEBUG org.hibernate.cfg.Ejb3Column - Binding column: Ejb3Column{table=org.hibernate.mapping.Table(CJob), mappingColumn=createDate, insertable=true, updatable=true, unique=false}
17:40:04.271 [main] DEBUG org.hibernate.cfg.annotations.PropertyBinder - MetadataSourceProcessor property createDate with lazy=false
17:40:04.272 [main] DEBUG org.hibernate.cfg.AbstractPropertyHolder - Attempting to locate auto-apply AttributeConverter for property [com.niit.model.Job:createDate]
17:40:04.272 [main] DEBUG org.hibernate.cfg.annotations.SimpleValueBinder - building SimpleValue for createDate
17:40:04.272 [main] DEBUG org.hibernate.cfg.annotations.PropertyBinder - Building property createDate
17:40:04.272 [main] DEBUG org.hibernate.cfg.Ejb3Column - Binding column: Ejb3Column{table=org.hibernate.mapping.Table(CJob), mappingColumn=jobDescription, insertable=true, updatable=true, unique=false}
17:40:04.272 [main] DEBUG org.hibernate.cfg.annotations.PropertyBinder - MetadataSourceProcessor property jobDescription with lazy=false
17:40:04.272 [main] DEBUG org.hibernate.cfg.AbstractPropertyHolder - Attempting to locate auto-apply AttributeConverter for property [com.niit.model.Job:jobDescription]
17:40:04.272 [main] DEBUG org.hibernate.cfg.annotations.SimpleValueBinder - building SimpleValue for jobDescription
17:40:04.272 [main] DEBUG org.hibernate.cfg.annotations.PropertyBinder - Building property jobDescription
17:40:04.273 [main] DEBUG org.hibernate.cfg.Ejb3Column - Binding column: Ejb3Column{table=org.hibernate.mapping.Table(CJob), mappingColumn=jobQualification, insertable=true, updatable=true, unique=false}
17:40:04.273 [main] DEBUG org.hibernate.cfg.annotations.PropertyBinder - MetadataSourceProcessor property jobQualification with lazy=false
17:40:04.273 [main] DEBUG org.hibernate.cfg.AbstractPropertyHolder - Attempting to locate auto-apply AttributeConverter for property [com.niit.model.Job:jobQualification]
17:40:04.273 [main] DEBUG org.hibernate.cfg.annotations.SimpleValueBinder - building SimpleValue for jobQualification
17:40:04.273 [main] DEBUG org.hibernate.cfg.annotations.PropertyBinder - Building property jobQualification
17:40:04.273 [main] DEBUG org.hibernate.cfg.Ejb3Column - Binding column: Ejb3Column{table=org.hibernate.mapping.Table(CJob), mappingColumn=jobStatus, insertable=true, updatable=true, unique=false}
17:40:04.273 [main] DEBUG org.hibernate.cfg.annotations.PropertyBinder - MetadataSourceProcessor property jobStatus with lazy=false
17:40:04.273 [main] DEBUG org.hibernate.cfg.AbstractPropertyHolder - Attempting to locate auto-apply AttributeConverter for property [com.niit.model.Job:jobStatus]
17:40:04.274 [main] DEBUG org.hibernate.cfg.annotations.SimpleValueBinder - building SimpleValue for jobStatus
17:40:04.274 [main] DEBUG org.hibernate.cfg.annotations.PropertyBinder - Building property jobStatus
17:40:04.274 [main] DEBUG org.hibernate.cfg.Ejb3Column - Binding column: Ejb3Column{table=org.hibernate.mapping.Table(CJob), mappingColumn=jobTitle, insertable=true, updatable=true, unique=false}
17:40:04.274 [main] DEBUG org.hibernate.cfg.annotations.PropertyBinder - MetadataSourceProcessor property jobTitle with lazy=false
17:40:04.274 [main] DEBUG org.hibernate.cfg.AbstractPropertyHolder - Attempting to locate auto-apply AttributeConverter for property [com.niit.model.Job:jobTitle]
17:40:04.274 [main] DEBUG org.hibernate.cfg.annotations.SimpleValueBinder - building SimpleValue for jobTitle
17:40:04.275 [main] DEBUG org.hibernate.cfg.annotations.PropertyBinder - Building property jobTitle
17:40:04.275 [main] DEBUG org.hibernate.cfg.AnnotationBinder - Binding entity from annotated class: com.niit.model.JobApplied
17:40:04.275 [main] DEBUG org.hibernate.cfg.Ejb3Column - Binding column: Ejb3DiscriminatorColumn{logicalColumnName&apos;DTYPE&apos;, discriminatorTypeName=&apos;string&apos;}
17:40:04.275 [main] DEBUG org.hibernate.cfg.AnnotationBinder - No value specified for &apos;javax.persistence.sharedCache.mode&apos;; using UNSPECIFIED
17:40:04.275 [main] DEBUG org.hibernate.cfg.annotations.EntityBinder - Import with entity name JobApplied
17:40:04.275 [main] DEBUG org.hibernate.cfg.annotations.EntityBinder - Bind entity com.niit.model.JobApplied on table CJobApplied
17:40:04.276 [main] DEBUG org.hibernate.cfg.Ejb3Column - Binding column: Ejb3Column{table=org.hibernate.mapping.Table(CJobApplied), mappingColumn=jobAppliedId, insertable=true, updatable=true, unique=false}
17:40:04.277 [main] DEBUG org.hibernate.cfg.annotations.PropertyBinder - MetadataSourceProcessor property jobAppliedId with lazy=false
17:40:04.277 [main] DEBUG org.hibernate.cfg.AbstractPropertyHolder - Attempting to locate auto-apply AttributeConverter for property [com.niit.model.JobApplied:jobAppliedId]
17:40:04.277 [main] DEBUG org.hibernate.cfg.annotations.SimpleValueBinder - building SimpleValue for jobAppliedId
17:40:04.278 [main] DEBUG org.hibernate.cfg.annotations.PropertyBinder - Building property jobAppliedId
17:40:04.278 [main] DEBUG org.hibernate.cfg.Ejb3Column - Binding column: Ejb3Column{table=org.hibernate.mapping.Table(CJobApplied), mappingColumn=dateApplied, insertable=true, updatable=true, unique=false}
17:40:04.278 [main] DEBUG org.hibernate.cfg.annotations.PropertyBinder - MetadataSourceProcessor property dateApplied with lazy=false
17:40:04.278 [main] DEBUG org.hibernate.cfg.AbstractPropertyHolder - Attempting to locate auto-apply AttributeConverter for property [com.niit.model.JobApplied:dateApplied]
17:40:04.278 [main] DEBUG org.hibernate.cfg.annotations.SimpleValueBinder - building SimpleValue for dateApplied
17:40:04.278 [main] DEBUG org.hibernate.cfg.annotations.PropertyBinder - Building property dateApplied
17:40:04.278 [main] DEBUG org.hibernate.cfg.Ejb3Column - Binding column: Ejb3Column{table=org.hibernate.mapping.Table(CJobApplied), mappingColumn=jobId, insertable=true, updatable=true, unique=false}
17:40:04.279 [main] DEBUG org.hibernate.cfg.annotations.PropertyBinder - MetadataSourceProcessor property jobId with lazy=false
17:40:04.279 [main] DEBUG org.hibernate.cfg.AbstractPropertyHolder - Attempting to locate auto-apply AttributeConverter for property [com.niit.model.JobApplied:jobId]
17:40:04.279 [main] DEBUG org.hibernate.cfg.annotations.SimpleValueBinder - building SimpleValue for jobId
17:40:04.279 [main] DEBUG org.hibernate.cfg.annotations.PropertyBinder - Building property jobId
17:40:04.279 [main] DEBUG org.hibernate.cfg.Ejb3Column - Binding column: Ejb3Column{table=org.hibernate.mapping.Table(CJobApplied), mappingColumn=remarks, insertable=true, updatable=true, unique=false}
17:40:04.279 [main] DEBUG org.hibernate.cfg.annotations.PropertyBinder - MetadataSourceProcessor property remarks with lazy=false
17:40:04.279 [main] DEBUG org.hibernate.cfg.AbstractPropertyHolder - Attempting to locate auto-apply AttributeConverter for property [com.niit.model.JobApplied:remarks]
17:40:04.279 [main] DEBUG org.hibernate.cfg.annotations.SimpleValueBinder - building SimpleValue for remarks
17:40:04.279 [main] DEBUG org.hibernate.cfg.annotations.PropertyBinder - Building property remarks
17:40:04.280 [main] DEBUG org.hibernate.cfg.Ejb3Column - Binding column: Ejb3Column{table=org.hibernate.mapping.Table(CJobApplied), mappingColumn=status, insertable=true, updatable=true, unique=false}
17:40:04.280 [main] DEBUG org.hibernate.cfg.annotations.PropertyBinder - MetadataSourceProcessor property status with lazy=false
17:40:04.280 [main] DEBUG org.hibernate.cfg.AbstractPropertyHolder - Attempting to locate auto-apply AttributeConverter for property [com.niit.model.JobApplied:status]
17:40:04.280 [main] DEBUG org.hibernate.cfg.annotations.SimpleValueBinder - building SimpleValue for status
17:40:04.280 [main] DEBUG org.hibernate.cfg.annotations.PropertyBinder - Building property status
17:40:04.284 [main] DEBUG org.hibernate.cfg.Ejb3Column - Binding column: Ejb3Column{table=org.hibernate.mapping.Table(CJobApplied), mappingColumn=userId, insertable=true, updatable=true, unique=false}
17:40:04.284 [main] DEBUG org.hibernate.cfg.annotations.PropertyBinder - MetadataSourceProcessor property userId with lazy=false
17:40:04.284 [main] DEBUG org.hibernate.cfg.AbstractPropertyHolder - Attempting to locate auto-apply AttributeConverter for property [com.niit.model.JobApplied:userId]
17:40:04.285 [main] DEBUG org.hibernate.cfg.annotations.SimpleValueBinder - building SimpleValue for userId
17:40:04.285 [main] DEBUG org.hibernate.cfg.annotations.PropertyBinder - Building property userId
17:40:04.285 [main] DEBUG org.hibernate.cfg.AnnotationBinder - Binding entity from annotated class: com.niit.model.User
17:40:04.285 [main] DEBUG org.hibernate.cfg.Ejb3Column - Binding column: Ejb3DiscriminatorColumn{logicalColumnName&apos;DTYPE&apos;, discriminatorTypeName=&apos;string&apos;}
17:40:04.285 [main] DEBUG org.hibernate.cfg.AnnotationBinder - No value specified for &apos;javax.persistence.sharedCache.mode&apos;; using UNSPECIFIED
17:40:04.285 [main] DEBUG org.hibernate.cfg.annotations.EntityBinder - Import with entity name User
17:40:04.285 [main] DEBUG org.hibernate.cfg.annotations.EntityBinder - Bind entity com.niit.model.User on table CUser
17:40:04.286 [main] DEBUG org.hibernate.cfg.Ejb3Column - Binding column: Ejb3Column{table=org.hibernate.mapping.Table(CUser), mappingColumn=userId, insertable=true, updatable=true, unique=false}
17:40:04.286 [main] DEBUG org.hibernate.cfg.annotations.PropertyBinder - MetadataSourceProcessor property userId with lazy=false
17:40:04.286 [main] DEBUG org.hibernate.cfg.AbstractPropertyHolder - Attempting to locate auto-apply AttributeConverter for property [com.niit.model.User:userId]
17:40:04.286 [main] DEBUG org.hibernate.cfg.annotations.SimpleValueBinder - building SimpleValue for userId
17:40:04.287 [main] DEBUG org.hibernate.cfg.annotations.PropertyBinder - Building property userId
17:40:04.287 [main] DEBUG org.hibernate.cfg.Ejb3Column - Binding column: Ejb3Column{table=org.hibernate.mapping.Table(CUser), mappingColumn=email, insertable=true, updatable=true, unique=false}
17:40:04.287 [main] DEBUG org.hibernate.cfg.annotations.PropertyBinder - MetadataSourceProcessor property email with lazy=false
17:40:04.287 [main] DEBUG org.hibernate.cfg.AbstractPropertyHolder - Attempting to locate auto-apply AttributeConverter for property [com.niit.model.User:email]
17:40:04.287 [main] DEBUG org.hibernate.cfg.annotations.SimpleValueBinder - building SimpleValue for email
17:40:04.287 [main] DEBUG org.hibernate.cfg.annotations.PropertyBinder - Building property email
17:40:04.288 [main] DEBUG org.hibernate.cfg.Ejb3Column - Binding column: Ejb3Column{table=org.hibernate.mapping.Table(CUser), mappingColumn=firstname, insertable=true, updatable=true, unique=false}
17:40:04.288 [main] DEBUG org.hibernate.cfg.annotations.PropertyBinder - MetadataSourceProcessor property firstname with lazy=false
17:40:04.288 [main] DEBUG org.hibernate.cfg.AbstractPropertyHolder - Attempting to locate auto-apply AttributeConverter for property [com.niit.model.User:firstname]
17:40:04.288 [main] DEBUG org.hibernate.cfg.annotations.SimpleValueBinder - building SimpleValue for firstname
17:40:04.288 [main] DEBUG org.hibernate.cfg.annotations.PropertyBinder - Building property firstname
17:40:04.288 [main] DEBUG org.hibernate.cfg.Ejb3Column - Binding column: Ejb3Column{table=org.hibernate.mapping.Table(CUser), mappingColumn=isOnline, insertable=true, updatable=true, unique=false}
17:40:04.288 [main] DEBUG org.hibernate.cfg.annotations.PropertyBinder - MetadataSourceProcessor property isOnline with lazy=false
17:40:04.288 [main] DEBUG org.hibernate.cfg.AbstractPropertyHolder - Attempting to locate auto-apply AttributeConverter for property [com.niit.model.User:isOnline]
17:40:04.289 [main] DEBUG org.hibernate.cfg.annotations.SimpleValueBinder - building SimpleValue for isOnline
17:40:04.289 [main] DEBUG org.hibernate.cfg.annotations.PropertyBinder - Building property isOnline
17:40:04.289 [main] DEBUG org.hibernate.cfg.Ejb3Column - Binding column: Ejb3Column{table=org.hibernate.mapping.Table(CUser), mappingColumn=lastname, insertable=true, updatable=true, unique=false}
17:40:04.289 [main] DEBUG org.hibernate.cfg.annotations.PropertyBinder - MetadataSourceProcessor property lastname with lazy=false
17:40:04.289 [main] DEBUG org.hibernate.cfg.AbstractPropertyHolder - Attempting to locate auto-apply AttributeConverter for property [com.niit.model.User:lastname]
17:40:04.289 [main] DEBUG org.hibernate.cfg.annotations.SimpleValueBinder - building SimpleValue for lastname
17:40:04.289 [main] DEBUG org.hibernate.cfg.annotations.PropertyBinder - Building property lastname
17:40:04.289 [main] DEBUG org.hibernate.cfg.Ejb3Column - Binding column: Ejb3Column{table=org.hibernate.mapping.Table(CUser), mappingColumn=password, insertable=true, updatable=true, unique=false}
17:40:04.289 [main] DEBUG org.hibernate.cfg.annotations.PropertyBinder - MetadataSourceProcessor property password with lazy=false
17:40:04.289 [main] DEBUG org.hibernate.cfg.AbstractPropertyHolder - Attempting to locate auto-apply AttributeConverter for property [com.niit.model.User:password]
17:40:04.289 [main] DEBUG org.hibernate.cfg.annotations.SimpleValueBinder - building SimpleValue for password
17:40:04.290 [main] DEBUG org.hibernate.cfg.annotations.PropertyBinder - Building property password
17:40:04.290 [main] DEBUG org.hibernate.cfg.Ejb3Column - Binding column: Ejb3Column{table=org.hibernate.mapping.Table(CUser), mappingColumn=remarks, insertable=true, updatable=true, unique=false}
17:40:04.290 [main] DEBUG org.hibernate.cfg.annotations.PropertyBinder - MetadataSourceProcessor property remarks with lazy=false
17:40:04.290 [main] DEBUG org.hibernate.cfg.AbstractPropertyHolder - Attempting to locate auto-apply AttributeConverter for property [com.niit.model.User:remarks]
17:40:04.290 [main] DEBUG org.hibernate.cfg.annotations.SimpleValueBinder - building SimpleValue for remarks
17:40:04.290 [main] DEBUG org.hibernate.cfg.annotations.PropertyBinder - Building property remarks
17:40:04.290 [main] DEBUG org.hibernate.cfg.Ejb3Column - Binding column: Ejb3Column{table=org.hibernate.mapping.Table(CUser), mappingColumn=role, insertable=true, updatable=true, unique=false}
17:40:04.290 [main] DEBUG org.hibernate.cfg.annotations.PropertyBinder - MetadataSourceProcessor property role with lazy=false
17:40:04.291 [main] DEBUG org.hibernate.cfg.AbstractPropertyHolder - Attempting to locate auto-apply AttributeConverter for property [com.niit.model.User:role]
17:40:04.291 [main] DEBUG org.hibernate.cfg.annotations.SimpleValueBinder - building SimpleValue for role
17:40:04.291 [main] DEBUG org.hibernate.cfg.annotations.PropertyBinder - Building property role
17:40:04.291 [main] DEBUG org.hibernate.cfg.Ejb3Column - Binding column: Ejb3Column{table=org.hibernate.mapping.Table(CUser), mappingColumn=status, insertable=true, updatable=true, unique=false}
17:40:04.292 [main] DEBUG org.hibernate.cfg.annotations.PropertyBinder - MetadataSourceProcessor property status with lazy=false
17:40:04.292 [main] DEBUG org.hibernate.cfg.AbstractPropertyHolder - Attempting to locate auto-apply AttributeConverter for property [com.niit.model.User:status]
17:40:04.292 [main] DEBUG org.hibernate.cfg.annotations.SimpleValueBinder - building SimpleValue for status
17:40:04.292 [main] DEBUG org.hibernate.cfg.annotations.PropertyBinder - Building property status
17:40:04.293 [main] DEBUG org.hibernate.cfg.annotations.SimpleValueBinder - Starting fillSimpleValue for blogId
17:40:04.293 [main] DEBUG org.hibernate.cfg.annotations.SimpleValueBinder - Starting fillSimpleValue for blogContent
17:40:04.293 [main] DEBUG org.hibernate.cfg.annotations.SimpleValueBinder - Starting fillSimpleValue for blogName
17:40:04.293 [main] DEBUG org.hibernate.cfg.annotations.SimpleValueBinder - Starting fillSimpleValue for createDate
17:40:04.293 [main] DEBUG org.hibernate.cfg.annotations.SimpleValueBinder - Starting fillSimpleValue for likes
17:40:04.293 [main] DEBUG org.hibernate.cfg.annotations.SimpleValueBinder - Starting fillSimpleValue for remarks
17:40:04.293 [main] DEBUG org.hibernate.cfg.annotations.SimpleValueBinder - Starting fillSimpleValue for status
17:40:04.293 [main] DEBUG org.hibernate.cfg.annotations.SimpleValueBinder - Starting fillSimpleValue for userId
17:40:04.294 [main] DEBUG org.hibernate.cfg.annotations.SimpleValueBinder - Starting fillSimpleValue for blogCommentId
17:40:04.294 [main] DEBUG org.hibernate.cfg.annotations.SimpleValueBinder - Starting fillSimpleValue for blogComment
17:40:04.295 [main] DEBUG org.hibernate.cfg.annotations.SimpleValueBinder - Starting fillSimpleValue for blogId
17:40:04.295 [main] DEBUG org.hibernate.cfg.annotations.SimpleValueBinder - Starting fillSimpleValue for commentDate
17:40:04.297 [main] DEBUG org.hibernate.cfg.annotations.SimpleValueBinder - Starting fillSimpleValue for userId
17:40:04.298 [main] DEBUG org.hibernate.cfg.annotations.SimpleValueBinder - Starting fillSimpleValue for username
17:40:04.298 [main] DEBUG org.hibernate.cfg.annotations.SimpleValueBinder - Starting fillSimpleValue for id
17:40:04.298 [main] DEBUG org.hibernate.cfg.annotations.SimpleValueBinder - Starting fillSimpleValue for createdDate
17:40:04.298 [main] DEBUG org.hibernate.cfg.annotations.SimpleValueBinder - Starting fillSimpleValue for message
17:40:04.298 [main] DEBUG org.hibernate.cfg.annotations.SimpleValueBinder - Starting fillSimpleValue for userID
17:40:04.298 [main] DEBUG org.hibernate.cfg.annotations.SimpleValueBinder - Starting fillSimpleValue for id
17:40:04.298 [main] DEBUG org.hibernate.cfg.annotations.SimpleValueBinder - Starting fillSimpleValue for filedata
17:40:04.298 [main] DEBUG org.hibernate.cfg.annotations.SimpleValueBinder - Starting fillSimpleValue for filename
17:40:04.298 [main] DEBUG org.hibernate.cfg.annotations.SimpleValueBinder - Starting fillSimpleValue for userId
17:40:04.298 [main] DEBUG org.hibernate.cfg.annotations.SimpleValueBinder - Starting fillSimpleValue for forumId
17:40:04.299 [main] DEBUG org.hibernate.cfg.annotations.SimpleValueBinder - Starting fillSimpleValue for createDate
17:40:04.299 [main] DEBUG org.hibernate.cfg.annotations.SimpleValueBinder - Starting fillSimpleValue for forumContent
17:40:04.299 [main] DEBUG org.hibernate.cfg.annotations.SimpleValueBinder - Starting fillSimpleValue for forumName
17:40:04.299 [main] DEBUG org.hibernate.cfg.annotations.SimpleValueBinder - Starting fillSimpleValue for remarks
17:40:04.299 [main] DEBUG org.hibernate.cfg.annotations.SimpleValueBinder - Starting fillSimpleValue for status
17:40:04.299 [main] DEBUG org.hibernate.cfg.annotations.SimpleValueBinder - Starting fillSimpleValue for userId
17:40:04.299 [main] DEBUG org.hibernate.cfg.annotations.SimpleValueBinder - Starting fillSimpleValue for forumCommentId
17:40:04.299 [main] DEBUG org.hibernate.cfg.annotations.SimpleValueBinder - Starting fillSimpleValue for commentDate
17:40:04.299 [main] DEBUG org.hibernate.cfg.annotations.SimpleValueBinder - Starting fillSimpleValue for forumComment
17:40:04.299 [main] DEBUG org.hibernate.cfg.annotations.SimpleValueBinder - Starting fillSimpleValue for forumId
17:40:04.299 [main] DEBUG org.hibernate.cfg.annotations.SimpleValueBinder - Starting fillSimpleValue for userId
17:40:04.299 [main] DEBUG org.hibernate.cfg.annotations.SimpleValueBinder - Starting fillSimpleValue for username
17:40:04.299 [main] DEBUG org.hibernate.cfg.annotations.SimpleValueBinder - Starting fillSimpleValue for tableId
17:40:04.300 [main] DEBUG org.hibernate.cfg.annotations.SimpleValueBinder - Starting fillSimpleValue for friendId
17:40:04.300 [main] DEBUG org.hibernate.cfg.annotations.SimpleValueBinder - Starting fillSimpleValue for isOnline
17:40:04.300 [main] DEBUG org.hibernate.cfg.annotations.SimpleValueBinder - Starting fillSimpleValue for status
17:40:04.300 [main] DEBUG org.hibernate.cfg.annotations.SimpleValueBinder - Starting fillSimpleValue for userId
17:40:04.300 [main] DEBUG org.hibernate.cfg.annotations.SimpleValueBinder - Starting fillSimpleValue for jobId
17:40:04.300 [main] DEBUG org.hibernate.cfg.annotations.SimpleValueBinder - Starting fillSimpleValue for createDate
17:40:04.300 [main] DEBUG org.hibernate.cfg.annotations.SimpleValueBinder - Starting fillSimpleValue for jobDescription
17:40:04.300 [main] DEBUG org.hibernate.cfg.annotations.SimpleValueBinder - Starting fillSimpleValue for jobQualification
17:40:04.300 [main] DEBUG org.hibernate.cfg.annotations.SimpleValueBinder - Starting fillSimpleValue for jobStatus
17:40:04.300 [main] DEBUG org.hibernate.cfg.annotations.SimpleValueBinder - Starting fillSimpleValue for jobTitle
17:40:04.300 [main] DEBUG org.hibernate.cfg.annotations.SimpleValueBinder - Starting fillSimpleValue for jobAppliedId
17:40:04.300 [main] DEBUG org.hibernate.cfg.annotations.SimpleValueBinder - Starting fillSimpleValue for dateApplied
17:40:04.301 [main] DEBUG org.hibernate.cfg.annotations.SimpleValueBinder - Starting fillSimpleValue for jobId
17:40:04.301 [main] DEBUG org.hibernate.cfg.annotations.SimpleValueBinder - Starting fillSimpleValue for remarks
17:40:04.301 [main] DEBUG org.hibernate.cfg.annotations.SimpleValueBinder - Starting fillSimpleValue for status
17:40:04.301 [main] DEBUG org.hibernate.cfg.annotations.SimpleValueBinder - Starting fillSimpleValue for userId
17:40:04.301 [main] DEBUG org.hibernate.cfg.annotations.SimpleValueBinder - Starting fillSimpleValue for userId
17:40:04.301 [main] DEBUG org.hibernate.cfg.annotations.SimpleValueBinder - Starting fillSimpleValue for email
17:40:04.301 [main] DEBUG org.hibernate.cfg.annotations.SimpleValueBinder - Starting fillSimpleValue for firstname
17:40:04.301 [main] DEBUG org.hibernate.cfg.annotations.SimpleValueBinder - Starting fillSimpleValue for isOnline
17:40:04.301 [main] DEBUG org.hibernate.cfg.annotations.SimpleValueBinder - Starting fillSimpleValue for lastname
17:40:04.301 [main] DEBUG org.hibernate.cfg.annotations.SimpleValueBinder - Starting fillSimpleValue for password
17:40:04.301 [main] DEBUG org.hibernate.cfg.annotations.SimpleValueBinder - Starting fillSimpleValue for remarks
17:40:04.301 [main] DEBUG org.hibernate.cfg.annotations.SimpleValueBinder - Starting fillSimpleValue for role
17:40:04.301 [main] DEBUG org.hibernate.cfg.annotations.SimpleValueBinder - Starting fillSimpleValue for status
17:40:04.319 [main] DEBUG org.hibernate.cfg.Configuration - Processing fk mappings (*ToOne and JoinedSubclass)
17:40:04.319 [main] DEBUG org.hibernate.cfg.Configuration - Processing extends queue
17:40:04.319 [main] DEBUG org.hibernate.cfg.Configuration - Processing extends queue
17:40:04.319 [main] DEBUG org.hibernate.cfg.Configuration - Processing collection mappings
17:40:04.319 [main] DEBUG org.hibernate.cfg.Configuration - Processing native query and ResultSetMapping mappings
17:40:04.319 [main] DEBUG org.hibernate.cfg.Configuration - Processing association property references
17:40:04.319 [main] DEBUG org.hibernate.cfg.Configuration - Creating tables&apos; unique integer identifiers
17:40:04.319 [main] DEBUG org.hibernate.cfg.Configuration - Processing foreign key constraints
17:40:04.320 [main] DEBUG org.hibernate.engine.transaction.jta.platform.internal.JtaPlatformInitiator - No JtaPlatform was specified, checking resolver
17:40:04.321 [main] DEBUG org.hibernate.engine.transaction.jta.platform.internal.JtaPlatformResolverInitiator - No JtaPlatformResolver was specified, using default [org.hibernate.engine.transaction.jta.platform.internal.StandardJtaPlatformResolver]
17:40:04.324 [main] DEBUG org.hibernate.engine.transaction.jta.platform.internal.StandardJtaPlatformResolver - Could not resolve JtaPlatform, using default [org.hibernate.engine.transaction.jta.platform.internal.NoJtaPlatform]
17:40:04.324 [main] DEBUG org.hibernate.cfg.SettingsFactory - Automatic flush during beforeCompletion(): disabled
17:40:04.324 [main] DEBUG org.hibernate.cfg.SettingsFactory - Automatic session close at end of transaction: disabled
17:40:04.324 [main] DEBUG org.hibernate.cfg.SettingsFactory - JDBC batch size: 15
17:40:04.324 [main] DEBUG org.hibernate.cfg.SettingsFactory - JDBC batch updates for versioned data: disabled
17:40:04.324 [main] DEBUG org.hibernate.cfg.SettingsFactory - Scrollable result sets: enabled
17:40:04.324 [main] DEBUG org.hibernate.cfg.SettingsFactory - Wrap result sets: disabled
17:40:04.324 [main] DEBUG org.hibernate.cfg.SettingsFactory - JDBC3 getGeneratedKeys(): enabled
17:40:04.324 [main] DEBUG org.hibernate.cfg.SettingsFactory - multi-tenancy strategy : NONE
17:40:04.324 [main] DEBUG org.hibernate.cfg.SettingsFactory - Connection release mode: auto
17:40:04.325 [main] INFO org.hibernate.engine.transaction.internal.TransactionFactoryInitiator - HHH000399: Using default transaction strategy (direct JDBC transactions)
17:40:04.325 [main] DEBUG org.hibernate.cfg.SettingsFactory - Using BatchFetchStyle : LEGACY
17:40:04.325 [main] DEBUG org.hibernate.cfg.SettingsFactory - Default batch fetch size: 1
17:40:04.325 [main] DEBUG org.hibernate.cfg.SettingsFactory - Generate SQL with comments: disabled
17:40:04.325 [main] DEBUG org.hibernate.cfg.SettingsFactory - Order SQL updates by primary key: disabled
17:40:04.325 [main] DEBUG org.hibernate.cfg.SettingsFactory - Order SQL inserts for batching: disabled
17:40:04.325 [main] DEBUG org.hibernate.cfg.SettingsFactory - Default null ordering: none
17:40:04.325 [main] DEBUG org.hibernate.cfg.SettingsFactory - Query translator: org.hibernate.hql.internal.ast.ASTQueryTranslatorFactory
17:40:04.325 [main] INFO org.hibernate.hql.internal.ast.ASTQueryTranslatorFactory - HHH000397: Using ASTQueryTranslatorFactory
17:40:04.325 [main] DEBUG org.hibernate.cfg.SettingsFactory - Query language substitutions: {}
17:40:04.325 [main] DEBUG org.hibernate.cfg.SettingsFactory - JPA-QL strict compliance: disabled
17:40:04.325 [main] DEBUG org.hibernate.cfg.SettingsFactory - Second-level cache: enabled
17:40:04.325 [main] DEBUG org.hibernate.cfg.SettingsFactory - Query cache: disabled
17:40:04.325 [main] DEBUG org.hibernate.cache.internal.RegionFactoryInitiator - Cache region factory : org.hibernate.cache.internal.NoCachingRegionFactory
17:40:04.325 [main] DEBUG org.hibernate.cfg.SettingsFactory - Optimize cache for minimal puts: disabled
17:40:04.325 [main] DEBUG org.hibernate.cfg.SettingsFactory - Structured second-level cache entries: disabled
17:40:04.326 [main] DEBUG org.hibernate.cfg.SettingsFactory - Second-level cache direct-reference entries: disabled
17:40:04.326 [main] DEBUG org.hibernate.cfg.SettingsFactory - Automatic eviction of collection cache: disabled
17:40:04.326 [main] DEBUG org.hibernate.cfg.SettingsFactory - Statistics: disabled
17:40:04.326 [main] DEBUG org.hibernate.cfg.SettingsFactory - Deleted entity synthetic identifier rollback: disabled
17:40:04.326 [main] DEBUG org.hibernate.cfg.SettingsFactory - Default entity-mode: pojo
17:40:04.326 [main] DEBUG org.hibernate.cfg.SettingsFactory - Named query checking : enabled
17:40:04.326 [main] DEBUG org.hibernate.cfg.SettingsFactory - Check Nullability in Core (should be disabled when Bean Validation is on): enabled
17:40:04.326 [main] DEBUG org.hibernate.cfg.SettingsFactory - Allow initialization of lazy state outside session : : disabled
17:40:04.326 [main] DEBUG org.hibernate.cfg.SettingsFactory - JTA Track by Thread: enabled
17:40:04.326 [main] DEBUG org.hibernate.internal.SessionFactoryImpl - Building session factory
17:40:04.331 [main] DEBUG org.hibernate.internal.SessionFactoryImpl - Session factory constructed with filter configurations : {}
17:40:04.332 [main] DEBUG org.hibernate.internal.SessionFactoryImpl - Instantiating session factory with properties: {java.runtime.name=Java(TM) SE Runtime Environment, sun.boot.library.path=C:\Program Files\Java\jdk1.8.0_141\jre\bin, java.vm.version=25.141-b15, java.vm.vendor=Oracle Corporation, java.vendor.url=http://java.oracle.com/, path.separator=;, java.vm.name=Java HotSpot(TM) 64-Bit Server VM, file.encoding.pkg=sun.io, user.script=, user.country=US, sun.java.launcher=SUN_STANDARD, sun.os.patch.level=, java.vm.specification.name=Java Virtual Machine Specification, user.dir=E:\ALL-Workspaces\collaboration_project\CollaborationProjectBackend, java.runtime.version=1.8.0_141-b15, java.awt.graphicsenv=sun.awt.Win32GraphicsEnvironment, basedir=E:\ALL-Workspaces\collaboration_project\CollaborationProjectBackend, hibernate.current_session_context_class=org.springframework.orm.hibernate4.SpringSessionContext, java.endorsed.dirs=C:\Program Files\Java\jdk1.8.0_141\jre\lib\endorsed, os.arch=amd64, surefire.real.class.path=E:\ALL-Workspaces\collaboration_project\CollaborationProjectBackend\target\surefire\surefirebooter6190115360083772269.jar, java.io.tmpdir=C:\Users\lalak\AppData\Local\Temp\, line.separator=
, java.vm.specification.vendor=Oracle Corporation, user.variant=, os.name=Windows 10, sun.jnu.encoding=Cp1252, java.library.path=C:\Program Files\Java\jdk1.8.0_141\jre\bin;C:\WINDOWS\Sun\Java\bin;C:\WINDOWS\system32;C:\WINDOWS;C:/Program Files/Java/jdk1.8.0_141/bin/../jre/bin/server;C:/Program Files/Java/jdk1.8.0_141/bin/../jre/bin;C:/Program Files/Java/jdk1.8.0_141/bin/../jre/lib/amd64;C:\WINDOWS\system32;C:\WINDOWS;C:\WINDOWS\System32\Wbem;C:\WINDOWS\System32\WindowsPowerShell\v1.0\;C:\apache-maven-3.5.0\bin;E:\DontDisturb\Tomcat9;C:\Program Files\Java\jdk1.8.0_141\bin;C:\Users\lalak\AppData\Local\Microsoft\WindowsApps;;C:\eclipse-jee-oxygen-R-win32-x86_64\eclipse;;., hibernate.connection.datasource=org.springframework.jdbc.datasource.DriverManagerDataSource@326e0b8e, surefire.test.class.path=E:\ALL-Workspaces\collaboration_project\CollaborationProjectBackend\target\test-classes;E:\ALL-Workspaces\collaboration_project\CollaborationProjectBackend\target\classes;C:\Users\lalak\.m2\repository\junit\junit\4.12\junit-4.12.jar;C:\Users\lalak\.m2\repository\org\hamcrest\hamcrest-core\1.3\hamcrest-core-1.3.jar;C:\Users\lalak\.m2\repository\com\h2database\h2\1.4.195\h2-1.4.195.jar;C:\Users\lalak\.m2\repository\javax\servlet\javax.servlet-api\3.1.0\javax.servlet-api-3.1.0.jar;C:\Users\lalak\.m2\repository\javax\validation\validation-api\1.0.0.GA\validation-api-1.0.0.GA.jar;C:\Users\lalak\.m2\repository\org\springframework\spring-context\4.3.10.RELEASE\spring-context-4.3.10.RELEASE.jar;C:\Users\lalak\.m2\repository\org\springframework\spring-expression\4.3.10.RELEASE\spring-expression-4.3.10.RELEASE.jar;C:\Users\lalak\.m2\repository\org\springframework\spring-core\4.3.10.RELEASE\spring-core-4.3.10.RELEASE.jar;C:\Users\lalak\.m2\repository\commons-logging\commons-logging\1.2\commons-logging-1.2.jar;C:\Users\lalak\.m2\repository\org\springframework\spring-orm\4.3.10.RELEASE\spring-orm-4.3.10.RELEASE.jar;C:\Users\lalak\.m2\repository\org\springframework\spring-jdbc\4.3.10.RELEASE\spring-jdbc-4.3.10.RELEASE.jar;C:\Users\lalak\.m2\repository\org\springframework\spring-tx\4.3.10.RELEASE\spring-tx-4.3.10.RELEASE.jar;C:\Users\lalak\.m2\repository\org\springframework\spring-beans\4.3.10.RELEASE\spring-beans-4.3.10.RELEASE.jar;C:\Users\lalak\.m2\repository\org\springframework\spring-web\4.3.10.RELEASE\spring-web-4.3.10.RELEASE.jar;C:\Users\lalak\.m2\repository\org\springframework\spring-webmvc\4.3.10.RELEASE\spring-webmvc-4.3.10.RELEASE.jar;C:\Users\lalak\.m2\repository\org\springframework\spring-test\4.3.10.RELEASE\spring-test-4.3.10.RELEASE.jar;C:\Users\lalak\.m2\repository\org\springframework\spring-aop\4.3.10.RELEASE\spring-aop-4.3.10.RELEASE.jar;C:\Users\lalak\.m2\repository\org\springframework\spring-messaging\4.3.10.RELEASE\spring-messaging-4.3.10.RELEASE.jar;C:\Users\lalak\.m2\repository\org\springframework\spring-websocket\4.3.10.RELEASE\spring-websocket-4.3.10.RELEASE.jar;C:\Users\lalak\.m2\repository\org\hibernate\hibernate-core\4.3.5.Final\hibernate-core-4.3.5.Final.jar;C:\Users\lalak\.m2\repository\org\jboss\logging\jboss-logging\3.1.3.GA\jboss-logging-3.1.3.GA.jar;C:\Users\lalak\.m2\repository\org\jboss\logging\jboss-logging-annotations\1.2.0.Beta1\jboss-logging-annotations-1.2.0.Beta1.jar;C:\Users\lalak\.m2\repository\org\jboss\spec\javax\transaction\jboss-transaction-api_1.2_spec\1.0.0.Final\jboss-transaction-api_1.2_spec-1.0.0.Final.jar;C:\Users\lalak\.m2\repository\dom4j\dom4j\1.6.1\dom4j-1.6.1.jar;C:\Users\lalak\.m2\repository\xml-apis\xml-apis\1.0.b2\xml-apis-1.0.b2.jar;C:\Users\lalak\.m2\repository\org\hibernate\common\hibernate-commons-annotations\4.0.4.Final\hibernate-commons-annotations-4.0.4.Final.jar;C:\Users\lalak\.m2\repository\org\hibernate\javax\persistence\hibernate-jpa-2.1-api\1.0.0.Final\hibernate-jpa-2.1-api-1.0.0.Final.jar;C:\Users\lalak\.m2\repository\org\javassist\javassist\3.18.1-GA\javassist-3.18.1-GA.jar;C:\Users\lalak\.m2\repository\antlr\antlr\2.7.7\antlr-2.7.7.jar;C:\Users\lalak\.m2\repository\org\jboss\jandex\1.1.0.Final\jandex-1.1.0.Final.jar;C:\Users\lalak\.m2\repository\org\hibernate\hibernate-validator\4.0.2.GA\hibernate-validator-4.0.2.GA.jar;C:\Users\lalak\.m2\repository\javax\xml\bind\jaxb-api\2.1\jaxb-api-2.1.jar;C:\Users\lalak\.m2\repository\javax\xml\stream\stax-api\1.0-2\stax-api-1.0-2.jar;C:\Users\lalak\.m2\repository\javax\activation\activation\1.1\activation-1.1.jar;C:\Users\lalak\.m2\repository\com\sun\xml\bind\jaxb-impl\2.1.3\jaxb-impl-2.1.3.jar;C:\Users\lalak\.m2\repository\com\fasterxml\jackson\core\jackson-databind\2.7.5\jackson-databind-2.7.5.jar;C:\Users\lalak\.m2\repository\com\fasterxml\jackson\core\jackson-annotations\2.7.0\jackson-annotations-2.7.0.jar;C:\Users\lalak\.m2\repository\com\fasterxml\jackson\core\jackson-core\2.7.5\jackson-core-2.7.5.jar;C:\Users\lalak\.m2\repository\org\slf4j\slf4j-api\1.7.1\slf4j-api-1.7.1.jar;C:\Users\lalak\.m2\repository\ch\qos\logback\logback-classic\1.1.7\logback-classic-1.1.7.jar;C:\Users\lalak\.m2\repository\ch\qos\logback\logback-core\1.1.7\logback-core-1.1.7.jar;C:\Users\lalak\.m2\repository\javax\websocket\javax.websocket-api\1.1\javax.websocket-api-1.1.jar;C:\Users\lalak\.m2\repository\commons-io\commons-io\2.5\commons-io-2.5.jar;C:\Users\lalak\.m2\repository\commons-fileupload\commons-fileupload\1.3.2\commons-fileupload-1.3.2.jar;, java.specification.name=Java Platform API Specification, java.class.version=52.0, sun.management.compiler=HotSpot 64-Bit Tiered Compilers, os.version=10.0, user.home=C:\Users\lalak, user.timezone=Asia/Calcutta, java.awt.printerjob=sun.awt.windows.WPrinterJob, java.specification.version=1.8, file.encoding=Cp1252, user.name=lalak, java.class.path=E:\ALL-Workspaces\collaboration_project\CollaborationProjectBackend\target\test-classes;E:\ALL-Workspaces\collaboration_project\CollaborationProjectBackend\target\classes;C:\Users\lalak\.m2\repository\junit\junit\4.12\junit-4.12.jar;C:\Users\lalak\.m2\repository\org\hamcrest\hamcrest-core\1.3\hamcrest-core-1.3.jar;C:\Users\lalak\.m2\repository\com\h2database\h2\1.4.195\h2-1.4.195.jar;C:\Users\lalak\.m2\repository\javax\servlet\javax.servlet-api\3.1.0\javax.servlet-api-3.1.0.jar;C:\Users\lalak\.m2\repository\javax\validation\validation-api\1.0.0.GA\validation-api-1.0.0.GA.jar;C:\Users\lalak\.m2\repository\org\springframework\spring-context\4.3.10.RELEASE\spring-context-4.3.10.RELEASE.jar;C:\Users\lalak\.m2\repository\org\springframework\spring-expression\4.3.10.RELEASE\spring-expression-4.3.10.RELEASE.jar;C:\Users\lalak\.m2\repository\org\springframework\spring-core\4.3.10.RELEASE\spring-core-4.3.10.RELEASE.jar;C:\Users\lalak\.m2\repository\commons-logging\commons-logging\1.2\commons-logging-1.2.jar;C:\Users\lalak\.m2\repository\org\springframework\spring-orm\4.3.10.RELEASE\spring-orm-4.3.10.RELEASE.jar;C:\Users\lalak\.m2\repository\org\springframework\spring-jdbc\4.3.10.RELEASE\spring-jdbc-4.3.10.RELEASE.jar;C:\Users\lalak\.m2\repository\org\springframework\spring-tx\4.3.10.RELEASE\spring-tx-4.3.10.RELEASE.jar;C:\Users\lalak\.m2\repository\org\springframework\spring-beans\4.3.10.RELEASE\spring-beans-4.3.10.RELEASE.jar;C:\Users\lalak\.m2\repository\org\springframework\spring-web\4.3.10.RELEASE\spring-web-4.3.10.RELEASE.jar;C:\Users\lalak\.m2\repository\org\springframework\spring-webmvc\4.3.10.RELEASE\spring-webmvc-4.3.10.RELEASE.jar;C:\Users\lalak\.m2\repository\org\springframework\spring-test\4.3.10.RELEASE\spring-test-4.3.10.RELEASE.jar;C:\Users\lalak\.m2\repository\org\springframework\spring-aop\4.3.10.RELEASE\spring-aop-4.3.10.RELEASE.jar;C:\Users\lalak\.m2\repository\org\springframework\spring-messaging\4.3.10.RELEASE\spring-messaging-4.3.10.RELEASE.jar;C:\Users\lalak\.m2\repository\org\springframework\spring-websocket\4.3.10.RELEASE\spring-websocket-4.3.10.RELEASE.jar;C:\Users\lalak\.m2\repository\org\hibernate\hibernate-core\4.3.5.Final\hibernate-core-4.3.5.Final.jar;C:\Users\lalak\.m2\repository\org\jboss\logging\jboss-logging\3.1.3.GA\jboss-logging-3.1.3.GA.jar;C:\Users\lalak\.m2\repository\org\jboss\logging\jboss-logging-annotations\1.2.0.Beta1\jboss-logging-annotations-1.2.0.Beta1.jar;C:\Users\lalak\.m2\repository\org\jboss\spec\javax\transaction\jboss-transaction-api_1.2_spec\1.0.0.Final\jboss-transaction-api_1.2_spec-1.0.0.Final.jar;C:\Users\lalak\.m2\repository\dom4j\dom4j\1.6.1\dom4j-1.6.1.jar;C:\Users\lalak\.m2\repository\xml-apis\xml-apis\1.0.b2\xml-apis-1.0.b2.jar;C:\Users\lalak\.m2\repository\org\hibernate\common\hibernate-commons-annotations\4.0.4.Final\hibernate-commons-annotations-4.0.4.Final.jar;C:\Users\lalak\.m2\repository\org\hibernate\javax\persistence\hibernate-jpa-2.1-api\1.0.0.Final\hibernate-jpa-2.1-api-1.0.0.Final.jar;C:\Users\lalak\.m2\repository\org\javassist\javassist\3.18.1-GA\javassist-3.18.1-GA.jar;C:\Users\lalak\.m2\repository\antlr\antlr\2.7.7\antlr-2.7.7.jar;C:\Users\lalak\.m2\repository\org\jboss\jandex\1.1.0.Final\jandex-1.1.0.Final.jar;C:\Users\lalak\.m2\repository\org\hibernate\hibernate-validator\4.0.2.GA\hibernate-validator-4.0.2.GA.jar;C:\Users\lalak\.m2\repository\javax\xml\bind\jaxb-api\2.1\jaxb-api-2.1.jar;C:\Users\lalak\.m2\repository\javax\xml\stream\stax-api\1.0-2\stax-api-1.0-2.jar;C:\Users\lalak\.m2\repository\javax\activation\activation\1.1\activation-1.1.jar;C:\Users\lalak\.m2\repository\com\sun\xml\bind\jaxb-impl\2.1.3\jaxb-impl-2.1.3.jar;C:\Users\lalak\.m2\repository\com\fasterxml\jackson\core\jackson-databind\2.7.5\jackson-databind-2.7.5.jar;C:\Users\lalak\.m2\repository\com\fasterxml\jackson\core\jackson-annotations\2.7.0\jackson-annotations-2.7.0.jar;C:\Users\lalak\.m2\repository\com\fasterxml\jackson\core\jackson-core\2.7.5\jackson-core-2.7.5.jar;C:\Users\lalak\.m2\repository\org\slf4j\slf4j-api\1.7.1\slf4j-api-1.7.1.jar;C:\Users\lalak\.m2\repository\ch\qos\logback\logback-classic\1.1.7\logback-classic-1.1.7.jar;C:\Users\lalak\.m2\repository\ch\qos\logback\logback-core\1.1.7\logback-core-1.1.7.jar;C:\Users\lalak\.m2\repository\javax\websocket\javax.websocket-api\1.1\javax.websocket-api-1.1.jar;C:\Users\lalak\.m2\repository\commons-io\commons-io\2.5\commons-io-2.5.jar;C:\Users\lalak\.m2\repository\commons-fileupload\commons-fileupload\1.3.2\commons-fileupload-1.3.2.jar;, hibernate.bytecode.use_reflection_optimizer=false, hibernate.show_sql=true, hibernate.classLoader.application=sun.misc.Launcher$AppClassLoader@6bc7c054, java.vm.specification.version=1.8, sun.arch.data.model=64, java.home=C:\Program Files\Java\jdk1.8.0_141\jre, sun.java.command=E:\ALL-Workspaces\collaboration_project\CollaborationProjectBackend\target\surefire\surefirebooter6190115360083772269.jar E:\ALL-Workspaces\collaboration_project\CollaborationProjectBackend\target\surefire\surefire4314599782619434570tmp E:\ALL-Workspaces\collaboration_project\CollaborationProjectBackend\target\surefire\surefire_06300427882335719117tmp, hibernate.dialect=org.hibernate.dialect.H2Dialect, java.specification.vendor=Oracle Corporation, user.language=en, awt.toolkit=sun.awt.windows.WToolkit, java.vm.info=mixed mode, java.version=1.8.0_141, java.ext.dirs=C:\Program Files\Java\jdk1.8.0_141\jre\lib\ext;C:\WINDOWS\Sun\Java\lib\ext, sun.boot.class.path=C:\Program Files\Java\jdk1.8.0_141\jre\lib\resources.jar;C:\Program Files\Java\jdk1.8.0_141\jre\lib\rt.jar;C:\Program Files\Java\jdk1.8.0_141\jre\lib\sunrsasign.jar;C:\Program Files\Java\jdk1.8.0_141\jre\lib\jsse.jar;C:\Program Files\Java\jdk1.8.0_141\jre\lib\jce.jar;C:\Program Files\Java\jdk1.8.0_141\jre\lib\charsets.jar;C:\Program Files\Java\jdk1.8.0_141\jre\lib\jfr.jar;C:\Program Files\Java\jdk1.8.0_141\jre\classes, java.vendor=Oracle Corporation, localRepository=C:\Users\lalak\.m2\repository, file.separator=\, java.vendor.url.bug=http://bugreport.sun.com/bugreport/, hibernate.hbm2ddl.auto=update, sun.cpu.endian=little, sun.io.unicode.encoding=UnicodeLittle, sun.desktop=windows, sun.cpu.isalist=amd64}
17:40:04.334 [main] DEBUG org.hibernate.validator.engine.ResourceBundleMessageInterpolator - ValidationMessages not found. Delegating to org.hibernate.validator.ValidationMessages
17:40:04.334 [main] DEBUG org.hibernate.validator.engine.resolver.DefaultTraversableResolver - Found javax.persistence.PersistenceUtil on classpath.
17:40:04.334 [main] INFO org.hibernate.validator.engine.resolver.DefaultTraversableResolver - Instantiated an instance of org.hibernate.validator.engine.resolver.JPATraversableResolver.
17:40:04.335 [main] DEBUG org.hibernate.validator.xml.ValidationXmlParser - No META-INF/validation.xml found. Using annotation based configuration only
17:40:04.343 [main] DEBUG org.hibernate.secure.spi.JaccIntegrator - Skipping JACC integration as it was not enabled
17:40:04.343 [main] DEBUG org.hibernate.id.factory.internal.DefaultIdentifierGeneratorFactory - Setting dialect [org.hibernate.dialect.H2Dialect]
17:40:04.343 [main] DEBUG org.hibernate.id.factory.internal.DefaultIdentifierGeneratorFactory - Setting dialect [org.hibernate.dialect.H2Dialect]
17:40:04.345 [main] DEBUG org.hibernate.id.factory.internal.DefaultIdentifierGeneratorFactory - Setting dialect [org.hibernate.dialect.H2Dialect]
17:40:04.345 [main] DEBUG org.hibernate.id.factory.internal.DefaultIdentifierGeneratorFactory - Setting dialect [org.hibernate.dialect.H2Dialect]
17:40:04.345 [main] DEBUG org.hibernate.id.factory.internal.DefaultIdentifierGeneratorFactory - Setting dialect [org.hibernate.dialect.H2Dialect]
17:40:04.345 [main] DEBUG org.hibernate.id.factory.internal.DefaultIdentifierGeneratorFactory - Setting dialect [org.hibernate.dialect.H2Dialect]
17:40:04.345 [main] DEBUG org.hibernate.id.factory.internal.DefaultIdentifierGeneratorFactory - Setting dialect [org.hibernate.dialect.H2Dialect]
17:40:04.347 [main] DEBUG org.hibernate.id.factory.internal.DefaultIdentifierGeneratorFactory - Setting dialect [org.hibernate.dialect.H2Dialect]
17:40:04.348 [main] DEBUG org.hibernate.id.factory.internal.DefaultIdentifierGeneratorFactory - Setting dialect [org.hibernate.dialect.H2Dialect]
17:40:04.348 [main] DEBUG org.hibernate.id.factory.internal.DefaultIdentifierGeneratorFactory - Setting dialect [org.hibernate.dialect.H2Dialect]
17:40:04.387 [main] DEBUG org.hibernate.persister.entity.AbstractEntityPersister - Static SQL for entity: com.niit.model.FileUpload
17:40:04.411 [main] DEBUG org.hibernate.persister.entity.AbstractEntityPersister -  Version select: select ProfilePicsId from CProfilePic where ProfilePicsId =?
17:40:04.412 [main] DEBUG org.hibernate.persister.entity.AbstractEntityPersister -  Snapshot select: select fileupload_.ProfilePicsId, fileupload_.filedata as filedata2_7_, fileupload_.filename as filename3_7_, fileupload_.userId as userId4_7_ from CProfilePic fileupload_ where fileupload_.ProfilePicsId=?
17:40:04.412 [main] DEBUG org.hibernate.persister.entity.AbstractEntityPersister -  Insert 0: insert into CProfilePic (filedata, filename, userId, ProfilePicsId) values (?, ?, ?, ?)
17:40:04.412 [main] DEBUG org.hibernate.persister.entity.AbstractEntityPersister -  Update 0: update CProfilePic set filedata=?, filename=?, userId=? where ProfilePicsId=?
17:40:04.412 [main] DEBUG org.hibernate.persister.entity.AbstractEntityPersister -  Delete 0: delete from CProfilePic where ProfilePicsId=?
17:40:04.412 [main] DEBUG org.hibernate.persister.entity.AbstractEntityPersister -  Identity insert: insert into CProfilePic (ProfilePicsId, filedata, filename, userId) values (null, ?, ?, ?)
17:40:04.412 [main] DEBUG org.hibernate.loader.plan.build.internal.spaces.QuerySpacesImpl - Adding QuerySpace : uid = &lt;gen:0&gt; -&gt; org.hibernate.loader.plan.build.internal.spaces.EntityQuerySpaceImpl@314b9e4b]
17:40:04.412 [main] DEBUG org.hibernate.persister.walking.spi.MetamodelGraphWalker - Visiting attribute path : filedata
17:40:04.412 [main] DEBUG org.hibernate.persister.walking.spi.MetamodelGraphWalker - Visiting attribute path : filename
17:40:04.412 [main] DEBUG org.hibernate.persister.walking.spi.MetamodelGraphWalker - Visiting attribute path : userId
17:40:04.412 [main] DEBUG org.hibernate.loader.plan.build.internal.FetchStyleLoadPlanBuildingAssociationVisitationStrategy - Building LoadPlan...
17:40:04.413 [main] DEBUG org.hibernate.loader.plan.exec.internal.LoadQueryJoinAndFetchProcessor - processing queryspace &lt;gen:0&gt;
17:40:04.413 [main] DEBUG org.hibernate.loader.plan.build.spi.LoadPlanTreePrinter - LoadPlan(entity=com.niit.model.FileUpload)
    - Returns
       - EntityReturnImpl(entity=com.niit.model.FileUpload, querySpaceUid=&lt;gen:0&gt;, path=com.niit.model.FileUpload)
    - QuerySpaces
       - EntityQuerySpaceImpl(uid=&lt;gen:0&gt;, entity=com.niit.model.FileUpload)
          - SQL table alias mapping - fileupload0_
          - alias suffix - 0_
          - suffixed key columns - {ProfileP1_7_0_}

17:40:04.413 [main] DEBUG org.hibernate.loader.entity.plan.EntityLoader - Static select for entity com.niit.model.FileUpload [NONE]: select fileupload0_.ProfilePicsId as ProfileP1_7_0_, fileupload0_.filedata as filedata2_7_0_, fileupload0_.filename as filename3_7_0_, fileupload0_.userId as userId4_7_0_ from CProfilePic fileupload0_ where fileupload0_.ProfilePicsId=?
17:40:04.413 [main] DEBUG org.hibernate.loader.plan.build.internal.spaces.QuerySpacesImpl - Adding QuerySpace : uid = &lt;gen:0&gt; -&gt; org.hibernate.loader.plan.build.internal.spaces.EntityQuerySpaceImpl@51dae791]
17:40:04.413 [main] DEBUG org.hibernate.persister.walking.spi.MetamodelGraphWalker - Visiting attribute path : filedata
17:40:04.413 [main] DEBUG org.hibernate.persister.walking.spi.MetamodelGraphWalker - Visiting attribute path : filename
17:40:04.413 [main] DEBUG org.hibernate.persister.walking.spi.MetamodelGraphWalker - Visiting attribute path : userId
17:40:04.413 [main] DEBUG org.hibernate.loader.plan.build.internal.FetchStyleLoadPlanBuildingAssociationVisitationStrategy - Building LoadPlan...
17:40:04.414 [main] DEBUG org.hibernate.loader.plan.exec.internal.LoadQueryJoinAndFetchProcessor - processing queryspace &lt;gen:0&gt;
17:40:04.414 [main] DEBUG org.hibernate.loader.plan.build.spi.LoadPlanTreePrinter - LoadPlan(entity=com.niit.model.FileUpload)
    - Returns
       - EntityReturnImpl(entity=com.niit.model.FileUpload, querySpaceUid=&lt;gen:0&gt;, path=com.niit.model.FileUpload)
    - QuerySpaces
       - EntityQuerySpaceImpl(uid=&lt;gen:0&gt;, entity=com.niit.model.FileUpload)
          - SQL table alias mapping - fileupload0_
          - alias suffix - 0_
          - suffixed key columns - {ProfileP1_7_0_}

17:40:04.414 [main] DEBUG org.hibernate.loader.entity.plan.EntityLoader - Static select for entity com.niit.model.FileUpload [READ]: select fileupload0_.ProfilePicsId as ProfileP1_7_0_, fileupload0_.filedata as filedata2_7_0_, fileupload0_.filename as filename3_7_0_, fileupload0_.userId as userId4_7_0_ from CProfilePic fileupload0_ where fileupload0_.ProfilePicsId=?
17:40:04.414 [main] DEBUG org.hibernate.loader.plan.build.internal.spaces.QuerySpacesImpl - Adding QuerySpace : uid = &lt;gen:0&gt; -&gt; org.hibernate.loader.plan.build.internal.spaces.EntityQuerySpaceImpl@5de5e95]
17:40:04.414 [main] DEBUG org.hibernate.persister.walking.spi.MetamodelGraphWalker - Visiting attribute path : filedata
17:40:04.414 [main] DEBUG org.hibernate.persister.walking.spi.MetamodelGraphWalker - Visiting attribute path : filename
17:40:04.414 [main] DEBUG org.hibernate.persister.walking.spi.MetamodelGraphWalker - Visiting attribute path : userId
17:40:04.415 [main] DEBUG org.hibernate.loader.plan.build.internal.FetchStyleLoadPlanBuildingAssociationVisitationStrategy - Building LoadPlan...
17:40:04.415 [main] DEBUG org.hibernate.loader.plan.exec.internal.LoadQueryJoinAndFetchProcessor - processing queryspace &lt;gen:0&gt;
17:40:04.415 [main] DEBUG org.hibernate.loader.plan.build.spi.LoadPlanTreePrinter - LoadPlan(entity=com.niit.model.FileUpload)
    - Returns
       - EntityReturnImpl(entity=com.niit.model.FileUpload, querySpaceUid=&lt;gen:0&gt;, path=com.niit.model.FileUpload)
    - QuerySpaces
       - EntityQuerySpaceImpl(uid=&lt;gen:0&gt;, entity=com.niit.model.FileUpload)
          - SQL table alias mapping - fileupload0_
          - alias suffix - 0_
          - suffixed key columns - {ProfileP1_7_0_}

17:40:04.415 [main] DEBUG org.hibernate.loader.entity.plan.EntityLoader - Static select for entity com.niit.model.FileUpload [UPGRADE]: select fileupload0_.ProfilePicsId as ProfileP1_7_0_, fileupload0_.filedata as filedata2_7_0_, fileupload0_.filename as filename3_7_0_, fileupload0_.userId as userId4_7_0_ from CProfilePic fileupload0_ where fileupload0_.ProfilePicsId=? for update
17:40:04.415 [main] DEBUG org.hibernate.loader.plan.build.internal.spaces.QuerySpacesImpl - Adding QuerySpace : uid = &lt;gen:0&gt; -&gt; org.hibernate.loader.plan.build.internal.spaces.EntityQuerySpaceImpl@303c55fa]
17:40:04.415 [main] DEBUG org.hibernate.persister.walking.spi.MetamodelGraphWalker - Visiting attribute path : filedata
17:40:04.415 [main] DEBUG org.hibernate.persister.walking.spi.MetamodelGraphWalker - Visiting attribute path : filename
17:40:04.416 [main] DEBUG org.hibernate.persister.walking.spi.MetamodelGraphWalker - Visiting attribute path : userId
17:40:04.416 [main] DEBUG org.hibernate.loader.plan.build.internal.FetchStyleLoadPlanBuildingAssociationVisitationStrategy - Building LoadPlan...
17:40:04.416 [main] DEBUG org.hibernate.loader.plan.exec.internal.LoadQueryJoinAndFetchProcessor - processing queryspace &lt;gen:0&gt;
17:40:04.416 [main] DEBUG org.hibernate.loader.plan.build.spi.LoadPlanTreePrinter - LoadPlan(entity=com.niit.model.FileUpload)
    - Returns
       - EntityReturnImpl(entity=com.niit.model.FileUpload, querySpaceUid=&lt;gen:0&gt;, path=com.niit.model.FileUpload)
    - QuerySpaces
       - EntityQuerySpaceImpl(uid=&lt;gen:0&gt;, entity=com.niit.model.FileUpload)
          - SQL table alias mapping - fileupload0_
          - alias suffix - 0_
          - suffixed key columns - {ProfileP1_7_0_}

17:40:04.416 [main] DEBUG org.hibernate.loader.entity.plan.EntityLoader - Static select for entity com.niit.model.FileUpload [UPGRADE_NOWAIT]: select fileupload0_.ProfilePicsId as ProfileP1_7_0_, fileupload0_.filedata as filedata2_7_0_, fileupload0_.filename as filename3_7_0_, fileupload0_.userId as userId4_7_0_ from CProfilePic fileupload0_ where fileupload0_.ProfilePicsId=? for update
17:40:04.416 [main] DEBUG org.hibernate.loader.plan.build.internal.spaces.QuerySpacesImpl - Adding QuerySpace : uid = &lt;gen:0&gt; -&gt; org.hibernate.loader.plan.build.internal.spaces.EntityQuerySpaceImpl@7eb200ce]
17:40:04.416 [main] DEBUG org.hibernate.persister.walking.spi.MetamodelGraphWalker - Visiting attribute path : filedata
17:40:04.416 [main] DEBUG org.hibernate.persister.walking.spi.MetamodelGraphWalker - Visiting attribute path : filename
17:40:04.416 [main] DEBUG org.hibernate.persister.walking.spi.MetamodelGraphWalker - Visiting attribute path : userId
17:40:04.416 [main] DEBUG org.hibernate.loader.plan.build.internal.FetchStyleLoadPlanBuildingAssociationVisitationStrategy - Building LoadPlan...
17:40:04.417 [main] DEBUG org.hibernate.loader.plan.exec.internal.LoadQueryJoinAndFetchProcessor - processing queryspace &lt;gen:0&gt;
17:40:04.417 [main] DEBUG org.hibernate.loader.plan.build.spi.LoadPlanTreePrinter - LoadPlan(entity=com.niit.model.FileUpload)
    - Returns
       - EntityReturnImpl(entity=com.niit.model.FileUpload, querySpaceUid=&lt;gen:0&gt;, path=com.niit.model.FileUpload)
    - QuerySpaces
       - EntityQuerySpaceImpl(uid=&lt;gen:0&gt;, entity=com.niit.model.FileUpload)
          - SQL table alias mapping - fileupload0_
          - alias suffix - 0_
          - suffixed key columns - {ProfileP1_7_0_}

17:40:04.417 [main] DEBUG org.hibernate.loader.entity.plan.EntityLoader - Static select for entity com.niit.model.FileUpload [UPGRADE_SKIPLOCKED]: select fileupload0_.ProfilePicsId as ProfileP1_7_0_, fileupload0_.filedata as filedata2_7_0_, fileupload0_.filename as filename3_7_0_, fileupload0_.userId as userId4_7_0_ from CProfilePic fileupload0_ where fileupload0_.ProfilePicsId=? for update
17:40:04.417 [main] DEBUG org.hibernate.loader.plan.build.internal.spaces.QuerySpacesImpl - Adding QuerySpace : uid = &lt;gen:0&gt; -&gt; org.hibernate.loader.plan.build.internal.spaces.EntityQuerySpaceImpl@7c2924d7]
17:40:04.417 [main] DEBUG org.hibernate.persister.walking.spi.MetamodelGraphWalker - Visiting attribute path : filedata
17:40:04.418 [main] DEBUG org.hibernate.persister.walking.spi.MetamodelGraphWalker - Visiting attribute path : filename
17:40:04.418 [main] DEBUG org.hibernate.persister.walking.spi.MetamodelGraphWalker - Visiting attribute path : userId
17:40:04.418 [main] DEBUG org.hibernate.loader.plan.build.internal.FetchStyleLoadPlanBuildingAssociationVisitationStrategy - Building LoadPlan...
17:40:04.418 [main] DEBUG org.hibernate.loader.plan.exec.internal.LoadQueryJoinAndFetchProcessor - processing queryspace &lt;gen:0&gt;
17:40:04.418 [main] DEBUG org.hibernate.loader.plan.build.spi.LoadPlanTreePrinter - LoadPlan(entity=com.niit.model.FileUpload)
    - Returns
       - EntityReturnImpl(entity=com.niit.model.FileUpload, querySpaceUid=&lt;gen:0&gt;, path=com.niit.model.FileUpload)
    - QuerySpaces
       - EntityQuerySpaceImpl(uid=&lt;gen:0&gt;, entity=com.niit.model.FileUpload)
          - SQL table alias mapping - fileupload0_
          - alias suffix - 0_
          - suffixed key columns - {ProfileP1_7_0_}

17:40:04.418 [main] DEBUG org.hibernate.loader.entity.plan.EntityLoader - Static select for entity com.niit.model.FileUpload [FORCE]: select fileupload0_.ProfilePicsId as ProfileP1_7_0_, fileupload0_.filedata as filedata2_7_0_, fileupload0_.filename as filename3_7_0_, fileupload0_.userId as userId4_7_0_ from CProfilePic fileupload0_ where fileupload0_.ProfilePicsId=? for update
17:40:04.419 [main] DEBUG org.hibernate.loader.plan.build.internal.spaces.QuerySpacesImpl - Adding QuerySpace : uid = &lt;gen:0&gt; -&gt; org.hibernate.loader.plan.build.internal.spaces.EntityQuerySpaceImpl@6587305a]
17:40:04.419 [main] DEBUG org.hibernate.persister.walking.spi.MetamodelGraphWalker - Visiting attribute path : filedata
17:40:04.419 [main] DEBUG org.hibernate.persister.walking.spi.MetamodelGraphWalker - Visiting attribute path : filename
17:40:04.419 [main] DEBUG org.hibernate.persister.walking.spi.MetamodelGraphWalker - Visiting attribute path : userId
17:40:04.419 [main] DEBUG org.hibernate.loader.plan.build.internal.FetchStyleLoadPlanBuildingAssociationVisitationStrategy - Building LoadPlan...
17:40:04.419 [main] DEBUG org.hibernate.loader.plan.exec.internal.LoadQueryJoinAndFetchProcessor - processing queryspace &lt;gen:0&gt;
17:40:04.420 [main] DEBUG org.hibernate.loader.plan.build.spi.LoadPlanTreePrinter - LoadPlan(entity=com.niit.model.FileUpload)
    - Returns
       - EntityReturnImpl(entity=com.niit.model.FileUpload, querySpaceUid=&lt;gen:0&gt;, path=com.niit.model.FileUpload)
    - QuerySpaces
       - EntityQuerySpaceImpl(uid=&lt;gen:0&gt;, entity=com.niit.model.FileUpload)
          - SQL table alias mapping - fileupload0_
          - alias suffix - 0_
          - suffixed key columns - {ProfileP1_7_0_}

17:40:04.424 [main] DEBUG org.hibernate.loader.entity.plan.EntityLoader - Static select for entity com.niit.model.FileUpload [PESSIMISTIC_READ]: select fileupload0_.ProfilePicsId as ProfileP1_7_0_, fileupload0_.filedata as filedata2_7_0_, fileupload0_.filename as filename3_7_0_, fileupload0_.userId as userId4_7_0_ from CProfilePic fileupload0_ where fileupload0_.ProfilePicsId=? for update
17:40:04.424 [main] DEBUG org.hibernate.loader.plan.build.internal.spaces.QuerySpacesImpl - Adding QuerySpace : uid = &lt;gen:0&gt; -&gt; org.hibernate.loader.plan.build.internal.spaces.EntityQuerySpaceImpl@3f81621c]
17:40:04.424 [main] DEBUG org.hibernate.persister.walking.spi.MetamodelGraphWalker - Visiting attribute path : filedata
17:40:04.424 [main] DEBUG org.hibernate.persister.walking.spi.MetamodelGraphWalker - Visiting attribute path : filename
17:40:04.425 [main] DEBUG org.hibernate.persister.walking.spi.MetamodelGraphWalker - Visiting attribute path : userId
17:40:04.425 [main] DEBUG org.hibernate.loader.plan.build.internal.FetchStyleLoadPlanBuildingAssociationVisitationStrategy - Building LoadPlan...
17:40:04.425 [main] DEBUG org.hibernate.loader.plan.exec.internal.LoadQueryJoinAndFetchProcessor - processing queryspace &lt;gen:0&gt;
17:40:04.425 [main] DEBUG org.hibernate.loader.plan.build.spi.LoadPlanTreePrinter - LoadPlan(entity=com.niit.model.FileUpload)
    - Returns
       - EntityReturnImpl(entity=com.niit.model.FileUpload, querySpaceUid=&lt;gen:0&gt;, path=com.niit.model.FileUpload)
    - QuerySpaces
       - EntityQuerySpaceImpl(uid=&lt;gen:0&gt;, entity=com.niit.model.FileUpload)
          - SQL table alias mapping - fileupload0_
          - alias suffix - 0_
          - suffixed key columns - {ProfileP1_7_0_}

17:40:04.425 [main] DEBUG org.hibernate.loader.entity.plan.EntityLoader - Static select for entity com.niit.model.FileUpload [PESSIMISTIC_WRITE]: select fileupload0_.ProfilePicsId as ProfileP1_7_0_, fileupload0_.filedata as filedata2_7_0_, fileupload0_.filename as filename3_7_0_, fileupload0_.userId as userId4_7_0_ from CProfilePic fileupload0_ where fileupload0_.ProfilePicsId=? for update
17:40:04.425 [main] DEBUG org.hibernate.loader.plan.build.internal.spaces.QuerySpacesImpl - Adding QuerySpace : uid = &lt;gen:0&gt; -&gt; org.hibernate.loader.plan.build.internal.spaces.EntityQuerySpaceImpl@74d6736]
17:40:04.425 [main] DEBUG org.hibernate.persister.walking.spi.MetamodelGraphWalker - Visiting attribute path : filedata
17:40:04.425 [main] DEBUG org.hibernate.persister.walking.spi.MetamodelGraphWalker - Visiting attribute path : filename
17:40:04.426 [main] DEBUG org.hibernate.persister.walking.spi.MetamodelGraphWalker - Visiting attribute path : userId
17:40:04.426 [main] DEBUG org.hibernate.loader.plan.build.internal.FetchStyleLoadPlanBuildingAssociationVisitationStrategy - Building LoadPlan...
17:40:04.426 [main] DEBUG org.hibernate.loader.plan.exec.internal.LoadQueryJoinAndFetchProcessor - processing queryspace &lt;gen:0&gt;
17:40:04.426 [main] DEBUG org.hibernate.loader.plan.build.spi.LoadPlanTreePrinter - LoadPlan(entity=com.niit.model.FileUpload)
    - Returns
       - EntityReturnImpl(entity=com.niit.model.FileUpload, querySpaceUid=&lt;gen:0&gt;, path=com.niit.model.FileUpload)
    - QuerySpaces
       - EntityQuerySpaceImpl(uid=&lt;gen:0&gt;, entity=com.niit.model.FileUpload)
          - SQL table alias mapping - fileupload0_
          - alias suffix - 0_
          - suffixed key columns - {ProfileP1_7_0_}

17:40:04.426 [main] DEBUG org.hibernate.loader.entity.plan.EntityLoader - Static select for entity com.niit.model.FileUpload [PESSIMISTIC_FORCE_INCREMENT]: select fileupload0_.ProfilePicsId as ProfileP1_7_0_, fileupload0_.filedata as filedata2_7_0_, fileupload0_.filename as filename3_7_0_, fileupload0_.userId as userId4_7_0_ from CProfilePic fileupload0_ where fileupload0_.ProfilePicsId=? for update
17:40:04.426 [main] DEBUG org.hibernate.loader.plan.build.internal.spaces.QuerySpacesImpl - Adding QuerySpace : uid = &lt;gen:0&gt; -&gt; org.hibernate.loader.plan.build.internal.spaces.EntityQuerySpaceImpl@668625f5]
17:40:04.426 [main] DEBUG org.hibernate.persister.walking.spi.MetamodelGraphWalker - Visiting attribute path : filedata
17:40:04.426 [main] DEBUG org.hibernate.persister.walking.spi.MetamodelGraphWalker - Visiting attribute path : filename
17:40:04.426 [main] DEBUG org.hibernate.persister.walking.spi.MetamodelGraphWalker - Visiting attribute path : userId
17:40:04.426 [main] DEBUG org.hibernate.loader.plan.build.internal.FetchStyleLoadPlanBuildingAssociationVisitationStrategy - Building LoadPlan...
17:40:04.427 [main] DEBUG org.hibernate.loader.plan.exec.internal.LoadQueryJoinAndFetchProcessor - processing queryspace &lt;gen:0&gt;
17:40:04.427 [main] DEBUG org.hibernate.loader.plan.build.spi.LoadPlanTreePrinter - LoadPlan(entity=com.niit.model.FileUpload)
    - Returns
       - EntityReturnImpl(entity=com.niit.model.FileUpload, querySpaceUid=&lt;gen:0&gt;, path=com.niit.model.FileUpload)
    - QuerySpaces
       - EntityQuerySpaceImpl(uid=&lt;gen:0&gt;, entity=com.niit.model.FileUpload)
          - SQL table alias mapping - fileupload0_
          - alias suffix - 0_
          - suffixed key columns - {ProfileP1_7_0_}

17:40:04.427 [main] DEBUG org.hibernate.loader.entity.plan.EntityLoader - Static select for entity com.niit.model.FileUpload [OPTIMISTIC]: select fileupload0_.ProfilePicsId as ProfileP1_7_0_, fileupload0_.filedata as filedata2_7_0_, fileupload0_.filename as filename3_7_0_, fileupload0_.userId as userId4_7_0_ from CProfilePic fileupload0_ where fileupload0_.ProfilePicsId=?
17:40:04.427 [main] DEBUG org.hibernate.loader.plan.build.internal.spaces.QuerySpacesImpl - Adding QuerySpace : uid = &lt;gen:0&gt; -&gt; org.hibernate.loader.plan.build.internal.spaces.EntityQuerySpaceImpl@75babb67]
17:40:04.427 [main] DEBUG org.hibernate.persister.walking.spi.MetamodelGraphWalker - Visiting attribute path : filedata
17:40:04.427 [main] DEBUG org.hibernate.persister.walking.spi.MetamodelGraphWalker - Visiting attribute path : filename
17:40:04.427 [main] DEBUG org.hibernate.persister.walking.spi.MetamodelGraphWalker - Visiting attribute path : userId
17:40:04.427 [main] DEBUG org.hibernate.loader.plan.build.internal.FetchStyleLoadPlanBuildingAssociationVisitationStrategy - Building LoadPlan...
17:40:04.428 [main] DEBUG org.hibernate.loader.plan.exec.internal.LoadQueryJoinAndFetchProcessor - processing queryspace &lt;gen:0&gt;
17:40:04.428 [main] DEBUG org.hibernate.loader.plan.build.spi.LoadPlanTreePrinter - LoadPlan(entity=com.niit.model.FileUpload)
    - Returns
       - EntityReturnImpl(entity=com.niit.model.FileUpload, querySpaceUid=&lt;gen:0&gt;, path=com.niit.model.FileUpload)
    - QuerySpaces
       - EntityQuerySpaceImpl(uid=&lt;gen:0&gt;, entity=com.niit.model.FileUpload)
          - SQL table alias mapping - fileupload0_
          - alias suffix - 0_
          - suffixed key columns - {ProfileP1_7_0_}

17:40:04.428 [main] DEBUG org.hibernate.loader.entity.plan.EntityLoader - Static select for entity com.niit.model.FileUpload [OPTIMISTIC_FORCE_INCREMENT]: select fileupload0_.ProfilePicsId as ProfileP1_7_0_, fileupload0_.filedata as filedata2_7_0_, fileupload0_.filename as filename3_7_0_, fileupload0_.userId as userId4_7_0_ from CProfilePic fileupload0_ where fileupload0_.ProfilePicsId=?
17:40:04.428 [main] DEBUG org.hibernate.loader.Loader - Static select for action ACTION_MERGE on entity com.niit.model.FileUpload: select fileupload0_.ProfilePicsId as ProfileP1_7_0_, fileupload0_.filedata as filedata2_7_0_, fileupload0_.filename as filename3_7_0_, fileupload0_.userId as userId4_7_0_ from CProfilePic fileupload0_ where fileupload0_.ProfilePicsId=?
17:40:04.428 [main] DEBUG org.hibernate.loader.Loader - Static select for action ACTION_REFRESH on entity com.niit.model.FileUpload: select fileupload0_.ProfilePicsId as ProfileP1_7_0_, fileupload0_.filedata as filedata2_7_0_, fileupload0_.filename as filename3_7_0_, fileupload0_.userId as userId4_7_0_ from CProfilePic fileupload0_ where fileupload0_.ProfilePicsId=?
17:40:04.429 [main] DEBUG org.hibernate.persister.entity.AbstractEntityPersister - Static SQL for entity: com.niit.model.Forum
17:40:04.429 [main] DEBUG org.hibernate.persister.entity.AbstractEntityPersister -  Version select: select forumId from CForum where forumId =?
17:40:04.429 [main] DEBUG org.hibernate.persister.entity.AbstractEntityPersister -  Snapshot select: select forum_.forumId, forum_.createDate as createDa2_2_, forum_.forumContent as forumCon3_2_, forum_.forumName as forumNam4_2_, forum_.remarks as remarks5_2_, forum_.status as status6_2_, forum_.userId as userId7_2_ from CForum forum_ where forum_.forumId=?
17:40:04.429 [main] DEBUG org.hibernate.persister.entity.AbstractEntityPersister -  Insert 0: insert into CForum (createDate, forumContent, forumName, remarks, status, userId, forumId) values (?, ?, ?, ?, ?, ?, ?)
17:40:04.429 [main] DEBUG org.hibernate.persister.entity.AbstractEntityPersister -  Update 0: update CForum set createDate=?, forumContent=?, forumName=?, remarks=?, status=?, userId=? where forumId=?
17:40:04.429 [main] DEBUG org.hibernate.persister.entity.AbstractEntityPersister -  Delete 0: delete from CForum where forumId=?
17:40:04.429 [main] DEBUG org.hibernate.loader.plan.build.internal.spaces.QuerySpacesImpl - Adding QuerySpace : uid = &lt;gen:0&gt; -&gt; org.hibernate.loader.plan.build.internal.spaces.EntityQuerySpaceImpl@69cd1085]
17:40:04.430 [main] DEBUG org.hibernate.persister.walking.spi.MetamodelGraphWalker - Visiting attribute path : createDate
17:40:04.430 [main] DEBUG org.hibernate.persister.walking.spi.MetamodelGraphWalker - Visiting attribute path : forumContent
17:40:04.430 [main] DEBUG org.hibernate.persister.walking.spi.MetamodelGraphWalker - Visiting attribute path : forumName
17:40:04.430 [main] DEBUG org.hibernate.persister.walking.spi.MetamodelGraphWalker - Visiting attribute path : remarks
17:40:04.430 [main] DEBUG org.hibernate.persister.walking.spi.MetamodelGraphWalker - Visiting attribute path : status
17:40:04.430 [main] DEBUG org.hibernate.persister.walking.spi.MetamodelGraphWalker - Visiting attribute path : userId
17:40:04.430 [main] DEBUG org.hibernate.loader.plan.build.internal.FetchStyleLoadPlanBuildingAssociationVisitationStrategy - Building LoadPlan...
17:40:04.430 [main] DEBUG org.hibernate.loader.plan.exec.internal.LoadQueryJoinAndFetchProcessor - processing queryspace &lt;gen:0&gt;
17:40:04.430 [main] DEBUG org.hibernate.loader.plan.build.spi.LoadPlanTreePrinter - LoadPlan(entity=com.niit.model.Forum)
    - Returns
       - EntityReturnImpl(entity=com.niit.model.Forum, querySpaceUid=&lt;gen:0&gt;, path=com.niit.model.Forum)
    - QuerySpaces
       - EntityQuerySpaceImpl(uid=&lt;gen:0&gt;, entity=com.niit.model.Forum)
          - SQL table alias mapping - forum0_
          - alias suffix - 0_
          - suffixed key columns - {forumId1_2_0_}

17:40:04.431 [main] DEBUG org.hibernate.loader.entity.plan.EntityLoader - Static select for entity com.niit.model.Forum [NONE]: select forum0_.forumId as forumId1_2_0_, forum0_.createDate as createDa2_2_0_, forum0_.forumContent as forumCon3_2_0_, forum0_.forumName as forumNam4_2_0_, forum0_.remarks as remarks5_2_0_, forum0_.status as status6_2_0_, forum0_.userId as userId7_2_0_ from CForum forum0_ where forum0_.forumId=?
17:40:04.431 [main] DEBUG org.hibernate.loader.plan.build.internal.spaces.QuerySpacesImpl - Adding QuerySpace : uid = &lt;gen:0&gt; -&gt; org.hibernate.loader.plan.build.internal.spaces.EntityQuerySpaceImpl@40fa8766]
17:40:04.431 [main] DEBUG org.hibernate.persister.walking.spi.MetamodelGraphWalker - Visiting attribute path : createDate
17:40:04.431 [main] DEBUG org.hibernate.persister.walking.spi.MetamodelGraphWalker - Visiting attribute path : forumContent
17:40:04.431 [main] DEBUG org.hibernate.persister.walking.spi.MetamodelGraphWalker - Visiting attribute path : forumName
17:40:04.431 [main] DEBUG org.hibernate.persister.walking.spi.MetamodelGraphWalker - Visiting attribute path : remarks
17:40:04.432 [main] DEBUG org.hibernate.persister.walking.spi.MetamodelGraphWalker - Visiting attribute path : status
17:40:04.432 [main] DEBUG org.hibernate.persister.walking.spi.MetamodelGraphWalker - Visiting attribute path : userId
17:40:04.432 [main] DEBUG org.hibernate.loader.plan.build.internal.FetchStyleLoadPlanBuildingAssociationVisitationStrategy - Building LoadPlan...
17:40:04.432 [main] DEBUG org.hibernate.loader.plan.exec.internal.LoadQueryJoinAndFetchProcessor - processing queryspace &lt;gen:0&gt;
17:40:04.432 [main] DEBUG org.hibernate.loader.plan.build.spi.LoadPlanTreePrinter - LoadPlan(entity=com.niit.model.Forum)
    - Returns
       - EntityReturnImpl(entity=com.niit.model.Forum, querySpaceUid=&lt;gen:0&gt;, path=com.niit.model.Forum)
    - QuerySpaces
       - EntityQuerySpaceImpl(uid=&lt;gen:0&gt;, entity=com.niit.model.Forum)
          - SQL table alias mapping - forum0_
          - alias suffix - 0_
          - suffixed key columns - {forumId1_2_0_}

17:40:04.432 [main] DEBUG org.hibernate.loader.entity.plan.EntityLoader - Static select for entity com.niit.model.Forum [READ]: select forum0_.forumId as forumId1_2_0_, forum0_.createDate as createDa2_2_0_, forum0_.forumContent as forumCon3_2_0_, forum0_.forumName as forumNam4_2_0_, forum0_.remarks as remarks5_2_0_, forum0_.status as status6_2_0_, forum0_.userId as userId7_2_0_ from CForum forum0_ where forum0_.forumId=?
17:40:04.432 [main] DEBUG org.hibernate.loader.plan.build.internal.spaces.QuerySpacesImpl - Adding QuerySpace : uid = &lt;gen:0&gt; -&gt; org.hibernate.loader.plan.build.internal.spaces.EntityQuerySpaceImpl@663f237a]
17:40:04.433 [main] DEBUG org.hibernate.persister.walking.spi.MetamodelGraphWalker - Visiting attribute path : createDate
17:40:04.433 [main] DEBUG org.hibernate.persister.walking.spi.MetamodelGraphWalker - Visiting attribute path : forumContent
17:40:04.433 [main] DEBUG org.hibernate.persister.walking.spi.MetamodelGraphWalker - Visiting attribute path : forumName
17:40:04.433 [main] DEBUG org.hibernate.persister.walking.spi.MetamodelGraphWalker - Visiting attribute path : remarks
17:40:04.433 [main] DEBUG org.hibernate.persister.walking.spi.MetamodelGraphWalker - Visiting attribute path : status
17:40:04.433 [main] DEBUG org.hibernate.persister.walking.spi.MetamodelGraphWalker - Visiting attribute path : userId
17:40:04.433 [main] DEBUG org.hibernate.loader.plan.build.internal.FetchStyleLoadPlanBuildingAssociationVisitationStrategy - Building LoadPlan...
17:40:04.433 [main] DEBUG org.hibernate.loader.plan.exec.internal.LoadQueryJoinAndFetchProcessor - processing queryspace &lt;gen:0&gt;
17:40:04.433 [main] DEBUG org.hibernate.loader.plan.build.spi.LoadPlanTreePrinter - LoadPlan(entity=com.niit.model.Forum)
    - Returns
       - EntityReturnImpl(entity=com.niit.model.Forum, querySpaceUid=&lt;gen:0&gt;, path=com.niit.model.Forum)
    - QuerySpaces
       - EntityQuerySpaceImpl(uid=&lt;gen:0&gt;, entity=com.niit.model.Forum)
          - SQL table alias mapping - forum0_
          - alias suffix - 0_
          - suffixed key columns - {forumId1_2_0_}

17:40:04.433 [main] DEBUG org.hibernate.loader.entity.plan.EntityLoader - Static select for entity com.niit.model.Forum [UPGRADE]: select forum0_.forumId as forumId1_2_0_, forum0_.createDate as createDa2_2_0_, forum0_.forumContent as forumCon3_2_0_, forum0_.forumName as forumNam4_2_0_, forum0_.remarks as remarks5_2_0_, forum0_.status as status6_2_0_, forum0_.userId as userId7_2_0_ from CForum forum0_ where forum0_.forumId=? for update
17:40:04.434 [main] DEBUG org.hibernate.loader.plan.build.internal.spaces.QuerySpacesImpl - Adding QuerySpace : uid = &lt;gen:0&gt; -&gt; org.hibernate.loader.plan.build.internal.spaces.EntityQuerySpaceImpl@49a6f486]
17:40:04.434 [main] DEBUG org.hibernate.persister.walking.spi.MetamodelGraphWalker - Visiting attribute path : createDate
17:40:04.434 [main] DEBUG org.hibernate.persister.walking.spi.MetamodelGraphWalker - Visiting attribute path : forumContent
17:40:04.434 [main] DEBUG org.hibernate.persister.walking.spi.MetamodelGraphWalker - Visiting attribute path : forumName
17:40:04.434 [main] DEBUG org.hibernate.persister.walking.spi.MetamodelGraphWalker - Visiting attribute path : remarks
17:40:04.434 [main] DEBUG org.hibernate.persister.walking.spi.MetamodelGraphWalker - Visiting attribute path : status
17:40:04.434 [main] DEBUG org.hibernate.persister.walking.spi.MetamodelGraphWalker - Visiting attribute path : userId
17:40:04.434 [main] DEBUG org.hibernate.loader.plan.build.internal.FetchStyleLoadPlanBuildingAssociationVisitationStrategy - Building LoadPlan...
17:40:04.434 [main] DEBUG org.hibernate.loader.plan.exec.internal.LoadQueryJoinAndFetchProcessor - processing queryspace &lt;gen:0&gt;
17:40:04.437 [main] DEBUG org.hibernate.loader.plan.build.spi.LoadPlanTreePrinter - LoadPlan(entity=com.niit.model.Forum)
    - Returns
       - EntityReturnImpl(entity=com.niit.model.Forum, querySpaceUid=&lt;gen:0&gt;, path=com.niit.model.Forum)
    - QuerySpaces
       - EntityQuerySpaceImpl(uid=&lt;gen:0&gt;, entity=com.niit.model.Forum)
          - SQL table alias mapping - forum0_
          - alias suffix - 0_
          - suffixed key columns - {forumId1_2_0_}

17:40:04.437 [main] DEBUG org.hibernate.loader.entity.plan.EntityLoader - Static select for entity com.niit.model.Forum [UPGRADE_NOWAIT]: select forum0_.forumId as forumId1_2_0_, forum0_.createDate as createDa2_2_0_, forum0_.forumContent as forumCon3_2_0_, forum0_.forumName as forumNam4_2_0_, forum0_.remarks as remarks5_2_0_, forum0_.status as status6_2_0_, forum0_.userId as userId7_2_0_ from CForum forum0_ where forum0_.forumId=? for update
17:40:04.438 [main] DEBUG org.hibernate.loader.plan.build.internal.spaces.QuerySpacesImpl - Adding QuerySpace : uid = &lt;gen:0&gt; -&gt; org.hibernate.loader.plan.build.internal.spaces.EntityQuerySpaceImpl@bc6288b]
17:40:04.438 [main] DEBUG org.hibernate.persister.walking.spi.MetamodelGraphWalker - Visiting attribute path : createDate
17:40:04.438 [main] DEBUG org.hibernate.persister.walking.spi.MetamodelGraphWalker - Visiting attribute path : forumContent
17:40:04.438 [main] DEBUG org.hibernate.persister.walking.spi.MetamodelGraphWalker - Visiting attribute path : forumName
17:40:04.438 [main] DEBUG org.hibernate.persister.walking.spi.MetamodelGraphWalker - Visiting attribute path : remarks
17:40:04.438 [main] DEBUG org.hibernate.persister.walking.spi.MetamodelGraphWalker - Visiting attribute path : status
17:40:04.438 [main] DEBUG org.hibernate.persister.walking.spi.MetamodelGraphWalker - Visiting attribute path : userId
17:40:04.438 [main] DEBUG org.hibernate.loader.plan.build.internal.FetchStyleLoadPlanBuildingAssociationVisitationStrategy - Building LoadPlan...
17:40:04.439 [main] DEBUG org.hibernate.loader.plan.exec.internal.LoadQueryJoinAndFetchProcessor - processing queryspace &lt;gen:0&gt;
17:40:04.439 [main] DEBUG org.hibernate.loader.plan.build.spi.LoadPlanTreePrinter - LoadPlan(entity=com.niit.model.Forum)
    - Returns
       - EntityReturnImpl(entity=com.niit.model.Forum, querySpaceUid=&lt;gen:0&gt;, path=com.niit.model.Forum)
    - QuerySpaces
       - EntityQuerySpaceImpl(uid=&lt;gen:0&gt;, entity=com.niit.model.Forum)
          - SQL table alias mapping - forum0_
          - alias suffix - 0_
          - suffixed key columns - {forumId1_2_0_}

17:40:04.439 [main] DEBUG org.hibernate.loader.entity.plan.EntityLoader - Static select for entity com.niit.model.Forum [UPGRADE_SKIPLOCKED]: select forum0_.forumId as forumId1_2_0_, forum0_.createDate as createDa2_2_0_, forum0_.forumContent as forumCon3_2_0_, forum0_.forumName as forumNam4_2_0_, forum0_.remarks as remarks5_2_0_, forum0_.status as status6_2_0_, forum0_.userId as userId7_2_0_ from CForum forum0_ where forum0_.forumId=? for update
17:40:04.439 [main] DEBUG org.hibernate.loader.plan.build.internal.spaces.QuerySpacesImpl - Adding QuerySpace : uid = &lt;gen:0&gt; -&gt; org.hibernate.loader.plan.build.internal.spaces.EntityQuerySpaceImpl@34c70b5e]
17:40:04.439 [main] DEBUG org.hibernate.persister.walking.spi.MetamodelGraphWalker - Visiting attribute path : createDate
17:40:04.439 [main] DEBUG org.hibernate.persister.walking.spi.MetamodelGraphWalker - Visiting attribute path : forumContent
17:40:04.440 [main] DEBUG org.hibernate.persister.walking.spi.MetamodelGraphWalker - Visiting attribute path : forumName
17:40:04.440 [main] DEBUG org.hibernate.persister.walking.spi.MetamodelGraphWalker - Visiting attribute path : remarks
17:40:04.440 [main] DEBUG org.hibernate.persister.walking.spi.MetamodelGraphWalker - Visiting attribute path : status
17:40:04.440 [main] DEBUG org.hibernate.persister.walking.spi.MetamodelGraphWalker - Visiting attribute path : userId
17:40:04.440 [main] DEBUG org.hibernate.loader.plan.build.internal.FetchStyleLoadPlanBuildingAssociationVisitationStrategy - Building LoadPlan...
17:40:04.440 [main] DEBUG org.hibernate.loader.plan.exec.internal.LoadQueryJoinAndFetchProcessor - processing queryspace &lt;gen:0&gt;
17:40:04.440 [main] DEBUG org.hibernate.loader.plan.build.spi.LoadPlanTreePrinter - LoadPlan(entity=com.niit.model.Forum)
    - Returns
       - EntityReturnImpl(entity=com.niit.model.Forum, querySpaceUid=&lt;gen:0&gt;, path=com.niit.model.Forum)
    - QuerySpaces
       - EntityQuerySpaceImpl(uid=&lt;gen:0&gt;, entity=com.niit.model.Forum)
          - SQL table alias mapping - forum0_
          - alias suffix - 0_
          - suffixed key columns - {forumId1_2_0_}

17:40:04.441 [main] DEBUG org.hibernate.loader.entity.plan.EntityLoader - Static select for entity com.niit.model.Forum [FORCE]: select forum0_.forumId as forumId1_2_0_, forum0_.createDate as createDa2_2_0_, forum0_.forumContent as forumCon3_2_0_, forum0_.forumName as forumNam4_2_0_, forum0_.remarks as remarks5_2_0_, forum0_.status as status6_2_0_, forum0_.userId as userId7_2_0_ from CForum forum0_ where forum0_.forumId=? for update
17:40:04.441 [main] DEBUG org.hibernate.loader.plan.build.internal.spaces.QuerySpacesImpl - Adding QuerySpace : uid = &lt;gen:0&gt; -&gt; org.hibernate.loader.plan.build.internal.spaces.EntityQuerySpaceImpl@75156240]
17:40:04.441 [main] DEBUG org.hibernate.persister.walking.spi.MetamodelGraphWalker - Visiting attribute path : createDate
17:40:04.441 [main] DEBUG org.hibernate.persister.walking.spi.MetamodelGraphWalker - Visiting attribute path : forumContent
17:40:04.441 [main] DEBUG org.hibernate.persister.walking.spi.MetamodelGraphWalker - Visiting attribute path : forumName
17:40:04.441 [main] DEBUG org.hibernate.persister.walking.spi.MetamodelGraphWalker - Visiting attribute path : remarks
17:40:04.443 [main] DEBUG org.hibernate.persister.walking.spi.MetamodelGraphWalker - Visiting attribute path : status
17:40:04.443 [main] DEBUG org.hibernate.persister.walking.spi.MetamodelGraphWalker - Visiting attribute path : userId
17:40:04.443 [main] DEBUG org.hibernate.loader.plan.build.internal.FetchStyleLoadPlanBuildingAssociationVisitationStrategy - Building LoadPlan...
17:40:04.443 [main] DEBUG org.hibernate.loader.plan.exec.internal.LoadQueryJoinAndFetchProcessor - processing queryspace &lt;gen:0&gt;
17:40:04.444 [main] DEBUG org.hibernate.loader.plan.build.spi.LoadPlanTreePrinter - LoadPlan(entity=com.niit.model.Forum)
    - Returns
       - EntityReturnImpl(entity=com.niit.model.Forum, querySpaceUid=&lt;gen:0&gt;, path=com.niit.model.Forum)
    - QuerySpaces
       - EntityQuerySpaceImpl(uid=&lt;gen:0&gt;, entity=com.niit.model.Forum)
          - SQL table alias mapping - forum0_
          - alias suffix - 0_
          - suffixed key columns - {forumId1_2_0_}

17:40:04.444 [main] DEBUG org.hibernate.loader.entity.plan.EntityLoader - Static select for entity com.niit.model.Forum [PESSIMISTIC_READ]: select forum0_.forumId as forumId1_2_0_, forum0_.createDate as createDa2_2_0_, forum0_.forumContent as forumCon3_2_0_, forum0_.forumName as forumNam4_2_0_, forum0_.remarks as remarks5_2_0_, forum0_.status as status6_2_0_, forum0_.userId as userId7_2_0_ from CForum forum0_ where forum0_.forumId=? for update
17:40:04.444 [main] DEBUG org.hibernate.loader.plan.build.internal.spaces.QuerySpacesImpl - Adding QuerySpace : uid = &lt;gen:0&gt; -&gt; org.hibernate.loader.plan.build.internal.spaces.EntityQuerySpaceImpl@6d099323]
17:40:04.444 [main] DEBUG org.hibernate.persister.walking.spi.MetamodelGraphWalker - Visiting attribute path : createDate
17:40:04.444 [main] DEBUG org.hibernate.persister.walking.spi.MetamodelGraphWalker - Visiting attribute path : forumContent
17:40:04.448 [main] DEBUG org.hibernate.persister.walking.spi.MetamodelGraphWalker - Visiting attribute path : forumName
17:40:04.448 [main] DEBUG org.hibernate.persister.walking.spi.MetamodelGraphWalker - Visiting attribute path : remarks
17:40:04.448 [main] DEBUG org.hibernate.persister.walking.spi.MetamodelGraphWalker - Visiting attribute path : status
17:40:04.448 [main] DEBUG org.hibernate.persister.walking.spi.MetamodelGraphWalker - Visiting attribute path : userId
17:40:04.448 [main] DEBUG org.hibernate.loader.plan.build.internal.FetchStyleLoadPlanBuildingAssociationVisitationStrategy - Building LoadPlan...
17:40:04.449 [main] DEBUG org.hibernate.loader.plan.exec.internal.LoadQueryJoinAndFetchProcessor - processing queryspace &lt;gen:0&gt;
17:40:04.449 [main] DEBUG org.hibernate.loader.plan.build.spi.LoadPlanTreePrinter - LoadPlan(entity=com.niit.model.Forum)
    - Returns
       - EntityReturnImpl(entity=com.niit.model.Forum, querySpaceUid=&lt;gen:0&gt;, path=com.niit.model.Forum)
    - QuerySpaces
       - EntityQuerySpaceImpl(uid=&lt;gen:0&gt;, entity=com.niit.model.Forum)
          - SQL table alias mapping - forum0_
          - alias suffix - 0_
          - suffixed key columns - {forumId1_2_0_}

17:40:04.449 [main] DEBUG org.hibernate.loader.entity.plan.EntityLoader - Static select for entity com.niit.model.Forum [PESSIMISTIC_WRITE]: select forum0_.forumId as forumId1_2_0_, forum0_.createDate as createDa2_2_0_, forum0_.forumContent as forumCon3_2_0_, forum0_.forumName as forumNam4_2_0_, forum0_.remarks as remarks5_2_0_, forum0_.status as status6_2_0_, forum0_.userId as userId7_2_0_ from CForum forum0_ where forum0_.forumId=? for update
17:40:04.450 [main] DEBUG org.hibernate.loader.plan.build.internal.spaces.QuerySpacesImpl - Adding QuerySpace : uid = &lt;gen:0&gt; -&gt; org.hibernate.loader.plan.build.internal.spaces.EntityQuerySpaceImpl@10947c4e]
17:40:04.452 [main] DEBUG org.hibernate.persister.walking.spi.MetamodelGraphWalker - Visiting attribute path : createDate
17:40:04.452 [main] DEBUG org.hibernate.persister.walking.spi.MetamodelGraphWalker - Visiting attribute path : forumContent
17:40:04.452 [main] DEBUG org.hibernate.persister.walking.spi.MetamodelGraphWalker - Visiting attribute path : forumName
17:40:04.453 [main] DEBUG org.hibernate.persister.walking.spi.MetamodelGraphWalker - Visiting attribute path : remarks
17:40:04.453 [main] DEBUG org.hibernate.persister.walking.spi.MetamodelGraphWalker - Visiting attribute path : status
17:40:04.453 [main] DEBUG org.hibernate.persister.walking.spi.MetamodelGraphWalker - Visiting attribute path : userId
17:40:04.453 [main] DEBUG org.hibernate.loader.plan.build.internal.FetchStyleLoadPlanBuildingAssociationVisitationStrategy - Building LoadPlan...
17:40:04.453 [main] DEBUG org.hibernate.loader.plan.exec.internal.LoadQueryJoinAndFetchProcessor - processing queryspace &lt;gen:0&gt;
17:40:04.453 [main] DEBUG org.hibernate.loader.plan.build.spi.LoadPlanTreePrinter - LoadPlan(entity=com.niit.model.Forum)
    - Returns
       - EntityReturnImpl(entity=com.niit.model.Forum, querySpaceUid=&lt;gen:0&gt;, path=com.niit.model.Forum)
    - QuerySpaces
       - EntityQuerySpaceImpl(uid=&lt;gen:0&gt;, entity=com.niit.model.Forum)
          - SQL table alias mapping - forum0_
          - alias suffix - 0_
          - suffixed key columns - {forumId1_2_0_}

17:40:04.454 [main] DEBUG org.hibernate.loader.entity.plan.EntityLoader - Static select for entity com.niit.model.Forum [PESSIMISTIC_FORCE_INCREMENT]: select forum0_.forumId as forumId1_2_0_, forum0_.createDate as createDa2_2_0_, forum0_.forumContent as forumCon3_2_0_, forum0_.forumName as forumNam4_2_0_, forum0_.remarks as remarks5_2_0_, forum0_.status as status6_2_0_, forum0_.userId as userId7_2_0_ from CForum forum0_ where forum0_.forumId=? for update
17:40:04.454 [main] DEBUG org.hibernate.loader.plan.build.internal.spaces.QuerySpacesImpl - Adding QuerySpace : uid = &lt;gen:0&gt; -&gt; org.hibernate.loader.plan.build.internal.spaces.EntityQuerySpaceImpl@1756f7cc]
17:40:04.454 [main] DEBUG org.hibernate.persister.walking.spi.MetamodelGraphWalker - Visiting attribute path : createDate
17:40:04.455 [main] DEBUG org.hibernate.persister.walking.spi.MetamodelGraphWalker - Visiting attribute path : forumContent
17:40:04.455 [main] DEBUG org.hibernate.persister.walking.spi.MetamodelGraphWalker - Visiting attribute path : forumName
17:40:04.455 [main] DEBUG org.hibernate.persister.walking.spi.MetamodelGraphWalker - Visiting attribute path : remarks
17:40:04.455 [main] DEBUG org.hibernate.persister.walking.spi.MetamodelGraphWalker - Visiting attribute path : status
17:40:04.455 [main] DEBUG org.hibernate.persister.walking.spi.MetamodelGraphWalker - Visiting attribute path : userId
17:40:04.455 [main] DEBUG org.hibernate.loader.plan.build.internal.FetchStyleLoadPlanBuildingAssociationVisitationStrategy - Building LoadPlan...
17:40:04.455 [main] DEBUG org.hibernate.loader.plan.exec.internal.LoadQueryJoinAndFetchProcessor - processing queryspace &lt;gen:0&gt;
17:40:04.456 [main] DEBUG org.hibernate.loader.plan.build.spi.LoadPlanTreePrinter - LoadPlan(entity=com.niit.model.Forum)
    - Returns
       - EntityReturnImpl(entity=com.niit.model.Forum, querySpaceUid=&lt;gen:0&gt;, path=com.niit.model.Forum)
    - QuerySpaces
       - EntityQuerySpaceImpl(uid=&lt;gen:0&gt;, entity=com.niit.model.Forum)
          - SQL table alias mapping - forum0_
          - alias suffix - 0_
          - suffixed key columns - {forumId1_2_0_}

17:40:04.456 [main] DEBUG org.hibernate.loader.entity.plan.EntityLoader - Static select for entity com.niit.model.Forum [OPTIMISTIC]: select forum0_.forumId as forumId1_2_0_, forum0_.createDate as createDa2_2_0_, forum0_.forumContent as forumCon3_2_0_, forum0_.forumName as forumNam4_2_0_, forum0_.remarks as remarks5_2_0_, forum0_.status as status6_2_0_, forum0_.userId as userId7_2_0_ from CForum forum0_ where forum0_.forumId=?
17:40:04.456 [main] DEBUG org.hibernate.loader.plan.build.internal.spaces.QuerySpacesImpl - Adding QuerySpace : uid = &lt;gen:0&gt; -&gt; org.hibernate.loader.plan.build.internal.spaces.EntityQuerySpaceImpl@27df95e]
17:40:04.456 [main] DEBUG org.hibernate.persister.walking.spi.MetamodelGraphWalker - Visiting attribute path : createDate
17:40:04.456 [main] DEBUG org.hibernate.persister.walking.spi.MetamodelGraphWalker - Visiting attribute path : forumContent
17:40:04.456 [main] DEBUG org.hibernate.persister.walking.spi.MetamodelGraphWalker - Visiting attribute path : forumName
17:40:04.456 [main] DEBUG org.hibernate.persister.walking.spi.MetamodelGraphWalker - Visiting attribute path : remarks
17:40:04.456 [main] DEBUG org.hibernate.persister.walking.spi.MetamodelGraphWalker - Visiting attribute path : status
17:40:04.456 [main] DEBUG org.hibernate.persister.walking.spi.MetamodelGraphWalker - Visiting attribute path : userId
17:40:04.456 [main] DEBUG org.hibernate.loader.plan.build.internal.FetchStyleLoadPlanBuildingAssociationVisitationStrategy - Building LoadPlan...
17:40:04.457 [main] DEBUG org.hibernate.loader.plan.exec.internal.LoadQueryJoinAndFetchProcessor - processing queryspace &lt;gen:0&gt;
17:40:04.457 [main] DEBUG org.hibernate.loader.plan.build.spi.LoadPlanTreePrinter - LoadPlan(entity=com.niit.model.Forum)
    - Returns
       - EntityReturnImpl(entity=com.niit.model.Forum, querySpaceUid=&lt;gen:0&gt;, path=com.niit.model.Forum)
    - QuerySpaces
       - EntityQuerySpaceImpl(uid=&lt;gen:0&gt;, entity=com.niit.model.Forum)
          - SQL table alias mapping - forum0_
          - alias suffix - 0_
          - suffixed key columns - {forumId1_2_0_}

17:40:04.457 [main] DEBUG org.hibernate.loader.entity.plan.EntityLoader - Static select for entity com.niit.model.Forum [OPTIMISTIC_FORCE_INCREMENT]: select forum0_.forumId as forumId1_2_0_, forum0_.createDate as createDa2_2_0_, forum0_.forumContent as forumCon3_2_0_, forum0_.forumName as forumNam4_2_0_, forum0_.remarks as remarks5_2_0_, forum0_.status as status6_2_0_, forum0_.userId as userId7_2_0_ from CForum forum0_ where forum0_.forumId=?
17:40:04.457 [main] DEBUG org.hibernate.loader.Loader - Static select for action ACTION_MERGE on entity com.niit.model.Forum: select forum0_.forumId as forumId1_2_0_, forum0_.createDate as createDa2_2_0_, forum0_.forumContent as forumCon3_2_0_, forum0_.forumName as forumNam4_2_0_, forum0_.remarks as remarks5_2_0_, forum0_.status as status6_2_0_, forum0_.userId as userId7_2_0_ from CForum forum0_ where forum0_.forumId=?
17:40:04.457 [main] DEBUG org.hibernate.loader.Loader - Static select for action ACTION_REFRESH on entity com.niit.model.Forum: select forum0_.forumId as forumId1_2_0_, forum0_.createDate as createDa2_2_0_, forum0_.forumContent as forumCon3_2_0_, forum0_.forumName as forumNam4_2_0_, forum0_.remarks as remarks5_2_0_, forum0_.status as status6_2_0_, forum0_.userId as userId7_2_0_ from CForum forum0_ where forum0_.forumId=?
17:40:04.458 [main] DEBUG org.hibernate.persister.entity.AbstractEntityPersister - Static SQL for entity: com.niit.model.User
17:40:04.458 [main] DEBUG org.hibernate.persister.entity.AbstractEntityPersister -  Version select: select userId from CUser where userId =?
17:40:04.458 [main] DEBUG org.hibernate.persister.entity.AbstractEntityPersister -  Snapshot select: select user_.userId, user_.email as email2_8_, user_.firstname as firstnam3_8_, user_.isOnline as isOnline4_8_, user_.lastname as lastname5_8_, user_.password as password6_8_, user_.remarks as remarks7_8_, user_.role as role8_8_, user_.status as status9_8_ from CUser user_ where user_.userId=?
17:40:04.458 [main] DEBUG org.hibernate.persister.entity.AbstractEntityPersister -  Insert 0: insert into CUser (email, firstname, isOnline, lastname, password, remarks, role, status, userId) values (?, ?, ?, ?, ?, ?, ?, ?, ?)
17:40:04.458 [main] DEBUG org.hibernate.persister.entity.AbstractEntityPersister -  Update 0: update CUser set email=?, firstname=?, isOnline=?, lastname=?, password=?, remarks=?, role=?, status=? where userId=?
17:40:04.458 [main] DEBUG org.hibernate.persister.entity.AbstractEntityPersister -  Delete 0: delete from CUser where userId=?
17:40:04.459 [main] DEBUG org.hibernate.loader.plan.build.internal.spaces.QuerySpacesImpl - Adding QuerySpace : uid = &lt;gen:0&gt; -&gt; org.hibernate.loader.plan.build.internal.spaces.EntityQuerySpaceImpl@2b0e9f30]
17:40:04.459 [main] DEBUG org.hibernate.persister.walking.spi.MetamodelGraphWalker - Visiting attribute path : email
17:40:04.459 [main] DEBUG org.hibernate.persister.walking.spi.MetamodelGraphWalker - Visiting attribute path : firstname
17:40:04.459 [main] DEBUG org.hibernate.persister.walking.spi.MetamodelGraphWalker - Visiting attribute path : isOnline
17:40:04.459 [main] DEBUG org.hibernate.persister.walking.spi.MetamodelGraphWalker - Visiting attribute path : lastname
17:40:04.459 [main] DEBUG org.hibernate.persister.walking.spi.MetamodelGraphWalker - Visiting attribute path : password
17:40:04.459 [main] DEBUG org.hibernate.persister.walking.spi.MetamodelGraphWalker - Visiting attribute path : remarks
17:40:04.459 [main] DEBUG org.hibernate.persister.walking.spi.MetamodelGraphWalker - Visiting attribute path : role
17:40:04.459 [main] DEBUG org.hibernate.persister.walking.spi.MetamodelGraphWalker - Visiting attribute path : status
17:40:04.460 [main] DEBUG org.hibernate.loader.plan.build.internal.FetchStyleLoadPlanBuildingAssociationVisitationStrategy - Building LoadPlan...
17:40:04.460 [main] DEBUG org.hibernate.loader.plan.exec.internal.LoadQueryJoinAndFetchProcessor - processing queryspace &lt;gen:0&gt;
17:40:04.460 [main] DEBUG org.hibernate.loader.plan.build.spi.LoadPlanTreePrinter - LoadPlan(entity=com.niit.model.User)
    - Returns
       - EntityReturnImpl(entity=com.niit.model.User, querySpaceUid=&lt;gen:0&gt;, path=com.niit.model.User)
    - QuerySpaces
       - EntityQuerySpaceImpl(uid=&lt;gen:0&gt;, entity=com.niit.model.User)
          - SQL table alias mapping - user0_
          - alias suffix - 0_
          - suffixed key columns - {userId1_8_0_}

17:40:04.461 [main] DEBUG org.hibernate.loader.entity.plan.EntityLoader - Static select for entity com.niit.model.User [NONE]: select user0_.userId as userId1_8_0_, user0_.email as email2_8_0_, user0_.firstname as firstnam3_8_0_, user0_.isOnline as isOnline4_8_0_, user0_.lastname as lastname5_8_0_, user0_.password as password6_8_0_, user0_.remarks as remarks7_8_0_, user0_.role as role8_8_0_, user0_.status as status9_8_0_ from CUser user0_ where user0_.userId=?
17:40:04.462 [main] DEBUG org.hibernate.loader.plan.build.internal.spaces.QuerySpacesImpl - Adding QuerySpace : uid = &lt;gen:0&gt; -&gt; org.hibernate.loader.plan.build.internal.spaces.EntityQuerySpaceImpl@3330f3ad]
17:40:04.462 [main] DEBUG org.hibernate.persister.walking.spi.MetamodelGraphWalker - Visiting attribute path : email
17:40:04.462 [main] DEBUG org.hibernate.persister.walking.spi.MetamodelGraphWalker - Visiting attribute path : firstname
17:40:04.462 [main] DEBUG org.hibernate.persister.walking.spi.MetamodelGraphWalker - Visiting attribute path : isOnline
17:40:04.462 [main] DEBUG org.hibernate.persister.walking.spi.MetamodelGraphWalker - Visiting attribute path : lastname
17:40:04.462 [main] DEBUG org.hibernate.persister.walking.spi.MetamodelGraphWalker - Visiting attribute path : password
17:40:04.462 [main] DEBUG org.hibernate.persister.walking.spi.MetamodelGraphWalker - Visiting attribute path : remarks
17:40:04.462 [main] DEBUG org.hibernate.persister.walking.spi.MetamodelGraphWalker - Visiting attribute path : role
17:40:04.462 [main] DEBUG org.hibernate.persister.walking.spi.MetamodelGraphWalker - Visiting attribute path : status
17:40:04.463 [main] DEBUG org.hibernate.loader.plan.build.internal.FetchStyleLoadPlanBuildingAssociationVisitationStrategy - Building LoadPlan...
17:40:04.464 [main] DEBUG org.hibernate.loader.plan.exec.internal.LoadQueryJoinAndFetchProcessor - processing queryspace &lt;gen:0&gt;
17:40:04.464 [main] DEBUG org.hibernate.loader.plan.build.spi.LoadPlanTreePrinter - LoadPlan(entity=com.niit.model.User)
    - Returns
       - EntityReturnImpl(entity=com.niit.model.User, querySpaceUid=&lt;gen:0&gt;, path=com.niit.model.User)
    - QuerySpaces
       - EntityQuerySpaceImpl(uid=&lt;gen:0&gt;, entity=com.niit.model.User)
          - SQL table alias mapping - user0_
          - alias suffix - 0_
          - suffixed key columns - {userId1_8_0_}

17:40:04.464 [main] DEBUG org.hibernate.loader.entity.plan.EntityLoader - Static select for entity com.niit.model.User [READ]: select user0_.userId as userId1_8_0_, user0_.email as email2_8_0_, user0_.firstname as firstnam3_8_0_, user0_.isOnline as isOnline4_8_0_, user0_.lastname as lastname5_8_0_, user0_.password as password6_8_0_, user0_.remarks as remarks7_8_0_, user0_.role as role8_8_0_, user0_.status as status9_8_0_ from CUser user0_ where user0_.userId=?
17:40:04.464 [main] DEBUG org.hibernate.loader.plan.build.internal.spaces.QuerySpacesImpl - Adding QuerySpace : uid = &lt;gen:0&gt; -&gt; org.hibernate.loader.plan.build.internal.spaces.EntityQuerySpaceImpl@506aabf6]
17:40:04.464 [main] DEBUG org.hibernate.persister.walking.spi.MetamodelGraphWalker - Visiting attribute path : email
17:40:04.465 [main] DEBUG org.hibernate.persister.walking.spi.MetamodelGraphWalker - Visiting attribute path : firstname
17:40:04.465 [main] DEBUG org.hibernate.persister.walking.spi.MetamodelGraphWalker - Visiting attribute path : isOnline
17:40:04.465 [main] DEBUG org.hibernate.persister.walking.spi.MetamodelGraphWalker - Visiting attribute path : lastname
17:40:04.465 [main] DEBUG org.hibernate.persister.walking.spi.MetamodelGraphWalker - Visiting attribute path : password
17:40:04.465 [main] DEBUG org.hibernate.persister.walking.spi.MetamodelGraphWalker - Visiting attribute path : remarks
17:40:04.465 [main] DEBUG org.hibernate.persister.walking.spi.MetamodelGraphWalker - Visiting attribute path : role
17:40:04.465 [main] DEBUG org.hibernate.persister.walking.spi.MetamodelGraphWalker - Visiting attribute path : status
17:40:04.465 [main] DEBUG org.hibernate.loader.plan.build.internal.FetchStyleLoadPlanBuildingAssociationVisitationStrategy - Building LoadPlan...
17:40:04.465 [main] DEBUG org.hibernate.loader.plan.exec.internal.LoadQueryJoinAndFetchProcessor - processing queryspace &lt;gen:0&gt;
17:40:04.465 [main] DEBUG org.hibernate.loader.plan.build.spi.LoadPlanTreePrinter - LoadPlan(entity=com.niit.model.User)
    - Returns
       - EntityReturnImpl(entity=com.niit.model.User, querySpaceUid=&lt;gen:0&gt;, path=com.niit.model.User)
    - QuerySpaces
       - EntityQuerySpaceImpl(uid=&lt;gen:0&gt;, entity=com.niit.model.User)
          - SQL table alias mapping - user0_
          - alias suffix - 0_
          - suffixed key columns - {userId1_8_0_}

17:40:04.466 [main] DEBUG org.hibernate.loader.entity.plan.EntityLoader - Static select for entity com.niit.model.User [UPGRADE]: select user0_.userId as userId1_8_0_, user0_.email as email2_8_0_, user0_.firstname as firstnam3_8_0_, user0_.isOnline as isOnline4_8_0_, user0_.lastname as lastname5_8_0_, user0_.password as password6_8_0_, user0_.remarks as remarks7_8_0_, user0_.role as role8_8_0_, user0_.status as status9_8_0_ from CUser user0_ where user0_.userId=? for update
17:40:04.466 [main] DEBUG org.hibernate.loader.plan.build.internal.spaces.QuerySpacesImpl - Adding QuerySpace : uid = &lt;gen:0&gt; -&gt; org.hibernate.loader.plan.build.internal.spaces.EntityQuerySpaceImpl@6824b913]
17:40:04.466 [main] DEBUG org.hibernate.persister.walking.spi.MetamodelGraphWalker - Visiting attribute path : email
17:40:04.466 [main] DEBUG org.hibernate.persister.walking.spi.MetamodelGraphWalker - Visiting attribute path : firstname
17:40:04.466 [main] DEBUG org.hibernate.persister.walking.spi.MetamodelGraphWalker - Visiting attribute path : isOnline
17:40:04.466 [main] DEBUG org.hibernate.persister.walking.spi.MetamodelGraphWalker - Visiting attribute path : lastname
17:40:04.466 [main] DEBUG org.hibernate.persister.walking.spi.MetamodelGraphWalker - Visiting attribute path : password
17:40:04.466 [main] DEBUG org.hibernate.persister.walking.spi.MetamodelGraphWalker - Visiting attribute path : remarks
17:40:04.466 [main] DEBUG org.hibernate.persister.walking.spi.MetamodelGraphWalker - Visiting attribute path : role
17:40:04.466 [main] DEBUG org.hibernate.persister.walking.spi.MetamodelGraphWalker - Visiting attribute path : status
17:40:04.466 [main] DEBUG org.hibernate.loader.plan.build.internal.FetchStyleLoadPlanBuildingAssociationVisitationStrategy - Building LoadPlan...
17:40:04.467 [main] DEBUG org.hibernate.loader.plan.exec.internal.LoadQueryJoinAndFetchProcessor - processing queryspace &lt;gen:0&gt;
17:40:04.467 [main] DEBUG org.hibernate.loader.plan.build.spi.LoadPlanTreePrinter - LoadPlan(entity=com.niit.model.User)
    - Returns
       - EntityReturnImpl(entity=com.niit.model.User, querySpaceUid=&lt;gen:0&gt;, path=com.niit.model.User)
    - QuerySpaces
       - EntityQuerySpaceImpl(uid=&lt;gen:0&gt;, entity=com.niit.model.User)
          - SQL table alias mapping - user0_
          - alias suffix - 0_
          - suffixed key columns - {userId1_8_0_}

17:40:04.467 [main] DEBUG org.hibernate.loader.entity.plan.EntityLoader - Static select for entity com.niit.model.User [UPGRADE_NOWAIT]: select user0_.userId as userId1_8_0_, user0_.email as email2_8_0_, user0_.firstname as firstnam3_8_0_, user0_.isOnline as isOnline4_8_0_, user0_.lastname as lastname5_8_0_, user0_.password as password6_8_0_, user0_.remarks as remarks7_8_0_, user0_.role as role8_8_0_, user0_.status as status9_8_0_ from CUser user0_ where user0_.userId=? for update
17:40:04.467 [main] DEBUG org.hibernate.loader.plan.build.internal.spaces.QuerySpacesImpl - Adding QuerySpace : uid = &lt;gen:0&gt; -&gt; org.hibernate.loader.plan.build.internal.spaces.EntityQuerySpaceImpl@705a8dbc]
17:40:04.467 [main] DEBUG org.hibernate.persister.walking.spi.MetamodelGraphWalker - Visiting attribute path : email
17:40:04.467 [main] DEBUG org.hibernate.persister.walking.spi.MetamodelGraphWalker - Visiting attribute path : firstname
17:40:04.467 [main] DEBUG org.hibernate.persister.walking.spi.MetamodelGraphWalker - Visiting attribute path : isOnline
17:40:04.467 [main] DEBUG org.hibernate.persister.walking.spi.MetamodelGraphWalker - Visiting attribute path : lastname
17:40:04.467 [main] DEBUG org.hibernate.persister.walking.spi.MetamodelGraphWalker - Visiting attribute path : password
17:40:04.468 [main] DEBUG org.hibernate.persister.walking.spi.MetamodelGraphWalker - Visiting attribute path : remarks
17:40:04.468 [main] DEBUG org.hibernate.persister.walking.spi.MetamodelGraphWalker - Visiting attribute path : role
17:40:04.468 [main] DEBUG org.hibernate.persister.walking.spi.MetamodelGraphWalker - Visiting attribute path : status
17:40:04.468 [main] DEBUG org.hibernate.loader.plan.build.internal.FetchStyleLoadPlanBuildingAssociationVisitationStrategy - Building LoadPlan...
17:40:04.468 [main] DEBUG org.hibernate.loader.plan.exec.internal.LoadQueryJoinAndFetchProcessor - processing queryspace &lt;gen:0&gt;
17:40:04.468 [main] DEBUG org.hibernate.loader.plan.build.spi.LoadPlanTreePrinter - LoadPlan(entity=com.niit.model.User)
    - Returns
       - EntityReturnImpl(entity=com.niit.model.User, querySpaceUid=&lt;gen:0&gt;, path=com.niit.model.User)
    - QuerySpaces
       - EntityQuerySpaceImpl(uid=&lt;gen:0&gt;, entity=com.niit.model.User)
          - SQL table alias mapping - user0_
          - alias suffix - 0_
          - suffixed key columns - {userId1_8_0_}

17:40:04.468 [main] DEBUG org.hibernate.loader.entity.plan.EntityLoader - Static select for entity com.niit.model.User [UPGRADE_SKIPLOCKED]: select user0_.userId as userId1_8_0_, user0_.email as email2_8_0_, user0_.firstname as firstnam3_8_0_, user0_.isOnline as isOnline4_8_0_, user0_.lastname as lastname5_8_0_, user0_.password as password6_8_0_, user0_.remarks as remarks7_8_0_, user0_.role as role8_8_0_, user0_.status as status9_8_0_ from CUser user0_ where user0_.userId=? for update
17:40:04.468 [main] DEBUG org.hibernate.loader.plan.build.internal.spaces.QuerySpacesImpl - Adding QuerySpace : uid = &lt;gen:0&gt; -&gt; org.hibernate.loader.plan.build.internal.spaces.EntityQuerySpaceImpl@d535a3d]
17:40:04.468 [main] DEBUG org.hibernate.persister.walking.spi.MetamodelGraphWalker - Visiting attribute path : email
17:40:04.469 [main] DEBUG org.hibernate.persister.walking.spi.MetamodelGraphWalker - Visiting attribute path : firstname
17:40:04.469 [main] DEBUG org.hibernate.persister.walking.spi.MetamodelGraphWalker - Visiting attribute path : isOnline
17:40:04.469 [main] DEBUG org.hibernate.persister.walking.spi.MetamodelGraphWalker - Visiting attribute path : lastname
17:40:04.469 [main] DEBUG org.hibernate.persister.walking.spi.MetamodelGraphWalker - Visiting attribute path : password
17:40:04.469 [main] DEBUG org.hibernate.persister.walking.spi.MetamodelGraphWalker - Visiting attribute path : remarks
17:40:04.469 [main] DEBUG org.hibernate.persister.walking.spi.MetamodelGraphWalker - Visiting attribute path : role
17:40:04.469 [main] DEBUG org.hibernate.persister.walking.spi.MetamodelGraphWalker - Visiting attribute path : status
17:40:04.469 [main] DEBUG org.hibernate.loader.plan.build.internal.FetchStyleLoadPlanBuildingAssociationVisitationStrategy - Building LoadPlan...
17:40:04.469 [main] DEBUG org.hibernate.loader.plan.exec.internal.LoadQueryJoinAndFetchProcessor - processing queryspace &lt;gen:0&gt;
17:40:04.470 [main] DEBUG org.hibernate.loader.plan.build.spi.LoadPlanTreePrinter - LoadPlan(entity=com.niit.model.User)
    - Returns
       - EntityReturnImpl(entity=com.niit.model.User, querySpaceUid=&lt;gen:0&gt;, path=com.niit.model.User)
    - QuerySpaces
       - EntityQuerySpaceImpl(uid=&lt;gen:0&gt;, entity=com.niit.model.User)
          - SQL table alias mapping - user0_
          - alias suffix - 0_
          - suffixed key columns - {userId1_8_0_}

17:40:04.470 [main] DEBUG org.hibernate.loader.entity.plan.EntityLoader - Static select for entity com.niit.model.User [FORCE]: select user0_.userId as userId1_8_0_, user0_.email as email2_8_0_, user0_.firstname as firstnam3_8_0_, user0_.isOnline as isOnline4_8_0_, user0_.lastname as lastname5_8_0_, user0_.password as password6_8_0_, user0_.remarks as remarks7_8_0_, user0_.role as role8_8_0_, user0_.status as status9_8_0_ from CUser user0_ where user0_.userId=? for update
17:40:04.470 [main] DEBUG org.hibernate.loader.plan.build.internal.spaces.QuerySpacesImpl - Adding QuerySpace : uid = &lt;gen:0&gt; -&gt; org.hibernate.loader.plan.build.internal.spaces.EntityQuerySpaceImpl@9e54c59]
17:40:04.470 [main] DEBUG org.hibernate.persister.walking.spi.MetamodelGraphWalker - Visiting attribute path : email
17:40:04.471 [main] DEBUG org.hibernate.persister.walking.spi.MetamodelGraphWalker - Visiting attribute path : firstname
17:40:04.471 [main] DEBUG org.hibernate.persister.walking.spi.MetamodelGraphWalker - Visiting attribute path : isOnline
17:40:04.471 [main] DEBUG org.hibernate.persister.walking.spi.MetamodelGraphWalker - Visiting attribute path : lastname
17:40:04.471 [main] DEBUG org.hibernate.persister.walking.spi.MetamodelGraphWalker - Visiting attribute path : password
17:40:04.471 [main] DEBUG org.hibernate.persister.walking.spi.MetamodelGraphWalker - Visiting attribute path : remarks
17:40:04.471 [main] DEBUG org.hibernate.persister.walking.spi.MetamodelGraphWalker - Visiting attribute path : role
17:40:04.471 [main] DEBUG org.hibernate.persister.walking.spi.MetamodelGraphWalker - Visiting attribute path : status
17:40:04.471 [main] DEBUG org.hibernate.loader.plan.build.internal.FetchStyleLoadPlanBuildingAssociationVisitationStrategy - Building LoadPlan...
17:40:04.471 [main] DEBUG org.hibernate.loader.plan.exec.internal.LoadQueryJoinAndFetchProcessor - processing queryspace &lt;gen:0&gt;
17:40:04.471 [main] DEBUG org.hibernate.loader.plan.build.spi.LoadPlanTreePrinter - LoadPlan(entity=com.niit.model.User)
    - Returns
       - EntityReturnImpl(entity=com.niit.model.User, querySpaceUid=&lt;gen:0&gt;, path=com.niit.model.User)
    - QuerySpaces
       - EntityQuerySpaceImpl(uid=&lt;gen:0&gt;, entity=com.niit.model.User)
          - SQL table alias mapping - user0_
          - alias suffix - 0_
          - suffixed key columns - {userId1_8_0_}

17:40:04.472 [main] DEBUG org.hibernate.loader.entity.plan.EntityLoader - Static select for entity com.niit.model.User [PESSIMISTIC_READ]: select user0_.userId as userId1_8_0_, user0_.email as email2_8_0_, user0_.firstname as firstnam3_8_0_, user0_.isOnline as isOnline4_8_0_, user0_.lastname as lastname5_8_0_, user0_.password as password6_8_0_, user0_.remarks as remarks7_8_0_, user0_.role as role8_8_0_, user0_.status as status9_8_0_ from CUser user0_ where user0_.userId=? for update
17:40:04.473 [main] DEBUG org.hibernate.loader.plan.build.internal.spaces.QuerySpacesImpl - Adding QuerySpace : uid = &lt;gen:0&gt; -&gt; org.hibernate.loader.plan.build.internal.spaces.EntityQuerySpaceImpl@4a2e7bcb]
17:40:04.473 [main] DEBUG org.hibernate.persister.walking.spi.MetamodelGraphWalker - Visiting attribute path : email
17:40:04.473 [main] DEBUG org.hibernate.persister.walking.spi.MetamodelGraphWalker - Visiting attribute path : firstname
17:40:04.473 [main] DEBUG org.hibernate.persister.walking.spi.MetamodelGraphWalker - Visiting attribute path : isOnline
17:40:04.473 [main] DEBUG org.hibernate.persister.walking.spi.MetamodelGraphWalker - Visiting attribute path : lastname
17:40:04.473 [main] DEBUG org.hibernate.persister.walking.spi.MetamodelGraphWalker - Visiting attribute path : password
17:40:04.473 [main] DEBUG org.hibernate.persister.walking.spi.MetamodelGraphWalker - Visiting attribute path : remarks
17:40:04.473 [main] DEBUG org.hibernate.persister.walking.spi.MetamodelGraphWalker - Visiting attribute path : role
17:40:04.473 [main] DEBUG org.hibernate.persister.walking.spi.MetamodelGraphWalker - Visiting attribute path : status
17:40:04.473 [main] DEBUG org.hibernate.loader.plan.build.internal.FetchStyleLoadPlanBuildingAssociationVisitationStrategy - Building LoadPlan...
17:40:04.474 [main] DEBUG org.hibernate.loader.plan.exec.internal.LoadQueryJoinAndFetchProcessor - processing queryspace &lt;gen:0&gt;
17:40:04.474 [main] DEBUG org.hibernate.loader.plan.build.spi.LoadPlanTreePrinter - LoadPlan(entity=com.niit.model.User)
    - Returns
       - EntityReturnImpl(entity=com.niit.model.User, querySpaceUid=&lt;gen:0&gt;, path=com.niit.model.User)
    - QuerySpaces
       - EntityQuerySpaceImpl(uid=&lt;gen:0&gt;, entity=com.niit.model.User)
          - SQL table alias mapping - user0_
          - alias suffix - 0_
          - suffixed key columns - {userId1_8_0_}

17:40:04.474 [main] DEBUG org.hibernate.loader.entity.plan.EntityLoader - Static select for entity com.niit.model.User [PESSIMISTIC_WRITE]: select user0_.userId as userId1_8_0_, user0_.email as email2_8_0_, user0_.firstname as firstnam3_8_0_, user0_.isOnline as isOnline4_8_0_, user0_.lastname as lastname5_8_0_, user0_.password as password6_8_0_, user0_.remarks as remarks7_8_0_, user0_.role as role8_8_0_, user0_.status as status9_8_0_ from CUser user0_ where user0_.userId=? for update
17:40:04.474 [main] DEBUG org.hibernate.loader.plan.build.internal.spaces.QuerySpacesImpl - Adding QuerySpace : uid = &lt;gen:0&gt; -&gt; org.hibernate.loader.plan.build.internal.spaces.EntityQuerySpaceImpl@74f827ad]
17:40:04.474 [main] DEBUG org.hibernate.persister.walking.spi.MetamodelGraphWalker - Visiting attribute path : email
17:40:04.474 [main] DEBUG org.hibernate.persister.walking.spi.MetamodelGraphWalker - Visiting attribute path : firstname
17:40:04.474 [main] DEBUG org.hibernate.persister.walking.spi.MetamodelGraphWalker - Visiting attribute path : isOnline
17:40:04.474 [main] DEBUG org.hibernate.persister.walking.spi.MetamodelGraphWalker - Visiting attribute path : lastname
17:40:04.474 [main] DEBUG org.hibernate.persister.walking.spi.MetamodelGraphWalker - Visiting attribute path : password
17:40:04.474 [main] DEBUG org.hibernate.persister.walking.spi.MetamodelGraphWalker - Visiting attribute path : remarks
17:40:04.475 [main] DEBUG org.hibernate.persister.walking.spi.MetamodelGraphWalker - Visiting attribute path : role
17:40:04.475 [main] DEBUG org.hibernate.persister.walking.spi.MetamodelGraphWalker - Visiting attribute path : status
17:40:04.475 [main] DEBUG org.hibernate.loader.plan.build.internal.FetchStyleLoadPlanBuildingAssociationVisitationStrategy - Building LoadPlan...
17:40:04.475 [main] DEBUG org.hibernate.loader.plan.exec.internal.LoadQueryJoinAndFetchProcessor - processing queryspace &lt;gen:0&gt;
17:40:04.475 [main] DEBUG org.hibernate.loader.plan.build.spi.LoadPlanTreePrinter - LoadPlan(entity=com.niit.model.User)
    - Returns
       - EntityReturnImpl(entity=com.niit.model.User, querySpaceUid=&lt;gen:0&gt;, path=com.niit.model.User)
    - QuerySpaces
       - EntityQuerySpaceImpl(uid=&lt;gen:0&gt;, entity=com.niit.model.User)
          - SQL table alias mapping - user0_
          - alias suffix - 0_
          - suffixed key columns - {userId1_8_0_}

17:40:04.475 [main] DEBUG org.hibernate.loader.entity.plan.EntityLoader - Static select for entity com.niit.model.User [PESSIMISTIC_FORCE_INCREMENT]: select user0_.userId as userId1_8_0_, user0_.email as email2_8_0_, user0_.firstname as firstnam3_8_0_, user0_.isOnline as isOnline4_8_0_, user0_.lastname as lastname5_8_0_, user0_.password as password6_8_0_, user0_.remarks as remarks7_8_0_, user0_.role as role8_8_0_, user0_.status as status9_8_0_ from CUser user0_ where user0_.userId=? for update
17:40:04.475 [main] DEBUG org.hibernate.loader.plan.build.internal.spaces.QuerySpacesImpl - Adding QuerySpace : uid = &lt;gen:0&gt; -&gt; org.hibernate.loader.plan.build.internal.spaces.EntityQuerySpaceImpl@4a8a0099]
17:40:04.476 [main] DEBUG org.hibernate.persister.walking.spi.MetamodelGraphWalker - Visiting attribute path : email
17:40:04.476 [main] DEBUG org.hibernate.persister.walking.spi.MetamodelGraphWalker - Visiting attribute path : firstname
17:40:04.476 [main] DEBUG org.hibernate.persister.walking.spi.MetamodelGraphWalker - Visiting attribute path : isOnline
17:40:04.476 [main] DEBUG org.hibernate.persister.walking.spi.MetamodelGraphWalker - Visiting attribute path : lastname
17:40:04.476 [main] DEBUG org.hibernate.persister.walking.spi.MetamodelGraphWalker - Visiting attribute path : password
17:40:04.476 [main] DEBUG org.hibernate.persister.walking.spi.MetamodelGraphWalker - Visiting attribute path : remarks
17:40:04.476 [main] DEBUG org.hibernate.persister.walking.spi.MetamodelGraphWalker - Visiting attribute path : role
17:40:04.476 [main] DEBUG org.hibernate.persister.walking.spi.MetamodelGraphWalker - Visiting attribute path : status
17:40:04.476 [main] DEBUG org.hibernate.loader.plan.build.internal.FetchStyleLoadPlanBuildingAssociationVisitationStrategy - Building LoadPlan...
17:40:04.476 [main] DEBUG org.hibernate.loader.plan.exec.internal.LoadQueryJoinAndFetchProcessor - processing queryspace &lt;gen:0&gt;
17:40:04.477 [main] DEBUG org.hibernate.loader.plan.build.spi.LoadPlanTreePrinter - LoadPlan(entity=com.niit.model.User)
    - Returns
       - EntityReturnImpl(entity=com.niit.model.User, querySpaceUid=&lt;gen:0&gt;, path=com.niit.model.User)
    - QuerySpaces
       - EntityQuerySpaceImpl(uid=&lt;gen:0&gt;, entity=com.niit.model.User)
          - SQL table alias mapping - user0_
          - alias suffix - 0_
          - suffixed key columns - {userId1_8_0_}

17:40:04.477 [main] DEBUG org.hibernate.loader.entity.plan.EntityLoader - Static select for entity com.niit.model.User [OPTIMISTIC]: select user0_.userId as userId1_8_0_, user0_.email as email2_8_0_, user0_.firstname as firstnam3_8_0_, user0_.isOnline as isOnline4_8_0_, user0_.lastname as lastname5_8_0_, user0_.password as password6_8_0_, user0_.remarks as remarks7_8_0_, user0_.role as role8_8_0_, user0_.status as status9_8_0_ from CUser user0_ where user0_.userId=?
17:40:04.477 [main] DEBUG org.hibernate.loader.plan.build.internal.spaces.QuerySpacesImpl - Adding QuerySpace : uid = &lt;gen:0&gt; -&gt; org.hibernate.loader.plan.build.internal.spaces.EntityQuerySpaceImpl@49e4c2d5]
17:40:04.477 [main] DEBUG org.hibernate.persister.walking.spi.MetamodelGraphWalker - Visiting attribute path : email
17:40:04.477 [main] DEBUG org.hibernate.persister.walking.spi.MetamodelGraphWalker - Visiting attribute path : firstname
17:40:04.477 [main] DEBUG org.hibernate.persister.walking.spi.MetamodelGraphWalker - Visiting attribute path : isOnline
17:40:04.477 [main] DEBUG org.hibernate.persister.walking.spi.MetamodelGraphWalker - Visiting attribute path : lastname
17:40:04.478 [main] DEBUG org.hibernate.persister.walking.spi.MetamodelGraphWalker - Visiting attribute path : password
17:40:04.478 [main] DEBUG org.hibernate.persister.walking.spi.MetamodelGraphWalker - Visiting attribute path : remarks
17:40:04.478 [main] DEBUG org.hibernate.persister.walking.spi.MetamodelGraphWalker - Visiting attribute path : role
17:40:04.478 [main] DEBUG org.hibernate.persister.walking.spi.MetamodelGraphWalker - Visiting attribute path : status
17:40:04.478 [main] DEBUG org.hibernate.loader.plan.build.internal.FetchStyleLoadPlanBuildingAssociationVisitationStrategy - Building LoadPlan...
17:40:04.478 [main] DEBUG org.hibernate.loader.plan.exec.internal.LoadQueryJoinAndFetchProcessor - processing queryspace &lt;gen:0&gt;
17:40:04.478 [main] DEBUG org.hibernate.loader.plan.build.spi.LoadPlanTreePrinter - LoadPlan(entity=com.niit.model.User)
    - Returns
       - EntityReturnImpl(entity=com.niit.model.User, querySpaceUid=&lt;gen:0&gt;, path=com.niit.model.User)
    - QuerySpaces
       - EntityQuerySpaceImpl(uid=&lt;gen:0&gt;, entity=com.niit.model.User)
          - SQL table alias mapping - user0_
          - alias suffix - 0_
          - suffixed key columns - {userId1_8_0_}

17:40:04.478 [main] DEBUG org.hibernate.loader.entity.plan.EntityLoader - Static select for entity com.niit.model.User [OPTIMISTIC_FORCE_INCREMENT]: select user0_.userId as userId1_8_0_, user0_.email as email2_8_0_, user0_.firstname as firstnam3_8_0_, user0_.isOnline as isOnline4_8_0_, user0_.lastname as lastname5_8_0_, user0_.password as password6_8_0_, user0_.remarks as remarks7_8_0_, user0_.role as role8_8_0_, user0_.status as status9_8_0_ from CUser user0_ where user0_.userId=?
17:40:04.479 [main] DEBUG org.hibernate.loader.Loader - Static select for action ACTION_MERGE on entity com.niit.model.User: select user0_.userId as userId1_8_0_, user0_.email as email2_8_0_, user0_.firstname as firstnam3_8_0_, user0_.isOnline as isOnline4_8_0_, user0_.lastname as lastname5_8_0_, user0_.password as password6_8_0_, user0_.remarks as remarks7_8_0_, user0_.role as role8_8_0_, user0_.status as status9_8_0_ from CUser user0_ where user0_.userId=?
17:40:04.480 [main] DEBUG org.hibernate.loader.Loader - Static select for action ACTION_REFRESH on entity com.niit.model.User: select user0_.userId as userId1_8_0_, user0_.email as email2_8_0_, user0_.firstname as firstnam3_8_0_, user0_.isOnline as isOnline4_8_0_, user0_.lastname as lastname5_8_0_, user0_.password as password6_8_0_, user0_.remarks as remarks7_8_0_, user0_.role as role8_8_0_, user0_.status as status9_8_0_ from CUser user0_ where user0_.userId=?
17:40:04.480 [main] DEBUG org.hibernate.persister.entity.AbstractEntityPersister - Static SQL for entity: com.niit.model.BlogComment
17:40:04.480 [main] DEBUG org.hibernate.persister.entity.AbstractEntityPersister -  Version select: select blogCommentId from CBlogComment where blogCommentId =?
17:40:04.480 [main] DEBUG org.hibernate.persister.entity.AbstractEntityPersister -  Snapshot select: select blogcommen_.blogCommentId, blogcommen_.blogComment as blogComm2_1_, blogcommen_.blogId as blogId3_1_, blogcommen_.commentDate as commentD4_1_, blogcommen_.userId as userId5_1_, blogcommen_.username as username6_1_ from CBlogComment blogcommen_ where blogcommen_.blogCommentId=?
17:40:04.480 [main] DEBUG org.hibernate.persister.entity.AbstractEntityPersister -  Insert 0: insert into CBlogComment (blogComment, blogId, commentDate, userId, username, blogCommentId) values (?, ?, ?, ?, ?, ?)
17:40:04.480 [main] DEBUG org.hibernate.persister.entity.AbstractEntityPersister -  Update 0: update CBlogComment set blogComment=?, blogId=?, commentDate=?, userId=?, username=? where blogCommentId=?
17:40:04.480 [main] DEBUG org.hibernate.persister.entity.AbstractEntityPersister -  Delete 0: delete from CBlogComment where blogCommentId=?
17:40:04.481 [main] DEBUG org.hibernate.loader.plan.build.internal.spaces.QuerySpacesImpl - Adding QuerySpace : uid = &lt;gen:0&gt; -&gt; org.hibernate.loader.plan.build.internal.spaces.EntityQuerySpaceImpl@3e36b7a0]
17:40:04.481 [main] DEBUG org.hibernate.persister.walking.spi.MetamodelGraphWalker - Visiting attribute path : blogComment
17:40:04.481 [main] DEBUG org.hibernate.persister.walking.spi.MetamodelGraphWalker - Visiting attribute path : blogId
17:40:04.481 [main] DEBUG org.hibernate.persister.walking.spi.MetamodelGraphWalker - Visiting attribute path : commentDate
17:40:04.481 [main] DEBUG org.hibernate.persister.walking.spi.MetamodelGraphWalker - Visiting attribute path : userId
17:40:04.481 [main] DEBUG org.hibernate.persister.walking.spi.MetamodelGraphWalker - Visiting attribute path : username
17:40:04.483 [main] DEBUG org.hibernate.loader.plan.build.internal.FetchStyleLoadPlanBuildingAssociationVisitationStrategy - Building LoadPlan...
17:40:04.483 [main] DEBUG org.hibernate.loader.plan.exec.internal.LoadQueryJoinAndFetchProcessor - processing queryspace &lt;gen:0&gt;
17:40:04.483 [main] DEBUG org.hibernate.loader.plan.build.spi.LoadPlanTreePrinter - LoadPlan(entity=com.niit.model.BlogComment)
    - Returns
       - EntityReturnImpl(entity=com.niit.model.BlogComment, querySpaceUid=&lt;gen:0&gt;, path=com.niit.model.BlogComment)
    - QuerySpaces
       - EntityQuerySpaceImpl(uid=&lt;gen:0&gt;, entity=com.niit.model.BlogComment)
          - SQL table alias mapping - blogcommen0_
          - alias suffix - 0_
          - suffixed key columns - {blogComm1_1_0_}

17:40:04.483 [main] DEBUG org.hibernate.loader.entity.plan.EntityLoader - Static select for entity com.niit.model.BlogComment [NONE]: select blogcommen0_.blogCommentId as blogComm1_1_0_, blogcommen0_.blogComment as blogComm2_1_0_, blogcommen0_.blogId as blogId3_1_0_, blogcommen0_.commentDate as commentD4_1_0_, blogcommen0_.userId as userId5_1_0_, blogcommen0_.username as username6_1_0_ from CBlogComment blogcommen0_ where blogcommen0_.blogCommentId=?
17:40:04.484 [main] DEBUG org.hibernate.loader.plan.build.internal.spaces.QuerySpacesImpl - Adding QuerySpace : uid = &lt;gen:0&gt; -&gt; org.hibernate.loader.plan.build.internal.spaces.EntityQuerySpaceImpl@f5cf29b]
17:40:04.484 [main] DEBUG org.hibernate.persister.walking.spi.MetamodelGraphWalker - Visiting attribute path : blogComment
17:40:04.484 [main] DEBUG org.hibernate.persister.walking.spi.MetamodelGraphWalker - Visiting attribute path : blogId
17:40:04.484 [main] DEBUG org.hibernate.persister.walking.spi.MetamodelGraphWalker - Visiting attribute path : commentDate
17:40:04.484 [main] DEBUG org.hibernate.persister.walking.spi.MetamodelGraphWalker - Visiting attribute path : userId
17:40:04.484 [main] DEBUG org.hibernate.persister.walking.spi.MetamodelGraphWalker - Visiting attribute path : username
17:40:04.484 [main] DEBUG org.hibernate.loader.plan.build.internal.FetchStyleLoadPlanBuildingAssociationVisitationStrategy - Building LoadPlan...
17:40:04.485 [main] DEBUG org.hibernate.loader.plan.exec.internal.LoadQueryJoinAndFetchProcessor - processing queryspace &lt;gen:0&gt;
17:40:04.485 [main] DEBUG org.hibernate.loader.plan.build.spi.LoadPlanTreePrinter - LoadPlan(entity=com.niit.model.BlogComment)
    - Returns
       - EntityReturnImpl(entity=com.niit.model.BlogComment, querySpaceUid=&lt;gen:0&gt;, path=com.niit.model.BlogComment)
    - QuerySpaces
       - EntityQuerySpaceImpl(uid=&lt;gen:0&gt;, entity=com.niit.model.BlogComment)
          - SQL table alias mapping - blogcommen0_
          - alias suffix - 0_
          - suffixed key columns - {blogComm1_1_0_}

17:40:04.485 [main] DEBUG org.hibernate.loader.entity.plan.EntityLoader - Static select for entity com.niit.model.BlogComment [READ]: select blogcommen0_.blogCommentId as blogComm1_1_0_, blogcommen0_.blogComment as blogComm2_1_0_, blogcommen0_.blogId as blogId3_1_0_, blogcommen0_.commentDate as commentD4_1_0_, blogcommen0_.userId as userId5_1_0_, blogcommen0_.username as username6_1_0_ from CBlogComment blogcommen0_ where blogcommen0_.blogCommentId=?
17:40:04.485 [main] DEBUG org.hibernate.loader.plan.build.internal.spaces.QuerySpacesImpl - Adding QuerySpace : uid = &lt;gen:0&gt; -&gt; org.hibernate.loader.plan.build.internal.spaces.EntityQuerySpaceImpl@37e69c43]
17:40:04.485 [main] DEBUG org.hibernate.persister.walking.spi.MetamodelGraphWalker - Visiting attribute path : blogComment
17:40:04.485 [main] DEBUG org.hibernate.persister.walking.spi.MetamodelGraphWalker - Visiting attribute path : blogId
17:40:04.485 [main] DEBUG org.hibernate.persister.walking.spi.MetamodelGraphWalker - Visiting attribute path : commentDate
17:40:04.485 [main] DEBUG org.hibernate.persister.walking.spi.MetamodelGraphWalker - Visiting attribute path : userId
17:40:04.485 [main] DEBUG org.hibernate.persister.walking.spi.MetamodelGraphWalker - Visiting attribute path : username
17:40:04.486 [main] DEBUG org.hibernate.loader.plan.build.internal.FetchStyleLoadPlanBuildingAssociationVisitationStrategy - Building LoadPlan...
17:40:04.486 [main] DEBUG org.hibernate.loader.plan.exec.internal.LoadQueryJoinAndFetchProcessor - processing queryspace &lt;gen:0&gt;
17:40:04.486 [main] DEBUG org.hibernate.loader.plan.build.spi.LoadPlanTreePrinter - LoadPlan(entity=com.niit.model.BlogComment)
    - Returns
       - EntityReturnImpl(entity=com.niit.model.BlogComment, querySpaceUid=&lt;gen:0&gt;, path=com.niit.model.BlogComment)
    - QuerySpaces
       - EntityQuerySpaceImpl(uid=&lt;gen:0&gt;, entity=com.niit.model.BlogComment)
          - SQL table alias mapping - blogcommen0_
          - alias suffix - 0_
          - suffixed key columns - {blogComm1_1_0_}

17:40:04.486 [main] DEBUG org.hibernate.loader.entity.plan.EntityLoader - Static select for entity com.niit.model.BlogComment [UPGRADE]: select blogcommen0_.blogCommentId as blogComm1_1_0_, blogcommen0_.blogComment as blogComm2_1_0_, blogcommen0_.blogId as blogId3_1_0_, blogcommen0_.commentDate as commentD4_1_0_, blogcommen0_.userId as userId5_1_0_, blogcommen0_.username as username6_1_0_ from CBlogComment blogcommen0_ where blogcommen0_.blogCommentId=? for update
17:40:04.486 [main] DEBUG org.hibernate.loader.plan.build.internal.spaces.QuerySpacesImpl - Adding QuerySpace : uid = &lt;gen:0&gt; -&gt; org.hibernate.loader.plan.build.internal.spaces.EntityQuerySpaceImpl@345d053b]
17:40:04.486 [main] DEBUG org.hibernate.persister.walking.spi.MetamodelGraphWalker - Visiting attribute path : blogComment
17:40:04.486 [main] DEBUG org.hibernate.persister.walking.spi.MetamodelGraphWalker - Visiting attribute path : blogId
17:40:04.486 [main] DEBUG org.hibernate.persister.walking.spi.MetamodelGraphWalker - Visiting attribute path : commentDate
17:40:04.486 [main] DEBUG org.hibernate.persister.walking.spi.MetamodelGraphWalker - Visiting attribute path : userId
17:40:04.487 [main] DEBUG org.hibernate.persister.walking.spi.MetamodelGraphWalker - Visiting attribute path : username
17:40:04.487 [main] DEBUG org.hibernate.loader.plan.build.internal.FetchStyleLoadPlanBuildingAssociationVisitationStrategy - Building LoadPlan...
17:40:04.487 [main] DEBUG org.hibernate.loader.plan.exec.internal.LoadQueryJoinAndFetchProcessor - processing queryspace &lt;gen:0&gt;
17:40:04.487 [main] DEBUG org.hibernate.loader.plan.build.spi.LoadPlanTreePrinter - LoadPlan(entity=com.niit.model.BlogComment)
    - Returns
       - EntityReturnImpl(entity=com.niit.model.BlogComment, querySpaceUid=&lt;gen:0&gt;, path=com.niit.model.BlogComment)
    - QuerySpaces
       - EntityQuerySpaceImpl(uid=&lt;gen:0&gt;, entity=com.niit.model.BlogComment)
          - SQL table alias mapping - blogcommen0_
          - alias suffix - 0_
          - suffixed key columns - {blogComm1_1_0_}

17:40:04.487 [main] DEBUG org.hibernate.loader.entity.plan.EntityLoader - Static select for entity com.niit.model.BlogComment [UPGRADE_NOWAIT]: select blogcommen0_.blogCommentId as blogComm1_1_0_, blogcommen0_.blogComment as blogComm2_1_0_, blogcommen0_.blogId as blogId3_1_0_, blogcommen0_.commentDate as commentD4_1_0_, blogcommen0_.userId as userId5_1_0_, blogcommen0_.username as username6_1_0_ from CBlogComment blogcommen0_ where blogcommen0_.blogCommentId=? for update
17:40:04.487 [main] DEBUG org.hibernate.loader.plan.build.internal.spaces.QuerySpacesImpl - Adding QuerySpace : uid = &lt;gen:0&gt; -&gt; org.hibernate.loader.plan.build.internal.spaces.EntityQuerySpaceImpl@3e8b3b79]
17:40:04.487 [main] DEBUG org.hibernate.persister.walking.spi.MetamodelGraphWalker - Visiting attribute path : blogComment
17:40:04.487 [main] DEBUG org.hibernate.persister.walking.spi.MetamodelGraphWalker - Visiting attribute path : blogId
17:40:04.488 [main] DEBUG org.hibernate.persister.walking.spi.MetamodelGraphWalker - Visiting attribute path : commentDate
17:40:04.488 [main] DEBUG org.hibernate.persister.walking.spi.MetamodelGraphWalker - Visiting attribute path : userId
17:40:04.488 [main] DEBUG org.hibernate.persister.walking.spi.MetamodelGraphWalker - Visiting attribute path : username
17:40:04.488 [main] DEBUG org.hibernate.loader.plan.build.internal.FetchStyleLoadPlanBuildingAssociationVisitationStrategy - Building LoadPlan...
17:40:04.488 [main] DEBUG org.hibernate.loader.plan.exec.internal.LoadQueryJoinAndFetchProcessor - processing queryspace &lt;gen:0&gt;
17:40:04.488 [main] DEBUG org.hibernate.loader.plan.build.spi.LoadPlanTreePrinter - LoadPlan(entity=com.niit.model.BlogComment)
    - Returns
       - EntityReturnImpl(entity=com.niit.model.BlogComment, querySpaceUid=&lt;gen:0&gt;, path=com.niit.model.BlogComment)
    - QuerySpaces
       - EntityQuerySpaceImpl(uid=&lt;gen:0&gt;, entity=com.niit.model.BlogComment)
          - SQL table alias mapping - blogcommen0_
          - alias suffix - 0_
          - suffixed key columns - {blogComm1_1_0_}

17:40:04.488 [main] DEBUG org.hibernate.loader.entity.plan.EntityLoader - Static select for entity com.niit.model.BlogComment [UPGRADE_SKIPLOCKED]: select blogcommen0_.blogCommentId as blogComm1_1_0_, blogcommen0_.blogComment as blogComm2_1_0_, blogcommen0_.blogId as blogId3_1_0_, blogcommen0_.commentDate as commentD4_1_0_, blogcommen0_.userId as userId5_1_0_, blogcommen0_.username as username6_1_0_ from CBlogComment blogcommen0_ where blogcommen0_.blogCommentId=? for update
17:40:04.488 [main] DEBUG org.hibernate.loader.plan.build.internal.spaces.QuerySpacesImpl - Adding QuerySpace : uid = &lt;gen:0&gt; -&gt; org.hibernate.loader.plan.build.internal.spaces.EntityQuerySpaceImpl@518ddd3b]
17:40:04.489 [main] DEBUG org.hibernate.persister.walking.spi.MetamodelGraphWalker - Visiting attribute path : blogComment
17:40:04.489 [main] DEBUG org.hibernate.persister.walking.spi.MetamodelGraphWalker - Visiting attribute path : blogId
17:40:04.489 [main] DEBUG org.hibernate.persister.walking.spi.MetamodelGraphWalker - Visiting attribute path : commentDate
17:40:04.489 [main] DEBUG org.hibernate.persister.walking.spi.MetamodelGraphWalker - Visiting attribute path : userId
17:40:04.489 [main] DEBUG org.hibernate.persister.walking.spi.MetamodelGraphWalker - Visiting attribute path : username
17:40:04.489 [main] DEBUG org.hibernate.loader.plan.build.internal.FetchStyleLoadPlanBuildingAssociationVisitationStrategy - Building LoadPlan...
17:40:04.489 [main] DEBUG org.hibernate.loader.plan.exec.internal.LoadQueryJoinAndFetchProcessor - processing queryspace &lt;gen:0&gt;
17:40:04.489 [main] DEBUG org.hibernate.loader.plan.build.spi.LoadPlanTreePrinter - LoadPlan(entity=com.niit.model.BlogComment)
    - Returns
       - EntityReturnImpl(entity=com.niit.model.BlogComment, querySpaceUid=&lt;gen:0&gt;, path=com.niit.model.BlogComment)
    - QuerySpaces
       - EntityQuerySpaceImpl(uid=&lt;gen:0&gt;, entity=com.niit.model.BlogComment)
          - SQL table alias mapping - blogcommen0_
          - alias suffix - 0_
          - suffixed key columns - {blogComm1_1_0_}

17:40:04.489 [main] DEBUG org.hibernate.loader.entity.plan.EntityLoader - Static select for entity com.niit.model.BlogComment [FORCE]: select blogcommen0_.blogCommentId as blogComm1_1_0_, blogcommen0_.blogComment as blogComm2_1_0_, blogcommen0_.blogId as blogId3_1_0_, blogcommen0_.commentDate as commentD4_1_0_, blogcommen0_.userId as userId5_1_0_, blogcommen0_.username as username6_1_0_ from CBlogComment blogcommen0_ where blogcommen0_.blogCommentId=? for update
17:40:04.490 [main] DEBUG org.hibernate.loader.plan.build.internal.spaces.QuerySpacesImpl - Adding QuerySpace : uid = &lt;gen:0&gt; -&gt; org.hibernate.loader.plan.build.internal.spaces.EntityQuerySpaceImpl@6e0e5dec]
17:40:04.490 [main] DEBUG org.hibernate.persister.walking.spi.MetamodelGraphWalker - Visiting attribute path : blogComment
17:40:04.490 [main] DEBUG org.hibernate.persister.walking.spi.MetamodelGraphWalker - Visiting attribute path : blogId
17:40:04.490 [main] DEBUG org.hibernate.persister.walking.spi.MetamodelGraphWalker - Visiting attribute path : commentDate
17:40:04.490 [main] DEBUG org.hibernate.persister.walking.spi.MetamodelGraphWalker - Visiting attribute path : userId
17:40:04.490 [main] DEBUG org.hibernate.persister.walking.spi.MetamodelGraphWalker - Visiting attribute path : username
17:40:04.490 [main] DEBUG org.hibernate.loader.plan.build.internal.FetchStyleLoadPlanBuildingAssociationVisitationStrategy - Building LoadPlan...
17:40:04.491 [main] DEBUG org.hibernate.loader.plan.exec.internal.LoadQueryJoinAndFetchProcessor - processing queryspace &lt;gen:0&gt;
17:40:04.491 [main] DEBUG org.hibernate.loader.plan.build.spi.LoadPlanTreePrinter - LoadPlan(entity=com.niit.model.BlogComment)
    - Returns
       - EntityReturnImpl(entity=com.niit.model.BlogComment, querySpaceUid=&lt;gen:0&gt;, path=com.niit.model.BlogComment)
    - QuerySpaces
       - EntityQuerySpaceImpl(uid=&lt;gen:0&gt;, entity=com.niit.model.BlogComment)
          - SQL table alias mapping - blogcommen0_
          - alias suffix - 0_
          - suffixed key columns - {blogComm1_1_0_}

17:40:04.491 [main] DEBUG org.hibernate.loader.entity.plan.EntityLoader - Static select for entity com.niit.model.BlogComment [PESSIMISTIC_READ]: select blogcommen0_.blogCommentId as blogComm1_1_0_, blogcommen0_.blogComment as blogComm2_1_0_, blogcommen0_.blogId as blogId3_1_0_, blogcommen0_.commentDate as commentD4_1_0_, blogcommen0_.userId as userId5_1_0_, blogcommen0_.username as username6_1_0_ from CBlogComment blogcommen0_ where blogcommen0_.blogCommentId=? for update
17:40:04.491 [main] DEBUG org.hibernate.loader.plan.build.internal.spaces.QuerySpacesImpl - Adding QuerySpace : uid = &lt;gen:0&gt; -&gt; org.hibernate.loader.plan.build.internal.spaces.EntityQuerySpaceImpl@777d0bc3]
17:40:04.491 [main] DEBUG org.hibernate.persister.walking.spi.MetamodelGraphWalker - Visiting attribute path : blogComment
17:40:04.492 [main] DEBUG org.hibernate.persister.walking.spi.MetamodelGraphWalker - Visiting attribute path : blogId
17:40:04.492 [main] DEBUG org.hibernate.persister.walking.spi.MetamodelGraphWalker - Visiting attribute path : commentDate
17:40:04.492 [main] DEBUG org.hibernate.persister.walking.spi.MetamodelGraphWalker - Visiting attribute path : userId
17:40:04.492 [main] DEBUG org.hibernate.persister.walking.spi.MetamodelGraphWalker - Visiting attribute path : username
17:40:04.492 [main] DEBUG org.hibernate.loader.plan.build.internal.FetchStyleLoadPlanBuildingAssociationVisitationStrategy - Building LoadPlan...
17:40:04.493 [main] DEBUG org.hibernate.loader.plan.exec.internal.LoadQueryJoinAndFetchProcessor - processing queryspace &lt;gen:0&gt;
17:40:04.493 [main] DEBUG org.hibernate.loader.plan.build.spi.LoadPlanTreePrinter - LoadPlan(entity=com.niit.model.BlogComment)
    - Returns
       - EntityReturnImpl(entity=com.niit.model.BlogComment, querySpaceUid=&lt;gen:0&gt;, path=com.niit.model.BlogComment)
    - QuerySpaces
       - EntityQuerySpaceImpl(uid=&lt;gen:0&gt;, entity=com.niit.model.BlogComment)
          - SQL table alias mapping - blogcommen0_
          - alias suffix - 0_
          - suffixed key columns - {blogComm1_1_0_}

17:40:04.493 [main] DEBUG org.hibernate.loader.entity.plan.EntityLoader - Static select for entity com.niit.model.BlogComment [PESSIMISTIC_WRITE]: select blogcommen0_.blogCommentId as blogComm1_1_0_, blogcommen0_.blogComment as blogComm2_1_0_, blogcommen0_.blogId as blogId3_1_0_, blogcommen0_.commentDate as commentD4_1_0_, blogcommen0_.userId as userId5_1_0_, blogcommen0_.username as username6_1_0_ from CBlogComment blogcommen0_ where blogcommen0_.blogCommentId=? for update
17:40:04.493 [main] DEBUG org.hibernate.loader.plan.build.internal.spaces.QuerySpacesImpl - Adding QuerySpace : uid = &lt;gen:0&gt; -&gt; org.hibernate.loader.plan.build.internal.spaces.EntityQuerySpaceImpl@2d85fb64]
17:40:04.493 [main] DEBUG org.hibernate.persister.walking.spi.MetamodelGraphWalker - Visiting attribute path : blogComment
17:40:04.494 [main] DEBUG org.hibernate.persister.walking.spi.MetamodelGraphWalker - Visiting attribute path : blogId
17:40:04.494 [main] DEBUG org.hibernate.persister.walking.spi.MetamodelGraphWalker - Visiting attribute path : commentDate
17:40:04.494 [main] DEBUG org.hibernate.persister.walking.spi.MetamodelGraphWalker - Visiting attribute path : userId
17:40:04.494 [main] DEBUG org.hibernate.persister.walking.spi.MetamodelGraphWalker - Visiting attribute path : username
17:40:04.494 [main] DEBUG org.hibernate.loader.plan.build.internal.FetchStyleLoadPlanBuildingAssociationVisitationStrategy - Building LoadPlan...
17:40:04.494 [main] DEBUG org.hibernate.loader.plan.exec.internal.LoadQueryJoinAndFetchProcessor - processing queryspace &lt;gen:0&gt;
17:40:04.495 [main] DEBUG org.hibernate.loader.plan.build.spi.LoadPlanTreePrinter - LoadPlan(entity=com.niit.model.BlogComment)
    - Returns
       - EntityReturnImpl(entity=com.niit.model.BlogComment, querySpaceUid=&lt;gen:0&gt;, path=com.niit.model.BlogComment)
    - QuerySpaces
       - EntityQuerySpaceImpl(uid=&lt;gen:0&gt;, entity=com.niit.model.BlogComment)
          - SQL table alias mapping - blogcommen0_
          - alias suffix - 0_
          - suffixed key columns - {blogComm1_1_0_}

17:40:04.495 [main] DEBUG org.hibernate.loader.entity.plan.EntityLoader - Static select for entity com.niit.model.BlogComment [PESSIMISTIC_FORCE_INCREMENT]: select blogcommen0_.blogCommentId as blogComm1_1_0_, blogcommen0_.blogComment as blogComm2_1_0_, blogcommen0_.blogId as blogId3_1_0_, blogcommen0_.commentDate as commentD4_1_0_, blogcommen0_.userId as userId5_1_0_, blogcommen0_.username as username6_1_0_ from CBlogComment blogcommen0_ where blogcommen0_.blogCommentId=? for update
17:40:04.495 [main] DEBUG org.hibernate.loader.plan.build.internal.spaces.QuerySpacesImpl - Adding QuerySpace : uid = &lt;gen:0&gt; -&gt; org.hibernate.loader.plan.build.internal.spaces.EntityQuerySpaceImpl@497b560e]
17:40:04.495 [main] DEBUG org.hibernate.persister.walking.spi.MetamodelGraphWalker - Visiting attribute path : blogComment
17:40:04.495 [main] DEBUG org.hibernate.persister.walking.spi.MetamodelGraphWalker - Visiting attribute path : blogId
17:40:04.495 [main] DEBUG org.hibernate.persister.walking.spi.MetamodelGraphWalker - Visiting attribute path : commentDate
17:40:04.495 [main] DEBUG org.hibernate.persister.walking.spi.MetamodelGraphWalker - Visiting attribute path : userId
17:40:04.495 [main] DEBUG org.hibernate.persister.walking.spi.MetamodelGraphWalker - Visiting attribute path : username
17:40:04.495 [main] DEBUG org.hibernate.loader.plan.build.internal.FetchStyleLoadPlanBuildingAssociationVisitationStrategy - Building LoadPlan...
17:40:04.495 [main] DEBUG org.hibernate.loader.plan.exec.internal.LoadQueryJoinAndFetchProcessor - processing queryspace &lt;gen:0&gt;
17:40:04.496 [main] DEBUG org.hibernate.loader.plan.build.spi.LoadPlanTreePrinter - LoadPlan(entity=com.niit.model.BlogComment)
    - Returns
       - EntityReturnImpl(entity=com.niit.model.BlogComment, querySpaceUid=&lt;gen:0&gt;, path=com.niit.model.BlogComment)
    - QuerySpaces
       - EntityQuerySpaceImpl(uid=&lt;gen:0&gt;, entity=com.niit.model.BlogComment)
          - SQL table alias mapping - blogcommen0_
          - alias suffix - 0_
          - suffixed key columns - {blogComm1_1_0_}

17:40:04.496 [main] DEBUG org.hibernate.loader.entity.plan.EntityLoader - Static select for entity com.niit.model.BlogComment [OPTIMISTIC]: select blogcommen0_.blogCommentId as blogComm1_1_0_, blogcommen0_.blogComment as blogComm2_1_0_, blogcommen0_.blogId as blogId3_1_0_, blogcommen0_.commentDate as commentD4_1_0_, blogcommen0_.userId as userId5_1_0_, blogcommen0_.username as username6_1_0_ from CBlogComment blogcommen0_ where blogcommen0_.blogCommentId=?
17:40:04.496 [main] DEBUG org.hibernate.loader.plan.build.internal.spaces.QuerySpacesImpl - Adding QuerySpace : uid = &lt;gen:0&gt; -&gt; org.hibernate.loader.plan.build.internal.spaces.EntityQuerySpaceImpl@3ba348ca]
17:40:04.496 [main] DEBUG org.hibernate.persister.walking.spi.MetamodelGraphWalker - Visiting attribute path : blogComment
17:40:04.496 [main] DEBUG org.hibernate.persister.walking.spi.MetamodelGraphWalker - Visiting attribute path : blogId
17:40:04.496 [main] DEBUG org.hibernate.persister.walking.spi.MetamodelGraphWalker - Visiting attribute path : commentDate
17:40:04.496 [main] DEBUG org.hibernate.persister.walking.spi.MetamodelGraphWalker - Visiting attribute path : userId
17:40:04.496 [main] DEBUG org.hibernate.persister.walking.spi.MetamodelGraphWalker - Visiting attribute path : username
17:40:04.496 [main] DEBUG org.hibernate.loader.plan.build.internal.FetchStyleLoadPlanBuildingAssociationVisitationStrategy - Building LoadPlan...
17:40:04.497 [main] DEBUG org.hibernate.loader.plan.exec.internal.LoadQueryJoinAndFetchProcessor - processing queryspace &lt;gen:0&gt;
17:40:04.497 [main] DEBUG org.hibernate.loader.plan.build.spi.LoadPlanTreePrinter - LoadPlan(entity=com.niit.model.BlogComment)
    - Returns
       - EntityReturnImpl(entity=com.niit.model.BlogComment, querySpaceUid=&lt;gen:0&gt;, path=com.niit.model.BlogComment)
    - QuerySpaces
       - EntityQuerySpaceImpl(uid=&lt;gen:0&gt;, entity=com.niit.model.BlogComment)
          - SQL table alias mapping - blogcommen0_
          - alias suffix - 0_
          - suffixed key columns - {blogComm1_1_0_}

17:40:04.497 [main] DEBUG org.hibernate.loader.entity.plan.EntityLoader - Static select for entity com.niit.model.BlogComment [OPTIMISTIC_FORCE_INCREMENT]: select blogcommen0_.blogCommentId as blogComm1_1_0_, blogcommen0_.blogComment as blogComm2_1_0_, blogcommen0_.blogId as blogId3_1_0_, blogcommen0_.commentDate as commentD4_1_0_, blogcommen0_.userId as userId5_1_0_, blogcommen0_.username as username6_1_0_ from CBlogComment blogcommen0_ where blogcommen0_.blogCommentId=?
17:40:04.498 [main] DEBUG org.hibernate.loader.Loader - Static select for action ACTION_MERGE on entity com.niit.model.BlogComment: select blogcommen0_.blogCommentId as blogComm1_1_0_, blogcommen0_.blogComment as blogComm2_1_0_, blogcommen0_.blogId as blogId3_1_0_, blogcommen0_.commentDate as commentD4_1_0_, blogcommen0_.userId as userId5_1_0_, blogcommen0_.username as username6_1_0_ from CBlogComment blogcommen0_ where blogcommen0_.blogCommentId=?
17:40:04.499 [main] DEBUG org.hibernate.loader.Loader - Static select for action ACTION_REFRESH on entity com.niit.model.BlogComment: select blogcommen0_.blogCommentId as blogComm1_1_0_, blogcommen0_.blogComment as blogComm2_1_0_, blogcommen0_.blogId as blogId3_1_0_, blogcommen0_.commentDate as commentD4_1_0_, blogcommen0_.userId as userId5_1_0_, blogcommen0_.username as username6_1_0_ from CBlogComment blogcommen0_ where blogcommen0_.blogCommentId=?
17:40:04.500 [main] DEBUG org.hibernate.persister.entity.AbstractEntityPersister - Static SQL for entity: com.niit.model.Blog
17:40:04.500 [main] DEBUG org.hibernate.persister.entity.AbstractEntityPersister -  Version select: select blogId from CBlog where blogId =?
17:40:04.500 [main] DEBUG org.hibernate.persister.entity.AbstractEntityPersister -  Snapshot select: select blog_.blogId, blog_.blogContent as blogCont2_0_, blog_.blogName as blogName3_0_, blog_.createDate as createDa4_0_, blog_.likes as likes5_0_, blog_.remarks as remarks6_0_, blog_.status as status7_0_, blog_.userId as userId8_0_ from CBlog blog_ where blog_.blogId=?
17:40:04.500 [main] DEBUG org.hibernate.persister.entity.AbstractEntityPersister -  Insert 0: insert into CBlog (blogContent, blogName, createDate, likes, remarks, status, userId, blogId) values (?, ?, ?, ?, ?, ?, ?, ?)
17:40:04.500 [main] DEBUG org.hibernate.persister.entity.AbstractEntityPersister -  Update 0: update CBlog set blogContent=?, blogName=?, createDate=?, likes=?, remarks=?, status=?, userId=? where blogId=?
17:40:04.500 [main] DEBUG org.hibernate.persister.entity.AbstractEntityPersister -  Delete 0: delete from CBlog where blogId=?
17:40:04.500 [main] DEBUG org.hibernate.loader.plan.build.internal.spaces.QuerySpacesImpl - Adding QuerySpace : uid = &lt;gen:0&gt; -&gt; org.hibernate.loader.plan.build.internal.spaces.EntityQuerySpaceImpl@45b15381]
17:40:04.501 [main] DEBUG org.hibernate.persister.walking.spi.MetamodelGraphWalker - Visiting attribute path : blogContent
17:40:04.501 [main] DEBUG org.hibernate.persister.walking.spi.MetamodelGraphWalker - Visiting attribute path : blogName
17:40:04.501 [main] DEBUG org.hibernate.persister.walking.spi.MetamodelGraphWalker - Visiting attribute path : createDate
17:40:04.501 [main] DEBUG org.hibernate.persister.walking.spi.MetamodelGraphWalker - Visiting attribute path : likes
17:40:04.501 [main] DEBUG org.hibernate.persister.walking.spi.MetamodelGraphWalker - Visiting attribute path : remarks
17:40:04.501 [main] DEBUG org.hibernate.persister.walking.spi.MetamodelGraphWalker - Visiting attribute path : status
17:40:04.501 [main] DEBUG org.hibernate.persister.walking.spi.MetamodelGraphWalker - Visiting attribute path : userId
17:40:04.501 [main] DEBUG org.hibernate.loader.plan.build.internal.FetchStyleLoadPlanBuildingAssociationVisitationStrategy - Building LoadPlan...
17:40:04.501 [main] DEBUG org.hibernate.loader.plan.exec.internal.LoadQueryJoinAndFetchProcessor - processing queryspace &lt;gen:0&gt;
17:40:04.502 [main] DEBUG org.hibernate.loader.plan.build.spi.LoadPlanTreePrinter - LoadPlan(entity=com.niit.model.Blog)
    - Returns
       - EntityReturnImpl(entity=com.niit.model.Blog, querySpaceUid=&lt;gen:0&gt;, path=com.niit.model.Blog)
    - QuerySpaces
       - EntityQuerySpaceImpl(uid=&lt;gen:0&gt;, entity=com.niit.model.Blog)
          - SQL table alias mapping - blog0_
          - alias suffix - 0_
          - suffixed key columns - {blogId1_0_0_}

17:40:04.502 [main] DEBUG org.hibernate.loader.entity.plan.EntityLoader - Static select for entity com.niit.model.Blog [NONE]: select blog0_.blogId as blogId1_0_0_, blog0_.blogContent as blogCont2_0_0_, blog0_.blogName as blogName3_0_0_, blog0_.createDate as createDa4_0_0_, blog0_.likes as likes5_0_0_, blog0_.remarks as remarks6_0_0_, blog0_.status as status7_0_0_, blog0_.userId as userId8_0_0_ from CBlog blog0_ where blog0_.blogId=?
17:40:04.502 [main] DEBUG org.hibernate.loader.plan.build.internal.spaces.QuerySpacesImpl - Adding QuerySpace : uid = &lt;gen:0&gt; -&gt; org.hibernate.loader.plan.build.internal.spaces.EntityQuerySpaceImpl@239f017e]
17:40:04.502 [main] DEBUG org.hibernate.persister.walking.spi.MetamodelGraphWalker - Visiting attribute path : blogContent
17:40:04.502 [main] DEBUG org.hibernate.persister.walking.spi.MetamodelGraphWalker - Visiting attribute path : blogName
17:40:04.502 [main] DEBUG org.hibernate.persister.walking.spi.MetamodelGraphWalker - Visiting attribute path : createDate
17:40:04.503 [main] DEBUG org.hibernate.persister.walking.spi.MetamodelGraphWalker - Visiting attribute path : likes
17:40:04.503 [main] DEBUG org.hibernate.persister.walking.spi.MetamodelGraphWalker - Visiting attribute path : remarks
17:40:04.503 [main] DEBUG org.hibernate.persister.walking.spi.MetamodelGraphWalker - Visiting attribute path : status
17:40:04.503 [main] DEBUG org.hibernate.persister.walking.spi.MetamodelGraphWalker - Visiting attribute path : userId
17:40:04.503 [main] DEBUG org.hibernate.loader.plan.build.internal.FetchStyleLoadPlanBuildingAssociationVisitationStrategy - Building LoadPlan...
17:40:04.503 [main] DEBUG org.hibernate.loader.plan.exec.internal.LoadQueryJoinAndFetchProcessor - processing queryspace &lt;gen:0&gt;
17:40:04.504 [main] DEBUG org.hibernate.loader.plan.build.spi.LoadPlanTreePrinter - LoadPlan(entity=com.niit.model.Blog)
    - Returns
       - EntityReturnImpl(entity=com.niit.model.Blog, querySpaceUid=&lt;gen:0&gt;, path=com.niit.model.Blog)
    - QuerySpaces
       - EntityQuerySpaceImpl(uid=&lt;gen:0&gt;, entity=com.niit.model.Blog)
          - SQL table alias mapping - blog0_
          - alias suffix - 0_
          - suffixed key columns - {blogId1_0_0_}

17:40:04.504 [main] DEBUG org.hibernate.loader.entity.plan.EntityLoader - Static select for entity com.niit.model.Blog [READ]: select blog0_.blogId as blogId1_0_0_, blog0_.blogContent as blogCont2_0_0_, blog0_.blogName as blogName3_0_0_, blog0_.createDate as createDa4_0_0_, blog0_.likes as likes5_0_0_, blog0_.remarks as remarks6_0_0_, blog0_.status as status7_0_0_, blog0_.userId as userId8_0_0_ from CBlog blog0_ where blog0_.blogId=?
17:40:04.504 [main] DEBUG org.hibernate.loader.plan.build.internal.spaces.QuerySpacesImpl - Adding QuerySpace : uid = &lt;gen:0&gt; -&gt; org.hibernate.loader.plan.build.internal.spaces.EntityQuerySpaceImpl@772caabe]
17:40:04.504 [main] DEBUG org.hibernate.persister.walking.spi.MetamodelGraphWalker - Visiting attribute path : blogContent
17:40:04.504 [main] DEBUG org.hibernate.persister.walking.spi.MetamodelGraphWalker - Visiting attribute path : blogName
17:40:04.504 [main] DEBUG org.hibernate.persister.walking.spi.MetamodelGraphWalker - Visiting attribute path : createDate
17:40:04.504 [main] DEBUG org.hibernate.persister.walking.spi.MetamodelGraphWalker - Visiting attribute path : likes
17:40:04.504 [main] DEBUG org.hibernate.persister.walking.spi.MetamodelGraphWalker - Visiting attribute path : remarks
17:40:04.504 [main] DEBUG org.hibernate.persister.walking.spi.MetamodelGraphWalker - Visiting attribute path : status
17:40:04.504 [main] DEBUG org.hibernate.persister.walking.spi.MetamodelGraphWalker - Visiting attribute path : userId
17:40:04.505 [main] DEBUG org.hibernate.loader.plan.build.internal.FetchStyleLoadPlanBuildingAssociationVisitationStrategy - Building LoadPlan...
17:40:04.505 [main] DEBUG org.hibernate.loader.plan.exec.internal.LoadQueryJoinAndFetchProcessor - processing queryspace &lt;gen:0&gt;
17:40:04.505 [main] DEBUG org.hibernate.loader.plan.build.spi.LoadPlanTreePrinter - LoadPlan(entity=com.niit.model.Blog)
    - Returns
       - EntityReturnImpl(entity=com.niit.model.Blog, querySpaceUid=&lt;gen:0&gt;, path=com.niit.model.Blog)
    - QuerySpaces
       - EntityQuerySpaceImpl(uid=&lt;gen:0&gt;, entity=com.niit.model.Blog)
          - SQL table alias mapping - blog0_
          - alias suffix - 0_
          - suffixed key columns - {blogId1_0_0_}

17:40:04.505 [main] DEBUG org.hibernate.loader.entity.plan.EntityLoader - Static select for entity com.niit.model.Blog [UPGRADE]: select blog0_.blogId as blogId1_0_0_, blog0_.blogContent as blogCont2_0_0_, blog0_.blogName as blogName3_0_0_, blog0_.createDate as createDa4_0_0_, blog0_.likes as likes5_0_0_, blog0_.remarks as remarks6_0_0_, blog0_.status as status7_0_0_, blog0_.userId as userId8_0_0_ from CBlog blog0_ where blog0_.blogId=? for update
17:40:04.505 [main] DEBUG org.hibernate.loader.plan.build.internal.spaces.QuerySpacesImpl - Adding QuerySpace : uid = &lt;gen:0&gt; -&gt; org.hibernate.loader.plan.build.internal.spaces.EntityQuerySpaceImpl@7102ac3e]
17:40:04.505 [main] DEBUG org.hibernate.persister.walking.spi.MetamodelGraphWalker - Visiting attribute path : blogContent
17:40:04.506 [main] DEBUG org.hibernate.persister.walking.spi.MetamodelGraphWalker - Visiting attribute path : blogName
17:40:04.506 [main] DEBUG org.hibernate.persister.walking.spi.MetamodelGraphWalker - Visiting attribute path : createDate
17:40:04.506 [main] DEBUG org.hibernate.persister.walking.spi.MetamodelGraphWalker - Visiting attribute path : likes
17:40:04.506 [main] DEBUG org.hibernate.persister.walking.spi.MetamodelGraphWalker - Visiting attribute path : remarks
17:40:04.506 [main] DEBUG org.hibernate.persister.walking.spi.MetamodelGraphWalker - Visiting attribute path : status
17:40:04.506 [main] DEBUG org.hibernate.persister.walking.spi.MetamodelGraphWalker - Visiting attribute path : userId
17:40:04.506 [main] DEBUG org.hibernate.loader.plan.build.internal.FetchStyleLoadPlanBuildingAssociationVisitationStrategy - Building LoadPlan...
17:40:04.506 [main] DEBUG org.hibernate.loader.plan.exec.internal.LoadQueryJoinAndFetchProcessor - processing queryspace &lt;gen:0&gt;
17:40:04.506 [main] DEBUG org.hibernate.loader.plan.build.spi.LoadPlanTreePrinter - LoadPlan(entity=com.niit.model.Blog)
    - Returns
       - EntityReturnImpl(entity=com.niit.model.Blog, querySpaceUid=&lt;gen:0&gt;, path=com.niit.model.Blog)
    - QuerySpaces
       - EntityQuerySpaceImpl(uid=&lt;gen:0&gt;, entity=com.niit.model.Blog)
          - SQL table alias mapping - blog0_
          - alias suffix - 0_
          - suffixed key columns - {blogId1_0_0_}

17:40:04.507 [main] DEBUG org.hibernate.loader.entity.plan.EntityLoader - Static select for entity com.niit.model.Blog [UPGRADE_NOWAIT]: select blog0_.blogId as blogId1_0_0_, blog0_.blogContent as blogCont2_0_0_, blog0_.blogName as blogName3_0_0_, blog0_.createDate as createDa4_0_0_, blog0_.likes as likes5_0_0_, blog0_.remarks as remarks6_0_0_, blog0_.status as status7_0_0_, blog0_.userId as userId8_0_0_ from CBlog blog0_ where blog0_.blogId=? for update
17:40:04.507 [main] DEBUG org.hibernate.loader.plan.build.internal.spaces.QuerySpacesImpl - Adding QuerySpace : uid = &lt;gen:0&gt; -&gt; org.hibernate.loader.plan.build.internal.spaces.EntityQuerySpaceImpl@2db2a05f]
17:40:04.507 [main] DEBUG org.hibernate.persister.walking.spi.MetamodelGraphWalker - Visiting attribute path : blogContent
17:40:04.507 [main] DEBUG org.hibernate.persister.walking.spi.MetamodelGraphWalker - Visiting attribute path : blogName
17:40:04.507 [main] DEBUG org.hibernate.persister.walking.spi.MetamodelGraphWalker - Visiting attribute path : createDate
17:40:04.507 [main] DEBUG org.hibernate.persister.walking.spi.MetamodelGraphWalker - Visiting attribute path : likes
17:40:04.507 [main] DEBUG org.hibernate.persister.walking.spi.MetamodelGraphWalker - Visiting attribute path : remarks
17:40:04.507 [main] DEBUG org.hibernate.persister.walking.spi.MetamodelGraphWalker - Visiting attribute path : status
17:40:04.507 [main] DEBUG org.hibernate.persister.walking.spi.MetamodelGraphWalker - Visiting attribute path : userId
17:40:04.507 [main] DEBUG org.hibernate.loader.plan.build.internal.FetchStyleLoadPlanBuildingAssociationVisitationStrategy - Building LoadPlan...
17:40:04.507 [main] DEBUG org.hibernate.loader.plan.exec.internal.LoadQueryJoinAndFetchProcessor - processing queryspace &lt;gen:0&gt;
17:40:04.508 [main] DEBUG org.hibernate.loader.plan.build.spi.LoadPlanTreePrinter - LoadPlan(entity=com.niit.model.Blog)
    - Returns
       - EntityReturnImpl(entity=com.niit.model.Blog, querySpaceUid=&lt;gen:0&gt;, path=com.niit.model.Blog)
    - QuerySpaces
       - EntityQuerySpaceImpl(uid=&lt;gen:0&gt;, entity=com.niit.model.Blog)
          - SQL table alias mapping - blog0_
          - alias suffix - 0_
          - suffixed key columns - {blogId1_0_0_}

17:40:04.508 [main] DEBUG org.hibernate.loader.entity.plan.EntityLoader - Static select for entity com.niit.model.Blog [UPGRADE_SKIPLOCKED]: select blog0_.blogId as blogId1_0_0_, blog0_.blogContent as blogCont2_0_0_, blog0_.blogName as blogName3_0_0_, blog0_.createDate as createDa4_0_0_, blog0_.likes as likes5_0_0_, blog0_.remarks as remarks6_0_0_, blog0_.status as status7_0_0_, blog0_.userId as userId8_0_0_ from CBlog blog0_ where blog0_.blogId=? for update
17:40:04.508 [main] DEBUG org.hibernate.loader.plan.build.internal.spaces.QuerySpacesImpl - Adding QuerySpace : uid = &lt;gen:0&gt; -&gt; org.hibernate.loader.plan.build.internal.spaces.EntityQuerySpaceImpl@d5bb1c4]
17:40:04.508 [main] DEBUG org.hibernate.persister.walking.spi.MetamodelGraphWalker - Visiting attribute path : blogContent
17:40:04.508 [main] DEBUG org.hibernate.persister.walking.spi.MetamodelGraphWalker - Visiting attribute path : blogName
17:40:04.508 [main] DEBUG org.hibernate.persister.walking.spi.MetamodelGraphWalker - Visiting attribute path : createDate
17:40:04.508 [main] DEBUG org.hibernate.persister.walking.spi.MetamodelGraphWalker - Visiting attribute path : likes
17:40:04.508 [main] DEBUG org.hibernate.persister.walking.spi.MetamodelGraphWalker - Visiting attribute path : remarks
17:40:04.508 [main] DEBUG org.hibernate.persister.walking.spi.MetamodelGraphWalker - Visiting attribute path : status
17:40:04.508 [main] DEBUG org.hibernate.persister.walking.spi.MetamodelGraphWalker - Visiting attribute path : userId
17:40:04.509 [main] DEBUG org.hibernate.loader.plan.build.internal.FetchStyleLoadPlanBuildingAssociationVisitationStrategy - Building LoadPlan...
17:40:04.509 [main] DEBUG org.hibernate.loader.plan.exec.internal.LoadQueryJoinAndFetchProcessor - processing queryspace &lt;gen:0&gt;
17:40:04.509 [main] DEBUG org.hibernate.loader.plan.build.spi.LoadPlanTreePrinter - LoadPlan(entity=com.niit.model.Blog)
    - Returns
       - EntityReturnImpl(entity=com.niit.model.Blog, querySpaceUid=&lt;gen:0&gt;, path=com.niit.model.Blog)
    - QuerySpaces
       - EntityQuerySpaceImpl(uid=&lt;gen:0&gt;, entity=com.niit.model.Blog)
          - SQL table alias mapping - blog0_
          - alias suffix - 0_
          - suffixed key columns - {blogId1_0_0_}

17:40:04.509 [main] DEBUG org.hibernate.loader.entity.plan.EntityLoader - Static select for entity com.niit.model.Blog [FORCE]: select blog0_.blogId as blogId1_0_0_, blog0_.blogContent as blogCont2_0_0_, blog0_.blogName as blogName3_0_0_, blog0_.createDate as createDa4_0_0_, blog0_.likes as likes5_0_0_, blog0_.remarks as remarks6_0_0_, blog0_.status as status7_0_0_, blog0_.userId as userId8_0_0_ from CBlog blog0_ where blog0_.blogId=? for update
17:40:04.509 [main] DEBUG org.hibernate.loader.plan.build.internal.spaces.QuerySpacesImpl - Adding QuerySpace : uid = &lt;gen:0&gt; -&gt; org.hibernate.loader.plan.build.internal.spaces.EntityQuerySpaceImpl@465b38e6]
17:40:04.509 [main] DEBUG org.hibernate.persister.walking.spi.MetamodelGraphWalker - Visiting attribute path : blogContent
17:40:04.509 [main] DEBUG org.hibernate.persister.walking.spi.MetamodelGraphWalker - Visiting attribute path : blogName
17:40:04.509 [main] DEBUG org.hibernate.persister.walking.spi.MetamodelGraphWalker - Visiting attribute path : createDate
17:40:04.510 [main] DEBUG org.hibernate.persister.walking.spi.MetamodelGraphWalker - Visiting attribute path : likes
17:40:04.510 [main] DEBUG org.hibernate.persister.walking.spi.MetamodelGraphWalker - Visiting attribute path : remarks
17:40:04.510 [main] DEBUG org.hibernate.persister.walking.spi.MetamodelGraphWalker - Visiting attribute path : status
17:40:04.510 [main] DEBUG org.hibernate.persister.walking.spi.MetamodelGraphWalker - Visiting attribute path : userId
17:40:04.510 [main] DEBUG org.hibernate.loader.plan.build.internal.FetchStyleLoadPlanBuildingAssociationVisitationStrategy - Building LoadPlan...
17:40:04.510 [main] DEBUG org.hibernate.loader.plan.exec.internal.LoadQueryJoinAndFetchProcessor - processing queryspace &lt;gen:0&gt;
17:40:04.510 [main] DEBUG org.hibernate.loader.plan.build.spi.LoadPlanTreePrinter - LoadPlan(entity=com.niit.model.Blog)
    - Returns
       - EntityReturnImpl(entity=com.niit.model.Blog, querySpaceUid=&lt;gen:0&gt;, path=com.niit.model.Blog)
    - QuerySpaces
       - EntityQuerySpaceImpl(uid=&lt;gen:0&gt;, entity=com.niit.model.Blog)
          - SQL table alias mapping - blog0_
          - alias suffix - 0_
          - suffixed key columns - {blogId1_0_0_}

17:40:04.510 [main] DEBUG org.hibernate.loader.entity.plan.EntityLoader - Static select for entity com.niit.model.Blog [PESSIMISTIC_READ]: select blog0_.blogId as blogId1_0_0_, blog0_.blogContent as blogCont2_0_0_, blog0_.blogName as blogName3_0_0_, blog0_.createDate as createDa4_0_0_, blog0_.likes as likes5_0_0_, blog0_.remarks as remarks6_0_0_, blog0_.status as status7_0_0_, blog0_.userId as userId8_0_0_ from CBlog blog0_ where blog0_.blogId=? for update
17:40:04.510 [main] DEBUG org.hibernate.loader.plan.build.internal.spaces.QuerySpacesImpl - Adding QuerySpace : uid = &lt;gen:0&gt; -&gt; org.hibernate.loader.plan.build.internal.spaces.EntityQuerySpaceImpl@1b13467c]
17:40:04.511 [main] DEBUG org.hibernate.persister.walking.spi.MetamodelGraphWalker - Visiting attribute path : blogContent
17:40:04.511 [main] DEBUG org.hibernate.persister.walking.spi.MetamodelGraphWalker - Visiting attribute path : blogName
17:40:04.511 [main] DEBUG org.hibernate.persister.walking.spi.MetamodelGraphWalker - Visiting attribute path : createDate
17:40:04.511 [main] DEBUG org.hibernate.persister.walking.spi.MetamodelGraphWalker - Visiting attribute path : likes
17:40:04.511 [main] DEBUG org.hibernate.persister.walking.spi.MetamodelGraphWalker - Visiting attribute path : remarks
17:40:04.511 [main] DEBUG org.hibernate.persister.walking.spi.MetamodelGraphWalker - Visiting attribute path : status
17:40:04.511 [main] DEBUG org.hibernate.persister.walking.spi.MetamodelGraphWalker - Visiting attribute path : userId
17:40:04.511 [main] DEBUG org.hibernate.loader.plan.build.internal.FetchStyleLoadPlanBuildingAssociationVisitationStrategy - Building LoadPlan...
17:40:04.511 [main] DEBUG org.hibernate.loader.plan.exec.internal.LoadQueryJoinAndFetchProcessor - processing queryspace &lt;gen:0&gt;
17:40:04.511 [main] DEBUG org.hibernate.loader.plan.build.spi.LoadPlanTreePrinter - LoadPlan(entity=com.niit.model.Blog)
    - Returns
       - EntityReturnImpl(entity=com.niit.model.Blog, querySpaceUid=&lt;gen:0&gt;, path=com.niit.model.Blog)
    - QuerySpaces
       - EntityQuerySpaceImpl(uid=&lt;gen:0&gt;, entity=com.niit.model.Blog)
          - SQL table alias mapping - blog0_
          - alias suffix - 0_
          - suffixed key columns - {blogId1_0_0_}

17:40:04.513 [main] DEBUG org.hibernate.loader.entity.plan.EntityLoader - Static select for entity com.niit.model.Blog [PESSIMISTIC_WRITE]: select blog0_.blogId as blogId1_0_0_, blog0_.blogContent as blogCont2_0_0_, blog0_.blogName as blogName3_0_0_, blog0_.createDate as createDa4_0_0_, blog0_.likes as likes5_0_0_, blog0_.remarks as remarks6_0_0_, blog0_.status as status7_0_0_, blog0_.userId as userId8_0_0_ from CBlog blog0_ where blog0_.blogId=? for update
17:40:04.513 [main] DEBUG org.hibernate.loader.plan.build.internal.spaces.QuerySpacesImpl - Adding QuerySpace : uid = &lt;gen:0&gt; -&gt; org.hibernate.loader.plan.build.internal.spaces.EntityQuerySpaceImpl@64dae3b7]
17:40:04.513 [main] DEBUG org.hibernate.persister.walking.spi.MetamodelGraphWalker - Visiting attribute path : blogContent
17:40:04.513 [main] DEBUG org.hibernate.persister.walking.spi.MetamodelGraphWalker - Visiting attribute path : blogName
17:40:04.513 [main] DEBUG org.hibernate.persister.walking.spi.MetamodelGraphWalker - Visiting attribute path : createDate
17:40:04.513 [main] DEBUG org.hibernate.persister.walking.spi.MetamodelGraphWalker - Visiting attribute path : likes
17:40:04.513 [main] DEBUG org.hibernate.persister.walking.spi.MetamodelGraphWalker - Visiting attribute path : remarks
17:40:04.513 [main] DEBUG org.hibernate.persister.walking.spi.MetamodelGraphWalker - Visiting attribute path : status
17:40:04.513 [main] DEBUG org.hibernate.persister.walking.spi.MetamodelGraphWalker - Visiting attribute path : userId
17:40:04.513 [main] DEBUG org.hibernate.loader.plan.build.internal.FetchStyleLoadPlanBuildingAssociationVisitationStrategy - Building LoadPlan...
17:40:04.513 [main] DEBUG org.hibernate.loader.plan.exec.internal.LoadQueryJoinAndFetchProcessor - processing queryspace &lt;gen:0&gt;
17:40:04.514 [main] DEBUG org.hibernate.loader.plan.build.spi.LoadPlanTreePrinter - LoadPlan(entity=com.niit.model.Blog)
    - Returns
       - EntityReturnImpl(entity=com.niit.model.Blog, querySpaceUid=&lt;gen:0&gt;, path=com.niit.model.Blog)
    - QuerySpaces
       - EntityQuerySpaceImpl(uid=&lt;gen:0&gt;, entity=com.niit.model.Blog)
          - SQL table alias mapping - blog0_
          - alias suffix - 0_
          - suffixed key columns - {blogId1_0_0_}

17:40:04.514 [main] DEBUG org.hibernate.loader.entity.plan.EntityLoader - Static select for entity com.niit.model.Blog [PESSIMISTIC_FORCE_INCREMENT]: select blog0_.blogId as blogId1_0_0_, blog0_.blogContent as blogCont2_0_0_, blog0_.blogName as blogName3_0_0_, blog0_.createDate as createDa4_0_0_, blog0_.likes as likes5_0_0_, blog0_.remarks as remarks6_0_0_, blog0_.status as status7_0_0_, blog0_.userId as userId8_0_0_ from CBlog blog0_ where blog0_.blogId=? for update
17:40:04.514 [main] DEBUG org.hibernate.loader.plan.build.internal.spaces.QuerySpacesImpl - Adding QuerySpace : uid = &lt;gen:0&gt; -&gt; org.hibernate.loader.plan.build.internal.spaces.EntityQuerySpaceImpl@1e4c6583]
17:40:04.514 [main] DEBUG org.hibernate.persister.walking.spi.MetamodelGraphWalker - Visiting attribute path : blogContent
17:40:04.514 [main] DEBUG org.hibernate.persister.walking.spi.MetamodelGraphWalker - Visiting attribute path : blogName
17:40:04.514 [main] DEBUG org.hibernate.persister.walking.spi.MetamodelGraphWalker - Visiting attribute path : createDate
17:40:04.514 [main] DEBUG org.hibernate.persister.walking.spi.MetamodelGraphWalker - Visiting attribute path : likes
17:40:04.514 [main] DEBUG org.hibernate.persister.walking.spi.MetamodelGraphWalker - Visiting attribute path : remarks
17:40:04.514 [main] DEBUG org.hibernate.persister.walking.spi.MetamodelGraphWalker - Visiting attribute path : status
17:40:04.514 [main] DEBUG org.hibernate.persister.walking.spi.MetamodelGraphWalker - Visiting attribute path : userId
17:40:04.514 [main] DEBUG org.hibernate.loader.plan.build.internal.FetchStyleLoadPlanBuildingAssociationVisitationStrategy - Building LoadPlan...
17:40:04.515 [main] DEBUG org.hibernate.loader.plan.exec.internal.LoadQueryJoinAndFetchProcessor - processing queryspace &lt;gen:0&gt;
17:40:04.515 [main] DEBUG org.hibernate.loader.plan.build.spi.LoadPlanTreePrinter - LoadPlan(entity=com.niit.model.Blog)
    - Returns
       - EntityReturnImpl(entity=com.niit.model.Blog, querySpaceUid=&lt;gen:0&gt;, path=com.niit.model.Blog)
    - QuerySpaces
       - EntityQuerySpaceImpl(uid=&lt;gen:0&gt;, entity=com.niit.model.Blog)
          - SQL table alias mapping - blog0_
          - alias suffix - 0_
          - suffixed key columns - {blogId1_0_0_}

17:40:04.515 [main] DEBUG org.hibernate.loader.entity.plan.EntityLoader - Static select for entity com.niit.model.Blog [OPTIMISTIC]: select blog0_.blogId as blogId1_0_0_, blog0_.blogContent as blogCont2_0_0_, blog0_.blogName as blogName3_0_0_, blog0_.createDate as createDa4_0_0_, blog0_.likes as likes5_0_0_, blog0_.remarks as remarks6_0_0_, blog0_.status as status7_0_0_, blog0_.userId as userId8_0_0_ from CBlog blog0_ where blog0_.blogId=?
17:40:04.515 [main] DEBUG org.hibernate.loader.plan.build.internal.spaces.QuerySpacesImpl - Adding QuerySpace : uid = &lt;gen:0&gt; -&gt; org.hibernate.loader.plan.build.internal.spaces.EntityQuerySpaceImpl@1d901f20]
17:40:04.515 [main] DEBUG org.hibernate.persister.walking.spi.MetamodelGraphWalker - Visiting attribute path : blogContent
17:40:04.516 [main] DEBUG org.hibernate.persister.walking.spi.MetamodelGraphWalker - Visiting attribute path : blogName
17:40:04.516 [main] DEBUG org.hibernate.persister.walking.spi.MetamodelGraphWalker - Visiting attribute path : createDate
17:40:04.516 [main] DEBUG org.hibernate.persister.walking.spi.MetamodelGraphWalker - Visiting attribute path : likes
17:40:04.516 [main] DEBUG org.hibernate.persister.walking.spi.MetamodelGraphWalker - Visiting attribute path : remarks
17:40:04.516 [main] DEBUG org.hibernate.persister.walking.spi.MetamodelGraphWalker - Visiting attribute path : status
17:40:04.516 [main] DEBUG org.hibernate.persister.walking.spi.MetamodelGraphWalker - Visiting attribute path : userId
17:40:04.516 [main] DEBUG org.hibernate.loader.plan.build.internal.FetchStyleLoadPlanBuildingAssociationVisitationStrategy - Building LoadPlan...
17:40:04.516 [main] DEBUG org.hibernate.loader.plan.exec.internal.LoadQueryJoinAndFetchProcessor - processing queryspace &lt;gen:0&gt;
17:40:04.516 [main] DEBUG org.hibernate.loader.plan.build.spi.LoadPlanTreePrinter - LoadPlan(entity=com.niit.model.Blog)
    - Returns
       - EntityReturnImpl(entity=com.niit.model.Blog, querySpaceUid=&lt;gen:0&gt;, path=com.niit.model.Blog)
    - QuerySpaces
       - EntityQuerySpaceImpl(uid=&lt;gen:0&gt;, entity=com.niit.model.Blog)
          - SQL table alias mapping - blog0_
          - alias suffix - 0_
          - suffixed key columns - {blogId1_0_0_}

17:40:04.517 [main] DEBUG org.hibernate.loader.entity.plan.EntityLoader - Static select for entity com.niit.model.Blog [OPTIMISTIC_FORCE_INCREMENT]: select blog0_.blogId as blogId1_0_0_, blog0_.blogContent as blogCont2_0_0_, blog0_.blogName as blogName3_0_0_, blog0_.createDate as createDa4_0_0_, blog0_.likes as likes5_0_0_, blog0_.remarks as remarks6_0_0_, blog0_.status as status7_0_0_, blog0_.userId as userId8_0_0_ from CBlog blog0_ where blog0_.blogId=?
17:40:04.517 [main] DEBUG org.hibernate.loader.Loader - Static select for action ACTION_MERGE on entity com.niit.model.Blog: select blog0_.blogId as blogId1_0_0_, blog0_.blogContent as blogCont2_0_0_, blog0_.blogName as blogName3_0_0_, blog0_.createDate as createDa4_0_0_, blog0_.likes as likes5_0_0_, blog0_.remarks as remarks6_0_0_, blog0_.status as status7_0_0_, blog0_.userId as userId8_0_0_ from CBlog blog0_ where blog0_.blogId=?
17:40:04.517 [main] DEBUG org.hibernate.loader.Loader - Static select for action ACTION_REFRESH on entity com.niit.model.Blog: select blog0_.blogId as blogId1_0_0_, blog0_.blogContent as blogCont2_0_0_, blog0_.blogName as blogName3_0_0_, blog0_.createDate as createDa4_0_0_, blog0_.likes as likes5_0_0_, blog0_.remarks as remarks6_0_0_, blog0_.status as status7_0_0_, blog0_.userId as userId8_0_0_ from CBlog blog0_ where blog0_.blogId=?
17:40:04.517 [main] DEBUG org.hibernate.persister.entity.AbstractEntityPersister - Static SQL for entity: com.niit.model.JobApplied
17:40:04.517 [main] DEBUG org.hibernate.persister.entity.AbstractEntityPersister -  Version select: select jobAppliedId from CJobApplied where jobAppliedId =?
17:40:04.517 [main] DEBUG org.hibernate.persister.entity.AbstractEntityPersister -  Snapshot select: select jobapplied_.jobAppliedId, jobapplied_.dateApplied as dateAppl2_6_, jobapplied_.jobId as jobId3_6_, jobapplied_.remarks as remarks4_6_, jobapplied_.status as status5_6_, jobapplied_.userId as userId6_6_ from CJobApplied jobapplied_ where jobapplied_.jobAppliedId=?
17:40:04.518 [main] DEBUG org.hibernate.persister.entity.AbstractEntityPersister -  Insert 0: insert into CJobApplied (dateApplied, jobId, remarks, status, userId, jobAppliedId) values (?, ?, ?, ?, ?, ?)
17:40:04.518 [main] DEBUG org.hibernate.persister.entity.AbstractEntityPersister -  Update 0: update CJobApplied set dateApplied=?, jobId=?, remarks=?, status=?, userId=? where jobAppliedId=?
17:40:04.518 [main] DEBUG org.hibernate.persister.entity.AbstractEntityPersister -  Delete 0: delete from CJobApplied where jobAppliedId=?
17:40:04.518 [main] DEBUG org.hibernate.loader.plan.build.internal.spaces.QuerySpacesImpl - Adding QuerySpace : uid = &lt;gen:0&gt; -&gt; org.hibernate.loader.plan.build.internal.spaces.EntityQuerySpaceImpl@1015a4b9]
17:40:04.518 [main] DEBUG org.hibernate.persister.walking.spi.MetamodelGraphWalker - Visiting attribute path : dateApplied
17:40:04.518 [main] DEBUG org.hibernate.persister.walking.spi.MetamodelGraphWalker - Visiting attribute path : jobId
17:40:04.518 [main] DEBUG org.hibernate.persister.walking.spi.MetamodelGraphWalker - Visiting attribute path : remarks
17:40:04.518 [main] DEBUG org.hibernate.persister.walking.spi.MetamodelGraphWalker - Visiting attribute path : status
17:40:04.518 [main] DEBUG org.hibernate.persister.walking.spi.MetamodelGraphWalker - Visiting attribute path : userId
17:40:04.518 [main] DEBUG org.hibernate.loader.plan.build.internal.FetchStyleLoadPlanBuildingAssociationVisitationStrategy - Building LoadPlan...
17:40:04.519 [main] DEBUG org.hibernate.loader.plan.exec.internal.LoadQueryJoinAndFetchProcessor - processing queryspace &lt;gen:0&gt;
17:40:04.519 [main] DEBUG org.hibernate.loader.plan.build.spi.LoadPlanTreePrinter - LoadPlan(entity=com.niit.model.JobApplied)
    - Returns
       - EntityReturnImpl(entity=com.niit.model.JobApplied, querySpaceUid=&lt;gen:0&gt;, path=com.niit.model.JobApplied)
    - QuerySpaces
       - EntityQuerySpaceImpl(uid=&lt;gen:0&gt;, entity=com.niit.model.JobApplied)
          - SQL table alias mapping - jobapplied0_
          - alias suffix - 0_
          - suffixed key columns - {jobAppli1_6_0_}

17:40:04.519 [main] DEBUG org.hibernate.loader.entity.plan.EntityLoader - Static select for entity com.niit.model.JobApplied [NONE]: select jobapplied0_.jobAppliedId as jobAppli1_6_0_, jobapplied0_.dateApplied as dateAppl2_6_0_, jobapplied0_.jobId as jobId3_6_0_, jobapplied0_.remarks as remarks4_6_0_, jobapplied0_.status as status5_6_0_, jobapplied0_.userId as userId6_6_0_ from CJobApplied jobapplied0_ where jobapplied0_.jobAppliedId=?
17:40:04.519 [main] DEBUG org.hibernate.loader.plan.build.internal.spaces.QuerySpacesImpl - Adding QuerySpace : uid = &lt;gen:0&gt; -&gt; org.hibernate.loader.plan.build.internal.spaces.EntityQuerySpaceImpl@7bf01cb]
17:40:04.519 [main] DEBUG org.hibernate.persister.walking.spi.MetamodelGraphWalker - Visiting attribute path : dateApplied
17:40:04.519 [main] DEBUG org.hibernate.persister.walking.spi.MetamodelGraphWalker - Visiting attribute path : jobId
17:40:04.519 [main] DEBUG org.hibernate.persister.walking.spi.MetamodelGraphWalker - Visiting attribute path : remarks
17:40:04.519 [main] DEBUG org.hibernate.persister.walking.spi.MetamodelGraphWalker - Visiting attribute path : status
17:40:04.520 [main] DEBUG org.hibernate.persister.walking.spi.MetamodelGraphWalker - Visiting attribute path : userId
17:40:04.520 [main] DEBUG org.hibernate.loader.plan.build.internal.FetchStyleLoadPlanBuildingAssociationVisitationStrategy - Building LoadPlan...
17:40:04.520 [main] DEBUG org.hibernate.loader.plan.exec.internal.LoadQueryJoinAndFetchProcessor - processing queryspace &lt;gen:0&gt;
17:40:04.520 [main] DEBUG org.hibernate.loader.plan.build.spi.LoadPlanTreePrinter - LoadPlan(entity=com.niit.model.JobApplied)
    - Returns
       - EntityReturnImpl(entity=com.niit.model.JobApplied, querySpaceUid=&lt;gen:0&gt;, path=com.niit.model.JobApplied)
    - QuerySpaces
       - EntityQuerySpaceImpl(uid=&lt;gen:0&gt;, entity=com.niit.model.JobApplied)
          - SQL table alias mapping - jobapplied0_
          - alias suffix - 0_
          - suffixed key columns - {jobAppli1_6_0_}

17:40:04.520 [main] DEBUG org.hibernate.loader.entity.plan.EntityLoader - Static select for entity com.niit.model.JobApplied [READ]: select jobapplied0_.jobAppliedId as jobAppli1_6_0_, jobapplied0_.dateApplied as dateAppl2_6_0_, jobapplied0_.jobId as jobId3_6_0_, jobapplied0_.remarks as remarks4_6_0_, jobapplied0_.status as status5_6_0_, jobapplied0_.userId as userId6_6_0_ from CJobApplied jobapplied0_ where jobapplied0_.jobAppliedId=?
17:40:04.521 [main] DEBUG org.hibernate.loader.plan.build.internal.spaces.QuerySpacesImpl - Adding QuerySpace : uid = &lt;gen:0&gt; -&gt; org.hibernate.loader.plan.build.internal.spaces.EntityQuerySpaceImpl@12b5736c]
17:40:04.521 [main] DEBUG org.hibernate.persister.walking.spi.MetamodelGraphWalker - Visiting attribute path : dateApplied
17:40:04.521 [main] DEBUG org.hibernate.persister.walking.spi.MetamodelGraphWalker - Visiting attribute path : jobId
17:40:04.521 [main] DEBUG org.hibernate.persister.walking.spi.MetamodelGraphWalker - Visiting attribute path : remarks
17:40:04.521 [main] DEBUG org.hibernate.persister.walking.spi.MetamodelGraphWalker - Visiting attribute path : status
17:40:04.521 [main] DEBUG org.hibernate.persister.walking.spi.MetamodelGraphWalker - Visiting attribute path : userId
17:40:04.521 [main] DEBUG org.hibernate.loader.plan.build.internal.FetchStyleLoadPlanBuildingAssociationVisitationStrategy - Building LoadPlan...
17:40:04.521 [main] DEBUG org.hibernate.loader.plan.exec.internal.LoadQueryJoinAndFetchProcessor - processing queryspace &lt;gen:0&gt;
17:40:04.521 [main] DEBUG org.hibernate.loader.plan.build.spi.LoadPlanTreePrinter - LoadPlan(entity=com.niit.model.JobApplied)
    - Returns
       - EntityReturnImpl(entity=com.niit.model.JobApplied, querySpaceUid=&lt;gen:0&gt;, path=com.niit.model.JobApplied)
    - QuerySpaces
       - EntityQuerySpaceImpl(uid=&lt;gen:0&gt;, entity=com.niit.model.JobApplied)
          - SQL table alias mapping - jobapplied0_
          - alias suffix - 0_
          - suffixed key columns - {jobAppli1_6_0_}

17:40:04.522 [main] DEBUG org.hibernate.loader.entity.plan.EntityLoader - Static select for entity com.niit.model.JobApplied [UPGRADE]: select jobapplied0_.jobAppliedId as jobAppli1_6_0_, jobapplied0_.dateApplied as dateAppl2_6_0_, jobapplied0_.jobId as jobId3_6_0_, jobapplied0_.remarks as remarks4_6_0_, jobapplied0_.status as status5_6_0_, jobapplied0_.userId as userId6_6_0_ from CJobApplied jobapplied0_ where jobapplied0_.jobAppliedId=? for update
17:40:04.522 [main] DEBUG org.hibernate.loader.plan.build.internal.spaces.QuerySpacesImpl - Adding QuerySpace : uid = &lt;gen:0&gt; -&gt; org.hibernate.loader.plan.build.internal.spaces.EntityQuerySpaceImpl@2cd4e16a]
17:40:04.522 [main] DEBUG org.hibernate.persister.walking.spi.MetamodelGraphWalker - Visiting attribute path : dateApplied
17:40:04.522 [main] DEBUG org.hibernate.persister.walking.spi.MetamodelGraphWalker - Visiting attribute path : jobId
17:40:04.522 [main] DEBUG org.hibernate.persister.walking.spi.MetamodelGraphWalker - Visiting attribute path : remarks
17:40:04.522 [main] DEBUG org.hibernate.persister.walking.spi.MetamodelGraphWalker - Visiting attribute path : status
17:40:04.522 [main] DEBUG org.hibernate.persister.walking.spi.MetamodelGraphWalker - Visiting attribute path : userId
17:40:04.522 [main] DEBUG org.hibernate.loader.plan.build.internal.FetchStyleLoadPlanBuildingAssociationVisitationStrategy - Building LoadPlan...
17:40:04.523 [main] DEBUG org.hibernate.loader.plan.exec.internal.LoadQueryJoinAndFetchProcessor - processing queryspace &lt;gen:0&gt;
17:40:04.523 [main] DEBUG org.hibernate.loader.plan.build.spi.LoadPlanTreePrinter - LoadPlan(entity=com.niit.model.JobApplied)
    - Returns
       - EntityReturnImpl(entity=com.niit.model.JobApplied, querySpaceUid=&lt;gen:0&gt;, path=com.niit.model.JobApplied)
    - QuerySpaces
       - EntityQuerySpaceImpl(uid=&lt;gen:0&gt;, entity=com.niit.model.JobApplied)
          - SQL table alias mapping - jobapplied0_
          - alias suffix - 0_
          - suffixed key columns - {jobAppli1_6_0_}

17:40:04.523 [main] DEBUG org.hibernate.loader.entity.plan.EntityLoader - Static select for entity com.niit.model.JobApplied [UPGRADE_NOWAIT]: select jobapplied0_.jobAppliedId as jobAppli1_6_0_, jobapplied0_.dateApplied as dateAppl2_6_0_, jobapplied0_.jobId as jobId3_6_0_, jobapplied0_.remarks as remarks4_6_0_, jobapplied0_.status as status5_6_0_, jobapplied0_.userId as userId6_6_0_ from CJobApplied jobapplied0_ where jobapplied0_.jobAppliedId=? for update
17:40:04.523 [main] DEBUG org.hibernate.loader.plan.build.internal.spaces.QuerySpacesImpl - Adding QuerySpace : uid = &lt;gen:0&gt; -&gt; org.hibernate.loader.plan.build.internal.spaces.EntityQuerySpaceImpl@7b477141]
17:40:04.523 [main] DEBUG org.hibernate.persister.walking.spi.MetamodelGraphWalker - Visiting attribute path : dateApplied
17:40:04.523 [main] DEBUG org.hibernate.persister.walking.spi.MetamodelGraphWalker - Visiting attribute path : jobId
17:40:04.523 [main] DEBUG org.hibernate.persister.walking.spi.MetamodelGraphWalker - Visiting attribute path : remarks
17:40:04.523 [main] DEBUG org.hibernate.persister.walking.spi.MetamodelGraphWalker - Visiting attribute path : status
17:40:04.523 [main] DEBUG org.hibernate.persister.walking.spi.MetamodelGraphWalker - Visiting attribute path : userId
17:40:04.523 [main] DEBUG org.hibernate.loader.plan.build.internal.FetchStyleLoadPlanBuildingAssociationVisitationStrategy - Building LoadPlan...
17:40:04.524 [main] DEBUG org.hibernate.loader.plan.exec.internal.LoadQueryJoinAndFetchProcessor - processing queryspace &lt;gen:0&gt;
17:40:04.524 [main] DEBUG org.hibernate.loader.plan.build.spi.LoadPlanTreePrinter - LoadPlan(entity=com.niit.model.JobApplied)
    - Returns
       - EntityReturnImpl(entity=com.niit.model.JobApplied, querySpaceUid=&lt;gen:0&gt;, path=com.niit.model.JobApplied)
    - QuerySpaces
       - EntityQuerySpaceImpl(uid=&lt;gen:0&gt;, entity=com.niit.model.JobApplied)
          - SQL table alias mapping - jobapplied0_
          - alias suffix - 0_
          - suffixed key columns - {jobAppli1_6_0_}

17:40:04.524 [main] DEBUG org.hibernate.loader.entity.plan.EntityLoader - Static select for entity com.niit.model.JobApplied [UPGRADE_SKIPLOCKED]: select jobapplied0_.jobAppliedId as jobAppli1_6_0_, jobapplied0_.dateApplied as dateAppl2_6_0_, jobapplied0_.jobId as jobId3_6_0_, jobapplied0_.remarks as remarks4_6_0_, jobapplied0_.status as status5_6_0_, jobapplied0_.userId as userId6_6_0_ from CJobApplied jobapplied0_ where jobapplied0_.jobAppliedId=? for update
17:40:04.524 [main] DEBUG org.hibernate.loader.plan.build.internal.spaces.QuerySpacesImpl - Adding QuerySpace : uid = &lt;gen:0&gt; -&gt; org.hibernate.loader.plan.build.internal.spaces.EntityQuerySpaceImpl@7316523a]
17:40:04.524 [main] DEBUG org.hibernate.persister.walking.spi.MetamodelGraphWalker - Visiting attribute path : dateApplied
17:40:04.524 [main] DEBUG org.hibernate.persister.walking.spi.MetamodelGraphWalker - Visiting attribute path : jobId
17:40:04.524 [main] DEBUG org.hibernate.persister.walking.spi.MetamodelGraphWalker - Visiting attribute path : remarks
17:40:04.524 [main] DEBUG org.hibernate.persister.walking.spi.MetamodelGraphWalker - Visiting attribute path : status
17:40:04.524 [main] DEBUG org.hibernate.persister.walking.spi.MetamodelGraphWalker - Visiting attribute path : userId
17:40:04.525 [main] DEBUG org.hibernate.loader.plan.build.internal.FetchStyleLoadPlanBuildingAssociationVisitationStrategy - Building LoadPlan...
17:40:04.525 [main] DEBUG org.hibernate.loader.plan.exec.internal.LoadQueryJoinAndFetchProcessor - processing queryspace &lt;gen:0&gt;
17:40:04.525 [main] DEBUG org.hibernate.loader.plan.build.spi.LoadPlanTreePrinter - LoadPlan(entity=com.niit.model.JobApplied)
    - Returns
       - EntityReturnImpl(entity=com.niit.model.JobApplied, querySpaceUid=&lt;gen:0&gt;, path=com.niit.model.JobApplied)
    - QuerySpaces
       - EntityQuerySpaceImpl(uid=&lt;gen:0&gt;, entity=com.niit.model.JobApplied)
          - SQL table alias mapping - jobapplied0_
          - alias suffix - 0_
          - suffixed key columns - {jobAppli1_6_0_}

17:40:04.525 [main] DEBUG org.hibernate.loader.entity.plan.EntityLoader - Static select for entity com.niit.model.JobApplied [FORCE]: select jobapplied0_.jobAppliedId as jobAppli1_6_0_, jobapplied0_.dateApplied as dateAppl2_6_0_, jobapplied0_.jobId as jobId3_6_0_, jobapplied0_.remarks as remarks4_6_0_, jobapplied0_.status as status5_6_0_, jobapplied0_.userId as userId6_6_0_ from CJobApplied jobapplied0_ where jobapplied0_.jobAppliedId=? for update
17:40:04.525 [main] DEBUG org.hibernate.loader.plan.build.internal.spaces.QuerySpacesImpl - Adding QuerySpace : uid = &lt;gen:0&gt; -&gt; org.hibernate.loader.plan.build.internal.spaces.EntityQuerySpaceImpl@73a8e994]
17:40:04.525 [main] DEBUG org.hibernate.persister.walking.spi.MetamodelGraphWalker - Visiting attribute path : dateApplied
17:40:04.525 [main] DEBUG org.hibernate.persister.walking.spi.MetamodelGraphWalker - Visiting attribute path : jobId
17:40:04.525 [main] DEBUG org.hibernate.persister.walking.spi.MetamodelGraphWalker - Visiting attribute path : remarks
17:40:04.525 [main] DEBUG org.hibernate.persister.walking.spi.MetamodelGraphWalker - Visiting attribute path : status
17:40:04.525 [main] DEBUG org.hibernate.persister.walking.spi.MetamodelGraphWalker - Visiting attribute path : userId
17:40:04.526 [main] DEBUG org.hibernate.loader.plan.build.internal.FetchStyleLoadPlanBuildingAssociationVisitationStrategy - Building LoadPlan...
17:40:04.526 [main] DEBUG org.hibernate.loader.plan.exec.internal.LoadQueryJoinAndFetchProcessor - processing queryspace &lt;gen:0&gt;
17:40:04.526 [main] DEBUG org.hibernate.loader.plan.build.spi.LoadPlanTreePrinter - LoadPlan(entity=com.niit.model.JobApplied)
    - Returns
       - EntityReturnImpl(entity=com.niit.model.JobApplied, querySpaceUid=&lt;gen:0&gt;, path=com.niit.model.JobApplied)
    - QuerySpaces
       - EntityQuerySpaceImpl(uid=&lt;gen:0&gt;, entity=com.niit.model.JobApplied)
          - SQL table alias mapping - jobapplied0_
          - alias suffix - 0_
          - suffixed key columns - {jobAppli1_6_0_}

17:40:04.526 [main] DEBUG org.hibernate.loader.entity.plan.EntityLoader - Static select for entity com.niit.model.JobApplied [PESSIMISTIC_READ]: select jobapplied0_.jobAppliedId as jobAppli1_6_0_, jobapplied0_.dateApplied as dateAppl2_6_0_, jobapplied0_.jobId as jobId3_6_0_, jobapplied0_.remarks as remarks4_6_0_, jobapplied0_.status as status5_6_0_, jobapplied0_.userId as userId6_6_0_ from CJobApplied jobapplied0_ where jobapplied0_.jobAppliedId=? for update
17:40:04.526 [main] DEBUG org.hibernate.loader.plan.build.internal.spaces.QuerySpacesImpl - Adding QuerySpace : uid = &lt;gen:0&gt; -&gt; org.hibernate.loader.plan.build.internal.spaces.EntityQuerySpaceImpl@5b5ac798]
17:40:04.526 [main] DEBUG org.hibernate.persister.walking.spi.MetamodelGraphWalker - Visiting attribute path : dateApplied
17:40:04.526 [main] DEBUG org.hibernate.persister.walking.spi.MetamodelGraphWalker - Visiting attribute path : jobId
17:40:04.526 [main] DEBUG org.hibernate.persister.walking.spi.MetamodelGraphWalker - Visiting attribute path : remarks
17:40:04.526 [main] DEBUG org.hibernate.persister.walking.spi.MetamodelGraphWalker - Visiting attribute path : status
17:40:04.527 [main] DEBUG org.hibernate.persister.walking.spi.MetamodelGraphWalker - Visiting attribute path : userId
17:40:04.527 [main] DEBUG org.hibernate.loader.plan.build.internal.FetchStyleLoadPlanBuildingAssociationVisitationStrategy - Building LoadPlan...
17:40:04.527 [main] DEBUG org.hibernate.loader.plan.exec.internal.LoadQueryJoinAndFetchProcessor - processing queryspace &lt;gen:0&gt;
17:40:04.527 [main] DEBUG org.hibernate.loader.plan.build.spi.LoadPlanTreePrinter - LoadPlan(entity=com.niit.model.JobApplied)
    - Returns
       - EntityReturnImpl(entity=com.niit.model.JobApplied, querySpaceUid=&lt;gen:0&gt;, path=com.niit.model.JobApplied)
    - QuerySpaces
       - EntityQuerySpaceImpl(uid=&lt;gen:0&gt;, entity=com.niit.model.JobApplied)
          - SQL table alias mapping - jobapplied0_
          - alias suffix - 0_
          - suffixed key columns - {jobAppli1_6_0_}

17:40:04.527 [main] DEBUG org.hibernate.loader.entity.plan.EntityLoader - Static select for entity com.niit.model.JobApplied [PESSIMISTIC_WRITE]: select jobapplied0_.jobAppliedId as jobAppli1_6_0_, jobapplied0_.dateApplied as dateAppl2_6_0_, jobapplied0_.jobId as jobId3_6_0_, jobapplied0_.remarks as remarks4_6_0_, jobapplied0_.status as status5_6_0_, jobapplied0_.userId as userId6_6_0_ from CJobApplied jobapplied0_ where jobapplied0_.jobAppliedId=? for update
17:40:04.527 [main] DEBUG org.hibernate.loader.plan.build.internal.spaces.QuerySpacesImpl - Adding QuerySpace : uid = &lt;gen:0&gt; -&gt; org.hibernate.loader.plan.build.internal.spaces.EntityQuerySpaceImpl@7668892a]
17:40:04.527 [main] DEBUG org.hibernate.persister.walking.spi.MetamodelGraphWalker - Visiting attribute path : dateApplied
17:40:04.527 [main] DEBUG org.hibernate.persister.walking.spi.MetamodelGraphWalker - Visiting attribute path : jobId
17:40:04.528 [main] DEBUG org.hibernate.persister.walking.spi.MetamodelGraphWalker - Visiting attribute path : remarks
17:40:04.528 [main] DEBUG org.hibernate.persister.walking.spi.MetamodelGraphWalker - Visiting attribute path : status
17:40:04.530 [main] DEBUG org.hibernate.persister.walking.spi.MetamodelGraphWalker - Visiting attribute path : userId
17:40:04.531 [main] DEBUG org.hibernate.loader.plan.build.internal.FetchStyleLoadPlanBuildingAssociationVisitationStrategy - Building LoadPlan...
17:40:04.531 [main] DEBUG org.hibernate.loader.plan.exec.internal.LoadQueryJoinAndFetchProcessor - processing queryspace &lt;gen:0&gt;
17:40:04.531 [main] DEBUG org.hibernate.loader.plan.build.spi.LoadPlanTreePrinter - LoadPlan(entity=com.niit.model.JobApplied)
    - Returns
       - EntityReturnImpl(entity=com.niit.model.JobApplied, querySpaceUid=&lt;gen:0&gt;, path=com.niit.model.JobApplied)
    - QuerySpaces
       - EntityQuerySpaceImpl(uid=&lt;gen:0&gt;, entity=com.niit.model.JobApplied)
          - SQL table alias mapping - jobapplied0_
          - alias suffix - 0_
          - suffixed key columns - {jobAppli1_6_0_}

17:40:04.531 [main] DEBUG org.hibernate.loader.entity.plan.EntityLoader - Static select for entity com.niit.model.JobApplied [PESSIMISTIC_FORCE_INCREMENT]: select jobapplied0_.jobAppliedId as jobAppli1_6_0_, jobapplied0_.dateApplied as dateAppl2_6_0_, jobapplied0_.jobId as jobId3_6_0_, jobapplied0_.remarks as remarks4_6_0_, jobapplied0_.status as status5_6_0_, jobapplied0_.userId as userId6_6_0_ from CJobApplied jobapplied0_ where jobapplied0_.jobAppliedId=? for update
17:40:04.531 [main] DEBUG org.hibernate.loader.plan.build.internal.spaces.QuerySpacesImpl - Adding QuerySpace : uid = &lt;gen:0&gt; -&gt; org.hibernate.loader.plan.build.internal.spaces.EntityQuerySpaceImpl@7e83992]
17:40:04.532 [main] DEBUG org.hibernate.persister.walking.spi.MetamodelGraphWalker - Visiting attribute path : dateApplied
17:40:04.532 [main] DEBUG org.hibernate.persister.walking.spi.MetamodelGraphWalker - Visiting attribute path : jobId
17:40:04.532 [main] DEBUG org.hibernate.persister.walking.spi.MetamodelGraphWalker - Visiting attribute path : remarks
17:40:04.532 [main] DEBUG org.hibernate.persister.walking.spi.MetamodelGraphWalker - Visiting attribute path : status
17:40:04.532 [main] DEBUG org.hibernate.persister.walking.spi.MetamodelGraphWalker - Visiting attribute path : userId
17:40:04.532 [main] DEBUG org.hibernate.loader.plan.build.internal.FetchStyleLoadPlanBuildingAssociationVisitationStrategy - Building LoadPlan...
17:40:04.532 [main] DEBUG org.hibernate.loader.plan.exec.internal.LoadQueryJoinAndFetchProcessor - processing queryspace &lt;gen:0&gt;
17:40:04.532 [main] DEBUG org.hibernate.loader.plan.build.spi.LoadPlanTreePrinter - LoadPlan(entity=com.niit.model.JobApplied)
    - Returns
       - EntityReturnImpl(entity=com.niit.model.JobApplied, querySpaceUid=&lt;gen:0&gt;, path=com.niit.model.JobApplied)
    - QuerySpaces
       - EntityQuerySpaceImpl(uid=&lt;gen:0&gt;, entity=com.niit.model.JobApplied)
          - SQL table alias mapping - jobapplied0_
          - alias suffix - 0_
          - suffixed key columns - {jobAppli1_6_0_}

17:40:04.533 [main] DEBUG org.hibernate.loader.entity.plan.EntityLoader - Static select for entity com.niit.model.JobApplied [OPTIMISTIC]: select jobapplied0_.jobAppliedId as jobAppli1_6_0_, jobapplied0_.dateApplied as dateAppl2_6_0_, jobapplied0_.jobId as jobId3_6_0_, jobapplied0_.remarks as remarks4_6_0_, jobapplied0_.status as status5_6_0_, jobapplied0_.userId as userId6_6_0_ from CJobApplied jobapplied0_ where jobapplied0_.jobAppliedId=?
17:40:04.534 [main] DEBUG org.hibernate.loader.plan.build.internal.spaces.QuerySpacesImpl - Adding QuerySpace : uid = &lt;gen:0&gt; -&gt; org.hibernate.loader.plan.build.internal.spaces.EntityQuerySpaceImpl@3625a016]
17:40:04.534 [main] DEBUG org.hibernate.persister.walking.spi.MetamodelGraphWalker - Visiting attribute path : dateApplied
17:40:04.534 [main] DEBUG org.hibernate.persister.walking.spi.MetamodelGraphWalker - Visiting attribute path : jobId
17:40:04.534 [main] DEBUG org.hibernate.persister.walking.spi.MetamodelGraphWalker - Visiting attribute path : remarks
17:40:04.534 [main] DEBUG org.hibernate.persister.walking.spi.MetamodelGraphWalker - Visiting attribute path : status
17:40:04.534 [main] DEBUG org.hibernate.persister.walking.spi.MetamodelGraphWalker - Visiting attribute path : userId
17:40:04.534 [main] DEBUG org.hibernate.loader.plan.build.internal.FetchStyleLoadPlanBuildingAssociationVisitationStrategy - Building LoadPlan...
17:40:04.534 [main] DEBUG org.hibernate.loader.plan.exec.internal.LoadQueryJoinAndFetchProcessor - processing queryspace &lt;gen:0&gt;
17:40:04.535 [main] DEBUG org.hibernate.loader.plan.build.spi.LoadPlanTreePrinter - LoadPlan(entity=com.niit.model.JobApplied)
    - Returns
       - EntityReturnImpl(entity=com.niit.model.JobApplied, querySpaceUid=&lt;gen:0&gt;, path=com.niit.model.JobApplied)
    - QuerySpaces
       - EntityQuerySpaceImpl(uid=&lt;gen:0&gt;, entity=com.niit.model.JobApplied)
          - SQL table alias mapping - jobapplied0_
          - alias suffix - 0_
          - suffixed key columns - {jobAppli1_6_0_}

17:40:04.535 [main] DEBUG org.hibernate.loader.entity.plan.EntityLoader - Static select for entity com.niit.model.JobApplied [OPTIMISTIC_FORCE_INCREMENT]: select jobapplied0_.jobAppliedId as jobAppli1_6_0_, jobapplied0_.dateApplied as dateAppl2_6_0_, jobapplied0_.jobId as jobId3_6_0_, jobapplied0_.remarks as remarks4_6_0_, jobapplied0_.status as status5_6_0_, jobapplied0_.userId as userId6_6_0_ from CJobApplied jobapplied0_ where jobapplied0_.jobAppliedId=?
17:40:04.535 [main] DEBUG org.hibernate.loader.Loader - Static select for action ACTION_MERGE on entity com.niit.model.JobApplied: select jobapplied0_.jobAppliedId as jobAppli1_6_0_, jobapplied0_.dateApplied as dateAppl2_6_0_, jobapplied0_.jobId as jobId3_6_0_, jobapplied0_.remarks as remarks4_6_0_, jobapplied0_.status as status5_6_0_, jobapplied0_.userId as userId6_6_0_ from CJobApplied jobapplied0_ where jobapplied0_.jobAppliedId=?
17:40:04.535 [main] DEBUG org.hibernate.loader.Loader - Static select for action ACTION_REFRESH on entity com.niit.model.JobApplied: select jobapplied0_.jobAppliedId as jobAppli1_6_0_, jobapplied0_.dateApplied as dateAppl2_6_0_, jobapplied0_.jobId as jobId3_6_0_, jobapplied0_.remarks as remarks4_6_0_, jobapplied0_.status as status5_6_0_, jobapplied0_.userId as userId6_6_0_ from CJobApplied jobapplied0_ where jobapplied0_.jobAppliedId=?
17:40:04.536 [main] DEBUG org.hibernate.persister.entity.AbstractEntityPersister - Static SQL for entity: com.niit.model.ForumComment
17:40:04.536 [main] DEBUG org.hibernate.persister.entity.AbstractEntityPersister -  Version select: select forumCommentId from CForumComment where forumCommentId =?
17:40:04.536 [main] DEBUG org.hibernate.persister.entity.AbstractEntityPersister -  Snapshot select: select forumcomme_.forumCommentId, forumcomme_.commentDate as commentD2_3_, forumcomme_.forumComment as forumCom3_3_, forumcomme_.forumId as forumId4_3_, forumcomme_.userId as userId5_3_, forumcomme_.username as username6_3_ from CForumComment forumcomme_ where forumcomme_.forumCommentId=?
17:40:04.536 [main] DEBUG org.hibernate.persister.entity.AbstractEntityPersister -  Insert 0: insert into CForumComment (commentDate, forumComment, forumId, userId, username, forumCommentId) values (?, ?, ?, ?, ?, ?)
17:40:04.537 [main] DEBUG org.hibernate.persister.entity.AbstractEntityPersister -  Update 0: update CForumComment set commentDate=?, forumComment=?, forumId=?, userId=?, username=? where forumCommentId=?
17:40:04.537 [main] DEBUG org.hibernate.persister.entity.AbstractEntityPersister -  Delete 0: delete from CForumComment where forumCommentId=?
17:40:04.537 [main] DEBUG org.hibernate.loader.plan.build.internal.spaces.QuerySpacesImpl - Adding QuerySpace : uid = &lt;gen:0&gt; -&gt; org.hibernate.loader.plan.build.internal.spaces.EntityQuerySpaceImpl@609e57da]
17:40:04.537 [main] DEBUG org.hibernate.persister.walking.spi.MetamodelGraphWalker - Visiting attribute path : commentDate
17:40:04.537 [main] DEBUG org.hibernate.persister.walking.spi.MetamodelGraphWalker - Visiting attribute path : forumComment
17:40:04.537 [main] DEBUG org.hibernate.persister.walking.spi.MetamodelGraphWalker - Visiting attribute path : forumId
17:40:04.537 [main] DEBUG org.hibernate.persister.walking.spi.MetamodelGraphWalker - Visiting attribute path : userId
17:40:04.537 [main] DEBUG org.hibernate.persister.walking.spi.MetamodelGraphWalker - Visiting attribute path : username
17:40:04.537 [main] DEBUG org.hibernate.loader.plan.build.internal.FetchStyleLoadPlanBuildingAssociationVisitationStrategy - Building LoadPlan...
17:40:04.537 [main] DEBUG org.hibernate.loader.plan.exec.internal.LoadQueryJoinAndFetchProcessor - processing queryspace &lt;gen:0&gt;
17:40:04.538 [main] DEBUG org.hibernate.loader.plan.build.spi.LoadPlanTreePrinter - LoadPlan(entity=com.niit.model.ForumComment)
    - Returns
       - EntityReturnImpl(entity=com.niit.model.ForumComment, querySpaceUid=&lt;gen:0&gt;, path=com.niit.model.ForumComment)
    - QuerySpaces
       - EntityQuerySpaceImpl(uid=&lt;gen:0&gt;, entity=com.niit.model.ForumComment)
          - SQL table alias mapping - forumcomme0_
          - alias suffix - 0_
          - suffixed key columns - {forumCom1_3_0_}

17:40:04.538 [main] DEBUG org.hibernate.loader.entity.plan.EntityLoader - Static select for entity com.niit.model.ForumComment [NONE]: select forumcomme0_.forumCommentId as forumCom1_3_0_, forumcomme0_.commentDate as commentD2_3_0_, forumcomme0_.forumComment as forumCom3_3_0_, forumcomme0_.forumId as forumId4_3_0_, forumcomme0_.userId as userId5_3_0_, forumcomme0_.username as username6_3_0_ from CForumComment forumcomme0_ where forumcomme0_.forumCommentId=?
17:40:04.538 [main] DEBUG org.hibernate.loader.plan.build.internal.spaces.QuerySpacesImpl - Adding QuerySpace : uid = &lt;gen:0&gt; -&gt; org.hibernate.loader.plan.build.internal.spaces.EntityQuerySpaceImpl@4d634127]
17:40:04.538 [main] DEBUG org.hibernate.persister.walking.spi.MetamodelGraphWalker - Visiting attribute path : commentDate
17:40:04.538 [main] DEBUG org.hibernate.persister.walking.spi.MetamodelGraphWalker - Visiting attribute path : forumComment
17:40:04.538 [main] DEBUG org.hibernate.persister.walking.spi.MetamodelGraphWalker - Visiting attribute path : forumId
17:40:04.538 [main] DEBUG org.hibernate.persister.walking.spi.MetamodelGraphWalker - Visiting attribute path : userId
17:40:04.538 [main] DEBUG org.hibernate.persister.walking.spi.MetamodelGraphWalker - Visiting attribute path : username
17:40:04.539 [main] DEBUG org.hibernate.loader.plan.build.internal.FetchStyleLoadPlanBuildingAssociationVisitationStrategy - Building LoadPlan...
17:40:04.539 [main] DEBUG org.hibernate.loader.plan.exec.internal.LoadQueryJoinAndFetchProcessor - processing queryspace &lt;gen:0&gt;
17:40:04.539 [main] DEBUG org.hibernate.loader.plan.build.spi.LoadPlanTreePrinter - LoadPlan(entity=com.niit.model.ForumComment)
    - Returns
       - EntityReturnImpl(entity=com.niit.model.ForumComment, querySpaceUid=&lt;gen:0&gt;, path=com.niit.model.ForumComment)
    - QuerySpaces
       - EntityQuerySpaceImpl(uid=&lt;gen:0&gt;, entity=com.niit.model.ForumComment)
          - SQL table alias mapping - forumcomme0_
          - alias suffix - 0_
          - suffixed key columns - {forumCom1_3_0_}

17:40:04.539 [main] DEBUG org.hibernate.loader.entity.plan.EntityLoader - Static select for entity com.niit.model.ForumComment [READ]: select forumcomme0_.forumCommentId as forumCom1_3_0_, forumcomme0_.commentDate as commentD2_3_0_, forumcomme0_.forumComment as forumCom3_3_0_, forumcomme0_.forumId as forumId4_3_0_, forumcomme0_.userId as userId5_3_0_, forumcomme0_.username as username6_3_0_ from CForumComment forumcomme0_ where forumcomme0_.forumCommentId=?
17:40:04.539 [main] DEBUG org.hibernate.loader.plan.build.internal.spaces.QuerySpacesImpl - Adding QuerySpace : uid = &lt;gen:0&gt; -&gt; org.hibernate.loader.plan.build.internal.spaces.EntityQuerySpaceImpl@1f1cddf3]
17:40:04.539 [main] DEBUG org.hibernate.persister.walking.spi.MetamodelGraphWalker - Visiting attribute path : commentDate
17:40:04.539 [main] DEBUG org.hibernate.persister.walking.spi.MetamodelGraphWalker - Visiting attribute path : forumComment
17:40:04.539 [main] DEBUG org.hibernate.persister.walking.spi.MetamodelGraphWalker - Visiting attribute path : forumId
17:40:04.539 [main] DEBUG org.hibernate.persister.walking.spi.MetamodelGraphWalker - Visiting attribute path : userId
17:40:04.543 [main] DEBUG org.hibernate.persister.walking.spi.MetamodelGraphWalker - Visiting attribute path : username
17:40:04.543 [main] DEBUG org.hibernate.loader.plan.build.internal.FetchStyleLoadPlanBuildingAssociationVisitationStrategy - Building LoadPlan...
17:40:04.544 [main] DEBUG org.hibernate.loader.plan.exec.internal.LoadQueryJoinAndFetchProcessor - processing queryspace &lt;gen:0&gt;
17:40:04.545 [main] DEBUG org.hibernate.loader.plan.build.spi.LoadPlanTreePrinter - LoadPlan(entity=com.niit.model.ForumComment)
    - Returns
       - EntityReturnImpl(entity=com.niit.model.ForumComment, querySpaceUid=&lt;gen:0&gt;, path=com.niit.model.ForumComment)
    - QuerySpaces
       - EntityQuerySpaceImpl(uid=&lt;gen:0&gt;, entity=com.niit.model.ForumComment)
          - SQL table alias mapping - forumcomme0_
          - alias suffix - 0_
          - suffixed key columns - {forumCom1_3_0_}

17:40:04.545 [main] DEBUG org.hibernate.loader.entity.plan.EntityLoader - Static select for entity com.niit.model.ForumComment [UPGRADE]: select forumcomme0_.forumCommentId as forumCom1_3_0_, forumcomme0_.commentDate as commentD2_3_0_, forumcomme0_.forumComment as forumCom3_3_0_, forumcomme0_.forumId as forumId4_3_0_, forumcomme0_.userId as userId5_3_0_, forumcomme0_.username as username6_3_0_ from CForumComment forumcomme0_ where forumcomme0_.forumCommentId=? for update
17:40:04.546 [main] DEBUG org.hibernate.loader.plan.build.internal.spaces.QuerySpacesImpl - Adding QuerySpace : uid = &lt;gen:0&gt; -&gt; org.hibernate.loader.plan.build.internal.spaces.EntityQuerySpaceImpl@75b6dd5b]
17:40:04.546 [main] DEBUG org.hibernate.persister.walking.spi.MetamodelGraphWalker - Visiting attribute path : commentDate
17:40:04.546 [main] DEBUG org.hibernate.persister.walking.spi.MetamodelGraphWalker - Visiting attribute path : forumComment
17:40:04.546 [main] DEBUG org.hibernate.persister.walking.spi.MetamodelGraphWalker - Visiting attribute path : forumId
17:40:04.546 [main] DEBUG org.hibernate.persister.walking.spi.MetamodelGraphWalker - Visiting attribute path : userId
17:40:04.546 [main] DEBUG org.hibernate.persister.walking.spi.MetamodelGraphWalker - Visiting attribute path : username
17:40:04.546 [main] DEBUG org.hibernate.loader.plan.build.internal.FetchStyleLoadPlanBuildingAssociationVisitationStrategy - Building LoadPlan...
17:40:04.546 [main] DEBUG org.hibernate.loader.plan.exec.internal.LoadQueryJoinAndFetchProcessor - processing queryspace &lt;gen:0&gt;
17:40:04.548 [main] DEBUG org.hibernate.loader.plan.build.spi.LoadPlanTreePrinter - LoadPlan(entity=com.niit.model.ForumComment)
    - Returns
       - EntityReturnImpl(entity=com.niit.model.ForumComment, querySpaceUid=&lt;gen:0&gt;, path=com.niit.model.ForumComment)
    - QuerySpaces
       - EntityQuerySpaceImpl(uid=&lt;gen:0&gt;, entity=com.niit.model.ForumComment)
          - SQL table alias mapping - forumcomme0_
          - alias suffix - 0_
          - suffixed key columns - {forumCom1_3_0_}

17:40:04.548 [main] DEBUG org.hibernate.loader.entity.plan.EntityLoader - Static select for entity com.niit.model.ForumComment [UPGRADE_NOWAIT]: select forumcomme0_.forumCommentId as forumCom1_3_0_, forumcomme0_.commentDate as commentD2_3_0_, forumcomme0_.forumComment as forumCom3_3_0_, forumcomme0_.forumId as forumId4_3_0_, forumcomme0_.userId as userId5_3_0_, forumcomme0_.username as username6_3_0_ from CForumComment forumcomme0_ where forumcomme0_.forumCommentId=? for update
17:40:04.550 [main] DEBUG org.hibernate.loader.plan.build.internal.spaces.QuerySpacesImpl - Adding QuerySpace : uid = &lt;gen:0&gt; -&gt; org.hibernate.loader.plan.build.internal.spaces.EntityQuerySpaceImpl@72b43104]
17:40:04.550 [main] DEBUG org.hibernate.persister.walking.spi.MetamodelGraphWalker - Visiting attribute path : commentDate
17:40:04.550 [main] DEBUG org.hibernate.persister.walking.spi.MetamodelGraphWalker - Visiting attribute path : forumComment
17:40:04.551 [main] DEBUG org.hibernate.persister.walking.spi.MetamodelGraphWalker - Visiting attribute path : forumId
17:40:04.551 [main] DEBUG org.hibernate.persister.walking.spi.MetamodelGraphWalker - Visiting attribute path : userId
17:40:04.551 [main] DEBUG org.hibernate.persister.walking.spi.MetamodelGraphWalker - Visiting attribute path : username
17:40:04.551 [main] DEBUG org.hibernate.loader.plan.build.internal.FetchStyleLoadPlanBuildingAssociationVisitationStrategy - Building LoadPlan...
17:40:04.551 [main] DEBUG org.hibernate.loader.plan.exec.internal.LoadQueryJoinAndFetchProcessor - processing queryspace &lt;gen:0&gt;
17:40:04.552 [main] DEBUG org.hibernate.loader.plan.build.spi.LoadPlanTreePrinter - LoadPlan(entity=com.niit.model.ForumComment)
    - Returns
       - EntityReturnImpl(entity=com.niit.model.ForumComment, querySpaceUid=&lt;gen:0&gt;, path=com.niit.model.ForumComment)
    - QuerySpaces
       - EntityQuerySpaceImpl(uid=&lt;gen:0&gt;, entity=com.niit.model.ForumComment)
          - SQL table alias mapping - forumcomme0_
          - alias suffix - 0_
          - suffixed key columns - {forumCom1_3_0_}

17:40:04.552 [main] DEBUG org.hibernate.loader.entity.plan.EntityLoader - Static select for entity com.niit.model.ForumComment [UPGRADE_SKIPLOCKED]: select forumcomme0_.forumCommentId as forumCom1_3_0_, forumcomme0_.commentDate as commentD2_3_0_, forumcomme0_.forumComment as forumCom3_3_0_, forumcomme0_.forumId as forumId4_3_0_, forumcomme0_.userId as userId5_3_0_, forumcomme0_.username as username6_3_0_ from CForumComment forumcomme0_ where forumcomme0_.forumCommentId=? for update
17:40:04.558 [main] DEBUG org.hibernate.loader.plan.build.internal.spaces.QuerySpacesImpl - Adding QuerySpace : uid = &lt;gen:0&gt; -&gt; org.hibernate.loader.plan.build.internal.spaces.EntityQuerySpaceImpl@4d0e54e0]
17:40:04.559 [main] DEBUG org.hibernate.persister.walking.spi.MetamodelGraphWalker - Visiting attribute path : commentDate
17:40:04.568 [main] DEBUG org.hibernate.persister.walking.spi.MetamodelGraphWalker - Visiting attribute path : forumComment
17:40:04.568 [main] DEBUG org.hibernate.persister.walking.spi.MetamodelGraphWalker - Visiting attribute path : forumId
17:40:04.568 [main] DEBUG org.hibernate.persister.walking.spi.MetamodelGraphWalker - Visiting attribute path : userId
17:40:04.568 [main] DEBUG org.hibernate.persister.walking.spi.MetamodelGraphWalker - Visiting attribute path : username
17:40:04.568 [main] DEBUG org.hibernate.loader.plan.build.internal.FetchStyleLoadPlanBuildingAssociationVisitationStrategy - Building LoadPlan...
17:40:04.569 [main] DEBUG org.hibernate.loader.plan.exec.internal.LoadQueryJoinAndFetchProcessor - processing queryspace &lt;gen:0&gt;
17:40:04.576 [main] DEBUG org.hibernate.loader.plan.build.spi.LoadPlanTreePrinter - LoadPlan(entity=com.niit.model.ForumComment)
    - Returns
       - EntityReturnImpl(entity=com.niit.model.ForumComment, querySpaceUid=&lt;gen:0&gt;, path=com.niit.model.ForumComment)
    - QuerySpaces
       - EntityQuerySpaceImpl(uid=&lt;gen:0&gt;, entity=com.niit.model.ForumComment)
          - SQL table alias mapping - forumcomme0_
          - alias suffix - 0_
          - suffixed key columns - {forumCom1_3_0_}

17:40:04.577 [main] DEBUG org.hibernate.loader.entity.plan.EntityLoader - Static select for entity com.niit.model.ForumComment [FORCE]: select forumcomme0_.forumCommentId as forumCom1_3_0_, forumcomme0_.commentDate as commentD2_3_0_, forumcomme0_.forumComment as forumCom3_3_0_, forumcomme0_.forumId as forumId4_3_0_, forumcomme0_.userId as userId5_3_0_, forumcomme0_.username as username6_3_0_ from CForumComment forumcomme0_ where forumcomme0_.forumCommentId=? for update
17:40:04.577 [main] DEBUG org.hibernate.loader.plan.build.internal.spaces.QuerySpacesImpl - Adding QuerySpace : uid = &lt;gen:0&gt; -&gt; org.hibernate.loader.plan.build.internal.spaces.EntityQuerySpaceImpl@611640f0]
17:40:04.577 [main] DEBUG org.hibernate.persister.walking.spi.MetamodelGraphWalker - Visiting attribute path : commentDate
17:40:04.577 [main] DEBUG org.hibernate.persister.walking.spi.MetamodelGraphWalker - Visiting attribute path : forumComment
17:40:04.577 [main] DEBUG org.hibernate.persister.walking.spi.MetamodelGraphWalker - Visiting attribute path : forumId
17:40:04.577 [main] DEBUG org.hibernate.persister.walking.spi.MetamodelGraphWalker - Visiting attribute path : userId
17:40:04.577 [main] DEBUG org.hibernate.persister.walking.spi.MetamodelGraphWalker - Visiting attribute path : username
17:40:04.578 [main] DEBUG org.hibernate.loader.plan.build.internal.FetchStyleLoadPlanBuildingAssociationVisitationStrategy - Building LoadPlan...
17:40:04.578 [main] DEBUG org.hibernate.loader.plan.exec.internal.LoadQueryJoinAndFetchProcessor - processing queryspace &lt;gen:0&gt;
17:40:04.578 [main] DEBUG org.hibernate.loader.plan.build.spi.LoadPlanTreePrinter - LoadPlan(entity=com.niit.model.ForumComment)
    - Returns
       - EntityReturnImpl(entity=com.niit.model.ForumComment, querySpaceUid=&lt;gen:0&gt;, path=com.niit.model.ForumComment)
    - QuerySpaces
       - EntityQuerySpaceImpl(uid=&lt;gen:0&gt;, entity=com.niit.model.ForumComment)
          - SQL table alias mapping - forumcomme0_
          - alias suffix - 0_
          - suffixed key columns - {forumCom1_3_0_}

17:40:04.579 [main] DEBUG org.hibernate.loader.entity.plan.EntityLoader - Static select for entity com.niit.model.ForumComment [PESSIMISTIC_READ]: select forumcomme0_.forumCommentId as forumCom1_3_0_, forumcomme0_.commentDate as commentD2_3_0_, forumcomme0_.forumComment as forumCom3_3_0_, forumcomme0_.forumId as forumId4_3_0_, forumcomme0_.userId as userId5_3_0_, forumcomme0_.username as username6_3_0_ from CForumComment forumcomme0_ where forumcomme0_.forumCommentId=? for update
17:40:04.579 [main] DEBUG org.hibernate.loader.plan.build.internal.spaces.QuerySpacesImpl - Adding QuerySpace : uid = &lt;gen:0&gt; -&gt; org.hibernate.loader.plan.build.internal.spaces.EntityQuerySpaceImpl@58f4b31a]
17:40:04.579 [main] DEBUG org.hibernate.persister.walking.spi.MetamodelGraphWalker - Visiting attribute path : commentDate
17:40:04.579 [main] DEBUG org.hibernate.persister.walking.spi.MetamodelGraphWalker - Visiting attribute path : forumComment
17:40:04.579 [main] DEBUG org.hibernate.persister.walking.spi.MetamodelGraphWalker - Visiting attribute path : forumId
17:40:04.579 [main] DEBUG org.hibernate.persister.walking.spi.MetamodelGraphWalker - Visiting attribute path : userId
17:40:04.579 [main] DEBUG org.hibernate.persister.walking.spi.MetamodelGraphWalker - Visiting attribute path : username
17:40:04.579 [main] DEBUG org.hibernate.loader.plan.build.internal.FetchStyleLoadPlanBuildingAssociationVisitationStrategy - Building LoadPlan...
17:40:04.580 [main] DEBUG org.hibernate.loader.plan.exec.internal.LoadQueryJoinAndFetchProcessor - processing queryspace &lt;gen:0&gt;
17:40:04.580 [main] DEBUG org.hibernate.loader.plan.build.spi.LoadPlanTreePrinter - LoadPlan(entity=com.niit.model.ForumComment)
    - Returns
       - EntityReturnImpl(entity=com.niit.model.ForumComment, querySpaceUid=&lt;gen:0&gt;, path=com.niit.model.ForumComment)
    - QuerySpaces
       - EntityQuerySpaceImpl(uid=&lt;gen:0&gt;, entity=com.niit.model.ForumComment)
          - SQL table alias mapping - forumcomme0_
          - alias suffix - 0_
          - suffixed key columns - {forumCom1_3_0_}

17:40:04.580 [main] DEBUG org.hibernate.loader.entity.plan.EntityLoader - Static select for entity com.niit.model.ForumComment [PESSIMISTIC_WRITE]: select forumcomme0_.forumCommentId as forumCom1_3_0_, forumcomme0_.commentDate as commentD2_3_0_, forumcomme0_.forumComment as forumCom3_3_0_, forumcomme0_.forumId as forumId4_3_0_, forumcomme0_.userId as userId5_3_0_, forumcomme0_.username as username6_3_0_ from CForumComment forumcomme0_ where forumcomme0_.forumCommentId=? for update
17:40:04.580 [main] DEBUG org.hibernate.loader.plan.build.internal.spaces.QuerySpacesImpl - Adding QuerySpace : uid = &lt;gen:0&gt; -&gt; org.hibernate.loader.plan.build.internal.spaces.EntityQuerySpaceImpl@72eb6200]
17:40:04.580 [main] DEBUG org.hibernate.persister.walking.spi.MetamodelGraphWalker - Visiting attribute path : commentDate
17:40:04.580 [main] DEBUG org.hibernate.persister.walking.spi.MetamodelGraphWalker - Visiting attribute path : forumComment
17:40:04.580 [main] DEBUG org.hibernate.persister.walking.spi.MetamodelGraphWalker - Visiting attribute path : forumId
17:40:04.581 [main] DEBUG org.hibernate.persister.walking.spi.MetamodelGraphWalker - Visiting attribute path : userId
17:40:04.581 [main] DEBUG org.hibernate.persister.walking.spi.MetamodelGraphWalker - Visiting attribute path : username
17:40:04.581 [main] DEBUG org.hibernate.loader.plan.build.internal.FetchStyleLoadPlanBuildingAssociationVisitationStrategy - Building LoadPlan...
17:40:04.581 [main] DEBUG org.hibernate.loader.plan.exec.internal.LoadQueryJoinAndFetchProcessor - processing queryspace &lt;gen:0&gt;
17:40:04.582 [main] DEBUG org.hibernate.loader.plan.build.spi.LoadPlanTreePrinter - LoadPlan(entity=com.niit.model.ForumComment)
    - Returns
       - EntityReturnImpl(entity=com.niit.model.ForumComment, querySpaceUid=&lt;gen:0&gt;, path=com.niit.model.ForumComment)
    - QuerySpaces
       - EntityQuerySpaceImpl(uid=&lt;gen:0&gt;, entity=com.niit.model.ForumComment)
          - SQL table alias mapping - forumcomme0_
          - alias suffix - 0_
          - suffixed key columns - {forumCom1_3_0_}

17:40:04.582 [main] DEBUG org.hibernate.loader.entity.plan.EntityLoader - Static select for entity com.niit.model.ForumComment [PESSIMISTIC_FORCE_INCREMENT]: select forumcomme0_.forumCommentId as forumCom1_3_0_, forumcomme0_.commentDate as commentD2_3_0_, forumcomme0_.forumComment as forumCom3_3_0_, forumcomme0_.forumId as forumId4_3_0_, forumcomme0_.userId as userId5_3_0_, forumcomme0_.username as username6_3_0_ from CForumComment forumcomme0_ where forumcomme0_.forumCommentId=? for update
17:40:04.582 [main] DEBUG org.hibernate.loader.plan.build.internal.spaces.QuerySpacesImpl - Adding QuerySpace : uid = &lt;gen:0&gt; -&gt; org.hibernate.loader.plan.build.internal.spaces.EntityQuerySpaceImpl@7affc159]
17:40:04.582 [main] DEBUG org.hibernate.persister.walking.spi.MetamodelGraphWalker - Visiting attribute path : commentDate
17:40:04.582 [main] DEBUG org.hibernate.persister.walking.spi.MetamodelGraphWalker - Visiting attribute path : forumComment
17:40:04.582 [main] DEBUG org.hibernate.persister.walking.spi.MetamodelGraphWalker - Visiting attribute path : forumId
17:40:04.582 [main] DEBUG org.hibernate.persister.walking.spi.MetamodelGraphWalker - Visiting attribute path : userId
17:40:04.582 [main] DEBUG org.hibernate.persister.walking.spi.MetamodelGraphWalker - Visiting attribute path : username
17:40:04.582 [main] DEBUG org.hibernate.loader.plan.build.internal.FetchStyleLoadPlanBuildingAssociationVisitationStrategy - Building LoadPlan...
17:40:04.582 [main] DEBUG org.hibernate.loader.plan.exec.internal.LoadQueryJoinAndFetchProcessor - processing queryspace &lt;gen:0&gt;
17:40:04.582 [main] DEBUG org.hibernate.loader.plan.build.spi.LoadPlanTreePrinter - LoadPlan(entity=com.niit.model.ForumComment)
    - Returns
       - EntityReturnImpl(entity=com.niit.model.ForumComment, querySpaceUid=&lt;gen:0&gt;, path=com.niit.model.ForumComment)
    - QuerySpaces
       - EntityQuerySpaceImpl(uid=&lt;gen:0&gt;, entity=com.niit.model.ForumComment)
          - SQL table alias mapping - forumcomme0_
          - alias suffix - 0_
          - suffixed key columns - {forumCom1_3_0_}

17:40:04.582 [main] DEBUG org.hibernate.loader.entity.plan.EntityLoader - Static select for entity com.niit.model.ForumComment [OPTIMISTIC]: select forumcomme0_.forumCommentId as forumCom1_3_0_, forumcomme0_.commentDate as commentD2_3_0_, forumcomme0_.forumComment as forumCom3_3_0_, forumcomme0_.forumId as forumId4_3_0_, forumcomme0_.userId as userId5_3_0_, forumcomme0_.username as username6_3_0_ from CForumComment forumcomme0_ where forumcomme0_.forumCommentId=?
17:40:04.583 [main] DEBUG org.hibernate.loader.plan.build.internal.spaces.QuerySpacesImpl - Adding QuerySpace : uid = &lt;gen:0&gt; -&gt; org.hibernate.loader.plan.build.internal.spaces.EntityQuerySpaceImpl@3fd05b3e]
17:40:04.583 [main] DEBUG org.hibernate.persister.walking.spi.MetamodelGraphWalker - Visiting attribute path : commentDate
17:40:04.583 [main] DEBUG org.hibernate.persister.walking.spi.MetamodelGraphWalker - Visiting attribute path : forumComment
17:40:04.583 [main] DEBUG org.hibernate.persister.walking.spi.MetamodelGraphWalker - Visiting attribute path : forumId
17:40:04.583 [main] DEBUG org.hibernate.persister.walking.spi.MetamodelGraphWalker - Visiting attribute path : userId
17:40:04.583 [main] DEBUG org.hibernate.persister.walking.spi.MetamodelGraphWalker - Visiting attribute path : username
17:40:04.583 [main] DEBUG org.hibernate.loader.plan.build.internal.FetchStyleLoadPlanBuildingAssociationVisitationStrategy - Building LoadPlan...
17:40:04.583 [main] DEBUG org.hibernate.loader.plan.exec.internal.LoadQueryJoinAndFetchProcessor - processing queryspace &lt;gen:0&gt;
17:40:04.583 [main] DEBUG org.hibernate.loader.plan.build.spi.LoadPlanTreePrinter - LoadPlan(entity=com.niit.model.ForumComment)
    - Returns
       - EntityReturnImpl(entity=com.niit.model.ForumComment, querySpaceUid=&lt;gen:0&gt;, path=com.niit.model.ForumComment)
    - QuerySpaces
       - EntityQuerySpaceImpl(uid=&lt;gen:0&gt;, entity=com.niit.model.ForumComment)
          - SQL table alias mapping - forumcomme0_
          - alias suffix - 0_
          - suffixed key columns - {forumCom1_3_0_}

17:40:04.584 [main] DEBUG org.hibernate.loader.entity.plan.EntityLoader - Static select for entity com.niit.model.ForumComment [OPTIMISTIC_FORCE_INCREMENT]: select forumcomme0_.forumCommentId as forumCom1_3_0_, forumcomme0_.commentDate as commentD2_3_0_, forumcomme0_.forumComment as forumCom3_3_0_, forumcomme0_.forumId as forumId4_3_0_, forumcomme0_.userId as userId5_3_0_, forumcomme0_.username as username6_3_0_ from CForumComment forumcomme0_ where forumcomme0_.forumCommentId=?
17:40:04.584 [main] DEBUG org.hibernate.loader.Loader - Static select for action ACTION_MERGE on entity com.niit.model.ForumComment: select forumcomme0_.forumCommentId as forumCom1_3_0_, forumcomme0_.commentDate as commentD2_3_0_, forumcomme0_.forumComment as forumCom3_3_0_, forumcomme0_.forumId as forumId4_3_0_, forumcomme0_.userId as userId5_3_0_, forumcomme0_.username as username6_3_0_ from CForumComment forumcomme0_ where forumcomme0_.forumCommentId=?
17:40:04.584 [main] DEBUG org.hibernate.loader.Loader - Static select for action ACTION_REFRESH on entity com.niit.model.ForumComment: select forumcomme0_.forumCommentId as forumCom1_3_0_, forumcomme0_.commentDate as commentD2_3_0_, forumcomme0_.forumComment as forumCom3_3_0_, forumcomme0_.forumId as forumId4_3_0_, forumcomme0_.userId as userId5_3_0_, forumcomme0_.username as username6_3_0_ from CForumComment forumcomme0_ where forumcomme0_.forumCommentId=?
17:40:04.584 [main] DEBUG org.hibernate.persister.entity.AbstractEntityPersister - Static SQL for entity: com.niit.model.Job
17:40:04.584 [main] DEBUG org.hibernate.persister.entity.AbstractEntityPersister -  Version select: select jobId from CJob where jobId =?
17:40:04.584 [main] DEBUG org.hibernate.persister.entity.AbstractEntityPersister -  Snapshot select: select job_.jobId, job_.createDate as createDa2_5_, job_.jobDescription as jobDescr3_5_, job_.jobQualification as jobQuali4_5_, job_.jobStatus as jobStatu5_5_, job_.jobTitle as jobTitle6_5_ from CJob job_ where job_.jobId=?
17:40:04.584 [main] DEBUG org.hibernate.persister.entity.AbstractEntityPersister -  Insert 0: insert into CJob (createDate, jobDescription, jobQualification, jobStatus, jobTitle, jobId) values (?, ?, ?, ?, ?, ?)
17:40:04.584 [main] DEBUG org.hibernate.persister.entity.AbstractEntityPersister -  Update 0: update CJob set createDate=?, jobDescription=?, jobQualification=?, jobStatus=?, jobTitle=? where jobId=?
17:40:04.584 [main] DEBUG org.hibernate.persister.entity.AbstractEntityPersister -  Delete 0: delete from CJob where jobId=?
17:40:04.584 [main] DEBUG org.hibernate.loader.plan.build.internal.spaces.QuerySpacesImpl - Adding QuerySpace : uid = &lt;gen:0&gt; -&gt; org.hibernate.loader.plan.build.internal.spaces.EntityQuerySpaceImpl@4a481728]
17:40:04.585 [main] DEBUG org.hibernate.persister.walking.spi.MetamodelGraphWalker - Visiting attribute path : createDate
17:40:04.585 [main] DEBUG org.hibernate.persister.walking.spi.MetamodelGraphWalker - Visiting attribute path : jobDescription
17:40:04.585 [main] DEBUG org.hibernate.persister.walking.spi.MetamodelGraphWalker - Visiting attribute path : jobQualification
17:40:04.585 [main] DEBUG org.hibernate.persister.walking.spi.MetamodelGraphWalker - Visiting attribute path : jobStatus
17:40:04.585 [main] DEBUG org.hibernate.persister.walking.spi.MetamodelGraphWalker - Visiting attribute path : jobTitle
17:40:04.585 [main] DEBUG org.hibernate.loader.plan.build.internal.FetchStyleLoadPlanBuildingAssociationVisitationStrategy - Building LoadPlan...
17:40:04.585 [main] DEBUG org.hibernate.loader.plan.exec.internal.LoadQueryJoinAndFetchProcessor - processing queryspace &lt;gen:0&gt;
17:40:04.585 [main] DEBUG org.hibernate.loader.plan.build.spi.LoadPlanTreePrinter - LoadPlan(entity=com.niit.model.Job)
    - Returns
       - EntityReturnImpl(entity=com.niit.model.Job, querySpaceUid=&lt;gen:0&gt;, path=com.niit.model.Job)
    - QuerySpaces
       - EntityQuerySpaceImpl(uid=&lt;gen:0&gt;, entity=com.niit.model.Job)
          - SQL table alias mapping - job0_
          - alias suffix - 0_
          - suffixed key columns - {jobId1_5_0_}

17:40:04.585 [main] DEBUG org.hibernate.loader.entity.plan.EntityLoader - Static select for entity com.niit.model.Job [NONE]: select job0_.jobId as jobId1_5_0_, job0_.createDate as createDa2_5_0_, job0_.jobDescription as jobDescr3_5_0_, job0_.jobQualification as jobQuali4_5_0_, job0_.jobStatus as jobStatu5_5_0_, job0_.jobTitle as jobTitle6_5_0_ from CJob job0_ where job0_.jobId=?
17:40:04.585 [main] DEBUG org.hibernate.loader.plan.build.internal.spaces.QuerySpacesImpl - Adding QuerySpace : uid = &lt;gen:0&gt; -&gt; org.hibernate.loader.plan.build.internal.spaces.EntityQuerySpaceImpl@77fa9381]
17:40:04.585 [main] DEBUG org.hibernate.persister.walking.spi.MetamodelGraphWalker - Visiting attribute path : createDate
17:40:04.586 [main] DEBUG org.hibernate.persister.walking.spi.MetamodelGraphWalker - Visiting attribute path : jobDescription
17:40:04.586 [main] DEBUG org.hibernate.persister.walking.spi.MetamodelGraphWalker - Visiting attribute path : jobQualification
17:40:04.586 [main] DEBUG org.hibernate.persister.walking.spi.MetamodelGraphWalker - Visiting attribute path : jobStatus
17:40:04.586 [main] DEBUG org.hibernate.persister.walking.spi.MetamodelGraphWalker - Visiting attribute path : jobTitle
17:40:04.586 [main] DEBUG org.hibernate.loader.plan.build.internal.FetchStyleLoadPlanBuildingAssociationVisitationStrategy - Building LoadPlan...
17:40:04.586 [main] DEBUG org.hibernate.loader.plan.exec.internal.LoadQueryJoinAndFetchProcessor - processing queryspace &lt;gen:0&gt;
17:40:04.586 [main] DEBUG org.hibernate.loader.plan.build.spi.LoadPlanTreePrinter - LoadPlan(entity=com.niit.model.Job)
    - Returns
       - EntityReturnImpl(entity=com.niit.model.Job, querySpaceUid=&lt;gen:0&gt;, path=com.niit.model.Job)
    - QuerySpaces
       - EntityQuerySpaceImpl(uid=&lt;gen:0&gt;, entity=com.niit.model.Job)
          - SQL table alias mapping - job0_
          - alias suffix - 0_
          - suffixed key columns - {jobId1_5_0_}

17:40:04.586 [main] DEBUG org.hibernate.loader.entity.plan.EntityLoader - Static select for entity com.niit.model.Job [READ]: select job0_.jobId as jobId1_5_0_, job0_.createDate as createDa2_5_0_, job0_.jobDescription as jobDescr3_5_0_, job0_.jobQualification as jobQuali4_5_0_, job0_.jobStatus as jobStatu5_5_0_, job0_.jobTitle as jobTitle6_5_0_ from CJob job0_ where job0_.jobId=?
17:40:04.587 [main] DEBUG org.hibernate.loader.plan.build.internal.spaces.QuerySpacesImpl - Adding QuerySpace : uid = &lt;gen:0&gt; -&gt; org.hibernate.loader.plan.build.internal.spaces.EntityQuerySpaceImpl@7cac93fe]
17:40:04.587 [main] DEBUG org.hibernate.persister.walking.spi.MetamodelGraphWalker - Visiting attribute path : createDate
17:40:04.587 [main] DEBUG org.hibernate.persister.walking.spi.MetamodelGraphWalker - Visiting attribute path : jobDescription
17:40:04.587 [main] DEBUG org.hibernate.persister.walking.spi.MetamodelGraphWalker - Visiting attribute path : jobQualification
17:40:04.587 [main] DEBUG org.hibernate.persister.walking.spi.MetamodelGraphWalker - Visiting attribute path : jobStatus
17:40:04.587 [main] DEBUG org.hibernate.persister.walking.spi.MetamodelGraphWalker - Visiting attribute path : jobTitle
17:40:04.587 [main] DEBUG org.hibernate.loader.plan.build.internal.FetchStyleLoadPlanBuildingAssociationVisitationStrategy - Building LoadPlan...
17:40:04.588 [main] DEBUG org.hibernate.loader.plan.exec.internal.LoadQueryJoinAndFetchProcessor - processing queryspace &lt;gen:0&gt;
17:40:04.588 [main] DEBUG org.hibernate.loader.plan.build.spi.LoadPlanTreePrinter - LoadPlan(entity=com.niit.model.Job)
    - Returns
       - EntityReturnImpl(entity=com.niit.model.Job, querySpaceUid=&lt;gen:0&gt;, path=com.niit.model.Job)
    - QuerySpaces
       - EntityQuerySpaceImpl(uid=&lt;gen:0&gt;, entity=com.niit.model.Job)
          - SQL table alias mapping - job0_
          - alias suffix - 0_
          - suffixed key columns - {jobId1_5_0_}

17:40:04.588 [main] DEBUG org.hibernate.loader.entity.plan.EntityLoader - Static select for entity com.niit.model.Job [UPGRADE]: select job0_.jobId as jobId1_5_0_, job0_.createDate as createDa2_5_0_, job0_.jobDescription as jobDescr3_5_0_, job0_.jobQualification as jobQuali4_5_0_, job0_.jobStatus as jobStatu5_5_0_, job0_.jobTitle as jobTitle6_5_0_ from CJob job0_ where job0_.jobId=? for update
17:40:04.588 [main] DEBUG org.hibernate.loader.plan.build.internal.spaces.QuerySpacesImpl - Adding QuerySpace : uid = &lt;gen:0&gt; -&gt; org.hibernate.loader.plan.build.internal.spaces.EntityQuerySpaceImpl@64deb58f]
17:40:04.588 [main] DEBUG org.hibernate.persister.walking.spi.MetamodelGraphWalker - Visiting attribute path : createDate
17:40:04.588 [main] DEBUG org.hibernate.persister.walking.spi.MetamodelGraphWalker - Visiting attribute path : jobDescription
17:40:04.588 [main] DEBUG org.hibernate.persister.walking.spi.MetamodelGraphWalker - Visiting attribute path : jobQualification
17:40:04.588 [main] DEBUG org.hibernate.persister.walking.spi.MetamodelGraphWalker - Visiting attribute path : jobStatus
17:40:04.588 [main] DEBUG org.hibernate.persister.walking.spi.MetamodelGraphWalker - Visiting attribute path : jobTitle
17:40:04.588 [main] DEBUG org.hibernate.loader.plan.build.internal.FetchStyleLoadPlanBuildingAssociationVisitationStrategy - Building LoadPlan...
17:40:04.588 [main] DEBUG org.hibernate.loader.plan.exec.internal.LoadQueryJoinAndFetchProcessor - processing queryspace &lt;gen:0&gt;
17:40:04.588 [main] DEBUG org.hibernate.loader.plan.build.spi.LoadPlanTreePrinter - LoadPlan(entity=com.niit.model.Job)
    - Returns
       - EntityReturnImpl(entity=com.niit.model.Job, querySpaceUid=&lt;gen:0&gt;, path=com.niit.model.Job)
    - QuerySpaces
       - EntityQuerySpaceImpl(uid=&lt;gen:0&gt;, entity=com.niit.model.Job)
          - SQL table alias mapping - job0_
          - alias suffix - 0_
          - suffixed key columns - {jobId1_5_0_}

17:40:04.588 [main] DEBUG org.hibernate.loader.entity.plan.EntityLoader - Static select for entity com.niit.model.Job [UPGRADE_NOWAIT]: select job0_.jobId as jobId1_5_0_, job0_.createDate as createDa2_5_0_, job0_.jobDescription as jobDescr3_5_0_, job0_.jobQualification as jobQuali4_5_0_, job0_.jobStatus as jobStatu5_5_0_, job0_.jobTitle as jobTitle6_5_0_ from CJob job0_ where job0_.jobId=? for update
17:40:04.588 [main] DEBUG org.hibernate.loader.plan.build.internal.spaces.QuerySpacesImpl - Adding QuerySpace : uid = &lt;gen:0&gt; -&gt; org.hibernate.loader.plan.build.internal.spaces.EntityQuerySpaceImpl@33379242]
17:40:04.588 [main] DEBUG org.hibernate.persister.walking.spi.MetamodelGraphWalker - Visiting attribute path : createDate
17:40:04.588 [main] DEBUG org.hibernate.persister.walking.spi.MetamodelGraphWalker - Visiting attribute path : jobDescription
17:40:04.588 [main] DEBUG org.hibernate.persister.walking.spi.MetamodelGraphWalker - Visiting attribute path : jobQualification
17:40:04.588 [main] DEBUG org.hibernate.persister.walking.spi.MetamodelGraphWalker - Visiting attribute path : jobStatus
17:40:04.588 [main] DEBUG org.hibernate.persister.walking.spi.MetamodelGraphWalker - Visiting attribute path : jobTitle
17:40:04.588 [main] DEBUG org.hibernate.loader.plan.build.internal.FetchStyleLoadPlanBuildingAssociationVisitationStrategy - Building LoadPlan...
17:40:04.589 [main] DEBUG org.hibernate.loader.plan.exec.internal.LoadQueryJoinAndFetchProcessor - processing queryspace &lt;gen:0&gt;
17:40:04.589 [main] DEBUG org.hibernate.loader.plan.build.spi.LoadPlanTreePrinter - LoadPlan(entity=com.niit.model.Job)
    - Returns
       - EntityReturnImpl(entity=com.niit.model.Job, querySpaceUid=&lt;gen:0&gt;, path=com.niit.model.Job)
    - QuerySpaces
       - EntityQuerySpaceImpl(uid=&lt;gen:0&gt;, entity=com.niit.model.Job)
          - SQL table alias mapping - job0_
          - alias suffix - 0_
          - suffixed key columns - {jobId1_5_0_}

17:40:04.589 [main] DEBUG org.hibernate.loader.entity.plan.EntityLoader - Static select for entity com.niit.model.Job [UPGRADE_SKIPLOCKED]: select job0_.jobId as jobId1_5_0_, job0_.createDate as createDa2_5_0_, job0_.jobDescription as jobDescr3_5_0_, job0_.jobQualification as jobQuali4_5_0_, job0_.jobStatus as jobStatu5_5_0_, job0_.jobTitle as jobTitle6_5_0_ from CJob job0_ where job0_.jobId=? for update
17:40:04.589 [main] DEBUG org.hibernate.loader.plan.build.internal.spaces.QuerySpacesImpl - Adding QuerySpace : uid = &lt;gen:0&gt; -&gt; org.hibernate.loader.plan.build.internal.spaces.EntityQuerySpaceImpl@3f5156a6]
17:40:04.589 [main] DEBUG org.hibernate.persister.walking.spi.MetamodelGraphWalker - Visiting attribute path : createDate
17:40:04.589 [main] DEBUG org.hibernate.persister.walking.spi.MetamodelGraphWalker - Visiting attribute path : jobDescription
17:40:04.589 [main] DEBUG org.hibernate.persister.walking.spi.MetamodelGraphWalker - Visiting attribute path : jobQualification
17:40:04.589 [main] DEBUG org.hibernate.persister.walking.spi.MetamodelGraphWalker - Visiting attribute path : jobStatus
17:40:04.589 [main] DEBUG org.hibernate.persister.walking.spi.MetamodelGraphWalker - Visiting attribute path : jobTitle
17:40:04.589 [main] DEBUG org.hibernate.loader.plan.build.internal.FetchStyleLoadPlanBuildingAssociationVisitationStrategy - Building LoadPlan...
17:40:04.589 [main] DEBUG org.hibernate.loader.plan.exec.internal.LoadQueryJoinAndFetchProcessor - processing queryspace &lt;gen:0&gt;
17:40:04.589 [main] DEBUG org.hibernate.loader.plan.build.spi.LoadPlanTreePrinter - LoadPlan(entity=com.niit.model.Job)
    - Returns
       - EntityReturnImpl(entity=com.niit.model.Job, querySpaceUid=&lt;gen:0&gt;, path=com.niit.model.Job)
    - QuerySpaces
       - EntityQuerySpaceImpl(uid=&lt;gen:0&gt;, entity=com.niit.model.Job)
          - SQL table alias mapping - job0_
          - alias suffix - 0_
          - suffixed key columns - {jobId1_5_0_}

17:40:04.589 [main] DEBUG org.hibernate.loader.entity.plan.EntityLoader - Static select for entity com.niit.model.Job [FORCE]: select job0_.jobId as jobId1_5_0_, job0_.createDate as createDa2_5_0_, job0_.jobDescription as jobDescr3_5_0_, job0_.jobQualification as jobQuali4_5_0_, job0_.jobStatus as jobStatu5_5_0_, job0_.jobTitle as jobTitle6_5_0_ from CJob job0_ where job0_.jobId=? for update
17:40:04.589 [main] DEBUG org.hibernate.loader.plan.build.internal.spaces.QuerySpacesImpl - Adding QuerySpace : uid = &lt;gen:0&gt; -&gt; org.hibernate.loader.plan.build.internal.spaces.EntityQuerySpaceImpl@7d17ee50]
17:40:04.590 [main] DEBUG org.hibernate.persister.walking.spi.MetamodelGraphWalker - Visiting attribute path : createDate
17:40:04.590 [main] DEBUG org.hibernate.persister.walking.spi.MetamodelGraphWalker - Visiting attribute path : jobDescription
17:40:04.590 [main] DEBUG org.hibernate.persister.walking.spi.MetamodelGraphWalker - Visiting attribute path : jobQualification
17:40:04.590 [main] DEBUG org.hibernate.persister.walking.spi.MetamodelGraphWalker - Visiting attribute path : jobStatus
17:40:04.590 [main] DEBUG org.hibernate.persister.walking.spi.MetamodelGraphWalker - Visiting attribute path : jobTitle
17:40:04.590 [main] DEBUG org.hibernate.loader.plan.build.internal.FetchStyleLoadPlanBuildingAssociationVisitationStrategy - Building LoadPlan...
17:40:04.590 [main] DEBUG org.hibernate.loader.plan.exec.internal.LoadQueryJoinAndFetchProcessor - processing queryspace &lt;gen:0&gt;
17:40:04.590 [main] DEBUG org.hibernate.loader.plan.build.spi.LoadPlanTreePrinter - LoadPlan(entity=com.niit.model.Job)
    - Returns
       - EntityReturnImpl(entity=com.niit.model.Job, querySpaceUid=&lt;gen:0&gt;, path=com.niit.model.Job)
    - QuerySpaces
       - EntityQuerySpaceImpl(uid=&lt;gen:0&gt;, entity=com.niit.model.Job)
          - SQL table alias mapping - job0_
          - alias suffix - 0_
          - suffixed key columns - {jobId1_5_0_}

17:40:04.591 [main] DEBUG org.hibernate.loader.entity.plan.EntityLoader - Static select for entity com.niit.model.Job [PESSIMISTIC_READ]: select job0_.jobId as jobId1_5_0_, job0_.createDate as createDa2_5_0_, job0_.jobDescription as jobDescr3_5_0_, job0_.jobQualification as jobQuali4_5_0_, job0_.jobStatus as jobStatu5_5_0_, job0_.jobTitle as jobTitle6_5_0_ from CJob job0_ where job0_.jobId=? for update
17:40:04.591 [main] DEBUG org.hibernate.loader.plan.build.internal.spaces.QuerySpacesImpl - Adding QuerySpace : uid = &lt;gen:0&gt; -&gt; org.hibernate.loader.plan.build.internal.spaces.EntityQuerySpaceImpl@712c5463]
17:40:04.591 [main] DEBUG org.hibernate.persister.walking.spi.MetamodelGraphWalker - Visiting attribute path : createDate
17:40:04.591 [main] DEBUG org.hibernate.persister.walking.spi.MetamodelGraphWalker - Visiting attribute path : jobDescription
17:40:04.591 [main] DEBUG org.hibernate.persister.walking.spi.MetamodelGraphWalker - Visiting attribute path : jobQualification
17:40:04.591 [main] DEBUG org.hibernate.persister.walking.spi.MetamodelGraphWalker - Visiting attribute path : jobStatus
17:40:04.591 [main] DEBUG org.hibernate.persister.walking.spi.MetamodelGraphWalker - Visiting attribute path : jobTitle
17:40:04.591 [main] DEBUG org.hibernate.loader.plan.build.internal.FetchStyleLoadPlanBuildingAssociationVisitationStrategy - Building LoadPlan...
17:40:04.592 [main] DEBUG org.hibernate.loader.plan.exec.internal.LoadQueryJoinAndFetchProcessor - processing queryspace &lt;gen:0&gt;
17:40:04.592 [main] DEBUG org.hibernate.loader.plan.build.spi.LoadPlanTreePrinter - LoadPlan(entity=com.niit.model.Job)
    - Returns
       - EntityReturnImpl(entity=com.niit.model.Job, querySpaceUid=&lt;gen:0&gt;, path=com.niit.model.Job)
    - QuerySpaces
       - EntityQuerySpaceImpl(uid=&lt;gen:0&gt;, entity=com.niit.model.Job)
          - SQL table alias mapping - job0_
          - alias suffix - 0_
          - suffixed key columns - {jobId1_5_0_}

17:40:04.592 [main] DEBUG org.hibernate.loader.entity.plan.EntityLoader - Static select for entity com.niit.model.Job [PESSIMISTIC_WRITE]: select job0_.jobId as jobId1_5_0_, job0_.createDate as createDa2_5_0_, job0_.jobDescription as jobDescr3_5_0_, job0_.jobQualification as jobQuali4_5_0_, job0_.jobStatus as jobStatu5_5_0_, job0_.jobTitle as jobTitle6_5_0_ from CJob job0_ where job0_.jobId=? for update
17:40:04.592 [main] DEBUG org.hibernate.loader.plan.build.internal.spaces.QuerySpacesImpl - Adding QuerySpace : uid = &lt;gen:0&gt; -&gt; org.hibernate.loader.plan.build.internal.spaces.EntityQuerySpaceImpl@2f14b0f6]
17:40:04.592 [main] DEBUG org.hibernate.persister.walking.spi.MetamodelGraphWalker - Visiting attribute path : createDate
17:40:04.593 [main] DEBUG org.hibernate.persister.walking.spi.MetamodelGraphWalker - Visiting attribute path : jobDescription
17:40:04.593 [main] DEBUG org.hibernate.persister.walking.spi.MetamodelGraphWalker - Visiting attribute path : jobQualification
17:40:04.593 [main] DEBUG org.hibernate.persister.walking.spi.MetamodelGraphWalker - Visiting attribute path : jobStatus
17:40:04.593 [main] DEBUG org.hibernate.persister.walking.spi.MetamodelGraphWalker - Visiting attribute path : jobTitle
17:40:04.593 [main] DEBUG org.hibernate.loader.plan.build.internal.FetchStyleLoadPlanBuildingAssociationVisitationStrategy - Building LoadPlan...
17:40:04.593 [main] DEBUG org.hibernate.loader.plan.exec.internal.LoadQueryJoinAndFetchProcessor - processing queryspace &lt;gen:0&gt;
17:40:04.597 [main] DEBUG org.hibernate.loader.plan.build.spi.LoadPlanTreePrinter - LoadPlan(entity=com.niit.model.Job)
    - Returns
       - EntityReturnImpl(entity=com.niit.model.Job, querySpaceUid=&lt;gen:0&gt;, path=com.niit.model.Job)
    - QuerySpaces
       - EntityQuerySpaceImpl(uid=&lt;gen:0&gt;, entity=com.niit.model.Job)
          - SQL table alias mapping - job0_
          - alias suffix - 0_
          - suffixed key columns - {jobId1_5_0_}

17:40:04.598 [main] DEBUG org.hibernate.loader.entity.plan.EntityLoader - Static select for entity com.niit.model.Job [PESSIMISTIC_FORCE_INCREMENT]: select job0_.jobId as jobId1_5_0_, job0_.createDate as createDa2_5_0_, job0_.jobDescription as jobDescr3_5_0_, job0_.jobQualification as jobQuali4_5_0_, job0_.jobStatus as jobStatu5_5_0_, job0_.jobTitle as jobTitle6_5_0_ from CJob job0_ where job0_.jobId=? for update
17:40:04.598 [main] DEBUG org.hibernate.loader.plan.build.internal.spaces.QuerySpacesImpl - Adding QuerySpace : uid = &lt;gen:0&gt; -&gt; org.hibernate.loader.plan.build.internal.spaces.EntityQuerySpaceImpl@16aed49f]
17:40:04.598 [main] DEBUG org.hibernate.persister.walking.spi.MetamodelGraphWalker - Visiting attribute path : createDate
17:40:04.598 [main] DEBUG org.hibernate.persister.walking.spi.MetamodelGraphWalker - Visiting attribute path : jobDescription
17:40:04.598 [main] DEBUG org.hibernate.persister.walking.spi.MetamodelGraphWalker - Visiting attribute path : jobQualification
17:40:04.598 [main] DEBUG org.hibernate.persister.walking.spi.MetamodelGraphWalker - Visiting attribute path : jobStatus
17:40:04.598 [main] DEBUG org.hibernate.persister.walking.spi.MetamodelGraphWalker - Visiting attribute path : jobTitle
17:40:04.598 [main] DEBUG org.hibernate.loader.plan.build.internal.FetchStyleLoadPlanBuildingAssociationVisitationStrategy - Building LoadPlan...
17:40:04.599 [main] DEBUG org.hibernate.loader.plan.exec.internal.LoadQueryJoinAndFetchProcessor - processing queryspace &lt;gen:0&gt;
17:40:04.599 [main] DEBUG org.hibernate.loader.plan.build.spi.LoadPlanTreePrinter - LoadPlan(entity=com.niit.model.Job)
    - Returns
       - EntityReturnImpl(entity=com.niit.model.Job, querySpaceUid=&lt;gen:0&gt;, path=com.niit.model.Job)
    - QuerySpaces
       - EntityQuerySpaceImpl(uid=&lt;gen:0&gt;, entity=com.niit.model.Job)
          - SQL table alias mapping - job0_
          - alias suffix - 0_
          - suffixed key columns - {jobId1_5_0_}

17:40:04.599 [main] DEBUG org.hibernate.loader.entity.plan.EntityLoader - Static select for entity com.niit.model.Job [OPTIMISTIC]: select job0_.jobId as jobId1_5_0_, job0_.createDate as createDa2_5_0_, job0_.jobDescription as jobDescr3_5_0_, job0_.jobQualification as jobQuali4_5_0_, job0_.jobStatus as jobStatu5_5_0_, job0_.jobTitle as jobTitle6_5_0_ from CJob job0_ where job0_.jobId=?
17:40:04.599 [main] DEBUG org.hibernate.loader.plan.build.internal.spaces.QuerySpacesImpl - Adding QuerySpace : uid = &lt;gen:0&gt; -&gt; org.hibernate.loader.plan.build.internal.spaces.EntityQuerySpaceImpl@6c479fdf]
17:40:04.599 [main] DEBUG org.hibernate.persister.walking.spi.MetamodelGraphWalker - Visiting attribute path : createDate
17:40:04.599 [main] DEBUG org.hibernate.persister.walking.spi.MetamodelGraphWalker - Visiting attribute path : jobDescription
17:40:04.599 [main] DEBUG org.hibernate.persister.walking.spi.MetamodelGraphWalker - Visiting attribute path : jobQualification
17:40:04.599 [main] DEBUG org.hibernate.persister.walking.spi.MetamodelGraphWalker - Visiting attribute path : jobStatus
17:40:04.599 [main] DEBUG org.hibernate.persister.walking.spi.MetamodelGraphWalker - Visiting attribute path : jobTitle
17:40:04.599 [main] DEBUG org.hibernate.loader.plan.build.internal.FetchStyleLoadPlanBuildingAssociationVisitationStrategy - Building LoadPlan...
17:40:04.599 [main] DEBUG org.hibernate.loader.plan.exec.internal.LoadQueryJoinAndFetchProcessor - processing queryspace &lt;gen:0&gt;
17:40:04.600 [main] DEBUG org.hibernate.loader.plan.build.spi.LoadPlanTreePrinter - LoadPlan(entity=com.niit.model.Job)
    - Returns
       - EntityReturnImpl(entity=com.niit.model.Job, querySpaceUid=&lt;gen:0&gt;, path=com.niit.model.Job)
    - QuerySpaces
       - EntityQuerySpaceImpl(uid=&lt;gen:0&gt;, entity=com.niit.model.Job)
          - SQL table alias mapping - job0_
          - alias suffix - 0_
          - suffixed key columns - {jobId1_5_0_}

17:40:04.600 [main] DEBUG org.hibernate.loader.entity.plan.EntityLoader - Static select for entity com.niit.model.Job [OPTIMISTIC_FORCE_INCREMENT]: select job0_.jobId as jobId1_5_0_, job0_.createDate as createDa2_5_0_, job0_.jobDescription as jobDescr3_5_0_, job0_.jobQualification as jobQuali4_5_0_, job0_.jobStatus as jobStatu5_5_0_, job0_.jobTitle as jobTitle6_5_0_ from CJob job0_ where job0_.jobId=?
17:40:04.600 [main] DEBUG org.hibernate.loader.Loader - Static select for action ACTION_MERGE on entity com.niit.model.Job: select job0_.jobId as jobId1_5_0_, job0_.createDate as createDa2_5_0_, job0_.jobDescription as jobDescr3_5_0_, job0_.jobQualification as jobQuali4_5_0_, job0_.jobStatus as jobStatu5_5_0_, job0_.jobTitle as jobTitle6_5_0_ from CJob job0_ where job0_.jobId=?
17:40:04.601 [main] DEBUG org.hibernate.loader.Loader - Static select for action ACTION_REFRESH on entity com.niit.model.Job: select job0_.jobId as jobId1_5_0_, job0_.createDate as createDa2_5_0_, job0_.jobDescription as jobDescr3_5_0_, job0_.jobQualification as jobQuali4_5_0_, job0_.jobStatus as jobStatu5_5_0_, job0_.jobTitle as jobTitle6_5_0_ from CJob job0_ where job0_.jobId=?
17:40:04.601 [main] DEBUG org.hibernate.persister.entity.AbstractEntityPersister - Static SQL for entity: com.niit.model.ChatForum
17:40:04.601 [main] DEBUG org.hibernate.persister.entity.AbstractEntityPersister -  Version select: select id from C_FORUM where id =?
17:40:04.601 [main] DEBUG org.hibernate.persister.entity.AbstractEntityPersister -  Snapshot select: select chatforum_.id, chatforum_.created_date as created_2_9_, chatforum_.message as message3_9_, chatforum_.user_id as user_id4_9_ from C_FORUM chatforum_ where chatforum_.id=?
17:40:04.601 [main] DEBUG org.hibernate.persister.entity.AbstractEntityPersister -  Insert 0: insert into C_FORUM (created_date, message, user_id, id) values (?, ?, ?, ?)
17:40:04.601 [main] DEBUG org.hibernate.persister.entity.AbstractEntityPersister -  Update 0: update C_FORUM set created_date=?, message=?, user_id=? where id=?
17:40:04.601 [main] DEBUG org.hibernate.persister.entity.AbstractEntityPersister -  Delete 0: delete from C_FORUM where id=?
17:40:04.601 [main] DEBUG org.hibernate.loader.plan.build.internal.spaces.QuerySpacesImpl - Adding QuerySpace : uid = &lt;gen:0&gt; -&gt; org.hibernate.loader.plan.build.internal.spaces.EntityQuerySpaceImpl@19b206ee]
17:40:04.602 [main] DEBUG org.hibernate.persister.walking.spi.MetamodelGraphWalker - Visiting attribute path : createdDate
17:40:04.602 [main] DEBUG org.hibernate.persister.walking.spi.MetamodelGraphWalker - Visiting attribute path : message
17:40:04.602 [main] DEBUG org.hibernate.persister.walking.spi.MetamodelGraphWalker - Visiting attribute path : userID
17:40:04.602 [main] DEBUG org.hibernate.loader.plan.build.internal.FetchStyleLoadPlanBuildingAssociationVisitationStrategy - Building LoadPlan...
17:40:04.602 [main] DEBUG org.hibernate.loader.plan.exec.internal.LoadQueryJoinAndFetchProcessor - processing queryspace &lt;gen:0&gt;
17:40:04.602 [main] DEBUG org.hibernate.loader.plan.build.spi.LoadPlanTreePrinter - LoadPlan(entity=com.niit.model.ChatForum)
    - Returns
       - EntityReturnImpl(entity=com.niit.model.ChatForum, querySpaceUid=&lt;gen:0&gt;, path=com.niit.model.ChatForum)
    - QuerySpaces
       - EntityQuerySpaceImpl(uid=&lt;gen:0&gt;, entity=com.niit.model.ChatForum)
          - SQL table alias mapping - chatforum0_
          - alias suffix - 0_
          - suffixed key columns - {id1_9_0_}

17:40:04.602 [main] DEBUG org.hibernate.loader.entity.plan.EntityLoader - Static select for entity com.niit.model.ChatForum [NONE]: select chatforum0_.id as id1_9_0_, chatforum0_.created_date as created_2_9_0_, chatforum0_.message as message3_9_0_, chatforum0_.user_id as user_id4_9_0_ from C_FORUM chatforum0_ where chatforum0_.id=?
17:40:04.602 [main] DEBUG org.hibernate.loader.plan.build.internal.spaces.QuerySpacesImpl - Adding QuerySpace : uid = &lt;gen:0&gt; -&gt; org.hibernate.loader.plan.build.internal.spaces.EntityQuerySpaceImpl@5f1483fd]
17:40:04.603 [main] DEBUG org.hibernate.persister.walking.spi.MetamodelGraphWalker - Visiting attribute path : createdDate
17:40:04.603 [main] DEBUG org.hibernate.persister.walking.spi.MetamodelGraphWalker - Visiting attribute path : message
17:40:04.603 [main] DEBUG org.hibernate.persister.walking.spi.MetamodelGraphWalker - Visiting attribute path : userID
17:40:04.603 [main] DEBUG org.hibernate.loader.plan.build.internal.FetchStyleLoadPlanBuildingAssociationVisitationStrategy - Building LoadPlan...
17:40:04.603 [main] DEBUG org.hibernate.loader.plan.exec.internal.LoadQueryJoinAndFetchProcessor - processing queryspace &lt;gen:0&gt;
17:40:04.603 [main] DEBUG org.hibernate.loader.plan.build.spi.LoadPlanTreePrinter - LoadPlan(entity=com.niit.model.ChatForum)
    - Returns
       - EntityReturnImpl(entity=com.niit.model.ChatForum, querySpaceUid=&lt;gen:0&gt;, path=com.niit.model.ChatForum)
    - QuerySpaces
       - EntityQuerySpaceImpl(uid=&lt;gen:0&gt;, entity=com.niit.model.ChatForum)
          - SQL table alias mapping - chatforum0_
          - alias suffix - 0_
          - suffixed key columns - {id1_9_0_}

17:40:04.603 [main] DEBUG org.hibernate.loader.entity.plan.EntityLoader - Static select for entity com.niit.model.ChatForum [READ]: select chatforum0_.id as id1_9_0_, chatforum0_.created_date as created_2_9_0_, chatforum0_.message as message3_9_0_, chatforum0_.user_id as user_id4_9_0_ from C_FORUM chatforum0_ where chatforum0_.id=?
17:40:04.603 [main] DEBUG org.hibernate.loader.plan.build.internal.spaces.QuerySpacesImpl - Adding QuerySpace : uid = &lt;gen:0&gt; -&gt; org.hibernate.loader.plan.build.internal.spaces.EntityQuerySpaceImpl@6e03db1f]
17:40:04.604 [main] DEBUG org.hibernate.persister.walking.spi.MetamodelGraphWalker - Visiting attribute path : createdDate
17:40:04.604 [main] DEBUG org.hibernate.persister.walking.spi.MetamodelGraphWalker - Visiting attribute path : message
17:40:04.604 [main] DEBUG org.hibernate.persister.walking.spi.MetamodelGraphWalker - Visiting attribute path : userID
17:40:04.604 [main] DEBUG org.hibernate.loader.plan.build.internal.FetchStyleLoadPlanBuildingAssociationVisitationStrategy - Building LoadPlan...
17:40:04.604 [main] DEBUG org.hibernate.loader.plan.exec.internal.LoadQueryJoinAndFetchProcessor - processing queryspace &lt;gen:0&gt;
17:40:04.605 [main] DEBUG org.hibernate.loader.plan.build.spi.LoadPlanTreePrinter - LoadPlan(entity=com.niit.model.ChatForum)
    - Returns
       - EntityReturnImpl(entity=com.niit.model.ChatForum, querySpaceUid=&lt;gen:0&gt;, path=com.niit.model.ChatForum)
    - QuerySpaces
       - EntityQuerySpaceImpl(uid=&lt;gen:0&gt;, entity=com.niit.model.ChatForum)
          - SQL table alias mapping - chatforum0_
          - alias suffix - 0_
          - suffixed key columns - {id1_9_0_}

17:40:04.605 [main] DEBUG org.hibernate.loader.entity.plan.EntityLoader - Static select for entity com.niit.model.ChatForum [UPGRADE]: select chatforum0_.id as id1_9_0_, chatforum0_.created_date as created_2_9_0_, chatforum0_.message as message3_9_0_, chatforum0_.user_id as user_id4_9_0_ from C_FORUM chatforum0_ where chatforum0_.id=? for update
17:40:04.605 [main] DEBUG org.hibernate.loader.plan.build.internal.spaces.QuerySpacesImpl - Adding QuerySpace : uid = &lt;gen:0&gt; -&gt; org.hibernate.loader.plan.build.internal.spaces.EntityQuerySpaceImpl@708eb310]
17:40:04.605 [main] DEBUG org.hibernate.persister.walking.spi.MetamodelGraphWalker - Visiting attribute path : createdDate
17:40:04.605 [main] DEBUG org.hibernate.persister.walking.spi.MetamodelGraphWalker - Visiting attribute path : message
17:40:04.605 [main] DEBUG org.hibernate.persister.walking.spi.MetamodelGraphWalker - Visiting attribute path : userID
17:40:04.605 [main] DEBUG org.hibernate.loader.plan.build.internal.FetchStyleLoadPlanBuildingAssociationVisitationStrategy - Building LoadPlan...
17:40:04.605 [main] DEBUG org.hibernate.loader.plan.exec.internal.LoadQueryJoinAndFetchProcessor - processing queryspace &lt;gen:0&gt;
17:40:04.605 [main] DEBUG org.hibernate.loader.plan.build.spi.LoadPlanTreePrinter - LoadPlan(entity=com.niit.model.ChatForum)
    - Returns
       - EntityReturnImpl(entity=com.niit.model.ChatForum, querySpaceUid=&lt;gen:0&gt;, path=com.niit.model.ChatForum)
    - QuerySpaces
       - EntityQuerySpaceImpl(uid=&lt;gen:0&gt;, entity=com.niit.model.ChatForum)
          - SQL table alias mapping - chatforum0_
          - alias suffix - 0_
          - suffixed key columns - {id1_9_0_}

17:40:04.605 [main] DEBUG org.hibernate.loader.entity.plan.EntityLoader - Static select for entity com.niit.model.ChatForum [UPGRADE_NOWAIT]: select chatforum0_.id as id1_9_0_, chatforum0_.created_date as created_2_9_0_, chatforum0_.message as message3_9_0_, chatforum0_.user_id as user_id4_9_0_ from C_FORUM chatforum0_ where chatforum0_.id=? for update
17:40:04.605 [main] DEBUG org.hibernate.loader.plan.build.internal.spaces.QuerySpacesImpl - Adding QuerySpace : uid = &lt;gen:0&gt; -&gt; org.hibernate.loader.plan.build.internal.spaces.EntityQuerySpaceImpl@1e977098]
17:40:04.605 [main] DEBUG org.hibernate.persister.walking.spi.MetamodelGraphWalker - Visiting attribute path : createdDate
17:40:04.605 [main] DEBUG org.hibernate.persister.walking.spi.MetamodelGraphWalker - Visiting attribute path : message
17:40:04.605 [main] DEBUG org.hibernate.persister.walking.spi.MetamodelGraphWalker - Visiting attribute path : userID
17:40:04.606 [main] DEBUG org.hibernate.loader.plan.build.internal.FetchStyleLoadPlanBuildingAssociationVisitationStrategy - Building LoadPlan...
17:40:04.606 [main] DEBUG org.hibernate.loader.plan.exec.internal.LoadQueryJoinAndFetchProcessor - processing queryspace &lt;gen:0&gt;
17:40:04.606 [main] DEBUG org.hibernate.loader.plan.build.spi.LoadPlanTreePrinter - LoadPlan(entity=com.niit.model.ChatForum)
    - Returns
       - EntityReturnImpl(entity=com.niit.model.ChatForum, querySpaceUid=&lt;gen:0&gt;, path=com.niit.model.ChatForum)
    - QuerySpaces
       - EntityQuerySpaceImpl(uid=&lt;gen:0&gt;, entity=com.niit.model.ChatForum)
          - SQL table alias mapping - chatforum0_
          - alias suffix - 0_
          - suffixed key columns - {id1_9_0_}

17:40:04.606 [main] DEBUG org.hibernate.loader.entity.plan.EntityLoader - Static select for entity com.niit.model.ChatForum [UPGRADE_SKIPLOCKED]: select chatforum0_.id as id1_9_0_, chatforum0_.created_date as created_2_9_0_, chatforum0_.message as message3_9_0_, chatforum0_.user_id as user_id4_9_0_ from C_FORUM chatforum0_ where chatforum0_.id=? for update
17:40:04.606 [main] DEBUG org.hibernate.loader.plan.build.internal.spaces.QuerySpacesImpl - Adding QuerySpace : uid = &lt;gen:0&gt; -&gt; org.hibernate.loader.plan.build.internal.spaces.EntityQuerySpaceImpl@6690b9fa]
17:40:04.606 [main] DEBUG org.hibernate.persister.walking.spi.MetamodelGraphWalker - Visiting attribute path : createdDate
17:40:04.606 [main] DEBUG org.hibernate.persister.walking.spi.MetamodelGraphWalker - Visiting attribute path : message
17:40:04.606 [main] DEBUG org.hibernate.persister.walking.spi.MetamodelGraphWalker - Visiting attribute path : userID
17:40:04.606 [main] DEBUG org.hibernate.loader.plan.build.internal.FetchStyleLoadPlanBuildingAssociationVisitationStrategy - Building LoadPlan...
17:40:04.606 [main] DEBUG org.hibernate.loader.plan.exec.internal.LoadQueryJoinAndFetchProcessor - processing queryspace &lt;gen:0&gt;
17:40:04.606 [main] DEBUG org.hibernate.loader.plan.build.spi.LoadPlanTreePrinter - LoadPlan(entity=com.niit.model.ChatForum)
    - Returns
       - EntityReturnImpl(entity=com.niit.model.ChatForum, querySpaceUid=&lt;gen:0&gt;, path=com.niit.model.ChatForum)
    - QuerySpaces
       - EntityQuerySpaceImpl(uid=&lt;gen:0&gt;, entity=com.niit.model.ChatForum)
          - SQL table alias mapping - chatforum0_
          - alias suffix - 0_
          - suffixed key columns - {id1_9_0_}

17:40:04.606 [main] DEBUG org.hibernate.loader.entity.plan.EntityLoader - Static select for entity com.niit.model.ChatForum [FORCE]: select chatforum0_.id as id1_9_0_, chatforum0_.created_date as created_2_9_0_, chatforum0_.message as message3_9_0_, chatforum0_.user_id as user_id4_9_0_ from C_FORUM chatforum0_ where chatforum0_.id=? for update
17:40:04.606 [main] DEBUG org.hibernate.loader.plan.build.internal.spaces.QuerySpacesImpl - Adding QuerySpace : uid = &lt;gen:0&gt; -&gt; org.hibernate.loader.plan.build.internal.spaces.EntityQuerySpaceImpl@493b01ef]
17:40:04.606 [main] DEBUG org.hibernate.persister.walking.spi.MetamodelGraphWalker - Visiting attribute path : createdDate
17:40:04.606 [main] DEBUG org.hibernate.persister.walking.spi.MetamodelGraphWalker - Visiting attribute path : message
17:40:04.606 [main] DEBUG org.hibernate.persister.walking.spi.MetamodelGraphWalker - Visiting attribute path : userID
17:40:04.606 [main] DEBUG org.hibernate.loader.plan.build.internal.FetchStyleLoadPlanBuildingAssociationVisitationStrategy - Building LoadPlan...
17:40:04.607 [main] DEBUG org.hibernate.loader.plan.exec.internal.LoadQueryJoinAndFetchProcessor - processing queryspace &lt;gen:0&gt;
17:40:04.607 [main] DEBUG org.hibernate.loader.plan.build.spi.LoadPlanTreePrinter - LoadPlan(entity=com.niit.model.ChatForum)
    - Returns
       - EntityReturnImpl(entity=com.niit.model.ChatForum, querySpaceUid=&lt;gen:0&gt;, path=com.niit.model.ChatForum)
    - QuerySpaces
       - EntityQuerySpaceImpl(uid=&lt;gen:0&gt;, entity=com.niit.model.ChatForum)
          - SQL table alias mapping - chatforum0_
          - alias suffix - 0_
          - suffixed key columns - {id1_9_0_}

17:40:04.607 [main] DEBUG org.hibernate.loader.entity.plan.EntityLoader - Static select for entity com.niit.model.ChatForum [PESSIMISTIC_READ]: select chatforum0_.id as id1_9_0_, chatforum0_.created_date as created_2_9_0_, chatforum0_.message as message3_9_0_, chatforum0_.user_id as user_id4_9_0_ from C_FORUM chatforum0_ where chatforum0_.id=? for update
17:40:04.607 [main] DEBUG org.hibernate.loader.plan.build.internal.spaces.QuerySpacesImpl - Adding QuerySpace : uid = &lt;gen:0&gt; -&gt; org.hibernate.loader.plan.build.internal.spaces.EntityQuerySpaceImpl@55fee662]
17:40:04.607 [main] DEBUG org.hibernate.persister.walking.spi.MetamodelGraphWalker - Visiting attribute path : createdDate
17:40:04.607 [main] DEBUG org.hibernate.persister.walking.spi.MetamodelGraphWalker - Visiting attribute path : message
17:40:04.607 [main] DEBUG org.hibernate.persister.walking.spi.MetamodelGraphWalker - Visiting attribute path : userID
17:40:04.607 [main] DEBUG org.hibernate.loader.plan.build.internal.FetchStyleLoadPlanBuildingAssociationVisitationStrategy - Building LoadPlan...
17:40:04.607 [main] DEBUG org.hibernate.loader.plan.exec.internal.LoadQueryJoinAndFetchProcessor - processing queryspace &lt;gen:0&gt;
17:40:04.607 [main] DEBUG org.hibernate.loader.plan.build.spi.LoadPlanTreePrinter - LoadPlan(entity=com.niit.model.ChatForum)
    - Returns
       - EntityReturnImpl(entity=com.niit.model.ChatForum, querySpaceUid=&lt;gen:0&gt;, path=com.niit.model.ChatForum)
    - QuerySpaces
       - EntityQuerySpaceImpl(uid=&lt;gen:0&gt;, entity=com.niit.model.ChatForum)
          - SQL table alias mapping - chatforum0_
          - alias suffix - 0_
          - suffixed key columns - {id1_9_0_}

17:40:04.607 [main] DEBUG org.hibernate.loader.entity.plan.EntityLoader - Static select for entity com.niit.model.ChatForum [PESSIMISTIC_WRITE]: select chatforum0_.id as id1_9_0_, chatforum0_.created_date as created_2_9_0_, chatforum0_.message as message3_9_0_, chatforum0_.user_id as user_id4_9_0_ from C_FORUM chatforum0_ where chatforum0_.id=? for update
17:40:04.607 [main] DEBUG org.hibernate.loader.plan.build.internal.spaces.QuerySpacesImpl - Adding QuerySpace : uid = &lt;gen:0&gt; -&gt; org.hibernate.loader.plan.build.internal.spaces.EntityQuerySpaceImpl@45adc393]
17:40:04.607 [main] DEBUG org.hibernate.persister.walking.spi.MetamodelGraphWalker - Visiting attribute path : createdDate
17:40:04.607 [main] DEBUG org.hibernate.persister.walking.spi.MetamodelGraphWalker - Visiting attribute path : message
17:40:04.607 [main] DEBUG org.hibernate.persister.walking.spi.MetamodelGraphWalker - Visiting attribute path : userID
17:40:04.607 [main] DEBUG org.hibernate.loader.plan.build.internal.FetchStyleLoadPlanBuildingAssociationVisitationStrategy - Building LoadPlan...
17:40:04.607 [main] DEBUG org.hibernate.loader.plan.exec.internal.LoadQueryJoinAndFetchProcessor - processing queryspace &lt;gen:0&gt;
17:40:04.608 [main] DEBUG org.hibernate.loader.plan.build.spi.LoadPlanTreePrinter - LoadPlan(entity=com.niit.model.ChatForum)
    - Returns
       - EntityReturnImpl(entity=com.niit.model.ChatForum, querySpaceUid=&lt;gen:0&gt;, path=com.niit.model.ChatForum)
    - QuerySpaces
       - EntityQuerySpaceImpl(uid=&lt;gen:0&gt;, entity=com.niit.model.ChatForum)
          - SQL table alias mapping - chatforum0_
          - alias suffix - 0_
          - suffixed key columns - {id1_9_0_}

17:40:04.608 [main] DEBUG org.hibernate.loader.entity.plan.EntityLoader - Static select for entity com.niit.model.ChatForum [PESSIMISTIC_FORCE_INCREMENT]: select chatforum0_.id as id1_9_0_, chatforum0_.created_date as created_2_9_0_, chatforum0_.message as message3_9_0_, chatforum0_.user_id as user_id4_9_0_ from C_FORUM chatforum0_ where chatforum0_.id=? for update
17:40:04.608 [main] DEBUG org.hibernate.loader.plan.build.internal.spaces.QuerySpacesImpl - Adding QuerySpace : uid = &lt;gen:0&gt; -&gt; org.hibernate.loader.plan.build.internal.spaces.EntityQuerySpaceImpl@479111ba]
17:40:04.608 [main] DEBUG org.hibernate.persister.walking.spi.MetamodelGraphWalker - Visiting attribute path : createdDate
17:40:04.608 [main] DEBUG org.hibernate.persister.walking.spi.MetamodelGraphWalker - Visiting attribute path : message
17:40:04.608 [main] DEBUG org.hibernate.persister.walking.spi.MetamodelGraphWalker - Visiting attribute path : userID
17:40:04.608 [main] DEBUG org.hibernate.loader.plan.build.internal.FetchStyleLoadPlanBuildingAssociationVisitationStrategy - Building LoadPlan...
17:40:04.608 [main] DEBUG org.hibernate.loader.plan.exec.internal.LoadQueryJoinAndFetchProcessor - processing queryspace &lt;gen:0&gt;
17:40:04.608 [main] DEBUG org.hibernate.loader.plan.build.spi.LoadPlanTreePrinter - LoadPlan(entity=com.niit.model.ChatForum)
    - Returns
       - EntityReturnImpl(entity=com.niit.model.ChatForum, querySpaceUid=&lt;gen:0&gt;, path=com.niit.model.ChatForum)
    - QuerySpaces
       - EntityQuerySpaceImpl(uid=&lt;gen:0&gt;, entity=com.niit.model.ChatForum)
          - SQL table alias mapping - chatforum0_
          - alias suffix - 0_
          - suffixed key columns - {id1_9_0_}

17:40:04.608 [main] DEBUG org.hibernate.loader.entity.plan.EntityLoader - Static select for entity com.niit.model.ChatForum [OPTIMISTIC]: select chatforum0_.id as id1_9_0_, chatforum0_.created_date as created_2_9_0_, chatforum0_.message as message3_9_0_, chatforum0_.user_id as user_id4_9_0_ from C_FORUM chatforum0_ where chatforum0_.id=?
17:40:04.608 [main] DEBUG org.hibernate.loader.plan.build.internal.spaces.QuerySpacesImpl - Adding QuerySpace : uid = &lt;gen:0&gt; -&gt; org.hibernate.loader.plan.build.internal.spaces.EntityQuerySpaceImpl@7c37f145]
17:40:04.608 [main] DEBUG org.hibernate.persister.walking.spi.MetamodelGraphWalker - Visiting attribute path : createdDate
17:40:04.608 [main] DEBUG org.hibernate.persister.walking.spi.MetamodelGraphWalker - Visiting attribute path : message
17:40:04.608 [main] DEBUG org.hibernate.persister.walking.spi.MetamodelGraphWalker - Visiting attribute path : userID
17:40:04.608 [main] DEBUG org.hibernate.loader.plan.build.internal.FetchStyleLoadPlanBuildingAssociationVisitationStrategy - Building LoadPlan...
17:40:04.608 [main] DEBUG org.hibernate.loader.plan.exec.internal.LoadQueryJoinAndFetchProcessor - processing queryspace &lt;gen:0&gt;
17:40:04.608 [main] DEBUG org.hibernate.loader.plan.build.spi.LoadPlanTreePrinter - LoadPlan(entity=com.niit.model.ChatForum)
    - Returns
       - EntityReturnImpl(entity=com.niit.model.ChatForum, querySpaceUid=&lt;gen:0&gt;, path=com.niit.model.ChatForum)
    - QuerySpaces
       - EntityQuerySpaceImpl(uid=&lt;gen:0&gt;, entity=com.niit.model.ChatForum)
          - SQL table alias mapping - chatforum0_
          - alias suffix - 0_
          - suffixed key columns - {id1_9_0_}

17:40:04.608 [main] DEBUG org.hibernate.loader.entity.plan.EntityLoader - Static select for entity com.niit.model.ChatForum [OPTIMISTIC_FORCE_INCREMENT]: select chatforum0_.id as id1_9_0_, chatforum0_.created_date as created_2_9_0_, chatforum0_.message as message3_9_0_, chatforum0_.user_id as user_id4_9_0_ from C_FORUM chatforum0_ where chatforum0_.id=?
17:40:04.609 [main] DEBUG org.hibernate.loader.Loader - Static select for action ACTION_MERGE on entity com.niit.model.ChatForum: select chatforum0_.id as id1_9_0_, chatforum0_.created_date as created_2_9_0_, chatforum0_.message as message3_9_0_, chatforum0_.user_id as user_id4_9_0_ from C_FORUM chatforum0_ where chatforum0_.id=?
17:40:04.609 [main] DEBUG org.hibernate.loader.Loader - Static select for action ACTION_REFRESH on entity com.niit.model.ChatForum: select chatforum0_.id as id1_9_0_, chatforum0_.created_date as created_2_9_0_, chatforum0_.message as message3_9_0_, chatforum0_.user_id as user_id4_9_0_ from C_FORUM chatforum0_ where chatforum0_.id=?
17:40:04.609 [main] DEBUG org.hibernate.persister.entity.AbstractEntityPersister - Static SQL for entity: com.niit.model.Friend
17:40:04.609 [main] DEBUG org.hibernate.persister.entity.AbstractEntityPersister -  Version select: select tableId from CFriend where tableId =?
17:40:04.609 [main] DEBUG org.hibernate.persister.entity.AbstractEntityPersister -  Snapshot select: select friend_.tableId, friend_.friendId as friendId2_4_, friend_.isOnline as isOnline3_4_, friend_.status as status4_4_, friend_.userId as userId5_4_ from CFriend friend_ where friend_.tableId=?
17:40:04.609 [main] DEBUG org.hibernate.persister.entity.AbstractEntityPersister -  Insert 0: insert into CFriend (friendId, isOnline, status, userId, tableId) values (?, ?, ?, ?, ?)
17:40:04.609 [main] DEBUG org.hibernate.persister.entity.AbstractEntityPersister -  Update 0: update CFriend set friendId=?, isOnline=?, status=?, userId=? where tableId=?
17:40:04.610 [main] DEBUG org.hibernate.persister.entity.AbstractEntityPersister -  Delete 0: delete from CFriend where tableId=?
17:40:04.610 [main] DEBUG org.hibernate.loader.plan.build.internal.spaces.QuerySpacesImpl - Adding QuerySpace : uid = &lt;gen:0&gt; -&gt; org.hibernate.loader.plan.build.internal.spaces.EntityQuerySpaceImpl@273a5a8a]
17:40:04.610 [main] DEBUG org.hibernate.persister.walking.spi.MetamodelGraphWalker - Visiting attribute path : friendId
17:40:04.610 [main] DEBUG org.hibernate.persister.walking.spi.MetamodelGraphWalker - Visiting attribute path : isOnline
17:40:04.610 [main] DEBUG org.hibernate.persister.walking.spi.MetamodelGraphWalker - Visiting attribute path : status
17:40:04.610 [main] DEBUG org.hibernate.persister.walking.spi.MetamodelGraphWalker - Visiting attribute path : userId
17:40:04.610 [main] DEBUG org.hibernate.loader.plan.build.internal.FetchStyleLoadPlanBuildingAssociationVisitationStrategy - Building LoadPlan...
17:40:04.610 [main] DEBUG org.hibernate.loader.plan.exec.internal.LoadQueryJoinAndFetchProcessor - processing queryspace &lt;gen:0&gt;
17:40:04.610 [main] DEBUG org.hibernate.loader.plan.build.spi.LoadPlanTreePrinter - LoadPlan(entity=com.niit.model.Friend)
    - Returns
       - EntityReturnImpl(entity=com.niit.model.Friend, querySpaceUid=&lt;gen:0&gt;, path=com.niit.model.Friend)
    - QuerySpaces
       - EntityQuerySpaceImpl(uid=&lt;gen:0&gt;, entity=com.niit.model.Friend)
          - SQL table alias mapping - friend0_
          - alias suffix - 0_
          - suffixed key columns - {tableId1_4_0_}

17:40:04.611 [main] DEBUG org.hibernate.loader.entity.plan.EntityLoader - Static select for entity com.niit.model.Friend [NONE]: select friend0_.tableId as tableId1_4_0_, friend0_.friendId as friendId2_4_0_, friend0_.isOnline as isOnline3_4_0_, friend0_.status as status4_4_0_, friend0_.userId as userId5_4_0_ from CFriend friend0_ where friend0_.tableId=?
17:40:04.611 [main] DEBUG org.hibernate.loader.plan.build.internal.spaces.QuerySpacesImpl - Adding QuerySpace : uid = &lt;gen:0&gt; -&gt; org.hibernate.loader.plan.build.internal.spaces.EntityQuerySpaceImpl@5b5dce5c]
17:40:04.611 [main] DEBUG org.hibernate.persister.walking.spi.MetamodelGraphWalker - Visiting attribute path : friendId
17:40:04.611 [main] DEBUG org.hibernate.persister.walking.spi.MetamodelGraphWalker - Visiting attribute path : isOnline
17:40:04.611 [main] DEBUG org.hibernate.persister.walking.spi.MetamodelGraphWalker - Visiting attribute path : status
17:40:04.611 [main] DEBUG org.hibernate.persister.walking.spi.MetamodelGraphWalker - Visiting attribute path : userId
17:40:04.611 [main] DEBUG org.hibernate.loader.plan.build.internal.FetchStyleLoadPlanBuildingAssociationVisitationStrategy - Building LoadPlan...
17:40:04.612 [main] DEBUG org.hibernate.loader.plan.exec.internal.LoadQueryJoinAndFetchProcessor - processing queryspace &lt;gen:0&gt;
17:40:04.612 [main] DEBUG org.hibernate.loader.plan.build.spi.LoadPlanTreePrinter - LoadPlan(entity=com.niit.model.Friend)
    - Returns
       - EntityReturnImpl(entity=com.niit.model.Friend, querySpaceUid=&lt;gen:0&gt;, path=com.niit.model.Friend)
    - QuerySpaces
       - EntityQuerySpaceImpl(uid=&lt;gen:0&gt;, entity=com.niit.model.Friend)
          - SQL table alias mapping - friend0_
          - alias suffix - 0_
          - suffixed key columns - {tableId1_4_0_}

17:40:04.613 [main] DEBUG org.hibernate.loader.entity.plan.EntityLoader - Static select for entity com.niit.model.Friend [READ]: select friend0_.tableId as tableId1_4_0_, friend0_.friendId as friendId2_4_0_, friend0_.isOnline as isOnline3_4_0_, friend0_.status as status4_4_0_, friend0_.userId as userId5_4_0_ from CFriend friend0_ where friend0_.tableId=?
17:40:04.613 [main] DEBUG org.hibernate.loader.plan.build.internal.spaces.QuerySpacesImpl - Adding QuerySpace : uid = &lt;gen:0&gt; -&gt; org.hibernate.loader.plan.build.internal.spaces.EntityQuerySpaceImpl@adcfad9]
17:40:04.613 [main] DEBUG org.hibernate.persister.walking.spi.MetamodelGraphWalker - Visiting attribute path : friendId
17:40:04.613 [main] DEBUG org.hibernate.persister.walking.spi.MetamodelGraphWalker - Visiting attribute path : isOnline
17:40:04.613 [main] DEBUG org.hibernate.persister.walking.spi.MetamodelGraphWalker - Visiting attribute path : status
17:40:04.613 [main] DEBUG org.hibernate.persister.walking.spi.MetamodelGraphWalker - Visiting attribute path : userId
17:40:04.613 [main] DEBUG org.hibernate.loader.plan.build.internal.FetchStyleLoadPlanBuildingAssociationVisitationStrategy - Building LoadPlan...
17:40:04.613 [main] DEBUG org.hibernate.loader.plan.exec.internal.LoadQueryJoinAndFetchProcessor - processing queryspace &lt;gen:0&gt;
17:40:04.613 [main] DEBUG org.hibernate.loader.plan.build.spi.LoadPlanTreePrinter - LoadPlan(entity=com.niit.model.Friend)
    - Returns
       - EntityReturnImpl(entity=com.niit.model.Friend, querySpaceUid=&lt;gen:0&gt;, path=com.niit.model.Friend)
    - QuerySpaces
       - EntityQuerySpaceImpl(uid=&lt;gen:0&gt;, entity=com.niit.model.Friend)
          - SQL table alias mapping - friend0_
          - alias suffix - 0_
          - suffixed key columns - {tableId1_4_0_}

17:40:04.613 [main] DEBUG org.hibernate.loader.entity.plan.EntityLoader - Static select for entity com.niit.model.Friend [UPGRADE]: select friend0_.tableId as tableId1_4_0_, friend0_.friendId as friendId2_4_0_, friend0_.isOnline as isOnline3_4_0_, friend0_.status as status4_4_0_, friend0_.userId as userId5_4_0_ from CFriend friend0_ where friend0_.tableId=? for update
17:40:04.614 [main] DEBUG org.hibernate.loader.plan.build.internal.spaces.QuerySpacesImpl - Adding QuerySpace : uid = &lt;gen:0&gt; -&gt; org.hibernate.loader.plan.build.internal.spaces.EntityQuerySpaceImpl@3a2e9f5b]
17:40:04.614 [main] DEBUG org.hibernate.persister.walking.spi.MetamodelGraphWalker - Visiting attribute path : friendId
17:40:04.614 [main] DEBUG org.hibernate.persister.walking.spi.MetamodelGraphWalker - Visiting attribute path : isOnline
17:40:04.614 [main] DEBUG org.hibernate.persister.walking.spi.MetamodelGraphWalker - Visiting attribute path : status
17:40:04.614 [main] DEBUG org.hibernate.persister.walking.spi.MetamodelGraphWalker - Visiting attribute path : userId
17:40:04.614 [main] DEBUG org.hibernate.loader.plan.build.internal.FetchStyleLoadPlanBuildingAssociationVisitationStrategy - Building LoadPlan...
17:40:04.614 [main] DEBUG org.hibernate.loader.plan.exec.internal.LoadQueryJoinAndFetchProcessor - processing queryspace &lt;gen:0&gt;
17:40:04.614 [main] DEBUG org.hibernate.loader.plan.build.spi.LoadPlanTreePrinter - LoadPlan(entity=com.niit.model.Friend)
    - Returns
       - EntityReturnImpl(entity=com.niit.model.Friend, querySpaceUid=&lt;gen:0&gt;, path=com.niit.model.Friend)
    - QuerySpaces
       - EntityQuerySpaceImpl(uid=&lt;gen:0&gt;, entity=com.niit.model.Friend)
          - SQL table alias mapping - friend0_
          - alias suffix - 0_
          - suffixed key columns - {tableId1_4_0_}

17:40:04.614 [main] DEBUG org.hibernate.loader.entity.plan.EntityLoader - Static select for entity com.niit.model.Friend [UPGRADE_NOWAIT]: select friend0_.tableId as tableId1_4_0_, friend0_.friendId as friendId2_4_0_, friend0_.isOnline as isOnline3_4_0_, friend0_.status as status4_4_0_, friend0_.userId as userId5_4_0_ from CFriend friend0_ where friend0_.tableId=? for update
17:40:04.614 [main] DEBUG org.hibernate.loader.plan.build.internal.spaces.QuerySpacesImpl - Adding QuerySpace : uid = &lt;gen:0&gt; -&gt; org.hibernate.loader.plan.build.internal.spaces.EntityQuerySpaceImpl@10c47c79]
17:40:04.614 [main] DEBUG org.hibernate.persister.walking.spi.MetamodelGraphWalker - Visiting attribute path : friendId
17:40:04.614 [main] DEBUG org.hibernate.persister.walking.spi.MetamodelGraphWalker - Visiting attribute path : isOnline
17:40:04.614 [main] DEBUG org.hibernate.persister.walking.spi.MetamodelGraphWalker - Visiting attribute path : status
17:40:04.614 [main] DEBUG org.hibernate.persister.walking.spi.MetamodelGraphWalker - Visiting attribute path : userId
17:40:04.615 [main] DEBUG org.hibernate.loader.plan.build.internal.FetchStyleLoadPlanBuildingAssociationVisitationStrategy - Building LoadPlan...
17:40:04.615 [main] DEBUG org.hibernate.loader.plan.exec.internal.LoadQueryJoinAndFetchProcessor - processing queryspace &lt;gen:0&gt;
17:40:04.615 [main] DEBUG org.hibernate.loader.plan.build.spi.LoadPlanTreePrinter - LoadPlan(entity=com.niit.model.Friend)
    - Returns
       - EntityReturnImpl(entity=com.niit.model.Friend, querySpaceUid=&lt;gen:0&gt;, path=com.niit.model.Friend)
    - QuerySpaces
       - EntityQuerySpaceImpl(uid=&lt;gen:0&gt;, entity=com.niit.model.Friend)
          - SQL table alias mapping - friend0_
          - alias suffix - 0_
          - suffixed key columns - {tableId1_4_0_}

17:40:04.615 [main] DEBUG org.hibernate.loader.entity.plan.EntityLoader - Static select for entity com.niit.model.Friend [UPGRADE_SKIPLOCKED]: select friend0_.tableId as tableId1_4_0_, friend0_.friendId as friendId2_4_0_, friend0_.isOnline as isOnline3_4_0_, friend0_.status as status4_4_0_, friend0_.userId as userId5_4_0_ from CFriend friend0_ where friend0_.tableId=? for update
17:40:04.615 [main] DEBUG org.hibernate.loader.plan.build.internal.spaces.QuerySpacesImpl - Adding QuerySpace : uid = &lt;gen:0&gt; -&gt; org.hibernate.loader.plan.build.internal.spaces.EntityQuerySpaceImpl@753fd7a1]
17:40:04.615 [main] DEBUG org.hibernate.persister.walking.spi.MetamodelGraphWalker - Visiting attribute path : friendId
17:40:04.615 [main] DEBUG org.hibernate.persister.walking.spi.MetamodelGraphWalker - Visiting attribute path : isOnline
17:40:04.615 [main] DEBUG org.hibernate.persister.walking.spi.MetamodelGraphWalker - Visiting attribute path : status
17:40:04.616 [main] DEBUG org.hibernate.persister.walking.spi.MetamodelGraphWalker - Visiting attribute path : userId
17:40:04.616 [main] DEBUG org.hibernate.loader.plan.build.internal.FetchStyleLoadPlanBuildingAssociationVisitationStrategy - Building LoadPlan...
17:40:04.616 [main] DEBUG org.hibernate.loader.plan.exec.internal.LoadQueryJoinAndFetchProcessor - processing queryspace &lt;gen:0&gt;
17:40:04.616 [main] DEBUG org.hibernate.loader.plan.build.spi.LoadPlanTreePrinter - LoadPlan(entity=com.niit.model.Friend)
    - Returns
       - EntityReturnImpl(entity=com.niit.model.Friend, querySpaceUid=&lt;gen:0&gt;, path=com.niit.model.Friend)
    - QuerySpaces
       - EntityQuerySpaceImpl(uid=&lt;gen:0&gt;, entity=com.niit.model.Friend)
          - SQL table alias mapping - friend0_
          - alias suffix - 0_
          - suffixed key columns - {tableId1_4_0_}

17:40:04.616 [main] DEBUG org.hibernate.loader.entity.plan.EntityLoader - Static select for entity com.niit.model.Friend [FORCE]: select friend0_.tableId as tableId1_4_0_, friend0_.friendId as friendId2_4_0_, friend0_.isOnline as isOnline3_4_0_, friend0_.status as status4_4_0_, friend0_.userId as userId5_4_0_ from CFriend friend0_ where friend0_.tableId=? for update
17:40:04.616 [main] DEBUG org.hibernate.loader.plan.build.internal.spaces.QuerySpacesImpl - Adding QuerySpace : uid = &lt;gen:0&gt; -&gt; org.hibernate.loader.plan.build.internal.spaces.EntityQuerySpaceImpl@21b6c9c2]
17:40:04.616 [main] DEBUG org.hibernate.persister.walking.spi.MetamodelGraphWalker - Visiting attribute path : friendId
17:40:04.616 [main] DEBUG org.hibernate.persister.walking.spi.MetamodelGraphWalker - Visiting attribute path : isOnline
17:40:04.617 [main] DEBUG org.hibernate.persister.walking.spi.MetamodelGraphWalker - Visiting attribute path : status
17:40:04.617 [main] DEBUG org.hibernate.persister.walking.spi.MetamodelGraphWalker - Visiting attribute path : userId
17:40:04.617 [main] DEBUG org.hibernate.loader.plan.build.internal.FetchStyleLoadPlanBuildingAssociationVisitationStrategy - Building LoadPlan...
17:40:04.617 [main] DEBUG org.hibernate.loader.plan.exec.internal.LoadQueryJoinAndFetchProcessor - processing queryspace &lt;gen:0&gt;
17:40:04.617 [main] DEBUG org.hibernate.loader.plan.build.spi.LoadPlanTreePrinter - LoadPlan(entity=com.niit.model.Friend)
    - Returns
       - EntityReturnImpl(entity=com.niit.model.Friend, querySpaceUid=&lt;gen:0&gt;, path=com.niit.model.Friend)
    - QuerySpaces
       - EntityQuerySpaceImpl(uid=&lt;gen:0&gt;, entity=com.niit.model.Friend)
          - SQL table alias mapping - friend0_
          - alias suffix - 0_
          - suffixed key columns - {tableId1_4_0_}

17:40:04.617 [main] DEBUG org.hibernate.loader.entity.plan.EntityLoader - Static select for entity com.niit.model.Friend [PESSIMISTIC_READ]: select friend0_.tableId as tableId1_4_0_, friend0_.friendId as friendId2_4_0_, friend0_.isOnline as isOnline3_4_0_, friend0_.status as status4_4_0_, friend0_.userId as userId5_4_0_ from CFriend friend0_ where friend0_.tableId=? for update
17:40:04.617 [main] DEBUG org.hibernate.loader.plan.build.internal.spaces.QuerySpacesImpl - Adding QuerySpace : uid = &lt;gen:0&gt; -&gt; org.hibernate.loader.plan.build.internal.spaces.EntityQuerySpaceImpl@3b95a6db]
17:40:04.617 [main] DEBUG org.hibernate.persister.walking.spi.MetamodelGraphWalker - Visiting attribute path : friendId
17:40:04.618 [main] DEBUG org.hibernate.persister.walking.spi.MetamodelGraphWalker - Visiting attribute path : isOnline
17:40:04.618 [main] DEBUG org.hibernate.persister.walking.spi.MetamodelGraphWalker - Visiting attribute path : status
17:40:04.618 [main] DEBUG org.hibernate.persister.walking.spi.MetamodelGraphWalker - Visiting attribute path : userId
17:40:04.618 [main] DEBUG org.hibernate.loader.plan.build.internal.FetchStyleLoadPlanBuildingAssociationVisitationStrategy - Building LoadPlan...
17:40:04.618 [main] DEBUG org.hibernate.loader.plan.exec.internal.LoadQueryJoinAndFetchProcessor - processing queryspace &lt;gen:0&gt;
17:40:04.618 [main] DEBUG org.hibernate.loader.plan.build.spi.LoadPlanTreePrinter - LoadPlan(entity=com.niit.model.Friend)
    - Returns
       - EntityReturnImpl(entity=com.niit.model.Friend, querySpaceUid=&lt;gen:0&gt;, path=com.niit.model.Friend)
    - QuerySpaces
       - EntityQuerySpaceImpl(uid=&lt;gen:0&gt;, entity=com.niit.model.Friend)
          - SQL table alias mapping - friend0_
          - alias suffix - 0_
          - suffixed key columns - {tableId1_4_0_}

17:40:04.618 [main] DEBUG org.hibernate.loader.entity.plan.EntityLoader - Static select for entity com.niit.model.Friend [PESSIMISTIC_WRITE]: select friend0_.tableId as tableId1_4_0_, friend0_.friendId as friendId2_4_0_, friend0_.isOnline as isOnline3_4_0_, friend0_.status as status4_4_0_, friend0_.userId as userId5_4_0_ from CFriend friend0_ where friend0_.tableId=? for update
17:40:04.618 [main] DEBUG org.hibernate.loader.plan.build.internal.spaces.QuerySpacesImpl - Adding QuerySpace : uid = &lt;gen:0&gt; -&gt; org.hibernate.loader.plan.build.internal.spaces.EntityQuerySpaceImpl@2c9a6717]
17:40:04.618 [main] DEBUG org.hibernate.persister.walking.spi.MetamodelGraphWalker - Visiting attribute path : friendId
17:40:04.618 [main] DEBUG org.hibernate.persister.walking.spi.MetamodelGraphWalker - Visiting attribute path : isOnline
17:40:04.618 [main] DEBUG org.hibernate.persister.walking.spi.MetamodelGraphWalker - Visiting attribute path : status
17:40:04.618 [main] DEBUG org.hibernate.persister.walking.spi.MetamodelGraphWalker - Visiting attribute path : userId
17:40:04.618 [main] DEBUG org.hibernate.loader.plan.build.internal.FetchStyleLoadPlanBuildingAssociationVisitationStrategy - Building LoadPlan...
17:40:04.618 [main] DEBUG org.hibernate.loader.plan.exec.internal.LoadQueryJoinAndFetchProcessor - processing queryspace &lt;gen:0&gt;
17:40:04.618 [main] DEBUG org.hibernate.loader.plan.build.spi.LoadPlanTreePrinter - LoadPlan(entity=com.niit.model.Friend)
    - Returns
       - EntityReturnImpl(entity=com.niit.model.Friend, querySpaceUid=&lt;gen:0&gt;, path=com.niit.model.Friend)
    - QuerySpaces
       - EntityQuerySpaceImpl(uid=&lt;gen:0&gt;, entity=com.niit.model.Friend)
          - SQL table alias mapping - friend0_
          - alias suffix - 0_
          - suffixed key columns - {tableId1_4_0_}

17:40:04.618 [main] DEBUG org.hibernate.loader.entity.plan.EntityLoader - Static select for entity com.niit.model.Friend [PESSIMISTIC_FORCE_INCREMENT]: select friend0_.tableId as tableId1_4_0_, friend0_.friendId as friendId2_4_0_, friend0_.isOnline as isOnline3_4_0_, friend0_.status as status4_4_0_, friend0_.userId as userId5_4_0_ from CFriend friend0_ where friend0_.tableId=? for update
17:40:04.618 [main] DEBUG org.hibernate.loader.plan.build.internal.spaces.QuerySpacesImpl - Adding QuerySpace : uid = &lt;gen:0&gt; -&gt; org.hibernate.loader.plan.build.internal.spaces.EntityQuerySpaceImpl@6d091cad]
17:40:04.619 [main] DEBUG org.hibernate.persister.walking.spi.MetamodelGraphWalker - Visiting attribute path : friendId
17:40:04.619 [main] DEBUG org.hibernate.persister.walking.spi.MetamodelGraphWalker - Visiting attribute path : isOnline
17:40:04.619 [main] DEBUG org.hibernate.persister.walking.spi.MetamodelGraphWalker - Visiting attribute path : status
17:40:04.619 [main] DEBUG org.hibernate.persister.walking.spi.MetamodelGraphWalker - Visiting attribute path : userId
17:40:04.619 [main] DEBUG org.hibernate.loader.plan.build.internal.FetchStyleLoadPlanBuildingAssociationVisitationStrategy - Building LoadPlan...
17:40:04.619 [main] DEBUG org.hibernate.loader.plan.exec.internal.LoadQueryJoinAndFetchProcessor - processing queryspace &lt;gen:0&gt;
17:40:04.619 [main] DEBUG org.hibernate.loader.plan.build.spi.LoadPlanTreePrinter - LoadPlan(entity=com.niit.model.Friend)
    - Returns
       - EntityReturnImpl(entity=com.niit.model.Friend, querySpaceUid=&lt;gen:0&gt;, path=com.niit.model.Friend)
    - QuerySpaces
       - EntityQuerySpaceImpl(uid=&lt;gen:0&gt;, entity=com.niit.model.Friend)
          - SQL table alias mapping - friend0_
          - alias suffix - 0_
          - suffixed key columns - {tableId1_4_0_}

17:40:04.619 [main] DEBUG org.hibernate.loader.entity.plan.EntityLoader - Static select for entity com.niit.model.Friend [OPTIMISTIC]: select friend0_.tableId as tableId1_4_0_, friend0_.friendId as friendId2_4_0_, friend0_.isOnline as isOnline3_4_0_, friend0_.status as status4_4_0_, friend0_.userId as userId5_4_0_ from CFriend friend0_ where friend0_.tableId=?
17:40:04.619 [main] DEBUG org.hibernate.loader.plan.build.internal.spaces.QuerySpacesImpl - Adding QuerySpace : uid = &lt;gen:0&gt; -&gt; org.hibernate.loader.plan.build.internal.spaces.EntityQuerySpaceImpl@3bb5ceb]
17:40:04.619 [main] DEBUG org.hibernate.persister.walking.spi.MetamodelGraphWalker - Visiting attribute path : friendId
17:40:04.620 [main] DEBUG org.hibernate.persister.walking.spi.MetamodelGraphWalker - Visiting attribute path : isOnline
17:40:04.620 [main] DEBUG org.hibernate.persister.walking.spi.MetamodelGraphWalker - Visiting attribute path : status
17:40:04.620 [main] DEBUG org.hibernate.persister.walking.spi.MetamodelGraphWalker - Visiting attribute path : userId
17:40:04.620 [main] DEBUG org.hibernate.loader.plan.build.internal.FetchStyleLoadPlanBuildingAssociationVisitationStrategy - Building LoadPlan...
17:40:04.620 [main] DEBUG org.hibernate.loader.plan.exec.internal.LoadQueryJoinAndFetchProcessor - processing queryspace &lt;gen:0&gt;
17:40:04.620 [main] DEBUG org.hibernate.loader.plan.build.spi.LoadPlanTreePrinter - LoadPlan(entity=com.niit.model.Friend)
    - Returns
       - EntityReturnImpl(entity=com.niit.model.Friend, querySpaceUid=&lt;gen:0&gt;, path=com.niit.model.Friend)
    - QuerySpaces
       - EntityQuerySpaceImpl(uid=&lt;gen:0&gt;, entity=com.niit.model.Friend)
          - SQL table alias mapping - friend0_
          - alias suffix - 0_
          - suffixed key columns - {tableId1_4_0_}

17:40:04.620 [main] DEBUG org.hibernate.loader.entity.plan.EntityLoader - Static select for entity com.niit.model.Friend [OPTIMISTIC_FORCE_INCREMENT]: select friend0_.tableId as tableId1_4_0_, friend0_.friendId as friendId2_4_0_, friend0_.isOnline as isOnline3_4_0_, friend0_.status as status4_4_0_, friend0_.userId as userId5_4_0_ from CFriend friend0_ where friend0_.tableId=?
17:40:04.620 [main] DEBUG org.hibernate.loader.Loader - Static select for action ACTION_MERGE on entity com.niit.model.Friend: select friend0_.tableId as tableId1_4_0_, friend0_.friendId as friendId2_4_0_, friend0_.isOnline as isOnline3_4_0_, friend0_.status as status4_4_0_, friend0_.userId as userId5_4_0_ from CFriend friend0_ where friend0_.tableId=?
17:40:04.620 [main] DEBUG org.hibernate.loader.Loader - Static select for action ACTION_REFRESH on entity com.niit.model.Friend: select friend0_.tableId as tableId1_4_0_, friend0_.friendId as friendId2_4_0_, friend0_.isOnline as isOnline3_4_0_, friend0_.status as status4_4_0_, friend0_.userId as userId5_4_0_ from CFriend friend0_ where friend0_.tableId=?
17:40:04.620 [main] DEBUG org.hibernate.internal.SessionFactoryRegistry - Registering SessionFactory: 9601dd7c-f8d4-4711-bd35-55a525b859d4 (&lt;unnamed&gt;)
17:40:04.620 [main] DEBUG org.hibernate.internal.SessionFactoryRegistry - Not binding SessionFactory to JNDI, no JNDI name configured
17:40:04.620 [main] DEBUG org.hibernate.internal.SessionFactoryImpl - Instantiated session factory
17:40:04.620 [main] INFO org.hibernate.tool.hbm2ddl.SchemaUpdate - HHH000228: Running hbm2ddl schema update
17:40:04.620 [main] INFO org.hibernate.tool.hbm2ddl.SchemaUpdate - HHH000102: Fetching database metadata
17:40:04.625 [main] INFO org.hibernate.tool.hbm2ddl.SchemaUpdate - HHH000396: Updating schema
17:40:04.625 [main] DEBUG org.hibernate.cfg.Configuration - Processing hbm.xml files
17:40:04.625 [main] DEBUG org.hibernate.cfg.Configuration - Process annotated classes
17:40:04.625 [main] DEBUG org.hibernate.cfg.Configuration - Processing fk mappings (*ToOne and JoinedSubclass)
17:40:04.625 [main] DEBUG org.hibernate.cfg.Configuration - Processing extends queue
17:40:04.625 [main] DEBUG org.hibernate.cfg.Configuration - Processing extends queue
17:40:04.625 [main] DEBUG org.hibernate.cfg.Configuration - Processing collection mappings
17:40:04.625 [main] DEBUG org.hibernate.cfg.Configuration - Processing native query and ResultSetMapping mappings
17:40:04.625 [main] DEBUG org.hibernate.cfg.Configuration - Processing association property references
17:40:04.625 [main] DEBUG org.hibernate.cfg.Configuration - Creating tables&apos; unique integer identifiers
17:40:04.625 [main] DEBUG org.hibernate.cfg.Configuration - Processing foreign key constraints
17:40:04.631 [main] INFO org.hibernate.tool.hbm2ddl.TableMetadata - HHH000261: Table found: COLLABORATION.PUBLIC.CBLOG
17:40:04.632 [main] INFO org.hibernate.tool.hbm2ddl.TableMetadata - HHH000037: Columns: [blogname, blogcontent, createdate, blogid, userid, remarks, likes, status]
17:40:04.632 [main] INFO org.hibernate.tool.hbm2ddl.TableMetadata - HHH000108: Foreign keys: []
17:40:04.632 [main] INFO org.hibernate.tool.hbm2ddl.TableMetadata - HHH000126: Indexes: [primary_key_3]
17:40:04.636 [main] INFO org.hibernate.tool.hbm2ddl.TableMetadata - HHH000261: Table found: COLLABORATION.PUBLIC.CBLOGCOMMENT
17:40:04.636 [main] INFO org.hibernate.tool.hbm2ddl.TableMetadata - HHH000037: Columns: [commentdate, blogcommentid, blogid, userid, blogcomment, username]
17:40:04.636 [main] INFO org.hibernate.tool.hbm2ddl.TableMetadata - HHH000108: Foreign keys: []
17:40:04.636 [main] INFO org.hibernate.tool.hbm2ddl.TableMetadata - HHH000126: Indexes: [primary_key_e]
17:40:04.665 [main] INFO org.hibernate.tool.hbm2ddl.TableMetadata - HHH000261: Table found: COLLABORATION.PUBLIC.CFORUM
17:40:04.665 [main] INFO org.hibernate.tool.hbm2ddl.TableMetadata - HHH000037: Columns: [createdate, forumcontent, forumname, userid, forumid, remarks, status]
17:40:04.665 [main] INFO org.hibernate.tool.hbm2ddl.TableMetadata - HHH000108: Foreign keys: []
17:40:04.665 [main] INFO org.hibernate.tool.hbm2ddl.TableMetadata - HHH000126: Indexes: [primary_key_7]
17:40:04.669 [main] INFO org.hibernate.tool.hbm2ddl.TableMetadata - HHH000261: Table found: COLLABORATION.PUBLIC.CFORUMCOMMENT
17:40:04.669 [main] INFO org.hibernate.tool.hbm2ddl.TableMetadata - HHH000037: Columns: [forumcommentid, commentdate, forumcomment, userid, forumid, username]
17:40:04.669 [main] INFO org.hibernate.tool.hbm2ddl.TableMetadata - HHH000108: Foreign keys: []
17:40:04.669 [main] INFO org.hibernate.tool.hbm2ddl.TableMetadata - HHH000126: Indexes: [primary_key_9]
17:40:04.796 [main] INFO org.hibernate.tool.hbm2ddl.TableMetadata - HHH000261: Table found: COLLABORATION.PUBLIC.CFRIEND
17:40:04.797 [main] INFO org.hibernate.tool.hbm2ddl.TableMetadata - HHH000037: Columns: [friendid, tableid, userid, isonline, status]
17:40:04.797 [main] INFO org.hibernate.tool.hbm2ddl.TableMetadata - HHH000108: Foreign keys: []
17:40:04.797 [main] INFO org.hibernate.tool.hbm2ddl.TableMetadata - HHH000126: Indexes: [primary_key_5]
17:40:04.815 [main] INFO org.hibernate.tool.hbm2ddl.TableMetadata - HHH000261: Table found: COLLABORATION.PUBLIC.CJOB
17:40:04.815 [main] INFO org.hibernate.tool.hbm2ddl.TableMetadata - HHH000037: Columns: [jobid, jobdescription, jobtitle, jobstatus, createdate, jobqualification]
17:40:04.816 [main] INFO org.hibernate.tool.hbm2ddl.TableMetadata - HHH000108: Foreign keys: []
17:40:04.816 [main] INFO org.hibernate.tool.hbm2ddl.TableMetadata - HHH000126: Indexes: [primary_key_1]
17:40:04.919 [main] INFO org.hibernate.tool.hbm2ddl.TableMetadata - HHH000261: Table found: COLLABORATION.PUBLIC.CJOBAPPLIED
17:40:04.919 [main] INFO org.hibernate.tool.hbm2ddl.TableMetadata - HHH000037: Columns: [jobid, dateapplied, jobappliedid, userid, remarks, status]
17:40:04.920 [main] INFO org.hibernate.tool.hbm2ddl.TableMetadata - HHH000108: Foreign keys: []
17:40:04.920 [main] INFO org.hibernate.tool.hbm2ddl.TableMetadata - HHH000126: Indexes: [primary_key_19]
17:40:04.923 [main] INFO org.hibernate.tool.hbm2ddl.TableMetadata - HHH000261: Table found: COLLABORATION.PUBLIC.CPROFILEPIC
17:40:04.923 [main] INFO org.hibernate.tool.hbm2ddl.TableMetadata - HHH000037: Columns: [filename, filedata, profilepicsid, userid]
17:40:04.923 [main] INFO org.hibernate.tool.hbm2ddl.TableMetadata - HHH000108: Foreign keys: []
17:40:04.923 [main] INFO org.hibernate.tool.hbm2ddl.TableMetadata - HHH000126: Indexes: [primary_key_d]
17:40:04.927 [main] INFO org.hibernate.tool.hbm2ddl.TableMetadata - HHH000261: Table found: COLLABORATION.PUBLIC.CUSER
17:40:04.927 [main] INFO org.hibernate.tool.hbm2ddl.TableMetadata - HHH000037: Columns: [firstname, password, role, userid, email, remarks, isonline, lastname, status]
17:40:04.927 [main] INFO org.hibernate.tool.hbm2ddl.TableMetadata - HHH000108: Foreign keys: []
17:40:04.927 [main] INFO org.hibernate.tool.hbm2ddl.TableMetadata - HHH000126: Indexes: [primary_key_3d]
17:40:04.934 [main] INFO org.hibernate.tool.hbm2ddl.TableMetadata - HHH000261: Table found: COLLABORATION.PUBLIC.C_FORUM
17:40:04.934 [main] INFO org.hibernate.tool.hbm2ddl.TableMetadata - HHH000037: Columns: [user_id, id, created_date, message]
17:40:04.934 [main] INFO org.hibernate.tool.hbm2ddl.TableMetadata - HHH000108: Foreign keys: []
17:40:04.934 [main] INFO org.hibernate.tool.hbm2ddl.TableMetadata - HHH000126: Indexes: [primary_key_7e]
17:40:04.934 [main] DEBUG org.hibernate.id.factory.internal.DefaultIdentifierGeneratorFactory - Setting dialect [org.hibernate.dialect.H2Dialect]
17:40:04.935 [main] DEBUG org.hibernate.id.factory.internal.DefaultIdentifierGeneratorFactory - Setting dialect [org.hibernate.dialect.H2Dialect]
17:40:04.935 [main] DEBUG org.hibernate.id.factory.internal.DefaultIdentifierGeneratorFactory - Setting dialect [org.hibernate.dialect.H2Dialect]
17:40:04.935 [main] DEBUG org.hibernate.id.factory.internal.DefaultIdentifierGeneratorFactory - Setting dialect [org.hibernate.dialect.H2Dialect]
17:40:04.935 [main] DEBUG org.hibernate.id.factory.internal.DefaultIdentifierGeneratorFactory - Setting dialect [org.hibernate.dialect.H2Dialect]
17:40:04.935 [main] DEBUG org.hibernate.id.factory.internal.DefaultIdentifierGeneratorFactory - Setting dialect [org.hibernate.dialect.H2Dialect]
17:40:04.935 [main] DEBUG org.hibernate.id.factory.internal.DefaultIdentifierGeneratorFactory - Setting dialect [org.hibernate.dialect.H2Dialect]
17:40:04.935 [main] DEBUG org.hibernate.id.factory.internal.DefaultIdentifierGeneratorFactory - Setting dialect [org.hibernate.dialect.H2Dialect]
17:40:04.935 [main] DEBUG org.hibernate.id.factory.internal.DefaultIdentifierGeneratorFactory - Setting dialect [org.hibernate.dialect.H2Dialect]
17:40:04.935 [main] DEBUG org.hibernate.id.factory.internal.DefaultIdentifierGeneratorFactory - Setting dialect [org.hibernate.dialect.H2Dialect]
17:40:04.935 [main] INFO org.hibernate.tool.hbm2ddl.SchemaUpdate - HHH000232: Schema update complete
17:40:04.936 [main] DEBUG org.hibernate.internal.NamedQueryRepository - Checking 0 named HQL queries
17:40:04.936 [main] DEBUG org.hibernate.internal.NamedQueryRepository - Checking 0 named SQL queries
17:40:04.936 [main] DEBUG org.hibernate.stat.internal.StatisticsInitiator - Statistics initialized [enabled=false]
17:40:04.957 [main] DEBUG org.hibernate.internal.SessionFactoryImpl - HHH000031: Closing
17:40:04.957 [main] DEBUG org.hibernate.boot.registry.internal.BootstrapServiceRegistryImpl - Implicitly destroying Boot-strap registry on de-registration of all child ServiceRegistries
17:40:04.957 [main] DEBUG org.hibernate.service.internal.AbstractServiceRegistryImpl - Implicitly destroying ServiceRegistry on de-registration of all child ServiceRegistries
</system-out>
    <system-err>Nov 26, 2017 5:40:03 PM org.springframework.context.annotation.AnnotationConfigApplicationContext prepareRefresh
INFO: Refreshing org.springframework.context.annotation.AnnotationConfigApplicationContext@7d0d91a1: startup date [Sun Nov 26 17:40:03 IST 2017]; root of context hierarchy
Nov 26, 2017 5:40:03 PM org.springframework.beans.factory.annotation.AutowiredAnnotationBeanPostProcessor doWith
WARNING: Autowired annotation is not supported on static fields: static org.springframework.context.annotation.AnnotationConfigApplicationContext com.niit.junittestcases.BlogCommentDAOTestCase.context
Nov 26, 2017 5:40:03 PM org.springframework.beans.factory.annotation.AutowiredAnnotationBeanPostProcessor doWith
WARNING: Autowired annotation is not supported on static fields: static com.niit.model.BlogComment com.niit.junittestcases.BlogCommentDAOTestCase.blogComment
Nov 26, 2017 5:40:03 PM org.springframework.beans.factory.annotation.AutowiredAnnotationBeanPostProcessor doWith
WARNING: Autowired annotation is not supported on static fields: static com.niit.dao.BlogCommentDAO com.niit.junittestcases.BlogCommentDAOTestCase.blogCommentDAO
Nov 26, 2017 5:40:04 PM org.springframework.jdbc.datasource.DriverManagerDataSource setDriverClassName
INFO: Loaded JDBC driver: org.h2.Driver
Nov 26, 2017 5:40:04 PM org.springframework.context.annotation.AnnotationConfigApplicationContext refresh
WARNING: Exception encountered during context initialization - cancelling refresh attempt: org.springframework.beans.factory.UnsatisfiedDependencyException: Error creating bean with name &apos;blogCommentController&apos;: Unsatisfied dependency expressed through field &apos;session&apos;; nested exception is org.springframework.beans.factory.NoSuchBeanDefinitionException: No qualifying bean of type &apos;javax.servlet.http.HttpSession&apos; available: expected at least 1 bean which qualifies as autowire candidate. Dependency annotations: {@org.springframework.beans.factory.annotation.Autowired(required=true)}
</system-err>
  </testcase>
</testsuite>