<?xml version="1.0" encoding="UTF-8" ?>
<testsuite tests="1" failures="0" name="com.niit.junittestcases.ForumDAOTestCase" time="0.334" errors="1" skipped="0">
  <properties>
    <property name="java.runtime.name" value="Java(TM) SE Runtime Environment"/>
    <property name="sun.boot.library.path" value="C:\Program Files\Java\jdk1.8.0_141\jre\bin"/>
    <property name="java.vm.version" value="25.141-b15"/>
    <property name="java.vm.vendor" value="Oracle Corporation"/>
    <property name="maven.multiModuleProjectDirectory" value="E:\ALL-Workspaces\collaboration_project\CollaborationProjectBackend"/>
    <property name="java.vendor.url" value="http://java.oracle.com/"/>
    <property name="path.separator" value=";"/>
    <property name="guice.disable.misplaced.annotation.check" value="true"/>
    <property name="java.vm.name" value="Java HotSpot(TM) 64-Bit Server VM"/>
    <property name="file.encoding.pkg" value="sun.io"/>
    <property name="user.script" value=""/>
    <property name="user.country" value="US"/>
    <property name="sun.java.launcher" value="SUN_STANDARD"/>
    <property name="sun.os.patch.level" value=""/>
    <property name="java.vm.specification.name" value="Java Virtual Machine Specification"/>
    <property name="user.dir" value="E:\ALL-Workspaces\collaboration_project\CollaborationProjectBackend"/>
    <property name="java.runtime.version" value="1.8.0_141-b15"/>
    <property name="java.awt.graphicsenv" value="sun.awt.Win32GraphicsEnvironment"/>
    <property name="java.endorsed.dirs" value="C:\Program Files\Java\jdk1.8.0_141\jre\lib\endorsed"/>
    <property name="os.arch" value="amd64"/>
    <property name="java.io.tmpdir" value="C:\Users\lalak\AppData\Local\Temp\"/>
    <property name="line.separator" value="
"/>
    <property name="java.vm.specification.vendor" value="Oracle Corporation"/>
    <property name="user.variant" value=""/>
    <property name="os.name" value="Windows 10"/>
    <property name="classworlds.conf" value="E:\ALL-Workspaces\collaboration_project\.metadata\.plugins\org.eclipse.m2e.launching\launches\m2conf6416160788384490393.tmp"/>
    <property name="sun.jnu.encoding" value="Cp1252"/>
    <property name="java.library.path" value="C:\Program Files\Java\jdk1.8.0_141\bin;C:\WINDOWS\Sun\Java\bin;C:\WINDOWS\system32;C:\WINDOWS;C:/Program Files/Java/jdk1.8.0_141/bin/../jre/bin/server;C:/Program Files/Java/jdk1.8.0_141/bin/../jre/bin;C:/Program Files/Java/jdk1.8.0_141/bin/../jre/lib/amd64;C:\WINDOWS\system32;C:\WINDOWS;C:\WINDOWS\System32\Wbem;C:\WINDOWS\System32\WindowsPowerShell\v1.0\;C:\apache-maven-3.5.0\bin;E:\DontDisturb\Tomcat9;C:\Program Files\Java\jdk1.8.0_141\bin;C:\Users\lalak\AppData\Local\Microsoft\WindowsApps;;C:\eclipse-jee-oxygen-R-win32-x86_64\eclipse;;."/>
    <property name="java.specification.name" value="Java Platform API Specification"/>
    <property name="java.class.version" value="52.0"/>
    <property name="sun.management.compiler" value="HotSpot 64-Bit Tiered Compilers"/>
    <property name="os.version" value="10.0"/>
    <property name="user.home" value="C:\Users\lalak"/>
    <property name="user.timezone" value="Asia/Calcutta"/>
    <property name="java.awt.printerjob" value="sun.awt.windows.WPrinterJob"/>
    <property name="java.specification.version" value="1.8"/>
    <property name="file.encoding" value="Cp1252"/>
    <property name="user.name" value="lalak"/>
    <property name="java.class.path" value="C:\eclipse-jee-oxygen-R-win32-x86_64\eclipse\plugins\org.eclipse.m2e.maven.runtime_1.8.2.20171007-0216\jars\plexus-classworlds-2.5.2.jar"/>
    <property name="java.vm.specification.version" value="1.8"/>
    <property name="sun.arch.data.model" value="64"/>
    <property name="java.home" value="C:\Program Files\Java\jdk1.8.0_141\jre"/>
    <property name="sun.java.command" value="org.codehaus.plexus.classworlds.launcher.Launcher -B install"/>
    <property name="java.specification.vendor" value="Oracle Corporation"/>
    <property name="user.language" value="en"/>
    <property name="awt.toolkit" value="sun.awt.windows.WToolkit"/>
    <property name="java.vm.info" value="mixed mode"/>
    <property name="java.version" value="1.8.0_141"/>
    <property name="java.ext.dirs" value="C:\Program Files\Java\jdk1.8.0_141\jre\lib\ext;C:\WINDOWS\Sun\Java\lib\ext"/>
    <property name="sun.boot.class.path" value="C:\Program Files\Java\jdk1.8.0_141\jre\lib\resources.jar;C:\Program Files\Java\jdk1.8.0_141\jre\lib\rt.jar;C:\Program Files\Java\jdk1.8.0_141\jre\lib\sunrsasign.jar;C:\Program Files\Java\jdk1.8.0_141\jre\lib\jsse.jar;C:\Program Files\Java\jdk1.8.0_141\jre\lib\jce.jar;C:\Program Files\Java\jdk1.8.0_141\jre\lib\charsets.jar;C:\Program Files\Java\jdk1.8.0_141\jre\lib\jfr.jar;C:\Program Files\Java\jdk1.8.0_141\jre\classes"/>
    <property name="java.vendor" value="Oracle Corporation"/>
    <property name="maven.home" value="E:\ALL-Workspaces\collaboration_project\CollaborationProjectBackend\EMBEDDED"/>
    <property name="file.separator" value="\"/>
    <property name="java.vendor.url.bug" value="http://bugreport.sun.com/bugreport/"/>
    <property name="sun.cpu.endian" value="little"/>
    <property name="sun.io.unicode.encoding" value="UnicodeLittle"/>
    <property name="sun.desktop" value="windows"/>
    <property name="sun.cpu.isalist" value="amd64"/>
  </properties>
  <testcase classname="com.niit.junittestcases.ForumDAOTestCase" name="com.niit.junittestcases.ForumDAOTestCase" time="0.334">
    <error message="Error creating bean with name &apos;blogCommentController&apos;: Unsatisfied dependency expressed through field &apos;session&apos;; nested exception is org.springframework.beans.factory.NoSuchBeanDefinitionException: No qualifying bean of type &apos;javax.servlet.http.HttpSession&apos; available: expected at least 1 bean which qualifies as autowire candidate. Dependency annotations: {@org.springframework.beans.factory.annotation.Autowired(required=true)}" type="org.springframework.beans.factory.UnsatisfiedDependencyException">org.springframework.beans.factory.UnsatisfiedDependencyException: Error creating bean with name &apos;blogCommentController&apos;: Unsatisfied dependency expressed through field &apos;session&apos;; nested exception is org.springframework.beans.factory.NoSuchBeanDefinitionException: No qualifying bean of type &apos;javax.servlet.http.HttpSession&apos; available: expected at least 1 bean which qualifies as autowire candidate. Dependency annotations: {@org.springframework.beans.factory.annotation.Autowired(required=true)}
	at org.springframework.beans.factory.annotation.AutowiredAnnotationBeanPostProcessor$AutowiredFieldElement.inject(AutowiredAnnotationBeanPostProcessor.java:588)
	at org.springframework.beans.factory.annotation.InjectionMetadata.inject(InjectionMetadata.java:88)
	at org.springframework.beans.factory.annotation.AutowiredAnnotationBeanPostProcessor.postProcessPropertyValues(AutowiredAnnotationBeanPostProcessor.java:366)
	at org.springframework.beans.factory.support.AbstractAutowireCapableBeanFactory.populateBean(AbstractAutowireCapableBeanFactory.java:1264)
	at org.springframework.beans.factory.support.AbstractAutowireCapableBeanFactory.doCreateBean(AbstractAutowireCapableBeanFactory.java:553)
	at org.springframework.beans.factory.support.AbstractAutowireCapableBeanFactory.createBean(AbstractAutowireCapableBeanFactory.java:483)
	at org.springframework.beans.factory.support.AbstractBeanFactory$1.getObject(AbstractBeanFactory.java:306)
	at org.springframework.beans.factory.support.DefaultSingletonBeanRegistry.getSingleton(DefaultSingletonBeanRegistry.java:230)
	at org.springframework.beans.factory.support.AbstractBeanFactory.doGetBean(AbstractBeanFactory.java:302)
	at org.springframework.beans.factory.support.AbstractBeanFactory.getBean(AbstractBeanFactory.java:197)
	at org.springframework.beans.factory.support.DefaultListableBeanFactory.preInstantiateSingletons(DefaultListableBeanFactory.java:761)
	at org.springframework.context.support.AbstractApplicationContext.finishBeanFactoryInitialization(AbstractApplicationContext.java:867)
	at org.springframework.context.support.AbstractApplicationContext.refresh(AbstractApplicationContext.java:543)
	at com.niit.junittestcases.ForumDAOTestCase.initialize(ForumDAOTestCase.java:30)
	at sun.reflect.NativeMethodAccessorImpl.invoke0(Native Method)
	at sun.reflect.NativeMethodAccessorImpl.invoke(NativeMethodAccessorImpl.java:62)
	at sun.reflect.DelegatingMethodAccessorImpl.invoke(DelegatingMethodAccessorImpl.java:43)
	at java.lang.reflect.Method.invoke(Method.java:498)
	at org.junit.runners.model.FrameworkMethod$1.runReflectiveCall(FrameworkMethod.java:50)
	at org.junit.internal.runners.model.ReflectiveCallable.run(ReflectiveCallable.java:12)
	at org.junit.runners.model.FrameworkMethod.invokeExplosively(FrameworkMethod.java:47)
	at org.junit.internal.runners.statements.RunBefores.evaluate(RunBefores.java:24)
	at org.junit.runners.ParentRunner.run(ParentRunner.java:363)
	at org.apache.maven.surefire.junit4.JUnit4Provider.execute(JUnit4Provider.java:252)
	at org.apache.maven.surefire.junit4.JUnit4Provider.executeTestSet(JUnit4Provider.java:141)
	at org.apache.maven.surefire.junit4.JUnit4Provider.invoke(JUnit4Provider.java:112)
	at sun.reflect.NativeMethodAccessorImpl.invoke0(Native Method)
	at sun.reflect.NativeMethodAccessorImpl.invoke(NativeMethodAccessorImpl.java:62)
	at sun.reflect.DelegatingMethodAccessorImpl.invoke(DelegatingMethodAccessorImpl.java:43)
	at java.lang.reflect.Method.invoke(Method.java:498)
	at org.apache.maven.surefire.util.ReflectionUtils.invokeMethodWithArray(ReflectionUtils.java:189)
	at org.apache.maven.surefire.booter.ProviderFactory$ProviderProxy.invoke(ProviderFactory.java:165)
	at org.apache.maven.surefire.booter.ProviderFactory.invokeProvider(ProviderFactory.java:85)
	at org.apache.maven.surefire.booter.ForkedBooter.runSuitesInProcess(ForkedBooter.java:115)
	at org.apache.maven.surefire.booter.ForkedBooter.main(ForkedBooter.java:75)
Caused by: org.springframework.beans.factory.NoSuchBeanDefinitionException: No qualifying bean of type &apos;javax.servlet.http.HttpSession&apos; available: expected at least 1 bean which qualifies as autowire candidate. Dependency annotations: {@org.springframework.beans.factory.annotation.Autowired(required=true)}
	at org.springframework.beans.factory.support.DefaultListableBeanFactory.raiseNoMatchingBeanFound(DefaultListableBeanFactory.java:1493)
	at org.springframework.beans.factory.support.DefaultListableBeanFactory.doResolveDependency(DefaultListableBeanFactory.java:1104)
	at org.springframework.beans.factory.support.DefaultListableBeanFactory.resolveDependency(DefaultListableBeanFactory.java:1066)
	at org.springframework.beans.factory.annotation.AutowiredAnnotationBeanPostProcessor$AutowiredFieldElement.inject(AutowiredAnnotationBeanPostProcessor.java:585)
	... 34 more
</error>
    <system-out>17:40:02.586 [main] DEBUG com.niit.config.ApplicationContextConfig - Starting of the method getOracleDataSource
17:40:02.587 [main] DEBUG com.niit.config.ApplicationContextConfig - Setting the data source :null
17:40:02.587 [main] DEBUG com.niit.config.ApplicationContextConfig - Ending of the method getOracleDataSource
17:40:02.592 [main] DEBUG com.niit.config.ApplicationContextConfig - Starting of the method getSessionFactory
17:40:02.592 [main] DEBUG org.hibernate.type.BasicTypeRegistry - Adding type registration boolean -&gt; org.hibernate.type.BooleanType@5a37d3ed
17:40:02.592 [main] DEBUG org.hibernate.type.BasicTypeRegistry - Adding type registration boolean -&gt; org.hibernate.type.BooleanType@5a37d3ed
17:40:02.592 [main] DEBUG org.hibernate.type.BasicTypeRegistry - Adding type registration java.lang.Boolean -&gt; org.hibernate.type.BooleanType@5a37d3ed
17:40:02.592 [main] DEBUG org.hibernate.type.BasicTypeRegistry - Adding type registration numeric_boolean -&gt; org.hibernate.type.NumericBooleanType@52e7a6b2
17:40:02.592 [main] DEBUG org.hibernate.type.BasicTypeRegistry - Adding type registration true_false -&gt; org.hibernate.type.TrueFalseType@6f6745d6
17:40:02.592 [main] DEBUG org.hibernate.type.BasicTypeRegistry - Adding type registration yes_no -&gt; org.hibernate.type.YesNoType@4b5189ac
17:40:02.592 [main] DEBUG org.hibernate.type.BasicTypeRegistry - Adding type registration byte -&gt; org.hibernate.type.ByteType@1acaf3d
17:40:02.592 [main] DEBUG org.hibernate.type.BasicTypeRegistry - Adding type registration byte -&gt; org.hibernate.type.ByteType@1acaf3d
17:40:02.592 [main] DEBUG org.hibernate.type.BasicTypeRegistry - Adding type registration java.lang.Byte -&gt; org.hibernate.type.ByteType@1acaf3d
17:40:02.592 [main] DEBUG org.hibernate.type.BasicTypeRegistry - Adding type registration character -&gt; org.hibernate.type.CharacterType@2b9ed6da
17:40:02.593 [main] DEBUG org.hibernate.type.BasicTypeRegistry - Adding type registration char -&gt; org.hibernate.type.CharacterType@2b9ed6da
17:40:02.593 [main] DEBUG org.hibernate.type.BasicTypeRegistry - Adding type registration java.lang.Character -&gt; org.hibernate.type.CharacterType@2b9ed6da
17:40:02.593 [main] DEBUG org.hibernate.type.BasicTypeRegistry - Adding type registration short -&gt; org.hibernate.type.ShortType@34f6515b
17:40:02.593 [main] DEBUG org.hibernate.type.BasicTypeRegistry - Adding type registration short -&gt; org.hibernate.type.ShortType@34f6515b
17:40:02.593 [main] DEBUG org.hibernate.type.BasicTypeRegistry - Adding type registration java.lang.Short -&gt; org.hibernate.type.ShortType@34f6515b
17:40:02.593 [main] DEBUG org.hibernate.type.BasicTypeRegistry - Adding type registration integer -&gt; org.hibernate.type.IntegerType@57c03d88
17:40:02.593 [main] DEBUG org.hibernate.type.BasicTypeRegistry - Adding type registration int -&gt; org.hibernate.type.IntegerType@57c03d88
17:40:02.593 [main] DEBUG org.hibernate.type.BasicTypeRegistry - Adding type registration java.lang.Integer -&gt; org.hibernate.type.IntegerType@57c03d88
17:40:02.593 [main] DEBUG org.hibernate.type.BasicTypeRegistry - Adding type registration long -&gt; org.hibernate.type.LongType@4f74980d
17:40:02.593 [main] DEBUG org.hibernate.type.BasicTypeRegistry - Adding type registration long -&gt; org.hibernate.type.LongType@4f74980d
17:40:02.593 [main] DEBUG org.hibernate.type.BasicTypeRegistry - Adding type registration java.lang.Long -&gt; org.hibernate.type.LongType@4f74980d
17:40:02.594 [main] DEBUG org.hibernate.type.BasicTypeRegistry - Adding type registration float -&gt; org.hibernate.type.FloatType@57ad2aa7
17:40:02.594 [main] DEBUG org.hibernate.type.BasicTypeRegistry - Adding type registration float -&gt; org.hibernate.type.FloatType@57ad2aa7
17:40:02.594 [main] DEBUG org.hibernate.type.BasicTypeRegistry - Adding type registration java.lang.Float -&gt; org.hibernate.type.FloatType@57ad2aa7
17:40:02.594 [main] DEBUG org.hibernate.type.BasicTypeRegistry - Adding type registration double -&gt; org.hibernate.type.DoubleType@4fbe37eb
17:40:02.594 [main] DEBUG org.hibernate.type.BasicTypeRegistry - Adding type registration double -&gt; org.hibernate.type.DoubleType@4fbe37eb
17:40:02.594 [main] DEBUG org.hibernate.type.BasicTypeRegistry - Adding type registration java.lang.Double -&gt; org.hibernate.type.DoubleType@4fbe37eb
17:40:02.594 [main] DEBUG org.hibernate.type.BasicTypeRegistry - Adding type registration big_decimal -&gt; org.hibernate.type.BigDecimalType@61eaec38
17:40:02.594 [main] DEBUG org.hibernate.type.BasicTypeRegistry - Adding type registration java.math.BigDecimal -&gt; org.hibernate.type.BigDecimalType@61eaec38
17:40:02.594 [main] DEBUG org.hibernate.type.BasicTypeRegistry - Adding type registration big_integer -&gt; org.hibernate.type.BigIntegerType@1205bd62
17:40:02.594 [main] DEBUG org.hibernate.type.BasicTypeRegistry - Adding type registration java.math.BigInteger -&gt; org.hibernate.type.BigIntegerType@1205bd62
17:40:02.594 [main] DEBUG org.hibernate.type.BasicTypeRegistry - Adding type registration string -&gt; org.hibernate.type.StringType@31920ade
17:40:02.595 [main] DEBUG org.hibernate.type.BasicTypeRegistry - Adding type registration java.lang.String -&gt; org.hibernate.type.StringType@31920ade
17:40:02.595 [main] DEBUG org.hibernate.type.BasicTypeRegistry - Adding type registration nstring -&gt; org.hibernate.type.StringNVarcharType@55cf0d14
17:40:02.595 [main] DEBUG org.hibernate.type.BasicTypeRegistry - Adding type registration ncharacter -&gt; org.hibernate.type.CharacterNCharType@1fd14d74
17:40:02.595 [main] DEBUG org.hibernate.type.BasicTypeRegistry - Adding type registration url -&gt; org.hibernate.type.UrlType@1ae8bcbc
17:40:02.595 [main] DEBUG org.hibernate.type.BasicTypeRegistry - Adding type registration java.net.URL -&gt; org.hibernate.type.UrlType@1ae8bcbc
17:40:02.595 [main] DEBUG org.hibernate.type.BasicTypeRegistry - Adding type registration date -&gt; org.hibernate.type.DateType@4b7dc788
17:40:02.595 [main] DEBUG org.hibernate.type.BasicTypeRegistry - Adding type registration java.sql.Date -&gt; org.hibernate.type.DateType@4b7dc788
17:40:02.595 [main] DEBUG org.hibernate.type.BasicTypeRegistry - Adding type registration time -&gt; org.hibernate.type.TimeType@27d5a580
17:40:02.595 [main] DEBUG org.hibernate.type.BasicTypeRegistry - Adding type registration java.sql.Time -&gt; org.hibernate.type.TimeType@27d5a580
17:40:02.595 [main] DEBUG org.hibernate.type.BasicTypeRegistry - Adding type registration timestamp -&gt; org.hibernate.type.TimestampType@19e7a160
17:40:02.595 [main] DEBUG org.hibernate.type.BasicTypeRegistry - Adding type registration java.sql.Timestamp -&gt; org.hibernate.type.TimestampType@19e7a160
17:40:02.595 [main] DEBUG org.hibernate.type.BasicTypeRegistry - Adding type registration java.util.Date -&gt; org.hibernate.type.TimestampType@19e7a160
17:40:02.595 [main] DEBUG org.hibernate.type.BasicTypeRegistry - Adding type registration dbtimestamp -&gt; org.hibernate.type.DbTimestampType@16b2bb0c
17:40:02.595 [main] DEBUG org.hibernate.type.BasicTypeRegistry - Adding type registration calendar -&gt; org.hibernate.type.CalendarType@30bce90b
17:40:02.595 [main] DEBUG org.hibernate.type.BasicTypeRegistry - Adding type registration java.util.Calendar -&gt; org.hibernate.type.CalendarType@30bce90b
17:40:02.595 [main] DEBUG org.hibernate.type.BasicTypeRegistry - Adding type registration java.util.GregorianCalendar -&gt; org.hibernate.type.CalendarType@30bce90b
17:40:02.595 [main] DEBUG org.hibernate.type.BasicTypeRegistry - Adding type registration calendar_date -&gt; org.hibernate.type.CalendarDateType@2474f125
17:40:02.595 [main] DEBUG org.hibernate.type.BasicTypeRegistry - Adding type registration locale -&gt; org.hibernate.type.LocaleType@4eaf3684
17:40:02.595 [main] DEBUG org.hibernate.type.BasicTypeRegistry - Adding type registration java.util.Locale -&gt; org.hibernate.type.LocaleType@4eaf3684
17:40:02.595 [main] DEBUG org.hibernate.type.BasicTypeRegistry - Adding type registration currency -&gt; org.hibernate.type.CurrencyType@b978d10
17:40:02.595 [main] DEBUG org.hibernate.type.BasicTypeRegistry - Adding type registration java.util.Currency -&gt; org.hibernate.type.CurrencyType@b978d10
17:40:02.595 [main] DEBUG org.hibernate.type.BasicTypeRegistry - Adding type registration timezone -&gt; org.hibernate.type.TimeZoneType@6676f6a0
17:40:02.595 [main] DEBUG org.hibernate.type.BasicTypeRegistry - Adding type registration java.util.TimeZone -&gt; org.hibernate.type.TimeZoneType@6676f6a0
17:40:02.595 [main] DEBUG org.hibernate.type.BasicTypeRegistry - Adding type registration class -&gt; org.hibernate.type.ClassType@11f0a5a1
17:40:02.595 [main] DEBUG org.hibernate.type.BasicTypeRegistry - Adding type registration java.lang.Class -&gt; org.hibernate.type.ClassType@11f0a5a1
17:40:02.595 [main] DEBUG org.hibernate.type.BasicTypeRegistry - Adding type registration uuid-binary -&gt; org.hibernate.type.UUIDBinaryType@5a5338df
17:40:02.595 [main] DEBUG org.hibernate.type.BasicTypeRegistry - Adding type registration java.util.UUID -&gt; org.hibernate.type.UUIDBinaryType@5a5338df
17:40:02.595 [main] DEBUG org.hibernate.type.BasicTypeRegistry - Adding type registration uuid-char -&gt; org.hibernate.type.UUIDCharType@5082d622
17:40:02.595 [main] DEBUG org.hibernate.type.BasicTypeRegistry - Adding type registration pg-uuid -&gt; org.hibernate.type.PostgresUUIDType@4278284b
17:40:02.595 [main] DEBUG org.hibernate.type.BasicTypeRegistry - Adding type registration binary -&gt; org.hibernate.type.BinaryType@53251a66
17:40:02.595 [main] DEBUG org.hibernate.type.BasicTypeRegistry - Adding type registration byte[] -&gt; org.hibernate.type.BinaryType@53251a66
17:40:02.596 [main] DEBUG org.hibernate.type.BasicTypeRegistry - Adding type registration [B -&gt; org.hibernate.type.BinaryType@53251a66
17:40:02.596 [main] DEBUG org.hibernate.type.BasicTypeRegistry - Adding type registration wrapper-binary -&gt; org.hibernate.type.WrapperBinaryType@7d898981
17:40:02.596 [main] DEBUG org.hibernate.type.BasicTypeRegistry - Adding type registration Byte[] -&gt; org.hibernate.type.WrapperBinaryType@7d898981
17:40:02.596 [main] DEBUG org.hibernate.type.BasicTypeRegistry - Adding type registration [Ljava.lang.Byte; -&gt; org.hibernate.type.WrapperBinaryType@7d898981
17:40:02.596 [main] DEBUG org.hibernate.type.BasicTypeRegistry - Adding type registration image -&gt; org.hibernate.type.ImageType@6c0d7c83
17:40:02.596 [main] DEBUG org.hibernate.type.BasicTypeRegistry - Adding type registration characters -&gt; org.hibernate.type.CharArrayType@4f6f416f
17:40:02.596 [main] DEBUG org.hibernate.type.BasicTypeRegistry - Adding type registration char[] -&gt; org.hibernate.type.CharArrayType@4f6f416f
17:40:02.596 [main] DEBUG org.hibernate.type.BasicTypeRegistry - Adding type registration [C -&gt; org.hibernate.type.CharArrayType@4f6f416f
17:40:02.596 [main] DEBUG org.hibernate.type.BasicTypeRegistry - Adding type registration wrapper-characters -&gt; org.hibernate.type.CharacterArrayType@7b8b43c7
17:40:02.596 [main] DEBUG org.hibernate.type.BasicTypeRegistry - Adding type registration [Ljava.lang.Character; -&gt; org.hibernate.type.CharacterArrayType@7b8b43c7
17:40:02.596 [main] DEBUG org.hibernate.type.BasicTypeRegistry - Adding type registration Character[] -&gt; org.hibernate.type.CharacterArrayType@7b8b43c7
17:40:02.596 [main] DEBUG org.hibernate.type.BasicTypeRegistry - Adding type registration text -&gt; org.hibernate.type.TextType@7fcf2fc1
17:40:02.596 [main] DEBUG org.hibernate.type.BasicTypeRegistry - Adding type registration ntext -&gt; org.hibernate.type.NTextType@20435c40
17:40:02.596 [main] DEBUG org.hibernate.type.BasicTypeRegistry - Adding type registration blob -&gt; org.hibernate.type.BlobType@4397ad89
17:40:02.596 [main] DEBUG org.hibernate.type.BasicTypeRegistry - Adding type registration java.sql.Blob -&gt; org.hibernate.type.BlobType@4397ad89
17:40:02.596 [main] DEBUG org.hibernate.type.BasicTypeRegistry - Adding type registration materialized_blob -&gt; org.hibernate.type.MaterializedBlobType@6f19ac19
17:40:02.596 [main] DEBUG org.hibernate.type.BasicTypeRegistry - Adding type registration clob -&gt; org.hibernate.type.ClobType@2d778add
17:40:02.596 [main] DEBUG org.hibernate.type.BasicTypeRegistry - Adding type registration java.sql.Clob -&gt; org.hibernate.type.ClobType@2d778add
17:40:02.596 [main] DEBUG org.hibernate.type.BasicTypeRegistry - Adding type registration nclob -&gt; org.hibernate.type.NClobType@7922d892
17:40:02.596 [main] DEBUG org.hibernate.type.BasicTypeRegistry - Adding type registration java.sql.NClob -&gt; org.hibernate.type.NClobType@7922d892
17:40:02.596 [main] DEBUG org.hibernate.type.BasicTypeRegistry - Adding type registration materialized_clob -&gt; org.hibernate.type.MaterializedClobType@50de186c
17:40:02.596 [main] DEBUG org.hibernate.type.BasicTypeRegistry - Adding type registration materialized_nclob -&gt; org.hibernate.type.MaterializedNClobType@51549490
17:40:02.597 [main] DEBUG org.hibernate.type.BasicTypeRegistry - Adding type registration serializable -&gt; org.hibernate.type.SerializableType@7daa0fbd
17:40:02.597 [main] DEBUG org.hibernate.type.BasicTypeRegistry - Adding type registration object -&gt; org.hibernate.type.ObjectType@36b4091c
17:40:02.597 [main] DEBUG org.hibernate.type.BasicTypeRegistry - Adding type registration java.lang.Object -&gt; org.hibernate.type.ObjectType@36b4091c
17:40:02.597 [main] DEBUG org.hibernate.type.BasicTypeRegistry - Adding type registration imm_date -&gt; org.hibernate.type.AdaptedImmutableType@4596f8f3
17:40:02.597 [main] DEBUG org.hibernate.type.BasicTypeRegistry - Adding type registration imm_time -&gt; org.hibernate.type.AdaptedImmutableType@ccf91df
17:40:02.597 [main] DEBUG org.hibernate.type.BasicTypeRegistry - Adding type registration imm_timestamp -&gt; org.hibernate.type.AdaptedImmutableType@117d32e
17:40:02.597 [main] DEBUG org.hibernate.type.BasicTypeRegistry - Adding type registration imm_dbtimestamp -&gt; org.hibernate.type.AdaptedImmutableType@51d387d3
17:40:02.597 [main] DEBUG org.hibernate.type.BasicTypeRegistry - Adding type registration imm_calendar -&gt; org.hibernate.type.AdaptedImmutableType@2370ac7a
17:40:02.597 [main] DEBUG org.hibernate.type.BasicTypeRegistry - Adding type registration imm_calendar_date -&gt; org.hibernate.type.AdaptedImmutableType@534180a2
17:40:02.597 [main] DEBUG org.hibernate.type.BasicTypeRegistry - Adding type registration imm_binary -&gt; org.hibernate.type.AdaptedImmutableType@6cf0a747
17:40:02.597 [main] DEBUG org.hibernate.type.BasicTypeRegistry - Adding type registration imm_serializable -&gt; org.hibernate.type.AdaptedImmutableType@21505815
17:40:02.597 [main] DEBUG org.hibernate.id.factory.internal.DefaultIdentifierGeneratorFactory - Registering IdentifierGenerator strategy [uuid2] -&gt; [org.hibernate.id.UUIDGenerator]
17:40:02.597 [main] DEBUG org.hibernate.id.factory.internal.DefaultIdentifierGeneratorFactory - Registering IdentifierGenerator strategy [guid] -&gt; [org.hibernate.id.GUIDGenerator]
17:40:02.597 [main] DEBUG org.hibernate.id.factory.internal.DefaultIdentifierGeneratorFactory - Registering IdentifierGenerator strategy [uuid] -&gt; [org.hibernate.id.UUIDHexGenerator]
17:40:02.597 [main] DEBUG org.hibernate.id.factory.internal.DefaultIdentifierGeneratorFactory - Registering IdentifierGenerator strategy [uuid.hex] -&gt; [org.hibernate.id.UUIDHexGenerator]
17:40:02.597 [main] DEBUG org.hibernate.id.factory.internal.DefaultIdentifierGeneratorFactory - Registering IdentifierGenerator strategy [hilo] -&gt; [org.hibernate.id.TableHiLoGenerator]
17:40:02.598 [main] DEBUG org.hibernate.id.factory.internal.DefaultIdentifierGeneratorFactory - Registering IdentifierGenerator strategy [assigned] -&gt; [org.hibernate.id.Assigned]
17:40:02.598 [main] DEBUG org.hibernate.id.factory.internal.DefaultIdentifierGeneratorFactory - Registering IdentifierGenerator strategy [identity] -&gt; [org.hibernate.id.IdentityGenerator]
17:40:02.598 [main] DEBUG org.hibernate.id.factory.internal.DefaultIdentifierGeneratorFactory - Registering IdentifierGenerator strategy [select] -&gt; [org.hibernate.id.SelectGenerator]
17:40:02.598 [main] DEBUG org.hibernate.id.factory.internal.DefaultIdentifierGeneratorFactory - Registering IdentifierGenerator strategy [sequence] -&gt; [org.hibernate.id.SequenceGenerator]
17:40:02.598 [main] DEBUG org.hibernate.id.factory.internal.DefaultIdentifierGeneratorFactory - Registering IdentifierGenerator strategy [seqhilo] -&gt; [org.hibernate.id.SequenceHiLoGenerator]
17:40:02.598 [main] DEBUG org.hibernate.id.factory.internal.DefaultIdentifierGeneratorFactory - Registering IdentifierGenerator strategy [increment] -&gt; [org.hibernate.id.IncrementGenerator]
17:40:02.598 [main] DEBUG org.hibernate.id.factory.internal.DefaultIdentifierGeneratorFactory - Registering IdentifierGenerator strategy [foreign] -&gt; [org.hibernate.id.ForeignGenerator]
17:40:02.598 [main] DEBUG org.hibernate.id.factory.internal.DefaultIdentifierGeneratorFactory - Registering IdentifierGenerator strategy [sequence-identity] -&gt; [org.hibernate.id.SequenceIdentityGenerator]
17:40:02.598 [main] DEBUG org.hibernate.id.factory.internal.DefaultIdentifierGeneratorFactory - Registering IdentifierGenerator strategy [enhanced-sequence] -&gt; [org.hibernate.id.enhanced.SequenceStyleGenerator]
17:40:02.613 [main] DEBUG org.hibernate.id.factory.internal.DefaultIdentifierGeneratorFactory - Registering IdentifierGenerator strategy [enhanced-table] -&gt; [org.hibernate.id.enhanced.TableGenerator]
17:40:02.613 [main] DEBUG com.niit.config.ApplicationContextConfig - Starting of the method getHibernateProperties
17:40:02.613 [main] DEBUG com.niit.config.ApplicationContextConfig - Ending of the method getHibernateProperties
session factory
17:40:02.647 [main] DEBUG com.niit.config.ApplicationContextConfig - Ending of the method getSessionFactory
17:40:02.647 [main] DEBUG org.hibernate.integrator.internal.IntegratorServiceImpl - Adding Integrator [org.hibernate.cfg.beanvalidation.BeanValidationIntegrator].
17:40:02.647 [main] DEBUG org.hibernate.integrator.internal.IntegratorServiceImpl - Adding Integrator [org.hibernate.secure.spi.JaccIntegrator].
17:40:02.647 [main] DEBUG org.hibernate.integrator.internal.IntegratorServiceImpl - Adding Integrator [org.hibernate.cache.internal.CollectionCacheInvalidator].
17:40:02.648 [main] DEBUG org.hibernate.boot.registry.selector.internal.StrategySelectorImpl - Registering named strategy selector [org.hibernate.dialect.Dialect] : [MySQL5] -&gt; [org.hibernate.dialect.MySQL5Dialect] (replacing [org.hibernate.dialect.MySQL5Dialect])
17:40:02.648 [main] DEBUG org.hibernate.boot.registry.selector.internal.StrategySelectorImpl - Registering named strategy selector [org.hibernate.dialect.Dialect] : [MySQL5InnoDB] -&gt; [org.hibernate.dialect.MySQL5InnoDBDialect] (replacing [org.hibernate.dialect.MySQL5InnoDBDialect])
17:40:02.663 [main] DEBUG org.hibernate.service.spi.ServiceBinding - Overriding existing service binding [org.hibernate.secure.spi.JaccService]
17:40:02.663 [main] DEBUG org.hibernate.cfg.Configuration - Preparing to build session factory with filters : {}
17:40:02.701 [main] DEBUG org.hibernate.engine.jdbc.internal.JdbcServicesImpl - Database -&gt;
       name : H2
    version : 1.4.195 (2017-04-23)
      major : 1
      minor : 4
17:40:02.701 [main] DEBUG org.hibernate.engine.jdbc.internal.JdbcServicesImpl - Driver -&gt;
       name : H2 JDBC Driver
    version : 1.4.195 (2017-04-23)
      major : 1
      minor : 4
17:40:02.701 [main] DEBUG org.hibernate.engine.jdbc.internal.JdbcServicesImpl - JDBC version : 4.0
17:40:02.701 [main] DEBUG org.hibernate.engine.jdbc.cursor.internal.StandardRefCursorSupport - Unexpected error trying to gauge level of JDBC REF_CURSOR support : null
17:40:02.704 [main] INFO org.hibernate.dialect.Dialect - HHH000400: Using dialect: org.hibernate.dialect.H2Dialect
17:40:02.707 [main] DEBUG org.hibernate.cfg.Configuration - Processing hbm.xml files
17:40:02.707 [main] DEBUG org.hibernate.cfg.Configuration - Process annotated classes
17:40:02.707 [main] DEBUG org.hibernate.cfg.AnnotationBinder - Binding entity from annotated class: com.niit.model.Blog
17:40:02.708 [main] DEBUG org.hibernate.cfg.Ejb3Column - Binding column: Ejb3DiscriminatorColumn{logicalColumnName&apos;DTYPE&apos;, discriminatorTypeName=&apos;string&apos;}
17:40:02.708 [main] DEBUG org.hibernate.cfg.AnnotationBinder - No value specified for &apos;javax.persistence.sharedCache.mode&apos;; using UNSPECIFIED
17:40:02.708 [main] DEBUG org.hibernate.cfg.annotations.EntityBinder - Import with entity name Blog
17:40:02.714 [main] DEBUG org.hibernate.cfg.annotations.EntityBinder - Bind entity com.niit.model.Blog on table CBlog
17:40:02.715 [main] DEBUG org.hibernate.cfg.Ejb3Column - Binding column: Ejb3Column{table=org.hibernate.mapping.Table(CBlog), mappingColumn=blogId, insertable=true, updatable=true, unique=false}
17:40:02.716 [main] DEBUG org.hibernate.cfg.annotations.PropertyBinder - MetadataSourceProcessor property blogId with lazy=false
17:40:02.716 [main] DEBUG org.hibernate.cfg.AbstractPropertyHolder - Attempting to locate auto-apply AttributeConverter for property [com.niit.model.Blog:blogId]
17:40:02.716 [main] DEBUG org.hibernate.cfg.annotations.SimpleValueBinder - building SimpleValue for blogId
17:40:02.716 [main] DEBUG org.hibernate.cfg.annotations.PropertyBinder - Building property blogId
17:40:02.717 [main] DEBUG org.hibernate.cfg.Ejb3Column - Binding column: Ejb3Column{table=org.hibernate.mapping.Table(CBlog), mappingColumn=blogContent, insertable=true, updatable=true, unique=false}
17:40:02.717 [main] DEBUG org.hibernate.cfg.annotations.PropertyBinder - MetadataSourceProcessor property blogContent with lazy=false
17:40:02.717 [main] DEBUG org.hibernate.cfg.AbstractPropertyHolder - Attempting to locate auto-apply AttributeConverter for property [com.niit.model.Blog:blogContent]
17:40:02.717 [main] DEBUG org.hibernate.cfg.annotations.SimpleValueBinder - building SimpleValue for blogContent
17:40:02.717 [main] DEBUG org.hibernate.cfg.annotations.PropertyBinder - Building property blogContent
17:40:02.717 [main] DEBUG org.hibernate.cfg.Ejb3Column - Binding column: Ejb3Column{table=org.hibernate.mapping.Table(CBlog), mappingColumn=blogName, insertable=true, updatable=true, unique=false}
17:40:02.717 [main] DEBUG org.hibernate.cfg.annotations.PropertyBinder - MetadataSourceProcessor property blogName with lazy=false
17:40:02.717 [main] DEBUG org.hibernate.cfg.AbstractPropertyHolder - Attempting to locate auto-apply AttributeConverter for property [com.niit.model.Blog:blogName]
17:40:02.717 [main] DEBUG org.hibernate.cfg.annotations.SimpleValueBinder - building SimpleValue for blogName
17:40:02.717 [main] DEBUG org.hibernate.cfg.annotations.PropertyBinder - Building property blogName
17:40:02.718 [main] DEBUG org.hibernate.cfg.Ejb3Column - Binding column: Ejb3Column{table=org.hibernate.mapping.Table(CBlog), mappingColumn=createDate, insertable=true, updatable=true, unique=false}
17:40:02.718 [main] DEBUG org.hibernate.cfg.annotations.PropertyBinder - MetadataSourceProcessor property createDate with lazy=false
17:40:02.719 [main] DEBUG org.hibernate.cfg.AbstractPropertyHolder - Attempting to locate auto-apply AttributeConverter for property [com.niit.model.Blog:createDate]
17:40:02.721 [main] DEBUG org.hibernate.cfg.annotations.SimpleValueBinder - building SimpleValue for createDate
17:40:02.721 [main] DEBUG org.hibernate.cfg.annotations.PropertyBinder - Building property createDate
17:40:02.730 [main] DEBUG org.hibernate.cfg.Ejb3Column - Binding column: Ejb3Column{table=org.hibernate.mapping.Table(CBlog), mappingColumn=likes, insertable=true, updatable=true, unique=false}
17:40:02.730 [main] DEBUG org.hibernate.cfg.annotations.PropertyBinder - MetadataSourceProcessor property likes with lazy=false
17:40:02.730 [main] DEBUG org.hibernate.cfg.AbstractPropertyHolder - Attempting to locate auto-apply AttributeConverter for property [com.niit.model.Blog:likes]
17:40:02.730 [main] DEBUG org.hibernate.cfg.annotations.SimpleValueBinder - building SimpleValue for likes
17:40:02.730 [main] DEBUG org.hibernate.cfg.annotations.PropertyBinder - Building property likes
17:40:02.731 [main] DEBUG org.hibernate.cfg.Ejb3Column - Binding column: Ejb3Column{table=org.hibernate.mapping.Table(CBlog), mappingColumn=remarks, insertable=true, updatable=true, unique=false}
17:40:02.731 [main] DEBUG org.hibernate.cfg.annotations.PropertyBinder - MetadataSourceProcessor property remarks with lazy=false
17:40:02.731 [main] DEBUG org.hibernate.cfg.AbstractPropertyHolder - Attempting to locate auto-apply AttributeConverter for property [com.niit.model.Blog:remarks]
17:40:02.731 [main] DEBUG org.hibernate.cfg.annotations.SimpleValueBinder - building SimpleValue for remarks
17:40:02.731 [main] DEBUG org.hibernate.cfg.annotations.PropertyBinder - Building property remarks
17:40:02.731 [main] DEBUG org.hibernate.cfg.Ejb3Column - Binding column: Ejb3Column{table=org.hibernate.mapping.Table(CBlog), mappingColumn=status, insertable=true, updatable=true, unique=false}
17:40:02.731 [main] DEBUG org.hibernate.cfg.annotations.PropertyBinder - MetadataSourceProcessor property status with lazy=false
17:40:02.731 [main] DEBUG org.hibernate.cfg.AbstractPropertyHolder - Attempting to locate auto-apply AttributeConverter for property [com.niit.model.Blog:status]
17:40:02.731 [main] DEBUG org.hibernate.cfg.annotations.SimpleValueBinder - building SimpleValue for status
17:40:02.731 [main] DEBUG org.hibernate.cfg.annotations.PropertyBinder - Building property status
17:40:02.731 [main] DEBUG org.hibernate.cfg.Ejb3Column - Binding column: Ejb3Column{table=org.hibernate.mapping.Table(CBlog), mappingColumn=userId, insertable=true, updatable=true, unique=false}
17:40:02.731 [main] DEBUG org.hibernate.cfg.annotations.PropertyBinder - MetadataSourceProcessor property userId with lazy=false
17:40:02.731 [main] DEBUG org.hibernate.cfg.AbstractPropertyHolder - Attempting to locate auto-apply AttributeConverter for property [com.niit.model.Blog:userId]
17:40:02.732 [main] DEBUG org.hibernate.cfg.annotations.SimpleValueBinder - building SimpleValue for userId
17:40:02.732 [main] DEBUG org.hibernate.cfg.annotations.PropertyBinder - Building property userId
17:40:02.732 [main] DEBUG org.hibernate.cfg.AnnotationBinder - Binding entity from annotated class: com.niit.model.BlogComment
17:40:02.732 [main] DEBUG org.hibernate.cfg.Ejb3Column - Binding column: Ejb3DiscriminatorColumn{logicalColumnName&apos;DTYPE&apos;, discriminatorTypeName=&apos;string&apos;}
17:40:02.732 [main] DEBUG org.hibernate.cfg.AnnotationBinder - No value specified for &apos;javax.persistence.sharedCache.mode&apos;; using UNSPECIFIED
17:40:02.732 [main] DEBUG org.hibernate.cfg.annotations.EntityBinder - Import with entity name BlogComment
17:40:02.734 [main] DEBUG org.hibernate.cfg.annotations.EntityBinder - Bind entity com.niit.model.BlogComment on table CBlogComment
17:40:02.738 [main] DEBUG org.hibernate.cfg.Ejb3Column - Binding column: Ejb3Column{table=org.hibernate.mapping.Table(CBlogComment), mappingColumn=blogCommentId, insertable=true, updatable=true, unique=false}
17:40:02.738 [main] DEBUG org.hibernate.cfg.annotations.PropertyBinder - MetadataSourceProcessor property blogCommentId with lazy=false
17:40:02.741 [main] DEBUG org.hibernate.cfg.AbstractPropertyHolder - Attempting to locate auto-apply AttributeConverter for property [com.niit.model.BlogComment:blogCommentId]
17:40:02.742 [main] DEBUG org.hibernate.cfg.annotations.SimpleValueBinder - building SimpleValue for blogCommentId
17:40:02.742 [main] DEBUG org.hibernate.cfg.annotations.PropertyBinder - Building property blogCommentId
17:40:02.742 [main] DEBUG org.hibernate.cfg.Ejb3Column - Binding column: Ejb3Column{table=org.hibernate.mapping.Table(CBlogComment), mappingColumn=blogComment, insertable=true, updatable=true, unique=false}
17:40:02.742 [main] DEBUG org.hibernate.cfg.annotations.PropertyBinder - MetadataSourceProcessor property blogComment with lazy=false
17:40:02.742 [main] DEBUG org.hibernate.cfg.AbstractPropertyHolder - Attempting to locate auto-apply AttributeConverter for property [com.niit.model.BlogComment:blogComment]
17:40:02.743 [main] DEBUG org.hibernate.cfg.annotations.SimpleValueBinder - building SimpleValue for blogComment
17:40:02.743 [main] DEBUG org.hibernate.cfg.annotations.PropertyBinder - Building property blogComment
17:40:02.743 [main] DEBUG org.hibernate.cfg.Ejb3Column - Binding column: Ejb3Column{table=org.hibernate.mapping.Table(CBlogComment), mappingColumn=blogId, insertable=true, updatable=true, unique=false}
17:40:02.743 [main] DEBUG org.hibernate.cfg.annotations.PropertyBinder - MetadataSourceProcessor property blogId with lazy=false
17:40:02.744 [main] DEBUG org.hibernate.cfg.AbstractPropertyHolder - Attempting to locate auto-apply AttributeConverter for property [com.niit.model.BlogComment:blogId]
17:40:02.744 [main] DEBUG org.hibernate.cfg.annotations.SimpleValueBinder - building SimpleValue for blogId
17:40:02.744 [main] DEBUG org.hibernate.cfg.annotations.PropertyBinder - Building property blogId
17:40:02.744 [main] DEBUG org.hibernate.cfg.Ejb3Column - Binding column: Ejb3Column{table=org.hibernate.mapping.Table(CBlogComment), mappingColumn=commentDate, insertable=true, updatable=true, unique=false}
17:40:02.744 [main] DEBUG org.hibernate.cfg.annotations.PropertyBinder - MetadataSourceProcessor property commentDate with lazy=false
17:40:02.744 [main] DEBUG org.hibernate.cfg.AbstractPropertyHolder - Attempting to locate auto-apply AttributeConverter for property [com.niit.model.BlogComment:commentDate]
17:40:02.744 [main] DEBUG org.hibernate.cfg.annotations.SimpleValueBinder - building SimpleValue for commentDate
17:40:02.745 [main] DEBUG org.hibernate.cfg.annotations.PropertyBinder - Building property commentDate
17:40:02.745 [main] DEBUG org.hibernate.cfg.Ejb3Column - Binding column: Ejb3Column{table=org.hibernate.mapping.Table(CBlogComment), mappingColumn=userId, insertable=true, updatable=true, unique=false}
17:40:02.745 [main] DEBUG org.hibernate.cfg.annotations.PropertyBinder - MetadataSourceProcessor property userId with lazy=false
17:40:02.745 [main] DEBUG org.hibernate.cfg.AbstractPropertyHolder - Attempting to locate auto-apply AttributeConverter for property [com.niit.model.BlogComment:userId]
17:40:02.745 [main] DEBUG org.hibernate.cfg.annotations.SimpleValueBinder - building SimpleValue for userId
17:40:02.745 [main] DEBUG org.hibernate.cfg.annotations.PropertyBinder - Building property userId
17:40:02.745 [main] DEBUG org.hibernate.cfg.Ejb3Column - Binding column: Ejb3Column{table=org.hibernate.mapping.Table(CBlogComment), mappingColumn=username, insertable=true, updatable=true, unique=false}
17:40:02.745 [main] DEBUG org.hibernate.cfg.annotations.PropertyBinder - MetadataSourceProcessor property username with lazy=false
17:40:02.745 [main] DEBUG org.hibernate.cfg.AbstractPropertyHolder - Attempting to locate auto-apply AttributeConverter for property [com.niit.model.BlogComment:username]
17:40:02.746 [main] DEBUG org.hibernate.cfg.annotations.SimpleValueBinder - building SimpleValue for username
17:40:02.746 [main] DEBUG org.hibernate.cfg.annotations.PropertyBinder - Building property username
17:40:02.746 [main] DEBUG org.hibernate.cfg.AnnotationBinder - Binding entity from annotated class: com.niit.model.ChatForum
17:40:02.746 [main] DEBUG org.hibernate.cfg.Ejb3Column - Binding column: Ejb3DiscriminatorColumn{logicalColumnName&apos;DTYPE&apos;, discriminatorTypeName=&apos;string&apos;}
17:40:02.746 [main] DEBUG org.hibernate.cfg.AnnotationBinder - No value specified for &apos;javax.persistence.sharedCache.mode&apos;; using UNSPECIFIED
17:40:02.746 [main] DEBUG org.hibernate.cfg.annotations.EntityBinder - Import with entity name ChatForum
17:40:02.746 [main] DEBUG org.hibernate.cfg.annotations.EntityBinder - Bind entity com.niit.model.ChatForum on table C_FORUM
17:40:02.747 [main] DEBUG org.hibernate.cfg.Ejb3Column - Binding column: Ejb3Column{table=org.hibernate.mapping.Table(C_FORUM), mappingColumn=id, insertable=true, updatable=true, unique=false}
17:40:02.747 [main] DEBUG org.hibernate.cfg.annotations.PropertyBinder - MetadataSourceProcessor property id with lazy=false
17:40:02.747 [main] DEBUG org.hibernate.cfg.AbstractPropertyHolder - Attempting to locate auto-apply AttributeConverter for property [com.niit.model.ChatForum:id]
17:40:02.747 [main] DEBUG org.hibernate.cfg.annotations.SimpleValueBinder - building SimpleValue for id
17:40:02.747 [main] DEBUG org.hibernate.cfg.annotations.PropertyBinder - Building property id
17:40:02.748 [main] DEBUG org.hibernate.cfg.Ejb3Column - Binding column: Ejb3Column{table=org.hibernate.mapping.Table(C_FORUM), mappingColumn=created_date, insertable=true, updatable=true, unique=false}
17:40:02.748 [main] DEBUG org.hibernate.cfg.annotations.PropertyBinder - MetadataSourceProcessor property createdDate with lazy=false
17:40:02.748 [main] DEBUG org.hibernate.cfg.AbstractPropertyHolder - Attempting to locate auto-apply AttributeConverter for property [com.niit.model.ChatForum:createdDate]
17:40:02.748 [main] DEBUG org.hibernate.cfg.annotations.SimpleValueBinder - building SimpleValue for createdDate
17:40:02.748 [main] DEBUG org.hibernate.cfg.annotations.PropertyBinder - Building property createdDate
17:40:02.748 [main] DEBUG org.hibernate.cfg.Ejb3Column - Binding column: Ejb3Column{table=org.hibernate.mapping.Table(C_FORUM), mappingColumn=message, insertable=true, updatable=true, unique=false}
17:40:02.748 [main] DEBUG org.hibernate.cfg.annotations.PropertyBinder - MetadataSourceProcessor property message with lazy=false
17:40:02.748 [main] DEBUG org.hibernate.cfg.AbstractPropertyHolder - Attempting to locate auto-apply AttributeConverter for property [com.niit.model.ChatForum:message]
17:40:02.748 [main] DEBUG org.hibernate.cfg.annotations.SimpleValueBinder - building SimpleValue for message
17:40:02.749 [main] DEBUG org.hibernate.cfg.annotations.PropertyBinder - Building property message
17:40:02.749 [main] DEBUG org.hibernate.cfg.Ejb3Column - Binding column: Ejb3Column{table=org.hibernate.mapping.Table(C_FORUM), mappingColumn=user_id, insertable=true, updatable=true, unique=false}
17:40:02.749 [main] DEBUG org.hibernate.cfg.annotations.PropertyBinder - MetadataSourceProcessor property userID with lazy=false
17:40:02.749 [main] DEBUG org.hibernate.cfg.AbstractPropertyHolder - Attempting to locate auto-apply AttributeConverter for property [com.niit.model.ChatForum:userID]
17:40:02.749 [main] DEBUG org.hibernate.cfg.annotations.SimpleValueBinder - building SimpleValue for userID
17:40:02.749 [main] DEBUG org.hibernate.cfg.annotations.PropertyBinder - Building property userID
17:40:02.749 [main] DEBUG org.hibernate.cfg.AnnotationBinder - Binding entity from annotated class: com.niit.model.FileUpload
17:40:02.749 [main] DEBUG org.hibernate.cfg.Ejb3Column - Binding column: Ejb3DiscriminatorColumn{logicalColumnName&apos;DTYPE&apos;, discriminatorTypeName=&apos;string&apos;}
17:40:02.749 [main] DEBUG org.hibernate.cfg.AnnotationBinder - No value specified for &apos;javax.persistence.sharedCache.mode&apos;; using UNSPECIFIED
17:40:02.749 [main] DEBUG org.hibernate.cfg.annotations.EntityBinder - Import with entity name FileUpload
17:40:02.749 [main] DEBUG org.hibernate.cfg.annotations.EntityBinder - Bind entity com.niit.model.FileUpload on table CProfilePic
17:40:02.750 [main] DEBUG org.hibernate.cfg.Ejb3Column - Binding column: Ejb3Column{table=org.hibernate.mapping.Table(CProfilePic), mappingColumn=ProfilePicsId, insertable=true, updatable=true, unique=false}
17:40:02.750 [main] DEBUG org.hibernate.cfg.annotations.PropertyBinder - MetadataSourceProcessor property id with lazy=false
17:40:02.750 [main] DEBUG org.hibernate.cfg.AbstractPropertyHolder - Attempting to locate auto-apply AttributeConverter for property [com.niit.model.FileUpload:id]
17:40:02.750 [main] DEBUG org.hibernate.cfg.annotations.SimpleValueBinder - building SimpleValue for id
17:40:02.751 [main] DEBUG org.hibernate.cfg.annotations.PropertyBinder - Building property id
17:40:02.751 [main] DEBUG org.hibernate.cfg.Ejb3Column - Binding column: Ejb3Column{table=org.hibernate.mapping.Table(CProfilePic), mappingColumn=filedata, insertable=true, updatable=true, unique=false}
17:40:02.751 [main] DEBUG org.hibernate.cfg.annotations.PropertyBinder - MetadataSourceProcessor property filedata with lazy=false
17:40:02.751 [main] DEBUG org.hibernate.cfg.AbstractPropertyHolder - Attempting to locate auto-apply AttributeConverter for property [com.niit.model.FileUpload:filedata]
17:40:02.751 [main] DEBUG org.hibernate.cfg.annotations.SimpleValueBinder - building SimpleValue for filedata
17:40:02.751 [main] DEBUG org.hibernate.cfg.annotations.PropertyBinder - Building property filedata
17:40:02.751 [main] DEBUG org.hibernate.cfg.Ejb3Column - Binding column: Ejb3Column{table=org.hibernate.mapping.Table(CProfilePic), mappingColumn=filename, insertable=true, updatable=true, unique=false}
17:40:02.751 [main] DEBUG org.hibernate.cfg.annotations.PropertyBinder - MetadataSourceProcessor property filename with lazy=false
17:40:02.751 [main] DEBUG org.hibernate.cfg.AbstractPropertyHolder - Attempting to locate auto-apply AttributeConverter for property [com.niit.model.FileUpload:filename]
17:40:02.751 [main] DEBUG org.hibernate.cfg.annotations.SimpleValueBinder - building SimpleValue for filename
17:40:02.751 [main] DEBUG org.hibernate.cfg.annotations.PropertyBinder - Building property filename
17:40:02.751 [main] DEBUG org.hibernate.cfg.Ejb3Column - Binding column: Ejb3Column{table=org.hibernate.mapping.Table(CProfilePic), mappingColumn=userId, insertable=true, updatable=true, unique=false}
17:40:02.752 [main] DEBUG org.hibernate.cfg.annotations.PropertyBinder - MetadataSourceProcessor property userId with lazy=false
17:40:02.752 [main] DEBUG org.hibernate.cfg.AbstractPropertyHolder - Attempting to locate auto-apply AttributeConverter for property [com.niit.model.FileUpload:userId]
17:40:02.752 [main] DEBUG org.hibernate.cfg.annotations.SimpleValueBinder - building SimpleValue for userId
17:40:02.752 [main] DEBUG org.hibernate.cfg.annotations.PropertyBinder - Building property userId
17:40:02.752 [main] DEBUG org.hibernate.cfg.AnnotationBinder - Binding entity from annotated class: com.niit.model.Forum
17:40:02.752 [main] DEBUG org.hibernate.cfg.Ejb3Column - Binding column: Ejb3DiscriminatorColumn{logicalColumnName&apos;DTYPE&apos;, discriminatorTypeName=&apos;string&apos;}
17:40:02.752 [main] DEBUG org.hibernate.cfg.AnnotationBinder - No value specified for &apos;javax.persistence.sharedCache.mode&apos;; using UNSPECIFIED
17:40:02.752 [main] DEBUG org.hibernate.cfg.annotations.EntityBinder - Import with entity name Forum
17:40:02.752 [main] DEBUG org.hibernate.cfg.annotations.EntityBinder - Bind entity com.niit.model.Forum on table CForum
17:40:02.753 [main] DEBUG org.hibernate.cfg.Ejb3Column - Binding column: Ejb3Column{table=org.hibernate.mapping.Table(CForum), mappingColumn=forumId, insertable=true, updatable=true, unique=false}
17:40:02.753 [main] DEBUG org.hibernate.cfg.annotations.PropertyBinder - MetadataSourceProcessor property forumId with lazy=false
17:40:02.753 [main] DEBUG org.hibernate.cfg.AbstractPropertyHolder - Attempting to locate auto-apply AttributeConverter for property [com.niit.model.Forum:forumId]
17:40:02.753 [main] DEBUG org.hibernate.cfg.annotations.SimpleValueBinder - building SimpleValue for forumId
17:40:02.753 [main] DEBUG org.hibernate.cfg.annotations.PropertyBinder - Building property forumId
17:40:02.753 [main] DEBUG org.hibernate.cfg.Ejb3Column - Binding column: Ejb3Column{table=org.hibernate.mapping.Table(CForum), mappingColumn=createDate, insertable=true, updatable=true, unique=false}
17:40:02.753 [main] DEBUG org.hibernate.cfg.annotations.PropertyBinder - MetadataSourceProcessor property createDate with lazy=false
17:40:02.754 [main] DEBUG org.hibernate.cfg.AbstractPropertyHolder - Attempting to locate auto-apply AttributeConverter for property [com.niit.model.Forum:createDate]
17:40:02.754 [main] DEBUG org.hibernate.cfg.annotations.SimpleValueBinder - building SimpleValue for createDate
17:40:02.754 [main] DEBUG org.hibernate.cfg.annotations.PropertyBinder - Building property createDate
17:40:02.754 [main] DEBUG org.hibernate.cfg.Ejb3Column - Binding column: Ejb3Column{table=org.hibernate.mapping.Table(CForum), mappingColumn=forumContent, insertable=true, updatable=true, unique=false}
17:40:02.754 [main] DEBUG org.hibernate.cfg.annotations.PropertyBinder - MetadataSourceProcessor property forumContent with lazy=false
17:40:02.754 [main] DEBUG org.hibernate.cfg.AbstractPropertyHolder - Attempting to locate auto-apply AttributeConverter for property [com.niit.model.Forum:forumContent]
17:40:02.754 [main] DEBUG org.hibernate.cfg.annotations.SimpleValueBinder - building SimpleValue for forumContent
17:40:02.754 [main] DEBUG org.hibernate.cfg.annotations.PropertyBinder - Building property forumContent
17:40:02.754 [main] DEBUG org.hibernate.cfg.Ejb3Column - Binding column: Ejb3Column{table=org.hibernate.mapping.Table(CForum), mappingColumn=forumName, insertable=true, updatable=true, unique=false}
17:40:02.754 [main] DEBUG org.hibernate.cfg.annotations.PropertyBinder - MetadataSourceProcessor property forumName with lazy=false
17:40:02.754 [main] DEBUG org.hibernate.cfg.AbstractPropertyHolder - Attempting to locate auto-apply AttributeConverter for property [com.niit.model.Forum:forumName]
17:40:02.755 [main] DEBUG org.hibernate.cfg.annotations.SimpleValueBinder - building SimpleValue for forumName
17:40:02.755 [main] DEBUG org.hibernate.cfg.annotations.PropertyBinder - Building property forumName
17:40:02.755 [main] DEBUG org.hibernate.cfg.Ejb3Column - Binding column: Ejb3Column{table=org.hibernate.mapping.Table(CForum), mappingColumn=remarks, insertable=true, updatable=true, unique=false}
17:40:02.755 [main] DEBUG org.hibernate.cfg.annotations.PropertyBinder - MetadataSourceProcessor property remarks with lazy=false
17:40:02.755 [main] DEBUG org.hibernate.cfg.AbstractPropertyHolder - Attempting to locate auto-apply AttributeConverter for property [com.niit.model.Forum:remarks]
17:40:02.755 [main] DEBUG org.hibernate.cfg.annotations.SimpleValueBinder - building SimpleValue for remarks
17:40:02.756 [main] DEBUG org.hibernate.cfg.annotations.PropertyBinder - Building property remarks
17:40:02.756 [main] DEBUG org.hibernate.cfg.Ejb3Column - Binding column: Ejb3Column{table=org.hibernate.mapping.Table(CForum), mappingColumn=status, insertable=true, updatable=true, unique=false}
17:40:02.756 [main] DEBUG org.hibernate.cfg.annotations.PropertyBinder - MetadataSourceProcessor property status with lazy=false
17:40:02.756 [main] DEBUG org.hibernate.cfg.AbstractPropertyHolder - Attempting to locate auto-apply AttributeConverter for property [com.niit.model.Forum:status]
17:40:02.757 [main] DEBUG org.hibernate.cfg.annotations.SimpleValueBinder - building SimpleValue for status
17:40:02.757 [main] DEBUG org.hibernate.cfg.annotations.PropertyBinder - Building property status
17:40:02.757 [main] DEBUG org.hibernate.cfg.Ejb3Column - Binding column: Ejb3Column{table=org.hibernate.mapping.Table(CForum), mappingColumn=userId, insertable=true, updatable=true, unique=false}
17:40:02.757 [main] DEBUG org.hibernate.cfg.annotations.PropertyBinder - MetadataSourceProcessor property userId with lazy=false
17:40:02.757 [main] DEBUG org.hibernate.cfg.AbstractPropertyHolder - Attempting to locate auto-apply AttributeConverter for property [com.niit.model.Forum:userId]
17:40:02.758 [main] DEBUG org.hibernate.cfg.annotations.SimpleValueBinder - building SimpleValue for userId
17:40:02.758 [main] DEBUG org.hibernate.cfg.annotations.PropertyBinder - Building property userId
17:40:02.758 [main] DEBUG org.hibernate.cfg.AnnotationBinder - Binding entity from annotated class: com.niit.model.ForumComment
17:40:02.758 [main] DEBUG org.hibernate.cfg.Ejb3Column - Binding column: Ejb3DiscriminatorColumn{logicalColumnName&apos;DTYPE&apos;, discriminatorTypeName=&apos;string&apos;}
17:40:02.758 [main] DEBUG org.hibernate.cfg.AnnotationBinder - No value specified for &apos;javax.persistence.sharedCache.mode&apos;; using UNSPECIFIED
17:40:02.758 [main] DEBUG org.hibernate.cfg.annotations.EntityBinder - Import with entity name ForumComment
17:40:02.759 [main] DEBUG org.hibernate.cfg.annotations.EntityBinder - Bind entity com.niit.model.ForumComment on table CForumComment
17:40:02.759 [main] DEBUG org.hibernate.cfg.Ejb3Column - Binding column: Ejb3Column{table=org.hibernate.mapping.Table(CForumComment), mappingColumn=forumCommentId, insertable=true, updatable=true, unique=false}
17:40:02.759 [main] DEBUG org.hibernate.cfg.annotations.PropertyBinder - MetadataSourceProcessor property forumCommentId with lazy=false
17:40:02.760 [main] DEBUG org.hibernate.cfg.AbstractPropertyHolder - Attempting to locate auto-apply AttributeConverter for property [com.niit.model.ForumComment:forumCommentId]
17:40:02.760 [main] DEBUG org.hibernate.cfg.annotations.SimpleValueBinder - building SimpleValue for forumCommentId
17:40:02.760 [main] DEBUG org.hibernate.cfg.annotations.PropertyBinder - Building property forumCommentId
17:40:02.760 [main] DEBUG org.hibernate.cfg.Ejb3Column - Binding column: Ejb3Column{table=org.hibernate.mapping.Table(CForumComment), mappingColumn=commentDate, insertable=true, updatable=true, unique=false}
17:40:02.760 [main] DEBUG org.hibernate.cfg.annotations.PropertyBinder - MetadataSourceProcessor property commentDate with lazy=false
17:40:02.760 [main] DEBUG org.hibernate.cfg.AbstractPropertyHolder - Attempting to locate auto-apply AttributeConverter for property [com.niit.model.ForumComment:commentDate]
17:40:02.760 [main] DEBUG org.hibernate.cfg.annotations.SimpleValueBinder - building SimpleValue for commentDate
17:40:02.760 [main] DEBUG org.hibernate.cfg.annotations.PropertyBinder - Building property commentDate
17:40:02.760 [main] DEBUG org.hibernate.cfg.Ejb3Column - Binding column: Ejb3Column{table=org.hibernate.mapping.Table(CForumComment), mappingColumn=forumComment, insertable=true, updatable=true, unique=false}
17:40:02.760 [main] DEBUG org.hibernate.cfg.annotations.PropertyBinder - MetadataSourceProcessor property forumComment with lazy=false
17:40:02.760 [main] DEBUG org.hibernate.cfg.AbstractPropertyHolder - Attempting to locate auto-apply AttributeConverter for property [com.niit.model.ForumComment:forumComment]
17:40:02.760 [main] DEBUG org.hibernate.cfg.annotations.SimpleValueBinder - building SimpleValue for forumComment
17:40:02.761 [main] DEBUG org.hibernate.cfg.annotations.PropertyBinder - Building property forumComment
17:40:02.761 [main] DEBUG org.hibernate.cfg.Ejb3Column - Binding column: Ejb3Column{table=org.hibernate.mapping.Table(CForumComment), mappingColumn=forumId, insertable=true, updatable=true, unique=false}
17:40:02.761 [main] DEBUG org.hibernate.cfg.annotations.PropertyBinder - MetadataSourceProcessor property forumId with lazy=false
17:40:02.761 [main] DEBUG org.hibernate.cfg.AbstractPropertyHolder - Attempting to locate auto-apply AttributeConverter for property [com.niit.model.ForumComment:forumId]
17:40:02.761 [main] DEBUG org.hibernate.cfg.annotations.SimpleValueBinder - building SimpleValue for forumId
17:40:02.761 [main] DEBUG org.hibernate.cfg.annotations.PropertyBinder - Building property forumId
17:40:02.761 [main] DEBUG org.hibernate.cfg.Ejb3Column - Binding column: Ejb3Column{table=org.hibernate.mapping.Table(CForumComment), mappingColumn=userId, insertable=true, updatable=true, unique=false}
17:40:02.761 [main] DEBUG org.hibernate.cfg.annotations.PropertyBinder - MetadataSourceProcessor property userId with lazy=false
17:40:02.761 [main] DEBUG org.hibernate.cfg.AbstractPropertyHolder - Attempting to locate auto-apply AttributeConverter for property [com.niit.model.ForumComment:userId]
17:40:02.761 [main] DEBUG org.hibernate.cfg.annotations.SimpleValueBinder - building SimpleValue for userId
17:40:02.761 [main] DEBUG org.hibernate.cfg.annotations.PropertyBinder - Building property userId
17:40:02.761 [main] DEBUG org.hibernate.cfg.Ejb3Column - Binding column: Ejb3Column{table=org.hibernate.mapping.Table(CForumComment), mappingColumn=username, insertable=true, updatable=true, unique=false}
17:40:02.761 [main] DEBUG org.hibernate.cfg.annotations.PropertyBinder - MetadataSourceProcessor property username with lazy=false
17:40:02.761 [main] DEBUG org.hibernate.cfg.AbstractPropertyHolder - Attempting to locate auto-apply AttributeConverter for property [com.niit.model.ForumComment:username]
17:40:02.761 [main] DEBUG org.hibernate.cfg.annotations.SimpleValueBinder - building SimpleValue for username
17:40:02.762 [main] DEBUG org.hibernate.cfg.annotations.PropertyBinder - Building property username
17:40:02.762 [main] DEBUG org.hibernate.cfg.AnnotationBinder - Binding entity from annotated class: com.niit.model.Friend
17:40:02.762 [main] DEBUG org.hibernate.cfg.Ejb3Column - Binding column: Ejb3DiscriminatorColumn{logicalColumnName&apos;DTYPE&apos;, discriminatorTypeName=&apos;string&apos;}
17:40:02.762 [main] DEBUG org.hibernate.cfg.AnnotationBinder - No value specified for &apos;javax.persistence.sharedCache.mode&apos;; using UNSPECIFIED
17:40:02.762 [main] DEBUG org.hibernate.cfg.annotations.EntityBinder - Import with entity name Friend
17:40:02.762 [main] DEBUG org.hibernate.cfg.annotations.EntityBinder - Bind entity com.niit.model.Friend on table CFriend
17:40:02.763 [main] DEBUG org.hibernate.cfg.Ejb3Column - Binding column: Ejb3Column{table=org.hibernate.mapping.Table(CFriend), mappingColumn=tableId, insertable=true, updatable=true, unique=false}
17:40:02.763 [main] DEBUG org.hibernate.cfg.annotations.PropertyBinder - MetadataSourceProcessor property tableId with lazy=false
17:40:02.763 [main] DEBUG org.hibernate.cfg.AbstractPropertyHolder - Attempting to locate auto-apply AttributeConverter for property [com.niit.model.Friend:tableId]
17:40:02.763 [main] DEBUG org.hibernate.cfg.annotations.SimpleValueBinder - building SimpleValue for tableId
17:40:02.763 [main] DEBUG org.hibernate.cfg.annotations.PropertyBinder - Building property tableId
17:40:02.763 [main] DEBUG org.hibernate.cfg.Ejb3Column - Binding column: Ejb3Column{table=org.hibernate.mapping.Table(CFriend), mappingColumn=friendId, insertable=true, updatable=true, unique=false}
17:40:02.764 [main] DEBUG org.hibernate.cfg.annotations.PropertyBinder - MetadataSourceProcessor property friendId with lazy=false
17:40:02.764 [main] DEBUG org.hibernate.cfg.AbstractPropertyHolder - Attempting to locate auto-apply AttributeConverter for property [com.niit.model.Friend:friendId]
17:40:02.764 [main] DEBUG org.hibernate.cfg.annotations.SimpleValueBinder - building SimpleValue for friendId
17:40:02.764 [main] DEBUG org.hibernate.cfg.annotations.PropertyBinder - Building property friendId
17:40:02.764 [main] DEBUG org.hibernate.cfg.Ejb3Column - Binding column: Ejb3Column{table=org.hibernate.mapping.Table(CFriend), mappingColumn=isOnline, insertable=true, updatable=true, unique=false}
17:40:02.764 [main] DEBUG org.hibernate.cfg.annotations.PropertyBinder - MetadataSourceProcessor property isOnline with lazy=false
17:40:02.764 [main] DEBUG org.hibernate.cfg.AbstractPropertyHolder - Attempting to locate auto-apply AttributeConverter for property [com.niit.model.Friend:isOnline]
17:40:02.764 [main] DEBUG org.hibernate.cfg.annotations.SimpleValueBinder - building SimpleValue for isOnline
17:40:02.764 [main] DEBUG org.hibernate.cfg.annotations.PropertyBinder - Building property isOnline
17:40:02.764 [main] DEBUG org.hibernate.cfg.Ejb3Column - Binding column: Ejb3Column{table=org.hibernate.mapping.Table(CFriend), mappingColumn=status, insertable=true, updatable=true, unique=false}
17:40:02.764 [main] DEBUG org.hibernate.cfg.annotations.PropertyBinder - MetadataSourceProcessor property status with lazy=false
17:40:02.764 [main] DEBUG org.hibernate.cfg.AbstractPropertyHolder - Attempting to locate auto-apply AttributeConverter for property [com.niit.model.Friend:status]
17:40:02.764 [main] DEBUG org.hibernate.cfg.annotations.SimpleValueBinder - building SimpleValue for status
17:40:02.764 [main] DEBUG org.hibernate.cfg.annotations.PropertyBinder - Building property status
17:40:02.764 [main] DEBUG org.hibernate.cfg.Ejb3Column - Binding column: Ejb3Column{table=org.hibernate.mapping.Table(CFriend), mappingColumn=userId, insertable=true, updatable=true, unique=false}
17:40:02.765 [main] DEBUG org.hibernate.cfg.annotations.PropertyBinder - MetadataSourceProcessor property userId with lazy=false
17:40:02.765 [main] DEBUG org.hibernate.cfg.AbstractPropertyHolder - Attempting to locate auto-apply AttributeConverter for property [com.niit.model.Friend:userId]
17:40:02.765 [main] DEBUG org.hibernate.cfg.annotations.SimpleValueBinder - building SimpleValue for userId
17:40:02.765 [main] DEBUG org.hibernate.cfg.annotations.PropertyBinder - Building property userId
17:40:02.765 [main] DEBUG org.hibernate.cfg.AnnotationBinder - Binding entity from annotated class: com.niit.model.Job
17:40:02.765 [main] DEBUG org.hibernate.cfg.Ejb3Column - Binding column: Ejb3DiscriminatorColumn{logicalColumnName&apos;DTYPE&apos;, discriminatorTypeName=&apos;string&apos;}
17:40:02.765 [main] DEBUG org.hibernate.cfg.AnnotationBinder - No value specified for &apos;javax.persistence.sharedCache.mode&apos;; using UNSPECIFIED
17:40:02.769 [main] DEBUG org.hibernate.cfg.annotations.EntityBinder - Import with entity name Job
17:40:02.770 [main] DEBUG org.hibernate.cfg.annotations.EntityBinder - Bind entity com.niit.model.Job on table CJob
17:40:02.772 [main] DEBUG org.hibernate.cfg.Ejb3Column - Binding column: Ejb3Column{table=org.hibernate.mapping.Table(CJob), mappingColumn=jobId, insertable=true, updatable=true, unique=false}
17:40:02.772 [main] DEBUG org.hibernate.cfg.annotations.PropertyBinder - MetadataSourceProcessor property jobId with lazy=false
17:40:02.772 [main] DEBUG org.hibernate.cfg.AbstractPropertyHolder - Attempting to locate auto-apply AttributeConverter for property [com.niit.model.Job:jobId]
17:40:02.772 [main] DEBUG org.hibernate.cfg.annotations.SimpleValueBinder - building SimpleValue for jobId
17:40:02.772 [main] DEBUG org.hibernate.cfg.annotations.PropertyBinder - Building property jobId
17:40:02.772 [main] DEBUG org.hibernate.cfg.Ejb3Column - Binding column: Ejb3Column{table=org.hibernate.mapping.Table(CJob), mappingColumn=createDate, insertable=true, updatable=true, unique=false}
17:40:02.772 [main] DEBUG org.hibernate.cfg.annotations.PropertyBinder - MetadataSourceProcessor property createDate with lazy=false
17:40:02.772 [main] DEBUG org.hibernate.cfg.AbstractPropertyHolder - Attempting to locate auto-apply AttributeConverter for property [com.niit.model.Job:createDate]
17:40:02.773 [main] DEBUG org.hibernate.cfg.annotations.SimpleValueBinder - building SimpleValue for createDate
17:40:02.773 [main] DEBUG org.hibernate.cfg.annotations.PropertyBinder - Building property createDate
17:40:02.773 [main] DEBUG org.hibernate.cfg.Ejb3Column - Binding column: Ejb3Column{table=org.hibernate.mapping.Table(CJob), mappingColumn=jobDescription, insertable=true, updatable=true, unique=false}
17:40:02.773 [main] DEBUG org.hibernate.cfg.annotations.PropertyBinder - MetadataSourceProcessor property jobDescription with lazy=false
17:40:02.773 [main] DEBUG org.hibernate.cfg.AbstractPropertyHolder - Attempting to locate auto-apply AttributeConverter for property [com.niit.model.Job:jobDescription]
17:40:02.773 [main] DEBUG org.hibernate.cfg.annotations.SimpleValueBinder - building SimpleValue for jobDescription
17:40:02.773 [main] DEBUG org.hibernate.cfg.annotations.PropertyBinder - Building property jobDescription
17:40:02.774 [main] DEBUG org.hibernate.cfg.Ejb3Column - Binding column: Ejb3Column{table=org.hibernate.mapping.Table(CJob), mappingColumn=jobQualification, insertable=true, updatable=true, unique=false}
17:40:02.774 [main] DEBUG org.hibernate.cfg.annotations.PropertyBinder - MetadataSourceProcessor property jobQualification with lazy=false
17:40:02.774 [main] DEBUG org.hibernate.cfg.AbstractPropertyHolder - Attempting to locate auto-apply AttributeConverter for property [com.niit.model.Job:jobQualification]
17:40:02.774 [main] DEBUG org.hibernate.cfg.annotations.SimpleValueBinder - building SimpleValue for jobQualification
17:40:02.774 [main] DEBUG org.hibernate.cfg.annotations.PropertyBinder - Building property jobQualification
17:40:02.774 [main] DEBUG org.hibernate.cfg.Ejb3Column - Binding column: Ejb3Column{table=org.hibernate.mapping.Table(CJob), mappingColumn=jobStatus, insertable=true, updatable=true, unique=false}
17:40:02.775 [main] DEBUG org.hibernate.cfg.annotations.PropertyBinder - MetadataSourceProcessor property jobStatus with lazy=false
17:40:02.775 [main] DEBUG org.hibernate.cfg.AbstractPropertyHolder - Attempting to locate auto-apply AttributeConverter for property [com.niit.model.Job:jobStatus]
17:40:02.775 [main] DEBUG org.hibernate.cfg.annotations.SimpleValueBinder - building SimpleValue for jobStatus
17:40:02.775 [main] DEBUG org.hibernate.cfg.annotations.PropertyBinder - Building property jobStatus
17:40:02.775 [main] DEBUG org.hibernate.cfg.Ejb3Column - Binding column: Ejb3Column{table=org.hibernate.mapping.Table(CJob), mappingColumn=jobTitle, insertable=true, updatable=true, unique=false}
17:40:02.775 [main] DEBUG org.hibernate.cfg.annotations.PropertyBinder - MetadataSourceProcessor property jobTitle with lazy=false
17:40:02.775 [main] DEBUG org.hibernate.cfg.AbstractPropertyHolder - Attempting to locate auto-apply AttributeConverter for property [com.niit.model.Job:jobTitle]
17:40:02.775 [main] DEBUG org.hibernate.cfg.annotations.SimpleValueBinder - building SimpleValue for jobTitle
17:40:02.775 [main] DEBUG org.hibernate.cfg.annotations.PropertyBinder - Building property jobTitle
17:40:02.775 [main] DEBUG org.hibernate.cfg.AnnotationBinder - Binding entity from annotated class: com.niit.model.JobApplied
17:40:02.775 [main] DEBUG org.hibernate.cfg.Ejb3Column - Binding column: Ejb3DiscriminatorColumn{logicalColumnName&apos;DTYPE&apos;, discriminatorTypeName=&apos;string&apos;}
17:40:02.775 [main] DEBUG org.hibernate.cfg.AnnotationBinder - No value specified for &apos;javax.persistence.sharedCache.mode&apos;; using UNSPECIFIED
17:40:02.776 [main] DEBUG org.hibernate.cfg.annotations.EntityBinder - Import with entity name JobApplied
17:40:02.776 [main] DEBUG org.hibernate.cfg.annotations.EntityBinder - Bind entity com.niit.model.JobApplied on table CJobApplied
17:40:02.776 [main] DEBUG org.hibernate.cfg.Ejb3Column - Binding column: Ejb3Column{table=org.hibernate.mapping.Table(CJobApplied), mappingColumn=jobAppliedId, insertable=true, updatable=true, unique=false}
17:40:02.777 [main] DEBUG org.hibernate.cfg.annotations.PropertyBinder - MetadataSourceProcessor property jobAppliedId with lazy=false
17:40:02.777 [main] DEBUG org.hibernate.cfg.AbstractPropertyHolder - Attempting to locate auto-apply AttributeConverter for property [com.niit.model.JobApplied:jobAppliedId]
17:40:02.777 [main] DEBUG org.hibernate.cfg.annotations.SimpleValueBinder - building SimpleValue for jobAppliedId
17:40:02.777 [main] DEBUG org.hibernate.cfg.annotations.PropertyBinder - Building property jobAppliedId
17:40:02.777 [main] DEBUG org.hibernate.cfg.Ejb3Column - Binding column: Ejb3Column{table=org.hibernate.mapping.Table(CJobApplied), mappingColumn=dateApplied, insertable=true, updatable=true, unique=false}
17:40:02.777 [main] DEBUG org.hibernate.cfg.annotations.PropertyBinder - MetadataSourceProcessor property dateApplied with lazy=false
17:40:02.778 [main] DEBUG org.hibernate.cfg.AbstractPropertyHolder - Attempting to locate auto-apply AttributeConverter for property [com.niit.model.JobApplied:dateApplied]
17:40:02.778 [main] DEBUG org.hibernate.cfg.annotations.SimpleValueBinder - building SimpleValue for dateApplied
17:40:02.778 [main] DEBUG org.hibernate.cfg.annotations.PropertyBinder - Building property dateApplied
17:40:02.778 [main] DEBUG org.hibernate.cfg.Ejb3Column - Binding column: Ejb3Column{table=org.hibernate.mapping.Table(CJobApplied), mappingColumn=jobId, insertable=true, updatable=true, unique=false}
17:40:02.778 [main] DEBUG org.hibernate.cfg.annotations.PropertyBinder - MetadataSourceProcessor property jobId with lazy=false
17:40:02.778 [main] DEBUG org.hibernate.cfg.AbstractPropertyHolder - Attempting to locate auto-apply AttributeConverter for property [com.niit.model.JobApplied:jobId]
17:40:02.779 [main] DEBUG org.hibernate.cfg.annotations.SimpleValueBinder - building SimpleValue for jobId
17:40:02.779 [main] DEBUG org.hibernate.cfg.annotations.PropertyBinder - Building property jobId
17:40:02.779 [main] DEBUG org.hibernate.cfg.Ejb3Column - Binding column: Ejb3Column{table=org.hibernate.mapping.Table(CJobApplied), mappingColumn=remarks, insertable=true, updatable=true, unique=false}
17:40:02.779 [main] DEBUG org.hibernate.cfg.annotations.PropertyBinder - MetadataSourceProcessor property remarks with lazy=false
17:40:02.779 [main] DEBUG org.hibernate.cfg.AbstractPropertyHolder - Attempting to locate auto-apply AttributeConverter for property [com.niit.model.JobApplied:remarks]
17:40:02.779 [main] DEBUG org.hibernate.cfg.annotations.SimpleValueBinder - building SimpleValue for remarks
17:40:02.779 [main] DEBUG org.hibernate.cfg.annotations.PropertyBinder - Building property remarks
17:40:02.779 [main] DEBUG org.hibernate.cfg.Ejb3Column - Binding column: Ejb3Column{table=org.hibernate.mapping.Table(CJobApplied), mappingColumn=status, insertable=true, updatable=true, unique=false}
17:40:02.779 [main] DEBUG org.hibernate.cfg.annotations.PropertyBinder - MetadataSourceProcessor property status with lazy=false
17:40:02.779 [main] DEBUG org.hibernate.cfg.AbstractPropertyHolder - Attempting to locate auto-apply AttributeConverter for property [com.niit.model.JobApplied:status]
17:40:02.779 [main] DEBUG org.hibernate.cfg.annotations.SimpleValueBinder - building SimpleValue for status
17:40:02.779 [main] DEBUG org.hibernate.cfg.annotations.PropertyBinder - Building property status
17:40:02.779 [main] DEBUG org.hibernate.cfg.Ejb3Column - Binding column: Ejb3Column{table=org.hibernate.mapping.Table(CJobApplied), mappingColumn=userId, insertable=true, updatable=true, unique=false}
17:40:02.780 [main] DEBUG org.hibernate.cfg.annotations.PropertyBinder - MetadataSourceProcessor property userId with lazy=false
17:40:02.780 [main] DEBUG org.hibernate.cfg.AbstractPropertyHolder - Attempting to locate auto-apply AttributeConverter for property [com.niit.model.JobApplied:userId]
17:40:02.780 [main] DEBUG org.hibernate.cfg.annotations.SimpleValueBinder - building SimpleValue for userId
17:40:02.780 [main] DEBUG org.hibernate.cfg.annotations.PropertyBinder - Building property userId
17:40:02.780 [main] DEBUG org.hibernate.cfg.AnnotationBinder - Binding entity from annotated class: com.niit.model.User
17:40:02.780 [main] DEBUG org.hibernate.cfg.Ejb3Column - Binding column: Ejb3DiscriminatorColumn{logicalColumnName&apos;DTYPE&apos;, discriminatorTypeName=&apos;string&apos;}
17:40:02.780 [main] DEBUG org.hibernate.cfg.AnnotationBinder - No value specified for &apos;javax.persistence.sharedCache.mode&apos;; using UNSPECIFIED
17:40:02.780 [main] DEBUG org.hibernate.cfg.annotations.EntityBinder - Import with entity name User
17:40:02.780 [main] DEBUG org.hibernate.cfg.annotations.EntityBinder - Bind entity com.niit.model.User on table CUser
17:40:02.781 [main] DEBUG org.hibernate.cfg.Ejb3Column - Binding column: Ejb3Column{table=org.hibernate.mapping.Table(CUser), mappingColumn=userId, insertable=true, updatable=true, unique=false}
17:40:02.781 [main] DEBUG org.hibernate.cfg.annotations.PropertyBinder - MetadataSourceProcessor property userId with lazy=false
17:40:02.781 [main] DEBUG org.hibernate.cfg.AbstractPropertyHolder - Attempting to locate auto-apply AttributeConverter for property [com.niit.model.User:userId]
17:40:02.781 [main] DEBUG org.hibernate.cfg.annotations.SimpleValueBinder - building SimpleValue for userId
17:40:02.781 [main] DEBUG org.hibernate.cfg.annotations.PropertyBinder - Building property userId
17:40:02.781 [main] DEBUG org.hibernate.cfg.Ejb3Column - Binding column: Ejb3Column{table=org.hibernate.mapping.Table(CUser), mappingColumn=email, insertable=true, updatable=true, unique=false}
17:40:02.781 [main] DEBUG org.hibernate.cfg.annotations.PropertyBinder - MetadataSourceProcessor property email with lazy=false
17:40:02.781 [main] DEBUG org.hibernate.cfg.AbstractPropertyHolder - Attempting to locate auto-apply AttributeConverter for property [com.niit.model.User:email]
17:40:02.782 [main] DEBUG org.hibernate.cfg.annotations.SimpleValueBinder - building SimpleValue for email
17:40:02.782 [main] DEBUG org.hibernate.cfg.annotations.PropertyBinder - Building property email
17:40:02.782 [main] DEBUG org.hibernate.cfg.Ejb3Column - Binding column: Ejb3Column{table=org.hibernate.mapping.Table(CUser), mappingColumn=firstname, insertable=true, updatable=true, unique=false}
17:40:02.782 [main] DEBUG org.hibernate.cfg.annotations.PropertyBinder - MetadataSourceProcessor property firstname with lazy=false
17:40:02.782 [main] DEBUG org.hibernate.cfg.AbstractPropertyHolder - Attempting to locate auto-apply AttributeConverter for property [com.niit.model.User:firstname]
17:40:02.782 [main] DEBUG org.hibernate.cfg.annotations.SimpleValueBinder - building SimpleValue for firstname
17:40:02.782 [main] DEBUG org.hibernate.cfg.annotations.PropertyBinder - Building property firstname
17:40:02.783 [main] DEBUG org.hibernate.cfg.Ejb3Column - Binding column: Ejb3Column{table=org.hibernate.mapping.Table(CUser), mappingColumn=isOnline, insertable=true, updatable=true, unique=false}
17:40:02.783 [main] DEBUG org.hibernate.cfg.annotations.PropertyBinder - MetadataSourceProcessor property isOnline with lazy=false
17:40:02.783 [main] DEBUG org.hibernate.cfg.AbstractPropertyHolder - Attempting to locate auto-apply AttributeConverter for property [com.niit.model.User:isOnline]
17:40:02.783 [main] DEBUG org.hibernate.cfg.annotations.SimpleValueBinder - building SimpleValue for isOnline
17:40:02.783 [main] DEBUG org.hibernate.cfg.annotations.PropertyBinder - Building property isOnline
17:40:02.784 [main] DEBUG org.hibernate.cfg.Ejb3Column - Binding column: Ejb3Column{table=org.hibernate.mapping.Table(CUser), mappingColumn=lastname, insertable=true, updatable=true, unique=false}
17:40:02.784 [main] DEBUG org.hibernate.cfg.annotations.PropertyBinder - MetadataSourceProcessor property lastname with lazy=false
17:40:02.784 [main] DEBUG org.hibernate.cfg.AbstractPropertyHolder - Attempting to locate auto-apply AttributeConverter for property [com.niit.model.User:lastname]
17:40:02.784 [main] DEBUG org.hibernate.cfg.annotations.SimpleValueBinder - building SimpleValue for lastname
17:40:02.784 [main] DEBUG org.hibernate.cfg.annotations.PropertyBinder - Building property lastname
17:40:02.784 [main] DEBUG org.hibernate.cfg.Ejb3Column - Binding column: Ejb3Column{table=org.hibernate.mapping.Table(CUser), mappingColumn=password, insertable=true, updatable=true, unique=false}
17:40:02.784 [main] DEBUG org.hibernate.cfg.annotations.PropertyBinder - MetadataSourceProcessor property password with lazy=false
17:40:02.784 [main] DEBUG org.hibernate.cfg.AbstractPropertyHolder - Attempting to locate auto-apply AttributeConverter for property [com.niit.model.User:password]
17:40:02.784 [main] DEBUG org.hibernate.cfg.annotations.SimpleValueBinder - building SimpleValue for password
17:40:02.784 [main] DEBUG org.hibernate.cfg.annotations.PropertyBinder - Building property password
17:40:02.784 [main] DEBUG org.hibernate.cfg.Ejb3Column - Binding column: Ejb3Column{table=org.hibernate.mapping.Table(CUser), mappingColumn=remarks, insertable=true, updatable=true, unique=false}
17:40:02.784 [main] DEBUG org.hibernate.cfg.annotations.PropertyBinder - MetadataSourceProcessor property remarks with lazy=false
17:40:02.784 [main] DEBUG org.hibernate.cfg.AbstractPropertyHolder - Attempting to locate auto-apply AttributeConverter for property [com.niit.model.User:remarks]
17:40:02.785 [main] DEBUG org.hibernate.cfg.annotations.SimpleValueBinder - building SimpleValue for remarks
17:40:02.785 [main] DEBUG org.hibernate.cfg.annotations.PropertyBinder - Building property remarks
17:40:02.786 [main] DEBUG org.hibernate.cfg.Ejb3Column - Binding column: Ejb3Column{table=org.hibernate.mapping.Table(CUser), mappingColumn=role, insertable=true, updatable=true, unique=false}
17:40:02.787 [main] DEBUG org.hibernate.cfg.annotations.PropertyBinder - MetadataSourceProcessor property role with lazy=false
17:40:02.788 [main] DEBUG org.hibernate.cfg.AbstractPropertyHolder - Attempting to locate auto-apply AttributeConverter for property [com.niit.model.User:role]
17:40:02.788 [main] DEBUG org.hibernate.cfg.annotations.SimpleValueBinder - building SimpleValue for role
17:40:02.788 [main] DEBUG org.hibernate.cfg.annotations.PropertyBinder - Building property role
17:40:02.788 [main] DEBUG org.hibernate.cfg.Ejb3Column - Binding column: Ejb3Column{table=org.hibernate.mapping.Table(CUser), mappingColumn=status, insertable=true, updatable=true, unique=false}
17:40:02.788 [main] DEBUG org.hibernate.cfg.annotations.PropertyBinder - MetadataSourceProcessor property status with lazy=false
17:40:02.788 [main] DEBUG org.hibernate.cfg.AbstractPropertyHolder - Attempting to locate auto-apply AttributeConverter for property [com.niit.model.User:status]
17:40:02.788 [main] DEBUG org.hibernate.cfg.annotations.SimpleValueBinder - building SimpleValue for status
17:40:02.789 [main] DEBUG org.hibernate.cfg.annotations.PropertyBinder - Building property status
17:40:02.790 [main] DEBUG org.hibernate.cfg.annotations.SimpleValueBinder - Starting fillSimpleValue for blogId
17:40:02.790 [main] DEBUG org.hibernate.cfg.annotations.SimpleValueBinder - Starting fillSimpleValue for blogContent
17:40:02.790 [main] DEBUG org.hibernate.cfg.annotations.SimpleValueBinder - Starting fillSimpleValue for blogName
17:40:02.793 [main] DEBUG org.hibernate.cfg.annotations.SimpleValueBinder - Starting fillSimpleValue for createDate
17:40:02.793 [main] DEBUG org.hibernate.cfg.annotations.SimpleValueBinder - Starting fillSimpleValue for likes
17:40:02.793 [main] DEBUG org.hibernate.cfg.annotations.SimpleValueBinder - Starting fillSimpleValue for remarks
17:40:02.793 [main] DEBUG org.hibernate.cfg.annotations.SimpleValueBinder - Starting fillSimpleValue for status
17:40:02.793 [main] DEBUG org.hibernate.cfg.annotations.SimpleValueBinder - Starting fillSimpleValue for userId
17:40:02.793 [main] DEBUG org.hibernate.cfg.annotations.SimpleValueBinder - Starting fillSimpleValue for blogCommentId
17:40:02.793 [main] DEBUG org.hibernate.cfg.annotations.SimpleValueBinder - Starting fillSimpleValue for blogComment
17:40:02.793 [main] DEBUG org.hibernate.cfg.annotations.SimpleValueBinder - Starting fillSimpleValue for blogId
17:40:02.793 [main] DEBUG org.hibernate.cfg.annotations.SimpleValueBinder - Starting fillSimpleValue for commentDate
17:40:02.793 [main] DEBUG org.hibernate.cfg.annotations.SimpleValueBinder - Starting fillSimpleValue for userId
17:40:02.793 [main] DEBUG org.hibernate.cfg.annotations.SimpleValueBinder - Starting fillSimpleValue for username
17:40:02.793 [main] DEBUG org.hibernate.cfg.annotations.SimpleValueBinder - Starting fillSimpleValue for id
17:40:02.793 [main] DEBUG org.hibernate.cfg.annotations.SimpleValueBinder - Starting fillSimpleValue for createdDate
17:40:02.793 [main] DEBUG org.hibernate.cfg.annotations.SimpleValueBinder - Starting fillSimpleValue for message
17:40:02.793 [main] DEBUG org.hibernate.cfg.annotations.SimpleValueBinder - Starting fillSimpleValue for userID
17:40:02.793 [main] DEBUG org.hibernate.cfg.annotations.SimpleValueBinder - Starting fillSimpleValue for id
17:40:02.794 [main] DEBUG org.hibernate.cfg.annotations.SimpleValueBinder - Starting fillSimpleValue for filedata
17:40:02.794 [main] DEBUG org.hibernate.cfg.annotations.SimpleValueBinder - Starting fillSimpleValue for filename
17:40:02.794 [main] DEBUG org.hibernate.cfg.annotations.SimpleValueBinder - Starting fillSimpleValue for userId
17:40:02.794 [main] DEBUG org.hibernate.cfg.annotations.SimpleValueBinder - Starting fillSimpleValue for forumId
17:40:02.794 [main] DEBUG org.hibernate.cfg.annotations.SimpleValueBinder - Starting fillSimpleValue for createDate
17:40:02.794 [main] DEBUG org.hibernate.cfg.annotations.SimpleValueBinder - Starting fillSimpleValue for forumContent
17:40:02.794 [main] DEBUG org.hibernate.cfg.annotations.SimpleValueBinder - Starting fillSimpleValue for forumName
17:40:02.794 [main] DEBUG org.hibernate.cfg.annotations.SimpleValueBinder - Starting fillSimpleValue for remarks
17:40:02.794 [main] DEBUG org.hibernate.cfg.annotations.SimpleValueBinder - Starting fillSimpleValue for status
17:40:02.794 [main] DEBUG org.hibernate.cfg.annotations.SimpleValueBinder - Starting fillSimpleValue for userId
17:40:02.794 [main] DEBUG org.hibernate.cfg.annotations.SimpleValueBinder - Starting fillSimpleValue for forumCommentId
17:40:02.794 [main] DEBUG org.hibernate.cfg.annotations.SimpleValueBinder - Starting fillSimpleValue for commentDate
17:40:02.794 [main] DEBUG org.hibernate.cfg.annotations.SimpleValueBinder - Starting fillSimpleValue for forumComment
17:40:02.794 [main] DEBUG org.hibernate.cfg.annotations.SimpleValueBinder - Starting fillSimpleValue for forumId
17:40:02.794 [main] DEBUG org.hibernate.cfg.annotations.SimpleValueBinder - Starting fillSimpleValue for userId
17:40:02.794 [main] DEBUG org.hibernate.cfg.annotations.SimpleValueBinder - Starting fillSimpleValue for username
17:40:02.794 [main] DEBUG org.hibernate.cfg.annotations.SimpleValueBinder - Starting fillSimpleValue for tableId
17:40:02.794 [main] DEBUG org.hibernate.cfg.annotations.SimpleValueBinder - Starting fillSimpleValue for friendId
17:40:02.795 [main] DEBUG org.hibernate.cfg.annotations.SimpleValueBinder - Starting fillSimpleValue for isOnline
17:40:02.795 [main] DEBUG org.hibernate.cfg.annotations.SimpleValueBinder - Starting fillSimpleValue for status
17:40:02.795 [main] DEBUG org.hibernate.cfg.annotations.SimpleValueBinder - Starting fillSimpleValue for userId
17:40:02.795 [main] DEBUG org.hibernate.cfg.annotations.SimpleValueBinder - Starting fillSimpleValue for jobId
17:40:02.795 [main] DEBUG org.hibernate.cfg.annotations.SimpleValueBinder - Starting fillSimpleValue for createDate
17:40:02.795 [main] DEBUG org.hibernate.cfg.annotations.SimpleValueBinder - Starting fillSimpleValue for jobDescription
17:40:02.795 [main] DEBUG org.hibernate.cfg.annotations.SimpleValueBinder - Starting fillSimpleValue for jobQualification
17:40:02.795 [main] DEBUG org.hibernate.cfg.annotations.SimpleValueBinder - Starting fillSimpleValue for jobStatus
17:40:02.795 [main] DEBUG org.hibernate.cfg.annotations.SimpleValueBinder - Starting fillSimpleValue for jobTitle
17:40:02.795 [main] DEBUG org.hibernate.cfg.annotations.SimpleValueBinder - Starting fillSimpleValue for jobAppliedId
17:40:02.795 [main] DEBUG org.hibernate.cfg.annotations.SimpleValueBinder - Starting fillSimpleValue for dateApplied
17:40:02.795 [main] DEBUG org.hibernate.cfg.annotations.SimpleValueBinder - Starting fillSimpleValue for jobId
17:40:02.795 [main] DEBUG org.hibernate.cfg.annotations.SimpleValueBinder - Starting fillSimpleValue for remarks
17:40:02.795 [main] DEBUG org.hibernate.cfg.annotations.SimpleValueBinder - Starting fillSimpleValue for status
17:40:02.795 [main] DEBUG org.hibernate.cfg.annotations.SimpleValueBinder - Starting fillSimpleValue for userId
17:40:02.795 [main] DEBUG org.hibernate.cfg.annotations.SimpleValueBinder - Starting fillSimpleValue for userId
17:40:02.795 [main] DEBUG org.hibernate.cfg.annotations.SimpleValueBinder - Starting fillSimpleValue for email
17:40:02.795 [main] DEBUG org.hibernate.cfg.annotations.SimpleValueBinder - Starting fillSimpleValue for firstname
17:40:02.795 [main] DEBUG org.hibernate.cfg.annotations.SimpleValueBinder - Starting fillSimpleValue for isOnline
17:40:02.795 [main] DEBUG org.hibernate.cfg.annotations.SimpleValueBinder - Starting fillSimpleValue for lastname
17:40:02.796 [main] DEBUG org.hibernate.cfg.annotations.SimpleValueBinder - Starting fillSimpleValue for password
17:40:02.796 [main] DEBUG org.hibernate.cfg.annotations.SimpleValueBinder - Starting fillSimpleValue for remarks
17:40:02.796 [main] DEBUG org.hibernate.cfg.annotations.SimpleValueBinder - Starting fillSimpleValue for role
17:40:02.796 [main] DEBUG org.hibernate.cfg.annotations.SimpleValueBinder - Starting fillSimpleValue for status
17:40:02.796 [main] DEBUG org.hibernate.cfg.Configuration - Processing fk mappings (*ToOne and JoinedSubclass)
17:40:02.796 [main] DEBUG org.hibernate.cfg.Configuration - Processing extends queue
17:40:02.796 [main] DEBUG org.hibernate.cfg.Configuration - Processing extends queue
17:40:02.796 [main] DEBUG org.hibernate.cfg.Configuration - Processing collection mappings
17:40:02.797 [main] DEBUG org.hibernate.cfg.Configuration - Processing native query and ResultSetMapping mappings
17:40:02.797 [main] DEBUG org.hibernate.cfg.Configuration - Processing association property references
17:40:02.797 [main] DEBUG org.hibernate.cfg.Configuration - Creating tables&apos; unique integer identifiers
17:40:02.797 [main] DEBUG org.hibernate.cfg.Configuration - Processing foreign key constraints
17:40:02.799 [main] DEBUG org.hibernate.engine.transaction.jta.platform.internal.JtaPlatformInitiator - No JtaPlatform was specified, checking resolver
17:40:02.800 [main] DEBUG org.hibernate.engine.transaction.jta.platform.internal.JtaPlatformResolverInitiator - No JtaPlatformResolver was specified, using default [org.hibernate.engine.transaction.jta.platform.internal.StandardJtaPlatformResolver]
17:40:02.802 [main] DEBUG org.hibernate.engine.transaction.jta.platform.internal.StandardJtaPlatformResolver - Could not resolve JtaPlatform, using default [org.hibernate.engine.transaction.jta.platform.internal.NoJtaPlatform]
17:40:02.802 [main] DEBUG org.hibernate.cfg.SettingsFactory - Automatic flush during beforeCompletion(): disabled
17:40:02.802 [main] DEBUG org.hibernate.cfg.SettingsFactory - Automatic session close at end of transaction: disabled
17:40:02.803 [main] DEBUG org.hibernate.cfg.SettingsFactory - JDBC batch size: 15
17:40:02.803 [main] DEBUG org.hibernate.cfg.SettingsFactory - JDBC batch updates for versioned data: disabled
17:40:02.803 [main] DEBUG org.hibernate.cfg.SettingsFactory - Scrollable result sets: enabled
17:40:02.803 [main] DEBUG org.hibernate.cfg.SettingsFactory - Wrap result sets: disabled
17:40:02.803 [main] DEBUG org.hibernate.cfg.SettingsFactory - JDBC3 getGeneratedKeys(): enabled
17:40:02.803 [main] DEBUG org.hibernate.cfg.SettingsFactory - multi-tenancy strategy : NONE
17:40:02.803 [main] DEBUG org.hibernate.cfg.SettingsFactory - Connection release mode: auto
17:40:02.803 [main] INFO org.hibernate.engine.transaction.internal.TransactionFactoryInitiator - HHH000399: Using default transaction strategy (direct JDBC transactions)
17:40:02.803 [main] DEBUG org.hibernate.cfg.SettingsFactory - Using BatchFetchStyle : LEGACY
17:40:02.804 [main] DEBUG org.hibernate.cfg.SettingsFactory - Default batch fetch size: 1
17:40:02.804 [main] DEBUG org.hibernate.cfg.SettingsFactory - Generate SQL with comments: disabled
17:40:02.804 [main] DEBUG org.hibernate.cfg.SettingsFactory - Order SQL updates by primary key: disabled
17:40:02.804 [main] DEBUG org.hibernate.cfg.SettingsFactory - Order SQL inserts for batching: disabled
17:40:02.804 [main] DEBUG org.hibernate.cfg.SettingsFactory - Default null ordering: none
17:40:02.804 [main] DEBUG org.hibernate.cfg.SettingsFactory - Query translator: org.hibernate.hql.internal.ast.ASTQueryTranslatorFactory
17:40:02.804 [main] INFO org.hibernate.hql.internal.ast.ASTQueryTranslatorFactory - HHH000397: Using ASTQueryTranslatorFactory
17:40:02.804 [main] DEBUG org.hibernate.cfg.SettingsFactory - Query language substitutions: {}
17:40:02.805 [main] DEBUG org.hibernate.cfg.SettingsFactory - JPA-QL strict compliance: disabled
17:40:02.805 [main] DEBUG org.hibernate.cfg.SettingsFactory - Second-level cache: enabled
17:40:02.805 [main] DEBUG org.hibernate.cfg.SettingsFactory - Query cache: disabled
17:40:02.805 [main] DEBUG org.hibernate.cache.internal.RegionFactoryInitiator - Cache region factory : org.hibernate.cache.internal.NoCachingRegionFactory
17:40:02.805 [main] DEBUG org.hibernate.cfg.SettingsFactory - Optimize cache for minimal puts: disabled
17:40:02.805 [main] DEBUG org.hibernate.cfg.SettingsFactory - Structured second-level cache entries: disabled
17:40:02.805 [main] DEBUG org.hibernate.cfg.SettingsFactory - Second-level cache direct-reference entries: disabled
17:40:02.805 [main] DEBUG org.hibernate.cfg.SettingsFactory - Automatic eviction of collection cache: disabled
17:40:02.805 [main] DEBUG org.hibernate.cfg.SettingsFactory - Statistics: disabled
17:40:02.805 [main] DEBUG org.hibernate.cfg.SettingsFactory - Deleted entity synthetic identifier rollback: disabled
17:40:02.805 [main] DEBUG org.hibernate.cfg.SettingsFactory - Default entity-mode: pojo
17:40:02.805 [main] DEBUG org.hibernate.cfg.SettingsFactory - Named query checking : enabled
17:40:02.805 [main] DEBUG org.hibernate.cfg.SettingsFactory - Check Nullability in Core (should be disabled when Bean Validation is on): enabled
17:40:02.805 [main] DEBUG org.hibernate.cfg.SettingsFactory - Allow initialization of lazy state outside session : : disabled
17:40:02.805 [main] DEBUG org.hibernate.cfg.SettingsFactory - JTA Track by Thread: enabled
17:40:02.806 [main] DEBUG org.hibernate.internal.SessionFactoryImpl - Building session factory
17:40:02.808 [main] DEBUG org.hibernate.internal.SessionFactoryImpl - Session factory constructed with filter configurations : {}
17:40:02.808 [main] DEBUG org.hibernate.internal.SessionFactoryImpl - Instantiating session factory with properties: {java.runtime.name=Java(TM) SE Runtime Environment, sun.boot.library.path=C:\Program Files\Java\jdk1.8.0_141\jre\bin, java.vm.version=25.141-b15, java.vm.vendor=Oracle Corporation, java.vendor.url=http://java.oracle.com/, path.separator=;, java.vm.name=Java HotSpot(TM) 64-Bit Server VM, file.encoding.pkg=sun.io, user.script=, user.country=US, sun.java.launcher=SUN_STANDARD, sun.os.patch.level=, java.vm.specification.name=Java Virtual Machine Specification, user.dir=E:\ALL-Workspaces\collaboration_project\CollaborationProjectBackend, java.runtime.version=1.8.0_141-b15, java.awt.graphicsenv=sun.awt.Win32GraphicsEnvironment, basedir=E:\ALL-Workspaces\collaboration_project\CollaborationProjectBackend, hibernate.current_session_context_class=org.springframework.orm.hibernate4.SpringSessionContext, java.endorsed.dirs=C:\Program Files\Java\jdk1.8.0_141\jre\lib\endorsed, os.arch=amd64, surefire.real.class.path=E:\ALL-Workspaces\collaboration_project\CollaborationProjectBackend\target\surefire\surefirebooter6190115360083772269.jar, java.io.tmpdir=C:\Users\lalak\AppData\Local\Temp\, line.separator=
, java.vm.specification.vendor=Oracle Corporation, user.variant=, os.name=Windows 10, sun.jnu.encoding=Cp1252, java.library.path=C:\Program Files\Java\jdk1.8.0_141\jre\bin;C:\WINDOWS\Sun\Java\bin;C:\WINDOWS\system32;C:\WINDOWS;C:/Program Files/Java/jdk1.8.0_141/bin/../jre/bin/server;C:/Program Files/Java/jdk1.8.0_141/bin/../jre/bin;C:/Program Files/Java/jdk1.8.0_141/bin/../jre/lib/amd64;C:\WINDOWS\system32;C:\WINDOWS;C:\WINDOWS\System32\Wbem;C:\WINDOWS\System32\WindowsPowerShell\v1.0\;C:\apache-maven-3.5.0\bin;E:\DontDisturb\Tomcat9;C:\Program Files\Java\jdk1.8.0_141\bin;C:\Users\lalak\AppData\Local\Microsoft\WindowsApps;;C:\eclipse-jee-oxygen-R-win32-x86_64\eclipse;;., hibernate.connection.datasource=org.springframework.jdbc.datasource.DriverManagerDataSource@75d4a80f, surefire.test.class.path=E:\ALL-Workspaces\collaboration_project\CollaborationProjectBackend\target\test-classes;E:\ALL-Workspaces\collaboration_project\CollaborationProjectBackend\target\classes;C:\Users\lalak\.m2\repository\junit\junit\4.12\junit-4.12.jar;C:\Users\lalak\.m2\repository\org\hamcrest\hamcrest-core\1.3\hamcrest-core-1.3.jar;C:\Users\lalak\.m2\repository\com\h2database\h2\1.4.195\h2-1.4.195.jar;C:\Users\lalak\.m2\repository\javax\servlet\javax.servlet-api\3.1.0\javax.servlet-api-3.1.0.jar;C:\Users\lalak\.m2\repository\javax\validation\validation-api\1.0.0.GA\validation-api-1.0.0.GA.jar;C:\Users\lalak\.m2\repository\org\springframework\spring-context\4.3.10.RELEASE\spring-context-4.3.10.RELEASE.jar;C:\Users\lalak\.m2\repository\org\springframework\spring-expression\4.3.10.RELEASE\spring-expression-4.3.10.RELEASE.jar;C:\Users\lalak\.m2\repository\org\springframework\spring-core\4.3.10.RELEASE\spring-core-4.3.10.RELEASE.jar;C:\Users\lalak\.m2\repository\commons-logging\commons-logging\1.2\commons-logging-1.2.jar;C:\Users\lalak\.m2\repository\org\springframework\spring-orm\4.3.10.RELEASE\spring-orm-4.3.10.RELEASE.jar;C:\Users\lalak\.m2\repository\org\springframework\spring-jdbc\4.3.10.RELEASE\spring-jdbc-4.3.10.RELEASE.jar;C:\Users\lalak\.m2\repository\org\springframework\spring-tx\4.3.10.RELEASE\spring-tx-4.3.10.RELEASE.jar;C:\Users\lalak\.m2\repository\org\springframework\spring-beans\4.3.10.RELEASE\spring-beans-4.3.10.RELEASE.jar;C:\Users\lalak\.m2\repository\org\springframework\spring-web\4.3.10.RELEASE\spring-web-4.3.10.RELEASE.jar;C:\Users\lalak\.m2\repository\org\springframework\spring-webmvc\4.3.10.RELEASE\spring-webmvc-4.3.10.RELEASE.jar;C:\Users\lalak\.m2\repository\org\springframework\spring-test\4.3.10.RELEASE\spring-test-4.3.10.RELEASE.jar;C:\Users\lalak\.m2\repository\org\springframework\spring-aop\4.3.10.RELEASE\spring-aop-4.3.10.RELEASE.jar;C:\Users\lalak\.m2\repository\org\springframework\spring-messaging\4.3.10.RELEASE\spring-messaging-4.3.10.RELEASE.jar;C:\Users\lalak\.m2\repository\org\springframework\spring-websocket\4.3.10.RELEASE\spring-websocket-4.3.10.RELEASE.jar;C:\Users\lalak\.m2\repository\org\hibernate\hibernate-core\4.3.5.Final\hibernate-core-4.3.5.Final.jar;C:\Users\lalak\.m2\repository\org\jboss\logging\jboss-logging\3.1.3.GA\jboss-logging-3.1.3.GA.jar;C:\Users\lalak\.m2\repository\org\jboss\logging\jboss-logging-annotations\1.2.0.Beta1\jboss-logging-annotations-1.2.0.Beta1.jar;C:\Users\lalak\.m2\repository\org\jboss\spec\javax\transaction\jboss-transaction-api_1.2_spec\1.0.0.Final\jboss-transaction-api_1.2_spec-1.0.0.Final.jar;C:\Users\lalak\.m2\repository\dom4j\dom4j\1.6.1\dom4j-1.6.1.jar;C:\Users\lalak\.m2\repository\xml-apis\xml-apis\1.0.b2\xml-apis-1.0.b2.jar;C:\Users\lalak\.m2\repository\org\hibernate\common\hibernate-commons-annotations\4.0.4.Final\hibernate-commons-annotations-4.0.4.Final.jar;C:\Users\lalak\.m2\repository\org\hibernate\javax\persistence\hibernate-jpa-2.1-api\1.0.0.Final\hibernate-jpa-2.1-api-1.0.0.Final.jar;C:\Users\lalak\.m2\repository\org\javassist\javassist\3.18.1-GA\javassist-3.18.1-GA.jar;C:\Users\lalak\.m2\repository\antlr\antlr\2.7.7\antlr-2.7.7.jar;C:\Users\lalak\.m2\repository\org\jboss\jandex\1.1.0.Final\jandex-1.1.0.Final.jar;C:\Users\lalak\.m2\repository\org\hibernate\hibernate-validator\4.0.2.GA\hibernate-validator-4.0.2.GA.jar;C:\Users\lalak\.m2\repository\javax\xml\bind\jaxb-api\2.1\jaxb-api-2.1.jar;C:\Users\lalak\.m2\repository\javax\xml\stream\stax-api\1.0-2\stax-api-1.0-2.jar;C:\Users\lalak\.m2\repository\javax\activation\activation\1.1\activation-1.1.jar;C:\Users\lalak\.m2\repository\com\sun\xml\bind\jaxb-impl\2.1.3\jaxb-impl-2.1.3.jar;C:\Users\lalak\.m2\repository\com\fasterxml\jackson\core\jackson-databind\2.7.5\jackson-databind-2.7.5.jar;C:\Users\lalak\.m2\repository\com\fasterxml\jackson\core\jackson-annotations\2.7.0\jackson-annotations-2.7.0.jar;C:\Users\lalak\.m2\repository\com\fasterxml\jackson\core\jackson-core\2.7.5\jackson-core-2.7.5.jar;C:\Users\lalak\.m2\repository\org\slf4j\slf4j-api\1.7.1\slf4j-api-1.7.1.jar;C:\Users\lalak\.m2\repository\ch\qos\logback\logback-classic\1.1.7\logback-classic-1.1.7.jar;C:\Users\lalak\.m2\repository\ch\qos\logback\logback-core\1.1.7\logback-core-1.1.7.jar;C:\Users\lalak\.m2\repository\javax\websocket\javax.websocket-api\1.1\javax.websocket-api-1.1.jar;C:\Users\lalak\.m2\repository\commons-io\commons-io\2.5\commons-io-2.5.jar;C:\Users\lalak\.m2\repository\commons-fileupload\commons-fileupload\1.3.2\commons-fileupload-1.3.2.jar;, java.specification.name=Java Platform API Specification, java.class.version=52.0, sun.management.compiler=HotSpot 64-Bit Tiered Compilers, os.version=10.0, user.home=C:\Users\lalak, user.timezone=Asia/Calcutta, java.awt.printerjob=sun.awt.windows.WPrinterJob, java.specification.version=1.8, file.encoding=Cp1252, user.name=lalak, java.class.path=E:\ALL-Workspaces\collaboration_project\CollaborationProjectBackend\target\test-classes;E:\ALL-Workspaces\collaboration_project\CollaborationProjectBackend\target\classes;C:\Users\lalak\.m2\repository\junit\junit\4.12\junit-4.12.jar;C:\Users\lalak\.m2\repository\org\hamcrest\hamcrest-core\1.3\hamcrest-core-1.3.jar;C:\Users\lalak\.m2\repository\com\h2database\h2\1.4.195\h2-1.4.195.jar;C:\Users\lalak\.m2\repository\javax\servlet\javax.servlet-api\3.1.0\javax.servlet-api-3.1.0.jar;C:\Users\lalak\.m2\repository\javax\validation\validation-api\1.0.0.GA\validation-api-1.0.0.GA.jar;C:\Users\lalak\.m2\repository\org\springframework\spring-context\4.3.10.RELEASE\spring-context-4.3.10.RELEASE.jar;C:\Users\lalak\.m2\repository\org\springframework\spring-expression\4.3.10.RELEASE\spring-expression-4.3.10.RELEASE.jar;C:\Users\lalak\.m2\repository\org\springframework\spring-core\4.3.10.RELEASE\spring-core-4.3.10.RELEASE.jar;C:\Users\lalak\.m2\repository\commons-logging\commons-logging\1.2\commons-logging-1.2.jar;C:\Users\lalak\.m2\repository\org\springframework\spring-orm\4.3.10.RELEASE\spring-orm-4.3.10.RELEASE.jar;C:\Users\lalak\.m2\repository\org\springframework\spring-jdbc\4.3.10.RELEASE\spring-jdbc-4.3.10.RELEASE.jar;C:\Users\lalak\.m2\repository\org\springframework\spring-tx\4.3.10.RELEASE\spring-tx-4.3.10.RELEASE.jar;C:\Users\lalak\.m2\repository\org\springframework\spring-beans\4.3.10.RELEASE\spring-beans-4.3.10.RELEASE.jar;C:\Users\lalak\.m2\repository\org\springframework\spring-web\4.3.10.RELEASE\spring-web-4.3.10.RELEASE.jar;C:\Users\lalak\.m2\repository\org\springframework\spring-webmvc\4.3.10.RELEASE\spring-webmvc-4.3.10.RELEASE.jar;C:\Users\lalak\.m2\repository\org\springframework\spring-test\4.3.10.RELEASE\spring-test-4.3.10.RELEASE.jar;C:\Users\lalak\.m2\repository\org\springframework\spring-aop\4.3.10.RELEASE\spring-aop-4.3.10.RELEASE.jar;C:\Users\lalak\.m2\repository\org\springframework\spring-messaging\4.3.10.RELEASE\spring-messaging-4.3.10.RELEASE.jar;C:\Users\lalak\.m2\repository\org\springframework\spring-websocket\4.3.10.RELEASE\spring-websocket-4.3.10.RELEASE.jar;C:\Users\lalak\.m2\repository\org\hibernate\hibernate-core\4.3.5.Final\hibernate-core-4.3.5.Final.jar;C:\Users\lalak\.m2\repository\org\jboss\logging\jboss-logging\3.1.3.GA\jboss-logging-3.1.3.GA.jar;C:\Users\lalak\.m2\repository\org\jboss\logging\jboss-logging-annotations\1.2.0.Beta1\jboss-logging-annotations-1.2.0.Beta1.jar;C:\Users\lalak\.m2\repository\org\jboss\spec\javax\transaction\jboss-transaction-api_1.2_spec\1.0.0.Final\jboss-transaction-api_1.2_spec-1.0.0.Final.jar;C:\Users\lalak\.m2\repository\dom4j\dom4j\1.6.1\dom4j-1.6.1.jar;C:\Users\lalak\.m2\repository\xml-apis\xml-apis\1.0.b2\xml-apis-1.0.b2.jar;C:\Users\lalak\.m2\repository\org\hibernate\common\hibernate-commons-annotations\4.0.4.Final\hibernate-commons-annotations-4.0.4.Final.jar;C:\Users\lalak\.m2\repository\org\hibernate\javax\persistence\hibernate-jpa-2.1-api\1.0.0.Final\hibernate-jpa-2.1-api-1.0.0.Final.jar;C:\Users\lalak\.m2\repository\org\javassist\javassist\3.18.1-GA\javassist-3.18.1-GA.jar;C:\Users\lalak\.m2\repository\antlr\antlr\2.7.7\antlr-2.7.7.jar;C:\Users\lalak\.m2\repository\org\jboss\jandex\1.1.0.Final\jandex-1.1.0.Final.jar;C:\Users\lalak\.m2\repository\org\hibernate\hibernate-validator\4.0.2.GA\hibernate-validator-4.0.2.GA.jar;C:\Users\lalak\.m2\repository\javax\xml\bind\jaxb-api\2.1\jaxb-api-2.1.jar;C:\Users\lalak\.m2\repository\javax\xml\stream\stax-api\1.0-2\stax-api-1.0-2.jar;C:\Users\lalak\.m2\repository\javax\activation\activation\1.1\activation-1.1.jar;C:\Users\lalak\.m2\repository\com\sun\xml\bind\jaxb-impl\2.1.3\jaxb-impl-2.1.3.jar;C:\Users\lalak\.m2\repository\com\fasterxml\jackson\core\jackson-databind\2.7.5\jackson-databind-2.7.5.jar;C:\Users\lalak\.m2\repository\com\fasterxml\jackson\core\jackson-annotations\2.7.0\jackson-annotations-2.7.0.jar;C:\Users\lalak\.m2\repository\com\fasterxml\jackson\core\jackson-core\2.7.5\jackson-core-2.7.5.jar;C:\Users\lalak\.m2\repository\org\slf4j\slf4j-api\1.7.1\slf4j-api-1.7.1.jar;C:\Users\lalak\.m2\repository\ch\qos\logback\logback-classic\1.1.7\logback-classic-1.1.7.jar;C:\Users\lalak\.m2\repository\ch\qos\logback\logback-core\1.1.7\logback-core-1.1.7.jar;C:\Users\lalak\.m2\repository\javax\websocket\javax.websocket-api\1.1\javax.websocket-api-1.1.jar;C:\Users\lalak\.m2\repository\commons-io\commons-io\2.5\commons-io-2.5.jar;C:\Users\lalak\.m2\repository\commons-fileupload\commons-fileupload\1.3.2\commons-fileupload-1.3.2.jar;, hibernate.bytecode.use_reflection_optimizer=false, hibernate.show_sql=true, hibernate.classLoader.application=sun.misc.Launcher$AppClassLoader@6bc7c054, java.vm.specification.version=1.8, sun.arch.data.model=64, java.home=C:\Program Files\Java\jdk1.8.0_141\jre, sun.java.command=E:\ALL-Workspaces\collaboration_project\CollaborationProjectBackend\target\surefire\surefirebooter6190115360083772269.jar E:\ALL-Workspaces\collaboration_project\CollaborationProjectBackend\target\surefire\surefire4314599782619434570tmp E:\ALL-Workspaces\collaboration_project\CollaborationProjectBackend\target\surefire\surefire_06300427882335719117tmp, hibernate.dialect=org.hibernate.dialect.H2Dialect, java.specification.vendor=Oracle Corporation, user.language=en, awt.toolkit=sun.awt.windows.WToolkit, java.vm.info=mixed mode, java.version=1.8.0_141, java.ext.dirs=C:\Program Files\Java\jdk1.8.0_141\jre\lib\ext;C:\WINDOWS\Sun\Java\lib\ext, sun.boot.class.path=C:\Program Files\Java\jdk1.8.0_141\jre\lib\resources.jar;C:\Program Files\Java\jdk1.8.0_141\jre\lib\rt.jar;C:\Program Files\Java\jdk1.8.0_141\jre\lib\sunrsasign.jar;C:\Program Files\Java\jdk1.8.0_141\jre\lib\jsse.jar;C:\Program Files\Java\jdk1.8.0_141\jre\lib\jce.jar;C:\Program Files\Java\jdk1.8.0_141\jre\lib\charsets.jar;C:\Program Files\Java\jdk1.8.0_141\jre\lib\jfr.jar;C:\Program Files\Java\jdk1.8.0_141\jre\classes, java.vendor=Oracle Corporation, localRepository=C:\Users\lalak\.m2\repository, file.separator=\, java.vendor.url.bug=http://bugreport.sun.com/bugreport/, hibernate.hbm2ddl.auto=update, sun.cpu.endian=little, sun.io.unicode.encoding=UnicodeLittle, sun.desktop=windows, sun.cpu.isalist=amd64}
17:40:02.810 [main] DEBUG org.hibernate.validator.engine.ResourceBundleMessageInterpolator - ValidationMessages not found. Delegating to org.hibernate.validator.ValidationMessages
17:40:02.810 [main] DEBUG org.hibernate.validator.engine.resolver.DefaultTraversableResolver - Found javax.persistence.PersistenceUtil on classpath.
17:40:02.810 [main] INFO org.hibernate.validator.engine.resolver.DefaultTraversableResolver - Instantiated an instance of org.hibernate.validator.engine.resolver.JPATraversableResolver.
17:40:02.811 [main] DEBUG org.hibernate.validator.xml.ValidationXmlParser - No META-INF/validation.xml found. Using annotation based configuration only
17:40:02.817 [main] DEBUG org.hibernate.secure.spi.JaccIntegrator - Skipping JACC integration as it was not enabled
17:40:02.817 [main] DEBUG org.hibernate.id.factory.internal.DefaultIdentifierGeneratorFactory - Setting dialect [org.hibernate.dialect.H2Dialect]
17:40:02.817 [main] DEBUG org.hibernate.id.factory.internal.DefaultIdentifierGeneratorFactory - Setting dialect [org.hibernate.dialect.H2Dialect]
17:40:02.817 [main] DEBUG org.hibernate.id.factory.internal.DefaultIdentifierGeneratorFactory - Setting dialect [org.hibernate.dialect.H2Dialect]
17:40:02.817 [main] DEBUG org.hibernate.id.factory.internal.DefaultIdentifierGeneratorFactory - Setting dialect [org.hibernate.dialect.H2Dialect]
17:40:02.817 [main] DEBUG org.hibernate.id.factory.internal.DefaultIdentifierGeneratorFactory - Setting dialect [org.hibernate.dialect.H2Dialect]
17:40:02.817 [main] DEBUG org.hibernate.id.factory.internal.DefaultIdentifierGeneratorFactory - Setting dialect [org.hibernate.dialect.H2Dialect]
17:40:02.817 [main] DEBUG org.hibernate.id.factory.internal.DefaultIdentifierGeneratorFactory - Setting dialect [org.hibernate.dialect.H2Dialect]
17:40:02.817 [main] DEBUG org.hibernate.id.factory.internal.DefaultIdentifierGeneratorFactory - Setting dialect [org.hibernate.dialect.H2Dialect]
17:40:02.818 [main] DEBUG org.hibernate.id.factory.internal.DefaultIdentifierGeneratorFactory - Setting dialect [org.hibernate.dialect.H2Dialect]
17:40:02.818 [main] DEBUG org.hibernate.id.factory.internal.DefaultIdentifierGeneratorFactory - Setting dialect [org.hibernate.dialect.H2Dialect]
17:40:02.836 [main] DEBUG org.hibernate.persister.entity.AbstractEntityPersister - Static SQL for entity: com.niit.model.FileUpload
17:40:02.836 [main] DEBUG org.hibernate.persister.entity.AbstractEntityPersister -  Version select: select ProfilePicsId from CProfilePic where ProfilePicsId =?
17:40:02.836 [main] DEBUG org.hibernate.persister.entity.AbstractEntityPersister -  Snapshot select: select fileupload_.ProfilePicsId, fileupload_.filedata as filedata2_7_, fileupload_.filename as filename3_7_, fileupload_.userId as userId4_7_ from CProfilePic fileupload_ where fileupload_.ProfilePicsId=?
17:40:02.836 [main] DEBUG org.hibernate.persister.entity.AbstractEntityPersister -  Insert 0: insert into CProfilePic (filedata, filename, userId, ProfilePicsId) values (?, ?, ?, ?)
17:40:02.836 [main] DEBUG org.hibernate.persister.entity.AbstractEntityPersister -  Update 0: update CProfilePic set filedata=?, filename=?, userId=? where ProfilePicsId=?
17:40:02.837 [main] DEBUG org.hibernate.persister.entity.AbstractEntityPersister -  Delete 0: delete from CProfilePic where ProfilePicsId=?
17:40:02.837 [main] DEBUG org.hibernate.persister.entity.AbstractEntityPersister -  Identity insert: insert into CProfilePic (ProfilePicsId, filedata, filename, userId) values (null, ?, ?, ?)
17:40:02.837 [main] DEBUG org.hibernate.loader.plan.build.internal.spaces.QuerySpacesImpl - Adding QuerySpace : uid = &lt;gen:0&gt; -&gt; org.hibernate.loader.plan.build.internal.spaces.EntityQuerySpaceImpl@265bd546]
17:40:02.837 [main] DEBUG org.hibernate.persister.walking.spi.MetamodelGraphWalker - Visiting attribute path : filedata
17:40:02.837 [main] DEBUG org.hibernate.persister.walking.spi.MetamodelGraphWalker - Visiting attribute path : filename
17:40:02.837 [main] DEBUG org.hibernate.persister.walking.spi.MetamodelGraphWalker - Visiting attribute path : userId
17:40:02.837 [main] DEBUG org.hibernate.loader.plan.build.internal.FetchStyleLoadPlanBuildingAssociationVisitationStrategy - Building LoadPlan...
17:40:02.837 [main] DEBUG org.hibernate.loader.plan.exec.internal.LoadQueryJoinAndFetchProcessor - processing queryspace &lt;gen:0&gt;
17:40:02.837 [main] DEBUG org.hibernate.loader.plan.build.spi.LoadPlanTreePrinter - LoadPlan(entity=com.niit.model.FileUpload)
    - Returns
       - EntityReturnImpl(entity=com.niit.model.FileUpload, querySpaceUid=&lt;gen:0&gt;, path=com.niit.model.FileUpload)
    - QuerySpaces
       - EntityQuerySpaceImpl(uid=&lt;gen:0&gt;, entity=com.niit.model.FileUpload)
          - SQL table alias mapping - fileupload0_
          - alias suffix - 0_
          - suffixed key columns - {ProfileP1_7_0_}

17:40:02.837 [main] DEBUG org.hibernate.loader.entity.plan.EntityLoader - Static select for entity com.niit.model.FileUpload [NONE]: select fileupload0_.ProfilePicsId as ProfileP1_7_0_, fileupload0_.filedata as filedata2_7_0_, fileupload0_.filename as filename3_7_0_, fileupload0_.userId as userId4_7_0_ from CProfilePic fileupload0_ where fileupload0_.ProfilePicsId=?
17:40:02.838 [main] DEBUG org.hibernate.loader.plan.build.internal.spaces.QuerySpacesImpl - Adding QuerySpace : uid = &lt;gen:0&gt; -&gt; org.hibernate.loader.plan.build.internal.spaces.EntityQuerySpaceImpl@7e0bc8a3]
17:40:02.838 [main] DEBUG org.hibernate.persister.walking.spi.MetamodelGraphWalker - Visiting attribute path : filedata
17:40:02.838 [main] DEBUG org.hibernate.persister.walking.spi.MetamodelGraphWalker - Visiting attribute path : filename
17:40:02.838 [main] DEBUG org.hibernate.persister.walking.spi.MetamodelGraphWalker - Visiting attribute path : userId
17:40:02.838 [main] DEBUG org.hibernate.loader.plan.build.internal.FetchStyleLoadPlanBuildingAssociationVisitationStrategy - Building LoadPlan...
17:40:02.838 [main] DEBUG org.hibernate.loader.plan.exec.internal.LoadQueryJoinAndFetchProcessor - processing queryspace &lt;gen:0&gt;
17:40:02.839 [main] DEBUG org.hibernate.loader.plan.build.spi.LoadPlanTreePrinter - LoadPlan(entity=com.niit.model.FileUpload)
    - Returns
       - EntityReturnImpl(entity=com.niit.model.FileUpload, querySpaceUid=&lt;gen:0&gt;, path=com.niit.model.FileUpload)
    - QuerySpaces
       - EntityQuerySpaceImpl(uid=&lt;gen:0&gt;, entity=com.niit.model.FileUpload)
          - SQL table alias mapping - fileupload0_
          - alias suffix - 0_
          - suffixed key columns - {ProfileP1_7_0_}

17:40:02.839 [main] DEBUG org.hibernate.loader.entity.plan.EntityLoader - Static select for entity com.niit.model.FileUpload [READ]: select fileupload0_.ProfilePicsId as ProfileP1_7_0_, fileupload0_.filedata as filedata2_7_0_, fileupload0_.filename as filename3_7_0_, fileupload0_.userId as userId4_7_0_ from CProfilePic fileupload0_ where fileupload0_.ProfilePicsId=?
17:40:02.839 [main] DEBUG org.hibernate.loader.plan.build.internal.spaces.QuerySpacesImpl - Adding QuerySpace : uid = &lt;gen:0&gt; -&gt; org.hibernate.loader.plan.build.internal.spaces.EntityQuerySpaceImpl@33063f5b]
17:40:02.840 [main] DEBUG org.hibernate.persister.walking.spi.MetamodelGraphWalker - Visiting attribute path : filedata
17:40:02.840 [main] DEBUG org.hibernate.persister.walking.spi.MetamodelGraphWalker - Visiting attribute path : filename
17:40:02.840 [main] DEBUG org.hibernate.persister.walking.spi.MetamodelGraphWalker - Visiting attribute path : userId
17:40:02.840 [main] DEBUG org.hibernate.loader.plan.build.internal.FetchStyleLoadPlanBuildingAssociationVisitationStrategy - Building LoadPlan...
17:40:02.840 [main] DEBUG org.hibernate.loader.plan.exec.internal.LoadQueryJoinAndFetchProcessor - processing queryspace &lt;gen:0&gt;
17:40:02.840 [main] DEBUG org.hibernate.loader.plan.build.spi.LoadPlanTreePrinter - LoadPlan(entity=com.niit.model.FileUpload)
    - Returns
       - EntityReturnImpl(entity=com.niit.model.FileUpload, querySpaceUid=&lt;gen:0&gt;, path=com.niit.model.FileUpload)
    - QuerySpaces
       - EntityQuerySpaceImpl(uid=&lt;gen:0&gt;, entity=com.niit.model.FileUpload)
          - SQL table alias mapping - fileupload0_
          - alias suffix - 0_
          - suffixed key columns - {ProfileP1_7_0_}

17:40:02.840 [main] DEBUG org.hibernate.loader.entity.plan.EntityLoader - Static select for entity com.niit.model.FileUpload [UPGRADE]: select fileupload0_.ProfilePicsId as ProfileP1_7_0_, fileupload0_.filedata as filedata2_7_0_, fileupload0_.filename as filename3_7_0_, fileupload0_.userId as userId4_7_0_ from CProfilePic fileupload0_ where fileupload0_.ProfilePicsId=? for update
17:40:02.840 [main] DEBUG org.hibernate.loader.plan.build.internal.spaces.QuerySpacesImpl - Adding QuerySpace : uid = &lt;gen:0&gt; -&gt; org.hibernate.loader.plan.build.internal.spaces.EntityQuerySpaceImpl@352ed70d]
17:40:02.840 [main] DEBUG org.hibernate.persister.walking.spi.MetamodelGraphWalker - Visiting attribute path : filedata
17:40:02.840 [main] DEBUG org.hibernate.persister.walking.spi.MetamodelGraphWalker - Visiting attribute path : filename
17:40:02.840 [main] DEBUG org.hibernate.persister.walking.spi.MetamodelGraphWalker - Visiting attribute path : userId
17:40:02.840 [main] DEBUG org.hibernate.loader.plan.build.internal.FetchStyleLoadPlanBuildingAssociationVisitationStrategy - Building LoadPlan...
17:40:02.841 [main] DEBUG org.hibernate.loader.plan.exec.internal.LoadQueryJoinAndFetchProcessor - processing queryspace &lt;gen:0&gt;
17:40:02.841 [main] DEBUG org.hibernate.loader.plan.build.spi.LoadPlanTreePrinter - LoadPlan(entity=com.niit.model.FileUpload)
    - Returns
       - EntityReturnImpl(entity=com.niit.model.FileUpload, querySpaceUid=&lt;gen:0&gt;, path=com.niit.model.FileUpload)
    - QuerySpaces
       - EntityQuerySpaceImpl(uid=&lt;gen:0&gt;, entity=com.niit.model.FileUpload)
          - SQL table alias mapping - fileupload0_
          - alias suffix - 0_
          - suffixed key columns - {ProfileP1_7_0_}

17:40:02.841 [main] DEBUG org.hibernate.loader.entity.plan.EntityLoader - Static select for entity com.niit.model.FileUpload [UPGRADE_NOWAIT]: select fileupload0_.ProfilePicsId as ProfileP1_7_0_, fileupload0_.filedata as filedata2_7_0_, fileupload0_.filename as filename3_7_0_, fileupload0_.userId as userId4_7_0_ from CProfilePic fileupload0_ where fileupload0_.ProfilePicsId=? for update
17:40:02.841 [main] DEBUG org.hibernate.loader.plan.build.internal.spaces.QuerySpacesImpl - Adding QuerySpace : uid = &lt;gen:0&gt; -&gt; org.hibernate.loader.plan.build.internal.spaces.EntityQuerySpaceImpl@5793b87]
17:40:02.841 [main] DEBUG org.hibernate.persister.walking.spi.MetamodelGraphWalker - Visiting attribute path : filedata
17:40:02.842 [main] DEBUG org.hibernate.persister.walking.spi.MetamodelGraphWalker - Visiting attribute path : filename
17:40:02.842 [main] DEBUG org.hibernate.persister.walking.spi.MetamodelGraphWalker - Visiting attribute path : userId
17:40:02.842 [main] DEBUG org.hibernate.loader.plan.build.internal.FetchStyleLoadPlanBuildingAssociationVisitationStrategy - Building LoadPlan...
17:40:02.842 [main] DEBUG org.hibernate.loader.plan.exec.internal.LoadQueryJoinAndFetchProcessor - processing queryspace &lt;gen:0&gt;
17:40:02.843 [main] DEBUG org.hibernate.loader.plan.build.spi.LoadPlanTreePrinter - LoadPlan(entity=com.niit.model.FileUpload)
    - Returns
       - EntityReturnImpl(entity=com.niit.model.FileUpload, querySpaceUid=&lt;gen:0&gt;, path=com.niit.model.FileUpload)
    - QuerySpaces
       - EntityQuerySpaceImpl(uid=&lt;gen:0&gt;, entity=com.niit.model.FileUpload)
          - SQL table alias mapping - fileupload0_
          - alias suffix - 0_
          - suffixed key columns - {ProfileP1_7_0_}

17:40:02.843 [main] DEBUG org.hibernate.loader.entity.plan.EntityLoader - Static select for entity com.niit.model.FileUpload [UPGRADE_SKIPLOCKED]: select fileupload0_.ProfilePicsId as ProfileP1_7_0_, fileupload0_.filedata as filedata2_7_0_, fileupload0_.filename as filename3_7_0_, fileupload0_.userId as userId4_7_0_ from CProfilePic fileupload0_ where fileupload0_.ProfilePicsId=? for update
17:40:02.843 [main] DEBUG org.hibernate.loader.plan.build.internal.spaces.QuerySpacesImpl - Adding QuerySpace : uid = &lt;gen:0&gt; -&gt; org.hibernate.loader.plan.build.internal.spaces.EntityQuerySpaceImpl@512575e9]
17:40:02.843 [main] DEBUG org.hibernate.persister.walking.spi.MetamodelGraphWalker - Visiting attribute path : filedata
17:40:02.843 [main] DEBUG org.hibernate.persister.walking.spi.MetamodelGraphWalker - Visiting attribute path : filename
17:40:02.843 [main] DEBUG org.hibernate.persister.walking.spi.MetamodelGraphWalker - Visiting attribute path : userId
17:40:02.843 [main] DEBUG org.hibernate.loader.plan.build.internal.FetchStyleLoadPlanBuildingAssociationVisitationStrategy - Building LoadPlan...
17:40:02.843 [main] DEBUG org.hibernate.loader.plan.exec.internal.LoadQueryJoinAndFetchProcessor - processing queryspace &lt;gen:0&gt;
17:40:02.844 [main] DEBUG org.hibernate.loader.plan.build.spi.LoadPlanTreePrinter - LoadPlan(entity=com.niit.model.FileUpload)
    - Returns
       - EntityReturnImpl(entity=com.niit.model.FileUpload, querySpaceUid=&lt;gen:0&gt;, path=com.niit.model.FileUpload)
    - QuerySpaces
       - EntityQuerySpaceImpl(uid=&lt;gen:0&gt;, entity=com.niit.model.FileUpload)
          - SQL table alias mapping - fileupload0_
          - alias suffix - 0_
          - suffixed key columns - {ProfileP1_7_0_}

17:40:02.844 [main] DEBUG org.hibernate.loader.entity.plan.EntityLoader - Static select for entity com.niit.model.FileUpload [FORCE]: select fileupload0_.ProfilePicsId as ProfileP1_7_0_, fileupload0_.filedata as filedata2_7_0_, fileupload0_.filename as filename3_7_0_, fileupload0_.userId as userId4_7_0_ from CProfilePic fileupload0_ where fileupload0_.ProfilePicsId=? for update
17:40:02.844 [main] DEBUG org.hibernate.loader.plan.build.internal.spaces.QuerySpacesImpl - Adding QuerySpace : uid = &lt;gen:0&gt; -&gt; org.hibernate.loader.plan.build.internal.spaces.EntityQuerySpaceImpl@2373ad99]
17:40:02.844 [main] DEBUG org.hibernate.persister.walking.spi.MetamodelGraphWalker - Visiting attribute path : filedata
17:40:02.844 [main] DEBUG org.hibernate.persister.walking.spi.MetamodelGraphWalker - Visiting attribute path : filename
17:40:02.844 [main] DEBUG org.hibernate.persister.walking.spi.MetamodelGraphWalker - Visiting attribute path : userId
17:40:02.844 [main] DEBUG org.hibernate.loader.plan.build.internal.FetchStyleLoadPlanBuildingAssociationVisitationStrategy - Building LoadPlan...
17:40:02.844 [main] DEBUG org.hibernate.loader.plan.exec.internal.LoadQueryJoinAndFetchProcessor - processing queryspace &lt;gen:0&gt;
17:40:02.844 [main] DEBUG org.hibernate.loader.plan.build.spi.LoadPlanTreePrinter - LoadPlan(entity=com.niit.model.FileUpload)
    - Returns
       - EntityReturnImpl(entity=com.niit.model.FileUpload, querySpaceUid=&lt;gen:0&gt;, path=com.niit.model.FileUpload)
    - QuerySpaces
       - EntityQuerySpaceImpl(uid=&lt;gen:0&gt;, entity=com.niit.model.FileUpload)
          - SQL table alias mapping - fileupload0_
          - alias suffix - 0_
          - suffixed key columns - {ProfileP1_7_0_}

17:40:02.844 [main] DEBUG org.hibernate.loader.entity.plan.EntityLoader - Static select for entity com.niit.model.FileUpload [PESSIMISTIC_READ]: select fileupload0_.ProfilePicsId as ProfileP1_7_0_, fileupload0_.filedata as filedata2_7_0_, fileupload0_.filename as filename3_7_0_, fileupload0_.userId as userId4_7_0_ from CProfilePic fileupload0_ where fileupload0_.ProfilePicsId=? for update
17:40:02.845 [main] DEBUG org.hibernate.loader.plan.build.internal.spaces.QuerySpacesImpl - Adding QuerySpace : uid = &lt;gen:0&gt; -&gt; org.hibernate.loader.plan.build.internal.spaces.EntityQuerySpaceImpl@4993febc]
17:40:02.845 [main] DEBUG org.hibernate.persister.walking.spi.MetamodelGraphWalker - Visiting attribute path : filedata
17:40:02.845 [main] DEBUG org.hibernate.persister.walking.spi.MetamodelGraphWalker - Visiting attribute path : filename
17:40:02.845 [main] DEBUG org.hibernate.persister.walking.spi.MetamodelGraphWalker - Visiting attribute path : userId
17:40:02.845 [main] DEBUG org.hibernate.loader.plan.build.internal.FetchStyleLoadPlanBuildingAssociationVisitationStrategy - Building LoadPlan...
17:40:02.845 [main] DEBUG org.hibernate.loader.plan.exec.internal.LoadQueryJoinAndFetchProcessor - processing queryspace &lt;gen:0&gt;
17:40:02.845 [main] DEBUG org.hibernate.loader.plan.build.spi.LoadPlanTreePrinter - LoadPlan(entity=com.niit.model.FileUpload)
    - Returns
       - EntityReturnImpl(entity=com.niit.model.FileUpload, querySpaceUid=&lt;gen:0&gt;, path=com.niit.model.FileUpload)
    - QuerySpaces
       - EntityQuerySpaceImpl(uid=&lt;gen:0&gt;, entity=com.niit.model.FileUpload)
          - SQL table alias mapping - fileupload0_
          - alias suffix - 0_
          - suffixed key columns - {ProfileP1_7_0_}

17:40:02.846 [main] DEBUG org.hibernate.loader.entity.plan.EntityLoader - Static select for entity com.niit.model.FileUpload [PESSIMISTIC_WRITE]: select fileupload0_.ProfilePicsId as ProfileP1_7_0_, fileupload0_.filedata as filedata2_7_0_, fileupload0_.filename as filename3_7_0_, fileupload0_.userId as userId4_7_0_ from CProfilePic fileupload0_ where fileupload0_.ProfilePicsId=? for update
17:40:02.846 [main] DEBUG org.hibernate.loader.plan.build.internal.spaces.QuerySpacesImpl - Adding QuerySpace : uid = &lt;gen:0&gt; -&gt; org.hibernate.loader.plan.build.internal.spaces.EntityQuerySpaceImpl@48a0c8aa]
17:40:02.846 [main] DEBUG org.hibernate.persister.walking.spi.MetamodelGraphWalker - Visiting attribute path : filedata
17:40:02.846 [main] DEBUG org.hibernate.persister.walking.spi.MetamodelGraphWalker - Visiting attribute path : filename
17:40:02.846 [main] DEBUG org.hibernate.persister.walking.spi.MetamodelGraphWalker - Visiting attribute path : userId
17:40:02.846 [main] DEBUG org.hibernate.loader.plan.build.internal.FetchStyleLoadPlanBuildingAssociationVisitationStrategy - Building LoadPlan...
17:40:02.846 [main] DEBUG org.hibernate.loader.plan.exec.internal.LoadQueryJoinAndFetchProcessor - processing queryspace &lt;gen:0&gt;
17:40:02.847 [main] DEBUG org.hibernate.loader.plan.build.spi.LoadPlanTreePrinter - LoadPlan(entity=com.niit.model.FileUpload)
    - Returns
       - EntityReturnImpl(entity=com.niit.model.FileUpload, querySpaceUid=&lt;gen:0&gt;, path=com.niit.model.FileUpload)
    - QuerySpaces
       - EntityQuerySpaceImpl(uid=&lt;gen:0&gt;, entity=com.niit.model.FileUpload)
          - SQL table alias mapping - fileupload0_
          - alias suffix - 0_
          - suffixed key columns - {ProfileP1_7_0_}

17:40:02.847 [main] DEBUG org.hibernate.loader.entity.plan.EntityLoader - Static select for entity com.niit.model.FileUpload [PESSIMISTIC_FORCE_INCREMENT]: select fileupload0_.ProfilePicsId as ProfileP1_7_0_, fileupload0_.filedata as filedata2_7_0_, fileupload0_.filename as filename3_7_0_, fileupload0_.userId as userId4_7_0_ from CProfilePic fileupload0_ where fileupload0_.ProfilePicsId=? for update
17:40:02.847 [main] DEBUG org.hibernate.loader.plan.build.internal.spaces.QuerySpacesImpl - Adding QuerySpace : uid = &lt;gen:0&gt; -&gt; org.hibernate.loader.plan.build.internal.spaces.EntityQuerySpaceImpl@3722c145]
17:40:02.847 [main] DEBUG org.hibernate.persister.walking.spi.MetamodelGraphWalker - Visiting attribute path : filedata
17:40:02.847 [main] DEBUG org.hibernate.persister.walking.spi.MetamodelGraphWalker - Visiting attribute path : filename
17:40:02.847 [main] DEBUG org.hibernate.persister.walking.spi.MetamodelGraphWalker - Visiting attribute path : userId
17:40:02.848 [main] DEBUG org.hibernate.loader.plan.build.internal.FetchStyleLoadPlanBuildingAssociationVisitationStrategy - Building LoadPlan...
17:40:02.848 [main] DEBUG org.hibernate.loader.plan.exec.internal.LoadQueryJoinAndFetchProcessor - processing queryspace &lt;gen:0&gt;
17:40:02.848 [main] DEBUG org.hibernate.loader.plan.build.spi.LoadPlanTreePrinter - LoadPlan(entity=com.niit.model.FileUpload)
    - Returns
       - EntityReturnImpl(entity=com.niit.model.FileUpload, querySpaceUid=&lt;gen:0&gt;, path=com.niit.model.FileUpload)
    - QuerySpaces
       - EntityQuerySpaceImpl(uid=&lt;gen:0&gt;, entity=com.niit.model.FileUpload)
          - SQL table alias mapping - fileupload0_
          - alias suffix - 0_
          - suffixed key columns - {ProfileP1_7_0_}

17:40:02.848 [main] DEBUG org.hibernate.loader.entity.plan.EntityLoader - Static select for entity com.niit.model.FileUpload [OPTIMISTIC]: select fileupload0_.ProfilePicsId as ProfileP1_7_0_, fileupload0_.filedata as filedata2_7_0_, fileupload0_.filename as filename3_7_0_, fileupload0_.userId as userId4_7_0_ from CProfilePic fileupload0_ where fileupload0_.ProfilePicsId=?
17:40:02.848 [main] DEBUG org.hibernate.loader.plan.build.internal.spaces.QuerySpacesImpl - Adding QuerySpace : uid = &lt;gen:0&gt; -&gt; org.hibernate.loader.plan.build.internal.spaces.EntityQuerySpaceImpl@2975a9e]
17:40:02.848 [main] DEBUG org.hibernate.persister.walking.spi.MetamodelGraphWalker - Visiting attribute path : filedata
17:40:02.849 [main] DEBUG org.hibernate.persister.walking.spi.MetamodelGraphWalker - Visiting attribute path : filename
17:40:02.849 [main] DEBUG org.hibernate.persister.walking.spi.MetamodelGraphWalker - Visiting attribute path : userId
17:40:02.849 [main] DEBUG org.hibernate.loader.plan.build.internal.FetchStyleLoadPlanBuildingAssociationVisitationStrategy - Building LoadPlan...
17:40:02.849 [main] DEBUG org.hibernate.loader.plan.exec.internal.LoadQueryJoinAndFetchProcessor - processing queryspace &lt;gen:0&gt;
17:40:02.849 [main] DEBUG org.hibernate.loader.plan.build.spi.LoadPlanTreePrinter - LoadPlan(entity=com.niit.model.FileUpload)
    - Returns
       - EntityReturnImpl(entity=com.niit.model.FileUpload, querySpaceUid=&lt;gen:0&gt;, path=com.niit.model.FileUpload)
    - QuerySpaces
       - EntityQuerySpaceImpl(uid=&lt;gen:0&gt;, entity=com.niit.model.FileUpload)
          - SQL table alias mapping - fileupload0_
          - alias suffix - 0_
          - suffixed key columns - {ProfileP1_7_0_}

17:40:02.849 [main] DEBUG org.hibernate.loader.entity.plan.EntityLoader - Static select for entity com.niit.model.FileUpload [OPTIMISTIC_FORCE_INCREMENT]: select fileupload0_.ProfilePicsId as ProfileP1_7_0_, fileupload0_.filedata as filedata2_7_0_, fileupload0_.filename as filename3_7_0_, fileupload0_.userId as userId4_7_0_ from CProfilePic fileupload0_ where fileupload0_.ProfilePicsId=?
17:40:02.850 [main] DEBUG org.hibernate.loader.Loader - Static select for action ACTION_MERGE on entity com.niit.model.FileUpload: select fileupload0_.ProfilePicsId as ProfileP1_7_0_, fileupload0_.filedata as filedata2_7_0_, fileupload0_.filename as filename3_7_0_, fileupload0_.userId as userId4_7_0_ from CProfilePic fileupload0_ where fileupload0_.ProfilePicsId=?
17:40:02.850 [main] DEBUG org.hibernate.loader.Loader - Static select for action ACTION_REFRESH on entity com.niit.model.FileUpload: select fileupload0_.ProfilePicsId as ProfileP1_7_0_, fileupload0_.filedata as filedata2_7_0_, fileupload0_.filename as filename3_7_0_, fileupload0_.userId as userId4_7_0_ from CProfilePic fileupload0_ where fileupload0_.ProfilePicsId=?
17:40:02.850 [main] DEBUG org.hibernate.persister.entity.AbstractEntityPersister - Static SQL for entity: com.niit.model.Forum
17:40:02.850 [main] DEBUG org.hibernate.persister.entity.AbstractEntityPersister -  Version select: select forumId from CForum where forumId =?
17:40:02.850 [main] DEBUG org.hibernate.persister.entity.AbstractEntityPersister -  Snapshot select: select forum_.forumId, forum_.createDate as createDa2_2_, forum_.forumContent as forumCon3_2_, forum_.forumName as forumNam4_2_, forum_.remarks as remarks5_2_, forum_.status as status6_2_, forum_.userId as userId7_2_ from CForum forum_ where forum_.forumId=?
17:40:02.851 [main] DEBUG org.hibernate.persister.entity.AbstractEntityPersister -  Insert 0: insert into CForum (createDate, forumContent, forumName, remarks, status, userId, forumId) values (?, ?, ?, ?, ?, ?, ?)
17:40:02.851 [main] DEBUG org.hibernate.persister.entity.AbstractEntityPersister -  Update 0: update CForum set createDate=?, forumContent=?, forumName=?, remarks=?, status=?, userId=? where forumId=?
17:40:02.851 [main] DEBUG org.hibernate.persister.entity.AbstractEntityPersister -  Delete 0: delete from CForum where forumId=?
17:40:02.851 [main] DEBUG org.hibernate.loader.plan.build.internal.spaces.QuerySpacesImpl - Adding QuerySpace : uid = &lt;gen:0&gt; -&gt; org.hibernate.loader.plan.build.internal.spaces.EntityQuerySpaceImpl@57562473]
17:40:02.851 [main] DEBUG org.hibernate.persister.walking.spi.MetamodelGraphWalker - Visiting attribute path : createDate
17:40:02.851 [main] DEBUG org.hibernate.persister.walking.spi.MetamodelGraphWalker - Visiting attribute path : forumContent
17:40:02.851 [main] DEBUG org.hibernate.persister.walking.spi.MetamodelGraphWalker - Visiting attribute path : forumName
17:40:02.851 [main] DEBUG org.hibernate.persister.walking.spi.MetamodelGraphWalker - Visiting attribute path : remarks
17:40:02.851 [main] DEBUG org.hibernate.persister.walking.spi.MetamodelGraphWalker - Visiting attribute path : status
17:40:02.851 [main] DEBUG org.hibernate.persister.walking.spi.MetamodelGraphWalker - Visiting attribute path : userId
17:40:02.852 [main] DEBUG org.hibernate.loader.plan.build.internal.FetchStyleLoadPlanBuildingAssociationVisitationStrategy - Building LoadPlan...
17:40:02.852 [main] DEBUG org.hibernate.loader.plan.exec.internal.LoadQueryJoinAndFetchProcessor - processing queryspace &lt;gen:0&gt;
17:40:02.852 [main] DEBUG org.hibernate.loader.plan.build.spi.LoadPlanTreePrinter - LoadPlan(entity=com.niit.model.Forum)
    - Returns
       - EntityReturnImpl(entity=com.niit.model.Forum, querySpaceUid=&lt;gen:0&gt;, path=com.niit.model.Forum)
    - QuerySpaces
       - EntityQuerySpaceImpl(uid=&lt;gen:0&gt;, entity=com.niit.model.Forum)
          - SQL table alias mapping - forum0_
          - alias suffix - 0_
          - suffixed key columns - {forumId1_2_0_}

17:40:02.852 [main] DEBUG org.hibernate.loader.entity.plan.EntityLoader - Static select for entity com.niit.model.Forum [NONE]: select forum0_.forumId as forumId1_2_0_, forum0_.createDate as createDa2_2_0_, forum0_.forumContent as forumCon3_2_0_, forum0_.forumName as forumNam4_2_0_, forum0_.remarks as remarks5_2_0_, forum0_.status as status6_2_0_, forum0_.userId as userId7_2_0_ from CForum forum0_ where forum0_.forumId=?
17:40:02.852 [main] DEBUG org.hibernate.loader.plan.build.internal.spaces.QuerySpacesImpl - Adding QuerySpace : uid = &lt;gen:0&gt; -&gt; org.hibernate.loader.plan.build.internal.spaces.EntityQuerySpaceImpl@424de326]
17:40:02.852 [main] DEBUG org.hibernate.persister.walking.spi.MetamodelGraphWalker - Visiting attribute path : createDate
17:40:02.853 [main] DEBUG org.hibernate.persister.walking.spi.MetamodelGraphWalker - Visiting attribute path : forumContent
17:40:02.853 [main] DEBUG org.hibernate.persister.walking.spi.MetamodelGraphWalker - Visiting attribute path : forumName
17:40:02.853 [main] DEBUG org.hibernate.persister.walking.spi.MetamodelGraphWalker - Visiting attribute path : remarks
17:40:02.853 [main] DEBUG org.hibernate.persister.walking.spi.MetamodelGraphWalker - Visiting attribute path : status
17:40:02.853 [main] DEBUG org.hibernate.persister.walking.spi.MetamodelGraphWalker - Visiting attribute path : userId
17:40:02.853 [main] DEBUG org.hibernate.loader.plan.build.internal.FetchStyleLoadPlanBuildingAssociationVisitationStrategy - Building LoadPlan...
17:40:02.853 [main] DEBUG org.hibernate.loader.plan.exec.internal.LoadQueryJoinAndFetchProcessor - processing queryspace &lt;gen:0&gt;
17:40:02.853 [main] DEBUG org.hibernate.loader.plan.build.spi.LoadPlanTreePrinter - LoadPlan(entity=com.niit.model.Forum)
    - Returns
       - EntityReturnImpl(entity=com.niit.model.Forum, querySpaceUid=&lt;gen:0&gt;, path=com.niit.model.Forum)
    - QuerySpaces
       - EntityQuerySpaceImpl(uid=&lt;gen:0&gt;, entity=com.niit.model.Forum)
          - SQL table alias mapping - forum0_
          - alias suffix - 0_
          - suffixed key columns - {forumId1_2_0_}

17:40:02.853 [main] DEBUG org.hibernate.loader.entity.plan.EntityLoader - Static select for entity com.niit.model.Forum [READ]: select forum0_.forumId as forumId1_2_0_, forum0_.createDate as createDa2_2_0_, forum0_.forumContent as forumCon3_2_0_, forum0_.forumName as forumNam4_2_0_, forum0_.remarks as remarks5_2_0_, forum0_.status as status6_2_0_, forum0_.userId as userId7_2_0_ from CForum forum0_ where forum0_.forumId=?
17:40:02.853 [main] DEBUG org.hibernate.loader.plan.build.internal.spaces.QuerySpacesImpl - Adding QuerySpace : uid = &lt;gen:0&gt; -&gt; org.hibernate.loader.plan.build.internal.spaces.EntityQuerySpaceImpl@2dd0f797]
17:40:02.854 [main] DEBUG org.hibernate.persister.walking.spi.MetamodelGraphWalker - Visiting attribute path : createDate
17:40:02.854 [main] DEBUG org.hibernate.persister.walking.spi.MetamodelGraphWalker - Visiting attribute path : forumContent
17:40:02.854 [main] DEBUG org.hibernate.persister.walking.spi.MetamodelGraphWalker - Visiting attribute path : forumName
17:40:02.854 [main] DEBUG org.hibernate.persister.walking.spi.MetamodelGraphWalker - Visiting attribute path : remarks
17:40:02.854 [main] DEBUG org.hibernate.persister.walking.spi.MetamodelGraphWalker - Visiting attribute path : status
17:40:02.854 [main] DEBUG org.hibernate.persister.walking.spi.MetamodelGraphWalker - Visiting attribute path : userId
17:40:02.854 [main] DEBUG org.hibernate.loader.plan.build.internal.FetchStyleLoadPlanBuildingAssociationVisitationStrategy - Building LoadPlan...
17:40:02.854 [main] DEBUG org.hibernate.loader.plan.exec.internal.LoadQueryJoinAndFetchProcessor - processing queryspace &lt;gen:0&gt;
17:40:02.854 [main] DEBUG org.hibernate.loader.plan.build.spi.LoadPlanTreePrinter - LoadPlan(entity=com.niit.model.Forum)
    - Returns
       - EntityReturnImpl(entity=com.niit.model.Forum, querySpaceUid=&lt;gen:0&gt;, path=com.niit.model.Forum)
    - QuerySpaces
       - EntityQuerySpaceImpl(uid=&lt;gen:0&gt;, entity=com.niit.model.Forum)
          - SQL table alias mapping - forum0_
          - alias suffix - 0_
          - suffixed key columns - {forumId1_2_0_}

17:40:02.854 [main] DEBUG org.hibernate.loader.entity.plan.EntityLoader - Static select for entity com.niit.model.Forum [UPGRADE]: select forum0_.forumId as forumId1_2_0_, forum0_.createDate as createDa2_2_0_, forum0_.forumContent as forumCon3_2_0_, forum0_.forumName as forumNam4_2_0_, forum0_.remarks as remarks5_2_0_, forum0_.status as status6_2_0_, forum0_.userId as userId7_2_0_ from CForum forum0_ where forum0_.forumId=? for update
17:40:02.854 [main] DEBUG org.hibernate.loader.plan.build.internal.spaces.QuerySpacesImpl - Adding QuerySpace : uid = &lt;gen:0&gt; -&gt; org.hibernate.loader.plan.build.internal.spaces.EntityQuerySpaceImpl@4a7fd0c9]
17:40:02.854 [main] DEBUG org.hibernate.persister.walking.spi.MetamodelGraphWalker - Visiting attribute path : createDate
17:40:02.854 [main] DEBUG org.hibernate.persister.walking.spi.MetamodelGraphWalker - Visiting attribute path : forumContent
17:40:02.854 [main] DEBUG org.hibernate.persister.walking.spi.MetamodelGraphWalker - Visiting attribute path : forumName
17:40:02.855 [main] DEBUG org.hibernate.persister.walking.spi.MetamodelGraphWalker - Visiting attribute path : remarks
17:40:02.855 [main] DEBUG org.hibernate.persister.walking.spi.MetamodelGraphWalker - Visiting attribute path : status
17:40:02.855 [main] DEBUG org.hibernate.persister.walking.spi.MetamodelGraphWalker - Visiting attribute path : userId
17:40:02.855 [main] DEBUG org.hibernate.loader.plan.build.internal.FetchStyleLoadPlanBuildingAssociationVisitationStrategy - Building LoadPlan...
17:40:02.859 [main] DEBUG org.hibernate.loader.plan.exec.internal.LoadQueryJoinAndFetchProcessor - processing queryspace &lt;gen:0&gt;
17:40:02.859 [main] DEBUG org.hibernate.loader.plan.build.spi.LoadPlanTreePrinter - LoadPlan(entity=com.niit.model.Forum)
    - Returns
       - EntityReturnImpl(entity=com.niit.model.Forum, querySpaceUid=&lt;gen:0&gt;, path=com.niit.model.Forum)
    - QuerySpaces
       - EntityQuerySpaceImpl(uid=&lt;gen:0&gt;, entity=com.niit.model.Forum)
          - SQL table alias mapping - forum0_
          - alias suffix - 0_
          - suffixed key columns - {forumId1_2_0_}

17:40:02.859 [main] DEBUG org.hibernate.loader.entity.plan.EntityLoader - Static select for entity com.niit.model.Forum [UPGRADE_NOWAIT]: select forum0_.forumId as forumId1_2_0_, forum0_.createDate as createDa2_2_0_, forum0_.forumContent as forumCon3_2_0_, forum0_.forumName as forumNam4_2_0_, forum0_.remarks as remarks5_2_0_, forum0_.status as status6_2_0_, forum0_.userId as userId7_2_0_ from CForum forum0_ where forum0_.forumId=? for update
17:40:02.859 [main] DEBUG org.hibernate.loader.plan.build.internal.spaces.QuerySpacesImpl - Adding QuerySpace : uid = &lt;gen:0&gt; -&gt; org.hibernate.loader.plan.build.internal.spaces.EntityQuerySpaceImpl@3291b443]
17:40:02.859 [main] DEBUG org.hibernate.persister.walking.spi.MetamodelGraphWalker - Visiting attribute path : createDate
17:40:02.859 [main] DEBUG org.hibernate.persister.walking.spi.MetamodelGraphWalker - Visiting attribute path : forumContent
17:40:02.859 [main] DEBUG org.hibernate.persister.walking.spi.MetamodelGraphWalker - Visiting attribute path : forumName
17:40:02.859 [main] DEBUG org.hibernate.persister.walking.spi.MetamodelGraphWalker - Visiting attribute path : remarks
17:40:02.859 [main] DEBUG org.hibernate.persister.walking.spi.MetamodelGraphWalker - Visiting attribute path : status
17:40:02.859 [main] DEBUG org.hibernate.persister.walking.spi.MetamodelGraphWalker - Visiting attribute path : userId
17:40:02.860 [main] DEBUG org.hibernate.loader.plan.build.internal.FetchStyleLoadPlanBuildingAssociationVisitationStrategy - Building LoadPlan...
17:40:02.860 [main] DEBUG org.hibernate.loader.plan.exec.internal.LoadQueryJoinAndFetchProcessor - processing queryspace &lt;gen:0&gt;
17:40:02.860 [main] DEBUG org.hibernate.loader.plan.build.spi.LoadPlanTreePrinter - LoadPlan(entity=com.niit.model.Forum)
    - Returns
       - EntityReturnImpl(entity=com.niit.model.Forum, querySpaceUid=&lt;gen:0&gt;, path=com.niit.model.Forum)
    - QuerySpaces
       - EntityQuerySpaceImpl(uid=&lt;gen:0&gt;, entity=com.niit.model.Forum)
          - SQL table alias mapping - forum0_
          - alias suffix - 0_
          - suffixed key columns - {forumId1_2_0_}

17:40:02.860 [main] DEBUG org.hibernate.loader.entity.plan.EntityLoader - Static select for entity com.niit.model.Forum [UPGRADE_SKIPLOCKED]: select forum0_.forumId as forumId1_2_0_, forum0_.createDate as createDa2_2_0_, forum0_.forumContent as forumCon3_2_0_, forum0_.forumName as forumNam4_2_0_, forum0_.remarks as remarks5_2_0_, forum0_.status as status6_2_0_, forum0_.userId as userId7_2_0_ from CForum forum0_ where forum0_.forumId=? for update
17:40:02.860 [main] DEBUG org.hibernate.loader.plan.build.internal.spaces.QuerySpacesImpl - Adding QuerySpace : uid = &lt;gen:0&gt; -&gt; org.hibernate.loader.plan.build.internal.spaces.EntityQuerySpaceImpl@53d13cd4]
17:40:02.860 [main] DEBUG org.hibernate.persister.walking.spi.MetamodelGraphWalker - Visiting attribute path : createDate
17:40:02.860 [main] DEBUG org.hibernate.persister.walking.spi.MetamodelGraphWalker - Visiting attribute path : forumContent
17:40:02.860 [main] DEBUG org.hibernate.persister.walking.spi.MetamodelGraphWalker - Visiting attribute path : forumName
17:40:02.860 [main] DEBUG org.hibernate.persister.walking.spi.MetamodelGraphWalker - Visiting attribute path : remarks
17:40:02.860 [main] DEBUG org.hibernate.persister.walking.spi.MetamodelGraphWalker - Visiting attribute path : status
17:40:02.860 [main] DEBUG org.hibernate.persister.walking.spi.MetamodelGraphWalker - Visiting attribute path : userId
17:40:02.860 [main] DEBUG org.hibernate.loader.plan.build.internal.FetchStyleLoadPlanBuildingAssociationVisitationStrategy - Building LoadPlan...
17:40:02.861 [main] DEBUG org.hibernate.loader.plan.exec.internal.LoadQueryJoinAndFetchProcessor - processing queryspace &lt;gen:0&gt;
17:40:02.861 [main] DEBUG org.hibernate.loader.plan.build.spi.LoadPlanTreePrinter - LoadPlan(entity=com.niit.model.Forum)
    - Returns
       - EntityReturnImpl(entity=com.niit.model.Forum, querySpaceUid=&lt;gen:0&gt;, path=com.niit.model.Forum)
    - QuerySpaces
       - EntityQuerySpaceImpl(uid=&lt;gen:0&gt;, entity=com.niit.model.Forum)
          - SQL table alias mapping - forum0_
          - alias suffix - 0_
          - suffixed key columns - {forumId1_2_0_}

17:40:02.861 [main] DEBUG org.hibernate.loader.entity.plan.EntityLoader - Static select for entity com.niit.model.Forum [FORCE]: select forum0_.forumId as forumId1_2_0_, forum0_.createDate as createDa2_2_0_, forum0_.forumContent as forumCon3_2_0_, forum0_.forumName as forumNam4_2_0_, forum0_.remarks as remarks5_2_0_, forum0_.status as status6_2_0_, forum0_.userId as userId7_2_0_ from CForum forum0_ where forum0_.forumId=? for update
17:40:02.861 [main] DEBUG org.hibernate.loader.plan.build.internal.spaces.QuerySpacesImpl - Adding QuerySpace : uid = &lt;gen:0&gt; -&gt; org.hibernate.loader.plan.build.internal.spaces.EntityQuerySpaceImpl@480ad82c]
17:40:02.861 [main] DEBUG org.hibernate.persister.walking.spi.MetamodelGraphWalker - Visiting attribute path : createDate
17:40:02.861 [main] DEBUG org.hibernate.persister.walking.spi.MetamodelGraphWalker - Visiting attribute path : forumContent
17:40:02.861 [main] DEBUG org.hibernate.persister.walking.spi.MetamodelGraphWalker - Visiting attribute path : forumName
17:40:02.861 [main] DEBUG org.hibernate.persister.walking.spi.MetamodelGraphWalker - Visiting attribute path : remarks
17:40:02.861 [main] DEBUG org.hibernate.persister.walking.spi.MetamodelGraphWalker - Visiting attribute path : status
17:40:02.861 [main] DEBUG org.hibernate.persister.walking.spi.MetamodelGraphWalker - Visiting attribute path : userId
17:40:02.861 [main] DEBUG org.hibernate.loader.plan.build.internal.FetchStyleLoadPlanBuildingAssociationVisitationStrategy - Building LoadPlan...
17:40:02.861 [main] DEBUG org.hibernate.loader.plan.exec.internal.LoadQueryJoinAndFetchProcessor - processing queryspace &lt;gen:0&gt;
17:40:02.862 [main] DEBUG org.hibernate.loader.plan.build.spi.LoadPlanTreePrinter - LoadPlan(entity=com.niit.model.Forum)
    - Returns
       - EntityReturnImpl(entity=com.niit.model.Forum, querySpaceUid=&lt;gen:0&gt;, path=com.niit.model.Forum)
    - QuerySpaces
       - EntityQuerySpaceImpl(uid=&lt;gen:0&gt;, entity=com.niit.model.Forum)
          - SQL table alias mapping - forum0_
          - alias suffix - 0_
          - suffixed key columns - {forumId1_2_0_}

17:40:02.862 [main] DEBUG org.hibernate.loader.entity.plan.EntityLoader - Static select for entity com.niit.model.Forum [PESSIMISTIC_READ]: select forum0_.forumId as forumId1_2_0_, forum0_.createDate as createDa2_2_0_, forum0_.forumContent as forumCon3_2_0_, forum0_.forumName as forumNam4_2_0_, forum0_.remarks as remarks5_2_0_, forum0_.status as status6_2_0_, forum0_.userId as userId7_2_0_ from CForum forum0_ where forum0_.forumId=? for update
17:40:02.862 [main] DEBUG org.hibernate.loader.plan.build.internal.spaces.QuerySpacesImpl - Adding QuerySpace : uid = &lt;gen:0&gt; -&gt; org.hibernate.loader.plan.build.internal.spaces.EntityQuerySpaceImpl@177515d1]
17:40:02.862 [main] DEBUG org.hibernate.persister.walking.spi.MetamodelGraphWalker - Visiting attribute path : createDate
17:40:02.862 [main] DEBUG org.hibernate.persister.walking.spi.MetamodelGraphWalker - Visiting attribute path : forumContent
17:40:02.862 [main] DEBUG org.hibernate.persister.walking.spi.MetamodelGraphWalker - Visiting attribute path : forumName
17:40:02.862 [main] DEBUG org.hibernate.persister.walking.spi.MetamodelGraphWalker - Visiting attribute path : remarks
17:40:02.862 [main] DEBUG org.hibernate.persister.walking.spi.MetamodelGraphWalker - Visiting attribute path : status
17:40:02.862 [main] DEBUG org.hibernate.persister.walking.spi.MetamodelGraphWalker - Visiting attribute path : userId
17:40:02.862 [main] DEBUG org.hibernate.loader.plan.build.internal.FetchStyleLoadPlanBuildingAssociationVisitationStrategy - Building LoadPlan...
17:40:02.862 [main] DEBUG org.hibernate.loader.plan.exec.internal.LoadQueryJoinAndFetchProcessor - processing queryspace &lt;gen:0&gt;
17:40:02.863 [main] DEBUG org.hibernate.loader.plan.build.spi.LoadPlanTreePrinter - LoadPlan(entity=com.niit.model.Forum)
    - Returns
       - EntityReturnImpl(entity=com.niit.model.Forum, querySpaceUid=&lt;gen:0&gt;, path=com.niit.model.Forum)
    - QuerySpaces
       - EntityQuerySpaceImpl(uid=&lt;gen:0&gt;, entity=com.niit.model.Forum)
          - SQL table alias mapping - forum0_
          - alias suffix - 0_
          - suffixed key columns - {forumId1_2_0_}

17:40:02.863 [main] DEBUG org.hibernate.loader.entity.plan.EntityLoader - Static select for entity com.niit.model.Forum [PESSIMISTIC_WRITE]: select forum0_.forumId as forumId1_2_0_, forum0_.createDate as createDa2_2_0_, forum0_.forumContent as forumCon3_2_0_, forum0_.forumName as forumNam4_2_0_, forum0_.remarks as remarks5_2_0_, forum0_.status as status6_2_0_, forum0_.userId as userId7_2_0_ from CForum forum0_ where forum0_.forumId=? for update
17:40:02.863 [main] DEBUG org.hibernate.loader.plan.build.internal.spaces.QuerySpacesImpl - Adding QuerySpace : uid = &lt;gen:0&gt; -&gt; org.hibernate.loader.plan.build.internal.spaces.EntityQuerySpaceImpl@4c2af006]
17:40:02.863 [main] DEBUG org.hibernate.persister.walking.spi.MetamodelGraphWalker - Visiting attribute path : createDate
17:40:02.863 [main] DEBUG org.hibernate.persister.walking.spi.MetamodelGraphWalker - Visiting attribute path : forumContent
17:40:02.863 [main] DEBUG org.hibernate.persister.walking.spi.MetamodelGraphWalker - Visiting attribute path : forumName
17:40:02.863 [main] DEBUG org.hibernate.persister.walking.spi.MetamodelGraphWalker - Visiting attribute path : remarks
17:40:02.863 [main] DEBUG org.hibernate.persister.walking.spi.MetamodelGraphWalker - Visiting attribute path : status
17:40:02.863 [main] DEBUG org.hibernate.persister.walking.spi.MetamodelGraphWalker - Visiting attribute path : userId
17:40:02.863 [main] DEBUG org.hibernate.loader.plan.build.internal.FetchStyleLoadPlanBuildingAssociationVisitationStrategy - Building LoadPlan...
17:40:02.863 [main] DEBUG org.hibernate.loader.plan.exec.internal.LoadQueryJoinAndFetchProcessor - processing queryspace &lt;gen:0&gt;
17:40:02.863 [main] DEBUG org.hibernate.loader.plan.build.spi.LoadPlanTreePrinter - LoadPlan(entity=com.niit.model.Forum)
    - Returns
       - EntityReturnImpl(entity=com.niit.model.Forum, querySpaceUid=&lt;gen:0&gt;, path=com.niit.model.Forum)
    - QuerySpaces
       - EntityQuerySpaceImpl(uid=&lt;gen:0&gt;, entity=com.niit.model.Forum)
          - SQL table alias mapping - forum0_
          - alias suffix - 0_
          - suffixed key columns - {forumId1_2_0_}

17:40:02.863 [main] DEBUG org.hibernate.loader.entity.plan.EntityLoader - Static select for entity com.niit.model.Forum [PESSIMISTIC_FORCE_INCREMENT]: select forum0_.forumId as forumId1_2_0_, forum0_.createDate as createDa2_2_0_, forum0_.forumContent as forumCon3_2_0_, forum0_.forumName as forumNam4_2_0_, forum0_.remarks as remarks5_2_0_, forum0_.status as status6_2_0_, forum0_.userId as userId7_2_0_ from CForum forum0_ where forum0_.forumId=? for update
17:40:02.864 [main] DEBUG org.hibernate.loader.plan.build.internal.spaces.QuerySpacesImpl - Adding QuerySpace : uid = &lt;gen:0&gt; -&gt; org.hibernate.loader.plan.build.internal.spaces.EntityQuerySpaceImpl@7b676112]
17:40:02.864 [main] DEBUG org.hibernate.persister.walking.spi.MetamodelGraphWalker - Visiting attribute path : createDate
17:40:02.864 [main] DEBUG org.hibernate.persister.walking.spi.MetamodelGraphWalker - Visiting attribute path : forumContent
17:40:02.864 [main] DEBUG org.hibernate.persister.walking.spi.MetamodelGraphWalker - Visiting attribute path : forumName
17:40:02.864 [main] DEBUG org.hibernate.persister.walking.spi.MetamodelGraphWalker - Visiting attribute path : remarks
17:40:02.864 [main] DEBUG org.hibernate.persister.walking.spi.MetamodelGraphWalker - Visiting attribute path : status
17:40:02.864 [main] DEBUG org.hibernate.persister.walking.spi.MetamodelGraphWalker - Visiting attribute path : userId
17:40:02.864 [main] DEBUG org.hibernate.loader.plan.build.internal.FetchStyleLoadPlanBuildingAssociationVisitationStrategy - Building LoadPlan...
17:40:02.864 [main] DEBUG org.hibernate.loader.plan.exec.internal.LoadQueryJoinAndFetchProcessor - processing queryspace &lt;gen:0&gt;
17:40:02.864 [main] DEBUG org.hibernate.loader.plan.build.spi.LoadPlanTreePrinter - LoadPlan(entity=com.niit.model.Forum)
    - Returns
       - EntityReturnImpl(entity=com.niit.model.Forum, querySpaceUid=&lt;gen:0&gt;, path=com.niit.model.Forum)
    - QuerySpaces
       - EntityQuerySpaceImpl(uid=&lt;gen:0&gt;, entity=com.niit.model.Forum)
          - SQL table alias mapping - forum0_
          - alias suffix - 0_
          - suffixed key columns - {forumId1_2_0_}

17:40:02.872 [main] DEBUG org.hibernate.loader.entity.plan.EntityLoader - Static select for entity com.niit.model.Forum [OPTIMISTIC]: select forum0_.forumId as forumId1_2_0_, forum0_.createDate as createDa2_2_0_, forum0_.forumContent as forumCon3_2_0_, forum0_.forumName as forumNam4_2_0_, forum0_.remarks as remarks5_2_0_, forum0_.status as status6_2_0_, forum0_.userId as userId7_2_0_ from CForum forum0_ where forum0_.forumId=?
17:40:02.872 [main] DEBUG org.hibernate.loader.plan.build.internal.spaces.QuerySpacesImpl - Adding QuerySpace : uid = &lt;gen:0&gt; -&gt; org.hibernate.loader.plan.build.internal.spaces.EntityQuerySpaceImpl@4e49ce2b]
17:40:02.872 [main] DEBUG org.hibernate.persister.walking.spi.MetamodelGraphWalker - Visiting attribute path : createDate
17:40:02.872 [main] DEBUG org.hibernate.persister.walking.spi.MetamodelGraphWalker - Visiting attribute path : forumContent
17:40:02.872 [main] DEBUG org.hibernate.persister.walking.spi.MetamodelGraphWalker - Visiting attribute path : forumName
17:40:02.873 [main] DEBUG org.hibernate.persister.walking.spi.MetamodelGraphWalker - Visiting attribute path : remarks
17:40:02.874 [main] DEBUG org.hibernate.persister.walking.spi.MetamodelGraphWalker - Visiting attribute path : status
17:40:02.874 [main] DEBUG org.hibernate.persister.walking.spi.MetamodelGraphWalker - Visiting attribute path : userId
17:40:02.874 [main] DEBUG org.hibernate.loader.plan.build.internal.FetchStyleLoadPlanBuildingAssociationVisitationStrategy - Building LoadPlan...
17:40:02.874 [main] DEBUG org.hibernate.loader.plan.exec.internal.LoadQueryJoinAndFetchProcessor - processing queryspace &lt;gen:0&gt;
17:40:02.874 [main] DEBUG org.hibernate.loader.plan.build.spi.LoadPlanTreePrinter - LoadPlan(entity=com.niit.model.Forum)
    - Returns
       - EntityReturnImpl(entity=com.niit.model.Forum, querySpaceUid=&lt;gen:0&gt;, path=com.niit.model.Forum)
    - QuerySpaces
       - EntityQuerySpaceImpl(uid=&lt;gen:0&gt;, entity=com.niit.model.Forum)
          - SQL table alias mapping - forum0_
          - alias suffix - 0_
          - suffixed key columns - {forumId1_2_0_}

17:40:02.875 [main] DEBUG org.hibernate.loader.entity.plan.EntityLoader - Static select for entity com.niit.model.Forum [OPTIMISTIC_FORCE_INCREMENT]: select forum0_.forumId as forumId1_2_0_, forum0_.createDate as createDa2_2_0_, forum0_.forumContent as forumCon3_2_0_, forum0_.forumName as forumNam4_2_0_, forum0_.remarks as remarks5_2_0_, forum0_.status as status6_2_0_, forum0_.userId as userId7_2_0_ from CForum forum0_ where forum0_.forumId=?
17:40:02.875 [main] DEBUG org.hibernate.loader.Loader - Static select for action ACTION_MERGE on entity com.niit.model.Forum: select forum0_.forumId as forumId1_2_0_, forum0_.createDate as createDa2_2_0_, forum0_.forumContent as forumCon3_2_0_, forum0_.forumName as forumNam4_2_0_, forum0_.remarks as remarks5_2_0_, forum0_.status as status6_2_0_, forum0_.userId as userId7_2_0_ from CForum forum0_ where forum0_.forumId=?
17:40:02.876 [main] DEBUG org.hibernate.loader.Loader - Static select for action ACTION_REFRESH on entity com.niit.model.Forum: select forum0_.forumId as forumId1_2_0_, forum0_.createDate as createDa2_2_0_, forum0_.forumContent as forumCon3_2_0_, forum0_.forumName as forumNam4_2_0_, forum0_.remarks as remarks5_2_0_, forum0_.status as status6_2_0_, forum0_.userId as userId7_2_0_ from CForum forum0_ where forum0_.forumId=?
17:40:02.877 [main] DEBUG org.hibernate.persister.entity.AbstractEntityPersister - Static SQL for entity: com.niit.model.User
17:40:02.877 [main] DEBUG org.hibernate.persister.entity.AbstractEntityPersister -  Version select: select userId from CUser where userId =?
17:40:02.881 [main] DEBUG org.hibernate.persister.entity.AbstractEntityPersister -  Snapshot select: select user_.userId, user_.email as email2_8_, user_.firstname as firstnam3_8_, user_.isOnline as isOnline4_8_, user_.lastname as lastname5_8_, user_.password as password6_8_, user_.remarks as remarks7_8_, user_.role as role8_8_, user_.status as status9_8_ from CUser user_ where user_.userId=?
17:40:02.882 [main] DEBUG org.hibernate.persister.entity.AbstractEntityPersister -  Insert 0: insert into CUser (email, firstname, isOnline, lastname, password, remarks, role, status, userId) values (?, ?, ?, ?, ?, ?, ?, ?, ?)
17:40:02.882 [main] DEBUG org.hibernate.persister.entity.AbstractEntityPersister -  Update 0: update CUser set email=?, firstname=?, isOnline=?, lastname=?, password=?, remarks=?, role=?, status=? where userId=?
17:40:02.882 [main] DEBUG org.hibernate.persister.entity.AbstractEntityPersister -  Delete 0: delete from CUser where userId=?
17:40:02.882 [main] DEBUG org.hibernate.loader.plan.build.internal.spaces.QuerySpacesImpl - Adding QuerySpace : uid = &lt;gen:0&gt; -&gt; org.hibernate.loader.plan.build.internal.spaces.EntityQuerySpaceImpl@53c6f96d]
17:40:02.882 [main] DEBUG org.hibernate.persister.walking.spi.MetamodelGraphWalker - Visiting attribute path : email
17:40:02.882 [main] DEBUG org.hibernate.persister.walking.spi.MetamodelGraphWalker - Visiting attribute path : firstname
17:40:02.882 [main] DEBUG org.hibernate.persister.walking.spi.MetamodelGraphWalker - Visiting attribute path : isOnline
17:40:02.882 [main] DEBUG org.hibernate.persister.walking.spi.MetamodelGraphWalker - Visiting attribute path : lastname
17:40:02.883 [main] DEBUG org.hibernate.persister.walking.spi.MetamodelGraphWalker - Visiting attribute path : password
17:40:02.883 [main] DEBUG org.hibernate.persister.walking.spi.MetamodelGraphWalker - Visiting attribute path : remarks
17:40:02.883 [main] DEBUG org.hibernate.persister.walking.spi.MetamodelGraphWalker - Visiting attribute path : role
17:40:02.883 [main] DEBUG org.hibernate.persister.walking.spi.MetamodelGraphWalker - Visiting attribute path : status
17:40:02.883 [main] DEBUG org.hibernate.loader.plan.build.internal.FetchStyleLoadPlanBuildingAssociationVisitationStrategy - Building LoadPlan...
17:40:02.883 [main] DEBUG org.hibernate.loader.plan.exec.internal.LoadQueryJoinAndFetchProcessor - processing queryspace &lt;gen:0&gt;
17:40:02.883 [main] DEBUG org.hibernate.loader.plan.build.spi.LoadPlanTreePrinter - LoadPlan(entity=com.niit.model.User)
    - Returns
       - EntityReturnImpl(entity=com.niit.model.User, querySpaceUid=&lt;gen:0&gt;, path=com.niit.model.User)
    - QuerySpaces
       - EntityQuerySpaceImpl(uid=&lt;gen:0&gt;, entity=com.niit.model.User)
          - SQL table alias mapping - user0_
          - alias suffix - 0_
          - suffixed key columns - {userId1_8_0_}

17:40:02.884 [main] DEBUG org.hibernate.loader.entity.plan.EntityLoader - Static select for entity com.niit.model.User [NONE]: select user0_.userId as userId1_8_0_, user0_.email as email2_8_0_, user0_.firstname as firstnam3_8_0_, user0_.isOnline as isOnline4_8_0_, user0_.lastname as lastname5_8_0_, user0_.password as password6_8_0_, user0_.remarks as remarks7_8_0_, user0_.role as role8_8_0_, user0_.status as status9_8_0_ from CUser user0_ where user0_.userId=?
17:40:02.884 [main] DEBUG org.hibernate.loader.plan.build.internal.spaces.QuerySpacesImpl - Adding QuerySpace : uid = &lt;gen:0&gt; -&gt; org.hibernate.loader.plan.build.internal.spaces.EntityQuerySpaceImpl@4364712f]
17:40:02.884 [main] DEBUG org.hibernate.persister.walking.spi.MetamodelGraphWalker - Visiting attribute path : email
17:40:02.884 [main] DEBUG org.hibernate.persister.walking.spi.MetamodelGraphWalker - Visiting attribute path : firstname
17:40:02.884 [main] DEBUG org.hibernate.persister.walking.spi.MetamodelGraphWalker - Visiting attribute path : isOnline
17:40:02.884 [main] DEBUG org.hibernate.persister.walking.spi.MetamodelGraphWalker - Visiting attribute path : lastname
17:40:02.884 [main] DEBUG org.hibernate.persister.walking.spi.MetamodelGraphWalker - Visiting attribute path : password
17:40:02.884 [main] DEBUG org.hibernate.persister.walking.spi.MetamodelGraphWalker - Visiting attribute path : remarks
17:40:02.884 [main] DEBUG org.hibernate.persister.walking.spi.MetamodelGraphWalker - Visiting attribute path : role
17:40:02.884 [main] DEBUG org.hibernate.persister.walking.spi.MetamodelGraphWalker - Visiting attribute path : status
17:40:02.884 [main] DEBUG org.hibernate.loader.plan.build.internal.FetchStyleLoadPlanBuildingAssociationVisitationStrategy - Building LoadPlan...
17:40:02.885 [main] DEBUG org.hibernate.loader.plan.exec.internal.LoadQueryJoinAndFetchProcessor - processing queryspace &lt;gen:0&gt;
17:40:02.885 [main] DEBUG org.hibernate.loader.plan.build.spi.LoadPlanTreePrinter - LoadPlan(entity=com.niit.model.User)
    - Returns
       - EntityReturnImpl(entity=com.niit.model.User, querySpaceUid=&lt;gen:0&gt;, path=com.niit.model.User)
    - QuerySpaces
       - EntityQuerySpaceImpl(uid=&lt;gen:0&gt;, entity=com.niit.model.User)
          - SQL table alias mapping - user0_
          - alias suffix - 0_
          - suffixed key columns - {userId1_8_0_}

17:40:02.885 [main] DEBUG org.hibernate.loader.entity.plan.EntityLoader - Static select for entity com.niit.model.User [READ]: select user0_.userId as userId1_8_0_, user0_.email as email2_8_0_, user0_.firstname as firstnam3_8_0_, user0_.isOnline as isOnline4_8_0_, user0_.lastname as lastname5_8_0_, user0_.password as password6_8_0_, user0_.remarks as remarks7_8_0_, user0_.role as role8_8_0_, user0_.status as status9_8_0_ from CUser user0_ where user0_.userId=?
17:40:02.886 [main] DEBUG org.hibernate.loader.plan.build.internal.spaces.QuerySpacesImpl - Adding QuerySpace : uid = &lt;gen:0&gt; -&gt; org.hibernate.loader.plan.build.internal.spaces.EntityQuerySpaceImpl@7f93dd4e]
17:40:02.886 [main] DEBUG org.hibernate.persister.walking.spi.MetamodelGraphWalker - Visiting attribute path : email
17:40:02.886 [main] DEBUG org.hibernate.persister.walking.spi.MetamodelGraphWalker - Visiting attribute path : firstname
17:40:02.886 [main] DEBUG org.hibernate.persister.walking.spi.MetamodelGraphWalker - Visiting attribute path : isOnline
17:40:02.886 [main] DEBUG org.hibernate.persister.walking.spi.MetamodelGraphWalker - Visiting attribute path : lastname
17:40:02.886 [main] DEBUG org.hibernate.persister.walking.spi.MetamodelGraphWalker - Visiting attribute path : password
17:40:02.886 [main] DEBUG org.hibernate.persister.walking.spi.MetamodelGraphWalker - Visiting attribute path : remarks
17:40:02.886 [main] DEBUG org.hibernate.persister.walking.spi.MetamodelGraphWalker - Visiting attribute path : role
17:40:02.886 [main] DEBUG org.hibernate.persister.walking.spi.MetamodelGraphWalker - Visiting attribute path : status
17:40:02.886 [main] DEBUG org.hibernate.loader.plan.build.internal.FetchStyleLoadPlanBuildingAssociationVisitationStrategy - Building LoadPlan...
17:40:02.887 [main] DEBUG org.hibernate.loader.plan.exec.internal.LoadQueryJoinAndFetchProcessor - processing queryspace &lt;gen:0&gt;
17:40:02.887 [main] DEBUG org.hibernate.loader.plan.build.spi.LoadPlanTreePrinter - LoadPlan(entity=com.niit.model.User)
    - Returns
       - EntityReturnImpl(entity=com.niit.model.User, querySpaceUid=&lt;gen:0&gt;, path=com.niit.model.User)
    - QuerySpaces
       - EntityQuerySpaceImpl(uid=&lt;gen:0&gt;, entity=com.niit.model.User)
          - SQL table alias mapping - user0_
          - alias suffix - 0_
          - suffixed key columns - {userId1_8_0_}

17:40:02.888 [main] DEBUG org.hibernate.loader.entity.plan.EntityLoader - Static select for entity com.niit.model.User [UPGRADE]: select user0_.userId as userId1_8_0_, user0_.email as email2_8_0_, user0_.firstname as firstnam3_8_0_, user0_.isOnline as isOnline4_8_0_, user0_.lastname as lastname5_8_0_, user0_.password as password6_8_0_, user0_.remarks as remarks7_8_0_, user0_.role as role8_8_0_, user0_.status as status9_8_0_ from CUser user0_ where user0_.userId=? for update
17:40:02.888 [main] DEBUG org.hibernate.loader.plan.build.internal.spaces.QuerySpacesImpl - Adding QuerySpace : uid = &lt;gen:0&gt; -&gt; org.hibernate.loader.plan.build.internal.spaces.EntityQuerySpaceImpl@3ad85136]
17:40:02.888 [main] DEBUG org.hibernate.persister.walking.spi.MetamodelGraphWalker - Visiting attribute path : email
17:40:02.888 [main] DEBUG org.hibernate.persister.walking.spi.MetamodelGraphWalker - Visiting attribute path : firstname
17:40:02.888 [main] DEBUG org.hibernate.persister.walking.spi.MetamodelGraphWalker - Visiting attribute path : isOnline
17:40:02.889 [main] DEBUG org.hibernate.persister.walking.spi.MetamodelGraphWalker - Visiting attribute path : lastname
17:40:02.891 [main] DEBUG org.hibernate.persister.walking.spi.MetamodelGraphWalker - Visiting attribute path : password
17:40:02.891 [main] DEBUG org.hibernate.persister.walking.spi.MetamodelGraphWalker - Visiting attribute path : remarks
17:40:02.891 [main] DEBUG org.hibernate.persister.walking.spi.MetamodelGraphWalker - Visiting attribute path : role
17:40:02.891 [main] DEBUG org.hibernate.persister.walking.spi.MetamodelGraphWalker - Visiting attribute path : status
17:40:02.891 [main] DEBUG org.hibernate.loader.plan.build.internal.FetchStyleLoadPlanBuildingAssociationVisitationStrategy - Building LoadPlan...
17:40:02.891 [main] DEBUG org.hibernate.loader.plan.exec.internal.LoadQueryJoinAndFetchProcessor - processing queryspace &lt;gen:0&gt;
17:40:02.892 [main] DEBUG org.hibernate.loader.plan.build.spi.LoadPlanTreePrinter - LoadPlan(entity=com.niit.model.User)
    - Returns
       - EntityReturnImpl(entity=com.niit.model.User, querySpaceUid=&lt;gen:0&gt;, path=com.niit.model.User)
    - QuerySpaces
       - EntityQuerySpaceImpl(uid=&lt;gen:0&gt;, entity=com.niit.model.User)
          - SQL table alias mapping - user0_
          - alias suffix - 0_
          - suffixed key columns - {userId1_8_0_}

17:40:02.896 [main] DEBUG org.hibernate.loader.entity.plan.EntityLoader - Static select for entity com.niit.model.User [UPGRADE_NOWAIT]: select user0_.userId as userId1_8_0_, user0_.email as email2_8_0_, user0_.firstname as firstnam3_8_0_, user0_.isOnline as isOnline4_8_0_, user0_.lastname as lastname5_8_0_, user0_.password as password6_8_0_, user0_.remarks as remarks7_8_0_, user0_.role as role8_8_0_, user0_.status as status9_8_0_ from CUser user0_ where user0_.userId=? for update
17:40:02.896 [main] DEBUG org.hibernate.loader.plan.build.internal.spaces.QuerySpacesImpl - Adding QuerySpace : uid = &lt;gen:0&gt; -&gt; org.hibernate.loader.plan.build.internal.spaces.EntityQuerySpaceImpl@12e5da86]
17:40:02.896 [main] DEBUG org.hibernate.persister.walking.spi.MetamodelGraphWalker - Visiting attribute path : email
17:40:02.896 [main] DEBUG org.hibernate.persister.walking.spi.MetamodelGraphWalker - Visiting attribute path : firstname
17:40:02.896 [main] DEBUG org.hibernate.persister.walking.spi.MetamodelGraphWalker - Visiting attribute path : isOnline
17:40:02.896 [main] DEBUG org.hibernate.persister.walking.spi.MetamodelGraphWalker - Visiting attribute path : lastname
17:40:02.896 [main] DEBUG org.hibernate.persister.walking.spi.MetamodelGraphWalker - Visiting attribute path : password
17:40:02.896 [main] DEBUG org.hibernate.persister.walking.spi.MetamodelGraphWalker - Visiting attribute path : remarks
17:40:02.896 [main] DEBUG org.hibernate.persister.walking.spi.MetamodelGraphWalker - Visiting attribute path : role
17:40:02.897 [main] DEBUG org.hibernate.persister.walking.spi.MetamodelGraphWalker - Visiting attribute path : status
17:40:02.897 [main] DEBUG org.hibernate.loader.plan.build.internal.FetchStyleLoadPlanBuildingAssociationVisitationStrategy - Building LoadPlan...
17:40:02.897 [main] DEBUG org.hibernate.loader.plan.exec.internal.LoadQueryJoinAndFetchProcessor - processing queryspace &lt;gen:0&gt;
17:40:02.897 [main] DEBUG org.hibernate.loader.plan.build.spi.LoadPlanTreePrinter - LoadPlan(entity=com.niit.model.User)
    - Returns
       - EntityReturnImpl(entity=com.niit.model.User, querySpaceUid=&lt;gen:0&gt;, path=com.niit.model.User)
    - QuerySpaces
       - EntityQuerySpaceImpl(uid=&lt;gen:0&gt;, entity=com.niit.model.User)
          - SQL table alias mapping - user0_
          - alias suffix - 0_
          - suffixed key columns - {userId1_8_0_}

17:40:02.897 [main] DEBUG org.hibernate.loader.entity.plan.EntityLoader - Static select for entity com.niit.model.User [UPGRADE_SKIPLOCKED]: select user0_.userId as userId1_8_0_, user0_.email as email2_8_0_, user0_.firstname as firstnam3_8_0_, user0_.isOnline as isOnline4_8_0_, user0_.lastname as lastname5_8_0_, user0_.password as password6_8_0_, user0_.remarks as remarks7_8_0_, user0_.role as role8_8_0_, user0_.status as status9_8_0_ from CUser user0_ where user0_.userId=? for update
17:40:02.897 [main] DEBUG org.hibernate.loader.plan.build.internal.spaces.QuerySpacesImpl - Adding QuerySpace : uid = &lt;gen:0&gt; -&gt; org.hibernate.loader.plan.build.internal.spaces.EntityQuerySpaceImpl@1d1cbd0f]
17:40:02.898 [main] DEBUG org.hibernate.persister.walking.spi.MetamodelGraphWalker - Visiting attribute path : email
17:40:02.898 [main] DEBUG org.hibernate.persister.walking.spi.MetamodelGraphWalker - Visiting attribute path : firstname
17:40:02.898 [main] DEBUG org.hibernate.persister.walking.spi.MetamodelGraphWalker - Visiting attribute path : isOnline
17:40:02.898 [main] DEBUG org.hibernate.persister.walking.spi.MetamodelGraphWalker - Visiting attribute path : lastname
17:40:02.898 [main] DEBUG org.hibernate.persister.walking.spi.MetamodelGraphWalker - Visiting attribute path : password
17:40:02.898 [main] DEBUG org.hibernate.persister.walking.spi.MetamodelGraphWalker - Visiting attribute path : remarks
17:40:02.898 [main] DEBUG org.hibernate.persister.walking.spi.MetamodelGraphWalker - Visiting attribute path : role
17:40:02.898 [main] DEBUG org.hibernate.persister.walking.spi.MetamodelGraphWalker - Visiting attribute path : status
17:40:02.898 [main] DEBUG org.hibernate.loader.plan.build.internal.FetchStyleLoadPlanBuildingAssociationVisitationStrategy - Building LoadPlan...
17:40:02.898 [main] DEBUG org.hibernate.loader.plan.exec.internal.LoadQueryJoinAndFetchProcessor - processing queryspace &lt;gen:0&gt;
17:40:02.899 [main] DEBUG org.hibernate.loader.plan.build.spi.LoadPlanTreePrinter - LoadPlan(entity=com.niit.model.User)
    - Returns
       - EntityReturnImpl(entity=com.niit.model.User, querySpaceUid=&lt;gen:0&gt;, path=com.niit.model.User)
    - QuerySpaces
       - EntityQuerySpaceImpl(uid=&lt;gen:0&gt;, entity=com.niit.model.User)
          - SQL table alias mapping - user0_
          - alias suffix - 0_
          - suffixed key columns - {userId1_8_0_}

17:40:02.899 [main] DEBUG org.hibernate.loader.entity.plan.EntityLoader - Static select for entity com.niit.model.User [FORCE]: select user0_.userId as userId1_8_0_, user0_.email as email2_8_0_, user0_.firstname as firstnam3_8_0_, user0_.isOnline as isOnline4_8_0_, user0_.lastname as lastname5_8_0_, user0_.password as password6_8_0_, user0_.remarks as remarks7_8_0_, user0_.role as role8_8_0_, user0_.status as status9_8_0_ from CUser user0_ where user0_.userId=? for update
17:40:02.899 [main] DEBUG org.hibernate.loader.plan.build.internal.spaces.QuerySpacesImpl - Adding QuerySpace : uid = &lt;gen:0&gt; -&gt; org.hibernate.loader.plan.build.internal.spaces.EntityQuerySpaceImpl@3af7d855]
17:40:02.899 [main] DEBUG org.hibernate.persister.walking.spi.MetamodelGraphWalker - Visiting attribute path : email
17:40:02.899 [main] DEBUG org.hibernate.persister.walking.spi.MetamodelGraphWalker - Visiting attribute path : firstname
17:40:02.900 [main] DEBUG org.hibernate.persister.walking.spi.MetamodelGraphWalker - Visiting attribute path : isOnline
17:40:02.900 [main] DEBUG org.hibernate.persister.walking.spi.MetamodelGraphWalker - Visiting attribute path : lastname
17:40:02.900 [main] DEBUG org.hibernate.persister.walking.spi.MetamodelGraphWalker - Visiting attribute path : password
17:40:02.900 [main] DEBUG org.hibernate.persister.walking.spi.MetamodelGraphWalker - Visiting attribute path : remarks
17:40:02.900 [main] DEBUG org.hibernate.persister.walking.spi.MetamodelGraphWalker - Visiting attribute path : role
17:40:02.900 [main] DEBUG org.hibernate.persister.walking.spi.MetamodelGraphWalker - Visiting attribute path : status
17:40:02.900 [main] DEBUG org.hibernate.loader.plan.build.internal.FetchStyleLoadPlanBuildingAssociationVisitationStrategy - Building LoadPlan...
17:40:02.900 [main] DEBUG org.hibernate.loader.plan.exec.internal.LoadQueryJoinAndFetchProcessor - processing queryspace &lt;gen:0&gt;
17:40:02.901 [main] DEBUG org.hibernate.loader.plan.build.spi.LoadPlanTreePrinter - LoadPlan(entity=com.niit.model.User)
    - Returns
       - EntityReturnImpl(entity=com.niit.model.User, querySpaceUid=&lt;gen:0&gt;, path=com.niit.model.User)
    - QuerySpaces
       - EntityQuerySpaceImpl(uid=&lt;gen:0&gt;, entity=com.niit.model.User)
          - SQL table alias mapping - user0_
          - alias suffix - 0_
          - suffixed key columns - {userId1_8_0_}

17:40:02.901 [main] DEBUG org.hibernate.loader.entity.plan.EntityLoader - Static select for entity com.niit.model.User [PESSIMISTIC_READ]: select user0_.userId as userId1_8_0_, user0_.email as email2_8_0_, user0_.firstname as firstnam3_8_0_, user0_.isOnline as isOnline4_8_0_, user0_.lastname as lastname5_8_0_, user0_.password as password6_8_0_, user0_.remarks as remarks7_8_0_, user0_.role as role8_8_0_, user0_.status as status9_8_0_ from CUser user0_ where user0_.userId=? for update
17:40:02.901 [main] DEBUG org.hibernate.loader.plan.build.internal.spaces.QuerySpacesImpl - Adding QuerySpace : uid = &lt;gen:0&gt; -&gt; org.hibernate.loader.plan.build.internal.spaces.EntityQuerySpaceImpl@f88bfbe]
17:40:02.902 [main] DEBUG org.hibernate.persister.walking.spi.MetamodelGraphWalker - Visiting attribute path : email
17:40:02.902 [main] DEBUG org.hibernate.persister.walking.spi.MetamodelGraphWalker - Visiting attribute path : firstname
17:40:02.902 [main] DEBUG org.hibernate.persister.walking.spi.MetamodelGraphWalker - Visiting attribute path : isOnline
17:40:02.902 [main] DEBUG org.hibernate.persister.walking.spi.MetamodelGraphWalker - Visiting attribute path : lastname
17:40:02.902 [main] DEBUG org.hibernate.persister.walking.spi.MetamodelGraphWalker - Visiting attribute path : password
17:40:02.902 [main] DEBUG org.hibernate.persister.walking.spi.MetamodelGraphWalker - Visiting attribute path : remarks
17:40:02.902 [main] DEBUG org.hibernate.persister.walking.spi.MetamodelGraphWalker - Visiting attribute path : role
17:40:02.902 [main] DEBUG org.hibernate.persister.walking.spi.MetamodelGraphWalker - Visiting attribute path : status
17:40:02.906 [main] DEBUG org.hibernate.loader.plan.build.internal.FetchStyleLoadPlanBuildingAssociationVisitationStrategy - Building LoadPlan...
17:40:02.907 [main] DEBUG org.hibernate.loader.plan.exec.internal.LoadQueryJoinAndFetchProcessor - processing queryspace &lt;gen:0&gt;
17:40:02.908 [main] DEBUG org.hibernate.loader.plan.build.spi.LoadPlanTreePrinter - LoadPlan(entity=com.niit.model.User)
    - Returns
       - EntityReturnImpl(entity=com.niit.model.User, querySpaceUid=&lt;gen:0&gt;, path=com.niit.model.User)
    - QuerySpaces
       - EntityQuerySpaceImpl(uid=&lt;gen:0&gt;, entity=com.niit.model.User)
          - SQL table alias mapping - user0_
          - alias suffix - 0_
          - suffixed key columns - {userId1_8_0_}

17:40:02.908 [main] DEBUG org.hibernate.loader.entity.plan.EntityLoader - Static select for entity com.niit.model.User [PESSIMISTIC_WRITE]: select user0_.userId as userId1_8_0_, user0_.email as email2_8_0_, user0_.firstname as firstnam3_8_0_, user0_.isOnline as isOnline4_8_0_, user0_.lastname as lastname5_8_0_, user0_.password as password6_8_0_, user0_.remarks as remarks7_8_0_, user0_.role as role8_8_0_, user0_.status as status9_8_0_ from CUser user0_ where user0_.userId=? for update
17:40:02.909 [main] DEBUG org.hibernate.loader.plan.build.internal.spaces.QuerySpacesImpl - Adding QuerySpace : uid = &lt;gen:0&gt; -&gt; org.hibernate.loader.plan.build.internal.spaces.EntityQuerySpaceImpl@5d8ab698]
17:40:02.909 [main] DEBUG org.hibernate.persister.walking.spi.MetamodelGraphWalker - Visiting attribute path : email
17:40:02.909 [main] DEBUG org.hibernate.persister.walking.spi.MetamodelGraphWalker - Visiting attribute path : firstname
17:40:02.909 [main] DEBUG org.hibernate.persister.walking.spi.MetamodelGraphWalker - Visiting attribute path : isOnline
17:40:02.909 [main] DEBUG org.hibernate.persister.walking.spi.MetamodelGraphWalker - Visiting attribute path : lastname
17:40:02.909 [main] DEBUG org.hibernate.persister.walking.spi.MetamodelGraphWalker - Visiting attribute path : password
17:40:02.909 [main] DEBUG org.hibernate.persister.walking.spi.MetamodelGraphWalker - Visiting attribute path : remarks
17:40:02.909 [main] DEBUG org.hibernate.persister.walking.spi.MetamodelGraphWalker - Visiting attribute path : role
17:40:02.909 [main] DEBUG org.hibernate.persister.walking.spi.MetamodelGraphWalker - Visiting attribute path : status
17:40:02.909 [main] DEBUG org.hibernate.loader.plan.build.internal.FetchStyleLoadPlanBuildingAssociationVisitationStrategy - Building LoadPlan...
17:40:02.909 [main] DEBUG org.hibernate.loader.plan.exec.internal.LoadQueryJoinAndFetchProcessor - processing queryspace &lt;gen:0&gt;
17:40:02.910 [main] DEBUG org.hibernate.loader.plan.build.spi.LoadPlanTreePrinter - LoadPlan(entity=com.niit.model.User)
    - Returns
       - EntityReturnImpl(entity=com.niit.model.User, querySpaceUid=&lt;gen:0&gt;, path=com.niit.model.User)
    - QuerySpaces
       - EntityQuerySpaceImpl(uid=&lt;gen:0&gt;, entity=com.niit.model.User)
          - SQL table alias mapping - user0_
          - alias suffix - 0_
          - suffixed key columns - {userId1_8_0_}

17:40:02.910 [main] DEBUG org.hibernate.loader.entity.plan.EntityLoader - Static select for entity com.niit.model.User [PESSIMISTIC_FORCE_INCREMENT]: select user0_.userId as userId1_8_0_, user0_.email as email2_8_0_, user0_.firstname as firstnam3_8_0_, user0_.isOnline as isOnline4_8_0_, user0_.lastname as lastname5_8_0_, user0_.password as password6_8_0_, user0_.remarks as remarks7_8_0_, user0_.role as role8_8_0_, user0_.status as status9_8_0_ from CUser user0_ where user0_.userId=? for update
17:40:02.910 [main] DEBUG org.hibernate.loader.plan.build.internal.spaces.QuerySpacesImpl - Adding QuerySpace : uid = &lt;gen:0&gt; -&gt; org.hibernate.loader.plan.build.internal.spaces.EntityQuerySpaceImpl@446626a7]
17:40:02.910 [main] DEBUG org.hibernate.persister.walking.spi.MetamodelGraphWalker - Visiting attribute path : email
17:40:02.910 [main] DEBUG org.hibernate.persister.walking.spi.MetamodelGraphWalker - Visiting attribute path : firstname
17:40:02.910 [main] DEBUG org.hibernate.persister.walking.spi.MetamodelGraphWalker - Visiting attribute path : isOnline
17:40:02.910 [main] DEBUG org.hibernate.persister.walking.spi.MetamodelGraphWalker - Visiting attribute path : lastname
17:40:02.910 [main] DEBUG org.hibernate.persister.walking.spi.MetamodelGraphWalker - Visiting attribute path : password
17:40:02.910 [main] DEBUG org.hibernate.persister.walking.spi.MetamodelGraphWalker - Visiting attribute path : remarks
17:40:02.910 [main] DEBUG org.hibernate.persister.walking.spi.MetamodelGraphWalker - Visiting attribute path : role
17:40:02.910 [main] DEBUG org.hibernate.persister.walking.spi.MetamodelGraphWalker - Visiting attribute path : status
17:40:02.910 [main] DEBUG org.hibernate.loader.plan.build.internal.FetchStyleLoadPlanBuildingAssociationVisitationStrategy - Building LoadPlan...
17:40:02.911 [main] DEBUG org.hibernate.loader.plan.exec.internal.LoadQueryJoinAndFetchProcessor - processing queryspace &lt;gen:0&gt;
17:40:02.911 [main] DEBUG org.hibernate.loader.plan.build.spi.LoadPlanTreePrinter - LoadPlan(entity=com.niit.model.User)
    - Returns
       - EntityReturnImpl(entity=com.niit.model.User, querySpaceUid=&lt;gen:0&gt;, path=com.niit.model.User)
    - QuerySpaces
       - EntityQuerySpaceImpl(uid=&lt;gen:0&gt;, entity=com.niit.model.User)
          - SQL table alias mapping - user0_
          - alias suffix - 0_
          - suffixed key columns - {userId1_8_0_}

17:40:02.911 [main] DEBUG org.hibernate.loader.entity.plan.EntityLoader - Static select for entity com.niit.model.User [OPTIMISTIC]: select user0_.userId as userId1_8_0_, user0_.email as email2_8_0_, user0_.firstname as firstnam3_8_0_, user0_.isOnline as isOnline4_8_0_, user0_.lastname as lastname5_8_0_, user0_.password as password6_8_0_, user0_.remarks as remarks7_8_0_, user0_.role as role8_8_0_, user0_.status as status9_8_0_ from CUser user0_ where user0_.userId=?
17:40:02.911 [main] DEBUG org.hibernate.loader.plan.build.internal.spaces.QuerySpacesImpl - Adding QuerySpace : uid = &lt;gen:0&gt; -&gt; org.hibernate.loader.plan.build.internal.spaces.EntityQuerySpaceImpl@4a2929a4]
17:40:02.911 [main] DEBUG org.hibernate.persister.walking.spi.MetamodelGraphWalker - Visiting attribute path : email
17:40:02.911 [main] DEBUG org.hibernate.persister.walking.spi.MetamodelGraphWalker - Visiting attribute path : firstname
17:40:02.911 [main] DEBUG org.hibernate.persister.walking.spi.MetamodelGraphWalker - Visiting attribute path : isOnline
17:40:02.911 [main] DEBUG org.hibernate.persister.walking.spi.MetamodelGraphWalker - Visiting attribute path : lastname
17:40:02.911 [main] DEBUG org.hibernate.persister.walking.spi.MetamodelGraphWalker - Visiting attribute path : password
17:40:02.911 [main] DEBUG org.hibernate.persister.walking.spi.MetamodelGraphWalker - Visiting attribute path : remarks
17:40:02.911 [main] DEBUG org.hibernate.persister.walking.spi.MetamodelGraphWalker - Visiting attribute path : role
17:40:02.911 [main] DEBUG org.hibernate.persister.walking.spi.MetamodelGraphWalker - Visiting attribute path : status
17:40:02.911 [main] DEBUG org.hibernate.loader.plan.build.internal.FetchStyleLoadPlanBuildingAssociationVisitationStrategy - Building LoadPlan...
17:40:02.912 [main] DEBUG org.hibernate.loader.plan.exec.internal.LoadQueryJoinAndFetchProcessor - processing queryspace &lt;gen:0&gt;
17:40:02.912 [main] DEBUG org.hibernate.loader.plan.build.spi.LoadPlanTreePrinter - LoadPlan(entity=com.niit.model.User)
    - Returns
       - EntityReturnImpl(entity=com.niit.model.User, querySpaceUid=&lt;gen:0&gt;, path=com.niit.model.User)
    - QuerySpaces
       - EntityQuerySpaceImpl(uid=&lt;gen:0&gt;, entity=com.niit.model.User)
          - SQL table alias mapping - user0_
          - alias suffix - 0_
          - suffixed key columns - {userId1_8_0_}

17:40:02.913 [main] DEBUG org.hibernate.loader.entity.plan.EntityLoader - Static select for entity com.niit.model.User [OPTIMISTIC_FORCE_INCREMENT]: select user0_.userId as userId1_8_0_, user0_.email as email2_8_0_, user0_.firstname as firstnam3_8_0_, user0_.isOnline as isOnline4_8_0_, user0_.lastname as lastname5_8_0_, user0_.password as password6_8_0_, user0_.remarks as remarks7_8_0_, user0_.role as role8_8_0_, user0_.status as status9_8_0_ from CUser user0_ where user0_.userId=?
17:40:02.913 [main] DEBUG org.hibernate.loader.Loader - Static select for action ACTION_MERGE on entity com.niit.model.User: select user0_.userId as userId1_8_0_, user0_.email as email2_8_0_, user0_.firstname as firstnam3_8_0_, user0_.isOnline as isOnline4_8_0_, user0_.lastname as lastname5_8_0_, user0_.password as password6_8_0_, user0_.remarks as remarks7_8_0_, user0_.role as role8_8_0_, user0_.status as status9_8_0_ from CUser user0_ where user0_.userId=?
17:40:02.913 [main] DEBUG org.hibernate.loader.Loader - Static select for action ACTION_REFRESH on entity com.niit.model.User: select user0_.userId as userId1_8_0_, user0_.email as email2_8_0_, user0_.firstname as firstnam3_8_0_, user0_.isOnline as isOnline4_8_0_, user0_.lastname as lastname5_8_0_, user0_.password as password6_8_0_, user0_.remarks as remarks7_8_0_, user0_.role as role8_8_0_, user0_.status as status9_8_0_ from CUser user0_ where user0_.userId=?
17:40:02.914 [main] DEBUG org.hibernate.persister.entity.AbstractEntityPersister - Static SQL for entity: com.niit.model.BlogComment
17:40:02.914 [main] DEBUG org.hibernate.persister.entity.AbstractEntityPersister -  Version select: select blogCommentId from CBlogComment where blogCommentId =?
17:40:02.914 [main] DEBUG org.hibernate.persister.entity.AbstractEntityPersister -  Snapshot select: select blogcommen_.blogCommentId, blogcommen_.blogComment as blogComm2_1_, blogcommen_.blogId as blogId3_1_, blogcommen_.commentDate as commentD4_1_, blogcommen_.userId as userId5_1_, blogcommen_.username as username6_1_ from CBlogComment blogcommen_ where blogcommen_.blogCommentId=?
17:40:02.914 [main] DEBUG org.hibernate.persister.entity.AbstractEntityPersister -  Insert 0: insert into CBlogComment (blogComment, blogId, commentDate, userId, username, blogCommentId) values (?, ?, ?, ?, ?, ?)
17:40:02.914 [main] DEBUG org.hibernate.persister.entity.AbstractEntityPersister -  Update 0: update CBlogComment set blogComment=?, blogId=?, commentDate=?, userId=?, username=? where blogCommentId=?
17:40:02.914 [main] DEBUG org.hibernate.persister.entity.AbstractEntityPersister -  Delete 0: delete from CBlogComment where blogCommentId=?
17:40:02.915 [main] DEBUG org.hibernate.loader.plan.build.internal.spaces.QuerySpacesImpl - Adding QuerySpace : uid = &lt;gen:0&gt; -&gt; org.hibernate.loader.plan.build.internal.spaces.EntityQuerySpaceImpl@797c3c3b]
17:40:02.915 [main] DEBUG org.hibernate.persister.walking.spi.MetamodelGraphWalker - Visiting attribute path : blogComment
17:40:02.915 [main] DEBUG org.hibernate.persister.walking.spi.MetamodelGraphWalker - Visiting attribute path : blogId
17:40:02.915 [main] DEBUG org.hibernate.persister.walking.spi.MetamodelGraphWalker - Visiting attribute path : commentDate
17:40:02.915 [main] DEBUG org.hibernate.persister.walking.spi.MetamodelGraphWalker - Visiting attribute path : userId
17:40:02.915 [main] DEBUG org.hibernate.persister.walking.spi.MetamodelGraphWalker - Visiting attribute path : username
17:40:02.915 [main] DEBUG org.hibernate.loader.plan.build.internal.FetchStyleLoadPlanBuildingAssociationVisitationStrategy - Building LoadPlan...
17:40:02.916 [main] DEBUG org.hibernate.loader.plan.exec.internal.LoadQueryJoinAndFetchProcessor - processing queryspace &lt;gen:0&gt;
17:40:02.916 [main] DEBUG org.hibernate.loader.plan.build.spi.LoadPlanTreePrinter - LoadPlan(entity=com.niit.model.BlogComment)
    - Returns
       - EntityReturnImpl(entity=com.niit.model.BlogComment, querySpaceUid=&lt;gen:0&gt;, path=com.niit.model.BlogComment)
    - QuerySpaces
       - EntityQuerySpaceImpl(uid=&lt;gen:0&gt;, entity=com.niit.model.BlogComment)
          - SQL table alias mapping - blogcommen0_
          - alias suffix - 0_
          - suffixed key columns - {blogComm1_1_0_}

17:40:02.916 [main] DEBUG org.hibernate.loader.entity.plan.EntityLoader - Static select for entity com.niit.model.BlogComment [NONE]: select blogcommen0_.blogCommentId as blogComm1_1_0_, blogcommen0_.blogComment as blogComm2_1_0_, blogcommen0_.blogId as blogId3_1_0_, blogcommen0_.commentDate as commentD4_1_0_, blogcommen0_.userId as userId5_1_0_, blogcommen0_.username as username6_1_0_ from CBlogComment blogcommen0_ where blogcommen0_.blogCommentId=?
17:40:02.916 [main] DEBUG org.hibernate.loader.plan.build.internal.spaces.QuerySpacesImpl - Adding QuerySpace : uid = &lt;gen:0&gt; -&gt; org.hibernate.loader.plan.build.internal.spaces.EntityQuerySpaceImpl@4375b013]
17:40:02.916 [main] DEBUG org.hibernate.persister.walking.spi.MetamodelGraphWalker - Visiting attribute path : blogComment
17:40:02.916 [main] DEBUG org.hibernate.persister.walking.spi.MetamodelGraphWalker - Visiting attribute path : blogId
17:40:02.916 [main] DEBUG org.hibernate.persister.walking.spi.MetamodelGraphWalker - Visiting attribute path : commentDate
17:40:02.917 [main] DEBUG org.hibernate.persister.walking.spi.MetamodelGraphWalker - Visiting attribute path : userId
17:40:02.917 [main] DEBUG org.hibernate.persister.walking.spi.MetamodelGraphWalker - Visiting attribute path : username
17:40:02.917 [main] DEBUG org.hibernate.loader.plan.build.internal.FetchStyleLoadPlanBuildingAssociationVisitationStrategy - Building LoadPlan...
17:40:02.917 [main] DEBUG org.hibernate.loader.plan.exec.internal.LoadQueryJoinAndFetchProcessor - processing queryspace &lt;gen:0&gt;
17:40:02.917 [main] DEBUG org.hibernate.loader.plan.build.spi.LoadPlanTreePrinter - LoadPlan(entity=com.niit.model.BlogComment)
    - Returns
       - EntityReturnImpl(entity=com.niit.model.BlogComment, querySpaceUid=&lt;gen:0&gt;, path=com.niit.model.BlogComment)
    - QuerySpaces
       - EntityQuerySpaceImpl(uid=&lt;gen:0&gt;, entity=com.niit.model.BlogComment)
          - SQL table alias mapping - blogcommen0_
          - alias suffix - 0_
          - suffixed key columns - {blogComm1_1_0_}

17:40:02.917 [main] DEBUG org.hibernate.loader.entity.plan.EntityLoader - Static select for entity com.niit.model.BlogComment [READ]: select blogcommen0_.blogCommentId as blogComm1_1_0_, blogcommen0_.blogComment as blogComm2_1_0_, blogcommen0_.blogId as blogId3_1_0_, blogcommen0_.commentDate as commentD4_1_0_, blogcommen0_.userId as userId5_1_0_, blogcommen0_.username as username6_1_0_ from CBlogComment blogcommen0_ where blogcommen0_.blogCommentId=?
17:40:02.917 [main] DEBUG org.hibernate.loader.plan.build.internal.spaces.QuerySpacesImpl - Adding QuerySpace : uid = &lt;gen:0&gt; -&gt; org.hibernate.loader.plan.build.internal.spaces.EntityQuerySpaceImpl@4f5b08d]
17:40:02.925 [main] DEBUG org.hibernate.persister.walking.spi.MetamodelGraphWalker - Visiting attribute path : blogComment
17:40:02.926 [main] DEBUG org.hibernate.persister.walking.spi.MetamodelGraphWalker - Visiting attribute path : blogId
17:40:02.927 [main] DEBUG org.hibernate.persister.walking.spi.MetamodelGraphWalker - Visiting attribute path : commentDate
17:40:02.927 [main] DEBUG org.hibernate.persister.walking.spi.MetamodelGraphWalker - Visiting attribute path : userId
17:40:02.927 [main] DEBUG org.hibernate.persister.walking.spi.MetamodelGraphWalker - Visiting attribute path : username
17:40:02.927 [main] DEBUG org.hibernate.loader.plan.build.internal.FetchStyleLoadPlanBuildingAssociationVisitationStrategy - Building LoadPlan...
17:40:02.928 [main] DEBUG org.hibernate.loader.plan.exec.internal.LoadQueryJoinAndFetchProcessor - processing queryspace &lt;gen:0&gt;
17:40:02.928 [main] DEBUG org.hibernate.loader.plan.build.spi.LoadPlanTreePrinter - LoadPlan(entity=com.niit.model.BlogComment)
    - Returns
       - EntityReturnImpl(entity=com.niit.model.BlogComment, querySpaceUid=&lt;gen:0&gt;, path=com.niit.model.BlogComment)
    - QuerySpaces
       - EntityQuerySpaceImpl(uid=&lt;gen:0&gt;, entity=com.niit.model.BlogComment)
          - SQL table alias mapping - blogcommen0_
          - alias suffix - 0_
          - suffixed key columns - {blogComm1_1_0_}

17:40:02.929 [main] DEBUG org.hibernate.loader.entity.plan.EntityLoader - Static select for entity com.niit.model.BlogComment [UPGRADE]: select blogcommen0_.blogCommentId as blogComm1_1_0_, blogcommen0_.blogComment as blogComm2_1_0_, blogcommen0_.blogId as blogId3_1_0_, blogcommen0_.commentDate as commentD4_1_0_, blogcommen0_.userId as userId5_1_0_, blogcommen0_.username as username6_1_0_ from CBlogComment blogcommen0_ where blogcommen0_.blogCommentId=? for update
17:40:02.929 [main] DEBUG org.hibernate.loader.plan.build.internal.spaces.QuerySpacesImpl - Adding QuerySpace : uid = &lt;gen:0&gt; -&gt; org.hibernate.loader.plan.build.internal.spaces.EntityQuerySpaceImpl@3c87fdf2]
17:40:02.930 [main] DEBUG org.hibernate.persister.walking.spi.MetamodelGraphWalker - Visiting attribute path : blogComment
17:40:02.930 [main] DEBUG org.hibernate.persister.walking.spi.MetamodelGraphWalker - Visiting attribute path : blogId
17:40:02.930 [main] DEBUG org.hibernate.persister.walking.spi.MetamodelGraphWalker - Visiting attribute path : commentDate
17:40:02.930 [main] DEBUG org.hibernate.persister.walking.spi.MetamodelGraphWalker - Visiting attribute path : userId
17:40:02.930 [main] DEBUG org.hibernate.persister.walking.spi.MetamodelGraphWalker - Visiting attribute path : username
17:40:02.930 [main] DEBUG org.hibernate.loader.plan.build.internal.FetchStyleLoadPlanBuildingAssociationVisitationStrategy - Building LoadPlan...
17:40:02.930 [main] DEBUG org.hibernate.loader.plan.exec.internal.LoadQueryJoinAndFetchProcessor - processing queryspace &lt;gen:0&gt;
17:40:02.931 [main] DEBUG org.hibernate.loader.plan.build.spi.LoadPlanTreePrinter - LoadPlan(entity=com.niit.model.BlogComment)
    - Returns
       - EntityReturnImpl(entity=com.niit.model.BlogComment, querySpaceUid=&lt;gen:0&gt;, path=com.niit.model.BlogComment)
    - QuerySpaces
       - EntityQuerySpaceImpl(uid=&lt;gen:0&gt;, entity=com.niit.model.BlogComment)
          - SQL table alias mapping - blogcommen0_
          - alias suffix - 0_
          - suffixed key columns - {blogComm1_1_0_}

17:40:02.931 [main] DEBUG org.hibernate.loader.entity.plan.EntityLoader - Static select for entity com.niit.model.BlogComment [UPGRADE_NOWAIT]: select blogcommen0_.blogCommentId as blogComm1_1_0_, blogcommen0_.blogComment as blogComm2_1_0_, blogcommen0_.blogId as blogId3_1_0_, blogcommen0_.commentDate as commentD4_1_0_, blogcommen0_.userId as userId5_1_0_, blogcommen0_.username as username6_1_0_ from CBlogComment blogcommen0_ where blogcommen0_.blogCommentId=? for update
17:40:02.931 [main] DEBUG org.hibernate.loader.plan.build.internal.spaces.QuerySpacesImpl - Adding QuerySpace : uid = &lt;gen:0&gt; -&gt; org.hibernate.loader.plan.build.internal.spaces.EntityQuerySpaceImpl@fe34b86]
17:40:02.931 [main] DEBUG org.hibernate.persister.walking.spi.MetamodelGraphWalker - Visiting attribute path : blogComment
17:40:02.931 [main] DEBUG org.hibernate.persister.walking.spi.MetamodelGraphWalker - Visiting attribute path : blogId
17:40:02.931 [main] DEBUG org.hibernate.persister.walking.spi.MetamodelGraphWalker - Visiting attribute path : commentDate
17:40:02.932 [main] DEBUG org.hibernate.persister.walking.spi.MetamodelGraphWalker - Visiting attribute path : userId
17:40:02.932 [main] DEBUG org.hibernate.persister.walking.spi.MetamodelGraphWalker - Visiting attribute path : username
17:40:02.932 [main] DEBUG org.hibernate.loader.plan.build.internal.FetchStyleLoadPlanBuildingAssociationVisitationStrategy - Building LoadPlan...
17:40:02.932 [main] DEBUG org.hibernate.loader.plan.exec.internal.LoadQueryJoinAndFetchProcessor - processing queryspace &lt;gen:0&gt;
17:40:02.932 [main] DEBUG org.hibernate.loader.plan.build.spi.LoadPlanTreePrinter - LoadPlan(entity=com.niit.model.BlogComment)
    - Returns
       - EntityReturnImpl(entity=com.niit.model.BlogComment, querySpaceUid=&lt;gen:0&gt;, path=com.niit.model.BlogComment)
    - QuerySpaces
       - EntityQuerySpaceImpl(uid=&lt;gen:0&gt;, entity=com.niit.model.BlogComment)
          - SQL table alias mapping - blogcommen0_
          - alias suffix - 0_
          - suffixed key columns - {blogComm1_1_0_}

17:40:02.932 [main] DEBUG org.hibernate.loader.entity.plan.EntityLoader - Static select for entity com.niit.model.BlogComment [UPGRADE_SKIPLOCKED]: select blogcommen0_.blogCommentId as blogComm1_1_0_, blogcommen0_.blogComment as blogComm2_1_0_, blogcommen0_.blogId as blogId3_1_0_, blogcommen0_.commentDate as commentD4_1_0_, blogcommen0_.userId as userId5_1_0_, blogcommen0_.username as username6_1_0_ from CBlogComment blogcommen0_ where blogcommen0_.blogCommentId=? for update
17:40:02.933 [main] DEBUG org.hibernate.loader.plan.build.internal.spaces.QuerySpacesImpl - Adding QuerySpace : uid = &lt;gen:0&gt; -&gt; org.hibernate.loader.plan.build.internal.spaces.EntityQuerySpaceImpl@3f736a16]
17:40:02.933 [main] DEBUG org.hibernate.persister.walking.spi.MetamodelGraphWalker - Visiting attribute path : blogComment
17:40:02.933 [main] DEBUG org.hibernate.persister.walking.spi.MetamodelGraphWalker - Visiting attribute path : blogId
17:40:02.933 [main] DEBUG org.hibernate.persister.walking.spi.MetamodelGraphWalker - Visiting attribute path : commentDate
17:40:02.933 [main] DEBUG org.hibernate.persister.walking.spi.MetamodelGraphWalker - Visiting attribute path : userId
17:40:02.933 [main] DEBUG org.hibernate.persister.walking.spi.MetamodelGraphWalker - Visiting attribute path : username
17:40:02.933 [main] DEBUG org.hibernate.loader.plan.build.internal.FetchStyleLoadPlanBuildingAssociationVisitationStrategy - Building LoadPlan...
17:40:02.934 [main] DEBUG org.hibernate.loader.plan.exec.internal.LoadQueryJoinAndFetchProcessor - processing queryspace &lt;gen:0&gt;
17:40:02.934 [main] DEBUG org.hibernate.loader.plan.build.spi.LoadPlanTreePrinter - LoadPlan(entity=com.niit.model.BlogComment)
    - Returns
       - EntityReturnImpl(entity=com.niit.model.BlogComment, querySpaceUid=&lt;gen:0&gt;, path=com.niit.model.BlogComment)
    - QuerySpaces
       - EntityQuerySpaceImpl(uid=&lt;gen:0&gt;, entity=com.niit.model.BlogComment)
          - SQL table alias mapping - blogcommen0_
          - alias suffix - 0_
          - suffixed key columns - {blogComm1_1_0_}

17:40:02.935 [main] DEBUG org.hibernate.loader.entity.plan.EntityLoader - Static select for entity com.niit.model.BlogComment [FORCE]: select blogcommen0_.blogCommentId as blogComm1_1_0_, blogcommen0_.blogComment as blogComm2_1_0_, blogcommen0_.blogId as blogId3_1_0_, blogcommen0_.commentDate as commentD4_1_0_, blogcommen0_.userId as userId5_1_0_, blogcommen0_.username as username6_1_0_ from CBlogComment blogcommen0_ where blogcommen0_.blogCommentId=? for update
17:40:02.935 [main] DEBUG org.hibernate.loader.plan.build.internal.spaces.QuerySpacesImpl - Adding QuerySpace : uid = &lt;gen:0&gt; -&gt; org.hibernate.loader.plan.build.internal.spaces.EntityQuerySpaceImpl@53abfc07]
17:40:02.935 [main] DEBUG org.hibernate.persister.walking.spi.MetamodelGraphWalker - Visiting attribute path : blogComment
17:40:02.935 [main] DEBUG org.hibernate.persister.walking.spi.MetamodelGraphWalker - Visiting attribute path : blogId
17:40:02.935 [main] DEBUG org.hibernate.persister.walking.spi.MetamodelGraphWalker - Visiting attribute path : commentDate
17:40:02.935 [main] DEBUG org.hibernate.persister.walking.spi.MetamodelGraphWalker - Visiting attribute path : userId
17:40:02.935 [main] DEBUG org.hibernate.persister.walking.spi.MetamodelGraphWalker - Visiting attribute path : username
17:40:02.935 [main] DEBUG org.hibernate.loader.plan.build.internal.FetchStyleLoadPlanBuildingAssociationVisitationStrategy - Building LoadPlan...
17:40:02.936 [main] DEBUG org.hibernate.loader.plan.exec.internal.LoadQueryJoinAndFetchProcessor - processing queryspace &lt;gen:0&gt;
17:40:02.936 [main] DEBUG org.hibernate.loader.plan.build.spi.LoadPlanTreePrinter - LoadPlan(entity=com.niit.model.BlogComment)
    - Returns
       - EntityReturnImpl(entity=com.niit.model.BlogComment, querySpaceUid=&lt;gen:0&gt;, path=com.niit.model.BlogComment)
    - QuerySpaces
       - EntityQuerySpaceImpl(uid=&lt;gen:0&gt;, entity=com.niit.model.BlogComment)
          - SQL table alias mapping - blogcommen0_
          - alias suffix - 0_
          - suffixed key columns - {blogComm1_1_0_}

17:40:02.942 [main] DEBUG org.hibernate.loader.entity.plan.EntityLoader - Static select for entity com.niit.model.BlogComment [PESSIMISTIC_READ]: select blogcommen0_.blogCommentId as blogComm1_1_0_, blogcommen0_.blogComment as blogComm2_1_0_, blogcommen0_.blogId as blogId3_1_0_, blogcommen0_.commentDate as commentD4_1_0_, blogcommen0_.userId as userId5_1_0_, blogcommen0_.username as username6_1_0_ from CBlogComment blogcommen0_ where blogcommen0_.blogCommentId=? for update
17:40:02.943 [main] DEBUG org.hibernate.loader.plan.build.internal.spaces.QuerySpacesImpl - Adding QuerySpace : uid = &lt;gen:0&gt; -&gt; org.hibernate.loader.plan.build.internal.spaces.EntityQuerySpaceImpl@80bfa9d]
17:40:02.944 [main] DEBUG org.hibernate.persister.walking.spi.MetamodelGraphWalker - Visiting attribute path : blogComment
17:40:02.944 [main] DEBUG org.hibernate.persister.walking.spi.MetamodelGraphWalker - Visiting attribute path : blogId
17:40:02.960 [main] DEBUG org.hibernate.persister.walking.spi.MetamodelGraphWalker - Visiting attribute path : commentDate
17:40:02.962 [main] DEBUG org.hibernate.persister.walking.spi.MetamodelGraphWalker - Visiting attribute path : userId
17:40:02.965 [main] DEBUG org.hibernate.persister.walking.spi.MetamodelGraphWalker - Visiting attribute path : username
17:40:02.967 [main] DEBUG org.hibernate.loader.plan.build.internal.FetchStyleLoadPlanBuildingAssociationVisitationStrategy - Building LoadPlan...
17:40:02.967 [main] DEBUG org.hibernate.loader.plan.exec.internal.LoadQueryJoinAndFetchProcessor - processing queryspace &lt;gen:0&gt;
17:40:02.969 [main] DEBUG org.hibernate.loader.plan.build.spi.LoadPlanTreePrinter - LoadPlan(entity=com.niit.model.BlogComment)
    - Returns
       - EntityReturnImpl(entity=com.niit.model.BlogComment, querySpaceUid=&lt;gen:0&gt;, path=com.niit.model.BlogComment)
    - QuerySpaces
       - EntityQuerySpaceImpl(uid=&lt;gen:0&gt;, entity=com.niit.model.BlogComment)
          - SQL table alias mapping - blogcommen0_
          - alias suffix - 0_
          - suffixed key columns - {blogComm1_1_0_}

17:40:02.970 [main] DEBUG org.hibernate.loader.entity.plan.EntityLoader - Static select for entity com.niit.model.BlogComment [PESSIMISTIC_WRITE]: select blogcommen0_.blogCommentId as blogComm1_1_0_, blogcommen0_.blogComment as blogComm2_1_0_, blogcommen0_.blogId as blogId3_1_0_, blogcommen0_.commentDate as commentD4_1_0_, blogcommen0_.userId as userId5_1_0_, blogcommen0_.username as username6_1_0_ from CBlogComment blogcommen0_ where blogcommen0_.blogCommentId=? for update
17:40:02.970 [main] DEBUG org.hibernate.loader.plan.build.internal.spaces.QuerySpacesImpl - Adding QuerySpace : uid = &lt;gen:0&gt; -&gt; org.hibernate.loader.plan.build.internal.spaces.EntityQuerySpaceImpl@4b039c6d]
17:40:02.970 [main] DEBUG org.hibernate.persister.walking.spi.MetamodelGraphWalker - Visiting attribute path : blogComment
17:40:02.970 [main] DEBUG org.hibernate.persister.walking.spi.MetamodelGraphWalker - Visiting attribute path : blogId
17:40:02.970 [main] DEBUG org.hibernate.persister.walking.spi.MetamodelGraphWalker - Visiting attribute path : commentDate
17:40:02.970 [main] DEBUG org.hibernate.persister.walking.spi.MetamodelGraphWalker - Visiting attribute path : userId
17:40:02.970 [main] DEBUG org.hibernate.persister.walking.spi.MetamodelGraphWalker - Visiting attribute path : username
17:40:02.970 [main] DEBUG org.hibernate.loader.plan.build.internal.FetchStyleLoadPlanBuildingAssociationVisitationStrategy - Building LoadPlan...
17:40:02.971 [main] DEBUG org.hibernate.loader.plan.exec.internal.LoadQueryJoinAndFetchProcessor - processing queryspace &lt;gen:0&gt;
17:40:02.971 [main] DEBUG org.hibernate.loader.plan.build.spi.LoadPlanTreePrinter - LoadPlan(entity=com.niit.model.BlogComment)
    - Returns
       - EntityReturnImpl(entity=com.niit.model.BlogComment, querySpaceUid=&lt;gen:0&gt;, path=com.niit.model.BlogComment)
    - QuerySpaces
       - EntityQuerySpaceImpl(uid=&lt;gen:0&gt;, entity=com.niit.model.BlogComment)
          - SQL table alias mapping - blogcommen0_
          - alias suffix - 0_
          - suffixed key columns - {blogComm1_1_0_}

17:40:02.972 [main] DEBUG org.hibernate.loader.entity.plan.EntityLoader - Static select for entity com.niit.model.BlogComment [PESSIMISTIC_FORCE_INCREMENT]: select blogcommen0_.blogCommentId as blogComm1_1_0_, blogcommen0_.blogComment as blogComm2_1_0_, blogcommen0_.blogId as blogId3_1_0_, blogcommen0_.commentDate as commentD4_1_0_, blogcommen0_.userId as userId5_1_0_, blogcommen0_.username as username6_1_0_ from CBlogComment blogcommen0_ where blogcommen0_.blogCommentId=? for update
17:40:02.972 [main] DEBUG org.hibernate.loader.plan.build.internal.spaces.QuerySpacesImpl - Adding QuerySpace : uid = &lt;gen:0&gt; -&gt; org.hibernate.loader.plan.build.internal.spaces.EntityQuerySpaceImpl@507d64aa]
17:40:02.972 [main] DEBUG org.hibernate.persister.walking.spi.MetamodelGraphWalker - Visiting attribute path : blogComment
17:40:02.972 [main] DEBUG org.hibernate.persister.walking.spi.MetamodelGraphWalker - Visiting attribute path : blogId
17:40:02.972 [main] DEBUG org.hibernate.persister.walking.spi.MetamodelGraphWalker - Visiting attribute path : commentDate
17:40:02.972 [main] DEBUG org.hibernate.persister.walking.spi.MetamodelGraphWalker - Visiting attribute path : userId
17:40:02.972 [main] DEBUG org.hibernate.persister.walking.spi.MetamodelGraphWalker - Visiting attribute path : username
17:40:02.972 [main] DEBUG org.hibernate.loader.plan.build.internal.FetchStyleLoadPlanBuildingAssociationVisitationStrategy - Building LoadPlan...
17:40:02.974 [main] DEBUG org.hibernate.loader.plan.exec.internal.LoadQueryJoinAndFetchProcessor - processing queryspace &lt;gen:0&gt;
17:40:02.979 [main] DEBUG org.hibernate.loader.plan.build.spi.LoadPlanTreePrinter - LoadPlan(entity=com.niit.model.BlogComment)
    - Returns
       - EntityReturnImpl(entity=com.niit.model.BlogComment, querySpaceUid=&lt;gen:0&gt;, path=com.niit.model.BlogComment)
    - QuerySpaces
       - EntityQuerySpaceImpl(uid=&lt;gen:0&gt;, entity=com.niit.model.BlogComment)
          - SQL table alias mapping - blogcommen0_
          - alias suffix - 0_
          - suffixed key columns - {blogComm1_1_0_}

17:40:02.980 [main] DEBUG org.hibernate.loader.entity.plan.EntityLoader - Static select for entity com.niit.model.BlogComment [OPTIMISTIC]: select blogcommen0_.blogCommentId as blogComm1_1_0_, blogcommen0_.blogComment as blogComm2_1_0_, blogcommen0_.blogId as blogId3_1_0_, blogcommen0_.commentDate as commentD4_1_0_, blogcommen0_.userId as userId5_1_0_, blogcommen0_.username as username6_1_0_ from CBlogComment blogcommen0_ where blogcommen0_.blogCommentId=?
17:40:02.980 [main] DEBUG org.hibernate.loader.plan.build.internal.spaces.QuerySpacesImpl - Adding QuerySpace : uid = &lt;gen:0&gt; -&gt; org.hibernate.loader.plan.build.internal.spaces.EntityQuerySpaceImpl@60b34931]
17:40:02.980 [main] DEBUG org.hibernate.persister.walking.spi.MetamodelGraphWalker - Visiting attribute path : blogComment
17:40:02.980 [main] DEBUG org.hibernate.persister.walking.spi.MetamodelGraphWalker - Visiting attribute path : blogId
17:40:02.980 [main] DEBUG org.hibernate.persister.walking.spi.MetamodelGraphWalker - Visiting attribute path : commentDate
17:40:02.980 [main] DEBUG org.hibernate.persister.walking.spi.MetamodelGraphWalker - Visiting attribute path : userId
17:40:02.980 [main] DEBUG org.hibernate.persister.walking.spi.MetamodelGraphWalker - Visiting attribute path : username
17:40:02.980 [main] DEBUG org.hibernate.loader.plan.build.internal.FetchStyleLoadPlanBuildingAssociationVisitationStrategy - Building LoadPlan...
17:40:02.981 [main] DEBUG org.hibernate.loader.plan.exec.internal.LoadQueryJoinAndFetchProcessor - processing queryspace &lt;gen:0&gt;
17:40:02.981 [main] DEBUG org.hibernate.loader.plan.build.spi.LoadPlanTreePrinter - LoadPlan(entity=com.niit.model.BlogComment)
    - Returns
       - EntityReturnImpl(entity=com.niit.model.BlogComment, querySpaceUid=&lt;gen:0&gt;, path=com.niit.model.BlogComment)
    - QuerySpaces
       - EntityQuerySpaceImpl(uid=&lt;gen:0&gt;, entity=com.niit.model.BlogComment)
          - SQL table alias mapping - blogcommen0_
          - alias suffix - 0_
          - suffixed key columns - {blogComm1_1_0_}

17:40:02.981 [main] DEBUG org.hibernate.loader.entity.plan.EntityLoader - Static select for entity com.niit.model.BlogComment [OPTIMISTIC_FORCE_INCREMENT]: select blogcommen0_.blogCommentId as blogComm1_1_0_, blogcommen0_.blogComment as blogComm2_1_0_, blogcommen0_.blogId as blogId3_1_0_, blogcommen0_.commentDate as commentD4_1_0_, blogcommen0_.userId as userId5_1_0_, blogcommen0_.username as username6_1_0_ from CBlogComment blogcommen0_ where blogcommen0_.blogCommentId=?
17:40:02.981 [main] DEBUG org.hibernate.loader.Loader - Static select for action ACTION_MERGE on entity com.niit.model.BlogComment: select blogcommen0_.blogCommentId as blogComm1_1_0_, blogcommen0_.blogComment as blogComm2_1_0_, blogcommen0_.blogId as blogId3_1_0_, blogcommen0_.commentDate as commentD4_1_0_, blogcommen0_.userId as userId5_1_0_, blogcommen0_.username as username6_1_0_ from CBlogComment blogcommen0_ where blogcommen0_.blogCommentId=?
17:40:02.981 [main] DEBUG org.hibernate.loader.Loader - Static select for action ACTION_REFRESH on entity com.niit.model.BlogComment: select blogcommen0_.blogCommentId as blogComm1_1_0_, blogcommen0_.blogComment as blogComm2_1_0_, blogcommen0_.blogId as blogId3_1_0_, blogcommen0_.commentDate as commentD4_1_0_, blogcommen0_.userId as userId5_1_0_, blogcommen0_.username as username6_1_0_ from CBlogComment blogcommen0_ where blogcommen0_.blogCommentId=?
17:40:02.982 [main] DEBUG org.hibernate.persister.entity.AbstractEntityPersister - Static SQL for entity: com.niit.model.Blog
17:40:02.983 [main] DEBUG org.hibernate.persister.entity.AbstractEntityPersister -  Version select: select blogId from CBlog where blogId =?
17:40:02.983 [main] DEBUG org.hibernate.persister.entity.AbstractEntityPersister -  Snapshot select: select blog_.blogId, blog_.blogContent as blogCont2_0_, blog_.blogName as blogName3_0_, blog_.createDate as createDa4_0_, blog_.likes as likes5_0_, blog_.remarks as remarks6_0_, blog_.status as status7_0_, blog_.userId as userId8_0_ from CBlog blog_ where blog_.blogId=?
17:40:02.983 [main] DEBUG org.hibernate.persister.entity.AbstractEntityPersister -  Insert 0: insert into CBlog (blogContent, blogName, createDate, likes, remarks, status, userId, blogId) values (?, ?, ?, ?, ?, ?, ?, ?)
17:40:02.984 [main] DEBUG org.hibernate.persister.entity.AbstractEntityPersister -  Update 0: update CBlog set blogContent=?, blogName=?, createDate=?, likes=?, remarks=?, status=?, userId=? where blogId=?
17:40:02.984 [main] DEBUG org.hibernate.persister.entity.AbstractEntityPersister -  Delete 0: delete from CBlog where blogId=?
17:40:02.985 [main] DEBUG org.hibernate.loader.plan.build.internal.spaces.QuerySpacesImpl - Adding QuerySpace : uid = &lt;gen:0&gt; -&gt; org.hibernate.loader.plan.build.internal.spaces.EntityQuerySpaceImpl@71c17a57]
17:40:02.985 [main] DEBUG org.hibernate.persister.walking.spi.MetamodelGraphWalker - Visiting attribute path : blogContent
17:40:02.985 [main] DEBUG org.hibernate.persister.walking.spi.MetamodelGraphWalker - Visiting attribute path : blogName
17:40:02.985 [main] DEBUG org.hibernate.persister.walking.spi.MetamodelGraphWalker - Visiting attribute path : createDate
17:40:02.985 [main] DEBUG org.hibernate.persister.walking.spi.MetamodelGraphWalker - Visiting attribute path : likes
17:40:02.993 [main] DEBUG org.hibernate.persister.walking.spi.MetamodelGraphWalker - Visiting attribute path : remarks
17:40:02.994 [main] DEBUG org.hibernate.persister.walking.spi.MetamodelGraphWalker - Visiting attribute path : status
17:40:02.994 [main] DEBUG org.hibernate.persister.walking.spi.MetamodelGraphWalker - Visiting attribute path : userId
17:40:02.994 [main] DEBUG org.hibernate.loader.plan.build.internal.FetchStyleLoadPlanBuildingAssociationVisitationStrategy - Building LoadPlan...
17:40:03.019 [main] DEBUG org.hibernate.loader.plan.exec.internal.LoadQueryJoinAndFetchProcessor - processing queryspace &lt;gen:0&gt;
17:40:03.019 [main] DEBUG org.hibernate.loader.plan.build.spi.LoadPlanTreePrinter - LoadPlan(entity=com.niit.model.Blog)
    - Returns
       - EntityReturnImpl(entity=com.niit.model.Blog, querySpaceUid=&lt;gen:0&gt;, path=com.niit.model.Blog)
    - QuerySpaces
       - EntityQuerySpaceImpl(uid=&lt;gen:0&gt;, entity=com.niit.model.Blog)
          - SQL table alias mapping - blog0_
          - alias suffix - 0_
          - suffixed key columns - {blogId1_0_0_}

17:40:03.020 [main] DEBUG org.hibernate.loader.entity.plan.EntityLoader - Static select for entity com.niit.model.Blog [NONE]: select blog0_.blogId as blogId1_0_0_, blog0_.blogContent as blogCont2_0_0_, blog0_.blogName as blogName3_0_0_, blog0_.createDate as createDa4_0_0_, blog0_.likes as likes5_0_0_, blog0_.remarks as remarks6_0_0_, blog0_.status as status7_0_0_, blog0_.userId as userId8_0_0_ from CBlog blog0_ where blog0_.blogId=?
17:40:03.020 [main] DEBUG org.hibernate.loader.plan.build.internal.spaces.QuerySpacesImpl - Adding QuerySpace : uid = &lt;gen:0&gt; -&gt; org.hibernate.loader.plan.build.internal.spaces.EntityQuerySpaceImpl@1e0a864d]
17:40:03.020 [main] DEBUG org.hibernate.persister.walking.spi.MetamodelGraphWalker - Visiting attribute path : blogContent
17:40:03.020 [main] DEBUG org.hibernate.persister.walking.spi.MetamodelGraphWalker - Visiting attribute path : blogName
17:40:03.020 [main] DEBUG org.hibernate.persister.walking.spi.MetamodelGraphWalker - Visiting attribute path : createDate
17:40:03.021 [main] DEBUG org.hibernate.persister.walking.spi.MetamodelGraphWalker - Visiting attribute path : likes
17:40:03.021 [main] DEBUG org.hibernate.persister.walking.spi.MetamodelGraphWalker - Visiting attribute path : remarks
17:40:03.021 [main] DEBUG org.hibernate.persister.walking.spi.MetamodelGraphWalker - Visiting attribute path : status
17:40:03.021 [main] DEBUG org.hibernate.persister.walking.spi.MetamodelGraphWalker - Visiting attribute path : userId
17:40:03.021 [main] DEBUG org.hibernate.loader.plan.build.internal.FetchStyleLoadPlanBuildingAssociationVisitationStrategy - Building LoadPlan...
17:40:03.028 [main] DEBUG org.hibernate.loader.plan.exec.internal.LoadQueryJoinAndFetchProcessor - processing queryspace &lt;gen:0&gt;
17:40:03.032 [main] DEBUG org.hibernate.loader.plan.build.spi.LoadPlanTreePrinter - LoadPlan(entity=com.niit.model.Blog)
    - Returns
       - EntityReturnImpl(entity=com.niit.model.Blog, querySpaceUid=&lt;gen:0&gt;, path=com.niit.model.Blog)
    - QuerySpaces
       - EntityQuerySpaceImpl(uid=&lt;gen:0&gt;, entity=com.niit.model.Blog)
          - SQL table alias mapping - blog0_
          - alias suffix - 0_
          - suffixed key columns - {blogId1_0_0_}

17:40:03.032 [main] DEBUG org.hibernate.loader.entity.plan.EntityLoader - Static select for entity com.niit.model.Blog [READ]: select blog0_.blogId as blogId1_0_0_, blog0_.blogContent as blogCont2_0_0_, blog0_.blogName as blogName3_0_0_, blog0_.createDate as createDa4_0_0_, blog0_.likes as likes5_0_0_, blog0_.remarks as remarks6_0_0_, blog0_.status as status7_0_0_, blog0_.userId as userId8_0_0_ from CBlog blog0_ where blog0_.blogId=?
17:40:03.033 [main] DEBUG org.hibernate.loader.plan.build.internal.spaces.QuerySpacesImpl - Adding QuerySpace : uid = &lt;gen:0&gt; -&gt; org.hibernate.loader.plan.build.internal.spaces.EntityQuerySpaceImpl@3e67f5f2]
17:40:03.033 [main] DEBUG org.hibernate.persister.walking.spi.MetamodelGraphWalker - Visiting attribute path : blogContent
17:40:03.033 [main] DEBUG org.hibernate.persister.walking.spi.MetamodelGraphWalker - Visiting attribute path : blogName
17:40:03.033 [main] DEBUG org.hibernate.persister.walking.spi.MetamodelGraphWalker - Visiting attribute path : createDate
17:40:03.033 [main] DEBUG org.hibernate.persister.walking.spi.MetamodelGraphWalker - Visiting attribute path : likes
17:40:03.033 [main] DEBUG org.hibernate.persister.walking.spi.MetamodelGraphWalker - Visiting attribute path : remarks
17:40:03.033 [main] DEBUG org.hibernate.persister.walking.spi.MetamodelGraphWalker - Visiting attribute path : status
17:40:03.033 [main] DEBUG org.hibernate.persister.walking.spi.MetamodelGraphWalker - Visiting attribute path : userId
17:40:03.034 [main] DEBUG org.hibernate.loader.plan.build.internal.FetchStyleLoadPlanBuildingAssociationVisitationStrategy - Building LoadPlan...
17:40:03.034 [main] DEBUG org.hibernate.loader.plan.exec.internal.LoadQueryJoinAndFetchProcessor - processing queryspace &lt;gen:0&gt;
17:40:03.034 [main] DEBUG org.hibernate.loader.plan.build.spi.LoadPlanTreePrinter - LoadPlan(entity=com.niit.model.Blog)
    - Returns
       - EntityReturnImpl(entity=com.niit.model.Blog, querySpaceUid=&lt;gen:0&gt;, path=com.niit.model.Blog)
    - QuerySpaces
       - EntityQuerySpaceImpl(uid=&lt;gen:0&gt;, entity=com.niit.model.Blog)
          - SQL table alias mapping - blog0_
          - alias suffix - 0_
          - suffixed key columns - {blogId1_0_0_}

17:40:03.036 [main] DEBUG org.hibernate.loader.entity.plan.EntityLoader - Static select for entity com.niit.model.Blog [UPGRADE]: select blog0_.blogId as blogId1_0_0_, blog0_.blogContent as blogCont2_0_0_, blog0_.blogName as blogName3_0_0_, blog0_.createDate as createDa4_0_0_, blog0_.likes as likes5_0_0_, blog0_.remarks as remarks6_0_0_, blog0_.status as status7_0_0_, blog0_.userId as userId8_0_0_ from CBlog blog0_ where blog0_.blogId=? for update
17:40:03.037 [main] DEBUG org.hibernate.loader.plan.build.internal.spaces.QuerySpacesImpl - Adding QuerySpace : uid = &lt;gen:0&gt; -&gt; org.hibernate.loader.plan.build.internal.spaces.EntityQuerySpaceImpl@4527f70a]
17:40:03.037 [main] DEBUG org.hibernate.persister.walking.spi.MetamodelGraphWalker - Visiting attribute path : blogContent
17:40:03.037 [main] DEBUG org.hibernate.persister.walking.spi.MetamodelGraphWalker - Visiting attribute path : blogName
17:40:03.037 [main] DEBUG org.hibernate.persister.walking.spi.MetamodelGraphWalker - Visiting attribute path : createDate
17:40:03.037 [main] DEBUG org.hibernate.persister.walking.spi.MetamodelGraphWalker - Visiting attribute path : likes
17:40:03.037 [main] DEBUG org.hibernate.persister.walking.spi.MetamodelGraphWalker - Visiting attribute path : remarks
17:40:03.037 [main] DEBUG org.hibernate.persister.walking.spi.MetamodelGraphWalker - Visiting attribute path : status
17:40:03.037 [main] DEBUG org.hibernate.persister.walking.spi.MetamodelGraphWalker - Visiting attribute path : userId
17:40:03.037 [main] DEBUG org.hibernate.loader.plan.build.internal.FetchStyleLoadPlanBuildingAssociationVisitationStrategy - Building LoadPlan...
17:40:03.037 [main] DEBUG org.hibernate.loader.plan.exec.internal.LoadQueryJoinAndFetchProcessor - processing queryspace &lt;gen:0&gt;
17:40:03.037 [main] DEBUG org.hibernate.loader.plan.build.spi.LoadPlanTreePrinter - LoadPlan(entity=com.niit.model.Blog)
    - Returns
       - EntityReturnImpl(entity=com.niit.model.Blog, querySpaceUid=&lt;gen:0&gt;, path=com.niit.model.Blog)
    - QuerySpaces
       - EntityQuerySpaceImpl(uid=&lt;gen:0&gt;, entity=com.niit.model.Blog)
          - SQL table alias mapping - blog0_
          - alias suffix - 0_
          - suffixed key columns - {blogId1_0_0_}

17:40:03.038 [main] DEBUG org.hibernate.loader.entity.plan.EntityLoader - Static select for entity com.niit.model.Blog [UPGRADE_NOWAIT]: select blog0_.blogId as blogId1_0_0_, blog0_.blogContent as blogCont2_0_0_, blog0_.blogName as blogName3_0_0_, blog0_.createDate as createDa4_0_0_, blog0_.likes as likes5_0_0_, blog0_.remarks as remarks6_0_0_, blog0_.status as status7_0_0_, blog0_.userId as userId8_0_0_ from CBlog blog0_ where blog0_.blogId=? for update
17:40:03.038 [main] DEBUG org.hibernate.loader.plan.build.internal.spaces.QuerySpacesImpl - Adding QuerySpace : uid = &lt;gen:0&gt; -&gt; org.hibernate.loader.plan.build.internal.spaces.EntityQuerySpaceImpl@7132a9dc]
17:40:03.038 [main] DEBUG org.hibernate.persister.walking.spi.MetamodelGraphWalker - Visiting attribute path : blogContent
17:40:03.038 [main] DEBUG org.hibernate.persister.walking.spi.MetamodelGraphWalker - Visiting attribute path : blogName
17:40:03.038 [main] DEBUG org.hibernate.persister.walking.spi.MetamodelGraphWalker - Visiting attribute path : createDate
17:40:03.038 [main] DEBUG org.hibernate.persister.walking.spi.MetamodelGraphWalker - Visiting attribute path : likes
17:40:03.038 [main] DEBUG org.hibernate.persister.walking.spi.MetamodelGraphWalker - Visiting attribute path : remarks
17:40:03.038 [main] DEBUG org.hibernate.persister.walking.spi.MetamodelGraphWalker - Visiting attribute path : status
17:40:03.038 [main] DEBUG org.hibernate.persister.walking.spi.MetamodelGraphWalker - Visiting attribute path : userId
17:40:03.038 [main] DEBUG org.hibernate.loader.plan.build.internal.FetchStyleLoadPlanBuildingAssociationVisitationStrategy - Building LoadPlan...
17:40:03.038 [main] DEBUG org.hibernate.loader.plan.exec.internal.LoadQueryJoinAndFetchProcessor - processing queryspace &lt;gen:0&gt;
17:40:03.038 [main] DEBUG org.hibernate.loader.plan.build.spi.LoadPlanTreePrinter - LoadPlan(entity=com.niit.model.Blog)
    - Returns
       - EntityReturnImpl(entity=com.niit.model.Blog, querySpaceUid=&lt;gen:0&gt;, path=com.niit.model.Blog)
    - QuerySpaces
       - EntityQuerySpaceImpl(uid=&lt;gen:0&gt;, entity=com.niit.model.Blog)
          - SQL table alias mapping - blog0_
          - alias suffix - 0_
          - suffixed key columns - {blogId1_0_0_}

17:40:03.039 [main] DEBUG org.hibernate.loader.entity.plan.EntityLoader - Static select for entity com.niit.model.Blog [UPGRADE_SKIPLOCKED]: select blog0_.blogId as blogId1_0_0_, blog0_.blogContent as blogCont2_0_0_, blog0_.blogName as blogName3_0_0_, blog0_.createDate as createDa4_0_0_, blog0_.likes as likes5_0_0_, blog0_.remarks as remarks6_0_0_, blog0_.status as status7_0_0_, blog0_.userId as userId8_0_0_ from CBlog blog0_ where blog0_.blogId=? for update
17:40:03.039 [main] DEBUG org.hibernate.loader.plan.build.internal.spaces.QuerySpacesImpl - Adding QuerySpace : uid = &lt;gen:0&gt; -&gt; org.hibernate.loader.plan.build.internal.spaces.EntityQuerySpaceImpl@2da66a44]
17:40:03.039 [main] DEBUG org.hibernate.persister.walking.spi.MetamodelGraphWalker - Visiting attribute path : blogContent
17:40:03.039 [main] DEBUG org.hibernate.persister.walking.spi.MetamodelGraphWalker - Visiting attribute path : blogName
17:40:03.040 [main] DEBUG org.hibernate.persister.walking.spi.MetamodelGraphWalker - Visiting attribute path : createDate
17:40:03.040 [main] DEBUG org.hibernate.persister.walking.spi.MetamodelGraphWalker - Visiting attribute path : likes
17:40:03.040 [main] DEBUG org.hibernate.persister.walking.spi.MetamodelGraphWalker - Visiting attribute path : remarks
17:40:03.040 [main] DEBUG org.hibernate.persister.walking.spi.MetamodelGraphWalker - Visiting attribute path : status
17:40:03.040 [main] DEBUG org.hibernate.persister.walking.spi.MetamodelGraphWalker - Visiting attribute path : userId
17:40:03.041 [main] DEBUG org.hibernate.loader.plan.build.internal.FetchStyleLoadPlanBuildingAssociationVisitationStrategy - Building LoadPlan...
17:40:03.041 [main] DEBUG org.hibernate.loader.plan.exec.internal.LoadQueryJoinAndFetchProcessor - processing queryspace &lt;gen:0&gt;
17:40:03.045 [main] DEBUG org.hibernate.loader.plan.build.spi.LoadPlanTreePrinter - LoadPlan(entity=com.niit.model.Blog)
    - Returns
       - EntityReturnImpl(entity=com.niit.model.Blog, querySpaceUid=&lt;gen:0&gt;, path=com.niit.model.Blog)
    - QuerySpaces
       - EntityQuerySpaceImpl(uid=&lt;gen:0&gt;, entity=com.niit.model.Blog)
          - SQL table alias mapping - blog0_
          - alias suffix - 0_
          - suffixed key columns - {blogId1_0_0_}

17:40:03.045 [main] DEBUG org.hibernate.loader.entity.plan.EntityLoader - Static select for entity com.niit.model.Blog [FORCE]: select blog0_.blogId as blogId1_0_0_, blog0_.blogContent as blogCont2_0_0_, blog0_.blogName as blogName3_0_0_, blog0_.createDate as createDa4_0_0_, blog0_.likes as likes5_0_0_, blog0_.remarks as remarks6_0_0_, blog0_.status as status7_0_0_, blog0_.userId as userId8_0_0_ from CBlog blog0_ where blog0_.blogId=? for update
17:40:03.045 [main] DEBUG org.hibernate.loader.plan.build.internal.spaces.QuerySpacesImpl - Adding QuerySpace : uid = &lt;gen:0&gt; -&gt; org.hibernate.loader.plan.build.internal.spaces.EntityQuerySpaceImpl@61bfc9bf]
17:40:03.046 [main] DEBUG org.hibernate.persister.walking.spi.MetamodelGraphWalker - Visiting attribute path : blogContent
17:40:03.046 [main] DEBUG org.hibernate.persister.walking.spi.MetamodelGraphWalker - Visiting attribute path : blogName
17:40:03.046 [main] DEBUG org.hibernate.persister.walking.spi.MetamodelGraphWalker - Visiting attribute path : createDate
17:40:03.046 [main] DEBUG org.hibernate.persister.walking.spi.MetamodelGraphWalker - Visiting attribute path : likes
17:40:03.046 [main] DEBUG org.hibernate.persister.walking.spi.MetamodelGraphWalker - Visiting attribute path : remarks
17:40:03.046 [main] DEBUG org.hibernate.persister.walking.spi.MetamodelGraphWalker - Visiting attribute path : status
17:40:03.046 [main] DEBUG org.hibernate.persister.walking.spi.MetamodelGraphWalker - Visiting attribute path : userId
17:40:03.046 [main] DEBUG org.hibernate.loader.plan.build.internal.FetchStyleLoadPlanBuildingAssociationVisitationStrategy - Building LoadPlan...
17:40:03.046 [main] DEBUG org.hibernate.loader.plan.exec.internal.LoadQueryJoinAndFetchProcessor - processing queryspace &lt;gen:0&gt;
17:40:03.046 [main] DEBUG org.hibernate.loader.plan.build.spi.LoadPlanTreePrinter - LoadPlan(entity=com.niit.model.Blog)
    - Returns
       - EntityReturnImpl(entity=com.niit.model.Blog, querySpaceUid=&lt;gen:0&gt;, path=com.niit.model.Blog)
    - QuerySpaces
       - EntityQuerySpaceImpl(uid=&lt;gen:0&gt;, entity=com.niit.model.Blog)
          - SQL table alias mapping - blog0_
          - alias suffix - 0_
          - suffixed key columns - {blogId1_0_0_}

17:40:03.046 [main] DEBUG org.hibernate.loader.entity.plan.EntityLoader - Static select for entity com.niit.model.Blog [PESSIMISTIC_READ]: select blog0_.blogId as blogId1_0_0_, blog0_.blogContent as blogCont2_0_0_, blog0_.blogName as blogName3_0_0_, blog0_.createDate as createDa4_0_0_, blog0_.likes as likes5_0_0_, blog0_.remarks as remarks6_0_0_, blog0_.status as status7_0_0_, blog0_.userId as userId8_0_0_ from CBlog blog0_ where blog0_.blogId=? for update
17:40:03.046 [main] DEBUG org.hibernate.loader.plan.build.internal.spaces.QuerySpacesImpl - Adding QuerySpace : uid = &lt;gen:0&gt; -&gt; org.hibernate.loader.plan.build.internal.spaces.EntityQuerySpaceImpl@329bad59]
17:40:03.047 [main] DEBUG org.hibernate.persister.walking.spi.MetamodelGraphWalker - Visiting attribute path : blogContent
17:40:03.047 [main] DEBUG org.hibernate.persister.walking.spi.MetamodelGraphWalker - Visiting attribute path : blogName
17:40:03.047 [main] DEBUG org.hibernate.persister.walking.spi.MetamodelGraphWalker - Visiting attribute path : createDate
17:40:03.047 [main] DEBUG org.hibernate.persister.walking.spi.MetamodelGraphWalker - Visiting attribute path : likes
17:40:03.047 [main] DEBUG org.hibernate.persister.walking.spi.MetamodelGraphWalker - Visiting attribute path : remarks
17:40:03.047 [main] DEBUG org.hibernate.persister.walking.spi.MetamodelGraphWalker - Visiting attribute path : status
17:40:03.047 [main] DEBUG org.hibernate.persister.walking.spi.MetamodelGraphWalker - Visiting attribute path : userId
17:40:03.047 [main] DEBUG org.hibernate.loader.plan.build.internal.FetchStyleLoadPlanBuildingAssociationVisitationStrategy - Building LoadPlan...
17:40:03.047 [main] DEBUG org.hibernate.loader.plan.exec.internal.LoadQueryJoinAndFetchProcessor - processing queryspace &lt;gen:0&gt;
17:40:03.047 [main] DEBUG org.hibernate.loader.plan.build.spi.LoadPlanTreePrinter - LoadPlan(entity=com.niit.model.Blog)
    - Returns
       - EntityReturnImpl(entity=com.niit.model.Blog, querySpaceUid=&lt;gen:0&gt;, path=com.niit.model.Blog)
    - QuerySpaces
       - EntityQuerySpaceImpl(uid=&lt;gen:0&gt;, entity=com.niit.model.Blog)
          - SQL table alias mapping - blog0_
          - alias suffix - 0_
          - suffixed key columns - {blogId1_0_0_}

17:40:03.047 [main] DEBUG org.hibernate.loader.entity.plan.EntityLoader - Static select for entity com.niit.model.Blog [PESSIMISTIC_WRITE]: select blog0_.blogId as blogId1_0_0_, blog0_.blogContent as blogCont2_0_0_, blog0_.blogName as blogName3_0_0_, blog0_.createDate as createDa4_0_0_, blog0_.likes as likes5_0_0_, blog0_.remarks as remarks6_0_0_, blog0_.status as status7_0_0_, blog0_.userId as userId8_0_0_ from CBlog blog0_ where blog0_.blogId=? for update
17:40:03.047 [main] DEBUG org.hibernate.loader.plan.build.internal.spaces.QuerySpacesImpl - Adding QuerySpace : uid = &lt;gen:0&gt; -&gt; org.hibernate.loader.plan.build.internal.spaces.EntityQuerySpaceImpl@178f268a]
17:40:03.048 [main] DEBUG org.hibernate.persister.walking.spi.MetamodelGraphWalker - Visiting attribute path : blogContent
17:40:03.048 [main] DEBUG org.hibernate.persister.walking.spi.MetamodelGraphWalker - Visiting attribute path : blogName
17:40:03.048 [main] DEBUG org.hibernate.persister.walking.spi.MetamodelGraphWalker - Visiting attribute path : createDate
17:40:03.048 [main] DEBUG org.hibernate.persister.walking.spi.MetamodelGraphWalker - Visiting attribute path : likes
17:40:03.048 [main] DEBUG org.hibernate.persister.walking.spi.MetamodelGraphWalker - Visiting attribute path : remarks
17:40:03.048 [main] DEBUG org.hibernate.persister.walking.spi.MetamodelGraphWalker - Visiting attribute path : status
17:40:03.048 [main] DEBUG org.hibernate.persister.walking.spi.MetamodelGraphWalker - Visiting attribute path : userId
17:40:03.048 [main] DEBUG org.hibernate.loader.plan.build.internal.FetchStyleLoadPlanBuildingAssociationVisitationStrategy - Building LoadPlan...
17:40:03.050 [main] DEBUG org.hibernate.loader.plan.exec.internal.LoadQueryJoinAndFetchProcessor - processing queryspace &lt;gen:0&gt;
17:40:03.052 [main] DEBUG org.hibernate.loader.plan.build.spi.LoadPlanTreePrinter - LoadPlan(entity=com.niit.model.Blog)
    - Returns
       - EntityReturnImpl(entity=com.niit.model.Blog, querySpaceUid=&lt;gen:0&gt;, path=com.niit.model.Blog)
    - QuerySpaces
       - EntityQuerySpaceImpl(uid=&lt;gen:0&gt;, entity=com.niit.model.Blog)
          - SQL table alias mapping - blog0_
          - alias suffix - 0_
          - suffixed key columns - {blogId1_0_0_}

17:40:03.052 [main] DEBUG org.hibernate.loader.entity.plan.EntityLoader - Static select for entity com.niit.model.Blog [PESSIMISTIC_FORCE_INCREMENT]: select blog0_.blogId as blogId1_0_0_, blog0_.blogContent as blogCont2_0_0_, blog0_.blogName as blogName3_0_0_, blog0_.createDate as createDa4_0_0_, blog0_.likes as likes5_0_0_, blog0_.remarks as remarks6_0_0_, blog0_.status as status7_0_0_, blog0_.userId as userId8_0_0_ from CBlog blog0_ where blog0_.blogId=? for update
17:40:03.053 [main] DEBUG org.hibernate.loader.plan.build.internal.spaces.QuerySpacesImpl - Adding QuerySpace : uid = &lt;gen:0&gt; -&gt; org.hibernate.loader.plan.build.internal.spaces.EntityQuerySpaceImpl@5c723f2d]
17:40:03.053 [main] DEBUG org.hibernate.persister.walking.spi.MetamodelGraphWalker - Visiting attribute path : blogContent
17:40:03.053 [main] DEBUG org.hibernate.persister.walking.spi.MetamodelGraphWalker - Visiting attribute path : blogName
17:40:03.053 [main] DEBUG org.hibernate.persister.walking.spi.MetamodelGraphWalker - Visiting attribute path : createDate
17:40:03.053 [main] DEBUG org.hibernate.persister.walking.spi.MetamodelGraphWalker - Visiting attribute path : likes
17:40:03.053 [main] DEBUG org.hibernate.persister.walking.spi.MetamodelGraphWalker - Visiting attribute path : remarks
17:40:03.053 [main] DEBUG org.hibernate.persister.walking.spi.MetamodelGraphWalker - Visiting attribute path : status
17:40:03.053 [main] DEBUG org.hibernate.persister.walking.spi.MetamodelGraphWalker - Visiting attribute path : userId
17:40:03.053 [main] DEBUG org.hibernate.loader.plan.build.internal.FetchStyleLoadPlanBuildingAssociationVisitationStrategy - Building LoadPlan...
17:40:03.053 [main] DEBUG org.hibernate.loader.plan.exec.internal.LoadQueryJoinAndFetchProcessor - processing queryspace &lt;gen:0&gt;
17:40:03.054 [main] DEBUG org.hibernate.loader.plan.build.spi.LoadPlanTreePrinter - LoadPlan(entity=com.niit.model.Blog)
    - Returns
       - EntityReturnImpl(entity=com.niit.model.Blog, querySpaceUid=&lt;gen:0&gt;, path=com.niit.model.Blog)
    - QuerySpaces
       - EntityQuerySpaceImpl(uid=&lt;gen:0&gt;, entity=com.niit.model.Blog)
          - SQL table alias mapping - blog0_
          - alias suffix - 0_
          - suffixed key columns - {blogId1_0_0_}

17:40:03.054 [main] DEBUG org.hibernate.loader.entity.plan.EntityLoader - Static select for entity com.niit.model.Blog [OPTIMISTIC]: select blog0_.blogId as blogId1_0_0_, blog0_.blogContent as blogCont2_0_0_, blog0_.blogName as blogName3_0_0_, blog0_.createDate as createDa4_0_0_, blog0_.likes as likes5_0_0_, blog0_.remarks as remarks6_0_0_, blog0_.status as status7_0_0_, blog0_.userId as userId8_0_0_ from CBlog blog0_ where blog0_.blogId=?
17:40:03.054 [main] DEBUG org.hibernate.loader.plan.build.internal.spaces.QuerySpacesImpl - Adding QuerySpace : uid = &lt;gen:0&gt; -&gt; org.hibernate.loader.plan.build.internal.spaces.EntityQuerySpaceImpl@2d7a9786]
17:40:03.054 [main] DEBUG org.hibernate.persister.walking.spi.MetamodelGraphWalker - Visiting attribute path : blogContent
17:40:03.054 [main] DEBUG org.hibernate.persister.walking.spi.MetamodelGraphWalker - Visiting attribute path : blogName
17:40:03.054 [main] DEBUG org.hibernate.persister.walking.spi.MetamodelGraphWalker - Visiting attribute path : createDate
17:40:03.054 [main] DEBUG org.hibernate.persister.walking.spi.MetamodelGraphWalker - Visiting attribute path : likes
17:40:03.054 [main] DEBUG org.hibernate.persister.walking.spi.MetamodelGraphWalker - Visiting attribute path : remarks
17:40:03.055 [main] DEBUG org.hibernate.persister.walking.spi.MetamodelGraphWalker - Visiting attribute path : status
17:40:03.055 [main] DEBUG org.hibernate.persister.walking.spi.MetamodelGraphWalker - Visiting attribute path : userId
17:40:03.055 [main] DEBUG org.hibernate.loader.plan.build.internal.FetchStyleLoadPlanBuildingAssociationVisitationStrategy - Building LoadPlan...
17:40:03.055 [main] DEBUG org.hibernate.loader.plan.exec.internal.LoadQueryJoinAndFetchProcessor - processing queryspace &lt;gen:0&gt;
17:40:03.062 [main] DEBUG org.hibernate.loader.plan.build.spi.LoadPlanTreePrinter - LoadPlan(entity=com.niit.model.Blog)
    - Returns
       - EntityReturnImpl(entity=com.niit.model.Blog, querySpaceUid=&lt;gen:0&gt;, path=com.niit.model.Blog)
    - QuerySpaces
       - EntityQuerySpaceImpl(uid=&lt;gen:0&gt;, entity=com.niit.model.Blog)
          - SQL table alias mapping - blog0_
          - alias suffix - 0_
          - suffixed key columns - {blogId1_0_0_}

17:40:03.063 [main] DEBUG org.hibernate.loader.entity.plan.EntityLoader - Static select for entity com.niit.model.Blog [OPTIMISTIC_FORCE_INCREMENT]: select blog0_.blogId as blogId1_0_0_, blog0_.blogContent as blogCont2_0_0_, blog0_.blogName as blogName3_0_0_, blog0_.createDate as createDa4_0_0_, blog0_.likes as likes5_0_0_, blog0_.remarks as remarks6_0_0_, blog0_.status as status7_0_0_, blog0_.userId as userId8_0_0_ from CBlog blog0_ where blog0_.blogId=?
17:40:03.063 [main] DEBUG org.hibernate.loader.Loader - Static select for action ACTION_MERGE on entity com.niit.model.Blog: select blog0_.blogId as blogId1_0_0_, blog0_.blogContent as blogCont2_0_0_, blog0_.blogName as blogName3_0_0_, blog0_.createDate as createDa4_0_0_, blog0_.likes as likes5_0_0_, blog0_.remarks as remarks6_0_0_, blog0_.status as status7_0_0_, blog0_.userId as userId8_0_0_ from CBlog blog0_ where blog0_.blogId=?
17:40:03.064 [main] DEBUG org.hibernate.loader.Loader - Static select for action ACTION_REFRESH on entity com.niit.model.Blog: select blog0_.blogId as blogId1_0_0_, blog0_.blogContent as blogCont2_0_0_, blog0_.blogName as blogName3_0_0_, blog0_.createDate as createDa4_0_0_, blog0_.likes as likes5_0_0_, blog0_.remarks as remarks6_0_0_, blog0_.status as status7_0_0_, blog0_.userId as userId8_0_0_ from CBlog blog0_ where blog0_.blogId=?
17:40:03.064 [main] DEBUG org.hibernate.persister.entity.AbstractEntityPersister - Static SQL for entity: com.niit.model.JobApplied
17:40:03.064 [main] DEBUG org.hibernate.persister.entity.AbstractEntityPersister -  Version select: select jobAppliedId from CJobApplied where jobAppliedId =?
17:40:03.064 [main] DEBUG org.hibernate.persister.entity.AbstractEntityPersister -  Snapshot select: select jobapplied_.jobAppliedId, jobapplied_.dateApplied as dateAppl2_6_, jobapplied_.jobId as jobId3_6_, jobapplied_.remarks as remarks4_6_, jobapplied_.status as status5_6_, jobapplied_.userId as userId6_6_ from CJobApplied jobapplied_ where jobapplied_.jobAppliedId=?
17:40:03.064 [main] DEBUG org.hibernate.persister.entity.AbstractEntityPersister -  Insert 0: insert into CJobApplied (dateApplied, jobId, remarks, status, userId, jobAppliedId) values (?, ?, ?, ?, ?, ?)
17:40:03.064 [main] DEBUG org.hibernate.persister.entity.AbstractEntityPersister -  Update 0: update CJobApplied set dateApplied=?, jobId=?, remarks=?, status=?, userId=? where jobAppliedId=?
17:40:03.064 [main] DEBUG org.hibernate.persister.entity.AbstractEntityPersister -  Delete 0: delete from CJobApplied where jobAppliedId=?
17:40:03.064 [main] DEBUG org.hibernate.loader.plan.build.internal.spaces.QuerySpacesImpl - Adding QuerySpace : uid = &lt;gen:0&gt; -&gt; org.hibernate.loader.plan.build.internal.spaces.EntityQuerySpaceImpl@366d8b97]
17:40:03.064 [main] DEBUG org.hibernate.persister.walking.spi.MetamodelGraphWalker - Visiting attribute path : dateApplied
17:40:03.064 [main] DEBUG org.hibernate.persister.walking.spi.MetamodelGraphWalker - Visiting attribute path : jobId
17:40:03.064 [main] DEBUG org.hibernate.persister.walking.spi.MetamodelGraphWalker - Visiting attribute path : remarks
17:40:03.064 [main] DEBUG org.hibernate.persister.walking.spi.MetamodelGraphWalker - Visiting attribute path : status
17:40:03.064 [main] DEBUG org.hibernate.persister.walking.spi.MetamodelGraphWalker - Visiting attribute path : userId
17:40:03.065 [main] DEBUG org.hibernate.loader.plan.build.internal.FetchStyleLoadPlanBuildingAssociationVisitationStrategy - Building LoadPlan...
17:40:03.065 [main] DEBUG org.hibernate.loader.plan.exec.internal.LoadQueryJoinAndFetchProcessor - processing queryspace &lt;gen:0&gt;
17:40:03.065 [main] DEBUG org.hibernate.loader.plan.build.spi.LoadPlanTreePrinter - LoadPlan(entity=com.niit.model.JobApplied)
    - Returns
       - EntityReturnImpl(entity=com.niit.model.JobApplied, querySpaceUid=&lt;gen:0&gt;, path=com.niit.model.JobApplied)
    - QuerySpaces
       - EntityQuerySpaceImpl(uid=&lt;gen:0&gt;, entity=com.niit.model.JobApplied)
          - SQL table alias mapping - jobapplied0_
          - alias suffix - 0_
          - suffixed key columns - {jobAppli1_6_0_}

17:40:03.065 [main] DEBUG org.hibernate.loader.entity.plan.EntityLoader - Static select for entity com.niit.model.JobApplied [NONE]: select jobapplied0_.jobAppliedId as jobAppli1_6_0_, jobapplied0_.dateApplied as dateAppl2_6_0_, jobapplied0_.jobId as jobId3_6_0_, jobapplied0_.remarks as remarks4_6_0_, jobapplied0_.status as status5_6_0_, jobapplied0_.userId as userId6_6_0_ from CJobApplied jobapplied0_ where jobapplied0_.jobAppliedId=?
17:40:03.065 [main] DEBUG org.hibernate.loader.plan.build.internal.spaces.QuerySpacesImpl - Adding QuerySpace : uid = &lt;gen:0&gt; -&gt; org.hibernate.loader.plan.build.internal.spaces.EntityQuerySpaceImpl@7654f833]
17:40:03.065 [main] DEBUG org.hibernate.persister.walking.spi.MetamodelGraphWalker - Visiting attribute path : dateApplied
17:40:03.065 [main] DEBUG org.hibernate.persister.walking.spi.MetamodelGraphWalker - Visiting attribute path : jobId
17:40:03.065 [main] DEBUG org.hibernate.persister.walking.spi.MetamodelGraphWalker - Visiting attribute path : remarks
17:40:03.065 [main] DEBUG org.hibernate.persister.walking.spi.MetamodelGraphWalker - Visiting attribute path : status
17:40:03.065 [main] DEBUG org.hibernate.persister.walking.spi.MetamodelGraphWalker - Visiting attribute path : userId
17:40:03.065 [main] DEBUG org.hibernate.loader.plan.build.internal.FetchStyleLoadPlanBuildingAssociationVisitationStrategy - Building LoadPlan...
17:40:03.065 [main] DEBUG org.hibernate.loader.plan.exec.internal.LoadQueryJoinAndFetchProcessor - processing queryspace &lt;gen:0&gt;
17:40:03.066 [main] DEBUG org.hibernate.loader.plan.build.spi.LoadPlanTreePrinter - LoadPlan(entity=com.niit.model.JobApplied)
    - Returns
       - EntityReturnImpl(entity=com.niit.model.JobApplied, querySpaceUid=&lt;gen:0&gt;, path=com.niit.model.JobApplied)
    - QuerySpaces
       - EntityQuerySpaceImpl(uid=&lt;gen:0&gt;, entity=com.niit.model.JobApplied)
          - SQL table alias mapping - jobapplied0_
          - alias suffix - 0_
          - suffixed key columns - {jobAppli1_6_0_}

17:40:03.066 [main] DEBUG org.hibernate.loader.entity.plan.EntityLoader - Static select for entity com.niit.model.JobApplied [READ]: select jobapplied0_.jobAppliedId as jobAppli1_6_0_, jobapplied0_.dateApplied as dateAppl2_6_0_, jobapplied0_.jobId as jobId3_6_0_, jobapplied0_.remarks as remarks4_6_0_, jobapplied0_.status as status5_6_0_, jobapplied0_.userId as userId6_6_0_ from CJobApplied jobapplied0_ where jobapplied0_.jobAppliedId=?
17:40:03.066 [main] DEBUG org.hibernate.loader.plan.build.internal.spaces.QuerySpacesImpl - Adding QuerySpace : uid = &lt;gen:0&gt; -&gt; org.hibernate.loader.plan.build.internal.spaces.EntityQuerySpaceImpl@d7109be]
17:40:03.066 [main] DEBUG org.hibernate.persister.walking.spi.MetamodelGraphWalker - Visiting attribute path : dateApplied
17:40:03.066 [main] DEBUG org.hibernate.persister.walking.spi.MetamodelGraphWalker - Visiting attribute path : jobId
17:40:03.066 [main] DEBUG org.hibernate.persister.walking.spi.MetamodelGraphWalker - Visiting attribute path : remarks
17:40:03.066 [main] DEBUG org.hibernate.persister.walking.spi.MetamodelGraphWalker - Visiting attribute path : status
17:40:03.066 [main] DEBUG org.hibernate.persister.walking.spi.MetamodelGraphWalker - Visiting attribute path : userId
17:40:03.066 [main] DEBUG org.hibernate.loader.plan.build.internal.FetchStyleLoadPlanBuildingAssociationVisitationStrategy - Building LoadPlan...
17:40:03.066 [main] DEBUG org.hibernate.loader.plan.exec.internal.LoadQueryJoinAndFetchProcessor - processing queryspace &lt;gen:0&gt;
17:40:03.067 [main] DEBUG org.hibernate.loader.plan.build.spi.LoadPlanTreePrinter - LoadPlan(entity=com.niit.model.JobApplied)
    - Returns
       - EntityReturnImpl(entity=com.niit.model.JobApplied, querySpaceUid=&lt;gen:0&gt;, path=com.niit.model.JobApplied)
    - QuerySpaces
       - EntityQuerySpaceImpl(uid=&lt;gen:0&gt;, entity=com.niit.model.JobApplied)
          - SQL table alias mapping - jobapplied0_
          - alias suffix - 0_
          - suffixed key columns - {jobAppli1_6_0_}

17:40:03.067 [main] DEBUG org.hibernate.loader.entity.plan.EntityLoader - Static select for entity com.niit.model.JobApplied [UPGRADE]: select jobapplied0_.jobAppliedId as jobAppli1_6_0_, jobapplied0_.dateApplied as dateAppl2_6_0_, jobapplied0_.jobId as jobId3_6_0_, jobapplied0_.remarks as remarks4_6_0_, jobapplied0_.status as status5_6_0_, jobapplied0_.userId as userId6_6_0_ from CJobApplied jobapplied0_ where jobapplied0_.jobAppliedId=? for update
17:40:03.067 [main] DEBUG org.hibernate.loader.plan.build.internal.spaces.QuerySpacesImpl - Adding QuerySpace : uid = &lt;gen:0&gt; -&gt; org.hibernate.loader.plan.build.internal.spaces.EntityQuerySpaceImpl@f4a3a8d]
17:40:03.067 [main] DEBUG org.hibernate.persister.walking.spi.MetamodelGraphWalker - Visiting attribute path : dateApplied
17:40:03.067 [main] DEBUG org.hibernate.persister.walking.spi.MetamodelGraphWalker - Visiting attribute path : jobId
17:40:03.067 [main] DEBUG org.hibernate.persister.walking.spi.MetamodelGraphWalker - Visiting attribute path : remarks
17:40:03.067 [main] DEBUG org.hibernate.persister.walking.spi.MetamodelGraphWalker - Visiting attribute path : status
17:40:03.068 [main] DEBUG org.hibernate.persister.walking.spi.MetamodelGraphWalker - Visiting attribute path : userId
17:40:03.068 [main] DEBUG org.hibernate.loader.plan.build.internal.FetchStyleLoadPlanBuildingAssociationVisitationStrategy - Building LoadPlan...
17:40:03.068 [main] DEBUG org.hibernate.loader.plan.exec.internal.LoadQueryJoinAndFetchProcessor - processing queryspace &lt;gen:0&gt;
17:40:03.068 [main] DEBUG org.hibernate.loader.plan.build.spi.LoadPlanTreePrinter - LoadPlan(entity=com.niit.model.JobApplied)
    - Returns
       - EntityReturnImpl(entity=com.niit.model.JobApplied, querySpaceUid=&lt;gen:0&gt;, path=com.niit.model.JobApplied)
    - QuerySpaces
       - EntityQuerySpaceImpl(uid=&lt;gen:0&gt;, entity=com.niit.model.JobApplied)
          - SQL table alias mapping - jobapplied0_
          - alias suffix - 0_
          - suffixed key columns - {jobAppli1_6_0_}

17:40:03.068 [main] DEBUG org.hibernate.loader.entity.plan.EntityLoader - Static select for entity com.niit.model.JobApplied [UPGRADE_NOWAIT]: select jobapplied0_.jobAppliedId as jobAppli1_6_0_, jobapplied0_.dateApplied as dateAppl2_6_0_, jobapplied0_.jobId as jobId3_6_0_, jobapplied0_.remarks as remarks4_6_0_, jobapplied0_.status as status5_6_0_, jobapplied0_.userId as userId6_6_0_ from CJobApplied jobapplied0_ where jobapplied0_.jobAppliedId=? for update
17:40:03.068 [main] DEBUG org.hibernate.loader.plan.build.internal.spaces.QuerySpacesImpl - Adding QuerySpace : uid = &lt;gen:0&gt; -&gt; org.hibernate.loader.plan.build.internal.spaces.EntityQuerySpaceImpl@d613308]
17:40:03.068 [main] DEBUG org.hibernate.persister.walking.spi.MetamodelGraphWalker - Visiting attribute path : dateApplied
17:40:03.068 [main] DEBUG org.hibernate.persister.walking.spi.MetamodelGraphWalker - Visiting attribute path : jobId
17:40:03.068 [main] DEBUG org.hibernate.persister.walking.spi.MetamodelGraphWalker - Visiting attribute path : remarks
17:40:03.068 [main] DEBUG org.hibernate.persister.walking.spi.MetamodelGraphWalker - Visiting attribute path : status
17:40:03.068 [main] DEBUG org.hibernate.persister.walking.spi.MetamodelGraphWalker - Visiting attribute path : userId
17:40:03.068 [main] DEBUG org.hibernate.loader.plan.build.internal.FetchStyleLoadPlanBuildingAssociationVisitationStrategy - Building LoadPlan...
17:40:03.069 [main] DEBUG org.hibernate.loader.plan.exec.internal.LoadQueryJoinAndFetchProcessor - processing queryspace &lt;gen:0&gt;
17:40:03.069 [main] DEBUG org.hibernate.loader.plan.build.spi.LoadPlanTreePrinter - LoadPlan(entity=com.niit.model.JobApplied)
    - Returns
       - EntityReturnImpl(entity=com.niit.model.JobApplied, querySpaceUid=&lt;gen:0&gt;, path=com.niit.model.JobApplied)
    - QuerySpaces
       - EntityQuerySpaceImpl(uid=&lt;gen:0&gt;, entity=com.niit.model.JobApplied)
          - SQL table alias mapping - jobapplied0_
          - alias suffix - 0_
          - suffixed key columns - {jobAppli1_6_0_}

17:40:03.069 [main] DEBUG org.hibernate.loader.entity.plan.EntityLoader - Static select for entity com.niit.model.JobApplied [UPGRADE_SKIPLOCKED]: select jobapplied0_.jobAppliedId as jobAppli1_6_0_, jobapplied0_.dateApplied as dateAppl2_6_0_, jobapplied0_.jobId as jobId3_6_0_, jobapplied0_.remarks as remarks4_6_0_, jobapplied0_.status as status5_6_0_, jobapplied0_.userId as userId6_6_0_ from CJobApplied jobapplied0_ where jobapplied0_.jobAppliedId=? for update
17:40:03.069 [main] DEBUG org.hibernate.loader.plan.build.internal.spaces.QuerySpacesImpl - Adding QuerySpace : uid = &lt;gen:0&gt; -&gt; org.hibernate.loader.plan.build.internal.spaces.EntityQuerySpaceImpl@7b27e8f4]
17:40:03.069 [main] DEBUG org.hibernate.persister.walking.spi.MetamodelGraphWalker - Visiting attribute path : dateApplied
17:40:03.070 [main] DEBUG org.hibernate.persister.walking.spi.MetamodelGraphWalker - Visiting attribute path : jobId
17:40:03.071 [main] DEBUG org.hibernate.persister.walking.spi.MetamodelGraphWalker - Visiting attribute path : remarks
17:40:03.071 [main] DEBUG org.hibernate.persister.walking.spi.MetamodelGraphWalker - Visiting attribute path : status
17:40:03.071 [main] DEBUG org.hibernate.persister.walking.spi.MetamodelGraphWalker - Visiting attribute path : userId
17:40:03.072 [main] DEBUG org.hibernate.loader.plan.build.internal.FetchStyleLoadPlanBuildingAssociationVisitationStrategy - Building LoadPlan...
17:40:03.072 [main] DEBUG org.hibernate.loader.plan.exec.internal.LoadQueryJoinAndFetchProcessor - processing queryspace &lt;gen:0&gt;
17:40:03.072 [main] DEBUG org.hibernate.loader.plan.build.spi.LoadPlanTreePrinter - LoadPlan(entity=com.niit.model.JobApplied)
    - Returns
       - EntityReturnImpl(entity=com.niit.model.JobApplied, querySpaceUid=&lt;gen:0&gt;, path=com.niit.model.JobApplied)
    - QuerySpaces
       - EntityQuerySpaceImpl(uid=&lt;gen:0&gt;, entity=com.niit.model.JobApplied)
          - SQL table alias mapping - jobapplied0_
          - alias suffix - 0_
          - suffixed key columns - {jobAppli1_6_0_}

17:40:03.072 [main] DEBUG org.hibernate.loader.entity.plan.EntityLoader - Static select for entity com.niit.model.JobApplied [FORCE]: select jobapplied0_.jobAppliedId as jobAppli1_6_0_, jobapplied0_.dateApplied as dateAppl2_6_0_, jobapplied0_.jobId as jobId3_6_0_, jobapplied0_.remarks as remarks4_6_0_, jobapplied0_.status as status5_6_0_, jobapplied0_.userId as userId6_6_0_ from CJobApplied jobapplied0_ where jobapplied0_.jobAppliedId=? for update
17:40:03.072 [main] DEBUG org.hibernate.loader.plan.build.internal.spaces.QuerySpacesImpl - Adding QuerySpace : uid = &lt;gen:0&gt; -&gt; org.hibernate.loader.plan.build.internal.spaces.EntityQuerySpaceImpl@30f74e79]
17:40:03.074 [main] DEBUG org.hibernate.persister.walking.spi.MetamodelGraphWalker - Visiting attribute path : dateApplied
17:40:03.075 [main] DEBUG org.hibernate.persister.walking.spi.MetamodelGraphWalker - Visiting attribute path : jobId
17:40:03.075 [main] DEBUG org.hibernate.persister.walking.spi.MetamodelGraphWalker - Visiting attribute path : remarks
17:40:03.075 [main] DEBUG org.hibernate.persister.walking.spi.MetamodelGraphWalker - Visiting attribute path : status
17:40:03.075 [main] DEBUG org.hibernate.persister.walking.spi.MetamodelGraphWalker - Visiting attribute path : userId
17:40:03.075 [main] DEBUG org.hibernate.loader.plan.build.internal.FetchStyleLoadPlanBuildingAssociationVisitationStrategy - Building LoadPlan...
17:40:03.076 [main] DEBUG org.hibernate.loader.plan.exec.internal.LoadQueryJoinAndFetchProcessor - processing queryspace &lt;gen:0&gt;
17:40:03.077 [main] DEBUG org.hibernate.loader.plan.build.spi.LoadPlanTreePrinter - LoadPlan(entity=com.niit.model.JobApplied)
    - Returns
       - EntityReturnImpl(entity=com.niit.model.JobApplied, querySpaceUid=&lt;gen:0&gt;, path=com.niit.model.JobApplied)
    - QuerySpaces
       - EntityQuerySpaceImpl(uid=&lt;gen:0&gt;, entity=com.niit.model.JobApplied)
          - SQL table alias mapping - jobapplied0_
          - alias suffix - 0_
          - suffixed key columns - {jobAppli1_6_0_}

17:40:03.077 [main] DEBUG org.hibernate.loader.entity.plan.EntityLoader - Static select for entity com.niit.model.JobApplied [PESSIMISTIC_READ]: select jobapplied0_.jobAppliedId as jobAppli1_6_0_, jobapplied0_.dateApplied as dateAppl2_6_0_, jobapplied0_.jobId as jobId3_6_0_, jobapplied0_.remarks as remarks4_6_0_, jobapplied0_.status as status5_6_0_, jobapplied0_.userId as userId6_6_0_ from CJobApplied jobapplied0_ where jobapplied0_.jobAppliedId=? for update
17:40:03.077 [main] DEBUG org.hibernate.loader.plan.build.internal.spaces.QuerySpacesImpl - Adding QuerySpace : uid = &lt;gen:0&gt; -&gt; org.hibernate.loader.plan.build.internal.spaces.EntityQuerySpaceImpl@68ac9ec5]
17:40:03.077 [main] DEBUG org.hibernate.persister.walking.spi.MetamodelGraphWalker - Visiting attribute path : dateApplied
17:40:03.077 [main] DEBUG org.hibernate.persister.walking.spi.MetamodelGraphWalker - Visiting attribute path : jobId
17:40:03.077 [main] DEBUG org.hibernate.persister.walking.spi.MetamodelGraphWalker - Visiting attribute path : remarks
17:40:03.077 [main] DEBUG org.hibernate.persister.walking.spi.MetamodelGraphWalker - Visiting attribute path : status
17:40:03.077 [main] DEBUG org.hibernate.persister.walking.spi.MetamodelGraphWalker - Visiting attribute path : userId
17:40:03.077 [main] DEBUG org.hibernate.loader.plan.build.internal.FetchStyleLoadPlanBuildingAssociationVisitationStrategy - Building LoadPlan...
17:40:03.078 [main] DEBUG org.hibernate.loader.plan.exec.internal.LoadQueryJoinAndFetchProcessor - processing queryspace &lt;gen:0&gt;
17:40:03.078 [main] DEBUG org.hibernate.loader.plan.build.spi.LoadPlanTreePrinter - LoadPlan(entity=com.niit.model.JobApplied)
    - Returns
       - EntityReturnImpl(entity=com.niit.model.JobApplied, querySpaceUid=&lt;gen:0&gt;, path=com.niit.model.JobApplied)
    - QuerySpaces
       - EntityQuerySpaceImpl(uid=&lt;gen:0&gt;, entity=com.niit.model.JobApplied)
          - SQL table alias mapping - jobapplied0_
          - alias suffix - 0_
          - suffixed key columns - {jobAppli1_6_0_}

17:40:03.078 [main] DEBUG org.hibernate.loader.entity.plan.EntityLoader - Static select for entity com.niit.model.JobApplied [PESSIMISTIC_WRITE]: select jobapplied0_.jobAppliedId as jobAppli1_6_0_, jobapplied0_.dateApplied as dateAppl2_6_0_, jobapplied0_.jobId as jobId3_6_0_, jobapplied0_.remarks as remarks4_6_0_, jobapplied0_.status as status5_6_0_, jobapplied0_.userId as userId6_6_0_ from CJobApplied jobapplied0_ where jobapplied0_.jobAppliedId=? for update
17:40:03.078 [main] DEBUG org.hibernate.loader.plan.build.internal.spaces.QuerySpacesImpl - Adding QuerySpace : uid = &lt;gen:0&gt; -&gt; org.hibernate.loader.plan.build.internal.spaces.EntityQuerySpaceImpl@5ed4bc]
17:40:03.078 [main] DEBUG org.hibernate.persister.walking.spi.MetamodelGraphWalker - Visiting attribute path : dateApplied
17:40:03.079 [main] DEBUG org.hibernate.persister.walking.spi.MetamodelGraphWalker - Visiting attribute path : jobId
17:40:03.079 [main] DEBUG org.hibernate.persister.walking.spi.MetamodelGraphWalker - Visiting attribute path : remarks
17:40:03.079 [main] DEBUG org.hibernate.persister.walking.spi.MetamodelGraphWalker - Visiting attribute path : status
17:40:03.079 [main] DEBUG org.hibernate.persister.walking.spi.MetamodelGraphWalker - Visiting attribute path : userId
17:40:03.079 [main] DEBUG org.hibernate.loader.plan.build.internal.FetchStyleLoadPlanBuildingAssociationVisitationStrategy - Building LoadPlan...
17:40:03.079 [main] DEBUG org.hibernate.loader.plan.exec.internal.LoadQueryJoinAndFetchProcessor - processing queryspace &lt;gen:0&gt;
17:40:03.080 [main] DEBUG org.hibernate.loader.plan.build.spi.LoadPlanTreePrinter - LoadPlan(entity=com.niit.model.JobApplied)
    - Returns
       - EntityReturnImpl(entity=com.niit.model.JobApplied, querySpaceUid=&lt;gen:0&gt;, path=com.niit.model.JobApplied)
    - QuerySpaces
       - EntityQuerySpaceImpl(uid=&lt;gen:0&gt;, entity=com.niit.model.JobApplied)
          - SQL table alias mapping - jobapplied0_
          - alias suffix - 0_
          - suffixed key columns - {jobAppli1_6_0_}

17:40:03.080 [main] DEBUG org.hibernate.loader.entity.plan.EntityLoader - Static select for entity com.niit.model.JobApplied [PESSIMISTIC_FORCE_INCREMENT]: select jobapplied0_.jobAppliedId as jobAppli1_6_0_, jobapplied0_.dateApplied as dateAppl2_6_0_, jobapplied0_.jobId as jobId3_6_0_, jobapplied0_.remarks as remarks4_6_0_, jobapplied0_.status as status5_6_0_, jobapplied0_.userId as userId6_6_0_ from CJobApplied jobapplied0_ where jobapplied0_.jobAppliedId=? for update
17:40:03.080 [main] DEBUG org.hibernate.loader.plan.build.internal.spaces.QuerySpacesImpl - Adding QuerySpace : uid = &lt;gen:0&gt; -&gt; org.hibernate.loader.plan.build.internal.spaces.EntityQuerySpaceImpl@65f651eb]
17:40:03.080 [main] DEBUG org.hibernate.persister.walking.spi.MetamodelGraphWalker - Visiting attribute path : dateApplied
17:40:03.080 [main] DEBUG org.hibernate.persister.walking.spi.MetamodelGraphWalker - Visiting attribute path : jobId
17:40:03.081 [main] DEBUG org.hibernate.persister.walking.spi.MetamodelGraphWalker - Visiting attribute path : remarks
17:40:03.081 [main] DEBUG org.hibernate.persister.walking.spi.MetamodelGraphWalker - Visiting attribute path : status
17:40:03.081 [main] DEBUG org.hibernate.persister.walking.spi.MetamodelGraphWalker - Visiting attribute path : userId
17:40:03.081 [main] DEBUG org.hibernate.loader.plan.build.internal.FetchStyleLoadPlanBuildingAssociationVisitationStrategy - Building LoadPlan...
17:40:03.081 [main] DEBUG org.hibernate.loader.plan.exec.internal.LoadQueryJoinAndFetchProcessor - processing queryspace &lt;gen:0&gt;
17:40:03.082 [main] DEBUG org.hibernate.loader.plan.build.spi.LoadPlanTreePrinter - LoadPlan(entity=com.niit.model.JobApplied)
    - Returns
       - EntityReturnImpl(entity=com.niit.model.JobApplied, querySpaceUid=&lt;gen:0&gt;, path=com.niit.model.JobApplied)
    - QuerySpaces
       - EntityQuerySpaceImpl(uid=&lt;gen:0&gt;, entity=com.niit.model.JobApplied)
          - SQL table alias mapping - jobapplied0_
          - alias suffix - 0_
          - suffixed key columns - {jobAppli1_6_0_}

17:40:03.082 [main] DEBUG org.hibernate.loader.entity.plan.EntityLoader - Static select for entity com.niit.model.JobApplied [OPTIMISTIC]: select jobapplied0_.jobAppliedId as jobAppli1_6_0_, jobapplied0_.dateApplied as dateAppl2_6_0_, jobapplied0_.jobId as jobId3_6_0_, jobapplied0_.remarks as remarks4_6_0_, jobapplied0_.status as status5_6_0_, jobapplied0_.userId as userId6_6_0_ from CJobApplied jobapplied0_ where jobapplied0_.jobAppliedId=?
17:40:03.082 [main] DEBUG org.hibernate.loader.plan.build.internal.spaces.QuerySpacesImpl - Adding QuerySpace : uid = &lt;gen:0&gt; -&gt; org.hibernate.loader.plan.build.internal.spaces.EntityQuerySpaceImpl@1f1ff879]
17:40:03.082 [main] DEBUG org.hibernate.persister.walking.spi.MetamodelGraphWalker - Visiting attribute path : dateApplied
17:40:03.082 [main] DEBUG org.hibernate.persister.walking.spi.MetamodelGraphWalker - Visiting attribute path : jobId
17:40:03.082 [main] DEBUG org.hibernate.persister.walking.spi.MetamodelGraphWalker - Visiting attribute path : remarks
17:40:03.082 [main] DEBUG org.hibernate.persister.walking.spi.MetamodelGraphWalker - Visiting attribute path : status
17:40:03.082 [main] DEBUG org.hibernate.persister.walking.spi.MetamodelGraphWalker - Visiting attribute path : userId
17:40:03.083 [main] DEBUG org.hibernate.loader.plan.build.internal.FetchStyleLoadPlanBuildingAssociationVisitationStrategy - Building LoadPlan...
17:40:03.083 [main] DEBUG org.hibernate.loader.plan.exec.internal.LoadQueryJoinAndFetchProcessor - processing queryspace &lt;gen:0&gt;
17:40:03.083 [main] DEBUG org.hibernate.loader.plan.build.spi.LoadPlanTreePrinter - LoadPlan(entity=com.niit.model.JobApplied)
    - Returns
       - EntityReturnImpl(entity=com.niit.model.JobApplied, querySpaceUid=&lt;gen:0&gt;, path=com.niit.model.JobApplied)
    - QuerySpaces
       - EntityQuerySpaceImpl(uid=&lt;gen:0&gt;, entity=com.niit.model.JobApplied)
          - SQL table alias mapping - jobapplied0_
          - alias suffix - 0_
          - suffixed key columns - {jobAppli1_6_0_}

17:40:03.083 [main] DEBUG org.hibernate.loader.entity.plan.EntityLoader - Static select for entity com.niit.model.JobApplied [OPTIMISTIC_FORCE_INCREMENT]: select jobapplied0_.jobAppliedId as jobAppli1_6_0_, jobapplied0_.dateApplied as dateAppl2_6_0_, jobapplied0_.jobId as jobId3_6_0_, jobapplied0_.remarks as remarks4_6_0_, jobapplied0_.status as status5_6_0_, jobapplied0_.userId as userId6_6_0_ from CJobApplied jobapplied0_ where jobapplied0_.jobAppliedId=?
17:40:03.085 [main] DEBUG org.hibernate.loader.Loader - Static select for action ACTION_MERGE on entity com.niit.model.JobApplied: select jobapplied0_.jobAppliedId as jobAppli1_6_0_, jobapplied0_.dateApplied as dateAppl2_6_0_, jobapplied0_.jobId as jobId3_6_0_, jobapplied0_.remarks as remarks4_6_0_, jobapplied0_.status as status5_6_0_, jobapplied0_.userId as userId6_6_0_ from CJobApplied jobapplied0_ where jobapplied0_.jobAppliedId=?
17:40:03.086 [main] DEBUG org.hibernate.loader.Loader - Static select for action ACTION_REFRESH on entity com.niit.model.JobApplied: select jobapplied0_.jobAppliedId as jobAppli1_6_0_, jobapplied0_.dateApplied as dateAppl2_6_0_, jobapplied0_.jobId as jobId3_6_0_, jobapplied0_.remarks as remarks4_6_0_, jobapplied0_.status as status5_6_0_, jobapplied0_.userId as userId6_6_0_ from CJobApplied jobapplied0_ where jobapplied0_.jobAppliedId=?
17:40:03.087 [main] DEBUG org.hibernate.persister.entity.AbstractEntityPersister - Static SQL for entity: com.niit.model.ForumComment
17:40:03.087 [main] DEBUG org.hibernate.persister.entity.AbstractEntityPersister -  Version select: select forumCommentId from CForumComment where forumCommentId =?
17:40:03.087 [main] DEBUG org.hibernate.persister.entity.AbstractEntityPersister -  Snapshot select: select forumcomme_.forumCommentId, forumcomme_.commentDate as commentD2_3_, forumcomme_.forumComment as forumCom3_3_, forumcomme_.forumId as forumId4_3_, forumcomme_.userId as userId5_3_, forumcomme_.username as username6_3_ from CForumComment forumcomme_ where forumcomme_.forumCommentId=?
17:40:03.087 [main] DEBUG org.hibernate.persister.entity.AbstractEntityPersister -  Insert 0: insert into CForumComment (commentDate, forumComment, forumId, userId, username, forumCommentId) values (?, ?, ?, ?, ?, ?)
17:40:03.087 [main] DEBUG org.hibernate.persister.entity.AbstractEntityPersister -  Update 0: update CForumComment set commentDate=?, forumComment=?, forumId=?, userId=?, username=? where forumCommentId=?
17:40:03.087 [main] DEBUG org.hibernate.persister.entity.AbstractEntityPersister -  Delete 0: delete from CForumComment where forumCommentId=?
17:40:03.087 [main] DEBUG org.hibernate.loader.plan.build.internal.spaces.QuerySpacesImpl - Adding QuerySpace : uid = &lt;gen:0&gt; -&gt; org.hibernate.loader.plan.build.internal.spaces.EntityQuerySpaceImpl@24f870ee]
17:40:03.087 [main] DEBUG org.hibernate.persister.walking.spi.MetamodelGraphWalker - Visiting attribute path : commentDate
17:40:03.087 [main] DEBUG org.hibernate.persister.walking.spi.MetamodelGraphWalker - Visiting attribute path : forumComment
17:40:03.087 [main] DEBUG org.hibernate.persister.walking.spi.MetamodelGraphWalker - Visiting attribute path : forumId
17:40:03.087 [main] DEBUG org.hibernate.persister.walking.spi.MetamodelGraphWalker - Visiting attribute path : userId
17:40:03.087 [main] DEBUG org.hibernate.persister.walking.spi.MetamodelGraphWalker - Visiting attribute path : username
17:40:03.087 [main] DEBUG org.hibernate.loader.plan.build.internal.FetchStyleLoadPlanBuildingAssociationVisitationStrategy - Building LoadPlan...
17:40:03.087 [main] DEBUG org.hibernate.loader.plan.exec.internal.LoadQueryJoinAndFetchProcessor - processing queryspace &lt;gen:0&gt;
17:40:03.088 [main] DEBUG org.hibernate.loader.plan.build.spi.LoadPlanTreePrinter - LoadPlan(entity=com.niit.model.ForumComment)
    - Returns
       - EntityReturnImpl(entity=com.niit.model.ForumComment, querySpaceUid=&lt;gen:0&gt;, path=com.niit.model.ForumComment)
    - QuerySpaces
       - EntityQuerySpaceImpl(uid=&lt;gen:0&gt;, entity=com.niit.model.ForumComment)
          - SQL table alias mapping - forumcomme0_
          - alias suffix - 0_
          - suffixed key columns - {forumCom1_3_0_}

17:40:03.088 [main] DEBUG org.hibernate.loader.entity.plan.EntityLoader - Static select for entity com.niit.model.ForumComment [NONE]: select forumcomme0_.forumCommentId as forumCom1_3_0_, forumcomme0_.commentDate as commentD2_3_0_, forumcomme0_.forumComment as forumCom3_3_0_, forumcomme0_.forumId as forumId4_3_0_, forumcomme0_.userId as userId5_3_0_, forumcomme0_.username as username6_3_0_ from CForumComment forumcomme0_ where forumcomme0_.forumCommentId=?
17:40:03.088 [main] DEBUG org.hibernate.loader.plan.build.internal.spaces.QuerySpacesImpl - Adding QuerySpace : uid = &lt;gen:0&gt; -&gt; org.hibernate.loader.plan.build.internal.spaces.EntityQuerySpaceImpl@3c78e551]
17:40:03.088 [main] DEBUG org.hibernate.persister.walking.spi.MetamodelGraphWalker - Visiting attribute path : commentDate
17:40:03.088 [main] DEBUG org.hibernate.persister.walking.spi.MetamodelGraphWalker - Visiting attribute path : forumComment
17:40:03.088 [main] DEBUG org.hibernate.persister.walking.spi.MetamodelGraphWalker - Visiting attribute path : forumId
17:40:03.088 [main] DEBUG org.hibernate.persister.walking.spi.MetamodelGraphWalker - Visiting attribute path : userId
17:40:03.088 [main] DEBUG org.hibernate.persister.walking.spi.MetamodelGraphWalker - Visiting attribute path : username
17:40:03.088 [main] DEBUG org.hibernate.loader.plan.build.internal.FetchStyleLoadPlanBuildingAssociationVisitationStrategy - Building LoadPlan...
17:40:03.088 [main] DEBUG org.hibernate.loader.plan.exec.internal.LoadQueryJoinAndFetchProcessor - processing queryspace &lt;gen:0&gt;
17:40:03.088 [main] DEBUG org.hibernate.loader.plan.build.spi.LoadPlanTreePrinter - LoadPlan(entity=com.niit.model.ForumComment)
    - Returns
       - EntityReturnImpl(entity=com.niit.model.ForumComment, querySpaceUid=&lt;gen:0&gt;, path=com.niit.model.ForumComment)
    - QuerySpaces
       - EntityQuerySpaceImpl(uid=&lt;gen:0&gt;, entity=com.niit.model.ForumComment)
          - SQL table alias mapping - forumcomme0_
          - alias suffix - 0_
          - suffixed key columns - {forumCom1_3_0_}

17:40:03.088 [main] DEBUG org.hibernate.loader.entity.plan.EntityLoader - Static select for entity com.niit.model.ForumComment [READ]: select forumcomme0_.forumCommentId as forumCom1_3_0_, forumcomme0_.commentDate as commentD2_3_0_, forumcomme0_.forumComment as forumCom3_3_0_, forumcomme0_.forumId as forumId4_3_0_, forumcomme0_.userId as userId5_3_0_, forumcomme0_.username as username6_3_0_ from CForumComment forumcomme0_ where forumcomme0_.forumCommentId=?
17:40:03.088 [main] DEBUG org.hibernate.loader.plan.build.internal.spaces.QuerySpacesImpl - Adding QuerySpace : uid = &lt;gen:0&gt; -&gt; org.hibernate.loader.plan.build.internal.spaces.EntityQuerySpaceImpl@1886991b]
17:40:03.088 [main] DEBUG org.hibernate.persister.walking.spi.MetamodelGraphWalker - Visiting attribute path : commentDate
17:40:03.089 [main] DEBUG org.hibernate.persister.walking.spi.MetamodelGraphWalker - Visiting attribute path : forumComment
17:40:03.089 [main] DEBUG org.hibernate.persister.walking.spi.MetamodelGraphWalker - Visiting attribute path : forumId
17:40:03.089 [main] DEBUG org.hibernate.persister.walking.spi.MetamodelGraphWalker - Visiting attribute path : userId
17:40:03.089 [main] DEBUG org.hibernate.persister.walking.spi.MetamodelGraphWalker - Visiting attribute path : username
17:40:03.095 [main] DEBUG org.hibernate.loader.plan.build.internal.FetchStyleLoadPlanBuildingAssociationVisitationStrategy - Building LoadPlan...
17:40:03.096 [main] DEBUG org.hibernate.loader.plan.exec.internal.LoadQueryJoinAndFetchProcessor - processing queryspace &lt;gen:0&gt;
17:40:03.099 [main] DEBUG org.hibernate.loader.plan.build.spi.LoadPlanTreePrinter - LoadPlan(entity=com.niit.model.ForumComment)
    - Returns
       - EntityReturnImpl(entity=com.niit.model.ForumComment, querySpaceUid=&lt;gen:0&gt;, path=com.niit.model.ForumComment)
    - QuerySpaces
       - EntityQuerySpaceImpl(uid=&lt;gen:0&gt;, entity=com.niit.model.ForumComment)
          - SQL table alias mapping - forumcomme0_
          - alias suffix - 0_
          - suffixed key columns - {forumCom1_3_0_}

17:40:03.099 [main] DEBUG org.hibernate.loader.entity.plan.EntityLoader - Static select for entity com.niit.model.ForumComment [UPGRADE]: select forumcomme0_.forumCommentId as forumCom1_3_0_, forumcomme0_.commentDate as commentD2_3_0_, forumcomme0_.forumComment as forumCom3_3_0_, forumcomme0_.forumId as forumId4_3_0_, forumcomme0_.userId as userId5_3_0_, forumcomme0_.username as username6_3_0_ from CForumComment forumcomme0_ where forumcomme0_.forumCommentId=? for update
17:40:03.099 [main] DEBUG org.hibernate.loader.plan.build.internal.spaces.QuerySpacesImpl - Adding QuerySpace : uid = &lt;gen:0&gt; -&gt; org.hibernate.loader.plan.build.internal.spaces.EntityQuerySpaceImpl@1f03fba0]
17:40:03.099 [main] DEBUG org.hibernate.persister.walking.spi.MetamodelGraphWalker - Visiting attribute path : commentDate
17:40:03.099 [main] DEBUG org.hibernate.persister.walking.spi.MetamodelGraphWalker - Visiting attribute path : forumComment
17:40:03.099 [main] DEBUG org.hibernate.persister.walking.spi.MetamodelGraphWalker - Visiting attribute path : forumId
17:40:03.099 [main] DEBUG org.hibernate.persister.walking.spi.MetamodelGraphWalker - Visiting attribute path : userId
17:40:03.099 [main] DEBUG org.hibernate.persister.walking.spi.MetamodelGraphWalker - Visiting attribute path : username
17:40:03.099 [main] DEBUG org.hibernate.loader.plan.build.internal.FetchStyleLoadPlanBuildingAssociationVisitationStrategy - Building LoadPlan...
17:40:03.099 [main] DEBUG org.hibernate.loader.plan.exec.internal.LoadQueryJoinAndFetchProcessor - processing queryspace &lt;gen:0&gt;
17:40:03.100 [main] DEBUG org.hibernate.loader.plan.build.spi.LoadPlanTreePrinter - LoadPlan(entity=com.niit.model.ForumComment)
    - Returns
       - EntityReturnImpl(entity=com.niit.model.ForumComment, querySpaceUid=&lt;gen:0&gt;, path=com.niit.model.ForumComment)
    - QuerySpaces
       - EntityQuerySpaceImpl(uid=&lt;gen:0&gt;, entity=com.niit.model.ForumComment)
          - SQL table alias mapping - forumcomme0_
          - alias suffix - 0_
          - suffixed key columns - {forumCom1_3_0_}

17:40:03.100 [main] DEBUG org.hibernate.loader.entity.plan.EntityLoader - Static select for entity com.niit.model.ForumComment [UPGRADE_NOWAIT]: select forumcomme0_.forumCommentId as forumCom1_3_0_, forumcomme0_.commentDate as commentD2_3_0_, forumcomme0_.forumComment as forumCom3_3_0_, forumcomme0_.forumId as forumId4_3_0_, forumcomme0_.userId as userId5_3_0_, forumcomme0_.username as username6_3_0_ from CForumComment forumcomme0_ where forumcomme0_.forumCommentId=? for update
17:40:03.100 [main] DEBUG org.hibernate.loader.plan.build.internal.spaces.QuerySpacesImpl - Adding QuerySpace : uid = &lt;gen:0&gt; -&gt; org.hibernate.loader.plan.build.internal.spaces.EntityQuerySpaceImpl@3bbf6abe]
17:40:03.100 [main] DEBUG org.hibernate.persister.walking.spi.MetamodelGraphWalker - Visiting attribute path : commentDate
17:40:03.100 [main] DEBUG org.hibernate.persister.walking.spi.MetamodelGraphWalker - Visiting attribute path : forumComment
17:40:03.100 [main] DEBUG org.hibernate.persister.walking.spi.MetamodelGraphWalker - Visiting attribute path : forumId
17:40:03.100 [main] DEBUG org.hibernate.persister.walking.spi.MetamodelGraphWalker - Visiting attribute path : userId
17:40:03.100 [main] DEBUG org.hibernate.persister.walking.spi.MetamodelGraphWalker - Visiting attribute path : username
17:40:03.100 [main] DEBUG org.hibernate.loader.plan.build.internal.FetchStyleLoadPlanBuildingAssociationVisitationStrategy - Building LoadPlan...
17:40:03.100 [main] DEBUG org.hibernate.loader.plan.exec.internal.LoadQueryJoinAndFetchProcessor - processing queryspace &lt;gen:0&gt;
17:40:03.100 [main] DEBUG org.hibernate.loader.plan.build.spi.LoadPlanTreePrinter - LoadPlan(entity=com.niit.model.ForumComment)
    - Returns
       - EntityReturnImpl(entity=com.niit.model.ForumComment, querySpaceUid=&lt;gen:0&gt;, path=com.niit.model.ForumComment)
    - QuerySpaces
       - EntityQuerySpaceImpl(uid=&lt;gen:0&gt;, entity=com.niit.model.ForumComment)
          - SQL table alias mapping - forumcomme0_
          - alias suffix - 0_
          - suffixed key columns - {forumCom1_3_0_}

17:40:03.100 [main] DEBUG org.hibernate.loader.entity.plan.EntityLoader - Static select for entity com.niit.model.ForumComment [UPGRADE_SKIPLOCKED]: select forumcomme0_.forumCommentId as forumCom1_3_0_, forumcomme0_.commentDate as commentD2_3_0_, forumcomme0_.forumComment as forumCom3_3_0_, forumcomme0_.forumId as forumId4_3_0_, forumcomme0_.userId as userId5_3_0_, forumcomme0_.username as username6_3_0_ from CForumComment forumcomme0_ where forumcomme0_.forumCommentId=? for update
17:40:03.100 [main] DEBUG org.hibernate.loader.plan.build.internal.spaces.QuerySpacesImpl - Adding QuerySpace : uid = &lt;gen:0&gt; -&gt; org.hibernate.loader.plan.build.internal.spaces.EntityQuerySpaceImpl@9b9a327]
17:40:03.100 [main] DEBUG org.hibernate.persister.walking.spi.MetamodelGraphWalker - Visiting attribute path : commentDate
17:40:03.100 [main] DEBUG org.hibernate.persister.walking.spi.MetamodelGraphWalker - Visiting attribute path : forumComment
17:40:03.100 [main] DEBUG org.hibernate.persister.walking.spi.MetamodelGraphWalker - Visiting attribute path : forumId
17:40:03.101 [main] DEBUG org.hibernate.persister.walking.spi.MetamodelGraphWalker - Visiting attribute path : userId
17:40:03.101 [main] DEBUG org.hibernate.persister.walking.spi.MetamodelGraphWalker - Visiting attribute path : username
17:40:03.101 [main] DEBUG org.hibernate.loader.plan.build.internal.FetchStyleLoadPlanBuildingAssociationVisitationStrategy - Building LoadPlan...
17:40:03.101 [main] DEBUG org.hibernate.loader.plan.exec.internal.LoadQueryJoinAndFetchProcessor - processing queryspace &lt;gen:0&gt;
17:40:03.101 [main] DEBUG org.hibernate.loader.plan.build.spi.LoadPlanTreePrinter - LoadPlan(entity=com.niit.model.ForumComment)
    - Returns
       - EntityReturnImpl(entity=com.niit.model.ForumComment, querySpaceUid=&lt;gen:0&gt;, path=com.niit.model.ForumComment)
    - QuerySpaces
       - EntityQuerySpaceImpl(uid=&lt;gen:0&gt;, entity=com.niit.model.ForumComment)
          - SQL table alias mapping - forumcomme0_
          - alias suffix - 0_
          - suffixed key columns - {forumCom1_3_0_}

17:40:03.102 [main] DEBUG org.hibernate.loader.entity.plan.EntityLoader - Static select for entity com.niit.model.ForumComment [FORCE]: select forumcomme0_.forumCommentId as forumCom1_3_0_, forumcomme0_.commentDate as commentD2_3_0_, forumcomme0_.forumComment as forumCom3_3_0_, forumcomme0_.forumId as forumId4_3_0_, forumcomme0_.userId as userId5_3_0_, forumcomme0_.username as username6_3_0_ from CForumComment forumcomme0_ where forumcomme0_.forumCommentId=? for update
17:40:03.102 [main] DEBUG org.hibernate.loader.plan.build.internal.spaces.QuerySpacesImpl - Adding QuerySpace : uid = &lt;gen:0&gt; -&gt; org.hibernate.loader.plan.build.internal.spaces.EntityQuerySpaceImpl@358ab600]
17:40:03.102 [main] DEBUG org.hibernate.persister.walking.spi.MetamodelGraphWalker - Visiting attribute path : commentDate
17:40:03.102 [main] DEBUG org.hibernate.persister.walking.spi.MetamodelGraphWalker - Visiting attribute path : forumComment
17:40:03.102 [main] DEBUG org.hibernate.persister.walking.spi.MetamodelGraphWalker - Visiting attribute path : forumId
17:40:03.102 [main] DEBUG org.hibernate.persister.walking.spi.MetamodelGraphWalker - Visiting attribute path : userId
17:40:03.102 [main] DEBUG org.hibernate.persister.walking.spi.MetamodelGraphWalker - Visiting attribute path : username
17:40:03.102 [main] DEBUG org.hibernate.loader.plan.build.internal.FetchStyleLoadPlanBuildingAssociationVisitationStrategy - Building LoadPlan...
17:40:03.103 [main] DEBUG org.hibernate.loader.plan.exec.internal.LoadQueryJoinAndFetchProcessor - processing queryspace &lt;gen:0&gt;
17:40:03.103 [main] DEBUG org.hibernate.loader.plan.build.spi.LoadPlanTreePrinter - LoadPlan(entity=com.niit.model.ForumComment)
    - Returns
       - EntityReturnImpl(entity=com.niit.model.ForumComment, querySpaceUid=&lt;gen:0&gt;, path=com.niit.model.ForumComment)
    - QuerySpaces
       - EntityQuerySpaceImpl(uid=&lt;gen:0&gt;, entity=com.niit.model.ForumComment)
          - SQL table alias mapping - forumcomme0_
          - alias suffix - 0_
          - suffixed key columns - {forumCom1_3_0_}

17:40:03.103 [main] DEBUG org.hibernate.loader.entity.plan.EntityLoader - Static select for entity com.niit.model.ForumComment [PESSIMISTIC_READ]: select forumcomme0_.forumCommentId as forumCom1_3_0_, forumcomme0_.commentDate as commentD2_3_0_, forumcomme0_.forumComment as forumCom3_3_0_, forumcomme0_.forumId as forumId4_3_0_, forumcomme0_.userId as userId5_3_0_, forumcomme0_.username as username6_3_0_ from CForumComment forumcomme0_ where forumcomme0_.forumCommentId=? for update
17:40:03.103 [main] DEBUG org.hibernate.loader.plan.build.internal.spaces.QuerySpacesImpl - Adding QuerySpace : uid = &lt;gen:0&gt; -&gt; org.hibernate.loader.plan.build.internal.spaces.EntityQuerySpaceImpl@44065156]
17:40:03.103 [main] DEBUG org.hibernate.persister.walking.spi.MetamodelGraphWalker - Visiting attribute path : commentDate
17:40:03.103 [main] DEBUG org.hibernate.persister.walking.spi.MetamodelGraphWalker - Visiting attribute path : forumComment
17:40:03.103 [main] DEBUG org.hibernate.persister.walking.spi.MetamodelGraphWalker - Visiting attribute path : forumId
17:40:03.103 [main] DEBUG org.hibernate.persister.walking.spi.MetamodelGraphWalker - Visiting attribute path : userId
17:40:03.103 [main] DEBUG org.hibernate.persister.walking.spi.MetamodelGraphWalker - Visiting attribute path : username
17:40:03.104 [main] DEBUG org.hibernate.loader.plan.build.internal.FetchStyleLoadPlanBuildingAssociationVisitationStrategy - Building LoadPlan...
17:40:03.104 [main] DEBUG org.hibernate.loader.plan.exec.internal.LoadQueryJoinAndFetchProcessor - processing queryspace &lt;gen:0&gt;
17:40:03.105 [main] DEBUG org.hibernate.loader.plan.build.spi.LoadPlanTreePrinter - LoadPlan(entity=com.niit.model.ForumComment)
    - Returns
       - EntityReturnImpl(entity=com.niit.model.ForumComment, querySpaceUid=&lt;gen:0&gt;, path=com.niit.model.ForumComment)
    - QuerySpaces
       - EntityQuerySpaceImpl(uid=&lt;gen:0&gt;, entity=com.niit.model.ForumComment)
          - SQL table alias mapping - forumcomme0_
          - alias suffix - 0_
          - suffixed key columns - {forumCom1_3_0_}

17:40:03.105 [main] DEBUG org.hibernate.loader.entity.plan.EntityLoader - Static select for entity com.niit.model.ForumComment [PESSIMISTIC_WRITE]: select forumcomme0_.forumCommentId as forumCom1_3_0_, forumcomme0_.commentDate as commentD2_3_0_, forumcomme0_.forumComment as forumCom3_3_0_, forumcomme0_.forumId as forumId4_3_0_, forumcomme0_.userId as userId5_3_0_, forumcomme0_.username as username6_3_0_ from CForumComment forumcomme0_ where forumcomme0_.forumCommentId=? for update
17:40:03.105 [main] DEBUG org.hibernate.loader.plan.build.internal.spaces.QuerySpacesImpl - Adding QuerySpace : uid = &lt;gen:0&gt; -&gt; org.hibernate.loader.plan.build.internal.spaces.EntityQuerySpaceImpl@574b7f4a]
17:40:03.105 [main] DEBUG org.hibernate.persister.walking.spi.MetamodelGraphWalker - Visiting attribute path : commentDate
17:40:03.105 [main] DEBUG org.hibernate.persister.walking.spi.MetamodelGraphWalker - Visiting attribute path : forumComment
17:40:03.105 [main] DEBUG org.hibernate.persister.walking.spi.MetamodelGraphWalker - Visiting attribute path : forumId
17:40:03.105 [main] DEBUG org.hibernate.persister.walking.spi.MetamodelGraphWalker - Visiting attribute path : userId
17:40:03.105 [main] DEBUG org.hibernate.persister.walking.spi.MetamodelGraphWalker - Visiting attribute path : username
17:40:03.105 [main] DEBUG org.hibernate.loader.plan.build.internal.FetchStyleLoadPlanBuildingAssociationVisitationStrategy - Building LoadPlan...
17:40:03.105 [main] DEBUG org.hibernate.loader.plan.exec.internal.LoadQueryJoinAndFetchProcessor - processing queryspace &lt;gen:0&gt;
17:40:03.106 [main] DEBUG org.hibernate.loader.plan.build.spi.LoadPlanTreePrinter - LoadPlan(entity=com.niit.model.ForumComment)
    - Returns
       - EntityReturnImpl(entity=com.niit.model.ForumComment, querySpaceUid=&lt;gen:0&gt;, path=com.niit.model.ForumComment)
    - QuerySpaces
       - EntityQuerySpaceImpl(uid=&lt;gen:0&gt;, entity=com.niit.model.ForumComment)
          - SQL table alias mapping - forumcomme0_
          - alias suffix - 0_
          - suffixed key columns - {forumCom1_3_0_}

17:40:03.106 [main] DEBUG org.hibernate.loader.entity.plan.EntityLoader - Static select for entity com.niit.model.ForumComment [PESSIMISTIC_FORCE_INCREMENT]: select forumcomme0_.forumCommentId as forumCom1_3_0_, forumcomme0_.commentDate as commentD2_3_0_, forumcomme0_.forumComment as forumCom3_3_0_, forumcomme0_.forumId as forumId4_3_0_, forumcomme0_.userId as userId5_3_0_, forumcomme0_.username as username6_3_0_ from CForumComment forumcomme0_ where forumcomme0_.forumCommentId=? for update
17:40:03.106 [main] DEBUG org.hibernate.loader.plan.build.internal.spaces.QuerySpacesImpl - Adding QuerySpace : uid = &lt;gen:0&gt; -&gt; org.hibernate.loader.plan.build.internal.spaces.EntityQuerySpaceImpl@32177fa5]
17:40:03.106 [main] DEBUG org.hibernate.persister.walking.spi.MetamodelGraphWalker - Visiting attribute path : commentDate
17:40:03.106 [main] DEBUG org.hibernate.persister.walking.spi.MetamodelGraphWalker - Visiting attribute path : forumComment
17:40:03.106 [main] DEBUG org.hibernate.persister.walking.spi.MetamodelGraphWalker - Visiting attribute path : forumId
17:40:03.106 [main] DEBUG org.hibernate.persister.walking.spi.MetamodelGraphWalker - Visiting attribute path : userId
17:40:03.106 [main] DEBUG org.hibernate.persister.walking.spi.MetamodelGraphWalker - Visiting attribute path : username
17:40:03.106 [main] DEBUG org.hibernate.loader.plan.build.internal.FetchStyleLoadPlanBuildingAssociationVisitationStrategy - Building LoadPlan...
17:40:03.107 [main] DEBUG org.hibernate.loader.plan.exec.internal.LoadQueryJoinAndFetchProcessor - processing queryspace &lt;gen:0&gt;
17:40:03.107 [main] DEBUG org.hibernate.loader.plan.build.spi.LoadPlanTreePrinter - LoadPlan(entity=com.niit.model.ForumComment)
    - Returns
       - EntityReturnImpl(entity=com.niit.model.ForumComment, querySpaceUid=&lt;gen:0&gt;, path=com.niit.model.ForumComment)
    - QuerySpaces
       - EntityQuerySpaceImpl(uid=&lt;gen:0&gt;, entity=com.niit.model.ForumComment)
          - SQL table alias mapping - forumcomme0_
          - alias suffix - 0_
          - suffixed key columns - {forumCom1_3_0_}

17:40:03.113 [main] DEBUG org.hibernate.loader.entity.plan.EntityLoader - Static select for entity com.niit.model.ForumComment [OPTIMISTIC]: select forumcomme0_.forumCommentId as forumCom1_3_0_, forumcomme0_.commentDate as commentD2_3_0_, forumcomme0_.forumComment as forumCom3_3_0_, forumcomme0_.forumId as forumId4_3_0_, forumcomme0_.userId as userId5_3_0_, forumcomme0_.username as username6_3_0_ from CForumComment forumcomme0_ where forumcomme0_.forumCommentId=?
17:40:03.113 [main] DEBUG org.hibernate.loader.plan.build.internal.spaces.QuerySpacesImpl - Adding QuerySpace : uid = &lt;gen:0&gt; -&gt; org.hibernate.loader.plan.build.internal.spaces.EntityQuerySpaceImpl@6ab4a5b]
17:40:03.113 [main] DEBUG org.hibernate.persister.walking.spi.MetamodelGraphWalker - Visiting attribute path : commentDate
17:40:03.114 [main] DEBUG org.hibernate.persister.walking.spi.MetamodelGraphWalker - Visiting attribute path : forumComment
17:40:03.114 [main] DEBUG org.hibernate.persister.walking.spi.MetamodelGraphWalker - Visiting attribute path : forumId
17:40:03.114 [main] DEBUG org.hibernate.persister.walking.spi.MetamodelGraphWalker - Visiting attribute path : userId
17:40:03.114 [main] DEBUG org.hibernate.persister.walking.spi.MetamodelGraphWalker - Visiting attribute path : username
17:40:03.114 [main] DEBUG org.hibernate.loader.plan.build.internal.FetchStyleLoadPlanBuildingAssociationVisitationStrategy - Building LoadPlan...
17:40:03.114 [main] DEBUG org.hibernate.loader.plan.exec.internal.LoadQueryJoinAndFetchProcessor - processing queryspace &lt;gen:0&gt;
17:40:03.115 [main] DEBUG org.hibernate.loader.plan.build.spi.LoadPlanTreePrinter - LoadPlan(entity=com.niit.model.ForumComment)
    - Returns
       - EntityReturnImpl(entity=com.niit.model.ForumComment, querySpaceUid=&lt;gen:0&gt;, path=com.niit.model.ForumComment)
    - QuerySpaces
       - EntityQuerySpaceImpl(uid=&lt;gen:0&gt;, entity=com.niit.model.ForumComment)
          - SQL table alias mapping - forumcomme0_
          - alias suffix - 0_
          - suffixed key columns - {forumCom1_3_0_}

17:40:03.115 [main] DEBUG org.hibernate.loader.entity.plan.EntityLoader - Static select for entity com.niit.model.ForumComment [OPTIMISTIC_FORCE_INCREMENT]: select forumcomme0_.forumCommentId as forumCom1_3_0_, forumcomme0_.commentDate as commentD2_3_0_, forumcomme0_.forumComment as forumCom3_3_0_, forumcomme0_.forumId as forumId4_3_0_, forumcomme0_.userId as userId5_3_0_, forumcomme0_.username as username6_3_0_ from CForumComment forumcomme0_ where forumcomme0_.forumCommentId=?
17:40:03.115 [main] DEBUG org.hibernate.loader.Loader - Static select for action ACTION_MERGE on entity com.niit.model.ForumComment: select forumcomme0_.forumCommentId as forumCom1_3_0_, forumcomme0_.commentDate as commentD2_3_0_, forumcomme0_.forumComment as forumCom3_3_0_, forumcomme0_.forumId as forumId4_3_0_, forumcomme0_.userId as userId5_3_0_, forumcomme0_.username as username6_3_0_ from CForumComment forumcomme0_ where forumcomme0_.forumCommentId=?
17:40:03.115 [main] DEBUG org.hibernate.loader.Loader - Static select for action ACTION_REFRESH on entity com.niit.model.ForumComment: select forumcomme0_.forumCommentId as forumCom1_3_0_, forumcomme0_.commentDate as commentD2_3_0_, forumcomme0_.forumComment as forumCom3_3_0_, forumcomme0_.forumId as forumId4_3_0_, forumcomme0_.userId as userId5_3_0_, forumcomme0_.username as username6_3_0_ from CForumComment forumcomme0_ where forumcomme0_.forumCommentId=?
17:40:03.116 [main] DEBUG org.hibernate.persister.entity.AbstractEntityPersister - Static SQL for entity: com.niit.model.Job
17:40:03.116 [main] DEBUG org.hibernate.persister.entity.AbstractEntityPersister -  Version select: select jobId from CJob where jobId =?
17:40:03.116 [main] DEBUG org.hibernate.persister.entity.AbstractEntityPersister -  Snapshot select: select job_.jobId, job_.createDate as createDa2_5_, job_.jobDescription as jobDescr3_5_, job_.jobQualification as jobQuali4_5_, job_.jobStatus as jobStatu5_5_, job_.jobTitle as jobTitle6_5_ from CJob job_ where job_.jobId=?
17:40:03.116 [main] DEBUG org.hibernate.persister.entity.AbstractEntityPersister -  Insert 0: insert into CJob (createDate, jobDescription, jobQualification, jobStatus, jobTitle, jobId) values (?, ?, ?, ?, ?, ?)
17:40:03.116 [main] DEBUG org.hibernate.persister.entity.AbstractEntityPersister -  Update 0: update CJob set createDate=?, jobDescription=?, jobQualification=?, jobStatus=?, jobTitle=? where jobId=?
17:40:03.116 [main] DEBUG org.hibernate.persister.entity.AbstractEntityPersister -  Delete 0: delete from CJob where jobId=?
17:40:03.116 [main] DEBUG org.hibernate.loader.plan.build.internal.spaces.QuerySpacesImpl - Adding QuerySpace : uid = &lt;gen:0&gt; -&gt; org.hibernate.loader.plan.build.internal.spaces.EntityQuerySpaceImpl@235d29d6]
17:40:03.117 [main] DEBUG org.hibernate.persister.walking.spi.MetamodelGraphWalker - Visiting attribute path : createDate
17:40:03.117 [main] DEBUG org.hibernate.persister.walking.spi.MetamodelGraphWalker - Visiting attribute path : jobDescription
17:40:03.117 [main] DEBUG org.hibernate.persister.walking.spi.MetamodelGraphWalker - Visiting attribute path : jobQualification
17:40:03.117 [main] DEBUG org.hibernate.persister.walking.spi.MetamodelGraphWalker - Visiting attribute path : jobStatus
17:40:03.117 [main] DEBUG org.hibernate.persister.walking.spi.MetamodelGraphWalker - Visiting attribute path : jobTitle
17:40:03.117 [main] DEBUG org.hibernate.loader.plan.build.internal.FetchStyleLoadPlanBuildingAssociationVisitationStrategy - Building LoadPlan...
17:40:03.117 [main] DEBUG org.hibernate.loader.plan.exec.internal.LoadQueryJoinAndFetchProcessor - processing queryspace &lt;gen:0&gt;
17:40:03.118 [main] DEBUG org.hibernate.loader.plan.build.spi.LoadPlanTreePrinter - LoadPlan(entity=com.niit.model.Job)
    - Returns
       - EntityReturnImpl(entity=com.niit.model.Job, querySpaceUid=&lt;gen:0&gt;, path=com.niit.model.Job)
    - QuerySpaces
       - EntityQuerySpaceImpl(uid=&lt;gen:0&gt;, entity=com.niit.model.Job)
          - SQL table alias mapping - job0_
          - alias suffix - 0_
          - suffixed key columns - {jobId1_5_0_}

17:40:03.118 [main] DEBUG org.hibernate.loader.entity.plan.EntityLoader - Static select for entity com.niit.model.Job [NONE]: select job0_.jobId as jobId1_5_0_, job0_.createDate as createDa2_5_0_, job0_.jobDescription as jobDescr3_5_0_, job0_.jobQualification as jobQuali4_5_0_, job0_.jobStatus as jobStatu5_5_0_, job0_.jobTitle as jobTitle6_5_0_ from CJob job0_ where job0_.jobId=?
17:40:03.118 [main] DEBUG org.hibernate.loader.plan.build.internal.spaces.QuerySpacesImpl - Adding QuerySpace : uid = &lt;gen:0&gt; -&gt; org.hibernate.loader.plan.build.internal.spaces.EntityQuerySpaceImpl@43f9dd56]
17:40:03.118 [main] DEBUG org.hibernate.persister.walking.spi.MetamodelGraphWalker - Visiting attribute path : createDate
17:40:03.118 [main] DEBUG org.hibernate.persister.walking.spi.MetamodelGraphWalker - Visiting attribute path : jobDescription
17:40:03.118 [main] DEBUG org.hibernate.persister.walking.spi.MetamodelGraphWalker - Visiting attribute path : jobQualification
17:40:03.118 [main] DEBUG org.hibernate.persister.walking.spi.MetamodelGraphWalker - Visiting attribute path : jobStatus
17:40:03.118 [main] DEBUG org.hibernate.persister.walking.spi.MetamodelGraphWalker - Visiting attribute path : jobTitle
17:40:03.118 [main] DEBUG org.hibernate.loader.plan.build.internal.FetchStyleLoadPlanBuildingAssociationVisitationStrategy - Building LoadPlan...
17:40:03.119 [main] DEBUG org.hibernate.loader.plan.exec.internal.LoadQueryJoinAndFetchProcessor - processing queryspace &lt;gen:0&gt;
17:40:03.119 [main] DEBUG org.hibernate.loader.plan.build.spi.LoadPlanTreePrinter - LoadPlan(entity=com.niit.model.Job)
    - Returns
       - EntityReturnImpl(entity=com.niit.model.Job, querySpaceUid=&lt;gen:0&gt;, path=com.niit.model.Job)
    - QuerySpaces
       - EntityQuerySpaceImpl(uid=&lt;gen:0&gt;, entity=com.niit.model.Job)
          - SQL table alias mapping - job0_
          - alias suffix - 0_
          - suffixed key columns - {jobId1_5_0_}

17:40:03.119 [main] DEBUG org.hibernate.loader.entity.plan.EntityLoader - Static select for entity com.niit.model.Job [READ]: select job0_.jobId as jobId1_5_0_, job0_.createDate as createDa2_5_0_, job0_.jobDescription as jobDescr3_5_0_, job0_.jobQualification as jobQuali4_5_0_, job0_.jobStatus as jobStatu5_5_0_, job0_.jobTitle as jobTitle6_5_0_ from CJob job0_ where job0_.jobId=?
17:40:03.119 [main] DEBUG org.hibernate.loader.plan.build.internal.spaces.QuerySpacesImpl - Adding QuerySpace : uid = &lt;gen:0&gt; -&gt; org.hibernate.loader.plan.build.internal.spaces.EntityQuerySpaceImpl@57cb70be]
17:40:03.119 [main] DEBUG org.hibernate.persister.walking.spi.MetamodelGraphWalker - Visiting attribute path : createDate
17:40:03.119 [main] DEBUG org.hibernate.persister.walking.spi.MetamodelGraphWalker - Visiting attribute path : jobDescription
17:40:03.119 [main] DEBUG org.hibernate.persister.walking.spi.MetamodelGraphWalker - Visiting attribute path : jobQualification
17:40:03.119 [main] DEBUG org.hibernate.persister.walking.spi.MetamodelGraphWalker - Visiting attribute path : jobStatus
17:40:03.119 [main] DEBUG org.hibernate.persister.walking.spi.MetamodelGraphWalker - Visiting attribute path : jobTitle
17:40:03.119 [main] DEBUG org.hibernate.loader.plan.build.internal.FetchStyleLoadPlanBuildingAssociationVisitationStrategy - Building LoadPlan...
17:40:03.120 [main] DEBUG org.hibernate.loader.plan.exec.internal.LoadQueryJoinAndFetchProcessor - processing queryspace &lt;gen:0&gt;
17:40:03.120 [main] DEBUG org.hibernate.loader.plan.build.spi.LoadPlanTreePrinter - LoadPlan(entity=com.niit.model.Job)
    - Returns
       - EntityReturnImpl(entity=com.niit.model.Job, querySpaceUid=&lt;gen:0&gt;, path=com.niit.model.Job)
    - QuerySpaces
       - EntityQuerySpaceImpl(uid=&lt;gen:0&gt;, entity=com.niit.model.Job)
          - SQL table alias mapping - job0_
          - alias suffix - 0_
          - suffixed key columns - {jobId1_5_0_}

17:40:03.120 [main] DEBUG org.hibernate.loader.entity.plan.EntityLoader - Static select for entity com.niit.model.Job [UPGRADE]: select job0_.jobId as jobId1_5_0_, job0_.createDate as createDa2_5_0_, job0_.jobDescription as jobDescr3_5_0_, job0_.jobQualification as jobQuali4_5_0_, job0_.jobStatus as jobStatu5_5_0_, job0_.jobTitle as jobTitle6_5_0_ from CJob job0_ where job0_.jobId=? for update
17:40:03.121 [main] DEBUG org.hibernate.loader.plan.build.internal.spaces.QuerySpacesImpl - Adding QuerySpace : uid = &lt;gen:0&gt; -&gt; org.hibernate.loader.plan.build.internal.spaces.EntityQuerySpaceImpl@20d87335]
17:40:03.121 [main] DEBUG org.hibernate.persister.walking.spi.MetamodelGraphWalker - Visiting attribute path : createDate
17:40:03.121 [main] DEBUG org.hibernate.persister.walking.spi.MetamodelGraphWalker - Visiting attribute path : jobDescription
17:40:03.121 [main] DEBUG org.hibernate.persister.walking.spi.MetamodelGraphWalker - Visiting attribute path : jobQualification
17:40:03.121 [main] DEBUG org.hibernate.persister.walking.spi.MetamodelGraphWalker - Visiting attribute path : jobStatus
17:40:03.121 [main] DEBUG org.hibernate.persister.walking.spi.MetamodelGraphWalker - Visiting attribute path : jobTitle
17:40:03.121 [main] DEBUG org.hibernate.loader.plan.build.internal.FetchStyleLoadPlanBuildingAssociationVisitationStrategy - Building LoadPlan...
17:40:03.122 [main] DEBUG org.hibernate.loader.plan.exec.internal.LoadQueryJoinAndFetchProcessor - processing queryspace &lt;gen:0&gt;
17:40:03.122 [main] DEBUG org.hibernate.loader.plan.build.spi.LoadPlanTreePrinter - LoadPlan(entity=com.niit.model.Job)
    - Returns
       - EntityReturnImpl(entity=com.niit.model.Job, querySpaceUid=&lt;gen:0&gt;, path=com.niit.model.Job)
    - QuerySpaces
       - EntityQuerySpaceImpl(uid=&lt;gen:0&gt;, entity=com.niit.model.Job)
          - SQL table alias mapping - job0_
          - alias suffix - 0_
          - suffixed key columns - {jobId1_5_0_}

17:40:03.123 [main] DEBUG org.hibernate.loader.entity.plan.EntityLoader - Static select for entity com.niit.model.Job [UPGRADE_NOWAIT]: select job0_.jobId as jobId1_5_0_, job0_.createDate as createDa2_5_0_, job0_.jobDescription as jobDescr3_5_0_, job0_.jobQualification as jobQuali4_5_0_, job0_.jobStatus as jobStatu5_5_0_, job0_.jobTitle as jobTitle6_5_0_ from CJob job0_ where job0_.jobId=? for update
17:40:03.125 [main] DEBUG org.hibernate.loader.plan.build.internal.spaces.QuerySpacesImpl - Adding QuerySpace : uid = &lt;gen:0&gt; -&gt; org.hibernate.loader.plan.build.internal.spaces.EntityQuerySpaceImpl@26c89563]
17:40:03.126 [main] DEBUG org.hibernate.persister.walking.spi.MetamodelGraphWalker - Visiting attribute path : createDate
17:40:03.126 [main] DEBUG org.hibernate.persister.walking.spi.MetamodelGraphWalker - Visiting attribute path : jobDescription
17:40:03.126 [main] DEBUG org.hibernate.persister.walking.spi.MetamodelGraphWalker - Visiting attribute path : jobQualification
17:40:03.126 [main] DEBUG org.hibernate.persister.walking.spi.MetamodelGraphWalker - Visiting attribute path : jobStatus
17:40:03.126 [main] DEBUG org.hibernate.persister.walking.spi.MetamodelGraphWalker - Visiting attribute path : jobTitle
17:40:03.126 [main] DEBUG org.hibernate.loader.plan.build.internal.FetchStyleLoadPlanBuildingAssociationVisitationStrategy - Building LoadPlan...
17:40:03.126 [main] DEBUG org.hibernate.loader.plan.exec.internal.LoadQueryJoinAndFetchProcessor - processing queryspace &lt;gen:0&gt;
17:40:03.127 [main] DEBUG org.hibernate.loader.plan.build.spi.LoadPlanTreePrinter - LoadPlan(entity=com.niit.model.Job)
    - Returns
       - EntityReturnImpl(entity=com.niit.model.Job, querySpaceUid=&lt;gen:0&gt;, path=com.niit.model.Job)
    - QuerySpaces
       - EntityQuerySpaceImpl(uid=&lt;gen:0&gt;, entity=com.niit.model.Job)
          - SQL table alias mapping - job0_
          - alias suffix - 0_
          - suffixed key columns - {jobId1_5_0_}

17:40:03.127 [main] DEBUG org.hibernate.loader.entity.plan.EntityLoader - Static select for entity com.niit.model.Job [UPGRADE_SKIPLOCKED]: select job0_.jobId as jobId1_5_0_, job0_.createDate as createDa2_5_0_, job0_.jobDescription as jobDescr3_5_0_, job0_.jobQualification as jobQuali4_5_0_, job0_.jobStatus as jobStatu5_5_0_, job0_.jobTitle as jobTitle6_5_0_ from CJob job0_ where job0_.jobId=? for update
17:40:03.127 [main] DEBUG org.hibernate.loader.plan.build.internal.spaces.QuerySpacesImpl - Adding QuerySpace : uid = &lt;gen:0&gt; -&gt; org.hibernate.loader.plan.build.internal.spaces.EntityQuerySpaceImpl@58f437b0]
17:40:03.127 [main] DEBUG org.hibernate.persister.walking.spi.MetamodelGraphWalker - Visiting attribute path : createDate
17:40:03.127 [main] DEBUG org.hibernate.persister.walking.spi.MetamodelGraphWalker - Visiting attribute path : jobDescription
17:40:03.127 [main] DEBUG org.hibernate.persister.walking.spi.MetamodelGraphWalker - Visiting attribute path : jobQualification
17:40:03.127 [main] DEBUG org.hibernate.persister.walking.spi.MetamodelGraphWalker - Visiting attribute path : jobStatus
17:40:03.127 [main] DEBUG org.hibernate.persister.walking.spi.MetamodelGraphWalker - Visiting attribute path : jobTitle
17:40:03.127 [main] DEBUG org.hibernate.loader.plan.build.internal.FetchStyleLoadPlanBuildingAssociationVisitationStrategy - Building LoadPlan...
17:40:03.128 [main] DEBUG org.hibernate.loader.plan.exec.internal.LoadQueryJoinAndFetchProcessor - processing queryspace &lt;gen:0&gt;
17:40:03.128 [main] DEBUG org.hibernate.loader.plan.build.spi.LoadPlanTreePrinter - LoadPlan(entity=com.niit.model.Job)
    - Returns
       - EntityReturnImpl(entity=com.niit.model.Job, querySpaceUid=&lt;gen:0&gt;, path=com.niit.model.Job)
    - QuerySpaces
       - EntityQuerySpaceImpl(uid=&lt;gen:0&gt;, entity=com.niit.model.Job)
          - SQL table alias mapping - job0_
          - alias suffix - 0_
          - suffixed key columns - {jobId1_5_0_}

17:40:03.128 [main] DEBUG org.hibernate.loader.entity.plan.EntityLoader - Static select for entity com.niit.model.Job [FORCE]: select job0_.jobId as jobId1_5_0_, job0_.createDate as createDa2_5_0_, job0_.jobDescription as jobDescr3_5_0_, job0_.jobQualification as jobQuali4_5_0_, job0_.jobStatus as jobStatu5_5_0_, job0_.jobTitle as jobTitle6_5_0_ from CJob job0_ where job0_.jobId=? for update
17:40:03.128 [main] DEBUG org.hibernate.loader.plan.build.internal.spaces.QuerySpacesImpl - Adding QuerySpace : uid = &lt;gen:0&gt; -&gt; org.hibernate.loader.plan.build.internal.spaces.EntityQuerySpaceImpl@4277127c]
17:40:03.128 [main] DEBUG org.hibernate.persister.walking.spi.MetamodelGraphWalker - Visiting attribute path : createDate
17:40:03.128 [main] DEBUG org.hibernate.persister.walking.spi.MetamodelGraphWalker - Visiting attribute path : jobDescription
17:40:03.128 [main] DEBUG org.hibernate.persister.walking.spi.MetamodelGraphWalker - Visiting attribute path : jobQualification
17:40:03.128 [main] DEBUG org.hibernate.persister.walking.spi.MetamodelGraphWalker - Visiting attribute path : jobStatus
17:40:03.128 [main] DEBUG org.hibernate.persister.walking.spi.MetamodelGraphWalker - Visiting attribute path : jobTitle
17:40:03.128 [main] DEBUG org.hibernate.loader.plan.build.internal.FetchStyleLoadPlanBuildingAssociationVisitationStrategy - Building LoadPlan...
17:40:03.128 [main] DEBUG org.hibernate.loader.plan.exec.internal.LoadQueryJoinAndFetchProcessor - processing queryspace &lt;gen:0&gt;
17:40:03.128 [main] DEBUG org.hibernate.loader.plan.build.spi.LoadPlanTreePrinter - LoadPlan(entity=com.niit.model.Job)
    - Returns
       - EntityReturnImpl(entity=com.niit.model.Job, querySpaceUid=&lt;gen:0&gt;, path=com.niit.model.Job)
    - QuerySpaces
       - EntityQuerySpaceImpl(uid=&lt;gen:0&gt;, entity=com.niit.model.Job)
          - SQL table alias mapping - job0_
          - alias suffix - 0_
          - suffixed key columns - {jobId1_5_0_}

17:40:03.128 [main] DEBUG org.hibernate.loader.entity.plan.EntityLoader - Static select for entity com.niit.model.Job [PESSIMISTIC_READ]: select job0_.jobId as jobId1_5_0_, job0_.createDate as createDa2_5_0_, job0_.jobDescription as jobDescr3_5_0_, job0_.jobQualification as jobQuali4_5_0_, job0_.jobStatus as jobStatu5_5_0_, job0_.jobTitle as jobTitle6_5_0_ from CJob job0_ where job0_.jobId=? for update
17:40:03.129 [main] DEBUG org.hibernate.loader.plan.build.internal.spaces.QuerySpacesImpl - Adding QuerySpace : uid = &lt;gen:0&gt; -&gt; org.hibernate.loader.plan.build.internal.spaces.EntityQuerySpaceImpl@354e7004]
17:40:03.129 [main] DEBUG org.hibernate.persister.walking.spi.MetamodelGraphWalker - Visiting attribute path : createDate
17:40:03.129 [main] DEBUG org.hibernate.persister.walking.spi.MetamodelGraphWalker - Visiting attribute path : jobDescription
17:40:03.129 [main] DEBUG org.hibernate.persister.walking.spi.MetamodelGraphWalker - Visiting attribute path : jobQualification
17:40:03.129 [main] DEBUG org.hibernate.persister.walking.spi.MetamodelGraphWalker - Visiting attribute path : jobStatus
17:40:03.129 [main] DEBUG org.hibernate.persister.walking.spi.MetamodelGraphWalker - Visiting attribute path : jobTitle
17:40:03.129 [main] DEBUG org.hibernate.loader.plan.build.internal.FetchStyleLoadPlanBuildingAssociationVisitationStrategy - Building LoadPlan...
17:40:03.130 [main] DEBUG org.hibernate.loader.plan.exec.internal.LoadQueryJoinAndFetchProcessor - processing queryspace &lt;gen:0&gt;
17:40:03.130 [main] DEBUG org.hibernate.loader.plan.build.spi.LoadPlanTreePrinter - LoadPlan(entity=com.niit.model.Job)
    - Returns
       - EntityReturnImpl(entity=com.niit.model.Job, querySpaceUid=&lt;gen:0&gt;, path=com.niit.model.Job)
    - QuerySpaces
       - EntityQuerySpaceImpl(uid=&lt;gen:0&gt;, entity=com.niit.model.Job)
          - SQL table alias mapping - job0_
          - alias suffix - 0_
          - suffixed key columns - {jobId1_5_0_}

17:40:03.130 [main] DEBUG org.hibernate.loader.entity.plan.EntityLoader - Static select for entity com.niit.model.Job [PESSIMISTIC_WRITE]: select job0_.jobId as jobId1_5_0_, job0_.createDate as createDa2_5_0_, job0_.jobDescription as jobDescr3_5_0_, job0_.jobQualification as jobQuali4_5_0_, job0_.jobStatus as jobStatu5_5_0_, job0_.jobTitle as jobTitle6_5_0_ from CJob job0_ where job0_.jobId=? for update
17:40:03.130 [main] DEBUG org.hibernate.loader.plan.build.internal.spaces.QuerySpacesImpl - Adding QuerySpace : uid = &lt;gen:0&gt; -&gt; org.hibernate.loader.plan.build.internal.spaces.EntityQuerySpaceImpl@5875de6a]
17:40:03.131 [main] DEBUG org.hibernate.persister.walking.spi.MetamodelGraphWalker - Visiting attribute path : createDate
17:40:03.131 [main] DEBUG org.hibernate.persister.walking.spi.MetamodelGraphWalker - Visiting attribute path : jobDescription
17:40:03.131 [main] DEBUG org.hibernate.persister.walking.spi.MetamodelGraphWalker - Visiting attribute path : jobQualification
17:40:03.131 [main] DEBUG org.hibernate.persister.walking.spi.MetamodelGraphWalker - Visiting attribute path : jobStatus
17:40:03.131 [main] DEBUG org.hibernate.persister.walking.spi.MetamodelGraphWalker - Visiting attribute path : jobTitle
17:40:03.131 [main] DEBUG org.hibernate.loader.plan.build.internal.FetchStyleLoadPlanBuildingAssociationVisitationStrategy - Building LoadPlan...
17:40:03.132 [main] DEBUG org.hibernate.loader.plan.exec.internal.LoadQueryJoinAndFetchProcessor - processing queryspace &lt;gen:0&gt;
17:40:03.132 [main] DEBUG org.hibernate.loader.plan.build.spi.LoadPlanTreePrinter - LoadPlan(entity=com.niit.model.Job)
    - Returns
       - EntityReturnImpl(entity=com.niit.model.Job, querySpaceUid=&lt;gen:0&gt;, path=com.niit.model.Job)
    - QuerySpaces
       - EntityQuerySpaceImpl(uid=&lt;gen:0&gt;, entity=com.niit.model.Job)
          - SQL table alias mapping - job0_
          - alias suffix - 0_
          - suffixed key columns - {jobId1_5_0_}

17:40:03.132 [main] DEBUG org.hibernate.loader.entity.plan.EntityLoader - Static select for entity com.niit.model.Job [PESSIMISTIC_FORCE_INCREMENT]: select job0_.jobId as jobId1_5_0_, job0_.createDate as createDa2_5_0_, job0_.jobDescription as jobDescr3_5_0_, job0_.jobQualification as jobQuali4_5_0_, job0_.jobStatus as jobStatu5_5_0_, job0_.jobTitle as jobTitle6_5_0_ from CJob job0_ where job0_.jobId=? for update
17:40:03.132 [main] DEBUG org.hibernate.loader.plan.build.internal.spaces.QuerySpacesImpl - Adding QuerySpace : uid = &lt;gen:0&gt; -&gt; org.hibernate.loader.plan.build.internal.spaces.EntityQuerySpaceImpl@2687725a]
17:40:03.132 [main] DEBUG org.hibernate.persister.walking.spi.MetamodelGraphWalker - Visiting attribute path : createDate
17:40:03.132 [main] DEBUG org.hibernate.persister.walking.spi.MetamodelGraphWalker - Visiting attribute path : jobDescription
17:40:03.132 [main] DEBUG org.hibernate.persister.walking.spi.MetamodelGraphWalker - Visiting attribute path : jobQualification
17:40:03.132 [main] DEBUG org.hibernate.persister.walking.spi.MetamodelGraphWalker - Visiting attribute path : jobStatus
17:40:03.132 [main] DEBUG org.hibernate.persister.walking.spi.MetamodelGraphWalker - Visiting attribute path : jobTitle
17:40:03.132 [main] DEBUG org.hibernate.loader.plan.build.internal.FetchStyleLoadPlanBuildingAssociationVisitationStrategy - Building LoadPlan...
17:40:03.132 [main] DEBUG org.hibernate.loader.plan.exec.internal.LoadQueryJoinAndFetchProcessor - processing queryspace &lt;gen:0&gt;
17:40:03.133 [main] DEBUG org.hibernate.loader.plan.build.spi.LoadPlanTreePrinter - LoadPlan(entity=com.niit.model.Job)
    - Returns
       - EntityReturnImpl(entity=com.niit.model.Job, querySpaceUid=&lt;gen:0&gt;, path=com.niit.model.Job)
    - QuerySpaces
       - EntityQuerySpaceImpl(uid=&lt;gen:0&gt;, entity=com.niit.model.Job)
          - SQL table alias mapping - job0_
          - alias suffix - 0_
          - suffixed key columns - {jobId1_5_0_}

17:40:03.133 [main] DEBUG org.hibernate.loader.entity.plan.EntityLoader - Static select for entity com.niit.model.Job [OPTIMISTIC]: select job0_.jobId as jobId1_5_0_, job0_.createDate as createDa2_5_0_, job0_.jobDescription as jobDescr3_5_0_, job0_.jobQualification as jobQuali4_5_0_, job0_.jobStatus as jobStatu5_5_0_, job0_.jobTitle as jobTitle6_5_0_ from CJob job0_ where job0_.jobId=?
17:40:03.133 [main] DEBUG org.hibernate.loader.plan.build.internal.spaces.QuerySpacesImpl - Adding QuerySpace : uid = &lt;gen:0&gt; -&gt; org.hibernate.loader.plan.build.internal.spaces.EntityQuerySpaceImpl@2c05ff9d]
17:40:03.133 [main] DEBUG org.hibernate.persister.walking.spi.MetamodelGraphWalker - Visiting attribute path : createDate
17:40:03.133 [main] DEBUG org.hibernate.persister.walking.spi.MetamodelGraphWalker - Visiting attribute path : jobDescription
17:40:03.133 [main] DEBUG org.hibernate.persister.walking.spi.MetamodelGraphWalker - Visiting attribute path : jobQualification
17:40:03.133 [main] DEBUG org.hibernate.persister.walking.spi.MetamodelGraphWalker - Visiting attribute path : jobStatus
17:40:03.133 [main] DEBUG org.hibernate.persister.walking.spi.MetamodelGraphWalker - Visiting attribute path : jobTitle
17:40:03.133 [main] DEBUG org.hibernate.loader.plan.build.internal.FetchStyleLoadPlanBuildingAssociationVisitationStrategy - Building LoadPlan...
17:40:03.133 [main] DEBUG org.hibernate.loader.plan.exec.internal.LoadQueryJoinAndFetchProcessor - processing queryspace &lt;gen:0&gt;
17:40:03.133 [main] DEBUG org.hibernate.loader.plan.build.spi.LoadPlanTreePrinter - LoadPlan(entity=com.niit.model.Job)
    - Returns
       - EntityReturnImpl(entity=com.niit.model.Job, querySpaceUid=&lt;gen:0&gt;, path=com.niit.model.Job)
    - QuerySpaces
       - EntityQuerySpaceImpl(uid=&lt;gen:0&gt;, entity=com.niit.model.Job)
          - SQL table alias mapping - job0_
          - alias suffix - 0_
          - suffixed key columns - {jobId1_5_0_}

17:40:03.133 [main] DEBUG org.hibernate.loader.entity.plan.EntityLoader - Static select for entity com.niit.model.Job [OPTIMISTIC_FORCE_INCREMENT]: select job0_.jobId as jobId1_5_0_, job0_.createDate as createDa2_5_0_, job0_.jobDescription as jobDescr3_5_0_, job0_.jobQualification as jobQuali4_5_0_, job0_.jobStatus as jobStatu5_5_0_, job0_.jobTitle as jobTitle6_5_0_ from CJob job0_ where job0_.jobId=?
17:40:03.154 [main] DEBUG org.hibernate.loader.Loader - Static select for action ACTION_MERGE on entity com.niit.model.Job: select job0_.jobId as jobId1_5_0_, job0_.createDate as createDa2_5_0_, job0_.jobDescription as jobDescr3_5_0_, job0_.jobQualification as jobQuali4_5_0_, job0_.jobStatus as jobStatu5_5_0_, job0_.jobTitle as jobTitle6_5_0_ from CJob job0_ where job0_.jobId=?
17:40:03.161 [main] DEBUG org.hibernate.loader.Loader - Static select for action ACTION_REFRESH on entity com.niit.model.Job: select job0_.jobId as jobId1_5_0_, job0_.createDate as createDa2_5_0_, job0_.jobDescription as jobDescr3_5_0_, job0_.jobQualification as jobQuali4_5_0_, job0_.jobStatus as jobStatu5_5_0_, job0_.jobTitle as jobTitle6_5_0_ from CJob job0_ where job0_.jobId=?
17:40:03.162 [main] DEBUG org.hibernate.persister.entity.AbstractEntityPersister - Static SQL for entity: com.niit.model.ChatForum
17:40:03.162 [main] DEBUG org.hibernate.persister.entity.AbstractEntityPersister -  Version select: select id from C_FORUM where id =?
17:40:03.162 [main] DEBUG org.hibernate.persister.entity.AbstractEntityPersister -  Snapshot select: select chatforum_.id, chatforum_.created_date as created_2_9_, chatforum_.message as message3_9_, chatforum_.user_id as user_id4_9_ from C_FORUM chatforum_ where chatforum_.id=?
17:40:03.162 [main] DEBUG org.hibernate.persister.entity.AbstractEntityPersister -  Insert 0: insert into C_FORUM (created_date, message, user_id, id) values (?, ?, ?, ?)
17:40:03.162 [main] DEBUG org.hibernate.persister.entity.AbstractEntityPersister -  Update 0: update C_FORUM set created_date=?, message=?, user_id=? where id=?
17:40:03.162 [main] DEBUG org.hibernate.persister.entity.AbstractEntityPersister -  Delete 0: delete from C_FORUM where id=?
17:40:03.162 [main] DEBUG org.hibernate.loader.plan.build.internal.spaces.QuerySpacesImpl - Adding QuerySpace : uid = &lt;gen:0&gt; -&gt; org.hibernate.loader.plan.build.internal.spaces.EntityQuerySpaceImpl@2e1ddc90]
17:40:03.163 [main] DEBUG org.hibernate.persister.walking.spi.MetamodelGraphWalker - Visiting attribute path : createdDate
17:40:03.163 [main] DEBUG org.hibernate.persister.walking.spi.MetamodelGraphWalker - Visiting attribute path : message
17:40:03.163 [main] DEBUG org.hibernate.persister.walking.spi.MetamodelGraphWalker - Visiting attribute path : userID
17:40:03.163 [main] DEBUG org.hibernate.loader.plan.build.internal.FetchStyleLoadPlanBuildingAssociationVisitationStrategy - Building LoadPlan...
17:40:03.163 [main] DEBUG org.hibernate.loader.plan.exec.internal.LoadQueryJoinAndFetchProcessor - processing queryspace &lt;gen:0&gt;
17:40:03.163 [main] DEBUG org.hibernate.loader.plan.build.spi.LoadPlanTreePrinter - LoadPlan(entity=com.niit.model.ChatForum)
    - Returns
       - EntityReturnImpl(entity=com.niit.model.ChatForum, querySpaceUid=&lt;gen:0&gt;, path=com.niit.model.ChatForum)
    - QuerySpaces
       - EntityQuerySpaceImpl(uid=&lt;gen:0&gt;, entity=com.niit.model.ChatForum)
          - SQL table alias mapping - chatforum0_
          - alias suffix - 0_
          - suffixed key columns - {id1_9_0_}

17:40:03.163 [main] DEBUG org.hibernate.loader.entity.plan.EntityLoader - Static select for entity com.niit.model.ChatForum [NONE]: select chatforum0_.id as id1_9_0_, chatforum0_.created_date as created_2_9_0_, chatforum0_.message as message3_9_0_, chatforum0_.user_id as user_id4_9_0_ from C_FORUM chatforum0_ where chatforum0_.id=?
17:40:03.163 [main] DEBUG org.hibernate.loader.plan.build.internal.spaces.QuerySpacesImpl - Adding QuerySpace : uid = &lt;gen:0&gt; -&gt; org.hibernate.loader.plan.build.internal.spaces.EntityQuerySpaceImpl@58867cd5]
17:40:03.163 [main] DEBUG org.hibernate.persister.walking.spi.MetamodelGraphWalker - Visiting attribute path : createdDate
17:40:03.163 [main] DEBUG org.hibernate.persister.walking.spi.MetamodelGraphWalker - Visiting attribute path : message
17:40:03.163 [main] DEBUG org.hibernate.persister.walking.spi.MetamodelGraphWalker - Visiting attribute path : userID
17:40:03.163 [main] DEBUG org.hibernate.loader.plan.build.internal.FetchStyleLoadPlanBuildingAssociationVisitationStrategy - Building LoadPlan...
17:40:03.163 [main] DEBUG org.hibernate.loader.plan.exec.internal.LoadQueryJoinAndFetchProcessor - processing queryspace &lt;gen:0&gt;
17:40:03.164 [main] DEBUG org.hibernate.loader.plan.build.spi.LoadPlanTreePrinter - LoadPlan(entity=com.niit.model.ChatForum)
    - Returns
       - EntityReturnImpl(entity=com.niit.model.ChatForum, querySpaceUid=&lt;gen:0&gt;, path=com.niit.model.ChatForum)
    - QuerySpaces
       - EntityQuerySpaceImpl(uid=&lt;gen:0&gt;, entity=com.niit.model.ChatForum)
          - SQL table alias mapping - chatforum0_
          - alias suffix - 0_
          - suffixed key columns - {id1_9_0_}

17:40:03.164 [main] DEBUG org.hibernate.loader.entity.plan.EntityLoader - Static select for entity com.niit.model.ChatForum [READ]: select chatforum0_.id as id1_9_0_, chatforum0_.created_date as created_2_9_0_, chatforum0_.message as message3_9_0_, chatforum0_.user_id as user_id4_9_0_ from C_FORUM chatforum0_ where chatforum0_.id=?
17:40:03.164 [main] DEBUG org.hibernate.loader.plan.build.internal.spaces.QuerySpacesImpl - Adding QuerySpace : uid = &lt;gen:0&gt; -&gt; org.hibernate.loader.plan.build.internal.spaces.EntityQuerySpaceImpl@5a8ab2]
17:40:03.164 [main] DEBUG org.hibernate.persister.walking.spi.MetamodelGraphWalker - Visiting attribute path : createdDate
17:40:03.164 [main] DEBUG org.hibernate.persister.walking.spi.MetamodelGraphWalker - Visiting attribute path : message
17:40:03.164 [main] DEBUG org.hibernate.persister.walking.spi.MetamodelGraphWalker - Visiting attribute path : userID
17:40:03.164 [main] DEBUG org.hibernate.loader.plan.build.internal.FetchStyleLoadPlanBuildingAssociationVisitationStrategy - Building LoadPlan...
17:40:03.164 [main] DEBUG org.hibernate.loader.plan.exec.internal.LoadQueryJoinAndFetchProcessor - processing queryspace &lt;gen:0&gt;
17:40:03.164 [main] DEBUG org.hibernate.loader.plan.build.spi.LoadPlanTreePrinter - LoadPlan(entity=com.niit.model.ChatForum)
    - Returns
       - EntityReturnImpl(entity=com.niit.model.ChatForum, querySpaceUid=&lt;gen:0&gt;, path=com.niit.model.ChatForum)
    - QuerySpaces
       - EntityQuerySpaceImpl(uid=&lt;gen:0&gt;, entity=com.niit.model.ChatForum)
          - SQL table alias mapping - chatforum0_
          - alias suffix - 0_
          - suffixed key columns - {id1_9_0_}

17:40:03.164 [main] DEBUG org.hibernate.loader.entity.plan.EntityLoader - Static select for entity com.niit.model.ChatForum [UPGRADE]: select chatforum0_.id as id1_9_0_, chatforum0_.created_date as created_2_9_0_, chatforum0_.message as message3_9_0_, chatforum0_.user_id as user_id4_9_0_ from C_FORUM chatforum0_ where chatforum0_.id=? for update
17:40:03.165 [main] DEBUG org.hibernate.loader.plan.build.internal.spaces.QuerySpacesImpl - Adding QuerySpace : uid = &lt;gen:0&gt; -&gt; org.hibernate.loader.plan.build.internal.spaces.EntityQuerySpaceImpl@54db056b]
17:40:03.165 [main] DEBUG org.hibernate.persister.walking.spi.MetamodelGraphWalker - Visiting attribute path : createdDate
17:40:03.165 [main] DEBUG org.hibernate.persister.walking.spi.MetamodelGraphWalker - Visiting attribute path : message
17:40:03.165 [main] DEBUG org.hibernate.persister.walking.spi.MetamodelGraphWalker - Visiting attribute path : userID
17:40:03.165 [main] DEBUG org.hibernate.loader.plan.build.internal.FetchStyleLoadPlanBuildingAssociationVisitationStrategy - Building LoadPlan...
17:40:03.165 [main] DEBUG org.hibernate.loader.plan.exec.internal.LoadQueryJoinAndFetchProcessor - processing queryspace &lt;gen:0&gt;
17:40:03.165 [main] DEBUG org.hibernate.loader.plan.build.spi.LoadPlanTreePrinter - LoadPlan(entity=com.niit.model.ChatForum)
    - Returns
       - EntityReturnImpl(entity=com.niit.model.ChatForum, querySpaceUid=&lt;gen:0&gt;, path=com.niit.model.ChatForum)
    - QuerySpaces
       - EntityQuerySpaceImpl(uid=&lt;gen:0&gt;, entity=com.niit.model.ChatForum)
          - SQL table alias mapping - chatforum0_
          - alias suffix - 0_
          - suffixed key columns - {id1_9_0_}

17:40:03.166 [main] DEBUG org.hibernate.loader.entity.plan.EntityLoader - Static select for entity com.niit.model.ChatForum [UPGRADE_NOWAIT]: select chatforum0_.id as id1_9_0_, chatforum0_.created_date as created_2_9_0_, chatforum0_.message as message3_9_0_, chatforum0_.user_id as user_id4_9_0_ from C_FORUM chatforum0_ where chatforum0_.id=? for update
17:40:03.166 [main] DEBUG org.hibernate.loader.plan.build.internal.spaces.QuerySpacesImpl - Adding QuerySpace : uid = &lt;gen:0&gt; -&gt; org.hibernate.loader.plan.build.internal.spaces.EntityQuerySpaceImpl@5981f4a6]
17:40:03.166 [main] DEBUG org.hibernate.persister.walking.spi.MetamodelGraphWalker - Visiting attribute path : createdDate
17:40:03.166 [main] DEBUG org.hibernate.persister.walking.spi.MetamodelGraphWalker - Visiting attribute path : message
17:40:03.166 [main] DEBUG org.hibernate.persister.walking.spi.MetamodelGraphWalker - Visiting attribute path : userID
17:40:03.166 [main] DEBUG org.hibernate.loader.plan.build.internal.FetchStyleLoadPlanBuildingAssociationVisitationStrategy - Building LoadPlan...
17:40:03.166 [main] DEBUG org.hibernate.loader.plan.exec.internal.LoadQueryJoinAndFetchProcessor - processing queryspace &lt;gen:0&gt;
17:40:03.166 [main] DEBUG org.hibernate.loader.plan.build.spi.LoadPlanTreePrinter - LoadPlan(entity=com.niit.model.ChatForum)
    - Returns
       - EntityReturnImpl(entity=com.niit.model.ChatForum, querySpaceUid=&lt;gen:0&gt;, path=com.niit.model.ChatForum)
    - QuerySpaces
       - EntityQuerySpaceImpl(uid=&lt;gen:0&gt;, entity=com.niit.model.ChatForum)
          - SQL table alias mapping - chatforum0_
          - alias suffix - 0_
          - suffixed key columns - {id1_9_0_}

17:40:03.166 [main] DEBUG org.hibernate.loader.entity.plan.EntityLoader - Static select for entity com.niit.model.ChatForum [UPGRADE_SKIPLOCKED]: select chatforum0_.id as id1_9_0_, chatforum0_.created_date as created_2_9_0_, chatforum0_.message as message3_9_0_, chatforum0_.user_id as user_id4_9_0_ from C_FORUM chatforum0_ where chatforum0_.id=? for update
17:40:03.166 [main] DEBUG org.hibernate.loader.plan.build.internal.spaces.QuerySpacesImpl - Adding QuerySpace : uid = &lt;gen:0&gt; -&gt; org.hibernate.loader.plan.build.internal.spaces.EntityQuerySpaceImpl@6f231ced]
17:40:03.166 [main] DEBUG org.hibernate.persister.walking.spi.MetamodelGraphWalker - Visiting attribute path : createdDate
17:40:03.166 [main] DEBUG org.hibernate.persister.walking.spi.MetamodelGraphWalker - Visiting attribute path : message
17:40:03.166 [main] DEBUG org.hibernate.persister.walking.spi.MetamodelGraphWalker - Visiting attribute path : userID
17:40:03.166 [main] DEBUG org.hibernate.loader.plan.build.internal.FetchStyleLoadPlanBuildingAssociationVisitationStrategy - Building LoadPlan...
17:40:03.167 [main] DEBUG org.hibernate.loader.plan.exec.internal.LoadQueryJoinAndFetchProcessor - processing queryspace &lt;gen:0&gt;
17:40:03.167 [main] DEBUG org.hibernate.loader.plan.build.spi.LoadPlanTreePrinter - LoadPlan(entity=com.niit.model.ChatForum)
    - Returns
       - EntityReturnImpl(entity=com.niit.model.ChatForum, querySpaceUid=&lt;gen:0&gt;, path=com.niit.model.ChatForum)
    - QuerySpaces
       - EntityQuerySpaceImpl(uid=&lt;gen:0&gt;, entity=com.niit.model.ChatForum)
          - SQL table alias mapping - chatforum0_
          - alias suffix - 0_
          - suffixed key columns - {id1_9_0_}

17:40:03.167 [main] DEBUG org.hibernate.loader.entity.plan.EntityLoader - Static select for entity com.niit.model.ChatForum [FORCE]: select chatforum0_.id as id1_9_0_, chatforum0_.created_date as created_2_9_0_, chatforum0_.message as message3_9_0_, chatforum0_.user_id as user_id4_9_0_ from C_FORUM chatforum0_ where chatforum0_.id=? for update
17:40:03.167 [main] DEBUG org.hibernate.loader.plan.build.internal.spaces.QuerySpacesImpl - Adding QuerySpace : uid = &lt;gen:0&gt; -&gt; org.hibernate.loader.plan.build.internal.spaces.EntityQuerySpaceImpl@63d4f0a2]
17:40:03.167 [main] DEBUG org.hibernate.persister.walking.spi.MetamodelGraphWalker - Visiting attribute path : createdDate
17:40:03.167 [main] DEBUG org.hibernate.persister.walking.spi.MetamodelGraphWalker - Visiting attribute path : message
17:40:03.167 [main] DEBUG org.hibernate.persister.walking.spi.MetamodelGraphWalker - Visiting attribute path : userID
17:40:03.167 [main] DEBUG org.hibernate.loader.plan.build.internal.FetchStyleLoadPlanBuildingAssociationVisitationStrategy - Building LoadPlan...
17:40:03.167 [main] DEBUG org.hibernate.loader.plan.exec.internal.LoadQueryJoinAndFetchProcessor - processing queryspace &lt;gen:0&gt;
17:40:03.167 [main] DEBUG org.hibernate.loader.plan.build.spi.LoadPlanTreePrinter - LoadPlan(entity=com.niit.model.ChatForum)
    - Returns
       - EntityReturnImpl(entity=com.niit.model.ChatForum, querySpaceUid=&lt;gen:0&gt;, path=com.niit.model.ChatForum)
    - QuerySpaces
       - EntityQuerySpaceImpl(uid=&lt;gen:0&gt;, entity=com.niit.model.ChatForum)
          - SQL table alias mapping - chatforum0_
          - alias suffix - 0_
          - suffixed key columns - {id1_9_0_}

17:40:03.167 [main] DEBUG org.hibernate.loader.entity.plan.EntityLoader - Static select for entity com.niit.model.ChatForum [PESSIMISTIC_READ]: select chatforum0_.id as id1_9_0_, chatforum0_.created_date as created_2_9_0_, chatforum0_.message as message3_9_0_, chatforum0_.user_id as user_id4_9_0_ from C_FORUM chatforum0_ where chatforum0_.id=? for update
17:40:03.167 [main] DEBUG org.hibernate.loader.plan.build.internal.spaces.QuerySpacesImpl - Adding QuerySpace : uid = &lt;gen:0&gt; -&gt; org.hibernate.loader.plan.build.internal.spaces.EntityQuerySpaceImpl@a4b5ce3]
17:40:03.168 [main] DEBUG org.hibernate.persister.walking.spi.MetamodelGraphWalker - Visiting attribute path : createdDate
17:40:03.168 [main] DEBUG org.hibernate.persister.walking.spi.MetamodelGraphWalker - Visiting attribute path : message
17:40:03.168 [main] DEBUG org.hibernate.persister.walking.spi.MetamodelGraphWalker - Visiting attribute path : userID
17:40:03.168 [main] DEBUG org.hibernate.loader.plan.build.internal.FetchStyleLoadPlanBuildingAssociationVisitationStrategy - Building LoadPlan...
17:40:03.168 [main] DEBUG org.hibernate.loader.plan.exec.internal.LoadQueryJoinAndFetchProcessor - processing queryspace &lt;gen:0&gt;
17:40:03.168 [main] DEBUG org.hibernate.loader.plan.build.spi.LoadPlanTreePrinter - LoadPlan(entity=com.niit.model.ChatForum)
    - Returns
       - EntityReturnImpl(entity=com.niit.model.ChatForum, querySpaceUid=&lt;gen:0&gt;, path=com.niit.model.ChatForum)
    - QuerySpaces
       - EntityQuerySpaceImpl(uid=&lt;gen:0&gt;, entity=com.niit.model.ChatForum)
          - SQL table alias mapping - chatforum0_
          - alias suffix - 0_
          - suffixed key columns - {id1_9_0_}

17:40:03.168 [main] DEBUG org.hibernate.loader.entity.plan.EntityLoader - Static select for entity com.niit.model.ChatForum [PESSIMISTIC_WRITE]: select chatforum0_.id as id1_9_0_, chatforum0_.created_date as created_2_9_0_, chatforum0_.message as message3_9_0_, chatforum0_.user_id as user_id4_9_0_ from C_FORUM chatforum0_ where chatforum0_.id=? for update
17:40:03.168 [main] DEBUG org.hibernate.loader.plan.build.internal.spaces.QuerySpacesImpl - Adding QuerySpace : uid = &lt;gen:0&gt; -&gt; org.hibernate.loader.plan.build.internal.spaces.EntityQuerySpaceImpl@4b4eced1]
17:40:03.168 [main] DEBUG org.hibernate.persister.walking.spi.MetamodelGraphWalker - Visiting attribute path : createdDate
17:40:03.168 [main] DEBUG org.hibernate.persister.walking.spi.MetamodelGraphWalker - Visiting attribute path : message
17:40:03.168 [main] DEBUG org.hibernate.persister.walking.spi.MetamodelGraphWalker - Visiting attribute path : userID
17:40:03.168 [main] DEBUG org.hibernate.loader.plan.build.internal.FetchStyleLoadPlanBuildingAssociationVisitationStrategy - Building LoadPlan...
17:40:03.168 [main] DEBUG org.hibernate.loader.plan.exec.internal.LoadQueryJoinAndFetchProcessor - processing queryspace &lt;gen:0&gt;
17:40:03.169 [main] DEBUG org.hibernate.loader.plan.build.spi.LoadPlanTreePrinter - LoadPlan(entity=com.niit.model.ChatForum)
    - Returns
       - EntityReturnImpl(entity=com.niit.model.ChatForum, querySpaceUid=&lt;gen:0&gt;, path=com.niit.model.ChatForum)
    - QuerySpaces
       - EntityQuerySpaceImpl(uid=&lt;gen:0&gt;, entity=com.niit.model.ChatForum)
          - SQL table alias mapping - chatforum0_
          - alias suffix - 0_
          - suffixed key columns - {id1_9_0_}

17:40:03.169 [main] DEBUG org.hibernate.loader.entity.plan.EntityLoader - Static select for entity com.niit.model.ChatForum [PESSIMISTIC_FORCE_INCREMENT]: select chatforum0_.id as id1_9_0_, chatforum0_.created_date as created_2_9_0_, chatforum0_.message as message3_9_0_, chatforum0_.user_id as user_id4_9_0_ from C_FORUM chatforum0_ where chatforum0_.id=? for update
17:40:03.169 [main] DEBUG org.hibernate.loader.plan.build.internal.spaces.QuerySpacesImpl - Adding QuerySpace : uid = &lt;gen:0&gt; -&gt; org.hibernate.loader.plan.build.internal.spaces.EntityQuerySpaceImpl@216e9ca3]
17:40:03.169 [main] DEBUG org.hibernate.persister.walking.spi.MetamodelGraphWalker - Visiting attribute path : createdDate
17:40:03.169 [main] DEBUG org.hibernate.persister.walking.spi.MetamodelGraphWalker - Visiting attribute path : message
17:40:03.169 [main] DEBUG org.hibernate.persister.walking.spi.MetamodelGraphWalker - Visiting attribute path : userID
17:40:03.169 [main] DEBUG org.hibernate.loader.plan.build.internal.FetchStyleLoadPlanBuildingAssociationVisitationStrategy - Building LoadPlan...
17:40:03.169 [main] DEBUG org.hibernate.loader.plan.exec.internal.LoadQueryJoinAndFetchProcessor - processing queryspace &lt;gen:0&gt;
17:40:03.170 [main] DEBUG org.hibernate.loader.plan.build.spi.LoadPlanTreePrinter - LoadPlan(entity=com.niit.model.ChatForum)
    - Returns
       - EntityReturnImpl(entity=com.niit.model.ChatForum, querySpaceUid=&lt;gen:0&gt;, path=com.niit.model.ChatForum)
    - QuerySpaces
       - EntityQuerySpaceImpl(uid=&lt;gen:0&gt;, entity=com.niit.model.ChatForum)
          - SQL table alias mapping - chatforum0_
          - alias suffix - 0_
          - suffixed key columns - {id1_9_0_}

17:40:03.170 [main] DEBUG org.hibernate.loader.entity.plan.EntityLoader - Static select for entity com.niit.model.ChatForum [OPTIMISTIC]: select chatforum0_.id as id1_9_0_, chatforum0_.created_date as created_2_9_0_, chatforum0_.message as message3_9_0_, chatforum0_.user_id as user_id4_9_0_ from C_FORUM chatforum0_ where chatforum0_.id=?
17:40:03.170 [main] DEBUG org.hibernate.loader.plan.build.internal.spaces.QuerySpacesImpl - Adding QuerySpace : uid = &lt;gen:0&gt; -&gt; org.hibernate.loader.plan.build.internal.spaces.EntityQuerySpaceImpl@48976e6d]
17:40:03.170 [main] DEBUG org.hibernate.persister.walking.spi.MetamodelGraphWalker - Visiting attribute path : createdDate
17:40:03.171 [main] DEBUG org.hibernate.persister.walking.spi.MetamodelGraphWalker - Visiting attribute path : message
17:40:03.171 [main] DEBUG org.hibernate.persister.walking.spi.MetamodelGraphWalker - Visiting attribute path : userID
17:40:03.171 [main] DEBUG org.hibernate.loader.plan.build.internal.FetchStyleLoadPlanBuildingAssociationVisitationStrategy - Building LoadPlan...
17:40:03.171 [main] DEBUG org.hibernate.loader.plan.exec.internal.LoadQueryJoinAndFetchProcessor - processing queryspace &lt;gen:0&gt;
17:40:03.172 [main] DEBUG org.hibernate.loader.plan.build.spi.LoadPlanTreePrinter - LoadPlan(entity=com.niit.model.ChatForum)
    - Returns
       - EntityReturnImpl(entity=com.niit.model.ChatForum, querySpaceUid=&lt;gen:0&gt;, path=com.niit.model.ChatForum)
    - QuerySpaces
       - EntityQuerySpaceImpl(uid=&lt;gen:0&gt;, entity=com.niit.model.ChatForum)
          - SQL table alias mapping - chatforum0_
          - alias suffix - 0_
          - suffixed key columns - {id1_9_0_}

17:40:03.173 [main] DEBUG org.hibernate.loader.entity.plan.EntityLoader - Static select for entity com.niit.model.ChatForum [OPTIMISTIC_FORCE_INCREMENT]: select chatforum0_.id as id1_9_0_, chatforum0_.created_date as created_2_9_0_, chatforum0_.message as message3_9_0_, chatforum0_.user_id as user_id4_9_0_ from C_FORUM chatforum0_ where chatforum0_.id=?
17:40:03.173 [main] DEBUG org.hibernate.loader.Loader - Static select for action ACTION_MERGE on entity com.niit.model.ChatForum: select chatforum0_.id as id1_9_0_, chatforum0_.created_date as created_2_9_0_, chatforum0_.message as message3_9_0_, chatforum0_.user_id as user_id4_9_0_ from C_FORUM chatforum0_ where chatforum0_.id=?
17:40:03.173 [main] DEBUG org.hibernate.loader.Loader - Static select for action ACTION_REFRESH on entity com.niit.model.ChatForum: select chatforum0_.id as id1_9_0_, chatforum0_.created_date as created_2_9_0_, chatforum0_.message as message3_9_0_, chatforum0_.user_id as user_id4_9_0_ from C_FORUM chatforum0_ where chatforum0_.id=?
17:40:03.174 [main] DEBUG org.hibernate.persister.entity.AbstractEntityPersister - Static SQL for entity: com.niit.model.Friend
17:40:03.174 [main] DEBUG org.hibernate.persister.entity.AbstractEntityPersister -  Version select: select tableId from CFriend where tableId =?
17:40:03.174 [main] DEBUG org.hibernate.persister.entity.AbstractEntityPersister -  Snapshot select: select friend_.tableId, friend_.friendId as friendId2_4_, friend_.isOnline as isOnline3_4_, friend_.status as status4_4_, friend_.userId as userId5_4_ from CFriend friend_ where friend_.tableId=?
17:40:03.175 [main] DEBUG org.hibernate.persister.entity.AbstractEntityPersister -  Insert 0: insert into CFriend (friendId, isOnline, status, userId, tableId) values (?, ?, ?, ?, ?)
17:40:03.175 [main] DEBUG org.hibernate.persister.entity.AbstractEntityPersister -  Update 0: update CFriend set friendId=?, isOnline=?, status=?, userId=? where tableId=?
17:40:03.175 [main] DEBUG org.hibernate.persister.entity.AbstractEntityPersister -  Delete 0: delete from CFriend where tableId=?
17:40:03.175 [main] DEBUG org.hibernate.loader.plan.build.internal.spaces.QuerySpacesImpl - Adding QuerySpace : uid = &lt;gen:0&gt; -&gt; org.hibernate.loader.plan.build.internal.spaces.EntityQuerySpaceImpl@7f6874f2]
17:40:03.175 [main] DEBUG org.hibernate.persister.walking.spi.MetamodelGraphWalker - Visiting attribute path : friendId
17:40:03.175 [main] DEBUG org.hibernate.persister.walking.spi.MetamodelGraphWalker - Visiting attribute path : isOnline
17:40:03.175 [main] DEBUG org.hibernate.persister.walking.spi.MetamodelGraphWalker - Visiting attribute path : status
17:40:03.175 [main] DEBUG org.hibernate.persister.walking.spi.MetamodelGraphWalker - Visiting attribute path : userId
17:40:03.175 [main] DEBUG org.hibernate.loader.plan.build.internal.FetchStyleLoadPlanBuildingAssociationVisitationStrategy - Building LoadPlan...
17:40:03.176 [main] DEBUG org.hibernate.loader.plan.exec.internal.LoadQueryJoinAndFetchProcessor - processing queryspace &lt;gen:0&gt;
17:40:03.176 [main] DEBUG org.hibernate.loader.plan.build.spi.LoadPlanTreePrinter - LoadPlan(entity=com.niit.model.Friend)
    - Returns
       - EntityReturnImpl(entity=com.niit.model.Friend, querySpaceUid=&lt;gen:0&gt;, path=com.niit.model.Friend)
    - QuerySpaces
       - EntityQuerySpaceImpl(uid=&lt;gen:0&gt;, entity=com.niit.model.Friend)
          - SQL table alias mapping - friend0_
          - alias suffix - 0_
          - suffixed key columns - {tableId1_4_0_}

17:40:03.177 [main] DEBUG org.hibernate.loader.entity.plan.EntityLoader - Static select for entity com.niit.model.Friend [NONE]: select friend0_.tableId as tableId1_4_0_, friend0_.friendId as friendId2_4_0_, friend0_.isOnline as isOnline3_4_0_, friend0_.status as status4_4_0_, friend0_.userId as userId5_4_0_ from CFriend friend0_ where friend0_.tableId=?
17:40:03.179 [main] DEBUG org.hibernate.loader.plan.build.internal.spaces.QuerySpacesImpl - Adding QuerySpace : uid = &lt;gen:0&gt; -&gt; org.hibernate.loader.plan.build.internal.spaces.EntityQuerySpaceImpl@697a34af]
17:40:03.179 [main] DEBUG org.hibernate.persister.walking.spi.MetamodelGraphWalker - Visiting attribute path : friendId
17:40:03.179 [main] DEBUG org.hibernate.persister.walking.spi.MetamodelGraphWalker - Visiting attribute path : isOnline
17:40:03.179 [main] DEBUG org.hibernate.persister.walking.spi.MetamodelGraphWalker - Visiting attribute path : status
17:40:03.179 [main] DEBUG org.hibernate.persister.walking.spi.MetamodelGraphWalker - Visiting attribute path : userId
17:40:03.179 [main] DEBUG org.hibernate.loader.plan.build.internal.FetchStyleLoadPlanBuildingAssociationVisitationStrategy - Building LoadPlan...
17:40:03.180 [main] DEBUG org.hibernate.loader.plan.exec.internal.LoadQueryJoinAndFetchProcessor - processing queryspace &lt;gen:0&gt;
17:40:03.180 [main] DEBUG org.hibernate.loader.plan.build.spi.LoadPlanTreePrinter - LoadPlan(entity=com.niit.model.Friend)
    - Returns
       - EntityReturnImpl(entity=com.niit.model.Friend, querySpaceUid=&lt;gen:0&gt;, path=com.niit.model.Friend)
    - QuerySpaces
       - EntityQuerySpaceImpl(uid=&lt;gen:0&gt;, entity=com.niit.model.Friend)
          - SQL table alias mapping - friend0_
          - alias suffix - 0_
          - suffixed key columns - {tableId1_4_0_}

17:40:03.180 [main] DEBUG org.hibernate.loader.entity.plan.EntityLoader - Static select for entity com.niit.model.Friend [READ]: select friend0_.tableId as tableId1_4_0_, friend0_.friendId as friendId2_4_0_, friend0_.isOnline as isOnline3_4_0_, friend0_.status as status4_4_0_, friend0_.userId as userId5_4_0_ from CFriend friend0_ where friend0_.tableId=?
17:40:03.180 [main] DEBUG org.hibernate.loader.plan.build.internal.spaces.QuerySpacesImpl - Adding QuerySpace : uid = &lt;gen:0&gt; -&gt; org.hibernate.loader.plan.build.internal.spaces.EntityQuerySpaceImpl@4c5228e7]
17:40:03.180 [main] DEBUG org.hibernate.persister.walking.spi.MetamodelGraphWalker - Visiting attribute path : friendId
17:40:03.180 [main] DEBUG org.hibernate.persister.walking.spi.MetamodelGraphWalker - Visiting attribute path : isOnline
17:40:03.180 [main] DEBUG org.hibernate.persister.walking.spi.MetamodelGraphWalker - Visiting attribute path : status
17:40:03.180 [main] DEBUG org.hibernate.persister.walking.spi.MetamodelGraphWalker - Visiting attribute path : userId
17:40:03.180 [main] DEBUG org.hibernate.loader.plan.build.internal.FetchStyleLoadPlanBuildingAssociationVisitationStrategy - Building LoadPlan...
17:40:03.180 [main] DEBUG org.hibernate.loader.plan.exec.internal.LoadQueryJoinAndFetchProcessor - processing queryspace &lt;gen:0&gt;
17:40:03.181 [main] DEBUG org.hibernate.loader.plan.build.spi.LoadPlanTreePrinter - LoadPlan(entity=com.niit.model.Friend)
    - Returns
       - EntityReturnImpl(entity=com.niit.model.Friend, querySpaceUid=&lt;gen:0&gt;, path=com.niit.model.Friend)
    - QuerySpaces
       - EntityQuerySpaceImpl(uid=&lt;gen:0&gt;, entity=com.niit.model.Friend)
          - SQL table alias mapping - friend0_
          - alias suffix - 0_
          - suffixed key columns - {tableId1_4_0_}

17:40:03.181 [main] DEBUG org.hibernate.loader.entity.plan.EntityLoader - Static select for entity com.niit.model.Friend [UPGRADE]: select friend0_.tableId as tableId1_4_0_, friend0_.friendId as friendId2_4_0_, friend0_.isOnline as isOnline3_4_0_, friend0_.status as status4_4_0_, friend0_.userId as userId5_4_0_ from CFriend friend0_ where friend0_.tableId=? for update
17:40:03.181 [main] DEBUG org.hibernate.loader.plan.build.internal.spaces.QuerySpacesImpl - Adding QuerySpace : uid = &lt;gen:0&gt; -&gt; org.hibernate.loader.plan.build.internal.spaces.EntityQuerySpaceImpl@806996]
17:40:03.181 [main] DEBUG org.hibernate.persister.walking.spi.MetamodelGraphWalker - Visiting attribute path : friendId
17:40:03.181 [main] DEBUG org.hibernate.persister.walking.spi.MetamodelGraphWalker - Visiting attribute path : isOnline
17:40:03.181 [main] DEBUG org.hibernate.persister.walking.spi.MetamodelGraphWalker - Visiting attribute path : status
17:40:03.181 [main] DEBUG org.hibernate.persister.walking.spi.MetamodelGraphWalker - Visiting attribute path : userId
17:40:03.181 [main] DEBUG org.hibernate.loader.plan.build.internal.FetchStyleLoadPlanBuildingAssociationVisitationStrategy - Building LoadPlan...
17:40:03.181 [main] DEBUG org.hibernate.loader.plan.exec.internal.LoadQueryJoinAndFetchProcessor - processing queryspace &lt;gen:0&gt;
17:40:03.181 [main] DEBUG org.hibernate.loader.plan.build.spi.LoadPlanTreePrinter - LoadPlan(entity=com.niit.model.Friend)
    - Returns
       - EntityReturnImpl(entity=com.niit.model.Friend, querySpaceUid=&lt;gen:0&gt;, path=com.niit.model.Friend)
    - QuerySpaces
       - EntityQuerySpaceImpl(uid=&lt;gen:0&gt;, entity=com.niit.model.Friend)
          - SQL table alias mapping - friend0_
          - alias suffix - 0_
          - suffixed key columns - {tableId1_4_0_}

17:40:03.181 [main] DEBUG org.hibernate.loader.entity.plan.EntityLoader - Static select for entity com.niit.model.Friend [UPGRADE_NOWAIT]: select friend0_.tableId as tableId1_4_0_, friend0_.friendId as friendId2_4_0_, friend0_.isOnline as isOnline3_4_0_, friend0_.status as status4_4_0_, friend0_.userId as userId5_4_0_ from CFriend friend0_ where friend0_.tableId=? for update
17:40:03.181 [main] DEBUG org.hibernate.loader.plan.build.internal.spaces.QuerySpacesImpl - Adding QuerySpace : uid = &lt;gen:0&gt; -&gt; org.hibernate.loader.plan.build.internal.spaces.EntityQuerySpaceImpl@257e0827]
17:40:03.181 [main] DEBUG org.hibernate.persister.walking.spi.MetamodelGraphWalker - Visiting attribute path : friendId
17:40:03.181 [main] DEBUG org.hibernate.persister.walking.spi.MetamodelGraphWalker - Visiting attribute path : isOnline
17:40:03.181 [main] DEBUG org.hibernate.persister.walking.spi.MetamodelGraphWalker - Visiting attribute path : status
17:40:03.181 [main] DEBUG org.hibernate.persister.walking.spi.MetamodelGraphWalker - Visiting attribute path : userId
17:40:03.181 [main] DEBUG org.hibernate.loader.plan.build.internal.FetchStyleLoadPlanBuildingAssociationVisitationStrategy - Building LoadPlan...
17:40:03.182 [main] DEBUG org.hibernate.loader.plan.exec.internal.LoadQueryJoinAndFetchProcessor - processing queryspace &lt;gen:0&gt;
17:40:03.182 [main] DEBUG org.hibernate.loader.plan.build.spi.LoadPlanTreePrinter - LoadPlan(entity=com.niit.model.Friend)
    - Returns
       - EntityReturnImpl(entity=com.niit.model.Friend, querySpaceUid=&lt;gen:0&gt;, path=com.niit.model.Friend)
    - QuerySpaces
       - EntityQuerySpaceImpl(uid=&lt;gen:0&gt;, entity=com.niit.model.Friend)
          - SQL table alias mapping - friend0_
          - alias suffix - 0_
          - suffixed key columns - {tableId1_4_0_}

17:40:03.182 [main] DEBUG org.hibernate.loader.entity.plan.EntityLoader - Static select for entity com.niit.model.Friend [UPGRADE_SKIPLOCKED]: select friend0_.tableId as tableId1_4_0_, friend0_.friendId as friendId2_4_0_, friend0_.isOnline as isOnline3_4_0_, friend0_.status as status4_4_0_, friend0_.userId as userId5_4_0_ from CFriend friend0_ where friend0_.tableId=? for update
17:40:03.182 [main] DEBUG org.hibernate.loader.plan.build.internal.spaces.QuerySpacesImpl - Adding QuerySpace : uid = &lt;gen:0&gt; -&gt; org.hibernate.loader.plan.build.internal.spaces.EntityQuerySpaceImpl@21ba2445]
17:40:03.182 [main] DEBUG org.hibernate.persister.walking.spi.MetamodelGraphWalker - Visiting attribute path : friendId
17:40:03.183 [main] DEBUG org.hibernate.persister.walking.spi.MetamodelGraphWalker - Visiting attribute path : isOnline
17:40:03.183 [main] DEBUG org.hibernate.persister.walking.spi.MetamodelGraphWalker - Visiting attribute path : status
17:40:03.183 [main] DEBUG org.hibernate.persister.walking.spi.MetamodelGraphWalker - Visiting attribute path : userId
17:40:03.183 [main] DEBUG org.hibernate.loader.plan.build.internal.FetchStyleLoadPlanBuildingAssociationVisitationStrategy - Building LoadPlan...
17:40:03.183 [main] DEBUG org.hibernate.loader.plan.exec.internal.LoadQueryJoinAndFetchProcessor - processing queryspace &lt;gen:0&gt;
17:40:03.183 [main] DEBUG org.hibernate.loader.plan.build.spi.LoadPlanTreePrinter - LoadPlan(entity=com.niit.model.Friend)
    - Returns
       - EntityReturnImpl(entity=com.niit.model.Friend, querySpaceUid=&lt;gen:0&gt;, path=com.niit.model.Friend)
    - QuerySpaces
       - EntityQuerySpaceImpl(uid=&lt;gen:0&gt;, entity=com.niit.model.Friend)
          - SQL table alias mapping - friend0_
          - alias suffix - 0_
          - suffixed key columns - {tableId1_4_0_}

17:40:03.184 [main] DEBUG org.hibernate.loader.entity.plan.EntityLoader - Static select for entity com.niit.model.Friend [FORCE]: select friend0_.tableId as tableId1_4_0_, friend0_.friendId as friendId2_4_0_, friend0_.isOnline as isOnline3_4_0_, friend0_.status as status4_4_0_, friend0_.userId as userId5_4_0_ from CFriend friend0_ where friend0_.tableId=? for update
17:40:03.198 [main] DEBUG org.hibernate.loader.plan.build.internal.spaces.QuerySpacesImpl - Adding QuerySpace : uid = &lt;gen:0&gt; -&gt; org.hibernate.loader.plan.build.internal.spaces.EntityQuerySpaceImpl@3c3820bb]
17:40:03.199 [main] DEBUG org.hibernate.persister.walking.spi.MetamodelGraphWalker - Visiting attribute path : friendId
17:40:03.199 [main] DEBUG org.hibernate.persister.walking.spi.MetamodelGraphWalker - Visiting attribute path : isOnline
17:40:03.199 [main] DEBUG org.hibernate.persister.walking.spi.MetamodelGraphWalker - Visiting attribute path : status
17:40:03.199 [main] DEBUG org.hibernate.persister.walking.spi.MetamodelGraphWalker - Visiting attribute path : userId
17:40:03.199 [main] DEBUG org.hibernate.loader.plan.build.internal.FetchStyleLoadPlanBuildingAssociationVisitationStrategy - Building LoadPlan...
17:40:03.199 [main] DEBUG org.hibernate.loader.plan.exec.internal.LoadQueryJoinAndFetchProcessor - processing queryspace &lt;gen:0&gt;
17:40:03.200 [main] DEBUG org.hibernate.loader.plan.build.spi.LoadPlanTreePrinter - LoadPlan(entity=com.niit.model.Friend)
    - Returns
       - EntityReturnImpl(entity=com.niit.model.Friend, querySpaceUid=&lt;gen:0&gt;, path=com.niit.model.Friend)
    - QuerySpaces
       - EntityQuerySpaceImpl(uid=&lt;gen:0&gt;, entity=com.niit.model.Friend)
          - SQL table alias mapping - friend0_
          - alias suffix - 0_
          - suffixed key columns - {tableId1_4_0_}

17:40:03.200 [main] DEBUG org.hibernate.loader.entity.plan.EntityLoader - Static select for entity com.niit.model.Friend [PESSIMISTIC_READ]: select friend0_.tableId as tableId1_4_0_, friend0_.friendId as friendId2_4_0_, friend0_.isOnline as isOnline3_4_0_, friend0_.status as status4_4_0_, friend0_.userId as userId5_4_0_ from CFriend friend0_ where friend0_.tableId=? for update
17:40:03.200 [main] DEBUG org.hibernate.loader.plan.build.internal.spaces.QuerySpacesImpl - Adding QuerySpace : uid = &lt;gen:0&gt; -&gt; org.hibernate.loader.plan.build.internal.spaces.EntityQuerySpaceImpl@4784efd9]
17:40:03.200 [main] DEBUG org.hibernate.persister.walking.spi.MetamodelGraphWalker - Visiting attribute path : friendId
17:40:03.200 [main] DEBUG org.hibernate.persister.walking.spi.MetamodelGraphWalker - Visiting attribute path : isOnline
17:40:03.200 [main] DEBUG org.hibernate.persister.walking.spi.MetamodelGraphWalker - Visiting attribute path : status
17:40:03.200 [main] DEBUG org.hibernate.persister.walking.spi.MetamodelGraphWalker - Visiting attribute path : userId
17:40:03.203 [main] DEBUG org.hibernate.loader.plan.build.internal.FetchStyleLoadPlanBuildingAssociationVisitationStrategy - Building LoadPlan...
17:40:03.203 [main] DEBUG org.hibernate.loader.plan.exec.internal.LoadQueryJoinAndFetchProcessor - processing queryspace &lt;gen:0&gt;
17:40:03.203 [main] DEBUG org.hibernate.loader.plan.build.spi.LoadPlanTreePrinter - LoadPlan(entity=com.niit.model.Friend)
    - Returns
       - EntityReturnImpl(entity=com.niit.model.Friend, querySpaceUid=&lt;gen:0&gt;, path=com.niit.model.Friend)
    - QuerySpaces
       - EntityQuerySpaceImpl(uid=&lt;gen:0&gt;, entity=com.niit.model.Friend)
          - SQL table alias mapping - friend0_
          - alias suffix - 0_
          - suffixed key columns - {tableId1_4_0_}

17:40:03.203 [main] DEBUG org.hibernate.loader.entity.plan.EntityLoader - Static select for entity com.niit.model.Friend [PESSIMISTIC_WRITE]: select friend0_.tableId as tableId1_4_0_, friend0_.friendId as friendId2_4_0_, friend0_.isOnline as isOnline3_4_0_, friend0_.status as status4_4_0_, friend0_.userId as userId5_4_0_ from CFriend friend0_ where friend0_.tableId=? for update
17:40:03.204 [main] DEBUG org.hibernate.loader.plan.build.internal.spaces.QuerySpacesImpl - Adding QuerySpace : uid = &lt;gen:0&gt; -&gt; org.hibernate.loader.plan.build.internal.spaces.EntityQuerySpaceImpl@427ae189]
17:40:03.204 [main] DEBUG org.hibernate.persister.walking.spi.MetamodelGraphWalker - Visiting attribute path : friendId
17:40:03.204 [main] DEBUG org.hibernate.persister.walking.spi.MetamodelGraphWalker - Visiting attribute path : isOnline
17:40:03.204 [main] DEBUG org.hibernate.persister.walking.spi.MetamodelGraphWalker - Visiting attribute path : status
17:40:03.204 [main] DEBUG org.hibernate.persister.walking.spi.MetamodelGraphWalker - Visiting attribute path : userId
17:40:03.208 [main] DEBUG org.hibernate.loader.plan.build.internal.FetchStyleLoadPlanBuildingAssociationVisitationStrategy - Building LoadPlan...
17:40:03.211 [main] DEBUG org.hibernate.loader.plan.exec.internal.LoadQueryJoinAndFetchProcessor - processing queryspace &lt;gen:0&gt;
17:40:03.211 [main] DEBUG org.hibernate.loader.plan.build.spi.LoadPlanTreePrinter - LoadPlan(entity=com.niit.model.Friend)
    - Returns
       - EntityReturnImpl(entity=com.niit.model.Friend, querySpaceUid=&lt;gen:0&gt;, path=com.niit.model.Friend)
    - QuerySpaces
       - EntityQuerySpaceImpl(uid=&lt;gen:0&gt;, entity=com.niit.model.Friend)
          - SQL table alias mapping - friend0_
          - alias suffix - 0_
          - suffixed key columns - {tableId1_4_0_}

17:40:03.211 [main] DEBUG org.hibernate.loader.entity.plan.EntityLoader - Static select for entity com.niit.model.Friend [PESSIMISTIC_FORCE_INCREMENT]: select friend0_.tableId as tableId1_4_0_, friend0_.friendId as friendId2_4_0_, friend0_.isOnline as isOnline3_4_0_, friend0_.status as status4_4_0_, friend0_.userId as userId5_4_0_ from CFriend friend0_ where friend0_.tableId=? for update
17:40:03.212 [main] DEBUG org.hibernate.loader.plan.build.internal.spaces.QuerySpacesImpl - Adding QuerySpace : uid = &lt;gen:0&gt; -&gt; org.hibernate.loader.plan.build.internal.spaces.EntityQuerySpaceImpl@76332405]
17:40:03.212 [main] DEBUG org.hibernate.persister.walking.spi.MetamodelGraphWalker - Visiting attribute path : friendId
17:40:03.213 [main] DEBUG org.hibernate.persister.walking.spi.MetamodelGraphWalker - Visiting attribute path : isOnline
17:40:03.213 [main] DEBUG org.hibernate.persister.walking.spi.MetamodelGraphWalker - Visiting attribute path : status
17:40:03.213 [main] DEBUG org.hibernate.persister.walking.spi.MetamodelGraphWalker - Visiting attribute path : userId
17:40:03.213 [main] DEBUG org.hibernate.loader.plan.build.internal.FetchStyleLoadPlanBuildingAssociationVisitationStrategy - Building LoadPlan...
17:40:03.213 [main] DEBUG org.hibernate.loader.plan.exec.internal.LoadQueryJoinAndFetchProcessor - processing queryspace &lt;gen:0&gt;
17:40:03.214 [main] DEBUG org.hibernate.loader.plan.build.spi.LoadPlanTreePrinter - LoadPlan(entity=com.niit.model.Friend)
    - Returns
       - EntityReturnImpl(entity=com.niit.model.Friend, querySpaceUid=&lt;gen:0&gt;, path=com.niit.model.Friend)
    - QuerySpaces
       - EntityQuerySpaceImpl(uid=&lt;gen:0&gt;, entity=com.niit.model.Friend)
          - SQL table alias mapping - friend0_
          - alias suffix - 0_
          - suffixed key columns - {tableId1_4_0_}

17:40:03.214 [main] DEBUG org.hibernate.loader.entity.plan.EntityLoader - Static select for entity com.niit.model.Friend [OPTIMISTIC]: select friend0_.tableId as tableId1_4_0_, friend0_.friendId as friendId2_4_0_, friend0_.isOnline as isOnline3_4_0_, friend0_.status as status4_4_0_, friend0_.userId as userId5_4_0_ from CFriend friend0_ where friend0_.tableId=?
17:40:03.214 [main] DEBUG org.hibernate.loader.plan.build.internal.spaces.QuerySpacesImpl - Adding QuerySpace : uid = &lt;gen:0&gt; -&gt; org.hibernate.loader.plan.build.internal.spaces.EntityQuerySpaceImpl@d1d8e1a]
17:40:03.214 [main] DEBUG org.hibernate.persister.walking.spi.MetamodelGraphWalker - Visiting attribute path : friendId
17:40:03.214 [main] DEBUG org.hibernate.persister.walking.spi.MetamodelGraphWalker - Visiting attribute path : isOnline
17:40:03.214 [main] DEBUG org.hibernate.persister.walking.spi.MetamodelGraphWalker - Visiting attribute path : status
17:40:03.214 [main] DEBUG org.hibernate.persister.walking.spi.MetamodelGraphWalker - Visiting attribute path : userId
17:40:03.214 [main] DEBUG org.hibernate.loader.plan.build.internal.FetchStyleLoadPlanBuildingAssociationVisitationStrategy - Building LoadPlan...
17:40:03.215 [main] DEBUG org.hibernate.loader.plan.exec.internal.LoadQueryJoinAndFetchProcessor - processing queryspace &lt;gen:0&gt;
17:40:03.215 [main] DEBUG org.hibernate.loader.plan.build.spi.LoadPlanTreePrinter - LoadPlan(entity=com.niit.model.Friend)
    - Returns
       - EntityReturnImpl(entity=com.niit.model.Friend, querySpaceUid=&lt;gen:0&gt;, path=com.niit.model.Friend)
    - QuerySpaces
       - EntityQuerySpaceImpl(uid=&lt;gen:0&gt;, entity=com.niit.model.Friend)
          - SQL table alias mapping - friend0_
          - alias suffix - 0_
          - suffixed key columns - {tableId1_4_0_}

17:40:03.215 [main] DEBUG org.hibernate.loader.entity.plan.EntityLoader - Static select for entity com.niit.model.Friend [OPTIMISTIC_FORCE_INCREMENT]: select friend0_.tableId as tableId1_4_0_, friend0_.friendId as friendId2_4_0_, friend0_.isOnline as isOnline3_4_0_, friend0_.status as status4_4_0_, friend0_.userId as userId5_4_0_ from CFriend friend0_ where friend0_.tableId=?
17:40:03.215 [main] DEBUG org.hibernate.loader.Loader - Static select for action ACTION_MERGE on entity com.niit.model.Friend: select friend0_.tableId as tableId1_4_0_, friend0_.friendId as friendId2_4_0_, friend0_.isOnline as isOnline3_4_0_, friend0_.status as status4_4_0_, friend0_.userId as userId5_4_0_ from CFriend friend0_ where friend0_.tableId=?
17:40:03.216 [main] DEBUG org.hibernate.loader.Loader - Static select for action ACTION_REFRESH on entity com.niit.model.Friend: select friend0_.tableId as tableId1_4_0_, friend0_.friendId as friendId2_4_0_, friend0_.isOnline as isOnline3_4_0_, friend0_.status as status4_4_0_, friend0_.userId as userId5_4_0_ from CFriend friend0_ where friend0_.tableId=?
17:40:03.216 [main] DEBUG org.hibernate.internal.SessionFactoryRegistry - Registering SessionFactory: 05f770a2-1fc9-414b-9bfe-f640eb9b895a (&lt;unnamed&gt;)
17:40:03.216 [main] DEBUG org.hibernate.internal.SessionFactoryRegistry - Not binding SessionFactory to JNDI, no JNDI name configured
17:40:03.216 [main] DEBUG org.hibernate.internal.SessionFactoryImpl - Instantiated session factory
17:40:03.218 [main] INFO org.hibernate.tool.hbm2ddl.SchemaUpdate - HHH000228: Running hbm2ddl schema update
17:40:03.218 [main] INFO org.hibernate.tool.hbm2ddl.SchemaUpdate - HHH000102: Fetching database metadata
17:40:03.270 [main] INFO org.hibernate.tool.hbm2ddl.SchemaUpdate - HHH000396: Updating schema
17:40:03.270 [main] DEBUG org.hibernate.cfg.Configuration - Processing hbm.xml files
17:40:03.270 [main] DEBUG org.hibernate.cfg.Configuration - Process annotated classes
17:40:03.270 [main] DEBUG org.hibernate.cfg.Configuration - Processing fk mappings (*ToOne and JoinedSubclass)
17:40:03.270 [main] DEBUG org.hibernate.cfg.Configuration - Processing extends queue
17:40:03.270 [main] DEBUG org.hibernate.cfg.Configuration - Processing extends queue
17:40:03.270 [main] DEBUG org.hibernate.cfg.Configuration - Processing collection mappings
17:40:03.270 [main] DEBUG org.hibernate.cfg.Configuration - Processing native query and ResultSetMapping mappings
17:40:03.270 [main] DEBUG org.hibernate.cfg.Configuration - Processing association property references
17:40:03.270 [main] DEBUG org.hibernate.cfg.Configuration - Creating tables&apos; unique integer identifiers
17:40:03.270 [main] DEBUG org.hibernate.cfg.Configuration - Processing foreign key constraints
17:40:03.277 [main] INFO org.hibernate.tool.hbm2ddl.TableMetadata - HHH000261: Table found: COLLABORATION.PUBLIC.CBLOG
17:40:03.277 [main] INFO org.hibernate.tool.hbm2ddl.TableMetadata - HHH000037: Columns: [blogname, blogcontent, createdate, blogid, userid, remarks, likes, status]
17:40:03.277 [main] INFO org.hibernate.tool.hbm2ddl.TableMetadata - HHH000108: Foreign keys: []
17:40:03.277 [main] INFO org.hibernate.tool.hbm2ddl.TableMetadata - HHH000126: Indexes: [primary_key_3]
17:40:03.281 [main] INFO org.hibernate.tool.hbm2ddl.TableMetadata - HHH000261: Table found: COLLABORATION.PUBLIC.CBLOGCOMMENT
17:40:03.281 [main] INFO org.hibernate.tool.hbm2ddl.TableMetadata - HHH000037: Columns: [commentdate, blogcommentid, blogid, userid, blogcomment, username]
17:40:03.281 [main] INFO org.hibernate.tool.hbm2ddl.TableMetadata - HHH000108: Foreign keys: []
17:40:03.281 [main] INFO org.hibernate.tool.hbm2ddl.TableMetadata - HHH000126: Indexes: [primary_key_e]
17:40:03.286 [main] INFO org.hibernate.tool.hbm2ddl.TableMetadata - HHH000261: Table found: COLLABORATION.PUBLIC.CFORUM
17:40:03.286 [main] INFO org.hibernate.tool.hbm2ddl.TableMetadata - HHH000037: Columns: [createdate, forumcontent, forumname, userid, forumid, remarks, status]
17:40:03.286 [main] INFO org.hibernate.tool.hbm2ddl.TableMetadata - HHH000108: Foreign keys: []
17:40:03.286 [main] INFO org.hibernate.tool.hbm2ddl.TableMetadata - HHH000126: Indexes: [primary_key_7]
17:40:03.290 [main] INFO org.hibernate.tool.hbm2ddl.TableMetadata - HHH000261: Table found: COLLABORATION.PUBLIC.CFORUMCOMMENT
17:40:03.290 [main] INFO org.hibernate.tool.hbm2ddl.TableMetadata - HHH000037: Columns: [forumcommentid, commentdate, forumcomment, userid, forumid, username]
17:40:03.290 [main] INFO org.hibernate.tool.hbm2ddl.TableMetadata - HHH000108: Foreign keys: []
17:40:03.290 [main] INFO org.hibernate.tool.hbm2ddl.TableMetadata - HHH000126: Indexes: [primary_key_9]
17:40:03.294 [main] INFO org.hibernate.tool.hbm2ddl.TableMetadata - HHH000261: Table found: COLLABORATION.PUBLIC.CFRIEND
17:40:03.294 [main] INFO org.hibernate.tool.hbm2ddl.TableMetadata - HHH000037: Columns: [friendid, tableid, userid, isonline, status]
17:40:03.294 [main] INFO org.hibernate.tool.hbm2ddl.TableMetadata - HHH000108: Foreign keys: []
17:40:03.294 [main] INFO org.hibernate.tool.hbm2ddl.TableMetadata - HHH000126: Indexes: [primary_key_5]
17:40:03.301 [main] INFO org.hibernate.tool.hbm2ddl.TableMetadata - HHH000261: Table found: COLLABORATION.PUBLIC.CJOB
17:40:03.301 [main] INFO org.hibernate.tool.hbm2ddl.TableMetadata - HHH000037: Columns: [jobid, jobdescription, jobtitle, jobstatus, createdate, jobqualification]
17:40:03.301 [main] INFO org.hibernate.tool.hbm2ddl.TableMetadata - HHH000108: Foreign keys: []
17:40:03.301 [main] INFO org.hibernate.tool.hbm2ddl.TableMetadata - HHH000126: Indexes: [primary_key_1]
17:40:03.305 [main] INFO org.hibernate.tool.hbm2ddl.TableMetadata - HHH000261: Table found: COLLABORATION.PUBLIC.CJOBAPPLIED
17:40:03.305 [main] INFO org.hibernate.tool.hbm2ddl.TableMetadata - HHH000037: Columns: [jobid, dateapplied, jobappliedid, userid, remarks, status]
17:40:03.305 [main] INFO org.hibernate.tool.hbm2ddl.TableMetadata - HHH000108: Foreign keys: []
17:40:03.305 [main] INFO org.hibernate.tool.hbm2ddl.TableMetadata - HHH000126: Indexes: [primary_key_19]
17:40:03.310 [main] INFO org.hibernate.tool.hbm2ddl.TableMetadata - HHH000261: Table found: COLLABORATION.PUBLIC.CPROFILEPIC
17:40:03.310 [main] INFO org.hibernate.tool.hbm2ddl.TableMetadata - HHH000037: Columns: [filename, filedata, profilepicsid, userid]
17:40:03.310 [main] INFO org.hibernate.tool.hbm2ddl.TableMetadata - HHH000108: Foreign keys: []
17:40:03.310 [main] INFO org.hibernate.tool.hbm2ddl.TableMetadata - HHH000126: Indexes: [primary_key_d]
17:40:03.316 [main] INFO org.hibernate.tool.hbm2ddl.TableMetadata - HHH000261: Table found: COLLABORATION.PUBLIC.CUSER
17:40:03.316 [main] INFO org.hibernate.tool.hbm2ddl.TableMetadata - HHH000037: Columns: [firstname, password, role, userid, email, remarks, isonline, lastname, status]
17:40:03.316 [main] INFO org.hibernate.tool.hbm2ddl.TableMetadata - HHH000108: Foreign keys: []
17:40:03.316 [main] INFO org.hibernate.tool.hbm2ddl.TableMetadata - HHH000126: Indexes: [primary_key_3d]
17:40:03.323 [main] INFO org.hibernate.tool.hbm2ddl.TableMetadata - HHH000261: Table found: COLLABORATION.PUBLIC.C_FORUM
17:40:03.323 [main] INFO org.hibernate.tool.hbm2ddl.TableMetadata - HHH000037: Columns: [user_id, id, created_date, message]
17:40:03.323 [main] INFO org.hibernate.tool.hbm2ddl.TableMetadata - HHH000108: Foreign keys: []
17:40:03.323 [main] INFO org.hibernate.tool.hbm2ddl.TableMetadata - HHH000126: Indexes: [primary_key_7e]
17:40:03.323 [main] DEBUG org.hibernate.id.factory.internal.DefaultIdentifierGeneratorFactory - Setting dialect [org.hibernate.dialect.H2Dialect]
17:40:03.323 [main] DEBUG org.hibernate.id.factory.internal.DefaultIdentifierGeneratorFactory - Setting dialect [org.hibernate.dialect.H2Dialect]
17:40:03.323 [main] DEBUG org.hibernate.id.factory.internal.DefaultIdentifierGeneratorFactory - Setting dialect [org.hibernate.dialect.H2Dialect]
17:40:03.323 [main] DEBUG org.hibernate.id.factory.internal.DefaultIdentifierGeneratorFactory - Setting dialect [org.hibernate.dialect.H2Dialect]
17:40:03.324 [main] DEBUG org.hibernate.id.factory.internal.DefaultIdentifierGeneratorFactory - Setting dialect [org.hibernate.dialect.H2Dialect]
17:40:03.324 [main] DEBUG org.hibernate.id.factory.internal.DefaultIdentifierGeneratorFactory - Setting dialect [org.hibernate.dialect.H2Dialect]
17:40:03.324 [main] DEBUG org.hibernate.id.factory.internal.DefaultIdentifierGeneratorFactory - Setting dialect [org.hibernate.dialect.H2Dialect]
17:40:03.324 [main] DEBUG org.hibernate.id.factory.internal.DefaultIdentifierGeneratorFactory - Setting dialect [org.hibernate.dialect.H2Dialect]
17:40:03.324 [main] DEBUG org.hibernate.id.factory.internal.DefaultIdentifierGeneratorFactory - Setting dialect [org.hibernate.dialect.H2Dialect]
17:40:03.324 [main] DEBUG org.hibernate.id.factory.internal.DefaultIdentifierGeneratorFactory - Setting dialect [org.hibernate.dialect.H2Dialect]
17:40:03.324 [main] INFO org.hibernate.tool.hbm2ddl.SchemaUpdate - HHH000232: Schema update complete
17:40:03.327 [main] DEBUG org.hibernate.internal.NamedQueryRepository - Checking 0 named HQL queries
17:40:03.328 [main] DEBUG org.hibernate.internal.NamedQueryRepository - Checking 0 named SQL queries
17:40:03.328 [main] DEBUG org.hibernate.stat.internal.StatisticsInitiator - Statistics initialized [enabled=false]
17:40:03.349 [main] DEBUG org.hibernate.internal.SessionFactoryImpl - HHH000031: Closing
17:40:03.349 [main] DEBUG org.hibernate.boot.registry.internal.BootstrapServiceRegistryImpl - Implicitly destroying Boot-strap registry on de-registration of all child ServiceRegistries
17:40:03.350 [main] DEBUG org.hibernate.service.internal.AbstractServiceRegistryImpl - Implicitly destroying ServiceRegistry on de-registration of all child ServiceRegistries
</system-out>
    <system-err>Nov 26, 2017 5:40:01 PM org.springframework.context.annotation.AnnotationConfigApplicationContext prepareRefresh
INFO: Refreshing org.springframework.context.annotation.AnnotationConfigApplicationContext@2b10ace9: startup date [Sun Nov 26 17:40:01 IST 2017]; root of context hierarchy
Nov 26, 2017 5:40:02 PM org.springframework.beans.factory.annotation.AutowiredAnnotationBeanPostProcessor doWith
WARNING: Autowired annotation is not supported on static fields: static org.springframework.context.annotation.AnnotationConfigApplicationContext com.niit.junittestcases.BlogCommentDAOTestCase.context
Nov 26, 2017 5:40:02 PM org.springframework.beans.factory.annotation.AutowiredAnnotationBeanPostProcessor doWith
WARNING: Autowired annotation is not supported on static fields: static com.niit.model.BlogComment com.niit.junittestcases.BlogCommentDAOTestCase.blogComment
Nov 26, 2017 5:40:02 PM org.springframework.beans.factory.annotation.AutowiredAnnotationBeanPostProcessor doWith
WARNING: Autowired annotation is not supported on static fields: static com.niit.dao.BlogCommentDAO com.niit.junittestcases.BlogCommentDAOTestCase.blogCommentDAO
Nov 26, 2017 5:40:02 PM org.springframework.jdbc.datasource.DriverManagerDataSource setDriverClassName
INFO: Loaded JDBC driver: org.h2.Driver
Nov 26, 2017 5:40:03 PM org.springframework.context.annotation.AnnotationConfigApplicationContext refresh
WARNING: Exception encountered during context initialization - cancelling refresh attempt: org.springframework.beans.factory.UnsatisfiedDependencyException: Error creating bean with name &apos;blogCommentController&apos;: Unsatisfied dependency expressed through field &apos;session&apos;; nested exception is org.springframework.beans.factory.NoSuchBeanDefinitionException: No qualifying bean of type &apos;javax.servlet.http.HttpSession&apos; available: expected at least 1 bean which qualifies as autowire candidate. Dependency annotations: {@org.springframework.beans.factory.annotation.Autowired(required=true)}
</system-err>
  </testcase>
</testsuite>